ddG: description total fa_atr fa_rep fa_sol fa_intra_rep fa_elec pro_close hbond_sr_bb hbond_lr_bb hbond_bb_sc hbond_sc dslf_fa13 rama omega fa_dun p_aa_pp yhh_planarity ref 
ddG: P110A     1.599     0.912    -0.254    -0.219     0.007     0.028    -0.179     0.004     0.040     0.569    -0.956     0.114    -0.039    -0.492     0.200     0.860     0.027     0.979 

ddG: P110C     1.677     0.530     0.080    -0.155     0.008     0.215    -0.187    -0.299    -0.005     0.860    -1.394    -0.017     0.222    -0.668     0.692     1.095     0.009     0.692 

ddG: P110D     1.488    -0.042    -0.350     1.803     0.006    -0.370    -0.200     0.407     0.057     0.140    -0.882     0.021     0.071    -0.869     1.890     1.068     0.023    -1.286 

ddG: P110E     1.470     0.265     0.125     0.884     0.005    -0.704    -0.200     0.300     0.042    -0.018    -1.509     0.071     0.293    -0.613     3.021     1.100     0.017    -1.608 

ddG: P110F     1.478    -3.823    -1.287     0.590     0.058     1.685    -0.182     0.317    -0.177    -0.424     1.550     0.010     0.110    -0.588     1.913     0.926     0.017     0.783 

ddG: P110G     1.577     1.869    -0.537    -1.295     0.018     0.313    -0.197    -0.714     0.055     1.049    -1.303    -0.008     0.603    -1.006     1.703     0.616    -0.023     0.434 

ddG: P110H     2.176    -4.305    -0.664     2.084     0.044     1.506    -0.180    -0.488    -0.047     0.263     0.278     0.006     0.088    -0.762     2.661     0.990     0.009     0.695 

ddG: P110H     2.604    -4.019    -0.766     1.892     0.037     1.507    -0.184     0.059    -0.147     0.223     0.152     0.090     0.241    -0.967     2.594     1.183     0.016     0.695 

ddG: P110I     3.280    -2.827    -0.535     0.831     0.057     0.502    -0.204    -0.152    -0.293     1.050    -1.483     0.069     0.654    -1.339     4.236     1.446     0.002     1.266 

ddG: P110K     0.840     0.278    -0.462     0.545     0.014    -0.290    -0.201     0.435     0.097     0.102    -0.951     0.104     0.092    -0.871     1.067     0.970    -0.006    -0.082 

ddG: P110L     1.803     0.104    -0.083     0.041     0.017     0.525    -0.190    -0.114    -0.034     0.568     0.007    -0.019     0.075    -0.199    -0.626     0.736     0.006     0.990 

ddG: P110M     1.775    -0.464    -0.065     0.492     0.015     0.267    -0.188    -0.170    -0.007     0.710    -0.879     0.019     0.043    -0.670     1.236     0.953     0.027     0.455 

ddG: P110N     1.289     0.107    -0.383     0.168     0.012    -0.581    -0.220     0.351    -0.093     0.629    -1.369    -0.004     0.785    -1.292     3.233     0.821    -0.003    -0.871 

ddG: P110P     0.118    -0.251    -0.226     0.365     0.005     0.311     0.001     0.076     0.029    -0.011     0.522     0.028    -0.146    -0.179    -0.420    -0.025     0.040     0.000 

ddG: P110Q     1.667    -0.768     0.041     0.857     0.019     0.239    -0.187    -0.113    -0.021     0.732    -0.879     0.019     0.196    -0.513     2.143     1.026     0.031    -1.155 

ddG: P110R     2.439    -0.287     0.014     0.592     0.016     0.362    -0.187    -0.172    -0.012     0.731    -0.876     0.024     0.049    -0.655     1.666     1.058     0.032     0.084 

ddG: P110S     0.152     0.134    -0.048     0.802     0.016    -0.499    -0.186    -0.878     0.145     0.744    -1.256    -0.021    -0.058    -0.549     0.778     0.554    -0.002     0.477 

ddG: P110T     1.369     0.726    -0.417     0.784     0.010    -0.143    -0.178    -0.016     0.031     0.706    -0.832     0.019     0.028    -0.746     0.114     0.781     0.039     0.462 

ddG: P110V     2.097    -0.981    -0.140     0.806     0.023     0.241    -0.185    -0.160    -0.002     0.714    -0.879     0.015     0.359    -0.664     0.418     1.345     0.026     1.162 

ddG: P110W     2.529    -4.240    -0.480     0.732     0.049     1.853    -0.187     0.036    -0.179     0.238     0.145     0.097    -0.025    -1.013     3.066     1.039     0.014     1.384 

ddG: P110Y     0.442    -5.023    -0.798     2.430     0.056     0.505    -0.197     0.552    -0.083    -0.689     0.090     0.093     0.222    -1.225     2.956     1.109     0.022     0.423 

