ddG: description total fa_atr fa_rep fa_sol fa_intra_rep fa_elec pro_close hbond_sr_bb hbond_lr_bb hbond_bb_sc hbond_sc dslf_fa13 rama omega fa_dun p_aa_pp yhh_planarity ref 
ddG: A123A     0.703     4.061    -0.143    -4.949     0.003     2.227    -0.010    -0.169    -0.045    -0.037     1.563     0.000     0.203     0.201    -2.210     0.009     0.000     0.000 

ddG: A123C     0.789     1.623     0.469    -1.379     0.002     0.671     0.001     0.042    -0.005     0.068     0.021     0.000     0.139     0.207    -1.139     0.357     0.000    -0.287 

ddG: A123D     4.619     0.658     0.615     1.427     0.006     2.121    -0.007     0.030    -0.044     0.013     1.619     0.000     0.191     0.500    -0.383     0.137     0.000    -2.265 

ddG: A123E     2.410     1.925     0.641    -1.032     0.019     1.992    -0.004     0.144     0.070     0.032     1.335     0.000    -0.089     0.138    -0.183     0.009    -0.001    -2.586 

ddG: A123F    -0.711    -8.011     0.780     1.736     0.034     0.064    -0.002     0.057    -0.037     0.062     0.094     0.000     0.119     0.105     4.146     0.337     0.000    -0.196 

ddG: A123G     2.682     9.608    -0.343    -7.861     0.004     2.675    -0.003    -0.283    -0.028    -0.073     1.688     0.000     0.627     0.240    -3.525     0.503     0.000    -0.545 

ddG: A123H     0.402    -3.336     0.563    -0.315     0.010     2.183    -0.006    -1.046     0.139     0.037     1.262     0.000     0.046     0.268     0.894    -0.012     0.000    -0.284 

ddG: A123H     0.786    -4.710     1.527     0.720     0.017     0.892     0.000     0.295    -0.017     0.111     0.293     0.000     0.097     0.225     1.323     0.296     0.000    -0.284 

ddG: A123I     0.212    -4.212     1.275     1.054     0.029    -0.173     0.000     0.069     0.085     0.024     0.225     0.000     0.046     0.183     1.063     0.256    -0.001     0.288 

ddG: A123K     1.447     0.843     0.566    -1.131     0.010     0.977     0.001     0.247    -0.020     0.078     0.031     0.000     0.030     0.304     0.470     0.103     0.000    -1.061 

ddG: A123L     2.706    -3.741     1.971     0.681     0.016     0.449    -0.002     0.524    -0.072     0.123     0.101     0.000     0.090     0.920     1.668    -0.033     0.000     0.011 

ddG: A123M     0.075     0.273     0.419    -3.591     0.007     2.387    -0.008    -0.044    -0.079     0.019     1.567     0.000     0.254     0.347    -0.984     0.032     0.000    -0.523 

ddG: A123N     2.879     0.364     0.675    -1.302     0.006     2.238    -0.010     0.046    -0.048     0.017     1.621     0.000     0.355     0.509     0.002     0.256     0.000    -1.849 

ddG: A123P    13.125     3.729     5.381    -7.147     0.004     3.236     0.400     2.087     0.004    -0.089     1.251     0.000     1.501     3.351     0.087     0.309     0.000    -0.979 

ddG: A123Q    -0.462     3.129     0.367    -5.417     0.014     2.558    -0.003    -0.189     0.018    -0.003     1.734     0.000     0.265     0.300    -1.113     0.013    -0.001    -2.134 

ddG: A123R     2.201    -2.698     0.541     2.988     0.016     0.192     0.000    -0.050     0.075     0.013     0.127     0.000     0.009     0.066     1.739     0.076    -0.001    -0.894 

ddG: A123S     2.387     5.656     0.185    -4.364     0.010     2.234    -0.009     0.101     0.026     0.057     1.190     0.000     0.096     0.124    -2.747     0.330     0.000    -0.502 

ddG: A123T     0.831     5.871     0.488    -6.342     0.016     2.188     0.002    -0.177     0.058    -0.025     1.747     0.000     0.372     0.335    -3.464     0.277    -0.001    -0.516 

ddG: A123V    -0.357    -3.249     1.381     0.685     0.019    -0.198     0.000     0.030     0.089     0.035     0.228     0.000     0.041     0.170    -0.021     0.250    -0.001     0.183 

ddG: A123W    -1.003    -3.444     1.009    -4.195     0.029     2.877    -0.006    -0.192    -0.058     0.040     1.547     0.000     0.284     0.383     0.113     0.205     0.000     0.405 

ddG: A123Y    -0.069    -2.242     0.892    -3.995     0.044     2.520    -0.009     0.134    -0.036     0.080     1.235     0.000     0.097     0.217     1.212     0.334     0.003    -0.556 

