ddG: description total fa_atr fa_rep fa_sol fa_intra_rep fa_elec pro_close hbond_sr_bb hbond_lr_bb hbond_bb_sc hbond_sc dslf_fa13 rama omega fa_dun p_aa_pp yhh_planarity ref 
ddG: I120A     7.136    12.407    -0.660    -5.873    -0.013     2.217    -0.008    -0.064    -0.038    -0.076     1.555     0.000     0.037     0.245    -2.271    -0.034     0.000    -0.288 

ddG: I120C     7.025     6.136    -0.431     1.262    -0.016     0.084    -0.001     0.131     0.005    -0.040     0.003     0.000    -0.020     0.032     0.129     0.325     0.000    -0.574 

ddG: I120D    11.441     2.399    -0.333     9.889    -0.014     0.293    -0.009     0.073     0.039    -0.091     0.041     0.000    -0.067    -0.110     1.693     0.191     0.000    -2.553 

ddG: I120E     9.271     5.764     0.104     3.267    -0.007     2.154    -0.006    -0.066    -0.039    -0.043     1.518     0.000     0.008     0.337    -0.804    -0.042     0.000    -2.874 

ddG: I120F     3.670     0.173     4.426    -6.116     0.020     2.721     0.001     0.117     0.113    -0.210     1.405     0.000     0.357     0.059     1.050     0.039     0.000    -0.483 

ddG: I120G     9.626    18.650    -0.710    -9.189    -0.013     2.911    -0.008    -0.235    -0.025    -0.035     1.535     0.000     0.475     0.318    -3.633     0.418     0.000    -0.833 

ddG: I120H     5.705    -4.837     1.392     6.227    -0.014    -0.263    -0.012     0.104     0.036    -0.061     0.055     0.000    -0.070    -0.038     3.521     0.237     0.000    -0.571 

ddG: I120H     5.010    -2.011     1.438     3.393    -0.014     0.252    -0.011     0.057     0.037    -0.046     0.076     0.000    -0.009     0.013     2.183     0.222     0.000    -0.571 

ddG: I120I     0.290     6.938    -0.014    -7.813     0.005     2.851    -0.006    -0.236    -0.029    -0.028     1.556     0.000     0.289     0.276    -3.482    -0.017     0.000     0.000 

ddG: I120K    15.137    -0.972     1.754     9.377     0.076    -0.120    -0.007     0.120    -0.061     0.020    -0.009     0.000    -0.220     0.285     6.104     0.138     0.000    -1.348 

ddG: I120L     1.183     3.553     0.843    -3.008    -0.010     0.600    -0.007     0.047     0.051    -0.069     0.059     0.000    -0.042    -0.055    -0.449    -0.053     0.000    -0.276 

ddG: I120M     2.084     3.423     0.640    -2.014    -0.010     0.500    -0.005    -0.079     0.064    -0.016    -0.034     0.000     0.048     0.031     0.365    -0.019     0.000    -0.811 

ddG: I120N     6.010     8.991    -0.316    -2.308    -0.009     3.273    -0.011    -1.374     0.179    -0.127     1.632     0.000     0.307     0.269    -2.358     0.001     0.000    -2.137 

ddG: I120P    22.207     5.291     5.944    -1.002     0.040    -0.169     0.821     2.876     0.016     0.035    -0.213     0.000     1.009     2.061     6.315     0.450     0.000    -1.266 

ddG: I120Q     4.494     2.648     0.020     1.817    -0.002     2.205    -0.013    -1.042     0.203    -0.027     1.164     0.000    -0.280     0.081     0.458    -0.317     0.000    -2.421 

ddG: I120R    19.603    -3.232     3.577    13.225     0.011     0.903     0.013     0.114     0.132    -0.059     0.313     0.000    -0.668     0.104     6.076     0.278    -0.001    -1.182 

ddG: I120S     9.026    14.419    -0.554    -5.975    -0.011     2.908    -0.005    -0.108    -0.015    -0.040     1.545     0.000     0.193     0.322    -3.137     0.275     0.000    -0.789 

ddG: I120T     5.839     5.187    -0.388     2.071    -0.008    -0.416     0.002     0.092     0.007    -0.037    -0.036     0.000    -0.034     0.074    -0.095     0.225     0.000    -0.804 

ddG: I120V     1.640     3.345     0.103    -0.473     0.000     0.132    -0.001    -1.250     0.172    -0.042     0.087     0.000     0.009     0.078    -0.149    -0.264     0.000    -0.105 

ddG: I120W    10.202    -3.393     6.144    -0.816     0.030     3.090    -0.010     0.291     0.311    -0.510     1.561     0.000     0.232     1.300     1.700     0.157    -0.001     0.118 

ddG: I120Y     8.472     1.138     5.688    -3.637     0.016     2.739     0.003     0.050     0.227    -0.280     1.795     0.000     0.441     0.410     0.149     0.247     0.331    -0.844 

