ddG: description total fa_atr fa_rep fa_sol fa_intra_rep fa_elec pro_close hbond_sr_bb hbond_lr_bb hbond_bb_sc hbond_sc dslf_fa13 rama omega fa_dun p_aa_pp yhh_planarity ref 
ddG: Q40A     1.864     5.536    -0.527    -5.235    -0.007     1.624     0.001     0.005    -0.100     0.448     0.788     0.000     0.036     0.036    -2.729    -0.136    -0.009     2.134 

ddG: Q40C     2.941     4.308    -0.425    -3.581    -0.005     1.799     0.001     0.020    -0.052     0.472     0.793     0.000     0.019    -0.028    -2.371     0.154    -0.010     1.847 

ddG: Q40D     6.103     1.077     0.022     2.533     0.001     1.728     0.001     0.003    -0.055    -0.079     0.783     0.000     0.305    -0.084    -0.593     0.593    -0.002    -0.131 

ddG: Q40E     3.665    -0.003     0.107     1.542     0.001     1.872     0.005    -0.533     0.014    -0.959     0.754     0.000     0.155     0.171     0.828     0.156     0.008    -0.453 

ddG: Q40F     2.056    -2.472     0.731    -1.860     0.024     1.352     0.000    -0.073     0.232     0.549     0.771     0.000     0.155     0.230     0.203     0.283    -0.006     1.938 

ddG: Q40G     4.424     7.564    -0.343    -5.719    -0.009     3.250     0.003    -0.459    -0.110    -1.179     1.609     0.000     0.360    -0.033    -2.766     0.678    -0.012     1.589 

ddG: Q40H     3.872    -0.864     0.491    -1.222     0.004     0.982     0.006     0.050     0.108     0.502     0.763     0.000     0.106     0.251     1.007    -0.164     0.002     1.850 

ddG: Q40H     3.783    -1.553     0.524    -0.589    -0.001     1.252     0.000    -0.001     0.153     0.498     0.763     0.000     0.026     0.156     0.769    -0.057    -0.008     1.850 

ddG: Q40I     3.277     3.069     1.105    -5.005     0.013     1.508     0.003     0.068    -0.175     0.485     0.783     0.000     0.248     0.042    -1.607     0.336    -0.017     2.421 

ddG: Q40K     3.185     0.749     0.315    -0.102    -0.005     2.164     0.000    -0.574    -0.021    -0.959     1.572     0.000     0.048    -0.053    -1.429     0.411    -0.004     1.073 

ddG: Q40L     1.972     1.546     0.723    -4.177     0.007     1.272     0.003     0.049     0.035     0.445     0.756     0.000     0.232     0.078    -1.467     0.330    -0.006     2.145 

ddG: Q40M     2.478     0.748     0.168    -1.993    -0.012     3.181     0.000    -0.579     0.004    -0.931     1.579     0.000    -0.106    -0.050    -1.322     0.189    -0.006     1.610 

ddG: Q40N     5.016    -1.193     0.949     2.151    -0.001     2.679     0.004    -0.468    -0.122    -1.869     1.614     0.000     0.156    -0.027     0.181     0.694    -0.017     0.284 

ddG: Q40P    23.126     4.189     3.504    -5.613     0.140     4.373     1.363     0.162     3.999     0.429     1.208     0.000     1.716     2.345     4.133     0.101    -0.079     1.155 

ddG: Q40Q    -0.028    -0.070    -0.001     0.078    -0.001    -0.016     0.001    -0.025     0.013     0.002     0.003     0.000     0.000     0.025    -0.025    -0.013     0.002     0.000 

ddG: Q40R     2.379    -0.050     0.244     0.806     0.005    -0.727     0.004     0.081    -0.077    -0.111     0.791     0.000    -0.036     0.005     0.286    -0.082     0.001     1.240 

ddG: Q40S     2.204     6.005    -0.394    -4.519    -0.003     0.946     0.005     0.103    -0.244    -0.126     0.785     0.000    -0.049     0.025    -1.747    -0.193    -0.021     1.632 

ddG: Q40T     3.646     3.763    -0.451    -2.491     0.007     1.460     0.001     0.013    -0.280    -0.133     1.455     0.000     0.179     0.217    -1.537    -0.111    -0.063     1.617 

ddG: Q40V     3.956     2.209     0.524    -3.774     0.012     1.850     0.001    -0.031    -0.127     0.556     1.460     0.000     0.305     0.156    -1.542     0.106    -0.065     2.317 

ddG: Q40W     2.693    -3.518     0.976    -1.126     0.019     1.387     0.003     0.077     0.260     0.510     0.809     0.000     0.141     0.160     0.341     0.115    -0.001     2.539 

ddG: Q40Y     1.450    -2.929     1.186    -1.797     0.025     1.399     0.004     0.035     0.202     0.424     0.830     0.000     0.111     0.240    -0.015     0.173    -0.018     1.578 

