ddG: description total fa_atr fa_rep fa_sol fa_intra_rep fa_elec pro_close hbond_sr_bb hbond_lr_bb hbond_bb_sc hbond_sc dslf_fa13 rama omega fa_dun p_aa_pp yhh_planarity ref 
ddG: L131A     4.903     7.407     0.394    -1.055    -0.033    -1.763     0.000     0.469     0.055     0.816    -3.208     0.000    -0.379     0.384     1.827     0.018    -0.019    -0.011 

ddG: L131C     5.334     5.039    -0.363     0.290    -0.007     0.493     0.005     0.019     0.039    -0.015    -0.042     0.000     0.005     0.027    -0.197     0.339     0.001    -0.298 

ddG: L131D     9.482     3.060    -0.417     6.679    -0.004    -0.131     0.004     0.004     0.052    -0.008    -0.046     0.000    -0.030    -0.012     2.448     0.173    -0.013    -2.276 

ddG: L131E     8.757    -1.778     0.230     9.429     0.001     0.862    -0.003    -0.184     0.194     0.072     0.028     0.000    -0.166     0.413     2.483    -0.223    -0.003    -2.598 

ddG: L131F     1.601    -2.798     0.905     2.800    -0.008    -1.764    -0.002     0.385     0.130     0.660    -3.134     0.000    -0.433     0.600     4.485    -0.013    -0.007    -0.207 

ddG: L131G     7.735     8.534    -0.322    -1.283    -0.004     0.638    -0.001    -0.013     0.141     0.010    -0.325     0.000     0.357     0.181    -0.176     0.556    -0.002    -0.556 

ddG: L131H     3.595    -4.043     1.647     4.557    -0.025    -0.773    -0.005     0.250     0.086     0.766    -3.245     0.000    -0.316     0.821     4.045     0.131    -0.008    -0.295 

ddG: L131H     2.774    -3.368     0.674     3.431    -0.004    -0.119    -0.003    -0.028    -0.092     0.027     0.007     0.000     0.129     0.148     1.973     0.305    -0.013    -0.295 

ddG: L131I     3.326     1.314     1.386    -1.287     0.029     0.311    -0.006     0.156     0.077    -0.054     0.010     0.000     0.020    -0.050     1.132     0.010     0.002     0.276 

ddG: L131K     7.332    -0.698    -1.028     6.613     0.033    -0.936     0.005     0.150     0.242     1.206    -1.298     0.000    -0.290     0.734     3.764    -0.085    -0.008    -1.072 

ddG: L131L    -0.415     0.586    -0.060    -1.217     0.003     0.021     0.002     0.015     0.015    -0.009    -0.025     0.000    -0.002    -0.014     0.294    -0.009    -0.014     0.000 

ddG: L131M     3.641     0.681    -0.087     0.164    -0.005     0.876    -0.006     0.558     0.022     1.036    -0.463     0.000    -0.220     0.255     1.396    -0.027    -0.003    -0.535 

ddG: L131N     6.545     3.111    -1.432     2.799    -0.012     0.194     0.004     0.389    -0.011     1.158    -0.444     0.000     0.016     0.320     2.068     0.261    -0.017    -1.861 

ddG: L131P    13.244     6.434     3.597    -3.722    -0.011     2.412     0.118     0.420     2.777     0.101    -0.390     0.000     0.484     1.140     0.715     0.177    -0.017    -0.990 

ddG: L131Q     4.055     0.249     0.416     4.645    -0.027    -1.588     0.000     0.614     0.122     0.848    -3.156     0.000    -0.373     0.247     4.118     0.105    -0.019    -2.145 

ddG: L131R     5.542    -5.097    -0.306    11.280     0.011     0.066     0.003    -0.069     0.241     1.150    -1.723     0.000    -0.117     0.468     0.794    -0.246    -0.007    -0.905 

ddG: L131S     6.435     5.776     1.398     0.620    -0.018    -1.767    -0.010     0.055     0.185    -0.361    -3.023     0.000     0.006     0.318     3.219     0.554    -0.004    -0.513 

ddG: L131T     4.803     4.390    -0.486     2.033    -0.002    -0.395     0.000    -0.019     0.018     0.118     0.054     0.000     0.079     0.034    -0.725     0.247    -0.013    -0.527 

ddG: L131V     1.759     2.707    -0.242    -1.011     0.013     0.238    -0.002     0.013     0.002    -0.017    -0.046     0.000     0.048     0.108    -0.332     0.107     0.001     0.172 

ddG: L131W     1.004    -7.863     0.155     4.424     0.018     0.418     0.008     0.216    -0.073     1.073    -0.472     0.000    -0.184     0.373     2.548    -0.016    -0.016     0.394 

ddG: L131Y     4.189    -3.927    -0.141     3.593     0.018     1.686     0.005     0.046     0.123     1.081    -0.528     0.000    -0.184     0.756     2.048    -0.166     0.347    -0.567 

