ddG: description total fa_atr fa_rep fa_sol fa_intra_rep fa_elec pro_close hbond_sr_bb hbond_lr_bb hbond_bb_sc hbond_sc dslf_fa13 rama omega fa_dun p_aa_pp yhh_planarity ref 
ddG: I8A     5.266     7.709    -1.069    -1.802    -0.028     0.262    -0.006    -0.285    -0.355    -0.125     0.432     0.000     0.512     0.411    -0.504     0.404    -0.002    -0.288 

ddG: I8C     5.213     2.898    -1.174     3.064    -0.029    -0.185    -0.005    -0.215    -0.347    -0.137     0.400     0.000     0.186     0.316     0.893     0.125    -0.002    -0.574 

ddG: I8D    10.706    -1.905    -1.096    13.075    -0.021    -0.849    -0.003     0.052    -0.331    -0.028     0.035     0.000     0.303     0.207     3.123     0.700    -0.004    -2.553 

ddG: I8E     7.493     0.099    -1.067     8.650    -0.025    -0.261     0.008    -0.183     0.169     0.024     0.459     0.000    -0.095     0.094     1.943     0.556    -0.003    -2.874 

ddG: I8F    -0.396   -14.263     1.613     7.875     0.011    -2.202     0.018     0.038     0.240    -0.072    -1.103     0.000    -0.479     1.025     7.300     0.094    -0.006    -0.483 

ddG: I8G     7.816     3.587    -1.083     5.839    -0.033    -2.632     0.005    -0.043    -0.327    -0.060    -1.196     0.000     0.634     0.074     2.999     0.887    -0.002    -0.833 

ddG: I8H     2.736    -5.610    -0.396     4.871    -0.025     0.773    -0.003    -0.176    -0.070    -0.095     0.454     0.000    -0.034     0.635     2.476     0.513    -0.005    -0.571 

ddG: I8H     3.080    -8.494    -0.491     7.727    -0.026     0.075    -0.004    -0.110    -0.070    -0.122     0.421     0.000    -0.109     0.571     3.747     0.541    -0.005    -0.571 

ddG: I8I    -0.677    -6.147    -0.170     6.393    -0.010    -2.511     0.009    -0.029    -0.034    -0.052    -1.190     0.000    -0.068    -0.097     3.202     0.026     0.000     0.000 

ddG: I8K    10.604    -0.092    -0.511     8.705    -0.015     0.824     0.089    -0.432     0.205     0.155     0.392     0.000     0.006     0.563     1.155     0.914    -0.004    -1.348 

ddG: I8L    -0.332     0.428    -0.280    -1.093    -0.019     0.525     0.009    -0.252    -0.209    -0.059     0.445     0.000     0.283     0.420    -0.320     0.064     0.001    -0.276 

ddG: I8M     2.672    -2.163    -0.534     2.859    -0.025    -0.308     0.013    -0.227     0.344     0.010     0.479     0.000    -0.227     0.325     2.500     0.439    -0.002    -0.811 

ddG: I8N     5.074    -5.564    -0.939    12.378    -0.029    -2.581     0.000    -0.048    -0.316    -0.073    -1.174     0.000     0.160     0.226     4.620     0.556    -0.004    -2.137 

ddG: I8P    15.610    -1.157     5.971     5.275    -0.028    -1.392     0.451    -0.224     2.412     0.177    -1.424     0.000     0.535     1.822     4.550    -0.095     0.003    -1.266 

ddG: I8Q     3.914    -7.313    -1.027    12.373    -0.030    -2.444     0.018     0.047     0.200     0.045    -1.103     0.000    -0.382    -0.165     5.558     0.561    -0.002    -2.421 

ddG: I8R    13.691    -9.389     1.671    17.779     0.002    -0.337     0.066    -0.131     0.246    -0.045     0.022     0.000    -0.247    -0.103     4.601     0.740    -0.001    -1.182 

ddG: I8S     6.576     4.156    -1.179     3.534    -0.028    -1.086    -0.004    -0.221    -0.281    -0.146     0.400     0.000     0.298     0.150     1.252     0.523    -0.001    -0.789 

ddG: I8T     4.296    -2.090    -0.762     8.762    -0.022    -2.599     0.002    -0.029    -0.263    -0.102    -1.174     0.000     0.056    -0.050     3.120     0.254    -0.002    -0.804 

ddG: I8V    -0.223    -1.343    -0.526     3.652    -0.015    -1.963     0.000    -0.106    -0.303    -0.065    -1.181     0.000    -0.067     0.039     1.874    -0.111    -0.001    -0.105 

ddG: I8W     1.689   -13.156     4.224     4.570     0.017    -0.105     0.335    -0.449     0.116    -0.008     0.417     0.000     0.521     0.942     3.890     0.262    -0.004     0.118 

ddG: I8Y     5.828   -14.812     2.853    11.300     0.013    -1.961     0.033    -0.122     0.288    -0.105    -1.108     0.000    -0.360     1.668     8.533     0.235     0.217    -0.844 

