ddG: description total fa_atr fa_rep fa_sol fa_intra_rep fa_elec pro_close hbond_sr_bb hbond_lr_bb hbond_bb_sc hbond_sc dslf_fa13 rama omega fa_dun p_aa_pp yhh_planarity ref 
ddG: R29A    -0.311     5.108    -3.107    -5.821    -0.007     2.339     0.005    -0.051     0.072     0.247     2.529     0.000    -0.114    -0.120    -2.115    -0.185     0.017     0.894 

ddG: R29C    -0.063     3.790    -1.765    -4.834     0.007     2.168     0.005    -0.072    -0.049     0.424     2.669     0.000     0.423    -0.124    -3.511     0.196     0.003     0.607 

ddG: R29D     4.557     0.444    -2.372     3.000     0.002     2.138     0.013     0.403    -0.130     1.638     2.247     0.000     0.299     0.142    -2.147     0.240     0.012    -1.371 

ddG: R29E     0.407     1.110    -1.801    -1.027     0.010     2.272     0.006    -0.051    -0.053     0.608     2.729     0.000     0.214    -0.122    -1.732    -0.080     0.017    -1.692 

ddG: R29F    -0.900    -0.185    -0.697    -5.836     0.044     3.580     0.006    -0.351     0.208     0.555     2.703     0.000     0.500     0.184    -2.171    -0.150     0.012     0.698 

ddG: R29G     2.755     8.222    -1.561    -6.614     0.005     3.825    -0.003    -0.308    -0.141     0.730     2.439     0.000     0.276     0.325    -4.737    -0.058     0.009     0.349 

ddG: R29H    -0.459     0.790    -1.834    -4.384     0.032     2.031     0.010    -0.092    -0.030     0.401     2.010     0.000     0.304    -0.385    -0.002     0.079     0.002     0.610 

ddG: R29H     1.306     1.371    -2.420    -4.188     0.022     3.062     0.015     0.282    -0.102     1.541     2.218     0.000     0.171     0.050    -1.307    -0.032     0.012     0.610 

ddG: R29I     1.108     0.120    -0.067    -4.725     0.015     4.209    -0.002    -0.231     0.194     0.362     2.706     0.000     0.090     0.410    -3.099    -0.068     0.011     1.182 

ddG: R29K    -0.071     0.977    -1.480    -3.438     0.014     3.190     0.006    -0.315     0.151     0.427     2.715     0.000     0.085     0.214    -2.263    -0.201     0.013    -0.167 

ddG: R29L    -0.045     1.229    -1.991    -4.410     0.010     2.430     0.004    -0.169     0.081     0.413     2.444     0.000     0.078     0.024    -1.111     0.000     0.017     0.905 

ddG: R29M    -0.156     1.624    -3.136    -3.917     0.007     2.740     0.007    -0.098     0.050     0.228     2.527     0.000     0.079    -0.062    -0.567    -0.026     0.017     0.371 

ddG: R29N     2.314     0.963    -2.649    -1.078     0.006     3.093     0.012     0.383    -0.124     1.501     2.232     0.000     0.240     0.181    -1.741     0.238     0.011    -0.955 

ddG: R29P     6.443     3.534     1.402    -8.796     0.015     4.702     0.065     1.172     0.157     0.808     2.863     0.000     1.213     2.265    -2.584    -0.300     0.013    -0.084 

ddG: R29Q    -1.318    -0.207    -1.481    -1.810     0.018     2.778     0.000    -0.292     0.141     0.431     1.799     0.000     0.203     0.325    -1.762    -0.233     0.013    -1.240 

ddG: R29R     1.278    -0.130    -1.719     0.453     0.015     2.450     0.005    -0.054    -0.063     0.424     2.705     0.000     0.166    -0.091    -2.791    -0.106     0.015     0.000 

ddG: R29S     0.141     4.859    -1.799    -4.494     0.004     1.726     0.008    -0.069    -0.051     0.395     2.695     0.000     0.300    -0.162    -3.836     0.173     0.001     0.392 

ddG: R29T     2.203     4.088    -2.715    -2.959    -0.009     2.606     0.011     0.454    -0.115     1.596     2.314     0.000    -0.163     0.238    -3.785     0.266    -0.002     0.378 

ddG: R29V     2.816     1.593     0.226    -5.120     0.011     4.131    -0.002    -0.282     0.231     0.377     2.697     0.000     0.243     0.526    -2.843    -0.060     0.010     1.077 

ddG: R29W    -1.166    -2.329    -1.002    -3.993     0.042     3.385     0.005    -0.175     0.205     0.497     2.702     0.000     0.219     0.169    -2.080    -0.122     0.012     1.299 

ddG: R29Y     0.222     0.675    -2.354    -4.621     0.028     2.535     0.004    -0.217     0.090     0.349     2.491     0.000     0.189    -0.077     0.846    -0.124     0.069     0.338 

