ddG: description total fa_atr fa_rep fa_sol fa_intra_rep fa_elec pro_close hbond_sr_bb hbond_lr_bb hbond_bb_sc hbond_sc dslf_fa13 rama omega fa_dun p_aa_pp yhh_planarity ref 
ddG: K109A     1.343     3.038    -1.021    -2.214    -0.005     0.608     0.000     0.349    -0.076     1.081    -0.441     0.000    -0.144     0.360    -1.064    -0.183    -0.005     1.061 

ddG: K109C     1.852     2.438    -1.014    -1.309    -0.005     0.444     0.003     0.391    -0.076     1.086    -0.448     0.000    -0.047     0.349    -0.898     0.183    -0.020     0.774 

ddG: K109D     1.946     1.050    -1.405     1.360    -0.003     0.030    -0.007    -0.864     0.073    -0.216    -0.218     0.000     0.076     0.059     3.218    -0.003     0.001    -1.204 

ddG: K109E     2.393     0.936     0.382     0.699     0.009     1.683    -0.013    -1.070    -0.108     0.064    -0.405     0.000     0.051     0.451     1.857    -0.608    -0.007    -1.526 

ddG: K109F     1.400    -1.484     0.471    -1.585     0.045     1.431    -0.013    -0.228    -0.097     0.062    -0.363     0.000    -0.066     0.496     2.114    -0.234    -0.013     0.865 

ddG: K109G     3.527     5.238    -1.183    -2.893    -0.012     0.956    -0.002     0.495    -0.089     1.193    -0.373     0.000     0.148     0.335    -1.092     0.291     0.000     0.516 

ddG: K109H     1.310    -4.008    -0.001     3.581    -0.003    -1.237    -0.004    -0.002    -0.022    -0.167    -0.773     0.000    -0.158     0.157     2.997     0.195    -0.022     0.777 

ddG: K109H     0.210    -1.547     1.680     0.248    -0.014    -2.011    -0.012     0.078     0.036    -0.417    -2.681     0.000    -0.072     0.151     3.854     0.153    -0.010     0.777 

ddG: K109I    -2.113    -0.271    -0.072    -1.853     0.024     0.024    -0.006    -1.028    -0.027     0.129     0.077     0.000     0.469     0.094    -0.829    -0.191     0.001     1.348 

ddG: K109K     0.066    -0.535     1.780     0.102    -0.015    -1.523    -0.019     0.048     0.141    -0.236    -3.008     0.000    -0.115     0.356     2.879     0.214    -0.004     0.000 

ddG: K109L     0.187    -0.200    -1.348    -0.124    -0.002    -0.076    -0.006    -0.091     0.093    -0.217    -0.155     0.000    -0.156     0.141     1.349    -0.088    -0.004     1.072 

ddG: K109M     1.334     2.003    -1.028    -1.800    -0.001     0.660    -0.002     0.428    -0.081     1.153    -0.398     0.000    -0.071     0.371    -0.240    -0.178    -0.021     0.537 

ddG: K109N     0.490     0.502     0.749     0.880    -0.021    -2.062    -0.005     0.549    -0.032     0.691    -3.157     0.000    -0.149     0.485     2.777     0.097    -0.026    -0.789 

ddG: K109P    18.707     2.841     6.714    -3.315     0.013     0.703     2.264     2.557    -0.077     1.055    -0.420     0.000     0.396     1.420     3.917     0.575    -0.020     0.082 

ddG: K109Q     1.396    -1.017     0.856     1.158    -0.017    -0.887    -0.011     0.396     0.022     0.696    -3.586     0.000    -0.214     0.717     4.313     0.056    -0.012    -1.073 

ddG: K109R    -0.661    -3.560     1.991     3.112    -0.004    -2.783    -0.015    -0.012     0.166    -0.364    -3.718     0.000     0.023     0.565     3.679     0.063     0.029     0.167 

ddG: K109S     1.079     1.557     1.542     0.256    -0.020    -1.863    -0.014     0.266     0.018    -0.269    -2.751     0.000    -0.143     0.193     1.756    -0.015     0.006     0.559 

ddG: K109T     2.494     0.490    -1.295     1.806    -0.004    -0.334    -0.006     0.217     0.086    -0.218    -0.188     0.000    -0.132     0.197     1.375    -0.043     0.001     0.544 

ddG: K109V     0.158     1.148    -0.756    -1.537     0.020     0.348     0.002    -0.518    -0.082     1.099    -0.450     0.000     0.313     0.416    -0.947    -0.141    -0.001     1.244 

ddG: K109W    -1.523    -4.982     0.020     0.102     0.027    -0.009    -0.004    -0.091    -0.001     0.113     0.080     0.000     0.092     0.160     1.462     0.051    -0.007     1.466 

ddG: K109Y    -0.307    -2.174     0.058    -0.962     0.041    -0.109    -0.003    -0.054    -0.006    -0.009     0.027     0.000     0.144     0.030     2.046     0.180    -0.018     0.505 

