ddG: description total fa_atr fa_rep fa_sol fa_intra_rep fa_elec pro_close hbond_sr_bb hbond_lr_bb hbond_bb_sc hbond_sc dslf_fa13 rama omega fa_dun p_aa_pp yhh_planarity ref 
ddG: F14A     5.133    10.560    -0.425    -3.948    -0.025     1.802    -0.003    -0.514    -0.132    -1.294     0.731     0.000     0.260    -0.173    -2.400     0.490     0.008     0.196 

ddG: F14C     4.866     9.535    -0.441    -2.690    -0.025     2.015    -0.003    -0.523    -0.117    -1.309     0.721     0.000     0.005    -0.177    -2.215     0.170     0.011    -0.091 

ddG: F14D     6.677     5.604     0.041     4.426    -0.021    -0.315    -0.001    -0.541    -0.008    -1.422    -0.137     0.000     0.325    -0.105     0.196     0.719    -0.014    -2.069 

ddG: F14E     5.052     8.445    -0.501    -0.891    -0.022    -0.027     0.000     0.022    -0.036     0.004    -0.004     0.000     0.164    -0.090     0.183     0.204    -0.009    -2.391 

ddG: F14F     0.511     0.797    -0.388    -0.107     0.004     0.043     0.002    -0.039    -0.002     0.123    -0.053     0.000     0.091     0.073     0.051    -0.107     0.024     0.000 

ddG: F14G     6.772    11.022    -0.535    -2.884    -0.024     2.500    -0.001    -0.534    -0.151    -1.418     0.665     0.000     0.673    -0.292    -2.522     0.621     0.001    -0.349 

ddG: F14H     3.602     3.672    -0.237    -0.419    -0.022     0.362     0.000     0.031     0.046     0.002    -0.004     0.000     0.089    -0.044     0.006     0.206     0.000    -0.088 

ddG: F14H     3.382     3.943    -0.448    -0.643    -0.020     0.301     0.000    -0.002     0.041     0.122    -0.054     0.000     0.085    -0.018    -0.036     0.180     0.021    -0.088 

ddG: F14I     3.369     8.881    -0.825    -2.842    -0.009    -0.084    -0.001    -0.123    -0.020     0.137    -0.059     0.000     0.122     0.208    -2.171    -0.348     0.020     0.483 

ddG: F14K     5.337     7.186    -0.298     0.134    -0.028     1.846    -0.004    -0.612    -0.009    -1.427     0.761     0.000    -0.010    -0.180    -1.531     0.388    -0.012    -0.865 

ddG: F14L     4.068     6.762    -0.474    -2.532    -0.017     0.673    -0.003    -0.048    -0.025     0.005    -0.002     0.000     0.083    -0.040    -0.552     0.030     0.000     0.207 

ddG: F14M     5.052     7.007    -0.091    -1.739    -0.023     2.029    -0.001    -0.511    -0.020    -1.417     0.780     0.000     0.095    -0.181    -0.901     0.362    -0.010    -0.328 

ddG: F14N     5.886     7.043    -0.173     0.035    -0.023     1.372    -0.002    -0.553     0.021    -1.318     0.698     0.000     0.213    -0.181    -0.291     0.685     0.012    -1.654 

ddG: F14P    12.481     7.388     2.776    -2.917    -0.024     3.238     0.376    -0.684     2.975    -1.368     0.763     0.000     0.298     1.397    -0.838    -0.149     0.034    -0.783 

ddG: F14Q     4.617     8.980    -0.954    -1.797    -0.023     0.166    -0.001    -0.098     0.000     0.131    -0.057     0.000     0.141    -0.050     0.087     0.012     0.020    -1.938 

ddG: F14R     6.837     5.472    -0.301     2.725    -0.020     1.647    -0.004    -0.613    -0.015    -1.407     0.755     0.000     0.021    -0.153    -0.862     0.297    -0.005    -0.698 

ddG: F14S     5.932    11.023    -0.945    -2.795    -0.029     0.659    -0.003    -0.066    -0.028     0.126    -0.057     0.000     0.200    -0.152    -1.880     0.181     0.004    -0.306 

ddG: F14T     5.397    10.294    -0.525    -2.216    -0.021     0.355    -0.003    -0.049    -0.143     0.008    -0.015     0.000     0.130     0.062    -2.133    -0.018    -0.006    -0.321 

ddG: F14V     3.830    10.118    -0.621    -4.868    -0.010     0.592    -0.001    -0.008    -0.118     0.185     0.668     0.000    -0.073     0.129    -2.193    -0.308    -0.043     0.379 

ddG: F14W     2.901    -2.064     0.135     3.803     0.006     1.531    -0.002    -0.593     0.099    -1.312     0.687     0.000     0.028    -0.023    -0.234     0.221     0.016     0.601 

ddG: F14Y     2.966     1.270     0.026    -0.580     0.007     0.488    -0.001    -0.066    -0.172     0.133     0.469     0.000    -0.096     0.150     0.977     0.160     0.560    -0.360 

