ddG: description total fa_atr fa_rep fa_sol fa_intra_rep fa_elec pro_close hbond_sr_bb hbond_lr_bb hbond_bb_sc hbond_sc dslf_fa13 rama omega fa_dun p_aa_pp yhh_planarity ref 
ddG: R117A     6.743    14.606    -0.782   -15.840    -0.021     4.872    -0.001     0.860    -0.195     1.487     3.066     0.000     0.094    -0.143    -2.376     0.221     0.000     0.894 

ddG: R117C     8.261    12.604    -0.446   -13.515    -0.021     4.512     0.000     0.757    -0.207     1.469     3.089     0.000     0.441    -0.087    -1.570     0.628     0.000     0.607 

ddG: R117D    11.182     7.740    -0.325    -2.802    -0.020     2.778     0.007     0.939    -0.168     1.542     1.036     0.000     0.133    -0.215     1.439     0.466     0.000    -1.371 

ddG: R117E    11.031     6.707    -0.297    -4.816    -0.012     5.196     0.000     0.746    -0.187     1.485     3.103     0.000     0.221    -0.126     0.375     0.328     0.000    -1.692 

ddG: R117F    15.224     0.781     7.753    -8.243     0.035     2.092     0.005     0.318    -0.079     1.645     1.674     0.000     0.413     0.648     6.801     0.683     0.000     0.698 

ddG: R117G     8.292    13.653    -0.953   -11.410    -0.025     2.372     0.002     0.977    -0.166     1.590     1.484     0.000     0.275    -0.313    -0.286     0.743     0.000     0.349 

ddG: R117H     8.965     4.657     1.673    -8.389     0.010     3.388     0.007     1.182    -0.169     1.634     2.062     0.000     0.189    -0.008     1.647     0.471     0.000     0.610 

ddG: R117H     7.761     1.385     1.736    -4.814     0.001     1.158     0.016     1.216    -0.196     1.584     0.958     0.000     0.214     0.045     3.410     0.438     0.000     0.610 

ddG: R117I    16.483    10.354     5.742   -14.264    -0.001     4.173    -0.011     2.140    -0.212     1.590     2.714     0.000     0.294     1.387     0.744     0.652     0.000     1.182 

ddG: R117K     8.246     2.113     0.025    -1.035    -0.008     1.235     0.003     0.984    -0.177     1.557     1.516     0.000     0.020    -0.239     2.166     0.253     0.000    -0.167 

ddG: R117L     6.632    10.488     2.799   -16.771    -0.011     5.188    -0.001     0.620    -0.180     1.521     3.053     0.000     0.438     0.279    -1.980     0.282     0.000     0.905 

ddG: R117M     4.820     7.431    -0.063   -12.244    -0.013     4.604     0.003     0.765    -0.199     1.485     3.071     0.000     0.373    -0.121    -1.028     0.385     0.000     0.371 

ddG: R117N     8.816     7.071    -0.189    -7.365    -0.012     3.932     0.000     1.067    -0.151     1.549     2.733     0.000     0.236    -0.268     0.442     0.726     0.000    -0.955 

ddG: R117P    20.161    11.691     5.065   -17.307     0.575     5.636     0.439     3.985    -0.204     1.660     2.754     0.000     0.964     2.898     1.884     0.206     0.000    -0.084 

ddG: R117Q     8.604     9.648    -0.417   -12.193    -0.011     6.018     0.005     0.881    -0.208     0.865     4.213     0.000     0.299    -0.068     0.503     0.308     0.000    -1.240 

ddG: R117R     0.563     3.492    -0.041    -4.034    -0.004     0.725    -0.001     0.931    -0.211    -0.016     0.346     0.000     0.363     0.143    -1.445     0.314     0.000     0.000 

ddG: R117S     7.258    16.110    -0.543   -14.570    -0.015     4.454    -0.006     1.038    -0.141     1.578     1.447     0.000     0.037    -0.247    -2.861     0.584     0.000     0.392 

ddG: R117T     9.017    14.119    -0.485   -14.308    -0.009     5.636     0.000    -0.089    -0.002     1.575     3.952     0.000     0.160    -0.118    -1.937     0.144     0.000     0.378 

ddG: R117V     9.272    11.496     2.823   -15.255    -0.006     4.486    -0.013     1.001    -0.200     1.526     3.019     0.000     0.424     0.302    -1.762     0.354     0.000     1.077 

ddG: R117W    13.544     5.203     3.204   -11.049     0.029     4.692     0.011     0.899    -0.162     1.564     3.206     0.000     0.394     0.484     3.541     0.227     0.000     1.299 

ddG: R117Y    20.224     3.700     8.727    -9.652     0.045     4.448     0.002     0.087    -0.081     1.602     3.158     0.000     0.658     1.246     5.275     0.615     0.056     0.338 

