ddG: description total fa_atr fa_rep fa_sol fa_intra_rep fa_elec pro_close hbond_sr_bb hbond_lr_bb hbond_bb_sc hbond_sc dslf_fa13 rama omega fa_dun p_aa_pp yhh_planarity ref 
ddG: V109A     1.826     4.600    -1.726    -1.175    -0.011    -0.179     0.007     0.734    -0.088    -0.685    -0.108    -0.030     0.038    -0.958     1.046     0.548    -0.004    -0.183 

ddG: V109C     1.496     2.934    -1.690     0.640    -0.012     0.012     0.011     0.620    -0.122    -0.643    -0.033    -0.112    -0.211    -0.812     1.140     0.247    -0.003    -0.470 

ddG: V109D     5.656     0.177    -0.953     5.147    -0.005     0.386     0.013    -0.008    -0.147    -0.138    -0.631    -0.069     0.346    -0.369     3.646     0.717    -0.007    -2.448 

ddG: V109E     2.583    -0.346    -1.602     4.187    -0.002     0.413     0.013     0.190    -0.160    -0.657    -0.140    -0.100    -0.131    -0.488     3.816     0.350     0.008    -2.769 

ddG: V109F     0.255    -2.966     1.014     1.057     0.009    -0.608     0.003    -0.193     0.010     0.010    -0.513    -0.054     0.123     0.036     2.465     0.202     0.041    -0.379 

ddG: V109G     4.392     6.455    -1.543    -1.771    -0.005     0.724    -0.012    -0.490    -0.033     0.153     0.108    -0.114     0.291    -0.573     1.162     0.759     0.007    -0.728 

ddG: V109H     0.913    -2.134    -0.011     3.111    -0.019    -0.606     0.003     0.511     0.033    -0.578     0.006    -0.105    -0.042    -0.464     1.414     0.243     0.017    -0.467 

ddG: V109H     1.130    -2.734    -0.216     2.627    -0.010    -0.235     0.015    -0.074    -0.147    -0.068    -0.552    -0.071     0.046    -0.558     3.202     0.364     0.006    -0.467 

ddG: V109I     8.170    -0.824     5.770    -0.118     0.016    -0.026    -0.017     0.089    -0.022    -0.004    -0.554     0.231     0.076     0.965     2.143     0.385    -0.045     0.105 

ddG: V109K     0.515     0.101     0.027     2.446    -0.008    -2.014     0.007    -0.071    -0.046     0.012    -1.160    -0.123     0.053     0.009     2.212     0.318    -0.005    -1.244 

ddG: V109L     3.485     0.763     2.044    -0.099    -0.008    -0.557     0.094    -0.219    -0.034    -0.042    -0.437    -0.141     0.289     0.788     0.639     0.522     0.055    -0.172 

ddG: V109M     2.415     1.348    -0.716     0.325    -0.019     0.295     0.018    -0.068    -0.031    -0.200     0.876    -0.132    -0.016     0.140     1.240     0.063    -0.002    -0.706 

ddG: V109N     1.880     0.388    -0.296     2.971    -0.015    -1.058     0.004    -0.154    -0.022    -0.028    -0.507    -0.140     0.343    -0.139     1.857     0.687     0.022    -2.032 

ddG: V109P     7.903     3.206     3.569    -2.207    -0.015     0.160     0.400     2.314    -0.028    -0.494    -0.533     0.245    -0.333     1.245     1.598    -0.069     0.005    -1.162 

ddG: V109Q     1.290     0.099    -1.018     2.015     0.001    -0.227    -0.003     0.153    -0.155    -0.225    -0.096    -0.088     0.457    -0.381     3.259    -0.187     0.003    -2.317 

ddG: V109R     1.892    -0.930    -0.170     4.416     0.004    -0.944     0.020     0.049    -0.035    -0.459    -0.006    -0.096    -0.070    -0.235     1.118     0.294     0.014    -1.077 

ddG: V109S     3.149     3.608    -0.872     1.513    -0.009    -0.168     0.001    -0.412     0.126     0.016     0.139    -0.102    -0.119    -0.287     0.269     0.123     0.007    -0.685 

ddG: V109T     1.302     2.905    -1.214     2.028    -0.015    -0.443     0.003     0.093     0.007    -0.749     0.883    -0.135    -0.176     0.102    -1.153    -0.131    -0.001    -0.699 

ddG: V109V     0.416     0.490    -0.341    -0.098    -0.006     0.729    -0.001     0.083    -0.028    -0.183     1.406    -0.090    -0.152     0.130    -1.335    -0.185    -0.001     0.000 

ddG: V109W     1.884    -4.535     0.295     3.912     0.007     0.002     0.006     0.601     0.022    -0.679     1.450    -0.105    -0.055     0.037     0.720    -0.051     0.033     0.222 

ddG: V109Y     0.536    -2.670     0.702     1.393     0.014    -0.054     0.013    -0.057    -0.039    -0.163     0.888    -0.139    -0.001     0.288     1.200    -0.122     0.022    -0.739 

