ddG: description total fa_atr fa_rep fa_sol fa_intra_rep fa_elec pro_close hbond_sr_bb hbond_lr_bb hbond_bb_sc hbond_sc dslf_fa13 rama omega fa_dun p_aa_pp yhh_planarity ref 
ddG: Y79A     8.840    13.945    -0.511    -4.298    -0.029     0.192    -0.001    -0.012    -0.057     0.118    -0.046     0.001     0.290    -0.059    -1.587     0.338    -0.001     0.556 

ddG: Y79C     8.593    12.455    -0.498    -2.439    -0.028     0.265    -0.001    -0.015    -0.056     0.120    -0.044     0.002     0.052    -0.051    -1.401    -0.037     0.000     0.269 

ddG: Y79D    12.628     9.155    -0.449     4.860    -0.026    -0.562     0.001    -0.019    -0.071     0.083    -0.133     0.002     0.431    -0.100     0.584     0.587    -0.004    -1.709 

ddG: Y79E    11.607     6.609    -0.460     5.336    -0.022     0.271     0.001    -0.012     0.135     0.077    -0.028     0.001     0.151    -0.247     1.592     0.239    -0.006    -2.031 

ddG: Y79F     0.148     1.064    -0.091    -1.560    -0.002     0.481    -0.004    -0.034    -0.020     0.018    -0.021     0.001    -0.016    -0.106     0.075     0.030    -0.025     0.360 

ddG: Y79G    12.127    16.993    -0.530    -4.424    -0.030     0.204     0.001    -0.010    -0.051     0.173     0.081     0.002     0.705    -0.160    -1.639     0.808    -0.008     0.011 

ddG: Y79H     4.803     3.709    -0.418     1.085    -0.027     0.035     0.002     0.002     0.046     0.024    -0.067    -0.001     0.063    -0.090    -0.045     0.214    -0.002     0.272 

ddG: Y79H     4.787     3.304    -0.224     1.372    -0.026     0.008     0.000    -0.023     0.024     0.040    -0.099     0.000     0.093    -0.093    -0.101     0.266    -0.025     0.272 

ddG: Y79I     6.509     7.242     1.096    -3.576    -0.011     0.042    -0.004    -0.008     0.176     0.007    -0.111    -0.001    -0.002    -0.202     1.131    -0.099    -0.013     0.844 

ddG: Y79K    10.539     6.731    -0.208     3.198    -0.023     0.552    -0.001     0.007    -0.064     0.064    -0.062     0.002     0.047    -0.096     0.676     0.198     0.020    -0.505 

ddG: Y79L     7.987     8.989     1.083    -4.125    -0.018     0.225     0.001     0.009     0.014     0.206     0.065    -0.002     0.016    -0.305     1.012     0.199     0.049     0.567 

ddG: Y79M     7.425     6.828    -0.113    -1.484    -0.026     0.211     0.002    -0.004     0.048     0.100    -0.101     0.001     0.036    -0.040     1.824     0.121    -0.008     0.033 

ddG: Y79N     8.698     8.055    -0.369     1.529    -0.026    -0.150    -0.001    -0.003    -0.022     0.147    -0.045     0.001     0.216    -0.105     0.186     0.589    -0.010    -1.294 

ddG: Y79P    18.801    12.779     4.955    -5.462    -0.018     0.923     0.419     0.024     3.418     0.286     0.018     0.013     0.791     2.318    -1.476     0.136     0.099    -0.423 

ddG: Y79Q     7.600     6.310    -0.402     1.742    -0.023     0.340     0.000    -0.032     0.126     0.089    -0.019     0.003     0.083    -0.025     0.860     0.134    -0.007    -1.578 

ddG: Y79R    10.221     5.472     0.132     3.661    -0.014     2.316     0.005    -0.131     0.136     0.567    -0.821     0.002     0.121    -0.342    -0.558     0.088    -0.072    -0.338 

ddG: Y79S    10.671    13.150    -0.364    -1.759    -0.028     0.393     0.001    -0.010    -0.040     0.133    -0.106     0.003     0.210    -0.133    -1.192     0.370    -0.011     0.054 

ddG: Y79T     8.298     6.199     0.242     1.645    -0.019     0.412     0.002    -0.034     0.139    -0.219     0.235     0.002     0.393    -0.038    -0.857     0.245    -0.087     0.040 

ddG: Y79V     6.367     9.998     0.916    -3.940    -0.014     0.256    -0.001     0.016     0.208     0.052    -0.018    -0.002    -0.087    -0.253    -1.362    -0.146     0.004     0.739 

ddG: Y79W     1.079    -6.191     1.504     2.694    -0.003     0.935     0.000     0.061     0.022     0.179     0.092     0.002     0.002    -0.035     0.800    -0.002     0.058     0.961 

ddG: Y79Y    -0.070    -0.049     0.003     0.050     0.000    -0.027    -0.001    -0.010     0.009     0.015    -0.028     0.000    -0.009    -0.020    -0.006    -0.002     0.005     0.000 

