ddG: description total fa_atr fa_rep fa_sol fa_intra_rep fa_elec pro_close hbond_sr_bb hbond_lr_bb hbond_bb_sc hbond_sc dslf_fa13 rama omega fa_dun p_aa_pp yhh_planarity ref 
ddG: D83A     0.523     5.563    -0.238    -8.111    -0.005     1.903     0.002    -0.078    -0.115     0.607     0.720     0.000     0.004     0.015    -2.200     0.205    -0.011     2.265 

ddG: D83C     0.321     4.605    -0.343    -7.174    -0.003     2.206     0.007     0.221     0.159     0.535     0.711     0.000    -0.238    -0.116    -2.060    -0.132    -0.034     1.978 

ddG: D83D    -0.233    -0.245     0.131    -0.009     0.000    -0.246     0.003     0.028    -0.003     0.031     0.001    -0.001     0.011     0.099    -0.022    -0.003    -0.009     0.000 

ddG: D83E     0.945     3.535     0.066    -5.672     0.002     1.880    -0.007    -0.117    -0.098     0.642     0.542     0.001     0.108    -0.062     0.121     0.336    -0.012    -0.322 

ddG: D83F    -0.809     1.663     0.124    -7.155     0.022     2.000    -0.007    -0.079     0.083     0.538     0.677     0.000    -0.178    -0.203    -0.282    -0.071    -0.010     2.069 

ddG: D83G     1.677     6.274    -0.094    -7.734    -0.006     2.008    -0.008     0.068     0.174     0.514     0.644     0.000     0.187    -0.251    -2.330     0.530    -0.017     1.720 

ddG: D83H    -0.472     2.185    -0.001    -6.430    -0.004     2.012     0.000     0.065     0.168     0.552     0.711     0.000    -0.201    -0.265    -0.821    -0.400    -0.026     1.981 

ddG: D83H    -0.037     2.083     0.002    -6.187    -0.003     2.301    -0.004     0.055     0.143     0.556     0.763     0.000    -0.217    -0.270    -0.813    -0.391    -0.037     1.981 

ddG: D83I     1.434     3.099     1.639    -7.334     0.039     1.892    -0.012     0.014    -0.560     0.501     0.414     0.001     0.618     0.366    -1.872     0.219    -0.143     2.553 

ddG: D83K    -0.011     3.812    -0.255    -6.966    -0.002     2.217    -0.001     0.163     0.189     0.534     0.684    -0.001     0.036    -0.208    -1.469     0.081    -0.030     1.204 

ddG: D83L    -0.725     3.210    -0.225    -7.444     0.001     2.047     0.003     0.187     0.186     0.538     0.701     0.000    -0.023    -0.203    -2.190     0.242    -0.030     2.276 

ddG: D83M    -0.138     3.920     0.018    -7.220     0.001     1.985    -0.007    -0.121    -0.139     0.595     0.685     0.000    -0.091    -0.030    -1.379    -0.080    -0.016     1.742 

ddG: D83N     0.269     3.380    -0.181    -5.897    -0.003     2.110    -0.003     0.008     0.051     0.565     0.675     0.000    -0.205    -0.123    -0.346    -0.168    -0.011     0.415 

ddG: D83P    12.936     0.193     6.622    -7.045     0.000     2.173     4.066     0.322     1.399     0.611     0.646     0.001     0.545    -0.211     2.092     0.299    -0.064     1.286 

ddG: D83Q     0.354     3.101    -0.202    -6.338     0.001     2.262     0.001     0.079     0.086     0.562     0.693     0.000    -0.065    -0.161     0.064     0.157    -0.017     0.131 

ddG: D83R     0.991     3.496    -0.006    -6.358     0.004     2.213    -0.005    -0.046    -0.034     0.645     0.579     0.000    -0.062    -0.067    -0.857     0.140    -0.022     1.371 

ddG: D83S     1.587     5.261    -0.284    -7.028    -0.003     2.189     0.002     0.036     0.044     0.572     0.698    -0.001     0.109    -0.147    -1.778     0.168    -0.014     1.763 

ddG: D83T     1.020     3.846    -0.119    -5.620    -0.002     2.164     0.004     0.029     0.048     0.551     0.560     0.000     0.220    -0.102    -2.256    -0.028    -0.021     1.749 

ddG: D83V    -0.328     2.327     0.059    -7.252     0.007     2.248     0.003     0.164     0.026     0.667     0.648     0.000     0.086     0.152    -2.082     0.176    -0.004     2.448 

ddG: D83W    -0.002     0.425     0.010    -6.059     0.022     2.033    -0.008     0.174     0.350     0.495     0.703     0.000    -0.044    -0.383    -0.062    -0.286    -0.040     2.670 

ddG: D83Y    -0.286    -4.611     0.231     0.822     0.012     1.840    -0.001    -0.189     0.023     0.359    -0.352     0.000    -0.268    -0.187     0.296     0.023     0.006     1.709 

