ddG: description total fa_atr fa_rep fa_sol fa_intra_rep fa_elec pro_close hbond_sr_bb hbond_lr_bb hbond_bb_sc hbond_sc dslf_fa13 rama omega fa_dun p_aa_pp yhh_planarity ref 
ddG: S34A     0.647     1.015    -0.115    -1.374    -0.007     0.599     0.005     0.184    -0.027    -0.101     0.000    -0.070     0.056     0.120    -0.229     0.088    -0.001     0.502 

ddG: S34C    -0.105    -0.501     0.045    -0.089    -0.004     0.438    -0.002     0.033    -0.026     0.064     0.007    -0.045    -0.068    -0.031    -0.159     0.007     0.009     0.215 

ddG: S34D     1.862    -0.411     0.009     1.150     0.001     0.758    -0.001     0.109    -0.037    -0.609     1.481    -0.058     0.089     0.254     0.800     0.071     0.022    -1.763 

ddG: S34E     2.081    -0.826    -0.251     1.115     0.009     1.090    -0.001     0.156    -0.033    -0.142     1.481    -0.062     0.120     0.268     1.021     0.203     0.018    -2.085 

ddG: S34F    -1.826    -5.449     0.070     1.599     0.032     0.252    -0.014     0.676     0.053    -0.583     0.592     0.153    -0.152    -0.319     1.025    -0.089     0.021     0.306 

ddG: S34G     1.160     0.695    -0.148    -1.725     0.029     0.679    -0.017     0.040    -0.183     0.499     0.030    -0.056     0.849    -0.482     0.995     0.000    -0.001    -0.043 

ddG: S34H    -1.357    -5.084    -0.253     3.008     0.010    -0.014     0.003    -0.357     0.137    -0.564     0.569     0.110    -0.324     0.191     1.196    -0.222     0.018     0.218 

ddG: S34H     0.215    -4.849     0.263     2.297     0.003     0.344    -0.007    -0.048    -0.002     0.034     0.083     0.140     0.011    -0.008     1.617     0.082     0.037     0.218 

ddG: S34I     0.613    -0.621    -0.009    -0.548     0.019     0.097     0.008     0.132    -0.010    -0.171     0.004    -0.086     0.337     0.226     0.011     0.445    -0.010     0.789 

ddG: S34K     1.190    -1.648    -0.227     1.493     0.008     0.656    -0.001     0.113    -0.045    -0.147     1.480    -0.072     0.071     0.323    -0.569     0.305     0.011    -0.559 

ddG: S34L     0.400    -1.975    -0.197    -0.016     0.024     0.340     0.004     0.123    -0.015    -0.103     0.002    -0.041     0.339     0.046     0.619     0.721     0.015     0.513 

ddG: S34M    -0.085    -2.598    -0.366     0.982    -0.001     0.371    -0.013     0.686     0.013    -0.511     0.596    -0.013    -0.107    -0.091     0.888     0.085     0.015    -0.022 

ddG: S34N     2.077    -2.257    -1.278     2.371     0.018     1.793    -0.014     0.893    -0.141    -0.614     2.035    -0.017    -0.257    -0.377     1.418    -0.172     0.024    -1.348 

ddG: S34P     7.377    -2.610     1.294    -0.657     0.008     0.388     2.945     0.091    -0.052     0.321     0.020    -0.132     1.039     3.515     0.776     0.837     0.070    -0.477 

ddG: S34Q    -1.479    -2.506    -0.849     1.409     0.009    -0.891    -0.014     0.647    -0.101    -1.158     0.041     0.005    -0.012    -0.460     3.649     0.379     0.002    -1.632 

ddG: S34R     1.830    -5.365    -0.160     4.564     0.051    -0.553    -0.018     0.124    -0.156    -0.059     0.555     0.076     0.453    -0.043     2.978    -0.270     0.043    -0.392 

ddG: S34S     0.352    -0.331    -0.076     0.440     0.003     0.261     0.001     0.130    -0.039     0.067     0.601    -0.041    -0.119    -0.029    -0.506    -0.048     0.036     0.000 

ddG: S34T     0.046    -1.115    -0.073     0.466     0.012     0.203     0.000     0.114    -0.043     0.041     0.598    -0.028    -0.010     0.011    -0.352     0.206     0.030    -0.015 

ddG: S34V     0.759    -1.397     0.244     0.395     0.017    -0.179    -0.013     0.712    -0.013    -0.659     0.511    -0.050     0.276     0.293    -0.232     0.175    -0.005     0.685 

ddG: S34W    -1.516    -5.268     0.571     0.135     0.029     0.705    -0.001    -0.023    -0.052    -0.015     0.069     0.127     0.086    -0.003     1.172     0.046    -0.001     0.907 

ddG: S34Y     1.571    -1.912    -0.107     0.949     0.022    -0.046    -0.014     0.705     0.052    -0.643     0.594     0.027    -0.018    -0.054     1.864     0.204     0.003    -0.054 

