ddG: description total fa_atr fa_rep fa_sol fa_intra_rep fa_elec pro_close hbond_sr_bb hbond_lr_bb hbond_bb_sc hbond_sc dslf_fa13 rama omega fa_dun p_aa_pp yhh_planarity ref 
ddG: P60A     0.751     3.637    -1.054    -1.146     0.000    -0.083    -0.041     0.306     0.021    -0.016    -0.007    -0.001    -0.546    -0.374    -0.635    -0.296     0.007     0.979 

ddG: P60C     1.250     2.480    -0.995     0.107    -0.001     0.164    -0.041     0.302     0.012    -0.006     0.026     0.000    -0.517    -0.364    -0.341    -0.272     0.004     0.692 

ddG: P60D     0.537     0.897    -1.008     3.324     0.005    -1.278    -0.039     0.330     0.008    -0.049    -0.762    -0.001    -0.536    -0.416     1.640    -0.305     0.013    -1.286 

ddG: P60E    -2.110    -0.675    -0.622     4.741     0.024    -3.447    -0.038     0.335     0.019    -0.004    -1.995     0.000    -0.548    -0.602     2.565    -0.257     0.002    -1.608 

ddG: P60F     1.616    -0.487    -0.957     0.716     0.037    -0.136    -0.037     0.315     0.009    -0.056    -0.012    -0.001    -0.426    -0.373     2.185     0.040     0.017     0.783 

ddG: P60G     1.117     4.258    -1.032    -1.407    -0.002    -0.105    -0.041     0.313     0.022    -0.037    -0.002     0.000    -0.324    -0.390    -0.655     0.077     0.011     0.434 

ddG: P60H     0.344     0.141    -0.732     1.013     0.005    -0.479    -0.039     0.319    -0.076    -0.176    -0.821     0.000    -0.383    -0.309     1.229    -0.050     0.008     0.695 

ddG: P60H     0.372     0.153    -0.771     1.024     0.005    -0.500    -0.037     0.327    -0.066    -0.175    -0.750     0.000    -0.411    -0.321     1.289    -0.090    -0.001     0.695 

ddG: P60I     2.063     0.756    -0.540     0.375     0.020    -0.014    -0.040     0.157    -0.002     0.038    -0.022     0.000    -0.022    -0.304    -0.187     0.585    -0.003     1.266 

ddG: P60K     2.038     2.482    -0.969     0.291     0.007     0.111    -0.041     0.301     0.006     0.016     0.031    -0.001    -0.513    -0.387     1.018    -0.236     0.004    -0.082 

ddG: P60L    -0.708     0.938    -1.038    -0.064     0.009    -0.134    -0.042     0.297     0.013    -0.026    -0.002     0.001    -0.548    -0.290    -0.509    -0.312     0.010     0.990 

ddG: P60M     0.189     1.389    -1.028     0.093     0.005    -0.042    -0.040     0.300     0.014    -0.025    -0.011     0.000    -0.499    -0.303     0.186    -0.318     0.014     0.455 

ddG: P60N     0.489     0.433    -0.904     2.008     0.004    -0.137    -0.040     0.320     0.006     0.011    -0.020     0.000    -0.465    -0.379     0.840    -0.308    -0.007    -0.871 

ddG: P60P     0.018    -0.065     0.021     0.036     0.000     0.001    -0.001     0.002    -0.002    -0.003    -0.015    -0.001     0.008     0.022     0.003     0.015    -0.002     0.000 

ddG: P60Q    -0.438    -0.198    -0.666     2.426     0.021    -1.200    -0.042     0.310    -0.012    -0.058    -0.987     0.001    -0.499    -0.409     2.178    -0.136    -0.011    -1.155 

ddG: P60R     1.826     1.603    -0.970     0.693     0.011     0.173    -0.043     0.297     0.011     0.052    -0.099     0.000    -0.426    -0.272     1.008    -0.293    -0.003     0.084 

ddG: P60S     0.264     3.485    -1.041    -0.534     0.001    -0.577    -0.041     0.310     0.025     0.007     0.001     0.000    -0.580    -0.352    -0.511    -0.416     0.009     0.477 

ddG: P60T    -0.037     2.449    -1.067    -0.124     0.004    -0.437    -0.039     0.312     0.016     0.003    -0.005     0.000    -0.475    -0.224    -0.612    -0.308     0.009     0.462 

ddG: P60V     1.232     2.028    -1.021    -0.524     0.016     0.011    -0.043     0.328     0.000    -0.027     0.020     0.000    -0.217    -0.214    -0.500     0.205     0.008     1.162 

ddG: P60W    -0.324    -3.296    -0.595     0.713     0.032    -0.016    -0.036     0.277     0.002     0.683    -0.074     0.000    -0.419    -0.416     1.526    -0.099     0.009     1.384 

ddG: P60Y     1.575    -0.861    -0.855     1.216     0.038     0.002    -0.036     0.288    -0.004    -0.023    -0.008    -0.001    -0.473    -0.390     2.196     0.015     0.049     0.423 

