ddG: description total fa_atr fa_rep fa_sol fa_intra_rep fa_elec pro_close hbond_sr_bb hbond_lr_bb hbond_bb_sc hbond_sc dslf_fa13 rama omega fa_dun p_aa_pp yhh_planarity ref 
ddG: D42A    -0.071     8.996    -1.127   -13.373    -0.012     3.547    -0.003     0.402    -0.126     4.794    -0.729    -0.108     0.109    -0.152    -4.538     0.001    -0.017     2.265 

ddG: D42C     5.086     9.646    -0.497   -13.286     0.009     5.747     0.048     0.564    -0.210     4.308    -0.056    -0.133     0.381    -0.043    -3.875     0.525    -0.019     1.978 

ddG: D42D     0.676     0.043    -0.188    -0.674     0.027     0.014    -0.021     0.601    -0.266     0.373    -0.174    -0.002     0.637    -0.607     1.092    -0.182     0.003     0.000 

ddG: D42E    13.175     4.047     2.278    -6.515     0.032     6.561    -0.002     0.784    -0.363     4.583     2.738    -0.118    -0.241    -0.200     0.056    -0.069    -0.074    -0.322 

ddG: D42F    20.464    -4.111     8.705    -9.614     0.068     7.303    -0.008     1.377     0.019     6.447     0.662    -0.115     0.837     1.693     5.225    -0.289     0.193     2.069 

ddG: D42G     4.005    12.791    -1.486   -13.741    -0.009     3.904    -0.001     0.521    -0.129     4.836    -0.216    -0.070     0.375    -0.173    -4.825     0.515    -0.008     1.720 

ddG: D42H    16.077    -4.387     7.714    -5.025     0.040     6.821    -0.010     0.805    -0.327     6.035     0.200    -0.166     0.222    -0.350     1.813     0.642     0.071     1.981 

ddG: D42H    15.697    -5.264     7.965    -4.583     0.048     7.015    -0.009     0.043    -0.204     6.133     0.335    -0.170     0.110    -0.249     2.013     0.460     0.071     1.981 

ddG: D42I     8.950     4.233     4.818   -13.998     0.047     6.669     0.060     0.456    -0.118     5.054    -0.013    -0.084     0.501     0.219    -1.614     0.221    -0.053     2.553 

ddG: D42K    19.994     0.071     9.309    -0.870     0.050     3.312    -0.017     1.056    -0.287     4.251     0.772    -0.085    -0.214     0.762     0.887    -0.105    -0.100     1.204 

ddG: D42L    15.627     2.533    11.929   -11.401     0.030     5.111    -0.010     0.887     0.008     5.729    -0.048    -0.081     0.423     0.484    -2.222    -0.080     0.058     2.276 

ddG: D42M     9.681     2.071     7.144   -10.181     0.028     4.123    -0.011     0.627    -0.250     4.801    -0.728    -0.172     0.196    -0.205     0.100     0.483    -0.085     1.742 

ddG: D42N     5.894     0.610     3.838    -4.917    -0.005     3.481    -0.006     0.524    -0.124     3.100    -0.748    -0.007     0.440     0.012    -0.790     0.086    -0.015     0.415 

ddG: D42P     7.293    10.723     4.391   -20.279    -0.016     7.304     0.415     0.818    -0.332     4.366     1.802    -0.164     0.813    -0.491    -3.315     0.112    -0.140     1.286 

ddG: D42Q     9.229     3.978     2.542   -11.309     0.024     6.973    -0.003     0.524    -0.287     4.716     0.701    -0.077     0.065    -0.535     1.468     0.422    -0.103     0.131 

ddG: D42R    28.871    -7.819    16.533     3.902     0.031     4.417     0.127     0.552    -0.362     4.867    -1.246     0.587     0.979    -0.284     5.160     0.032     0.023     1.371 

ddG: D42S     1.235     6.947    -1.065    -8.372    -0.003     2.770    -0.001     0.061     0.040     3.595    -0.084     0.020    -0.148     0.191    -4.453    -0.019    -0.007     1.763 

ddG: D42T    -0.044     5.267    -0.188    -8.456    -0.014     1.705    -0.011     0.937    -0.058     4.153    -1.684     0.002     0.509    -0.253    -4.164     0.476    -0.013     1.749 

ddG: D42V     2.569     2.723     1.421   -11.049     0.018     4.088    -0.008     1.231    -0.168     4.426    -0.164     0.002     0.284     0.029    -3.034     0.363    -0.040     2.448 

ddG: D42W    26.975   -11.949    21.051    -3.653     0.222     4.401    -0.005     0.871    -0.343     5.243    -0.291     0.161     0.822     2.015     5.288     0.490    -0.018     2.670 

ddG: D42Y    25.840    -4.538     9.031    -6.347     0.074     6.851    -0.003     1.916     0.201     6.436     0.654    -0.091     0.941     2.905     5.432    -0.183     0.853     1.709 

