ddG: description total fa_atr fa_rep fa_sol fa_intra_rep fa_elec pro_close hbond_sr_bb hbond_lr_bb hbond_bb_sc hbond_sc dslf_fa13 rama omega fa_dun p_aa_pp yhh_planarity ref 
ddG: V12A     4.554     5.198    -0.510    -0.846    -0.003     0.501     0.028     0.008     0.131     0.010    -0.035     0.000     0.132    -0.135     0.226     0.019     0.015    -0.183 

ddG: V12C     5.730     2.701     0.527     2.890    -0.029    -0.294     0.034     0.234     0.403     0.848    -3.282     0.000    -0.384     0.646     2.082    -0.182     0.005    -0.470 

ddG: V12D     9.734     0.120     0.377    10.728    -0.025    -1.820     0.035     0.477     0.096     0.657    -3.194     0.000    -0.128     0.231     4.443     0.177     0.008    -2.448 

ddG: V12E    10.585    -1.035     1.698    10.563    -0.021    -2.035     0.034     0.525     0.075     0.770    -3.190     0.000    -0.204     0.214     5.939     0.027    -0.005    -2.769 

ddG: V12F    12.425    -6.503     7.547    -0.430     0.042     2.384     0.020     0.113     1.302     0.239     0.214     0.000    -0.103     4.010     4.392    -0.439     0.016    -0.379 

ddG: V12G     8.534     8.312    -1.389    -0.313    -0.009     0.699     0.037     0.440     0.099     1.051    -0.517     0.000     0.347     0.157     0.006     0.346    -0.003    -0.728 

ddG: V12H     6.472    -5.368     1.196     5.282    -0.006     0.589     0.006     0.068     0.169    -0.192    -0.215     0.000    -0.359     0.290     5.610    -0.153     0.019    -0.467 

ddG: V12H     6.756    -9.144     2.690     8.943    -0.003     0.366     0.002    -0.126     0.306     0.127    -0.760     0.000    -0.325     0.799     4.546    -0.215     0.015    -0.467 

ddG: V12I     1.317    -1.218     1.588    -1.605     0.019     1.456     0.000    -0.163     0.044     0.100     0.030     0.000     0.032     0.265     0.890    -0.239     0.012     0.105 

ddG: V12K    15.289    -0.635     1.208     9.527     0.020     1.745     0.032     0.143     0.086     0.108    -0.021     0.000     0.155    -0.158     4.336    -0.015     0.001    -1.244 

ddG: V12L     0.093    -1.415     1.196    -0.185     0.001     0.069    -0.004     0.110    -0.202    -0.042     0.044     0.000    -0.090    -0.284     1.137    -0.072     0.002    -0.172 

ddG: V12M     6.663     1.016     2.457    -0.047     0.014     0.970     0.021     0.150     0.012    -0.012    -0.023     0.000     0.092    -0.403     3.205    -0.104     0.021    -0.706 

ddG: V12N     4.344    -0.775     1.655     6.003    -0.018    -2.190     0.025     0.043     0.188    -0.361    -2.691     0.000     0.078    -0.003     4.200     0.223     0.000    -2.032 

ddG: V12P     7.194    -0.169     3.576    -0.631     0.015     1.944     0.488     0.139     1.673     1.564     0.067     0.000     0.079     0.810     0.026    -1.226    -0.001    -1.162 

ddG: V12Q     6.209    -4.733     0.887     7.481     0.005     0.943     0.022    -0.140     0.052     0.113     0.042     0.000    -0.064     0.290     3.789    -0.178     0.016    -2.317 

ddG: V12R    19.504    -5.136     2.031    13.670     0.042     2.630     0.037     0.073     0.120     0.182     0.112     0.000     0.168    -0.020     6.706    -0.048     0.015    -1.077 

ddG: V12S     6.660     2.132    -0.419     5.193    -0.012    -1.395     0.028    -0.007     0.068     0.083    -0.791     0.000    -0.103    -0.043     2.420     0.188     0.002    -0.685 

ddG: V12T     4.083     2.411    -0.002     1.521     0.003     0.320     0.004     0.020    -0.056    -0.002    -0.029     0.000     0.103    -0.039     0.414     0.099     0.015    -0.699 

ddG: V12V     1.097     1.055    -0.894    -0.798    -0.003     0.602     0.009     0.448    -0.066     1.092    -0.481     0.000    -0.179     0.285     0.103    -0.088     0.011     0.000 

ddG: V12W    10.411    -9.822     5.029     3.777     0.052     1.762     0.058     0.595     0.073     1.031    -0.382     0.000    -0.199     1.135     7.118    -0.044     0.007     0.222 

ddG: V12Y    13.012    -6.490     4.996     3.050     0.082     2.842     0.044    -0.234     0.800     1.842     0.116     0.000     0.133     0.628     6.144    -0.608     0.405    -0.739 

