ddG: description total fa_atr fa_rep fa_sol fa_intra_rep fa_elec pro_close hbond_sr_bb hbond_lr_bb hbond_bb_sc hbond_sc dslf_fa13 rama omega fa_dun p_aa_pp yhh_planarity ref 
ddG: S128A    -0.497     1.511    -1.862    -4.332     0.018     2.440     0.083    -0.202     0.138     2.019     2.795     0.000     0.074     0.006    -3.443    -0.245     0.001     0.502 

ddG: S128C     1.402    -1.323    -1.268     0.422     0.021     1.835     0.031     0.063    -0.120     2.065     2.954     0.000     0.129    -0.794    -2.584    -0.251     0.005     0.215 

ddG: S128D     4.446    -5.383     1.147     8.370    -0.003    -1.131     0.019     0.106     0.086     1.585     0.222     0.000    -0.029    -0.684     2.297    -0.380    -0.010    -1.763 

ddG: S128E     9.050    -8.509     1.891     8.522     0.070     2.650     0.103    -0.361     0.214     1.974     2.912     0.000     0.422    -0.551     2.301    -0.505     0.002    -2.085 

ddG: S128F     0.154   -11.861     7.247     1.812     0.020    -0.344     0.077     0.020    -0.367     1.835     0.125     0.000    -0.066    -0.156     1.832    -0.326    -0.002     0.306 

ddG: S128G    -2.152     5.874    -2.184    -4.564     0.009     1.639    -0.051     0.322    -0.303     1.964     2.681     0.000    -1.030    -0.408    -3.920    -2.143     0.005    -0.043 

ddG: S128H     1.897    -9.324     2.719     4.291     0.019     1.493     0.007     0.080     0.030     1.987     2.874     0.000    -0.037    -0.354    -1.073    -1.038     0.006     0.218 

ddG: S128H     1.525    -8.790     2.698     3.048     0.025     1.599     0.008     0.076     0.039     1.992     2.865     0.000    -0.033    -0.407    -0.785    -1.034     0.006     0.218 

ddG: S128I     7.691    -3.377     4.524    -2.018     0.182     2.135    -0.042     0.142     0.087     2.158     3.422     0.000     1.197     0.191    -1.883     0.192    -0.009     0.789 

ddG: S128K     8.611    -4.762     0.531     4.750     0.020     2.351     0.108    -0.024     0.316     1.874     3.486     0.000     0.198    -0.648     1.669    -0.692    -0.009    -0.559 

ddG: S128L    13.084    -3.223    10.911    -1.024     0.022     0.284     0.047     0.020     0.383     1.868     0.681     0.000     0.771     0.471     2.256    -0.884    -0.011     0.513 

ddG: S128M     4.230    -5.204     1.096    -0.001     0.032     2.045     0.072     0.027     0.002     1.854     3.474     0.000     0.273    -0.856     1.594    -0.147    -0.010    -0.022 

ddG: S128N     1.106    -5.891     2.177     5.930     0.002    -1.189     0.003     0.128    -0.004     1.500     0.197     0.000    -0.415    -0.389     1.388    -0.973    -0.011    -1.348 

ddG: S128P    84.345    -2.970    73.883    -4.044    -0.001    -0.460     3.710     1.308     0.471     1.612    -0.026     0.000     1.799     2.643     6.440     0.451     0.005    -0.477 

ddG: S128Q     8.336    -6.062     1.841     4.259     0.032     1.956     0.146    -0.066     0.711     1.901     3.517     0.000     0.265     0.347     1.897    -0.768    -0.009    -1.632 

ddG: S128R     9.326   -14.400     5.250    11.622     0.017     1.010     0.079    -0.151     0.464     1.559     0.126     0.000    -0.021    -0.301     4.635    -0.163    -0.006    -0.392 

ddG: S128S     0.100     1.224    -1.788    -0.672     0.014     0.928     0.011     0.124    -0.254     0.376     2.763     0.000     0.230    -0.552    -2.324     0.015     0.005     0.000 

ddG: S128T     2.326    -2.596    -0.158     1.405     0.038     1.383     0.105    -0.048     0.008     0.572     2.858     0.000     0.732    -0.665    -1.466     0.181    -0.009    -0.015 

ddG: S128V     8.920    -5.753     4.413    -0.280     0.065     2.110     0.417    -0.088     0.372    -0.278     2.902     0.000     1.422     0.938     2.599    -0.604     0.000     0.685 

ddG: S128W    14.248   -14.383    11.643     4.325     0.042     3.886     0.185     0.246    -0.601     3.204     2.679     0.000     0.261     1.168     1.630    -0.933    -0.011     0.907 

ddG: S128Y     1.897   -11.236     5.604     1.577     0.042     2.035     0.046     0.056    -0.470     2.135     3.509     0.000     0.089    -0.207    -0.765    -0.458    -0.005    -0.054 

