ddG: description total fa_atr fa_rep fa_sol fa_intra_rep fa_elec pro_close hbond_sr_bb hbond_lr_bb hbond_bb_sc hbond_sc dslf_fa13 rama omega fa_dun p_aa_pp yhh_planarity ref 
ddG: E90A    -0.835     2.926     0.158    -4.343    -0.007     0.072     0.005     0.022     0.069     0.009    -0.056     0.000     0.081    -0.053    -2.467     0.197    -0.034     2.586 

ddG: E90C    -1.221     2.136     0.029    -3.289    -0.006    -0.097     0.000     0.009    -0.023    -0.021    -0.015     0.000    -0.052     0.012    -2.149    -0.029    -0.024     2.300 

ddG: E90D     2.130    -0.896     0.240     2.197     0.007     0.970     0.006     0.023    -0.032    -0.001    -0.093     0.000    -0.041    -0.028    -0.525    -0.015    -0.003     0.322 

ddG: E90E    -0.337    -0.213     0.122    -0.013     0.001    -0.252     0.000     0.024     0.004     0.007    -0.048     0.001     0.016     0.042    -0.026     0.010    -0.010     0.000 

ddG: E90F    -4.594    -6.289     0.532    -1.056     0.024     0.071     0.002     0.005     0.032     0.006    -0.021     0.000    -0.062    -0.007    -0.144    -0.031    -0.045     2.391 

ddG: E90G     1.473     5.318     0.188    -4.768    -0.008     0.120     0.009     0.030     0.202    -0.056    -0.054    -0.004     0.476    -0.047    -2.471     0.532    -0.036     2.041 

ddG: E90H    -2.166    -4.510     0.220    -0.216    -0.002     0.502     0.003    -0.061    -0.103     0.034    -0.077     0.002     0.087     0.106    -0.383    -0.019    -0.050     2.303 

ddG: E90H    -2.364    -4.842     0.343    -0.002    -0.003     0.300     0.001    -0.021    -0.062     0.066    -0.103     0.001     0.054     0.076    -0.412    -0.014    -0.049     2.303 

ddG: E90I    -3.537    -1.710     0.909    -2.828     0.015    -0.003     0.000    -0.016    -0.041     0.038    -0.029     0.003    -0.195    -0.110    -2.073    -0.361    -0.009     2.874 

ddG: E90K    -1.503     0.252     0.002    -1.741    -0.001     0.037     0.003     0.013    -0.001    -0.049    -0.058     0.000     0.034    -0.011    -1.475     0.000    -0.033     1.526 

ddG: E90L    -3.063    -1.618     0.794    -2.382     0.004    -0.098     0.000    -0.018    -0.094     0.032    -0.049     0.004     0.049    -0.087    -1.992    -0.170    -0.036     2.598 

ddG: E90M    -0.927    -0.161     0.130    -2.843    -0.001     0.233    -0.001     0.019     0.090    -0.030    -0.055    -0.001     0.008     0.075    -0.455     0.045    -0.043     2.063 

ddG: E90N    -0.638    -1.215     0.348    -0.374    -0.001     0.245     0.008    -0.032    -0.106     0.048    -0.190     0.003     0.099    -0.140    -0.129     0.100    -0.038     0.737 

ddG: E90P     0.118     0.504     2.287    -6.040     0.019     0.830     0.127     0.048     1.442    -0.044    -0.176    -0.005     0.459    -0.164    -0.603    -0.136    -0.039     1.608 

ddG: E90Q    -1.641    -0.327     0.122    -1.912    -0.001    -0.139     0.001     0.021     0.139    -0.037    -0.068     0.000    -0.026     0.001     0.087     0.084    -0.039     0.453 

ddG: E90R    -0.197    -0.173     0.001    -0.354     0.005    -0.345     0.002     0.002    -0.026    -0.012    -0.031     0.003     0.035     0.085    -0.996    -0.055    -0.029     1.692 

ddG: E90S    -0.161     2.544     0.170    -2.644    -0.006    -0.434     0.002     0.019     0.024     0.000    -0.046    -0.001     0.147    -0.034    -2.111     0.156    -0.030     2.085 

ddG: E90T    -0.759     0.815     0.105    -1.269     0.002     0.026    -0.005    -0.014    -0.007     0.003     0.009     0.001     0.038    -0.020    -2.419    -0.068    -0.026     2.070 

ddG: E90V    -2.898    -0.140     0.736    -3.358     0.009     0.038    -0.001    -0.008    -0.051    -0.037     0.006     0.003    -0.157    -0.070    -2.350    -0.271    -0.018     2.769 

ddG: E90W    -4.364   -10.959     0.785     2.551     0.022     0.036     0.009     0.043     0.181     0.004    -0.040     0.001    -0.048    -0.047     0.366    -0.222    -0.038     2.992 

ddG: E90Y    -4.903    -6.238     0.333    -0.446     0.024    -0.053     0.002     0.006    -0.017    -0.024    -0.031     0.000    -0.035     0.004    -0.321    -0.106    -0.032     2.031 

