ddG: description total fa_atr fa_rep fa_sol fa_intra_rep fa_elec pro_close hbond_sr_bb hbond_lr_bb hbond_bb_sc hbond_sc dslf_fa13 rama omega fa_dun p_aa_pp yhh_planarity ref 
ddG: L99A     7.325     7.615    -1.741     2.347    -0.028    -1.137     0.009     0.733    -0.354     1.085    -0.491     0.000    -0.211     0.056    -0.584     0.050    -0.015    -0.011 

ddG: L99C     7.792     5.397    -0.760     2.453    -0.015     0.058     0.000     0.063    -0.071     0.077    -0.025     0.000     0.136     0.040     0.557     0.178     0.001    -0.298 

ddG: L99D    12.948     3.574    -1.854    11.254    -0.023    -1.008     0.010     0.730    -0.305     1.067    -0.468     0.000    -0.117    -0.156     2.246     0.276    -0.002    -2.276 

ddG: L99E     8.640    -0.250     0.500    12.582    -0.034    -3.825    -0.001     0.721    -0.271     0.670    -3.194     0.000    -0.375     0.040     4.546     0.145    -0.017    -2.598 

ddG: L99F     4.179    -3.449     2.411     1.160     0.029    -0.819     0.002     0.491    -0.330     0.140    -0.094     0.000    -0.185     0.021     5.026    -0.029     0.011    -0.207 

ddG: L99G    10.260     9.609    -0.740     1.863    -0.016    -0.158     0.000     0.063    -0.073     0.090     0.017     0.000     0.208     0.063    -0.540     0.429     0.001    -0.556 

ddG: L99H     5.629    -3.446     0.503     5.840     0.000     0.015     0.003     0.098     0.040     0.084    -0.008     0.000    -0.132     0.120     2.736     0.068     0.002    -0.295 

ddG: L99H     5.659    -3.472     0.486     5.875     0.000    -0.001     0.000     0.108     0.023     0.085    -0.033     0.000    -0.143     0.167     2.790     0.068     0.001    -0.295 

ddG: L99I     9.902     2.010     2.969     0.198     0.027     0.286     0.000     0.177     0.560     0.131     0.075     0.000     0.190     0.554     2.513    -0.062    -0.002     0.276 

ddG: L99K    14.253     1.045    -1.497    12.224    -0.027    -0.059     0.014     0.704    -0.371     0.842    -0.650     0.000    -0.426    -0.101     3.399     0.229     0.000    -1.072 

ddG: L99L     0.021     1.230     0.699     0.898    -0.032    -3.092     0.000     0.721    -0.229     0.768    -3.222     0.000    -0.258     0.015     2.337     0.203    -0.016     0.000 

ddG: L99M     3.661    -0.218     2.323     4.135    -0.028    -2.410    -0.008     0.139     0.088    -0.485    -2.727     0.000    -0.178    -0.115     3.585     0.100    -0.004    -0.535 

ddG: L99N     8.874     2.721    -1.780     6.746    -0.023    -0.635     0.010     0.709    -0.339     1.084    -0.521     0.000     0.080    -0.070     2.275     0.477    -0.001    -1.861 

ddG: L99P    22.801     4.642     9.429     0.128     0.001     0.834     0.310     2.143     0.119     0.065     0.124     0.000     1.440     2.584     1.380     0.599    -0.008    -0.990 

ddG: L99Q     5.318    -0.467    -0.280     6.916    -0.010    -0.871     0.004     0.232    -0.317    -0.008    -0.071     0.000     0.105    -0.462     2.515     0.174     0.004    -2.145 

ddG: L99R    13.246    -5.564     1.403    17.374    -0.006    -0.928     0.002     0.228    -0.183    -0.128     0.019     0.000    -0.079    -0.604     2.485     0.133     0.001    -0.905 

ddG: L99S     9.076     7.284    -2.149     3.630    -0.022    -1.657     0.002     0.220    -0.172    -0.199    -0.216     0.000    -0.148    -0.304     2.770     0.546     0.005    -0.513 

ddG: L99T     6.657     4.585    -0.521     5.077    -0.017    -1.933     0.002     0.318    -0.220     0.065    -0.056     0.000     0.097    -0.284    -0.292     0.359     0.004    -0.527 

ddG: L99V     8.728     2.278     1.616     4.040    -0.013    -2.007     0.002     0.312    -0.278     0.142    -0.696     0.000     0.295     0.209     2.183     0.485    -0.011     0.172 

ddG: L99W     9.265    -9.851     7.257     4.931     0.067     0.223    -0.040     0.553    -0.185     1.784    -0.001     0.000     0.071    -0.882     5.191    -0.240    -0.007     0.394 

ddG: L99Y    10.996    -1.856     2.668     3.025     0.034    -0.330    -0.001     0.281    -0.130    -0.191    -0.015     0.000    -0.148    -0.168     8.337     0.056     0.002    -0.567 

