ddG: description total fa_atr fa_rep fa_sol fa_intra_rep fa_elec pro_close hbond_sr_bb hbond_lr_bb hbond_bb_sc hbond_sc dslf_fa13 rama omega fa_dun p_aa_pp yhh_planarity ref 
ddG: D103A    -0.432     4.770    -0.114    -7.155    -0.001     2.331    -0.005    -0.175    -0.029    -0.006     1.556     0.000     0.072     0.204    -3.950    -0.196     0.000     2.265 

ddG: D103C     0.140     4.608    -0.140    -6.774    -0.001     2.389    -0.001    -0.166    -0.036     0.011     1.554     0.000     0.174     0.205    -3.677     0.015     0.000     1.978 

ddG: D103D    -0.768     4.231    -0.203    -5.157     0.003     2.448    -0.006    -1.436     0.126    -0.048     1.574     0.000     0.138     0.305    -2.389    -0.354     0.000     0.000 

ddG: D103E     1.339     3.727    -0.173    -4.585     0.004     2.174    -0.007    -0.160    -0.045    -0.011     1.565     0.000     0.149     0.279    -1.244    -0.011     0.000    -0.322 

ddG: D103F     1.222     3.154    -0.138    -5.845     0.026     2.378     0.004    -0.162    -0.044     0.018     1.558     0.000     0.193     0.193    -2.133    -0.047     0.000     2.069 

ddG: D103G     0.261     5.908    -0.102    -7.707    -0.001     2.245    -0.021    -0.165    -0.046    -0.001     1.528     0.000     0.359     0.262    -3.977     0.261     0.000     1.720 

ddG: D103H     1.256     3.471    -0.131    -6.009     0.001     2.317    -0.003    -0.154    -0.049     0.029     1.538     0.000     0.193     0.216    -2.235     0.093     0.000     1.981 

ddG: D103H     0.809     6.324    -0.046    -8.847     0.002     2.950    -0.003    -0.216    -0.048     0.056     1.532     0.000     0.270     0.290    -3.499     0.063     0.000     1.981 

ddG: D103I     0.144     4.908     0.429    -8.480     0.028     2.884    -0.029    -0.238    -0.046    -0.026     1.510     0.000     0.584     0.357    -4.812     0.523     0.000     2.553 

ddG: D103K     0.446     7.066    -0.092    -8.594     0.003     3.305    -0.005    -0.226    -0.056     0.014     1.558     0.000     0.256     0.353    -4.349     0.009     0.000     1.204 

ddG: D103L     0.076     3.755    -0.143    -6.048     0.008     2.455     0.001    -0.158    -0.040     0.025     1.551     0.000     0.153     0.196    -3.869    -0.085     0.000     2.276 

ddG: D103M     0.005     5.612     0.056    -8.405     0.005     3.110     0.000    -0.232    -0.019     0.047     1.560     0.000     0.233     0.267    -3.908    -0.062     0.000     1.742 

ddG: D103N    -0.039     3.713    -0.464    -5.875     0.003     2.630    -0.001    -0.166    -0.195     0.057     1.758     0.000     0.673     0.389    -3.543     0.566     0.000     0.415 

ddG: D103P    -3.367     5.921     0.319    -9.812     0.002     2.751     0.067    -0.254    -0.062    -0.064     1.548     0.000     0.243     0.366    -4.957    -0.722     0.000     1.286 

ddG: D103Q    -0.108     6.723    -0.021    -9.022     0.006     3.063    -0.006    -0.219    -0.057     0.054     1.536     0.000     0.300     0.312    -3.004     0.096     0.000     0.131 

ddG: D103R     1.317     5.890    -0.027    -7.088     0.009     3.147    -0.001    -0.232    -0.034     0.033     1.539     0.000     0.213     0.257    -3.680    -0.079     0.000     1.371 

ddG: D103S     0.155     7.694    -0.023    -9.544     0.000     3.081    -0.003    -0.244    -0.025     0.011     1.547     0.000     0.194     0.284    -4.370    -0.212     0.000     1.763 

ddG: D103T     0.659     4.474    -0.131    -5.593     0.004     2.284    -0.025    -0.153    -0.062     0.017     1.523     0.000     0.210     0.295    -3.976     0.043     0.000     1.749 

ddG: D103V    -0.413     6.032     0.225    -8.944     0.015     2.840     0.008    -0.256     0.000     0.018     1.597     0.000     0.360     0.220    -5.025     0.050     0.000     2.448 

ddG: D103W     0.981     5.815    -0.019    -8.411     0.025     3.045     0.004    -0.243    -0.025     0.025     1.554     0.000     0.262     0.236    -3.868    -0.088     0.000     2.670 

ddG: D103Y     1.086     3.234    -0.134    -5.856     0.026     2.427     0.006    -0.165    -0.037     0.044     1.550     0.000     0.213     0.228    -2.177     0.017     0.000     1.709 

