ddG: description total fa_atr fa_rep fa_sol fa_intra_rep fa_elec pro_close hbond_sr_bb hbond_lr_bb hbond_bb_sc hbond_sc dslf_fa13 rama omega fa_dun p_aa_pp yhh_planarity ref 
ddG: N72A     0.010     1.518    -0.025    -1.702     0.000     0.070     0.002    -0.482     0.102     0.025     0.120     0.004    -0.008     0.049    -1.648     0.141    -0.006     1.849 

ddG: N72C    -0.367     0.691     0.562    -0.987    -0.011    -0.748     0.002    -0.072     0.027    -0.373    -1.496     0.082     0.244    -0.284    -0.273     0.716    -0.008     1.563 

ddG: N72D    -1.111     0.237    -0.282     1.397     0.006    -1.491    -0.002     0.050     0.080    -0.410    -1.474     0.094     0.050    -0.293     1.192     0.155    -0.005    -0.415 

ddG: N72E    -0.668    -0.116     0.281     0.650     0.000    -1.092     0.004     0.214    -0.033    -1.076    -0.999     0.056     0.298    -0.157     1.303     0.716     0.018    -0.737 

ddG: N72F    -1.106    -4.045     0.918     0.994     0.014    -0.812    -0.019    -0.093     0.110     0.132    -1.459     0.002     0.437    -0.348     0.967     0.444    -0.002     1.654 

ddG: N72G    -1.402     1.817    -0.421    -1.801    -0.013    -0.998    -0.015     0.563    -0.121    -0.686    -1.546    -0.011     0.227    -0.802     0.466     0.641    -0.007     1.304 

ddG: N72H    -1.019    -2.932     0.313     1.644    -0.009    -1.227    -0.022     0.631     0.110    -0.508    -0.050     0.005     0.060     0.194    -0.439    -0.327    -0.026     1.566 

ddG: N72H    -0.334    -2.680     0.498     1.273    -0.003    -0.533     0.002     0.040    -0.024    -0.338    -0.942     0.042     0.292    -0.209     0.319     0.343     0.019     1.566 

ddG: N72I     1.206    -2.748     0.163     0.598     0.212    -0.387    -0.001     0.021    -0.130    -0.482    -1.524    -0.009     0.707    -0.487     1.919     1.212     0.003     2.137 

ddG: N72K    -1.314     0.136    -0.219    -0.149    -0.009    -0.940    -0.011     0.549     0.074    -0.434    -0.876     0.038    -0.004    -0.486    -0.004     0.233     0.001     0.789 

ddG: N72L    -0.064    -1.718     0.715     0.541     0.005    -0.514    -0.011     0.461     0.038    -0.394    -0.940     0.039     0.339    -0.411    -0.947     0.860     0.011     1.861 

ddG: N72M    -0.627    -1.445     0.020     1.004    -0.004    -0.155    -0.020     0.863     0.010    -1.305     0.494     0.045    -0.063    -0.251    -1.448     0.305    -0.002     1.326 

ddG: N72N    -0.869    -0.517     0.356     0.148     0.007    -0.922     0.001    -0.050    -0.013     0.136    -1.482     0.003     0.131    -0.116     1.277     0.185    -0.014     0.000 

ddG: N72P    -3.648    -1.018     0.327    -0.450     0.006    -1.099     0.137    -0.508     0.158    -0.414    -0.900     0.055     0.160    -0.038    -0.692    -0.255     0.012     0.871 

ddG: N72Q    -1.420    -3.487     0.173     2.756     0.003    -0.758     0.002    -0.355     0.127    -0.227    -0.836     0.128     0.057    -0.181     1.243     0.209     0.010    -0.284 

ddG: N72R     0.782    -2.651     0.469     2.376     0.010    -0.687     0.000    -0.118     0.004    -0.093    -1.470     0.080     0.463    -0.189     1.061     0.581    -0.010     0.955 

ddG: N72S     0.287     0.981     0.463    -0.782    -0.005    -0.710     0.001    -0.101    -0.037    -0.032    -1.474     0.002     0.500    -0.224    -0.334     0.686     0.005     1.348 

ddG: N72T    -0.323     0.053     0.711     0.025    -0.003    -0.926     0.001    -0.055    -0.061    -0.394    -1.517     0.005     0.527    -0.106    -0.615     0.700     0.001     1.333 

ddG: N72V     1.503    -0.603     0.348    -0.188     0.067    -0.359    -0.010     0.422     0.049     0.210    -0.814     0.033     0.662    -0.462    -0.636     0.738     0.016     2.032 

ddG: N72W     0.918    -5.545     1.172     2.666     0.021    -0.391    -0.004     0.552     0.009    -0.685    -0.962     0.041     0.234    -0.477     1.406     0.621     0.005     2.255 

ddG: N72Y    -2.345    -3.654     0.440     1.285     0.011    -1.288    -0.019     0.446     0.085    -0.677    -1.495     0.001     0.258    -0.280     0.651     0.613    -0.016     1.294 

