ddG: description total fa_atr fa_rep fa_sol fa_intra_rep fa_elec pro_close hbond_sr_bb hbond_lr_bb hbond_bb_sc hbond_sc dslf_fa13 rama omega fa_dun p_aa_pp yhh_planarity ref 
ddG: A103A     0.007    -0.094     0.134     0.109    -0.001     0.076     0.003    -0.069    -0.021     0.054     0.073    -0.083    -0.114    -0.026    -0.220     0.158     0.026     0.000 

ddG: A103C     2.664    -1.522     1.765     2.782     0.003     0.038    -0.003    -0.022    -0.019     0.023     0.029    -0.073     0.023     0.085    -0.659     0.492     0.009    -0.287 

ddG: A103D    11.446    -6.174     3.981    12.600     0.011     0.309    -0.008    -0.256     0.111     0.035     0.169    -0.020    -0.060     0.913     2.037     0.043     0.021    -2.265 

ddG: A103E    16.936    -8.104     7.608    12.706     0.032     1.019    -0.018    -0.851     0.145     0.237     0.794     0.013    -0.064     0.399     5.603    -0.018     0.019    -2.586 

ddG: A103F    15.505   -12.448    14.217     2.173     0.066     0.792    -0.040     1.750    -0.037     0.085     0.204     0.084     1.028     2.454     5.005     0.394    -0.024    -0.196 

ddG: A103G     4.488     4.134    -0.155     0.538     0.000    -0.191    -0.010     0.615     0.043    -0.625     0.476     0.043     0.236     0.007    -0.729     0.621     0.030    -0.545 

ddG: A103H    14.608   -11.940    12.801     8.081     0.025     0.188    -0.022    -0.259     0.107    -0.023     0.249    -0.005     0.491     1.687     3.335     0.105     0.070    -0.284 

ddG: A103H    16.119   -10.404    10.797     6.154     0.039     2.428    -0.010     1.031    -0.323    -0.200    -0.367     0.046     1.032     0.620     5.286     0.175     0.100    -0.284 

ddG: A103I    12.535    -5.745    10.997     0.939     0.035     0.816    -0.052     1.306    -0.211    -0.412     0.490     0.188     0.124     1.969     1.255     0.568    -0.019     0.288 

ddG: A103K    18.830    -8.193     6.113    11.321     0.062    -0.973     0.006    -0.252     0.072     1.032     0.085     0.050     0.209     0.207     9.518     0.601     0.031    -1.061 

ddG: A103L    23.033    -3.034    14.121    -1.582     0.042     2.301     0.080     1.010    -0.021     0.210     0.836     0.067     1.601     2.568     3.794     0.970     0.058     0.011 

ddG: A103M    10.127    -6.604     6.107     2.874     0.031     0.700     0.018    -0.056     0.077     0.181     0.851    -0.004     0.288     0.915     4.575     0.685     0.012    -0.523 

ddG: A103N    10.539    -6.506     5.023     8.174     0.008     0.830    -0.025     0.643    -0.054    -0.002     1.523    -0.024     0.158     1.444     1.151     0.054    -0.011    -1.849 

ddG: A103P    12.823    -2.633     9.505    -1.263     0.008     1.441     0.355     2.293     0.002     0.476     1.099    -0.060    -0.277     1.191     1.521     0.100     0.043    -0.979 

ddG: A103Q    12.625    -9.280     8.378     8.760     0.017     0.187    -0.046     0.070     0.048     0.164     0.166     0.047     0.242     0.459     5.433     0.071     0.044    -2.134 

ddG: A103R    17.604   -13.938     6.008    17.356     0.064    -2.637     0.032    -0.203     0.207     1.295    -0.020     0.046     0.245     0.822     8.397     0.796     0.030    -0.894 

ddG: A103S     3.729     0.027    -0.491     3.564    -0.005     0.482     0.008     0.215     0.005    -0.214     1.472    -0.088    -0.236     0.246    -1.071     0.314     0.004    -0.502 

ddG: A103T     6.272    -2.233     3.725     3.792     0.013     0.440     0.011    -0.356    -0.029     0.258    -0.003    -0.092     0.162     0.206     0.112     0.777     0.005    -0.516 

ddG: A103V     4.022    -3.792     6.649     0.222     0.020     0.167    -0.006    -0.512    -0.027     0.330     0.035     0.032     0.295     0.416    -0.542     0.521     0.030     0.183 

ddG: A103W    19.756   -13.152    16.932     2.946     0.143     1.795     0.070     1.755     0.055     0.540     1.770     0.071    -0.086     1.103     4.806     0.529     0.073     0.405 

ddG: A103Y    17.423   -17.281    16.509     6.897     0.070    -0.124    -0.035     1.542    -0.063     0.133     0.305    -0.024     1.035     2.222     6.369     0.489    -0.063    -0.556 

