ddG: description total fa_atr fa_rep fa_sol fa_intra_rep fa_elec pro_close hbond_sr_bb hbond_lr_bb hbond_bb_sc hbond_sc dslf_fa13 rama omega fa_dun p_aa_pp yhh_planarity ref 
ddG: E27A     1.780     6.210    -0.409    -7.645    -0.011     2.777     0.006     0.209    -0.011     0.678    -0.038     0.000     0.005    -0.137    -2.690     0.236     0.014     2.586 

ddG: E27C     3.075     3.364    -0.050    -3.796    -0.013     3.251     0.005     0.074    -0.027     0.679     0.697     0.000     0.101    -0.011    -3.791     0.280     0.014     2.300 

ddG: E27D     3.692     0.423     1.953     0.738    -0.017     0.459    -0.007     0.138     0.238     0.424    -2.447     0.000    -0.298     0.465     1.181     0.112     0.009     0.322 

ddG: E27E     1.139    -0.132    -1.240     0.707    -0.008    -0.084     0.002    -0.019     0.092    -0.307    -0.207     0.000    -0.260     0.066     2.473     0.041     0.015     0.000 

ddG: E27F     1.214    -0.723    -0.044    -4.596     0.015     3.274     0.005     0.156     0.001     0.672     0.656     0.000     0.076     0.028    -0.887     0.178     0.015     2.391 

ddG: E27G     4.019     7.902     1.413    -7.676    -0.026     2.004    -0.005     0.215     0.267     0.256    -2.001     0.000     0.033     0.394    -1.393     0.584     0.009     2.041 

ddG: E27H     0.990     0.672    -0.905    -3.319    -0.016     2.073     0.012     0.590    -0.077     1.756    -0.595     0.000    -0.124     0.478    -1.855     0.003    -0.005     2.303 

ddG: E27H     1.501     0.412    -0.986    -2.441    -0.018     2.293     0.009     0.545    -0.092     1.831    -0.502     0.000    -0.114     0.498    -2.246     0.014    -0.004     2.303 

ddG: E27I     3.104     2.373     2.327    -6.152     0.009     2.669    -0.012    -0.316     0.520     1.746    -2.717     0.000    -0.257     0.635    -0.228    -0.377     0.009     2.874 

ddG: E27K     1.893     5.120    -0.619    -6.894    -0.009     2.983     0.004     0.311    -0.009     0.796     0.008     0.000    -0.159    -0.062    -1.228     0.109     0.015     1.526 

ddG: E27L     0.713     2.409     2.006    -6.225    -0.016     1.648    -0.003     0.261     0.255     0.263    -2.765     0.000    -0.192     0.660    -0.403     0.209     0.009     2.598 

ddG: E27M     2.338     4.412    -2.658    -5.844    -0.022     2.890     0.006     0.634     0.043     1.433    -0.661     0.000    -0.398     0.222     0.176     0.035     0.006     2.063 

ddG: E27N     2.642     3.852     0.583    -3.239    -0.039     0.798     0.001     0.823    -0.043     1.522    -3.231     0.000    -0.176     0.348     0.308     0.390     0.008     0.737 

ddG: E27P     3.259    -0.227     3.442    -4.167    -0.007     2.896     0.043     0.383    -0.045     0.706     0.688     0.000     0.184     0.199    -3.317     0.860     0.012     1.608 

ddG: E27Q     3.379     0.569     0.000    -2.980    -0.005     4.991     0.002    -0.073     0.186     0.678     0.725     0.000    -0.130     0.462    -1.386    -0.123     0.010     0.453 

ddG: E27R     4.249    -0.233    -0.066    -0.699     0.002     2.969     0.006     0.072    -0.009     0.624     0.308     0.000     0.082     0.117    -0.706     0.076     0.014     1.692 

ddG: E27S     3.167     5.539    -0.398    -5.197    -0.013     2.485     0.007     0.224    -0.017     0.674     0.008     0.000     0.012    -0.068    -2.541     0.368     0.000     2.085 

ddG: E27T     3.827     6.046    -1.020    -6.787    -0.010     4.330     0.007     0.320     0.085     1.788    -0.460     0.000    -0.281     0.846    -3.055    -0.060     0.006     2.070 

ddG: E27V     0.793     3.989     1.918    -5.572    -0.021     0.392    -0.003     0.255     0.044     0.175    -2.677     0.000    -0.133     0.145    -0.620     0.120     0.013     2.769 

ddG: E27W     2.275    -2.311    -0.908    -1.930     0.004     3.407     0.010     0.570    -0.062     1.735     0.207     0.000    -0.122     0.367    -1.779     0.101    -0.005     2.992 

ddG: E27Y     1.015    -0.484    -0.170    -4.484     0.011     3.163     0.004     0.145     0.004     0.790     0.719     0.000     0.058     0.016    -1.061     0.267     0.006     2.031 

