ddG: description total fa_atr fa_rep fa_sol fa_intra_rep fa_elec pro_close hbond_sr_bb hbond_lr_bb hbond_bb_sc hbond_sc dslf_fa13 rama omega fa_dun p_aa_pp yhh_planarity ref 
ddG: W38A     7.700    15.186    -0.833    -5.451    -0.031     1.784    -0.001    -0.591     0.028    -1.415     0.682     0.000     0.145     0.221    -1.866     0.261    -0.015    -0.405 

ddG: W38C     6.279    14.303    -1.091    -4.830    -0.030     0.137     0.002    -0.032     0.219    -0.195    -0.080     0.000     0.012     0.380    -1.807    -0.007    -0.008    -0.692 

ddG: W38D    10.268    11.658    -1.126     1.417    -0.014    -0.396     0.001    -0.030     0.508    -0.194    -0.072     0.000     0.210     0.359     0.299     0.263     0.053    -2.670 

ddG: W38E     8.546    11.344    -0.938    -1.233    -0.017     0.491     0.003     0.061     0.013    -0.174    -0.074     0.000     0.311     0.353     0.904     0.474     0.020    -2.992 

ddG: W38F     2.480     4.282    -0.102    -2.737     0.009     2.129     0.002    -0.497    -0.139    -1.360     1.437     0.000     0.048     0.225    -0.112    -0.036    -0.070    -0.601 

ddG: W38G     8.604    19.180    -1.421    -7.291    -0.029     0.403     0.000    -0.033     0.077     0.001    -0.086     0.000     0.391     0.199    -1.912     0.074     0.000    -0.950 

ddG: W38H     4.358     5.100    -0.508    -0.748    -0.023    -0.152    -0.001    -0.052    -0.115     0.047    -0.235     0.000     0.221     0.845     0.321    -0.144     0.493    -0.689 

ddG: W38H     4.340     8.314    -0.936    -1.338    -0.021    -0.364     0.003    -0.073     0.098     0.023    -1.187     0.000     0.145     0.117     0.427    -0.201     0.023    -0.689 

ddG: W38I     6.930    10.706    -0.141    -3.691    -0.008     0.594     0.002    -0.083     0.590     0.005    -0.066     0.000     0.145     0.676    -1.862     0.168     0.011    -0.118 

ddG: W38K     6.379    10.991    -1.044    -2.044    -0.023     0.214     0.001    -0.026     0.099    -0.189    -0.040     0.000     0.321     0.338    -1.122     0.387    -0.019    -1.466 

ddG: W38L     5.812    11.879    -0.980    -5.290     0.000     0.434     0.003    -0.058    -0.033     0.017    -0.084     0.000     0.680     0.283    -1.190     0.547    -0.001    -0.394 

ddG: W38M     5.737    11.305    -1.011    -4.293    -0.024     0.526     0.001     0.000     0.045    -0.191    -0.072     0.000     0.113     0.340    -0.280     0.208    -0.002    -0.928 

ddG: W38N     7.463    10.079    -0.729    -0.276    -0.019     1.277     0.000    -0.593     0.335    -1.603     0.726     0.000     0.140     0.295    -0.324     0.386     0.021    -2.255 

ddG: W38P    10.875    12.409     0.016    -6.292    -0.021     1.148     0.542    -0.009     2.812     0.114    -0.149     0.000     0.479     2.202    -1.283     0.335    -0.046    -1.384 

ddG: W38Q     7.009    10.468    -0.679    -2.571    -0.020     1.909     0.001    -0.502    -0.051    -1.419     0.678     0.000     0.138     0.212     0.864     0.518     0.002    -2.539 

ddG: W38R     6.325     9.348    -0.880     0.348    -0.010    -0.520     0.003     0.041    -0.049    -0.010    -1.241     0.000     0.111     0.185     0.148     0.195    -0.043    -1.299 

ddG: W38S     7.266    16.384    -1.080    -5.755    -0.023    -0.007     0.003     0.055     0.024     0.005    -0.087     0.000     0.000     0.222    -1.560    -0.036     0.027    -0.907 

ddG: W38T     8.148    13.134    -0.420    -1.976    -0.013    -0.587     0.000    -0.027     0.115     0.022    -0.030     0.000     0.266     0.219    -2.031     0.385     0.011    -0.921 

ddG: W38V     6.787    11.188     0.157    -4.012    -0.014     0.569     0.000    -0.031     0.620    -0.211    -0.023     0.000    -0.059     0.633    -2.014     0.212    -0.007    -0.222 

ddG: W38W    -0.123     0.040    -0.088    -0.005     0.000    -0.062     0.000    -0.023     0.036     0.007    -0.004     0.000    -0.022     0.076    -0.038    -0.046     0.006     0.000 

ddG: W38Y     1.424     4.859    -0.514    -3.017     0.009     0.218     0.003     0.043    -0.179     0.064     0.663     0.000     0.094     0.340     0.121    -0.252    -0.068    -0.961 

