ddG: description total fa_atr fa_rep fa_sol fa_intra_rep fa_elec pro_close hbond_sr_bb hbond_lr_bb hbond_bb_sc hbond_sc dslf_fa13 rama omega fa_dun p_aa_pp yhh_planarity ref 
ddG: K116A    -0.777     4.562    -0.698    -5.939     0.008     0.786    -0.014     0.167    -0.092    -0.083     0.038     0.036     0.113    -0.411    -0.130    -0.199     0.020     1.061 

ddG: K116C    -0.513     3.371    -0.080    -4.213    -0.003     0.614     0.004    -0.118     0.023    -0.026     0.006     0.000     0.031    -0.164    -0.720    -0.020     0.006     0.774 

ddG: K116D     4.204     0.865    -0.099     1.116    -0.003     2.075     0.002    -0.082    -0.058    -0.001     0.002    -0.008     0.154    -0.084     1.636    -0.108     0.002    -1.204 

ddG: K116E     1.286     0.909    -0.156    -0.277     0.006     1.145     0.003    -0.082     0.030    -0.020     0.003    -0.002    -0.087    -0.125     1.424     0.033     0.009    -1.526 

ddG: K116F    -3.554    -4.006    -0.002    -3.151     0.027     1.560     0.003    -0.036    -0.117     0.382     0.007     0.017     0.404    -0.657     1.324    -0.189     0.016     0.865 

ddG: K116G     1.823     6.334    -1.055    -5.309    -0.002     1.506    -0.008     0.701     0.008    -0.852     0.458     0.023     0.128    -0.685    -0.458     0.502     0.017     0.516 

ddG: K116H    -2.068    -1.741    -0.564    -2.083     0.003     1.479    -0.010     0.573    -0.005    -0.520     0.073     0.004     0.214    -0.734     0.594    -0.128    -0.002     0.777 

ddG: K116H    -1.225    -2.799    -0.836    -1.918     0.005     2.479     0.012     0.092    -0.204    -0.060    -0.049    -0.019     0.178    -0.815     1.998    -0.052    -0.014     0.777 

ddG: K116I    -1.625    -0.069     0.650    -3.349     0.020     1.579     0.021    -0.558     0.211    -0.077     0.675     0.097    -0.324    -0.080    -1.197    -0.536    -0.037     1.348 

ddG: K116K     0.182    -0.172    -0.284     0.277     0.007     0.177     0.003     0.071     0.050    -0.017     0.524     0.116    -0.125    -0.150    -0.280    -0.034     0.020     0.000 

ddG: K116L    -3.210    -0.992     0.053    -3.115     0.009     0.710     0.009    -0.122     0.034    -0.057     0.007     0.003     0.011    -0.127    -0.596    -0.140     0.031     1.072 

ddG: K116M    -0.277     0.774    -0.244    -3.007     0.005     1.354     0.009     0.020     0.073    -0.046     0.523     0.041    -0.183    -0.229     0.123    -0.061     0.032     0.537 

ddG: K116N     0.288     1.599    -0.412    -2.008     0.009     1.604     0.008     0.004    -0.098    -0.024    -0.170     0.034     0.155    -0.235     0.635    -0.063     0.036    -0.789 

ddG: K116P     4.825    -0.991     4.958    -5.583     0.032     2.712     0.113     0.963    -0.465     0.568     0.037    -0.014     0.503     0.464     2.121    -0.599    -0.077     0.082 

ddG: K116Q    -1.366     0.125    -0.235    -1.480     0.001     0.361     0.018     0.036     0.100    -0.226     0.007     0.001    -0.164    -0.269     1.398     0.036    -0.003    -1.073 

ddG: K116R     0.364    -1.713     0.118     1.977     0.008    -0.085     0.015    -0.077     0.078    -1.071    -0.011     0.001     0.344    -0.013     0.970    -0.331    -0.010     0.167 

ddG: K116S     1.738     5.939    -0.934    -4.688    -0.001     1.370    -0.011     0.690     0.112    -0.868     1.978     0.112     0.088     0.021    -2.412    -0.248     0.029     0.559 

ddG: K116T    -0.433     1.241    -0.472    -1.695     0.010     0.766     0.002    -0.027    -0.090    -0.076    -0.909    -0.010     0.134    -0.420     0.498     0.050     0.021     0.544 

ddG: K116V    -1.352     0.957     0.361    -3.895     0.018     1.316     0.008     0.077     0.048    -0.189     0.524     0.025    -0.120    -0.277    -1.116    -0.297    -0.035     1.244 

ddG: K116W    -2.576    -5.346    -0.959    -0.350     0.024     1.674     0.009     0.238     0.074    -0.867     1.997     0.042    -0.130     0.155    -0.053    -0.585     0.036     1.466 

ddG: K116Y    -2.864    -3.739    -0.521    -1.508     0.031     1.502     0.002     0.157     0.009    -0.845     2.007     0.034    -0.013     0.077    -0.467    -0.388     0.293     0.505 

