ddG: description total fa_atr fa_rep fa_sol fa_intra_rep fa_elec pro_close hbond_sr_bb hbond_lr_bb hbond_bb_sc hbond_sc dslf_fa13 rama omega fa_dun p_aa_pp yhh_planarity ref 
ddG: Q95A    -2.848    12.021    -2.708    -8.340    -0.010    -2.378    -0.060     0.380    -0.186    -1.879    -0.273     0.000    -0.065    -0.389    -1.439     0.338     0.005     2.134 

ddG: Q95C     2.936    10.467    -0.856    -7.120    -0.006    -1.426     0.002     0.164    -0.209     0.582    -0.258     0.000     0.022    -0.098    -0.807     0.630     0.004     1.847 

ddG: Q95D     6.399     5.544    -0.287     2.349    -0.001    -2.105    -0.002     0.720    -0.412     1.430    -0.527     0.000     0.308     1.203    -1.921     0.249    -0.016    -0.131 

ddG: Q95E     3.035     1.667     1.265     4.440    -0.023    -4.763     0.003     0.849    -0.234     0.058    -3.245     0.000    -0.147     0.776     2.474     0.384    -0.017    -0.453 

ddG: Q95F    12.961    -0.961    14.780    -6.915     0.163    -1.132    -0.073    -0.113     0.021    -1.363    -0.152     0.000     0.294     1.564     5.211    -0.318     0.018     1.938 

ddG: Q95G    -0.633    14.404    -1.295    -9.438     0.002    -1.343    -0.062     0.179    -0.050    -1.590    -0.053     0.000     0.487    -0.100    -4.093     0.730     0.003     1.589 

ddG: Q95H     4.382    -2.723     2.657     0.300     0.002    -2.288    -0.065     0.696    -0.722    -0.379    -0.476     0.000     0.383     0.717     3.864     0.578    -0.013     1.850 

ddG: Q95H     4.873    -3.221     2.739     1.482    -0.002    -2.188    -0.069     0.685    -0.743    -0.412    -0.448     0.000     0.370     0.715     3.551     0.560     0.004     1.850 

ddG: Q95I    -0.913     4.263     1.374    -8.641     0.027    -1.069    -0.025     0.357    -0.434     0.847    -0.083     0.000     0.569     1.134    -1.993     0.335     0.003     2.421 

ddG: Q95K     9.198     4.945     1.285    -1.567    -0.004    -0.304    -0.012     0.176    -0.522     2.395    -0.288     0.000     0.208    -0.607     2.194     0.226     0.002     1.073 

ddG: Q95L    -1.492     4.515     1.146    -7.220     0.070    -2.144    -0.056     0.637    -0.350    -0.678    -0.614     0.000     0.178     0.167     0.384     0.325     0.002     2.145 

ddG: Q95M    -1.155     2.805     0.146    -5.751    -0.002    -1.515     0.000     0.218    -0.247     0.543    -0.212     0.000     0.039     0.292     0.513     0.402     0.004     1.610 

ddG: Q95N     3.416     4.372     0.645    -1.728     0.004    -1.855    -0.015     0.270    -0.383     0.369    -0.060     0.000     0.757     0.911    -0.460     0.316    -0.012     0.284 

ddG: Q95P     4.523     9.515     3.700    -9.538    -0.007    -1.370     0.079     1.336    -0.302     1.738    -0.517     0.000     0.232     0.026    -2.066     0.556    -0.015     1.155 

ddG: Q95Q     0.982     1.213    -0.850    -0.931    -0.003     0.603     0.008     0.417    -0.108     1.052    -0.531     0.000    -0.184     0.241     0.102    -0.042    -0.005     0.000 

ddG: Q95R    12.500     1.830     5.667     0.614     0.024     1.175    -0.064    -0.161    -0.199     0.549    -0.013     0.000     0.337    -0.158     1.384     0.275     0.000     1.240 

ddG: Q95S    -1.672    11.098    -1.376    -5.287    -0.004    -2.858    -0.030     0.313    -0.240    -0.925    -0.881     0.000     0.178    -0.560    -3.373     0.652    -0.010     1.632 

ddG: Q95T    -2.175     8.745    -1.998    -4.432    -0.001    -3.070    -0.051     0.287    -0.139    -1.860    -1.051     0.000     0.153    -0.235    -0.776     0.634     0.003     1.617 

ddG: Q95V    -0.715     7.660    -0.190    -8.618     0.013    -0.790     0.023     0.690    -0.406     1.669    -0.542     0.000     0.189     0.181    -3.190     0.281    -0.001     2.317 

ddG: Q95W    28.636    -2.996    18.961    -4.093     0.061    -0.125     1.307     2.148     0.263     0.457     0.150     0.000     0.946     4.227     5.008    -0.208    -0.009     2.539 

ddG: Q95Y    19.836    -1.799    17.360    -2.184     0.144    -1.224    -0.043    -0.046     1.161    -1.346    -0.096     0.000     0.334     2.094     3.937    -0.229     0.195     1.578 

