ddG: description total fa_atr fa_rep fa_sol fa_intra_rep fa_elec pro_close hbond_sr_bb hbond_lr_bb hbond_bb_sc hbond_sc dslf_fa13 rama omega fa_dun p_aa_pp yhh_planarity ref 
ddG: G79A    10.213    -0.924     9.352    -2.127     0.001     0.205    -0.009     0.082     0.209    -1.254    -0.016     0.000     2.210     0.606    -0.320     1.654    -0.001     0.545 

ddG: G79C    13.330    -0.070     9.569    -3.146    -0.016    -1.398     0.014     0.118    -0.066    -0.949    -2.791     0.000     1.612    -0.031     7.807     2.432    -0.015     0.258 

ddG: G79D    15.583    -3.713     5.775     6.285     0.014     1.160    -0.512     0.025     0.549     2.188    -1.618     0.000     2.186     0.731     2.270     1.967    -0.004    -1.720 

ddG: G79E    18.491    -4.393     8.760     4.412    -0.009    -0.589     0.128     0.546     0.118     1.709    -3.271     0.000     1.313     2.304     7.120     2.404    -0.021    -2.041 

ddG: G79F    13.158   -13.826    17.959    -0.259     0.049    -2.059     0.133     0.085    -0.327    -0.848    -2.818     0.000     1.481     1.418     8.987     2.836    -0.003     0.349 

ddG: G79G     0.627     0.441    -1.263    -0.515     0.000    -0.168    -0.003     0.001     0.116    -0.318    -0.258     0.000    -0.289     0.088     2.772     0.021     0.001     0.000 

ddG: G79H    12.572   -11.227     8.984     4.351     0.005    -0.993     0.075     0.040     0.543     0.323    -0.910     0.000     1.921     1.771     4.904     2.528    -0.005     0.261 

ddG: G79H    11.994    -9.297     8.864     0.244     0.017     1.677     0.066    -0.131     0.595     0.585    -0.080     0.000     2.083     1.844     2.903     2.368    -0.006     0.261 

ddG: G79I    16.559     0.012    11.727    -7.664     0.015     1.686     0.151     0.099     0.456     2.483    -0.686     0.000     2.734     2.343    -0.244     2.630    -0.016     0.833 

ddG: G79K    23.734    -3.934    15.252     1.749     0.016    -1.001     0.022     0.001    -0.706    -1.576     0.007     0.000     1.797     0.780     8.861     2.983    -0.001    -0.516 

ddG: G79L    12.242    -3.562    11.787    -5.060     0.020     2.641     0.115     0.300     0.289     1.419    -0.574     0.000     1.855     1.219    -0.446     1.695    -0.011     0.556 

ddG: G79M    13.497    -4.385    14.829    -3.212    -0.004     0.001     0.076    -0.062     0.227    -0.065    -3.232     0.000     1.244     1.667     5.020     1.386    -0.013     0.022 

ddG: G79N    13.405    -6.723     6.156     2.623     0.017     1.269    -0.003    -0.121     0.107     0.374    -1.314     0.000     1.507     0.821     8.446     1.554    -0.002    -1.304 

ddG: G79P   190.089   -22.569   191.885     8.864     0.010    -3.615     8.285    -0.364    -0.391     0.535    -0.533     0.000     1.217     1.577     4.566     1.053     0.004    -0.434 

ddG: G79Q    15.795    -6.218     8.612     0.855     0.019     2.349     0.169    -0.140     0.317     1.149    -0.009     0.000     1.691     2.167     3.458     2.968    -0.005    -1.589 

ddG: G79R    17.282   -10.456     9.260     9.351     0.012    -1.486     0.128     0.490    -0.429     1.201    -2.196     0.000     2.042     1.488     6.042     2.204    -0.020    -0.349 

ddG: G79S    10.768     0.650     4.348     0.991    -0.005    -1.333    -0.009     0.622    -0.087     0.748    -1.554     0.000     0.907     0.004     2.894     2.567    -0.020     0.043 

ddG: G79T    15.286     2.679     9.664    -2.663    -0.019     1.328    -0.037     0.442     0.197     2.675    -5.740     0.000     0.928     0.601     4.032     1.190    -0.018     0.029 

ddG: G79V    20.192     1.332    10.678    -6.822    -0.001     2.635     0.059     0.519     0.218     3.598    -1.141     0.000     2.283     2.359     0.829     2.927    -0.007     0.728 

ddG: G79W    18.436   -20.769    17.829     5.522     0.026     1.527    -0.601     0.283     0.273     2.611    -0.687     0.000     1.275     2.958     4.732     2.512    -0.007     0.950 

ddG: G79Y    13.467   -12.084    14.307     0.174     0.082     0.263     0.130     0.494    -0.413    -0.812    -1.786     0.000     1.552     1.160     7.586     2.637     0.190    -0.011 

