ddG: description total fa_atr fa_rep fa_sol fa_intra_rep fa_elec pro_close hbond_sr_bb hbond_lr_bb hbond_bb_sc hbond_sc dslf_fa13 rama omega fa_dun p_aa_pp yhh_planarity ref 
ddG: V77A     5.187     7.387    -0.426    -2.850    -0.007     0.270    -0.003     1.179    -0.522     0.000    -0.019     0.000     0.490     0.162    -1.097     0.807    -0.001    -0.183 

ddG: V77C     4.643    -0.774    -0.506     5.819    -0.017    -2.151     0.002     1.151    -0.527    -0.017    -1.200     0.000     0.248     0.011     2.471     0.605    -0.001    -0.470 

ddG: V77D    10.125     1.481    -0.297     8.518    -0.001    -0.303    -0.010     1.158    -0.476     0.022    -0.020     0.000     0.463     0.079     1.023     0.936    -0.001    -2.448 

ddG: V77E     9.428    -2.708     0.185     9.423    -0.012    -0.914     0.013     0.933    -0.603    -0.016     0.399     0.000     0.637     0.205     3.919     0.738    -0.002    -2.769 

ddG: V77F     5.088    -7.882     4.484    -0.168     0.024     0.575     0.218    -0.382     1.035     0.081     0.358     0.000     0.310     0.827     5.162     0.825    -0.002    -0.379 

ddG: V77G     8.013    11.050    -0.665    -4.258    -0.014     0.676    -0.001     0.898    -0.461    -0.059     0.318     0.000     1.218     0.187    -1.469     1.321    -0.001    -0.728 

ddG: V77H     6.446    -3.860     2.739     2.671     0.003     0.625     0.053    -0.190     0.635     0.075    -0.009     0.000     0.411     0.285     3.065     0.410     0.000    -0.467 

ddG: V77H     6.508    -6.040     2.233     4.222    -0.005     0.338     0.053    -0.344     0.642     0.021     0.372     0.000     0.290     0.323     4.174     0.696     0.000    -0.467 

ddG: V77I     0.789    -5.193     1.335     3.954     0.003    -2.116    -0.003     1.119    -0.441     0.036    -1.181     0.000     0.214    -0.103     2.743     0.317     0.001     0.105 

ddG: V77K    11.840    -0.531     1.256     6.315     0.004     0.873     0.113     0.701    -0.110     0.089     0.384     0.000     0.471     0.234     2.175     1.113    -0.003    -1.244 

ddG: V77L     1.888    -6.488     0.199     4.357    -0.008    -2.287     0.008     1.169    -0.585    -0.009    -1.185     0.000     0.124    -0.081     6.178     0.668    -0.001    -0.172 

ddG: V77M     4.453    -2.251     1.890     0.434    -0.007    -0.080     0.022    -0.302     0.270     0.048     0.464     0.000     0.266     0.242     3.459     0.708    -0.003    -0.706 

ddG: V77N     5.936    -2.931    -0.127     7.041    -0.018    -1.179     0.014     1.051    -0.361     0.011    -1.189     0.000     0.551     0.022     4.376     0.708    -0.001    -2.032 

ddG: V77P    10.756     4.276     3.056    -3.069    -0.002     1.134     1.776     1.159     0.475     0.164     0.005     0.000     2.295     1.327    -1.144     0.465    -0.001    -1.162 

ddG: V77Q     5.861    -7.036     0.425    10.237    -0.019    -2.505     0.068     1.140    -0.625     0.027    -1.161     0.000     0.121     0.034     6.469     1.003    -0.001    -2.317 

ddG: V77R    14.128    -3.990     2.134     9.708     0.025     0.612     0.466    -0.542     0.148     1.166    -0.723     0.000     0.228     0.152     4.995     0.828    -0.001    -1.077 

ddG: V77S     5.837     0.677    -0.550     6.039    -0.015    -2.744     0.004     1.145    -0.389    -0.033    -1.204     0.000     0.425    -0.113     2.344     0.936    -0.001    -0.685 

ddG: V77T     4.393    -1.494    -0.236     6.385    -0.011    -2.016     0.007     1.136    -0.181    -0.012    -1.205     0.000     0.335    -0.159     1.924     0.619     0.000    -0.699 

ddG: V77V     0.477    -3.410     0.023     3.759    -0.008    -2.005     0.008     1.150    -0.172    -0.006    -1.198     0.000     0.114    -0.104     2.000     0.327     0.000     0.000 

ddG: V77W     9.612   -10.229     5.704     1.545     0.096     0.593     0.251    -0.580     0.613     1.097     1.566     0.000     0.706     0.314     7.389     0.324    -0.001     0.222 

ddG: V77Y     5.471   -13.756     4.225     7.962     0.023    -1.732     0.241    -0.196     1.280     0.089    -1.154     0.000     0.078     0.723     7.613     0.814    -0.001    -0.739 

