ddG: description total fa_atr fa_rep fa_sol fa_intra_rep fa_elec pro_close hbond_sr_bb hbond_lr_bb hbond_bb_sc hbond_sc dslf_fa13 rama omega fa_dun p_aa_pp yhh_planarity ref 
ddG: F106A     6.869    13.752    -0.465    -2.602    -0.020    -0.036     0.019    -0.823    -0.055     0.663    -0.431    -0.036     0.118     0.374    -3.678    -0.131     0.026     0.196 

ddG: F106C     7.834    12.035    -0.379    -0.629    -0.021     0.017     0.019    -0.836    -0.064     0.665    -0.443    -0.046     0.372     0.339    -3.323     0.226    -0.006    -0.091 

ddG: F106D    12.130     7.601    -1.082     7.433    -0.005     1.144     0.016    -0.573    -0.188     0.595     0.051     0.061    -0.013     0.019    -0.923     0.082    -0.020    -2.069 

ddG: F106E    10.545     5.686    -0.103     6.488     0.005     0.444    -0.008    -0.765    -0.176     1.119    -0.426     0.045     0.576    -0.118     0.609    -0.425    -0.014    -2.391 

ddG: F106F     0.825    -0.266     0.313    -0.289     0.010     0.613     0.011    -0.584    -0.057     0.618     0.086    -0.004     0.050     0.276     0.007     0.012     0.028     0.000 

ddG: F106G    10.347    16.218    -1.784    -2.726    -0.007     0.192     0.002    -0.537    -0.320     0.655    -0.380     0.056     0.633    -0.409    -1.087     0.200    -0.011    -0.349 

ddG: F106H     5.657     2.721    -0.167     2.960    -0.016     0.873     0.015    -0.648    -0.070     0.438     0.967    -0.049     0.059     0.665    -1.908    -0.081    -0.014    -0.088 

ddG: F106H     5.469     2.653    -0.282     3.124    -0.017     0.896     0.023    -1.012     0.121     0.563     0.140    -0.006    -0.155     0.594    -0.942    -0.125    -0.017    -0.088 

ddG: F106I     4.316     7.851     1.309    -2.155     0.001    -0.028     0.074    -0.738    -0.076     0.771    -0.380    -0.049     0.271     0.445    -3.199    -0.247    -0.018     0.483 

ddG: F106K     8.796     5.395    -0.799     5.971    -0.023    -0.009    -0.002    -0.026    -0.164     0.122    -0.402    -0.063    -0.086    -0.296     0.014     0.038    -0.011    -0.865 

ddG: F106L     5.923     7.246     1.889    -2.190    -0.013     0.502     0.011    -0.262    -0.076     0.803    -0.476    -0.061     0.225     0.524    -2.165    -0.176    -0.064     0.207 

ddG: F106M     4.501     6.418     0.085    -0.175    -0.019     0.499     0.011    -0.904    -0.061     0.653     0.090    -0.006     0.230     0.356    -2.326    -0.050     0.028    -0.328 

ddG: F106N     7.123     7.884    -0.350     3.091    -0.011     0.241     0.015    -1.332     0.117     0.676    -0.301     0.040     0.159     0.446    -2.000     0.114    -0.013    -1.654 

ddG: F106P    21.346    11.272     6.075    -3.489    -0.015     1.722     0.581     1.031    -0.077     0.902     0.166     0.076     1.050     4.840    -2.460     0.456    -0.002    -0.783 

ddG: F106Q     6.219     5.010    -0.435     3.296    -0.014     0.574     0.010    -0.754    -0.186     0.644    -0.488     0.025     0.112    -0.045     0.397     0.025    -0.015    -1.938 

ddG: F106R     9.999     1.045     0.151    10.364    -0.009     0.514     0.025    -1.186     0.074     0.737     0.222    -0.032    -0.111     0.378    -1.164    -0.312     0.002    -0.698 

ddG: F106S     8.902    13.067    -0.503    -0.143    -0.024    -0.357     0.016    -0.812    -0.022     0.646    -0.434     0.056     0.246     0.386    -3.083     0.143     0.026    -0.306 

ddG: F106T     9.495    11.356    -0.114     1.080    -0.026    -0.660     0.004     0.641    -0.003     0.258    -0.368    -0.042     0.017     0.244    -2.809     0.253    -0.015    -0.321 

ddG: F106V     6.792    10.329     0.996    -2.324     0.007    -0.217     0.050    -0.684    -0.211     0.577    -0.381    -0.040     0.891     0.116    -2.310    -0.373    -0.012     0.379 

ddG: F106W     3.634    -4.461     2.014     2.303     0.013     0.628     0.011     0.441    -0.231     0.827    -0.472     0.022    -0.183     0.057     1.646     0.419    -0.002     0.601 

ddG: F106Y     1.594    -0.716     0.434     1.183     0.021     0.394     0.014    -0.758    -0.033     0.481    -0.505    -0.061     0.234     0.440     0.801     0.032    -0.007    -0.360 

