ddG: description total fa_atr fa_rep fa_sol fa_intra_rep fa_elec pro_close hbond_sr_bb hbond_lr_bb hbond_bb_sc hbond_sc dslf_fa13 rama omega fa_dun p_aa_pp yhh_planarity ref 
ddG: K10A     0.366     5.112    -0.262    -5.125    -0.007     1.442     0.062    -0.174     0.038     0.077    -0.768     0.085     0.139    -0.327    -0.995     0.000     0.008     1.061 

ddG: K10C     1.109     3.409     0.154    -3.708     0.006     1.967     0.049    -1.315     0.098     0.691    -0.676     0.004     0.126    -0.055    -0.691     0.283    -0.007     0.774 

ddG: K10D     5.007     1.747    -0.969     0.217     0.013     2.915     0.091     0.014    -0.128    -0.023    -0.377     0.112     0.055    -0.701     2.977     0.258     0.008    -1.204 

ddG: K10E     2.047     1.123     0.069    -0.314     0.003     1.985     0.040    -0.062    -0.037    -0.075    -0.358     0.046     0.150    -0.065     0.984     0.050     0.033    -1.526 

ddG: K10F     0.108    -0.392    -0.231    -2.973     0.030     2.471     0.140    -0.604     0.005    -0.066     1.130     0.130     0.229     0.174    -0.904     0.072     0.032     0.865 

ddG: K10G     2.863     6.970    -0.005    -5.706    -0.001     2.125     0.075    -0.721    -0.060     0.552    -0.855     0.001     0.505    -0.121    -0.957     0.546     0.000     0.516 

ddG: K10H     0.345     0.575     0.395    -2.428     0.001     1.254     0.136    -0.821    -0.037    -0.014    -0.845    -0.005     0.405    -0.142     0.711     0.373     0.009     0.777 

ddG: K10H     0.831    -0.158     0.354    -1.358     0.001     1.554     0.112    -0.273    -0.022    -0.642    -0.353     0.038     0.403    -0.216     0.237     0.342     0.035     0.777 

ddG: K10I    -0.551     0.337    -0.202    -3.787     0.037     2.559     0.053    -1.368    -0.052     0.669    -0.713    -0.017     0.215    -0.384     0.602     0.153    -0.002     1.348 

ddG: K10K     0.398    -0.922     0.395     0.168     0.006     0.263     0.018    -0.562    -0.030     0.693    -0.960     0.118     0.054    -0.082     1.040     0.169     0.028     0.000 

ddG: K10L     0.684     0.013     0.249    -3.634     0.014     2.494     0.056    -0.516    -0.205     0.556    -0.846    -0.001     0.202    -0.253     1.341     0.145    -0.003     1.072 

ddG: K10M     0.020     1.190     0.005    -3.275     0.005     1.819     0.034     0.004    -0.018     0.047    -0.344     0.043     0.179    -0.153    -0.059    -0.015     0.021     0.537 

ddG: K10N     1.853     1.460    -0.045    -1.132     0.000     2.018    -0.002    -0.477     0.017     0.105    -0.810     0.096     0.375    -0.035     0.698     0.386    -0.013    -0.789 

ddG: K10P     7.776     3.545     5.143    -7.140     0.003     3.248     0.148     1.473     0.085     0.296     0.741    -0.012     0.274     2.691    -2.186    -0.613    -0.004     0.082 

ddG: K10Q    -0.738     1.574     0.010    -2.973     0.005     1.645     0.033    -0.595    -0.035    -0.392    -0.851    -0.003     0.142    -0.033     1.681     0.126     0.004    -1.073 

ddG: K10R     1.390     0.698    -0.298    -0.329     0.011     1.882     0.045    -0.553    -0.017     0.137    -0.803     0.006     0.110    -0.103     0.314     0.112     0.013     0.167 

ddG: K10S     1.835     4.932    -0.737    -3.007     0.003     1.558     0.077     0.236    -0.013    -0.167     1.127     0.028    -0.197     0.029    -2.445    -0.166     0.020     0.559 

ddG: K10T     1.537     3.175     0.155    -2.692     0.013     1.929     0.067    -1.432     0.097     0.684    -0.677     0.003     0.258    -0.080    -0.732     0.224     0.001     0.544 

ddG: K10V     0.354     1.581     0.312    -3.760     0.028     2.502     0.048    -1.399     0.095     0.689    -0.160     0.040     0.231    -0.074    -1.173     0.132     0.017     1.244 

ddG: K10W    -0.894    -3.216     0.322    -1.570     0.046     2.308     0.095    -1.412     0.091     0.616    -0.204     0.040     0.088    -0.130     0.475     0.071     0.019     1.466 

ddG: K10Y    -1.436    -0.716    -0.054    -2.699     0.039     1.936     0.128    -1.263     0.135     0.105    -0.231     0.043     0.107    -0.012     0.426     0.105     0.010     0.505 

