ddG: description total fa_atr fa_rep fa_sol fa_intra_rep fa_elec pro_close hbond_sr_bb hbond_lr_bb hbond_bb_sc hbond_sc dslf_fa13 rama omega fa_dun p_aa_pp yhh_planarity ref 
ddG: A9A     1.946     0.372    -2.563     0.840     0.011     2.233     0.013     0.377    -0.123     1.510     2.269     0.000    -0.021     0.218    -3.004    -0.182    -0.003     0.000 

ddG: A9C     2.892    -0.926    -2.548     1.807     0.013     2.555     0.011     0.383    -0.177     1.516     2.261     0.000    -0.105     0.481    -1.931    -0.158    -0.003    -0.287 

ddG: A9D     6.536    -7.611    -0.008    12.549    -0.012    -1.094     0.003     0.117     0.098     0.116    -0.365     0.000     0.078     0.743     3.800     0.368     0.019    -2.265 

ddG: A9E     2.749    -6.803    -1.009     8.057     0.017     0.959     0.012     0.094     0.317     0.180     1.185     0.000    -0.176     0.974     1.698    -0.180     0.008    -2.586 

ddG: A9F    -2.621   -12.651    -1.245     5.218     0.035     2.784     0.013     0.075     0.031     0.447     1.772     0.000    -0.074     0.799     0.727    -0.413     0.059    -0.196 

ddG: A9G     3.263     3.369    -1.994    -0.970     0.020     2.279     0.006    -0.051     0.012     0.419     2.695     0.000     0.513    -0.110    -2.579     0.185     0.015    -0.545 

ddG: A9H     1.544    -8.421    -1.970     4.241     0.017     3.243     0.003     0.322    -0.183     1.636     2.021     0.000    -0.005     0.847     0.112    -0.046     0.012    -0.284 

ddG: A9H     1.527    -8.874    -1.832     4.550     0.021     3.733     0.005     0.078    -0.027     1.631     2.348     0.000    -0.166     1.066    -0.488    -0.247     0.011    -0.284 

ddG: A9I    -0.610    -6.428     2.466     2.227     0.014    -1.195    -0.001     0.249    -0.087    -0.073    -0.889     0.000    -0.299     0.641     2.587    -0.129     0.018     0.288 

ddG: A9K     1.227    -5.138    -1.746     5.766     0.010     1.216     0.008     0.190    -0.210     0.393     1.963     0.000    -0.105     0.369    -0.300    -0.134     0.004    -1.061 

ddG: A9L    -0.115    -4.582    -1.050     0.929     0.015     1.140     0.005     0.143    -0.287     0.438     2.034     0.000     0.071     0.335     0.595     0.078     0.009     0.011 

ddG: A9M     0.009    -3.840    -0.918     2.110     0.006     1.086     0.008     0.340    -0.184     0.341     1.930     0.000    -0.183     0.393    -0.350    -0.210     0.003    -0.523 

ddG: A9N     4.209    -4.926    -3.465     6.254     0.009     2.539     0.006     0.195     0.062     1.326     1.806     0.000    -0.228     0.726     1.525     0.211     0.019    -1.849 

ddG: A9P    15.437    -4.569     4.241     0.598     0.021     2.492     2.286    -0.060     1.898     0.379     3.027     0.000     1.174     1.822     2.392     0.659     0.057    -0.979 

ddG: A9Q     0.709    -5.515    -1.193     4.506     0.010     0.979     0.004     0.163    -0.019     0.398     1.970     0.000    -0.248     0.659     1.401    -0.275     0.002    -2.134 

ddG: A9R     1.900    -8.433    -1.583     8.953     0.018     1.261     0.010     0.203    -0.148     0.323     1.948     0.000    -0.208     0.370     0.392    -0.317     0.006    -0.894 

ddG: A9S     3.958    -0.977    -2.237     2.986     0.018     2.857     0.009     0.137     0.073     1.548     2.148     0.000    -0.291     0.551    -1.926    -0.445     0.009    -0.502 

ddG: A9T     3.885    -1.736    -1.751     3.062     0.012     2.768     0.005     0.345    -0.033     1.613     2.347     0.000    -0.349     0.772    -2.227    -0.429     0.002    -0.516 

ddG: A9V     2.588    -3.886     1.540     1.697     0.006     0.624    -0.002     0.418     0.063     1.124    -0.435     0.000    -0.458     1.169     0.796    -0.258     0.007     0.183 

ddG: A9W    -0.226   -14.934     2.534     5.064     0.028     1.572    -0.011    -0.160     0.026     0.698    -0.021     0.000    -0.495     1.761     3.835    -0.545     0.016     0.405 

ddG: A9Y    -0.821    -9.933    -1.502     4.321     0.034     2.839     0.006     0.148    -0.237     1.658     2.420     0.000    -0.083     0.775    -0.379    -0.368     0.037    -0.556 

