ddG: description total fa_atr fa_rep fa_sol fa_intra_rep fa_elec pro_close hbond_sr_bb hbond_lr_bb hbond_bb_sc hbond_sc dslf_fa13 rama omega fa_dun p_aa_pp yhh_planarity ref 
ddG: W37A     2.942    12.676     1.464    -4.406    -0.052    -2.444    -0.013     0.029    -0.212    -0.399    -3.175     0.000    -0.382     0.020     0.263    -0.013    -0.009    -0.405 

ddG: W37C     3.090     9.497    -0.634    -0.351    -0.048    -2.544     0.000     0.173    -0.246    -0.049    -0.821     0.000    -0.404    -0.369    -0.490     0.066     0.002    -0.692 

ddG: W37D     6.419    11.192    -2.896     0.222    -0.047    -1.518     0.007     0.594    -0.111     0.727    -0.691     0.000    -0.402    -0.056     1.975     0.096    -0.002    -2.670 

ddG: W37E     4.135     7.489    -1.956     3.446    -0.047    -2.635     0.002     0.139    -0.075    -0.287    -0.841     0.000    -0.282    -0.395     2.358     0.205     0.004    -2.992 

ddG: W37F     1.054     6.690    -0.436    -3.140    -0.009    -0.011    -0.002    -0.107    -0.023     0.029     0.072     0.000    -0.184    -0.114    -0.734    -0.374    -0.002    -0.601 

ddG: W37G     3.843    15.347    -1.721    -5.469    -0.046    -1.250     0.010     0.587    -0.239     0.964    -0.475     0.000    -0.091    -0.022    -2.482    -0.303    -0.016    -0.950 

ddG: W37H     3.396     5.647    -1.543     2.281    -0.050    -2.745     0.009     0.595    -0.328     0.883    -1.297     0.000    -0.391    -0.065     0.966     0.138    -0.016    -0.689 

ddG: W37H     2.815     8.126    -2.112    -1.814    -0.041    -1.564    -0.004     0.147    -0.073    -0.282    -0.205     0.000    -0.259    -0.384     1.864     0.100     0.005    -0.689 

ddG: W37I     4.841     7.892    -0.539    -2.650    -0.018    -0.508     0.005     0.534    -0.130     0.772    -0.804     0.000    -0.243     2.134    -1.572     0.090    -0.005    -0.118 

ddG: W37K     2.133    10.406     0.024    -1.610    -0.051    -3.655     0.000     0.647    -0.247     0.610    -3.256     0.000    -0.385    -0.167     1.235     0.054    -0.005    -1.466 

ddG: W37L     1.150     9.478    -1.600    -2.852    -0.036    -1.286     0.009     0.603    -0.288     0.944    -0.490     0.000    -0.250    -0.191    -2.303    -0.178    -0.016    -0.394 

ddG: W37M     1.288     7.549     0.943    -0.586    -0.058    -3.592    -0.005     0.247    -0.129    -0.509    -2.787     0.000    -0.184    -0.348     1.404     0.271     0.000    -0.928 

ddG: W37N     3.187    10.340    -2.091    -1.899    -0.041    -1.736     0.001     0.160    -0.092    -0.265    -0.189     0.000    -0.217    -0.391     1.754     0.104     0.003    -2.255 

ddG: W37P     6.256    10.581     1.738    -5.209    -0.036     0.103     0.085     0.670     1.352     0.140     0.077     0.000     0.255     0.238    -1.425    -0.925    -0.005    -1.384 

ddG: W37Q     0.357     9.006    -0.725    -1.105    -0.036    -2.409     0.005     0.145    -0.291    -0.146    -0.532     0.000    -0.034    -0.426    -0.513    -0.031    -0.011    -2.539 

ddG: W37R     2.828     7.341    -2.344     1.777    -0.032    -2.656     0.001     0.101    -0.133    -0.283    -1.398     0.000    -0.118    -0.383     1.988     0.262     0.004    -1.299 

ddG: W37S     3.396    12.602    -0.706    -3.823    -0.038    -1.507     0.004     0.186    -0.194    -0.126    -0.025     0.000    -0.110    -0.451    -1.270    -0.229    -0.012    -0.907 

ddG: W37T     2.925    10.103    -0.585    -0.323    -0.036    -2.051     0.005     0.175    -0.160    -0.094     0.017     0.000    -0.131    -0.324    -2.426    -0.311    -0.012    -0.921 

ddG: W37V     4.717    10.399    -0.410    -3.210    -0.028    -1.228     0.009     0.556    -0.111     0.857    -0.479     0.000    -0.237     1.028    -2.099    -0.090    -0.017    -0.222 

ddG: W37W     0.064     0.808     0.764     1.323    -0.031    -3.148     0.000     0.716    -0.218     0.662    -3.184     0.000    -0.258     0.026     2.413     0.194    -0.003     0.000 

ddG: W37Y     0.150     7.211     0.217    -1.649    -0.032    -3.456     0.001     0.610    -0.226     0.627    -3.157     0.000    -0.464    -0.221     1.689    -0.035    -0.003    -0.961 

