ddG: description total fa_atr fa_rep fa_sol fa_intra_rep fa_elec pro_close hbond_sr_bb hbond_lr_bb hbond_bb_sc hbond_sc dslf_fa13 rama omega fa_dun p_aa_pp yhh_planarity ref 
ddG: W80A     9.447    18.020    -0.366    -4.322    -0.030     0.163     0.011     0.027     0.068    -0.026    -0.049     0.001     0.237     0.007    -4.170     0.291    -0.011    -0.405 

ddG: W80C     9.819    16.774    -0.345    -2.808    -0.028     0.183     0.008     0.015    -0.011    -0.025    -0.013     0.002     0.021    -0.014    -3.525     0.301    -0.022    -0.692 

ddG: W80D    14.628    14.008    -0.219     3.568    -0.026     0.400     0.011     0.001     0.078    -0.032    -0.131    -0.001     0.318    -0.026    -1.266     0.642    -0.026    -2.670 

ddG: W80E    13.060    11.379    -0.280     4.878    -0.019    -0.151     0.004     0.036     0.093    -0.013    -0.033     0.000     0.069     0.008    -0.229     0.322    -0.013    -2.992 

ddG: W80F     1.470     6.877    -0.230    -3.080     0.000     0.126     0.007     0.034    -0.038     0.061    -0.004     0.001    -0.097    -0.023    -1.598     0.039    -0.006    -0.601 

ddG: W80G    12.287    20.336    -0.435    -3.943    -0.031     0.360     0.005     0.000     0.021    -0.009    -0.176     0.001     0.632    -0.029    -4.273     0.786    -0.009    -0.950 

ddG: W80H     6.627     9.010    -0.288    -0.078    -0.025     0.406     0.010     0.029     0.005    -0.027    -0.070     0.000     0.104    -0.037    -2.037     0.329    -0.015    -0.689 

ddG: W80H     6.663     8.969    -0.297    -0.016    -0.025     0.406     0.005     0.027     0.019    -0.024    -0.053     0.001     0.067    -0.030    -1.992     0.303    -0.008    -0.689 

ddG: W80I     7.948    12.869     1.499    -4.304    -0.004    -0.066    -0.016     0.152     0.221    -0.003    -0.116     0.004    -0.070     0.009    -2.131     0.049    -0.028    -0.118 

ddG: W80K    12.354     9.880    -0.188     4.234    -0.019     0.519     0.025     0.046     0.019    -0.021    -0.034     0.002     0.035     0.012    -0.952     0.278    -0.014    -1.466 

ddG: W80L     6.617    13.342     0.448    -4.663    -0.019     0.050    -0.006     0.207     0.169    -0.063     0.008     0.007    -0.042     0.426    -2.839    -0.013    -0.001    -0.394 

ddG: W80M     6.461    11.250    -0.268    -2.360    -0.024     0.132     0.005     0.040     0.027    -0.027    -0.033     0.002    -0.017     0.008    -1.517     0.182    -0.010    -0.928 

ddG: W80N    10.995    13.549    -0.293     0.054    -0.025     0.592     0.007     0.038     0.032    -0.035    -0.026     0.002     0.144    -0.023    -1.263     0.511    -0.015    -2.255 

ddG: W80P    19.135    13.543     4.141    -3.803    -0.013     0.472     2.103    -0.068     1.509     0.103    -0.121    -0.001     1.434     1.469    -1.425     1.199    -0.023    -1.384 

ddG: W80Q     8.117    10.453    -0.245     1.272    -0.020     0.041     0.013     0.048     0.005    -0.033    -0.018     0.002     0.050     0.009    -1.227     0.317    -0.012    -2.539 

ddG: W80R    13.557     4.835     0.088     9.372    -0.012     0.506     0.021     0.022     0.014     0.000     0.012     0.003     0.056     0.132    -0.448     0.278    -0.024    -1.299 

ddG: W80S    10.452    17.601    -0.356    -2.409    -0.025    -0.324     0.014     0.032     0.062    -0.024    -0.034     0.001     0.123     0.004    -3.685     0.394    -0.015    -0.907 

ddG: W80T    10.770    15.770     0.614    -1.245    -0.018     0.156     0.008     0.076     0.129    -0.008    -0.012     0.005     0.073     0.119    -4.021     0.069    -0.024    -0.921 

ddG: W80V     8.472    14.355     0.976    -4.093    -0.005    -0.102     0.003    -0.019     0.199     0.058    -0.147    -0.001    -0.064     0.108    -2.436    -0.114    -0.023    -0.222 

ddG: W80W     0.004    -0.012     0.019    -0.010     0.000    -0.007     0.001     0.004     0.002    -0.004    -0.004     0.000     0.006     0.005    -0.001     0.005     0.001     0.000 

ddG: W80Y     2.231     6.014    -0.218    -1.183     0.001     0.247     0.016     0.022    -0.055     0.055    -0.017     0.001    -0.046    -0.006    -1.729     0.100    -0.008    -0.961 

