ddG: description total fa_atr fa_rep fa_sol fa_intra_rep fa_elec pro_close hbond_sr_bb hbond_lr_bb hbond_bb_sc hbond_sc dslf_fa13 rama omega fa_dun p_aa_pp yhh_planarity ref 
ddG: K2A     0.042     2.895    -1.816    -2.013     0.008     0.802     0.011     0.116    -0.287     0.391     2.771     0.000     0.037    -0.569    -3.041    -0.328     0.005     1.061 

ddG: K2C     0.003     1.611    -1.755    -0.112     0.005     0.696     0.011     0.110    -0.196     0.387     2.802     0.000    -0.041    -0.530    -3.265    -0.497     0.005     0.774 

ddG: K2D     2.789     1.390    -2.618     1.066     0.006     0.425     0.008     0.090    -0.087    -0.153     2.612     0.000    -0.086    -0.473     1.908    -0.102     0.006    -1.204 

ddG: K2E     1.293     0.576    -1.710    -0.237     0.021     1.942     0.008    -0.078    -0.064     0.386     2.800     0.000     0.130    -0.133    -0.737    -0.086     0.002    -1.526 

ddG: K2F     1.279    -3.284     0.925     1.816     0.030    -0.605    -0.004     0.174     0.101     1.571     0.215     0.000    -0.237    -0.203     0.576    -0.648    -0.011     0.865 

ddG: K2G     0.887     3.830    -3.185    -1.941     0.001     0.702     0.009     0.084    -0.056     0.277     2.616     0.000     0.008    -0.412    -0.615    -0.954     0.006     0.516 

ddG: K2H     0.374    -2.516     0.274     1.913    -0.003    -0.253     0.001    -0.009     0.054     0.026     0.061     0.000    -0.265     0.075     0.529    -0.289     0.000     0.777 

ddG: K2H     2.113    -0.782    -2.282     0.219     0.011     2.515     0.013     0.331    -0.112     1.483     2.308     0.000    -0.331     0.211    -1.783    -0.463    -0.003     0.777 

ddG: K2I     1.362     0.513    -2.755     0.289     0.018     0.384     0.009     0.081    -0.250     0.210     2.664     0.000     0.037    -0.447    -0.816     0.070     0.006     1.348 

ddG: K2K     1.067     1.451    -3.172    -0.329     0.007     0.734     0.008     0.095    -0.149     0.186     2.603     0.000    -0.045    -0.468     0.086     0.054     0.006     0.000 

ddG: K2L     1.609     1.338    -2.738    -1.427     0.025     1.352     0.016     0.547    -0.285     1.535     2.366     0.000     0.240    -0.263    -2.435     0.267     0.001     1.072 

ddG: K2M     0.404    -0.189    -1.753    -0.474     0.012     1.945     0.005    -0.115    -0.011     0.506     2.910     0.000    -0.055    -0.127    -2.457    -0.333     0.002     0.537 

ddG: K2N     0.856     0.942    -0.859     1.242    -0.006    -1.039     0.008     0.648    -0.187     1.049    -0.382     0.000    -0.251    -0.045     0.956    -0.416    -0.015    -0.789 

ddG: K2P     1.233     1.755    -2.509    -1.436     0.007     2.271     0.110     0.320     0.165     1.476     2.282     0.000    -0.155     0.706    -3.299    -0.534    -0.007     0.082 

ddG: K2Q     1.183     1.619    -2.660    -0.474     0.009     0.964     0.017     0.564    -0.319     1.476     2.321     0.000    -0.069    -0.244    -0.764    -0.169    -0.014    -1.073 

ddG: K2R     2.846    -0.251    -2.645     2.993     0.016     1.065     0.016     0.569    -0.299     1.463     2.301     0.000    -0.089    -0.194    -2.087    -0.180     0.001     0.167 

ddG: K2S     0.966     2.824    -3.209    -0.763     0.002     0.428     0.011     0.097    -0.116     0.164     2.566     0.000    -0.318    -0.470    -0.507    -0.310     0.009     0.559 

ddG: K2T    -0.049     2.126    -2.548    -0.335     0.013    -0.071     0.015     0.573    -0.171     1.320     2.328     0.000     0.174    -0.145    -3.124    -0.734    -0.013     0.544 

ddG: K2V     1.391     0.914    -2.597    -0.009     0.018     0.365     0.007     0.088    -0.288     0.208     2.658     0.000    -0.078    -0.419    -0.783     0.059     0.006     1.244 

ddG: K2W    -1.115    -5.296     0.806     0.490     0.028     0.254     0.001     0.067    -0.091     0.565     0.153     0.000    -0.424     0.199     1.119    -0.449    -0.004     1.466 

ddG: K2Y     1.019    -2.175    -1.952     0.913     0.035     2.311     0.013     0.325    -0.099     1.503     2.303     0.000    -0.396     0.351    -2.059    -0.557    -0.001     0.505 

