ddG: description total fa_atr fa_rep fa_sol fa_intra_rep fa_elec pro_close hbond_sr_bb hbond_lr_bb hbond_bb_sc hbond_sc dslf_fa13 rama omega fa_dun p_aa_pp yhh_planarity ref 
ddG: G28A    -1.175    -0.037     1.567    -1.004     0.004     0.646     0.000    -1.675     0.215    -0.354     0.137     0.000     0.313     0.381    -1.111    -0.799    -0.002     0.545 

ddG: G28C     1.877    -2.468     1.635     2.018     0.004     0.050     0.001    -0.399    -0.002     0.087     0.118     0.000     0.121     0.306     0.595    -0.446    -0.001     0.258 

ddG: G28D     4.147    -9.250     1.959    11.436     0.008    -1.506     0.007    -0.222     0.036     0.133    -1.422     0.000     0.207     0.029     5.150    -0.699    -0.001    -1.720 

ddG: G28E     3.941    -5.434     1.661     6.143     0.017     0.549    -0.002    -0.116     0.039     0.147    -0.162     0.000    -0.139    -0.027     3.747    -0.441    -0.001    -2.041 

ddG: G28F     1.261    -7.009     1.791     3.002     0.040     0.682     0.003    -0.449    -0.035     0.128     0.127     0.000     0.181     0.162     2.314    -0.025    -0.001     0.349 

ddG: G28G    -0.011     2.113     0.306    -1.475     0.007     0.302     0.000     0.204     0.060     0.083    -0.376     0.000    -0.144    -0.108    -0.966    -0.017     0.000     0.000 

ddG: G28H     1.119    -4.804     1.754     1.872     0.010     1.211     0.001    -0.512    -0.049     0.093     0.140     0.000     0.332     0.202     0.758    -0.149    -0.002     0.261 

ddG: G28H     0.801   -11.735     1.759     9.659     0.005    -1.663     0.007    -0.264     0.013     0.144    -1.422     0.000     0.033    -0.093     4.250    -0.152    -0.001     0.261 

ddG: G28I    -0.913    -7.912     1.747     6.599     0.038    -1.798     0.008    -1.470     0.183     0.119    -1.422     0.000    -0.021     0.040     2.823    -0.677    -0.001     0.833 

ddG: G28K    -1.910    -1.902     2.000     1.354     0.013    -0.939     0.003    -1.731     0.167     0.069    -0.458     0.000     0.137     0.462     0.116    -0.685    -0.001    -0.516 

ddG: G28L    -0.005    -2.959     1.334     1.142     0.018     0.889     0.002    -1.581     0.062     0.075     0.159     0.000     0.404     0.450     0.091    -0.646    -0.001     0.556 

ddG: G28M     0.349    -7.598     1.695     6.992     0.007    -1.688     0.005    -1.449     0.189     0.134    -1.418     0.000    -0.045     0.013     4.075    -0.583    -0.001     0.022 

ddG: G28N     1.517    -5.566     2.152     4.983     0.010     0.017     0.002    -1.696     0.222     0.093     0.129     0.000     0.686     0.104     2.454    -0.769    -0.002    -1.304 

ddG: G28P     7.023    -6.765     6.905     6.095     0.005    -1.389     0.039     0.006     0.075     0.116    -1.467     0.000     0.334     0.271     3.498    -0.264    -0.002    -0.434 

ddG: G28Q    -0.156    -9.303     1.777     9.027     0.008    -2.625     0.007    -0.218     0.020    -0.885    -1.414     0.000    -0.139     0.036     5.360    -0.216    -0.001    -1.589 

ddG: G28R     0.350    -9.228     1.643     9.922     0.013    -2.854     0.009    -1.403     0.158     0.117    -1.378     0.000    -0.106     0.041     4.470    -0.703    -0.001    -0.349 

ddG: G28S     0.912    -5.956     1.619     7.280     0.001    -2.503     0.007    -0.217     0.029     0.122    -1.400     0.000    -0.053    -0.050     2.426    -0.437    -0.001     0.043 

ddG: G28T     2.524    -6.876     1.762     7.544     0.014    -2.509     0.005    -0.212     0.029     0.120    -1.400     0.000     0.111    -0.074     4.039    -0.058    -0.001     0.029 

ddG: G28V     0.366    -4.836     1.919     4.177     0.030    -1.399     0.006    -0.269     0.013     0.116    -1.374     0.000     0.180     0.013     1.356    -0.294    -0.001     0.728 

ddG: G28W     1.376    -8.280     2.069     4.150     0.036     0.823     0.001    -0.439    -0.044     0.130     0.117     0.000     0.036     0.165     1.712    -0.049    -0.001     0.950 

ddG: G28Y    -0.258    -7.907     2.462     3.798     0.038     0.164     0.001    -1.666     0.129     0.093    -0.265     0.000     0.645     0.196     2.117    -0.612     0.562    -0.011 

