ddG: description total fa_atr fa_rep fa_sol fa_intra_rep fa_elec pro_close hbond_sr_bb hbond_lr_bb hbond_bb_sc hbond_sc dslf_fa13 rama omega fa_dun p_aa_pp yhh_planarity ref 
ddG: S16A    -0.409     1.116     0.188    -3.518     0.004     1.250    -0.019    -0.157    -0.031    -0.001     0.963    -0.042     0.119     0.240    -1.035     0.011     0.001     0.502 

ddG: S16C     1.185    -0.062     0.822    -1.769     0.010     1.138     0.013    -0.339     0.004     0.043     0.954     0.032     0.177     0.235    -0.211    -0.055    -0.021     0.215 

ddG: S16D     3.676    -3.448     0.174     4.024     0.017     1.230     0.025    -0.703    -0.051     0.003     1.052    -0.055     0.088    -0.160     3.122     0.139    -0.018    -1.763 

ddG: S16E     4.231    -3.769     1.644     3.023     0.015     1.304    -0.020    -0.405    -0.049    -0.032     0.954    -0.057     0.229     0.289     2.982     0.203     0.003    -2.085 

ddG: S16F    -0.651    -7.335     1.872    -0.863     0.041     1.259    -0.024    -0.363     0.142    -0.557     1.540     0.004    -0.042     0.334     3.169    -0.142     0.007     0.306 

ddG: S16G     2.217     4.575    -0.182    -4.089    -0.003     1.671    -0.008    -0.488     0.146     0.039     1.094    -0.027     0.144     0.412    -0.992    -0.009    -0.021    -0.043 

ddG: S16H     0.326    -6.179     1.268     0.622     0.009     0.827     0.021    -0.175    -0.033     0.022     0.968    -0.045     0.326     0.010     2.272     0.189     0.006     0.218 

ddG: S16H     0.233    -6.236     0.857     1.302     0.008     0.527     0.012     0.511     0.031    -0.482     1.560    -0.003     0.175    -0.234     1.848     0.130     0.010     0.218 

ddG: S16I     3.206    -3.652     3.584    -2.461     0.048     1.345    -0.065    -0.155    -0.014     0.340     0.981     0.043     0.299     0.275     1.676     0.195    -0.022     0.789 

ddG: S16K     1.715    -3.353     1.421     1.318     0.011     0.827     0.008    -0.453     0.003    -0.031     0.950     0.031     0.243     0.273     1.026     0.015    -0.015    -0.559 

ddG: S16L     0.437    -3.698     1.712    -1.715     0.027     1.531     0.037     0.005    -0.200     0.052     0.942    -0.064     0.135    -0.238     1.243     0.140     0.015     0.513 

ddG: S16M     1.039    -4.586     0.610    -0.910     0.019     2.140     0.007    -0.196    -0.209    -0.126     1.428    -0.033    -0.051     0.006     3.007    -0.055     0.010    -0.022 

ddG: S16N     3.425    -3.496    -0.205     1.851     0.084     1.058     0.022     0.519    -0.121    -0.573     1.439    -0.026     0.113    -0.412     4.455     0.072    -0.007    -1.348 

ddG: S16P    14.859     1.359     9.039    -3.785     0.013     1.176     1.116     1.144    -0.030    -0.620     1.405    -0.019     0.242     1.547     2.500     0.225     0.022    -0.477 

ddG: S16Q     0.725    -4.384     1.511     1.241     0.019     1.893     0.009    -0.980     0.136    -0.039     0.934     0.067    -0.047     0.432     1.752    -0.214     0.027    -1.632 

ddG: S16R     2.746    -7.110     1.518     5.364     0.021     0.475     0.025    -0.292    -0.045    -0.078     1.231    -0.015     0.129     0.094     1.782     0.040    -0.001    -0.392 

ddG: S16S     0.578    -0.081     0.180    -0.128     0.005     0.309    -0.012    -0.190     0.007    -0.052     0.965     0.043     0.088     0.401    -0.809    -0.165     0.017     0.000 

ddG: S16T     2.615     1.354     0.525    -2.296     0.025     2.865     0.059    -1.067     0.110    -0.138     1.792    -0.048     0.049     0.447    -0.656    -0.393     0.003    -0.015 

ddG: S16V     0.899    -1.986     2.388    -2.497     0.012     0.727     0.256     0.694     0.003    -0.513     0.944    -0.035     0.305     0.755    -0.708    -0.121    -0.010     0.685 

ddG: S16W     2.028   -10.927     4.169     0.129     0.065     1.892    -0.102     0.342    -0.194     0.279     1.479    -0.001     0.214     0.169     3.390     0.135     0.082     0.907 

ddG: S16Y     0.567    -8.042     2.233    -0.103     0.044     1.644    -0.043     0.121    -0.053     0.022     1.492    -0.011     0.112     0.026     3.111     0.072    -0.004    -0.054 

