ddG: description total fa_atr fa_rep fa_sol fa_intra_rep fa_elec pro_close hbond_sr_bb hbond_lr_bb hbond_bb_sc hbond_sc dslf_fa13 rama omega fa_dun p_aa_pp yhh_planarity ref 
ddG: E119A    -1.354     2.025    -0.073    -2.523     0.000    -0.202     0.000     0.221     0.050     0.057    -0.382     0.000    -0.239    -0.209    -2.645    -0.021     0.000     2.586 

ddG: E119C    -0.505     0.890    -0.012    -1.033     0.001    -0.185    -0.002     0.253     0.065     0.070    -0.396     0.000    -0.091    -0.207    -2.557     0.400     0.000     2.300 

ddG: E119D     0.471    -1.474     0.050     3.648     0.005    -0.887    -0.001     0.264     0.037     0.053    -0.421     0.000    -0.155    -0.188    -1.012     0.232     0.000     0.322 

ddG: E119E     0.006    -0.008     0.006     0.002     0.000     0.017    -0.001     0.004     0.011     0.006    -0.014     0.000    -0.006    -0.012     0.004    -0.003     0.000     0.000 

ddG: E119F     0.710    -6.886     0.216     0.094     0.037     2.175     0.004     0.350    -0.005    -0.022     1.513     0.000    -0.177    -0.249     0.995     0.275     0.000     2.391 

ddG: E119G     1.228     1.474    -0.252    -0.024    -0.002    -0.887    -0.002     0.267     0.051     0.040    -0.398     0.000     0.043    -0.270    -1.398     0.545     0.000     2.041 

ddG: E119H    -0.270    -0.715     0.169    -3.134     0.000     1.198     0.003     0.094     0.030     0.002    -0.561     0.000     0.014    -0.087     0.169     0.245     0.000     2.303 

ddG: E119H     0.241    -3.560     0.057    -0.311    -0.002     0.586     0.003     0.161     0.017    -0.027    -0.557     0.000    -0.059    -0.171     1.510     0.291     0.000     2.303 

ddG: E119I     0.421    -2.691     0.809    -1.402     0.022    -0.007     0.013    -0.023    -0.011    -0.074    -0.103     0.000     0.152    -0.217     0.882     0.196     0.000     2.874 

ddG: E119K     0.627    -3.609     0.050     2.853     0.005    -0.611     0.000     0.410     0.061     0.042    -0.419     0.000    -0.316    -0.246     0.682     0.199     0.000     1.526 

ddG: E119L    -1.505     1.294    -0.104    -5.255     0.002     2.009     0.001     0.038     0.012     0.005     0.445     0.000     0.038    -0.127    -2.487     0.025     0.000     2.598 

ddG: E119M    -1.328    -3.318     0.292    -0.993     0.003     0.126     0.002     0.199     0.009    -0.044    -0.225     0.000    -0.168    -0.146     0.865     0.006     0.000     2.063 

ddG: E119N    -0.755    -1.499     0.026     1.187     0.004     0.089    -0.001     0.266     0.062     0.059    -0.348     0.000     0.006    -0.210    -1.446     0.315     0.000     0.737 

ddG: E119P    14.334     1.374     5.319    -5.645     0.030     2.158     0.623     2.123    -0.002    -0.152     0.994     0.000     0.562     2.774     2.336     0.232     0.000     1.608 

ddG: E119Q    -1.470    -7.034     0.022     5.586    -0.005    -1.772     0.002     0.213     0.038     0.026    -1.610     0.000    -0.212    -0.265     3.031     0.055     0.000     0.453 

ddG: E119R     0.287    -3.553     0.120     2.370     0.010    -0.667     0.021     0.098     0.024     0.065    -1.131     0.000    -0.113    -0.122     1.448     0.024     0.000     1.692 

ddG: E119S     0.268    -1.236    -0.249     2.174    -0.001    -1.396    -0.001     0.351     0.057     0.042    -0.417     0.000    -0.273    -0.312    -0.891     0.335     0.000     2.085 

ddG: E119T     0.855    -2.294     1.089     2.637     0.005    -1.737     0.009     0.401     0.072     0.074    -0.377     0.000    -0.162    -0.282    -0.972     0.322    -0.001     2.070 

ddG: E119V     0.774    -0.482     1.015    -1.404     0.018    -0.227     0.005     0.046    -0.036     0.005    -0.293     0.000     0.304    -0.214    -1.107     0.377     0.000     2.769 

ddG: E119W    -1.643    -7.733     0.563    -1.065     0.025     2.790     0.008     0.192     0.034     0.008     1.536     0.000    -0.171    -0.154    -0.789     0.122     0.000     2.992 

ddG: E119Y    -1.301    -5.751     0.313     0.434     0.051    -0.048     0.006     0.204     0.017    -0.026    -1.103     0.000    -0.165    -0.174     2.542     0.304     0.066     2.031 

