ddG: description total fa_atr fa_rep fa_sol fa_intra_rep fa_elec pro_close hbond_sr_bb hbond_lr_bb hbond_bb_sc hbond_sc dslf_fa13 rama omega fa_dun p_aa_pp yhh_planarity ref 
ddG: Y111A     6.296    10.031    -0.173    -5.062    -0.036     1.678     0.013    -0.166    -0.063     1.686    -0.518    -0.115     0.483    -0.304    -2.179     0.543    -0.078     0.556 

ddG: Y111C     4.963     9.934    -0.549    -2.995    -0.039     0.140    -0.016     0.556     0.049     0.559    -0.055     0.008    -0.009    -0.120    -2.661    -0.077    -0.031     0.269 

ddG: Y111D     6.657     6.444     0.104     2.302    -0.022     0.585     0.002    -0.016     0.030     0.606    -0.530    -0.101    -0.122     0.138    -0.832    -0.155    -0.066    -1.709 

ddG: Y111E     6.911     5.998    -0.759     2.398    -0.022     0.099     0.006    -0.557     0.108     1.083     1.018    -0.063    -0.138     0.419    -0.282    -0.340    -0.024    -2.031 

ddG: Y111F     1.173     0.981     0.386    -2.527    -0.001     0.724    -0.005    -0.086    -0.010     1.294    -0.512    -0.040     0.162     0.023     0.471     0.027    -0.072     0.360 

ddG: Y111G     7.359    11.480    -1.131    -4.858    -0.038     1.781    -0.004     0.685    -0.097     0.385     0.906    -0.136     0.386    -0.292    -2.337     0.717    -0.098     0.011 

ddG: Y111H     3.514     3.040    -0.347    -0.277    -0.037     0.094    -0.017     0.434     0.070     0.733    -0.449    -0.026     0.091    -0.210     0.213    -0.034    -0.037     0.272 

ddG: Y111H     4.780     2.104    -0.022     0.101    -0.029     1.187     0.000    -0.010    -0.033     1.254    -0.010    -0.073     0.083     0.156    -0.146    -0.063     0.007     0.272 

ddG: Y111I     2.544     4.836    -0.612    -3.402    -0.001     2.154     0.014     0.026    -0.248     1.670    -0.069    -0.092    -0.340    -0.706    -0.983    -0.455    -0.094     0.844 

ddG: Y111K     5.305     6.993    -1.048    -0.015    -0.033    -0.245     0.002     0.127    -0.039     0.909     1.078    -0.068     0.018    -0.051    -1.623    -0.178    -0.019    -0.505 

ddG: Y111L     3.784     6.902    -0.707    -4.785    -0.003     0.648    -0.008     0.007    -0.148     1.575    -0.567    -0.105     0.398    -0.332     0.720    -0.331    -0.048     0.567 

ddG: Y111M     4.039     6.606    -0.419    -2.814    -0.028     0.658     0.005    -0.010    -0.034     1.284    -0.020    -0.081    -0.003     0.024    -1.175     0.059    -0.045     0.033 

ddG: Y111N     5.266     5.710    -0.338    -0.249    -0.032     1.466    -0.010     0.416    -0.005     1.110    -0.410    -0.104    -0.020    -0.491    -0.412    -0.004    -0.069    -1.294 

ddG: Y111P     7.171     8.391     0.002    -4.551    -0.030     2.277     0.751    -0.001    -0.302     1.781    -0.606    -0.133     0.221    -0.072    -0.085     0.075    -0.124    -0.423 

ddG: Y111Q     5.959     4.371    -0.369    -0.271    -0.029     2.077     0.009    -0.092    -0.040     1.704    -0.020     0.008     0.066    -0.241     0.179     0.241    -0.055    -1.578 

ddG: Y111R     7.068     3.490    -0.350     3.752    -0.024     1.018     0.008    -0.054    -0.024    -0.254     0.895    -0.135    -0.060     0.394    -1.168    -0.026    -0.056    -0.338 

ddG: Y111S     6.862     9.154    -0.259    -3.117    -0.033     1.668     0.014    -0.052    -0.068     1.686    -0.004    -0.079     0.170    -0.306    -2.258     0.341    -0.051     0.054 

ddG: Y111T     4.969     7.218    -0.143    -3.320     0.001     2.088    -0.002    -0.652    -0.021     1.685    -0.437    -0.104     0.122    -0.102    -1.011    -0.312    -0.082     0.040 

ddG: Y111V     2.855     6.415    -0.225    -3.789    -0.008     2.032     0.016    -0.687     0.126     1.717     0.097     0.012    -0.405    -0.237    -2.279    -0.586    -0.082     0.739 

ddG: Y111W     2.532    -2.628     0.762     0.760     0.012     0.940     0.006    -0.644     0.163     0.778     1.050    -0.132    -0.068     0.524     0.545    -0.377    -0.121     0.961 

ddG: Y111Y    -1.056     0.401     0.152     0.100    -0.008    -1.028    -0.012     0.503    -0.018    -0.731    -0.632    -0.110     0.181     0.058     0.114     0.012    -0.038     0.000 

