ddG: description total fa_atr fa_rep fa_sol fa_intra_rep fa_elec pro_close hbond_sr_bb hbond_lr_bb hbond_bb_sc hbond_sc dslf_fa13 rama omega fa_dun p_aa_pp yhh_planarity ref 
ddG: G48A    -0.110    -0.489    -0.053    -0.133    -0.001     0.018     0.001    -0.155     0.000     0.032    -0.012     0.001    -0.141    -0.107     0.118     0.278    -0.011     0.545 

ddG: G48C     0.391    -1.630     0.093     0.856     0.002     0.186     0.003     0.001    -0.047     0.075     0.081     0.000     0.055    -0.081     0.475     0.076    -0.014     0.258 

ddG: G48D     0.579    -3.308    -0.019     3.950     0.032    -0.005     0.004     0.149     0.006     0.047     0.014     0.000     0.369     0.048     1.353    -0.343     0.002    -1.720 

ddG: G48E     0.673    -1.693     0.038     1.347     0.005    -0.096     0.002    -0.149     0.005     0.051    -0.015    -0.002     0.010    -0.144     2.884     0.481    -0.009    -2.041 

ddG: G48F    -1.942    -7.307     0.599     1.297     0.040    -0.057     0.000    -0.111    -0.019     0.072     0.216     0.000     0.576     0.093     2.122     0.206    -0.018     0.349 

ddG: G48G    -0.007     0.431    -0.137    -0.336     0.000     0.024     0.000     0.013     0.002    -0.072     0.022     0.001     0.015     0.028     0.002    -0.008     0.007     0.000 

ddG: G48H    -1.805    -7.218     0.297     3.431     0.011    -0.598     0.002    -0.107    -0.008    -0.186     0.010    -0.001     0.104    -0.223     1.846     0.590    -0.016     0.261 

ddG: G48H    -1.709    -7.211     0.295     3.423     0.010    -0.618     0.001    -0.093    -0.013    -0.163     0.081    -0.001     0.077    -0.168     1.863     0.563    -0.015     0.261 

ddG: G48I    -0.363    -2.465    -0.200     0.104     0.021    -0.008     0.006    -0.102     0.006     0.126    -0.031    -0.001     0.553    -0.130     0.054     0.875    -0.005     0.833 

ddG: G48K    -0.605    -1.225    -0.079     0.319     0.004    -0.026     0.003    -0.152    -0.016     0.066     0.008    -0.001     0.266    -0.149     0.659     0.246    -0.013    -0.516 

ddG: G48L    -0.645    -1.169    -0.206     0.070     0.008    -0.048     0.002    -0.167    -0.010     0.041     0.044     0.000     0.262    -0.117    -0.112     0.201    -0.002     0.556 

ddG: G48M     0.547    -1.594     0.040     0.531     0.004    -0.008     0.003    -0.149    -0.001     0.056     0.000    -0.001     0.022    -0.116     1.310     0.438    -0.011     0.022 

ddG: G48N    -0.367    -2.819    -0.168     2.016     0.026     0.153     0.000     0.203     0.000     0.074     0.046     0.000     0.433    -0.016     1.284    -0.309     0.013    -1.304 

ddG: G48P    -0.524    -2.052     1.427     0.038     0.000    -0.206     0.263    -0.170    -0.002     0.083     0.007     0.001    -0.513     0.472     1.165    -0.578    -0.026    -0.434 

ddG: G48Q     0.940    -4.454     0.133     2.732     0.016     0.119    -0.002    -0.108    -0.011     0.086     0.104     0.000    -0.025    -0.206     3.691     0.465    -0.009    -1.589 

ddG: G48R     1.049    -4.728     0.238     4.042     0.015    -0.376     0.002    -0.027     0.000     0.088    -0.003    -0.001    -0.036    -0.164     2.050     0.311    -0.014    -0.349 

ddG: G48S    -0.570    -0.784    -0.083     0.767     0.001    -0.298     0.001    -0.110     0.013     0.019     0.009    -0.001    -0.212    -0.100     0.196    -0.037     0.006     0.043 

ddG: G48T    -0.957    -1.283    -0.110     1.072     0.006    -0.298     0.002    -0.110    -0.004     0.053     0.022    -0.001     0.141    -0.071    -0.147    -0.252    -0.006     0.029 

ddG: G48V    -0.207    -1.871    -0.099     0.006     0.017     0.026     0.002    -0.110     0.003     0.023     0.006    -0.001     0.226    -0.164     0.243     0.752     0.006     0.728 

ddG: G48W    -1.584    -9.647     0.789     2.690     0.036     0.170    -0.001    -0.094    -0.002     0.107     0.206     0.000     0.221     0.174     2.650     0.173    -0.006     0.950 

ddG: G48Y    -1.793    -7.831     0.750     2.237     0.043     0.261     0.002    -0.147    -0.028     0.088     0.083     0.002     0.225     0.124     2.053     0.345     0.012    -0.011 

