ddG: description total fa_atr fa_rep fa_sol fa_intra_rep fa_elec pro_close hbond_sr_bb hbond_lr_bb hbond_bb_sc hbond_sc dslf_fa13 rama omega fa_dun p_aa_pp yhh_planarity ref 
ddG: L106A     6.300     7.507    -2.144    -1.305     0.012     2.324     0.009    -0.111    -0.042     0.412     2.721     0.000     0.114    -0.195    -2.888    -0.094    -0.008    -0.011 

ddG: L106C     7.631     5.112    -2.056     0.534     0.018     3.679     0.005    -0.292     0.158     0.411     2.724     0.000     0.132     0.237    -2.814     0.077     0.004    -0.298 

ddG: L106D    10.646     2.752    -1.350     9.001    -0.010     0.226     0.005     0.422    -0.056     1.080    -0.381     0.000    -0.254     0.324     1.080     0.097    -0.012    -2.276 

ddG: L106E    10.190     0.263    -2.148     7.978     0.015     3.386    -0.001    -0.027     0.012     0.572     2.418     0.000     0.034     0.242     0.113    -0.074     0.005    -2.598 

ddG: L106F     3.263    -0.884    -2.124    -0.744     0.038     2.145     0.010    -0.030     0.431     0.130     2.521     0.000     0.023    -0.737     2.328     0.377    -0.013    -0.207 

ddG: L106G     9.071     9.682    -2.976    -1.893     0.016     3.773     0.005    -0.287     0.125     0.637     2.819     0.000     0.361     0.330    -3.238     0.276    -0.003    -0.556 

ddG: L106H     6.300    -0.099    -2.000     3.617    -0.006     2.591     0.015     0.379     0.156     1.409     2.318     0.000     0.122    -0.498    -1.488     0.111    -0.031    -0.295 

ddG: L106H     7.237    -1.180    -1.802     4.597    -0.006     3.809     0.011     0.145     0.285     1.405     2.284     0.000     0.030    -0.101    -1.923    -0.001    -0.020    -0.295 

ddG: L106I     5.942     1.633    -2.203    -0.520     0.036     2.188     0.003    -0.183     0.044     0.206     2.471     0.000    -0.058     0.102     1.965    -0.007    -0.012     0.276 

ddG: L106K     8.328     0.465    -1.905     6.333     0.034     1.213     0.009     0.141    -0.091     0.415     1.711     0.000     0.006     0.119     0.937     0.016    -0.004    -1.072 

ddG: L106L     1.220    -0.099    -1.711     0.462     0.015     2.384     0.005    -0.057    -0.064     0.414     2.703     0.000     0.161    -0.093    -2.801    -0.114     0.015     0.000 

ddG: L106M     5.654    -0.200    -1.804     2.448     0.020     3.595     0.004    -0.227     0.144     0.449     2.714     0.000     0.086     0.309    -1.117    -0.246     0.015    -0.535 

ddG: L106N     7.206     1.694    -2.170     3.715     0.018     3.723     0.005    -0.308     0.175     0.554     2.851     0.000     0.268     0.205    -1.727     0.058     0.005    -1.861 

ddG: L106P    23.646     2.068     5.846     2.379     0.009     1.978     1.127     2.380    -0.030     0.136     2.017     0.000     0.297     2.268     3.299     0.880    -0.017    -0.990 

ddG: L106Q     6.303     0.658    -2.864     4.640     0.010     2.572     0.015     0.395    -0.099     1.483     1.783     0.000    -0.114     0.145    -0.017    -0.151    -0.009    -2.145 

ddG: L106R    12.417    -2.451    -2.811     8.869     0.026     4.653     0.012     0.284     0.062     1.588     2.202     0.000    -0.177     0.588     0.725    -0.243    -0.003    -0.905 

ddG: L106S     9.316     7.470    -3.173     1.512     0.007     2.368     0.013     0.403    -0.094     1.443     2.265     0.000    -0.043     0.166    -2.613     0.116    -0.012    -0.513 

ddG: L106T     7.970     4.478    -0.023     2.983    -0.004     0.083    -0.003     0.140    -0.017     0.201    -0.086     0.000     0.033     0.182     0.133     0.375     0.023    -0.527 

ddG: L106V     7.947     3.905    -2.556    -0.200     0.029     2.182     0.004    -0.196     0.021     0.208     2.472     0.000    -0.066     0.164     1.763     0.053    -0.009     0.172 

ddG: L106W     5.014    -5.567     1.381     1.665     0.018     2.804     0.019     0.353     0.606     1.568     2.427     0.000     0.088     0.303    -1.103     0.087    -0.027     0.394 

ddG: L106Y     5.107    -1.671    -1.532     2.087     0.023     2.924     0.013     0.251     0.122     1.604     2.453     0.000     0.035     0.054    -0.882     0.198    -0.004    -0.567 

