ddG: description total fa_atr fa_rep fa_sol fa_intra_rep fa_elec pro_close hbond_sr_bb hbond_lr_bb hbond_bb_sc hbond_sc dslf_fa13 rama omega fa_dun p_aa_pp yhh_planarity ref 
ddG: H74A    -0.268     3.086    -0.133    -1.711    -0.001    -0.640     0.005     0.007     0.036    -0.010     0.003     0.000     0.405     0.005    -2.006     0.403     0.000     0.284 

ddG: H74C    -1.101     2.676    -0.219    -0.941     0.000    -0.979     0.001    -0.054     0.026    -0.010     0.004     0.000     0.020     0.057    -1.734     0.052     0.002    -0.003 

ddG: H74D     0.363     1.610    -0.182     1.365     0.004    -0.035     0.002    -0.041     0.006     0.004     0.010     0.000    -0.018     0.064    -0.341    -0.113     0.009    -1.981 

ddG: H74E     1.120     2.052    -0.091    -0.472     0.006    -0.026     0.004     0.040    -0.090     0.063     0.739     0.000     0.187     0.002     0.812     0.251    -0.054    -2.303 

ddG: H74F    -0.805    -0.981     0.130    -0.309     0.026    -0.130    -0.001     0.005    -0.048    -0.002     0.000     0.000     0.023    -0.087     0.098     0.381     0.001     0.088 

ddG: H74G     1.667     4.104     0.015    -1.709    -0.005    -0.382     0.000    -0.028     0.026    -0.121     0.057     0.000     0.682     0.046    -1.846     1.100    -0.012    -0.261 

ddG: H74H     0.542     0.378    -0.136    -0.407    -0.002     0.106     0.001    -0.017     0.045     0.046     0.738     0.000    -0.003     0.028    -0.141    -0.034    -0.059     0.000 

ddG: H74H    -0.305    -0.049     0.366    -0.606     0.003    -0.211     0.004     0.118    -0.045    -0.117     0.052     0.000    -0.013    -0.015     0.192     0.026    -0.011     0.000 

ddG: H74I    -0.686     0.123     0.399     0.112     0.016     0.937     0.000    -0.531     0.015    -1.426     0.788     0.000    -0.193    -0.020    -1.685     0.199     0.008     0.571 

ddG: H74K    -0.958     2.055    -0.067    -0.894     0.005    -1.157     0.004     0.023     0.007     0.004     0.005     0.000     0.097     0.103    -0.708     0.332     0.010    -0.777 

ddG: H74L    -0.478     1.642    -0.181    -0.431     0.005    -0.623     0.001    -0.062     0.095     0.002     0.004     0.000     0.105     0.108    -1.646     0.206     0.002     0.295 

ddG: H74M    -0.670     1.340    -0.201    -0.340     0.000    -1.022     0.004    -0.078     0.129    -0.009     0.005     0.000     0.231     0.154    -0.697     0.047     0.008    -0.240 

ddG: H74N    -0.729     1.585    -0.208     0.136     0.003    -0.297     0.003    -0.035    -0.007     0.001     0.002     0.000    -0.012     0.040    -0.297    -0.086     0.008    -1.566 

ddG: H74P     5.179     2.441     2.418    -3.647     0.011    -0.486     0.079     0.461     1.940    -0.450     0.034     0.000     1.113     0.420     1.225     0.326    -0.009    -0.695 

ddG: H74Q    -0.827     0.953    -0.220     0.335     0.004    -1.235     0.000    -0.073     0.070    -0.008     0.007     0.000     0.161     0.074     0.668     0.286     0.001    -1.850 

ddG: H74R     0.227     1.655    -0.206     0.423     0.006    -1.187     0.002    -0.074     0.071     0.002     0.005     0.000     0.050     0.117    -0.272     0.242     0.004    -0.610 

ddG: H74S    -0.876     3.420    -0.067    -1.786     0.002    -1.097     0.004     0.072    -0.062    -0.001     0.002     0.000     0.243     0.045    -1.587     0.147     0.006    -0.218 

ddG: H74T     0.616     1.319     2.663     0.761     0.001    -0.664     0.011    -0.401    -0.114    -0.022    -0.037     0.000     0.328    -0.218    -2.990     0.192     0.021    -0.232 

ddG: H74V    -1.395     1.533    -0.113    -0.556     0.007    -0.646    -0.001    -0.069     0.027     0.000     0.003     0.000    -0.123     0.046    -1.858    -0.116     0.003     0.467 

ddG: H74W    -0.171    -1.687    -0.029     0.843     0.029    -0.575     0.006     0.040    -0.025    -0.001     0.003     0.000     0.195     0.046     0.376    -0.091     0.011     0.689 

ddG: H74Y    -0.374    -2.046     0.315     1.401     0.022     0.994    -0.003    -0.618     0.069    -1.440     0.784     0.000    -0.030    -0.063     0.067     0.443     0.003    -0.272 

