ddG: description total fa_atr fa_rep fa_sol fa_intra_rep fa_elec pro_close hbond_sr_bb hbond_lr_bb hbond_bb_sc hbond_sc dslf_fa13 rama omega fa_dun p_aa_pp yhh_planarity ref 
ddG: K46A    -1.304    -0.127    -0.073    -0.223    -0.003    -0.525     0.006    -1.209     0.164     0.038     0.022     0.000    -0.091     0.002     0.177    -0.523     0.000     1.061 

ddG: K46C    -0.097     2.769    -0.131    -3.248    -0.008     0.137     0.003    -0.263    -0.043    -0.034     0.362     0.000     0.374     0.159    -1.142     0.191     0.000     0.774 

ddG: K46D     1.421     1.157    -0.161     0.343    -0.005     0.527     0.002    -0.282    -0.045    -0.021     0.352     0.000     0.327     0.152     0.290    -0.011     0.000    -1.204 

ddG: K46E    -0.640    -7.581     0.246     8.994    -0.005    -3.474     0.001    -0.047     0.001     0.188    -2.122     0.000    -0.041    -0.165     5.048    -0.157     0.000    -1.526 

ddG: K46F    -0.886    -2.177     0.213    -1.257     0.025    -0.247     0.003     0.052     0.007    -0.021     0.046     0.000     0.145     0.058     1.263     0.141     0.000     0.865 

ddG: K46G     0.781    -1.136    -0.565     3.415    -0.011    -2.909    -0.002     0.015    -0.018     0.145    -1.280     0.000     0.292    -0.113     2.122     0.312     0.000     0.516 

ddG: K46H     0.017    -1.303     0.093    -0.847    -0.004     0.040     0.001     0.043     0.009    -0.014     0.031     0.000     0.138     0.032     0.968     0.050     0.000     0.777 

ddG: K46H     0.038    -3.379    -0.206     0.617    -0.010    -0.297    -0.001    -0.151    -0.055    -0.102     0.411     0.000     0.310     0.137     1.918     0.070     0.000     0.777 

ddG: K46I     2.157    -1.302     1.450    -1.582     0.021    -0.247     0.008    -0.031    -0.045     0.018     0.693     0.000     0.528    -0.100     1.243     0.154     0.000     1.348 

ddG: K46K     0.063    -2.069    -0.271     1.444    -0.006    -0.286     0.001    -0.204    -0.058    -0.085     0.384     0.000     0.173     0.108     0.919     0.012     0.000     0.000 

ddG: K46L    -2.081    -2.908    -0.204    -0.306    -0.001    -0.408     0.002    -0.176    -0.047    -0.032     0.418     0.000     0.286     0.093     0.270    -0.141     0.000     1.072 

ddG: K46M    -2.354    -0.455     0.173    -2.967    -0.006     0.175     0.003    -0.239    -0.053    -0.022     0.364     0.000     0.341     0.141    -0.170    -0.177     0.000     0.537 

ddG: K46N    -0.128     0.187     0.014    -0.394     0.000     0.131     0.004    -0.003     0.005     0.004    -0.005     0.000     0.233    -0.009     0.374     0.120     0.000    -0.789 

ddG: K46P    11.221    -1.535     7.520    -2.099    -0.011    -0.254     1.245    -1.162     0.174     0.675     0.327     0.000     0.818     1.823     3.413     0.203     0.000     0.082 

ddG: K46Q    -1.961    -7.202    -0.059     6.362    -0.008    -2.975     0.003     0.006    -0.013     0.021    -1.189     0.000     0.012    -0.135     4.476    -0.186     0.000    -1.073 

ddG: K46R    -0.502   -13.552     0.248    14.178    -0.003    -3.276     0.005    -0.011    -0.016    -1.278    -1.201     0.000    -0.107    -0.162     4.592    -0.085     0.000     0.167 

ddG: K46S     0.621    -3.570    -0.102     4.834    -0.012    -2.594     0.008    -0.024    -0.018    -0.014    -1.201     0.000     0.068    -0.149     2.726     0.110     0.000     0.559 

ddG: K46T     0.084    -1.981     0.559     3.085     0.003    -1.287     0.041    -1.271     0.154    -0.047    -0.735     0.000     0.089     0.456     0.606    -0.132     0.000     0.544 

ddG: K46V     1.022    -1.350     1.401    -0.510     0.019    -0.395     0.018    -1.046     0.148    -0.004     0.265     0.000     0.312    -0.159     1.201    -0.120     0.000     1.244 

ddG: K46W    -1.474    -5.748     0.738    -0.587     0.025    -0.133     0.015     0.109     0.007     0.024     0.096     0.000     0.072    -0.026     2.378     0.091     0.000     1.466 

ddG: K46Y    -1.617    -1.406    -0.035    -2.538     0.020     0.079     0.001    -0.208    -0.045    -0.037     0.417     0.000     0.371     0.210     0.929     0.121     0.000     0.505 

