ddG: description total fa_atr fa_rep fa_sol fa_intra_rep fa_elec pro_close hbond_sr_bb hbond_lr_bb hbond_bb_sc hbond_sc dslf_fa13 rama omega fa_dun p_aa_pp yhh_planarity ref 
ddG: D93A    -0.649     3.499    -0.454    -5.700    -0.003     0.009     0.001     0.523    -0.008     2.344    -0.786     0.000     0.102    -0.010    -2.410    -0.022     0.000     2.265 

ddG: D93C    -2.060     1.850    -0.480    -4.016    -0.005    -0.261    -0.004     0.455    -0.001     2.338    -0.783     0.000    -0.240    -0.039    -2.602    -0.239    -0.010     1.978 

ddG: D93D     0.351     0.868    -0.332    -1.146    -0.002    -0.467    -0.005     0.495     0.022     1.495    -0.047     0.000    -0.043    -0.039    -0.241    -0.135    -0.071     0.000 

ddG: D93E    -1.419     0.505    -0.346    -1.607     0.005    -1.150    -0.001     0.411    -0.039     2.122    -1.647     0.000     0.150     0.253    -0.070     0.343    -0.028    -0.322 

ddG: D93F    -1.167    -3.891     0.668    -1.426     0.023     0.971    -0.004    -0.154     0.468     1.082     0.018     0.000    -0.096     0.017    -0.971     0.060    -0.001     2.069 

ddG: D93G    -1.035     4.125    -0.405    -5.007    -0.001    -0.401     0.002     0.501     0.056     2.165    -0.750     0.000     0.235     0.053    -3.068    -0.234    -0.026     1.720 

ddG: D93H    -2.797    -3.232     0.544    -1.211     0.003    -0.480    -0.003    -0.017    -0.100     1.018    -1.250     0.000    -0.043    -0.008    -0.358     0.368    -0.008     1.981 

ddG: D93H    -3.378    -2.360     0.431    -2.261     0.003    -1.937    -0.001     0.557    -0.104     2.350    -1.960     0.000    -0.023     0.048    -0.212     0.135    -0.025     1.981 

ddG: D93I    -1.655    -0.046    -0.379    -3.539     0.013    -0.131    -0.005     0.437    -0.108     2.329    -0.794     0.000     0.226     0.294    -2.696     0.197    -0.007     2.553 

ddG: D93K    -0.275     1.260    -0.314    -4.656     0.003     0.785    -0.001     0.543     0.038     2.435    -0.037     0.000    -0.001    -0.019    -1.716     0.272    -0.071     1.204 

ddG: D93L    -0.759    -1.535    -0.035    -3.083     0.023     1.185    -0.003    -0.038    -0.099     0.897    -0.002     0.000     0.448     0.048    -1.625     0.788    -0.004     2.276 

ddG: D93M    -1.734    -0.220    -0.486    -3.537     0.002     0.066    -0.004     0.438    -0.086     2.310    -0.788     0.000     0.206     0.114    -1.593     0.111    -0.008     1.742 

ddG: D93N    -1.248    -0.057    -0.413    -1.397     0.008    -0.474    -0.001     0.414     0.067     2.240    -0.723     0.000     0.049     0.132    -1.009    -0.487    -0.013     0.415 

ddG: D93P     6.186     1.501     1.808    -6.304     0.005    -0.045     2.388     0.524    -0.178     2.356    -0.027     0.000     0.621     2.872    -0.809     0.265    -0.077     1.286 

ddG: D93Q    -0.858     0.176    -0.477    -3.040     0.000     0.177    -0.004     0.447    -0.042     2.327    -0.787     0.000     0.076    -0.013    -0.103     0.283    -0.011     0.131 

ddG: D93R    -0.392    -0.435    -0.368    -1.897     0.005     0.129    -0.005     0.441     0.011     2.337    -0.789     0.000    -0.139    -0.036    -1.136     0.128    -0.010     1.371 

ddG: D93S    -0.877     2.118    -0.313    -3.480    -0.005    -0.032    -0.004     0.472    -0.016     2.208    -0.730     0.000    -0.052    -0.018    -2.530    -0.230    -0.027     1.763 

ddG: D93T    -3.417     1.256    -0.512    -3.195     0.008    -1.538    -0.004     0.448     0.049     1.984    -0.776     0.000     0.070     0.035    -2.608    -0.365    -0.018     1.749 

ddG: D93V    -1.092    -0.568     0.299    -3.078     0.011     1.344    -0.002    -0.028    -0.136     0.743     0.051     0.000     0.132     0.242    -2.714     0.189    -0.023     2.448 

ddG: D93W     0.583    -7.980     1.717    -0.109     0.042     0.819    -0.004    -0.025     0.028     1.148     0.042     0.000     0.165     0.369     1.699     0.013    -0.011     2.670 

ddG: D93Y    -1.742    -3.529     0.559    -1.443     0.023    -0.628    -0.001     0.414     0.443     2.379    -0.706     0.000    -0.002     0.132    -0.857    -0.227    -0.008     1.709 

