ddG: description total fa_atr fa_rep fa_sol fa_intra_rep fa_elec pro_close hbond_sr_bb hbond_lr_bb hbond_bb_sc hbond_sc dslf_fa13 rama omega fa_dun p_aa_pp yhh_planarity ref 
ddG: C14A     0.740     4.474    -2.708    -3.057    -0.012     1.503    -0.005     0.557    -0.397     1.601     2.391     0.000     0.192    -0.352    -3.794     0.073    -0.012     0.287 

ddG: C14C     1.150     1.338    -0.951     0.471    -0.011    -0.553     0.010     0.627    -0.302     1.086    -0.374     0.000    -0.106    -0.126    -0.019     0.061    -0.001     0.000 

ddG: C14D     5.781    -5.062     0.507     8.548     0.025    -0.523     0.033    -0.054     0.348     1.554    -0.800     0.000     0.230     0.649     2.153     0.141     0.009    -1.978 

ddG: C14E     7.025    -7.012     1.390     9.286     0.025     1.433     0.135    -0.288     0.510     2.044     1.999     0.000     0.287    -0.152     0.467    -0.814     0.013    -2.300 

ddG: C14F     0.864   -11.425     1.849     2.203     0.434    -0.367     0.095     0.166     0.312     1.560     0.249     0.000     0.106    -0.295     6.172    -0.276    -0.011     0.091 

ddG: C14G     5.277     7.246    -4.065    -1.561    -0.019     1.311    -0.025     0.570    -0.296     1.335     2.170     0.000     0.226     0.024    -2.029     0.648     0.000    -0.258 

ddG: C14H     2.982    -9.458    -0.792     4.294     0.076     2.687     0.065     0.086     0.157     1.973     2.947     0.000     0.222    -0.396     1.317    -0.208     0.009     0.003 

ddG: C14H     3.508   -10.195    -0.670     4.127     0.093     3.882     0.070    -0.100     0.307     2.009     2.905     0.000     0.145    -0.149     1.530    -0.453     0.005     0.003 

ddG: C14I     1.135    -4.189     5.241    -0.720     0.000    -0.745     0.193    -0.121    -0.184     0.081     0.069     0.000     0.380    -0.162     1.142    -0.439     0.015     0.574 

ddG: C14K     6.949    -6.265    -0.388     5.637     0.018     2.469     0.069     0.068     0.081     0.449     3.039     0.000     0.219    -0.014     2.473    -0.156     0.023    -0.774 

ddG: C14L     4.052    -3.669     1.500    -1.294     0.236     1.216     0.187     0.027    -0.017     0.290     2.859     0.000     0.628    -0.546     2.240     0.107    -0.009     0.298 

ddG: C14M    -0.121    -5.891    -0.479     1.695     0.019     1.398     0.061     0.050     0.102     0.302     2.908     0.000     0.232    -0.362     0.389    -0.301    -0.009    -0.237 

ddG: C14N     1.954    -3.300    -1.411     3.778     0.024     1.610    -0.014     0.149    -0.036     0.163     2.873     0.000     0.375     0.227    -1.185     0.240     0.024    -1.563 

ddG: C14P     9.014     0.851     0.969    -3.294     0.003     2.065     3.437     0.078     0.411     0.366     3.043     0.000     0.586     1.271    -0.217     0.096     0.043    -0.692 

ddG: C14Q     3.561    -6.862     0.069     5.581     0.019     1.552     0.082     0.035     0.115     0.366     2.904     0.000     0.315    -0.210     1.670    -0.250     0.020    -1.847 

ddG: C14R     7.299   -10.607     0.512    10.518     0.024     2.529     0.114     0.023    -0.031     0.366     3.086     0.000     0.304    -0.697     1.822    -0.069     0.013    -0.607 

ddG: C14S     3.412     1.645     0.240     0.893    -0.004    -0.029    -0.012     0.179    -0.009     1.705     0.137     0.000     0.074    -0.475    -0.406    -0.313     0.003    -0.215 

ddG: C14T     1.249     0.119    -0.692     2.569    -0.017    -1.096     0.028     0.590    -0.430     1.116    -0.386     0.000    -0.119    -0.283     0.231    -0.148    -0.004    -0.229 

ddG: C14V     1.822     0.110     4.232    -2.710     0.011     1.428    -0.035     0.040    -0.689     0.761     2.832     0.000     0.100    -0.205    -3.962    -0.555    -0.005     0.470 

ddG: C14W     4.046   -16.025     3.351     4.873     0.047     0.366     0.046     0.255     1.148     1.618     0.326     0.000     0.845     2.237     4.421    -0.165     0.008     0.692 

ddG: C14Y     1.372   -12.744     2.024     3.305     0.496     0.849     0.092    -0.025     0.454     1.587     0.117     0.000    -0.003     0.229     5.719    -0.472     0.013    -0.269 

