ddG: description total fa_atr fa_rep fa_sol fa_intra_rep fa_elec pro_close hbond_sr_bb hbond_lr_bb hbond_bb_sc hbond_sc dslf_fa13 rama omega fa_dun p_aa_pp yhh_planarity ref 
ddG: S101A    -0.636     1.066    -0.878    -1.518    -0.002    -0.014     0.006     0.404    -0.049     1.080    -0.475     0.000    -0.242     0.287    -0.456    -0.328    -0.018     0.502 

ddG: S101C    -0.773    -0.293    -0.003    -0.221    -0.001    -0.182     0.001    -0.021    -0.006    -0.001     0.016     0.000     0.046     0.004    -0.420     0.108    -0.014     0.215 

ddG: S101D     0.514    -0.435    -1.427     1.284     0.001    -0.305    -0.006    -0.040     0.112    -0.186    -0.188     0.000    -0.293     0.056     3.775    -0.075     0.005    -1.763 

ddG: S101E    -0.158    -0.208    -1.404    -0.023     0.001    -0.269    -0.002    -0.029     0.112    -0.189    -0.183     0.000    -0.374     0.050     4.701    -0.259     0.002    -2.085 

ddG: S101F    -0.114    -0.821     1.393    -2.457     0.003    -0.747    -0.008     0.336     0.079    -0.566    -2.659     0.000    -0.222     0.004     5.110     0.134    -0.001     0.306 

ddG: S101G     0.537     2.283    -0.930    -1.809    -0.003    -0.069     0.007     0.462    -0.057     1.087    -0.482     0.000     0.078     0.286    -0.427     0.174    -0.018    -0.043 

ddG: S101H    -0.173    -2.423     0.020    -0.748     0.011     1.047    -0.001    -0.101     0.210     0.001     0.015     0.000    -0.035     0.454     1.386    -0.225    -0.002     0.218 

ddG: S101H    -0.646    -1.660    -0.096    -0.623     0.005    -0.074     0.001     0.103     0.009     0.000    -0.020     0.000     0.049     0.031     1.497    -0.088     0.001     0.218 

ddG: S101I    -1.374    -1.628     0.172     0.058     0.026    -0.268     0.001    -0.098     0.004    -0.002     0.007     0.000     0.137    -0.011    -0.419    -0.141    -0.001     0.789 

ddG: S101K    -2.624    -0.768     1.637    -0.343    -0.012    -2.530    -0.004     0.111     0.063    -0.419    -2.739     0.000    -0.287     0.103     3.150    -0.013    -0.014    -0.559 

ddG: S101L    -1.113    -0.428    -1.462    -1.114     0.006    -0.264    -0.003     0.004     0.108    -0.196    -0.193     0.000    -0.247     0.071     2.306    -0.217     0.002     0.513 

ddG: S101M    -0.698    -1.217     0.918    -0.306    -0.013    -0.916    -0.002     0.350     0.148     0.684    -3.264     0.000    -0.427     0.837     2.848    -0.308    -0.010    -0.022 

ddG: S101N    -0.999    -0.552     0.767     0.625    -0.018    -2.138    -0.005     0.549    -0.021     0.697    -3.188     0.000    -0.218     0.447     3.363     0.045    -0.006    -1.348 

ddG: S101P     1.278    -1.812     1.900    -1.270    -0.001     0.004     0.012     1.889    -0.038     0.124    -0.028     0.000     0.248     0.722     0.021    -0.007    -0.010    -0.477 

ddG: S101Q    -1.814    -0.172    -0.153    -1.499     0.003    -0.122    -0.002    -0.034     0.014     0.108     0.035     0.000    -0.040    -0.031     1.980    -0.256    -0.013    -1.632 

ddG: S101R     0.900    -1.179    -1.576     1.619     0.006    -0.101    -0.013     0.047     0.093    -0.187    -0.149     0.000    -0.392     0.062     3.280    -0.218     0.001    -0.392 

ddG: S101S    -0.689    -0.450     1.757     0.794    -0.019    -2.291    -0.009     0.049     0.046    -0.413    -2.701     0.000    -0.179     0.129     2.492     0.108    -0.002     0.000 

ddG: S101T    -0.832    -0.041     0.059    -0.745     0.019    -0.010    -0.001    -0.032     0.000    -0.004    -0.040     0.000     0.101    -0.015    -0.133     0.026     0.000    -0.015 

ddG: S101V    -1.583    -0.336    -0.065    -1.661     0.020    -0.032    -0.001    -0.061     0.019     0.116     0.033     0.000     0.116    -0.056    -0.270    -0.088     0.000     0.685 

ddG: S101W    -1.124    -6.233     0.443     1.600     0.038     1.081    -0.002    -0.306     0.200     0.030     0.041     0.000    -0.063     0.474     0.896    -0.226    -0.003     0.907 

ddG: S101Y    -0.909    -2.841     0.921     1.375     0.003    -2.406     0.000     0.543    -0.022     0.656    -3.138     0.000    -0.262     0.501     3.755     0.082    -0.019    -0.054 

