ddG: description total fa_atr fa_rep fa_sol fa_intra_rep fa_elec pro_close hbond_sr_bb hbond_lr_bb hbond_bb_sc hbond_sc dslf_fa13 rama omega fa_dun p_aa_pp yhh_planarity ref 
ddG: E98A     2.512     2.837    -0.816    -4.579    -0.007     3.811     0.003    -1.204     0.233    -0.033     2.170     0.000     0.008    -0.292    -1.915    -0.292    -0.001     2.586 

ddG: E98C     2.761     1.758    -0.526    -3.331    -0.006     3.873     0.001    -1.268     0.123    -0.033     2.136     0.000    -0.154    -0.001    -1.620    -0.491     0.000     2.300 

ddG: E98D     2.834    -1.574     0.060     1.544    -0.002     1.645    -0.001    -1.071     0.211    -0.490     1.355     0.000     0.043    -0.255     1.054    -0.004    -0.001     0.322 

ddG: E98E     0.784     4.096    -0.127    -4.964     0.004     2.284    -0.002    -0.181    -0.027    -0.051     1.561     0.000     0.220     0.204    -2.239     0.006     0.000     0.000 

ddG: E98F     5.364     0.374     0.369    -7.040     0.045     5.413    -0.007     0.093     0.072    -0.010     3.383     0.000    -0.030     0.466     0.246    -0.402     0.000     2.391 

ddG: E98G     4.717    11.938    -0.848   -12.751    -0.003     6.657    -0.004    -1.451     0.136    -0.049     3.714     0.000     0.654     0.041    -5.406     0.048     0.000     2.041 

ddG: E98H     4.052     4.865     0.179    -9.359     0.001     6.675    -0.007    -1.479     0.191    -0.071     3.678     0.000     0.029     0.182    -2.684    -0.450    -0.001     2.303 

ddG: E98H     4.197     1.768    -0.288    -6.347     0.000     6.317    -0.005    -1.428     0.049    -0.013     3.886     0.000     0.275     0.246    -2.610     0.044    -0.001     2.303 

ddG: E98I     2.176     4.840     0.117   -10.390     0.018     6.648    -0.007    -1.439     0.384    -0.036     3.676     0.000     0.205    -0.041    -4.377    -0.295     0.000     2.874 

ddG: E98K     3.273     0.276    -0.423    -2.166     0.000     3.967     0.002    -1.196     0.112    -0.044     2.128     0.000    -0.147    -0.043    -0.282    -0.436     0.000     1.526 

ddG: E98L     1.515     9.666    -0.244   -14.257     0.006     6.452    -0.007    -1.501     0.152    -0.064     3.687     0.000     0.171     0.273    -4.952    -0.464    -0.001     2.598 

ddG: E98M     2.314     6.006    -0.674   -10.341     0.003     5.944    -0.005    -1.406     0.139    -0.096     3.703     0.000     0.073     0.057    -2.633    -0.520     0.000     2.063 

ddG: E98N     5.215     2.692    -0.461    -4.641     0.005     6.053    -0.009    -1.153     0.118    -0.052     3.380     0.000     0.106     0.180    -1.593    -0.147     0.000     0.737 

ddG: E98P    14.137     2.409     3.053    -7.574    -0.003     4.381     1.043     0.127     2.405     0.057     2.103     0.000     0.283     0.928     3.505    -0.186    -0.001     1.608 

ddG: E98Q     2.073     8.087    -0.735   -11.321     0.005     5.141    -0.005    -1.469     0.119    -0.058     3.705     0.000     0.083     0.196    -1.633    -0.496     0.000     0.453 

ddG: E98R     2.921     2.101    -0.337    -3.109     0.007     3.192     0.000    -1.246     0.192    -0.452     2.132     0.000    -0.279    -0.175    -0.335    -0.462     0.000     1.692 

ddG: E98S     3.426     4.610    -0.596    -4.494    -0.003     4.307     0.003    -1.310     0.199     0.012     2.147     0.000    -0.125    -0.153    -2.705    -0.549    -0.001     2.085 

ddG: E98T     4.270     4.658    -0.424    -5.941     0.002     6.096    -0.005    -1.364     0.071    -0.137     3.681     0.000    -0.085     0.179    -3.816    -0.715     0.000     2.070 

ddG: E98V     1.804     6.979     0.090   -11.679     0.012     6.946    -0.009    -1.487     0.095    -0.110     3.671     0.000     0.065     0.262    -5.065    -0.735     0.000     2.769 

ddG: E98W     1.495    -0.549     0.278    -7.121     0.032     3.534    -0.005    -1.245     0.108    -0.109     2.129     0.000     0.045     0.045     1.812    -0.451     0.000     2.992 

ddG: E98Y     3.980     2.394     0.380    -8.024     0.044     6.207    -0.007    -1.174     0.217    -0.026     3.320     0.000    -0.055     0.302    -0.941    -0.689     0.000     2.031 

