ddG: description total fa_atr fa_rep fa_sol fa_intra_rep fa_elec pro_close hbond_sr_bb hbond_lr_bb hbond_bb_sc hbond_sc dslf_fa13 rama omega fa_dun p_aa_pp yhh_planarity ref 
ddG: K88A    -0.003     1.168    -0.020    -0.943     0.001     0.322    -0.001    -0.017    -0.005     0.003     0.000     0.000    -0.044    -0.005    -1.071    -0.449    -0.003     1.061 

ddG: K88C    -0.202     0.335     0.184     0.032    -0.001    -0.002     0.000    -0.008     0.036    -0.114     0.055     0.000    -0.050     0.014    -0.994    -0.443    -0.018     0.774 

ddG: K88D     2.102    -1.230     0.627     2.255     0.008     1.431     0.000    -0.473    -0.034    -1.751     0.784     0.000     0.287     0.143     1.078     0.181    -0.001    -1.204 

ddG: K88E     0.004     0.070    -0.011     0.493     0.006    -0.206     0.000    -0.017     0.021     0.008    -0.002     0.000     0.073    -0.057     1.363    -0.207    -0.004    -1.526 

ddG: K88F     0.396    -2.591     0.401     0.852     0.027     0.116    -0.001    -0.010     0.041    -0.090     0.052     0.000     0.050     0.006     0.785    -0.081    -0.027     0.865 

ddG: K88G     0.868     1.978    -0.033    -0.933    -0.007    -0.027    -0.001    -0.019     0.010     0.003    -0.044     0.000     0.315     0.022    -1.066     0.158    -0.003     0.516 

ddG: K88H    -0.072    -1.613     0.480     0.147     0.005     0.050     0.003     0.099    -0.043    -0.105     0.051     0.000    -0.180    -0.022     0.701    -0.400    -0.022     0.777 

ddG: K88H     0.866    -2.749     0.384     2.131     0.002     1.606    -0.001    -0.579     0.046    -1.420     0.782     0.000    -0.188    -0.055     0.309    -0.178     0.000     0.777 

ddG: K88I    -0.095    -1.422     0.472     0.308     0.016     1.114     0.001    -0.502    -0.021    -1.437     0.780     0.000     0.017    -0.102    -0.859     0.189     0.003     1.348 

ddG: K88K     0.416    -1.011     0.440     0.564     0.003     1.359     0.001    -0.501    -0.031    -1.425     0.785     0.000    -0.035    -0.046     0.074     0.236     0.002     0.000 

ddG: K88L     0.132    -0.664     0.202     0.206     0.006    -0.037     0.000    -0.004     0.033    -0.119     0.052     0.000     0.238     0.013    -0.867     0.017    -0.017     1.072 

ddG: K88M    -0.184     0.231     0.002    -0.340     0.005    -0.225     0.000    -0.022     0.022    -0.006     0.000     0.000    -0.104    -0.026     0.044    -0.302     0.000     0.537 

ddG: K88N     0.814    -0.135     0.154    -0.240     0.007     0.039     0.002     0.089    -0.056    -0.007     0.001     0.000     0.152    -0.060     1.550     0.106     0.001    -0.789 

ddG: K88P    12.765    -0.886     4.649    -0.290     0.001    -0.831     3.467    -0.012    -0.071     0.076     0.032     0.000     0.604     2.433     3.199     0.309     0.002     0.082 

ddG: K88Q    -0.236    -0.300     0.195     0.208     0.004    -0.230    -0.001    -0.010     0.039    -0.112     0.057     0.000    -0.033    -0.044     1.357    -0.269    -0.022    -1.073 

ddG: K88R     0.460     0.090     0.018     0.176     0.010    -0.166    -0.001     0.001     0.006    -0.006    -0.002     0.000    -0.054    -0.064     0.567    -0.282    -0.001     0.167 

ddG: K88S    -0.895     1.270     0.143    -1.024     0.006    -0.749     0.002     0.087    -0.060     0.001    -0.002     0.000    -0.105    -0.065    -0.574    -0.386     0.000     0.559 

ddG: K88T    -1.031     0.146     0.315    -0.363     0.007    -0.633     0.004     0.080    -0.036    -0.132     0.050     0.000    -0.094     0.008    -0.699    -0.217    -0.011     0.544 

ddG: K88V     0.310    -0.846     0.410     0.410     0.016     0.890     0.003    -0.542     0.003    -1.430     0.786     0.000     0.110    -0.034    -0.710    -0.013     0.013     1.244 

ddG: K88W    -0.101    -4.909     0.215     2.552     0.029    -0.234     0.002    -0.072     0.046     0.020     0.002     0.000     0.128     0.228     1.036    -0.606    -0.005     1.466 

ddG: K88Y     0.097    -1.856    -0.014     0.960     0.030    -0.068     0.002    -0.068     0.052     0.019     0.000     0.000     0.141     0.159     0.619    -0.391     0.006     0.505 

