ddG: description total fa_atr fa_rep fa_sol fa_intra_rep fa_elec pro_close hbond_sr_bb hbond_lr_bb hbond_bb_sc hbond_sc dslf_fa13 rama omega fa_dun p_aa_pp yhh_planarity ref 
ddG: K108A     0.556     2.778    -0.674    -2.000    -0.002     0.092     0.006     0.238     0.049    -0.033     0.523     0.028    -0.099    -0.123    -1.603     0.284     0.030     1.061 

ddG: K108C    -0.263     1.456    -0.193    -0.978    -0.003    -0.104    -0.001    -0.022     0.031     0.091     0.083     0.003    -0.022    -0.206    -1.031    -0.164     0.026     0.774 

ddG: K108D     1.388    -0.221    -0.273     2.228     0.000     0.038    -0.001    -0.023     0.058     0.034     0.001     0.073    -0.167    -0.050     1.077    -0.179    -0.004    -1.204 

ddG: K108E     0.943    -0.446    -0.346     1.494     0.005     0.335     0.001     0.109     0.019     0.002     0.525     0.033    -0.108    -0.122     0.897     0.051     0.019    -1.526 

ddG: K108F     1.339    -2.050    -0.342     0.139     0.027     0.387     0.006     0.183     0.019     1.240     0.601     0.030    -0.241     0.074     0.501    -0.106     0.006     0.865 

ddG: K108G     1.725     3.228    -0.284    -1.894    -0.007     0.464    -0.002     0.137     0.011     0.055     0.606     0.034     0.014     0.092    -1.483     0.198     0.039     0.516 

ddG: K108H     0.702    -1.086     0.034     0.288    -0.006     0.719     0.004     0.043     0.024    -0.111     1.479     0.017    -0.149     0.152    -1.087    -0.413     0.016     0.777 

ddG: K108H    -0.256    -0.659    -0.017    -0.066    -0.007     0.002     0.011     0.081     0.055    -0.071    -0.001     0.032    -0.122    -0.166     0.096    -0.204     0.001     0.777 

ddG: K108I    -1.253    -0.522    -0.368    -0.636     0.010    -0.069    -0.011     0.815     0.078    -0.654     1.555    -0.010    -0.107    -0.033    -2.477    -0.167    -0.006     1.348 

ddG: K108K    -0.376     0.145    -0.142    -0.131     0.004    -0.251    -0.001    -0.049     0.059    -0.013     0.003     0.081    -0.021    -0.149     0.052     0.032     0.005     0.000 

ddG: K108L    -1.330     0.607    -0.350    -1.327     0.005    -0.007     0.006     0.098     0.051    -0.078     0.005    -0.003    -0.111    -0.133    -1.207     0.046    -0.002     1.072 

ddG: K108M     0.168     0.336    -0.404    -0.582     0.005     0.233     0.005     0.141     0.053     0.067     0.596     0.111    -0.157    -0.200    -0.575    -0.015     0.016     0.537 

ddG: K108N     0.048    -0.645    -0.366     0.451     0.024     0.084    -0.016     0.009    -0.125     0.511     0.030     0.006     0.228    -0.543     1.799    -0.603    -0.007    -0.789 

ddG: K108P    16.611     1.265     5.503    -3.342     0.010     1.303     2.007     2.485    -0.002     1.383     0.014     0.000     0.198     0.890     3.388     1.416     0.011     0.082 

ddG: K108Q    -0.492    -0.360    -0.169     0.231     0.008    -0.518    -0.003     0.022     0.025     1.244    -0.857    -0.013    -0.145    -0.016     1.127     0.007    -0.001    -1.073 

ddG: K108R     0.962     0.489    -0.405    -0.155     0.004     0.601    -0.004     0.045     0.019    -0.115     1.486    -0.008    -0.204     0.210    -0.917    -0.269     0.019     0.167 

ddG: K108S     0.768     1.603    -0.140    -0.023    -0.004    -0.199     0.001    -0.122     0.022     0.169     0.004     0.000     0.034    -0.175    -0.959     0.001    -0.003     0.559 

ddG: K108T    -0.722     0.123    -0.647     1.159     0.005    -0.764    -0.013     0.613    -0.115    -0.714    -0.066    -0.008    -0.119    -0.449    -0.049    -0.215    -0.007     0.544 

ddG: K108V    -0.058    -0.549     0.046    -0.679     0.012     0.249     0.004     0.391     0.025     0.032     0.597     0.018     0.013    -0.097    -1.587     0.191     0.030     1.244 

ddG: K108W    -0.247    -3.148    -0.325     0.533     0.034     0.351     0.014    -0.385     0.218    -0.037     0.657     0.029    -0.505    -0.019     1.089    -0.241     0.022     1.466 

ddG: K108Y     0.719    -2.361    -0.229     0.528     0.033     0.550     0.008    -0.477     0.167     1.255     0.724     0.055    -0.321    -0.104     0.768    -0.377    -0.006     0.505 

