ddG: description total fa_atr fa_rep fa_sol fa_intra_rep fa_elec pro_close hbond_sr_bb hbond_lr_bb hbond_bb_sc hbond_sc dslf_fa13 rama omega fa_dun p_aa_pp yhh_planarity ref 
ddG: G35A    10.520    -2.802     4.817     1.166     0.015    -0.389    -0.020     0.273    -0.115    -0.023     0.022    -0.028     1.401     2.276     1.376     2.046    -0.040     0.545 

ddG: G35C    10.219    -4.361     5.309     3.581     0.004     0.598     0.024    -0.367     0.180    -0.089     1.615     0.026     0.712     1.261     0.601     0.833     0.034     0.258 

ddG: G35D    12.872    -7.031     3.252     7.633     0.011     0.910    -0.004     0.242    -0.159    -0.324     0.034     0.035     1.136     1.253     5.843     1.755     0.009    -1.720 

ddG: G35E    34.549   -11.456    12.458    11.735     0.073     1.210     0.048     0.151    -0.027     0.006     0.019    -0.040     1.197     1.162    18.378     1.682    -0.006    -2.041 

ddG: G35F    17.425    -7.392     5.881     5.225     0.020     0.626     0.033     0.704     0.092    -0.121     0.082     0.136     1.328     4.464     3.167     2.741     0.090     0.349 

ddG: G35G     0.472    -0.012    -0.014    -0.003     0.005     0.328    -0.001    -0.012     0.001     0.143     0.001    -0.003     0.020    -0.005     0.029     0.003    -0.009     0.000 

ddG: G35H    12.427   -10.836     5.539     6.965     0.011     0.895     0.024    -0.318    -0.009     0.276     0.081    -0.017     0.953     0.618     5.702     2.232     0.050     0.261 

ddG: G35H    12.937   -10.493     5.989     7.222     0.009     0.816     0.024     0.291     0.020     0.140     0.529     0.016     1.136     0.817     3.801     2.292     0.065     0.261 

ddG: G35I    20.530    -5.914    11.237     5.406     0.024    -1.092     0.078     0.018     0.196    -0.508     1.113     0.562     3.070     4.443     0.970    -0.167     0.260     0.833 

ddG: G35K    21.120    -9.654     5.015    12.604     0.018    -2.569     0.005     0.389     0.087    -0.772     0.052     0.102     1.339     3.075    11.287     0.560     0.100    -0.516 

ddG: G35L    24.247    -6.447     6.472     4.970     0.020     0.764     0.084     0.036    -0.124     1.020    -0.041     0.175     1.635    10.096     3.556     1.379     0.095     0.556 

ddG: G35M    28.336    -9.837    13.583     6.534     0.078     0.310     0.103     0.282    -0.732     0.132     0.567     0.417     1.079     1.762    12.210     1.766     0.059     0.022 

ddG: G35N    12.558    -7.188     4.411     7.151     0.002    -0.345    -0.014     0.798     0.082    -0.539     0.606     0.013     1.282     1.383     4.887     1.323     0.011    -1.304 

ddG: G35P   115.135    -7.068    90.218     2.327     0.023     0.195    10.158     0.560     0.022     0.549     0.538     0.316     2.920     3.529     8.712     2.527     0.044    -0.434 

ddG: G35Q    14.391    -6.969     6.526     5.510     0.017     0.084     0.039     0.150     0.013     0.169     0.014    -0.036     1.161     1.016     5.668     2.560     0.057    -1.589 

ddG: G35R    14.303    -8.321     6.685     7.949     0.026    -1.247     0.038     0.267     0.007    -0.650     0.534    -0.018     1.856     0.932     5.017     1.514     0.065    -0.349 

ddG: G35S     5.189    -2.528     3.735     2.988     0.002    -1.973     0.004     0.250     0.011    -1.022     0.004    -0.036     0.996     1.040     0.540     1.130     0.004     0.043 

ddG: G35T    17.535    -5.867     9.187     6.239     0.014     0.386     0.040     0.322     0.031     0.306     1.470    -0.019     0.878     2.836     0.983     0.598     0.100     0.029 

ddG: G35V    27.404    -6.293    15.672     4.816     0.025    -0.302     0.026     0.611    -0.093    -0.415    -0.075     0.119     1.743     5.638     3.839     1.303     0.064     0.728 

ddG: G35W    11.431   -12.003     7.387     7.889     0.028     0.426     0.023     0.214     0.015     0.315    -0.005     0.032     1.173     0.893     3.275     0.730     0.090     0.950 

ddG: G35Y     9.893   -10.747     6.463     6.489     0.028    -0.928     0.009     0.704     0.109    -0.415     0.094     0.038     0.972     0.735     3.833     2.482     0.038    -0.011 

