ddG: description total fa_atr fa_rep fa_sol fa_intra_rep fa_elec pro_close hbond_sr_bb hbond_lr_bb hbond_bb_sc hbond_sc dslf_fa13 rama omega fa_dun p_aa_pp yhh_planarity ref 
ddG: G112A     5.990    -0.098     0.371     0.768    -0.006     0.635     0.007     0.430    -0.090     1.131    -0.491     0.000     0.142     1.197    -0.117     1.576    -0.010     0.545 

ddG: G112C     5.223    -2.042     0.752     4.054    -0.016    -1.893     0.007     0.604    -0.242     1.130    -1.312     0.000    -0.042     0.695     1.939     1.354    -0.021     0.258 

ddG: G112D     4.773    -0.862     0.253     1.582     0.002    -0.243     0.004     0.738    -0.185     1.093    -0.835     0.000     0.064     1.161     2.652     1.074    -0.005    -1.720 

ddG: G112E     5.980    -1.723     2.424     2.904    -0.019    -1.657    -0.001     0.491    -0.016     0.717    -3.291     0.000    -0.103     1.425     5.319     1.560    -0.009    -2.041 

ddG: G112F     5.021    -1.937     1.620     0.458     0.028    -0.856     0.004     0.131    -0.187     0.011    -0.031     0.000     0.308     0.370     3.230     1.544    -0.022     0.349 

ddG: G112G     0.964     1.240    -0.838    -0.906    -0.004     0.488     0.007     0.424    -0.110     1.088    -0.548     0.000    -0.209     0.267     0.124    -0.053    -0.005     0.000 

ddG: G112H     4.927    -3.017     2.189     0.865     0.007     0.346     0.000    -0.088     0.023     0.012    -0.023     0.000     0.089     0.949     2.505     0.815    -0.006     0.261 

ddG: G112H     4.169    -3.491     3.870     1.676    -0.013    -1.911    -0.009     0.005     0.083    -0.393    -2.837     0.000    -0.073     1.097     4.970     0.944    -0.012     0.261 

ddG: G112I     7.081    -0.396     0.176     0.331     0.349    -0.481     0.006     0.583    -0.197     1.188    -0.450     0.000     1.170     0.946     0.823     2.216    -0.018     0.833 

ddG: G112K     3.880    -0.342     0.168     1.004    -0.001    -0.847     0.011     0.768    -0.226     1.065    -0.546     0.000    -0.012     1.121     1.168     1.083    -0.015    -0.516 

ddG: G112L     5.258    -0.877     0.466     1.696    -0.001    -0.891     0.009     0.728    -0.241     1.070    -0.500     0.000     0.330     1.112     0.185     1.628    -0.014     0.556 

ddG: G112M     4.338    -0.567     1.077     0.711    -0.002    -0.781     0.002     0.147    -0.183     0.136     0.075     0.000     0.322     1.111     0.888     1.377     0.004     0.022 

ddG: G112N     3.037    -2.286     1.478     1.995     0.005    -0.288     0.001    -0.057     0.004     0.021     0.003     0.000    -0.094     1.248     1.577     0.738    -0.004    -1.304 

ddG: G112P   116.860    -0.964    75.209     1.178     0.021    -0.863     8.052     1.780    -0.289     1.051    -0.542     0.000     2.009    11.925    15.638     3.122    -0.033    -0.434 

ddG: G112Q     3.872    -0.219     1.413    -0.263     0.002    -0.642     0.001     0.124    -0.176     0.125     0.048     0.000     0.289     0.787     2.600     1.382    -0.011    -1.589 

ddG: G112R     4.955    -0.440     0.279     1.305     0.004    -0.775     0.010     0.776    -0.232     1.067    -0.532     0.000     0.052     1.140     1.554     1.108    -0.014    -0.349 

ddG: G112S     4.017     0.361     1.113     0.072     0.001    -0.908     0.005     0.182    -0.182     0.010    -0.023     0.000     0.463     0.860     0.607     1.427    -0.014     0.043 

ddG: G112T     6.506    -0.561     2.028     2.847     0.125    -2.691     0.001     0.691    -0.198     0.707    -3.254     0.000     0.475     0.713     3.414     2.206    -0.025     0.029 

ddG: G112V     7.956    -1.724     2.512     0.732     0.175     0.405    -0.001    -0.103     0.034     0.139     0.070     0.000     1.264     0.903     0.543     2.281    -0.002     0.728 

ddG: G112W     6.401    -4.212     1.240     1.985     0.020     0.753     0.006     0.322    -0.061     1.252    -0.455     0.000     0.023     0.808     2.654     1.129    -0.014     0.950 

ddG: G112Y     5.766    -2.052     0.785     1.142     0.019    -0.970     0.001     0.138    -0.068    -0.203    -0.231     0.000     0.300    -0.005     5.685     1.244    -0.010    -0.011 

