ddG: description total fa_atr fa_rep fa_sol fa_intra_rep fa_elec pro_close hbond_sr_bb hbond_lr_bb hbond_bb_sc hbond_sc dslf_fa13 rama omega fa_dun p_aa_pp yhh_planarity ref 
ddG: Q4A    -0.682     9.843     0.478    -8.544    -0.012     0.244    -0.012     0.027     0.116     1.421     0.013     0.012     0.290    -0.050    -6.671     0.023     0.007     2.134 

ddG: Q4C     0.488     9.170    -1.154    -6.243    -0.015     0.788    -0.012     0.313    -0.036     0.785     0.495     0.031     0.032    -0.387    -5.436     0.313    -0.001     1.847 

ddG: Q4D     4.516    12.854    -0.897    -6.775     0.004     2.160     0.050    -0.520     0.111     1.343     0.758     0.087     0.352     0.207    -5.156     0.062     0.006    -0.131 

ddG: Q4E     2.357     0.674    -0.446     2.861    -0.002     0.429     0.005    -0.268    -0.074     1.555     0.059    -0.006    -0.077    -0.512    -1.368    -0.015    -0.008    -0.453 

ddG: Q4F    -1.087     4.258    -0.626    -9.041     0.015     3.000     0.026     0.174    -0.051     0.351     1.233     0.027     0.039    -0.596    -2.165     0.329     0.004     1.938 

ddG: Q4G     2.208    12.961    -0.599    -8.836    -0.007     0.574    -0.012     0.196    -0.034     1.366     0.007    -0.013     0.452    -0.390    -5.639     0.581     0.013     1.589 

ddG: Q4H    -0.702     7.141    -0.513    -7.370     0.001     1.126     0.037    -0.069     0.087     0.798     0.586     0.048     0.405     0.173    -5.191     0.167     0.022     1.850 

ddG: Q4H    -0.577     7.428    -0.642    -7.549    -0.002     1.461     0.036    -0.084     0.116     0.632     0.594     0.044     0.336    -0.057    -4.966     0.201     0.026     1.850 

ddG: Q4I     2.737     5.818     3.624    -8.260     0.016     0.773    -0.010    -0.136     0.075     1.269     0.253     0.114     0.457    -0.146    -3.380    -0.166     0.016     2.421 

ddG: Q4K     4.354    12.268    -0.276    -9.884     0.001     2.439     0.039     0.106     0.006     1.303     0.772    -0.008     0.211     0.090    -4.039     0.223     0.031     1.073 

ddG: Q4L    -2.788     2.728     1.387    -6.584    -0.011     0.176    -0.008     0.098     0.006     1.383     0.067    -0.012     0.417     0.046    -4.804     0.166     0.012     2.145 

ddG: Q4M    -0.732     3.131     0.462    -5.164    -0.010     1.457     0.007    -0.169    -0.197     0.884     0.523     0.030    -0.033    -0.354    -3.068     0.103     0.056     1.610 

ddG: Q4N     1.305     4.303     0.176    -1.962    -0.010     0.199    -0.009     0.206     0.118     1.334     0.541     0.026     0.381     0.101    -4.759     0.332     0.044     0.284 

ddG: Q4P     3.399     9.176     3.972   -10.474    -0.013     0.660     0.349     0.560    -0.081     1.660     0.173     0.003     0.500     0.761    -5.638     0.642    -0.007     1.155 

ddG: Q4Q    -0.105     0.654     0.576    -0.232    -0.003    -0.479    -0.002    -0.104     0.164     0.114     0.114     0.010     0.110     0.373    -1.340    -0.069     0.009     0.000 

ddG: Q4R     0.116     0.807     0.429     0.651     0.006     0.899     0.035    -0.337     0.245     0.494     0.224     0.120     0.418     0.324    -5.412    -0.082     0.055     1.240 

ddG: Q4S     1.835    10.985    -0.397    -6.297    -0.018    -0.020    -0.007     0.076     0.137     1.382     0.018     0.011     0.213    -0.011    -6.085     0.199     0.018     1.632 

ddG: Q4T     0.733     8.679     0.461    -4.939    -0.016    -0.487    -0.014     0.312     0.081     1.390    -0.882     0.007     0.371    -0.038    -6.122     0.266     0.048     1.617 

ddG: Q4V     3.723     8.017     2.542    -8.018     0.001     0.287    -0.012     0.052     0.114     0.759     0.683     0.145     0.337     0.388    -3.845    -0.032    -0.014     2.317 

ddG: Q4W    -0.170    -0.299     0.567    -6.073     0.034     3.067     0.040     0.113    -0.067     0.358     1.201     0.005    -0.016    -0.447    -1.707     0.503     0.012     2.539 

ddG: Q4Y    -2.045     4.942     0.272    -8.680     0.019     1.834     0.038    -0.080     0.093     0.347     0.704     0.015     0.267    -0.030    -3.648     0.285    -0.001     1.578 

