ddG: description total fa_atr fa_rep fa_sol fa_intra_rep fa_elec pro_close hbond_sr_bb hbond_lr_bb hbond_bb_sc hbond_sc dslf_fa13 rama omega fa_dun p_aa_pp yhh_planarity ref 
ddG: G62A     2.177    -1.680    -1.523    -0.220     0.009     1.307     0.018     0.545     0.212     1.552     2.374     0.000     0.821    -0.337    -2.116     0.680    -0.010     0.545 

ddG: G62C     5.071    -4.003     0.993     2.673     0.017     0.800     0.020     0.429     0.239     1.601     1.619     0.000     0.537     0.167    -0.433     0.159    -0.006     0.258 

ddG: G62D    11.446    -8.993     1.087    12.030     0.044     1.673     0.002     0.000     0.594     0.114     3.358     0.000     0.358    -0.028     2.604     0.333    -0.011    -1.720 

ddG: G62E    16.328   -12.672     2.096    14.611     0.073     1.182     0.012     0.390     0.565     2.228     1.121     0.000     0.569     0.134     7.479     0.579     0.004    -2.041 

ddG: G62F    11.895   -15.194     5.859     3.071     0.053     3.752     0.018     0.543     0.456     3.800     2.349     0.000     0.840     2.513     3.051     0.381     0.051     0.349 

ddG: G62G     1.100     2.239    -2.802    -1.454     0.011     1.567     0.019     0.560    -0.318     1.394     2.385     0.000     0.057    -0.278    -2.193    -0.087     0.002     0.000 

ddG: G62H    14.833   -16.536     7.125     9.176     0.129     2.608     0.007     0.533     0.011     1.744     2.814     0.000     0.741     0.711     5.517     0.007    -0.014     0.261 

ddG: G62H    13.222   -17.259     7.941     8.883     0.138     2.075     0.002     0.092     0.145     0.722     3.287     0.000     0.949     0.421     5.560     0.015    -0.010     0.261 

ddG: G62I    10.028   -10.210     4.779     3.129     0.040     2.324     0.009     0.513     1.682     2.027     3.035     0.000     0.901     0.554     0.115     0.304    -0.006     0.833 

ddG: G62K    25.180   -14.109     7.488    15.865     0.043     0.368    -0.001     0.712     0.352     5.059    -1.703     0.000     1.436     0.675     9.350     0.179    -0.017    -0.516 

ddG: G62L     8.191   -12.082     5.130     5.242     0.143    -0.465     0.005     0.714     0.131     2.099     0.006     0.000     1.031     0.442     4.556     0.697    -0.014     0.556 

ddG: G62M    13.528   -11.798     4.108     5.567     0.043     1.706     0.007     0.022     1.220     2.906     1.577     0.000     0.651     0.018     7.194     0.269     0.015     0.022 

ddG: G62N     8.696   -11.369     4.208     9.307     0.025     0.880    -0.007     0.130     0.752     1.601     1.001     0.000     0.366    -0.093     3.147     0.061    -0.009    -1.304 

ddG: G62P     5.618    -7.707     4.668     2.553    -0.004    -0.698     1.311     0.606     0.791     1.903    -0.236     0.000     1.089     0.258     1.157     0.386    -0.025    -0.434 

ddG: G62Q     9.885   -13.524     4.458     9.415     0.053     0.920     0.001     0.144     0.620     0.737     3.304     0.000     1.022    -0.095     3.860     0.563    -0.006    -1.589 

ddG: G62R    24.533   -14.258     5.831    15.501     0.055     3.288     0.002     0.179     0.583     3.140     3.748     0.000     1.118     0.566     5.075     0.077    -0.024    -0.349 

ddG: G62S     4.605    -3.108     1.961     3.690     0.005    -0.910    -0.003     0.113     0.500     0.018     0.455     0.000     0.767    -0.287     1.100     0.268    -0.007     0.043 

ddG: G62T     7.713    -5.544     3.733     6.491    -0.008    -1.361     0.001     0.524     0.970     1.957    -1.208     0.000     0.302     0.362     1.254     0.211    -0.002     0.029 

ddG: G62V     7.433    -8.224     4.585     1.380     0.041     1.972     0.010     0.054     0.917     1.289     2.423     0.000     1.169     0.265     0.461     0.354     0.010     0.728 

ddG: G62W    19.496   -22.779    13.929     7.825     0.047     2.887     0.015     0.251     1.806     4.204     0.559     0.000     1.071     2.848     5.152     0.745    -0.013     0.950 

ddG: G62Y    15.391   -16.806     6.247     8.318     0.045     2.495     0.014     0.220     0.988     2.702     2.892     0.000     1.050     1.507     5.021     0.637     0.073    -0.011 

