ddG: description total fa_atr fa_rep fa_sol fa_intra_rep fa_elec pro_close hbond_sr_bb hbond_lr_bb hbond_bb_sc hbond_sc dslf_fa13 rama omega fa_dun p_aa_pp yhh_planarity ref 
ddG: V141A     1.045     3.148     1.838     0.516    -0.040    -2.437    -0.015     0.060    -0.317    -0.345    -3.159     0.000    -0.028     0.090     1.853     0.070    -0.007    -0.183 

ddG: V141C     2.294     3.075    -1.156    -0.427    -0.026    -0.192     0.004     0.612    -0.257     1.146    -0.763     0.000     0.050     0.105     0.320     0.276    -0.004    -0.470 

ddG: V141D     3.464     0.147    -0.091     4.774    -0.023    -1.787     0.006     0.184    -0.292    -0.008     0.036     0.000     0.518    -0.490     2.026     0.908     0.003    -2.448 

ddG: V141E     3.201     1.672    -0.977     2.388    -0.020    -0.785     0.010     0.641    -0.326     1.074    -0.479     0.000     0.031    -0.176     2.617     0.302    -0.001    -2.769 

ddG: V141F     3.552    -1.764     0.412     1.079     0.003     1.450     0.001    -0.007     0.043     0.140     0.829     0.000    -0.008     0.277     1.465     0.009     0.001    -0.379 

ddG: V141G     2.885     4.659    -1.625    -0.283    -0.035    -1.447     0.002     0.146    -0.170    -0.208    -0.176     0.000     0.579    -0.480     1.747     0.900     0.004    -0.728 

ddG: V141H     0.518    -1.935    -1.206     2.507    -0.026    -1.477     0.000     0.201    -0.240    -0.206    -0.162     0.000    -0.173    -0.364     3.811     0.248     0.005    -0.467 

ddG: V141H     0.574    -1.657    -0.707     2.558    -0.025    -1.164     0.010     0.677    -0.405     1.077    -0.449     0.000    -0.088    -0.120     1.212     0.137    -0.015    -0.467 

ddG: V141I     0.706     0.526     0.167    -0.001     0.003    -1.159     0.006     0.178    -0.056    -0.015     0.431     0.000     0.260    -0.358     0.265     0.362    -0.008     0.105 

ddG: V141K     2.275     1.594    -0.998     1.711    -0.017    -1.035     0.011     0.640    -0.321     1.058    -0.477     0.000    -0.018    -0.125     1.202     0.308    -0.015    -1.244 

ddG: V141L     2.254     2.062    -1.300    -0.001    -0.015    -1.085     0.002     0.140    -0.029    -0.219     0.299     0.000     0.007    -0.397     2.698     0.258     0.004    -0.172 

ddG: V141M     2.293     2.062    -1.052     0.691    -0.017    -0.916     0.009     0.629    -0.339     1.064    -0.486     0.000     0.016    -0.122     1.234     0.240    -0.015    -0.706 

ddG: V141N     1.596     0.719     0.690     3.248    -0.043    -3.540     0.003     0.733    -0.395     0.681    -3.173     0.000     0.030    -0.023     4.080     0.636    -0.017    -2.032 

ddG: V141P     1.833     1.137     0.724    -1.061    -0.026    -1.217     0.483     0.180     0.490    -0.050    -0.058     0.000     0.384     1.206     1.049    -0.243    -0.002    -1.162 

ddG: V141Q     1.697     1.334    -0.984     1.528    -0.021    -0.870     0.010     0.641    -0.321     1.067    -0.476     0.000    -0.065    -0.153     2.059     0.266    -0.001    -2.317 

ddG: V141R     1.719    -0.499    -0.890     4.624    -0.015    -1.624     0.007     0.655    -0.372     0.486    -0.494     0.000    -0.101    -0.190     1.048     0.176    -0.015    -1.077 

ddG: V141S     0.921     3.453     1.685     0.531    -0.035    -4.218    -0.008     0.279    -0.103    -0.438    -2.376     0.000     0.039    -0.377     2.832     0.340     0.001    -0.685 

ddG: V141T     0.952     1.682    -0.089     2.212    -0.020    -1.839     0.004     0.179    -0.176    -0.036     0.011     0.000     0.113    -0.382    -0.188     0.191    -0.011    -0.699 

ddG: V141V     0.542     0.244     0.920     1.081    -0.026    -1.925     0.000     0.482    -0.064     0.708    -3.258     0.000    -0.349     0.400     2.245     0.091    -0.007     0.000 

ddG: V141W     1.098    -4.769     0.409     4.826     0.005    -0.431     0.002     0.025    -0.212     0.027    -0.386     0.000     0.075     0.097     1.101     0.106     0.000     0.222 

ddG: V141Y     4.075    -2.088     1.311     3.081    -0.020    -0.382     0.000     0.491    -0.036     0.738    -2.504     0.000    -0.380     0.640     3.968     0.000    -0.007    -0.739 

