ddG: description total fa_atr fa_rep fa_sol fa_intra_rep fa_elec pro_close hbond_sr_bb hbond_lr_bb hbond_bb_sc hbond_sc dslf_fa13 rama omega fa_dun p_aa_pp yhh_planarity ref 
ddG: N41A    -0.874     5.826    -0.408    -5.922    -0.005     0.286    -0.001     0.034    -0.088     0.134    -0.058     0.000    -0.161    -0.047    -2.205    -0.124     0.017     1.849 

ddG: N41C     0.163     4.122    -0.165    -4.032    -0.003     0.320    -0.001     0.035    -0.009     0.146    -0.048     0.000    -0.111    -0.054    -1.619    -0.002     0.023     1.563 

ddG: N41D     2.458    -0.452     0.144     3.925     0.000     0.566    -0.002    -0.562    -0.020    -1.318     0.731     0.000    -0.068    -0.044    -0.256     0.210     0.019    -0.415 

ddG: N41E    -0.066     0.143     0.406     0.202     0.002    -1.289     0.003     0.096     0.006     0.059     0.009     0.000    -0.137    -0.044     1.298    -0.093     0.010    -0.737 

ddG: N41F    -4.323    -6.817     1.584    -2.806     0.092     0.014     0.006     0.064    -0.173     0.095    -0.047     0.000    -0.106     0.368     1.926    -0.204     0.026     1.654 

ddG: N41G     1.139     9.312    -0.702    -7.859    -0.001     1.228    -0.002    -0.047    -0.053     0.028    -0.114     0.000     0.312     0.048    -2.694     0.364     0.016     1.304 

ddG: N41H    -0.900     1.955     0.679    -4.887     0.007    -0.326     0.001     0.227    -0.113     0.127    -1.297     0.000    -0.140    -0.131     1.577    -0.160     0.016     1.566 

ddG: N41H    -0.348    -4.554     0.815    -1.196     0.007     0.695     0.003     0.085    -0.088     0.147     0.692     0.000    -0.123     0.047     1.732    -0.136    -0.040     1.566 

ddG: N41I     1.461     1.731     0.292    -2.716     0.014    -0.073     0.004    -0.005     0.183     0.046     0.028     0.000     0.093     0.143    -0.317    -0.103     0.004     2.137 

ddG: N41K     2.375    -1.620     0.445     1.426    -0.003     3.048     0.000    -0.529     0.046    -1.306     0.743     0.000    -0.143     0.047    -0.739     0.174    -0.002     0.789 

ddG: N41L    -0.256    -0.630     1.529    -2.566     0.011     1.544     0.006    -0.486     0.004    -1.447     0.763     0.000    -0.159    -0.016    -0.587    -0.094     0.011     1.861 

ddG: N41M    -1.092     0.618    -0.067    -4.142     0.002     0.462     0.005     0.062     0.088     0.227     0.708     0.000    -0.093     0.049    -0.080    -0.216    -0.042     1.326 

ddG: N41N     0.373     0.026    -0.006    -0.042     0.002     0.360     0.000     0.015    -0.007    -0.002     0.002     0.000     0.008    -0.028     0.032     0.015    -0.002     0.000 

ddG: N41P     0.050     6.527     0.387    -7.558     0.004     1.909     0.555    -0.459    -0.046    -1.419     0.697     0.000     0.061    -0.020    -1.044    -0.434     0.021     0.871 

ddG: N41Q     1.176    -1.213     0.450    -0.122     0.002     1.886     0.005    -0.502     0.052    -1.314     0.800     0.000    -0.050    -0.030     1.271     0.222     0.003    -0.284 

ddG: N41R     2.558    -4.124     0.803     3.742     0.005     2.357     0.003    -0.462     0.002    -1.398     0.798     0.000    -0.194     0.010    -0.014     0.062     0.012     0.955 

ddG: N41S     0.855     5.880    -0.539    -4.274     0.001    -0.347     0.005     0.059    -0.086     0.123    -0.060     0.000    -0.058     0.092    -1.124    -0.190     0.026     1.348 

ddG: N41T     1.367     4.364     0.426    -4.593     0.000     0.308     0.003     0.164     0.056     0.185     0.701     0.000    -0.023     0.056    -1.581     0.001    -0.034     1.333 

ddG: N41V     0.657     2.512     0.273    -3.895     0.014     0.158    -0.001     0.044     0.106     0.169    -0.027     0.000     0.045     0.029    -0.867     0.048     0.018     2.032 

ddG: N41W    -2.814    -7.912     0.521    -0.726     0.030     2.419     0.001    -0.531    -0.082    -1.418     0.777     0.000    -0.091     0.315     1.697    -0.061    -0.007     2.255 

ddG: N41Y    -3.109    -4.342     0.402    -1.931     0.056     1.673     0.002    -0.566    -0.039    -2.815     0.702     0.000    -0.085     0.134     2.416    -0.024     0.015     1.294 

