ddG: description total fa_atr fa_rep fa_sol fa_intra_rep fa_elec pro_close hbond_sr_bb hbond_lr_bb hbond_bb_sc hbond_sc dslf_fa13 rama omega fa_dun p_aa_pp yhh_planarity ref 
ddG: K132A     0.183     0.860     1.780    -0.027    -0.027    -1.610    -0.008     0.059     0.045    -0.524    -2.727     0.000    -0.189     0.100     1.382    -0.003     0.011     1.061 

ddG: K132C     2.234     1.736    -0.804    -0.736    -0.011     0.780     0.009     0.442    -0.045     0.962    -0.556     0.000    -0.034     0.258    -0.662     0.109     0.010     0.774 

ddG: K132D     2.862    -0.013     0.090     2.181    -0.001     1.049     0.002     0.002    -0.014    -0.106    -0.076     0.000     0.075    -0.041     0.767     0.137     0.014    -1.204 

ddG: K132E     2.662     0.494    -0.770     1.055    -0.003     1.177     0.006     0.455    -0.064     0.953    -0.540     0.000    -0.190     0.297     1.480    -0.157    -0.005    -1.526 

ddG: K132F     0.118    -2.320     0.147     0.712     0.020     0.117     0.002     0.001    -0.005    -0.012     0.023     0.000     0.149    -0.018     0.543    -0.107     0.000     0.865 

ddG: K132G     1.074     3.365     0.018    -2.973    -0.005     0.450     0.003     0.004     0.010    -0.039    -0.035     0.000     0.336    -0.089    -0.832     0.347    -0.001     0.516 

ddG: K132H     1.927    -1.761    -1.171     1.567    -0.008    -0.067    -0.001    -0.034     0.159    -0.305    -0.202     0.000    -0.191     0.076     2.970     0.106     0.015     0.777 

ddG: K132H     1.925    -1.401    -0.692     1.578    -0.011     0.215     0.009     0.455    -0.057     0.961    -0.498     0.000    -0.079     0.288     0.360     0.026    -0.005     0.777 

ddG: K132I     1.570    -0.596     1.025     1.597    -0.006    -1.428    -0.002     0.542    -0.015     0.579    -3.230     0.000    -0.228     0.433     1.557    -0.011     0.007     1.348 

ddG: K132K     1.338    -0.015    -1.262     0.646    -0.005     0.115     0.001    -0.003     0.038    -0.306    -0.233     0.000    -0.245     0.037     2.498     0.056     0.015     0.000 

ddG: K132L     1.448    -0.105    -1.268     0.433     0.008    -0.498     0.000    -0.065     0.102    -0.322    -0.232     0.000    -0.162     0.214     2.229     0.027     0.015     1.072 

ddG: K132M     1.218    -0.142     0.129    -0.189     0.002     0.485     0.002     0.024    -0.012    -0.134    -0.084     0.000     0.208    -0.026     0.450    -0.046     0.013     0.537 

ddG: K132N     1.306    -0.801     0.120     0.253     0.005     1.590    -0.002    -0.189     0.217    -0.114    -0.048     0.000     0.112     0.383     0.426     0.130     0.011    -0.789 

ddG: K132P    10.338     1.349     5.099    -4.106    -0.001     3.974     0.192    -0.133     2.376    -0.392     0.067     0.000     0.236     1.544    -0.045     0.087     0.009     0.082 

ddG: K132Q     0.471    -0.758    -1.329     1.103     0.007    -1.040     0.001    -0.040     0.064    -0.314    -0.735     0.000    -0.229     0.075     4.696     0.026     0.016    -1.073 

ddG: K132R     1.997    -3.691     0.394     4.484     0.020     0.144     0.001    -0.165     0.141    -0.097    -0.374     0.000     0.066     0.400     0.663    -0.166     0.011     0.167 

ddG: K132S     1.274     1.470    -0.167    -0.074    -0.012    -0.093    -0.002    -0.015     0.023     0.003     0.003     0.000     0.066    -0.074    -0.659     0.231     0.014     0.559 

ddG: K132T     1.449     1.211    -0.904     0.470    -0.001    -0.123     0.008     0.471    -0.049     0.975    -0.539     0.000    -0.023     0.274    -0.958     0.098    -0.005     0.544 

ddG: K132V     0.409    -0.407     2.091     0.481    -0.005    -1.713    -0.005     0.084    -0.001    -0.523    -2.762     0.000     0.009     0.111     1.645     0.149     0.011     1.244 

ddG: K132W     1.186    -4.416    -1.115     2.718     0.016     0.104     0.000     0.008     0.040    -0.304    -0.196     0.000    -0.247     0.069     2.973     0.056     0.015     1.466 

ddG: K132Y     0.660    -3.572     0.380     1.327     0.029     1.334     0.000    -0.183     0.195    -0.092    -0.018     0.000     0.113     0.402     0.474    -0.244     0.010     0.505 

