ddG: description total fa_atr fa_rep fa_sol fa_intra_rep fa_elec pro_close hbond_sr_bb hbond_lr_bb hbond_bb_sc hbond_sc dslf_fa13 rama omega fa_dun p_aa_pp yhh_planarity ref 
ddG: P123A     1.685     0.601     2.056     0.966    -0.019    -1.467    -0.102     0.505    -0.124     0.881    -2.982     0.000    -0.117     0.487    -0.555     0.583    -0.007     0.979 

ddG: P123C     0.739    -1.189     2.851     1.752    -0.010    -0.678    -0.103    -0.052     0.150    -0.190    -2.573     0.000    -0.016     0.517    -0.675     0.271    -0.007     0.692 

ddG: P123D     1.530    -0.202     2.738     1.726    -0.005    -0.785    -0.100     0.056    -0.059    -0.217    -2.572     0.000    -0.113     0.159     1.481     0.712    -0.002    -1.286 

ddG: P123E     2.265     0.672    -0.427     0.476     0.004     0.288    -0.094     0.054     0.002    -0.002    -0.006     0.000     0.022     0.023     2.068     0.794     0.000    -1.608 

ddG: P123F     3.918     0.002     0.118     0.085     0.032     1.272    -0.093     0.432    -0.126     1.225    -0.628     0.000     0.067     0.622    -0.704     0.840    -0.009     0.783 

ddG: P123G     1.624     1.103     1.935     0.784    -0.023    -1.478    -0.103     0.628    -0.122     0.798    -3.058     0.000     0.036     0.438    -0.582     0.842    -0.008     0.434 

ddG: P123H     1.495    -1.316     3.384     2.250    -0.015    -2.495    -0.097     0.080    -0.049    -0.233    -2.495     0.000     0.289     0.357     1.182    -0.025    -0.017     0.695 

ddG: P123H     2.989    -0.105     0.213     0.619     0.001    -0.107    -0.089     0.008     0.006    -0.011    -0.003     0.000     0.189     0.276     1.407    -0.110     0.000     0.695 

ddG: P123I     3.763    -0.380    -0.389     1.549     0.049     0.090    -0.095    -0.004    -0.011    -0.007     0.018     0.000     0.388     0.097     0.042     1.150     0.000     1.266 

ddG: P123K     1.441    -0.204     1.086    -0.518     0.015     1.794    -0.097    -0.233     0.101     0.355     0.240     0.000     0.195     0.471    -2.231     0.553    -0.004    -0.082 

ddG: P123L     1.758     0.164     1.984     1.121    -0.012    -1.500    -0.101     0.530    -0.130     0.885    -2.977     0.000     0.006     0.447    -0.447     0.806    -0.007     0.990 

ddG: P123M     1.769     0.167     1.098     0.020     0.014     0.686    -0.100     0.291    -0.112     0.209     0.146     0.000     0.162    -0.012    -1.913     0.658    -0.001     0.455 

ddG: P123N     0.182    -0.371     2.697     1.864    -0.010    -1.993    -0.102     0.109    -0.046    -0.041    -2.533     0.000    -0.158     0.108     0.943     0.607    -0.021    -0.871 

ddG: P123P     0.003     0.009    -0.001    -0.013     0.000    -0.006    -0.001     0.005     0.003    -0.004    -0.004     0.000    -0.008     0.016     0.008    -0.003     0.000     0.000 

ddG: P123Q     1.990     0.226    -0.495     0.609     0.004     0.263    -0.091    -0.004     0.004    -0.003    -0.006     0.000    -0.040     0.106     1.612     0.960     0.000    -1.155 

ddG: P123R     2.062     0.522     1.838     1.108    -0.011    -1.348    -0.101     0.597    -0.130     0.878    -2.998     0.000    -0.130     0.455     0.801     0.504    -0.008     0.084 

ddG: P123S     1.276     1.063     0.875    -0.406     0.003     0.534    -0.095     0.144    -0.093     0.297     0.220     0.000     0.342    -0.071    -2.587     0.588    -0.014     0.477 

ddG: P123T     3.239     0.446     0.030     1.881    -0.001     0.364    -0.089     0.469    -0.174     1.280    -0.249     0.000     0.270     0.417    -3.041     1.194    -0.020     0.462 

ddG: P123V     2.999     0.364    -0.288     0.322     0.082     0.194    -0.094    -0.015     0.004    -0.009    -0.005     0.000     0.485     0.095    -0.376     1.079     0.000     1.162 

ddG: P123W     3.676     0.038     0.348     0.546     0.025     0.770    -0.096     0.554    -0.172     1.281    -0.285     0.000     0.208     0.311    -1.557     0.327    -0.005     1.384 

ddG: P123Y     2.247    -0.115     0.965    -0.106     0.032     0.627    -0.094     0.134    -0.112     0.190     0.154     0.000     0.344    -0.091    -1.035     0.934    -0.001     0.423 

