ddG: description total fa_atr fa_rep fa_sol fa_intra_rep fa_elec pro_close hbond_sr_bb hbond_lr_bb hbond_bb_sc hbond_sc dslf_fa13 rama omega fa_dun p_aa_pp yhh_planarity ref 
ddG: T7A     4.329     3.432    -0.862    -1.879    -0.022     1.045     0.000    -0.038     0.050     0.429     0.625     0.000    -0.246    -0.008     0.906     0.361     0.021     0.516 

ddG: T7C     2.920     1.758    -0.601    -0.695    -0.011     1.348     0.007     0.471    -0.211     1.738     0.342     0.000    -0.418     0.315    -1.103    -0.255     0.004     0.229 

ddG: T7D     6.868    -3.080    -0.027     7.920     0.004     1.544     0.002     0.246     0.012     1.796    -0.126     0.000    -0.555     0.694     0.689    -0.502    -0.001    -1.749 

ddG: T7E     8.543    -7.166     2.838    10.406     0.010     0.397     0.000    -0.153     0.104     0.601     0.203     0.000    -0.053     0.452     3.173    -0.176    -0.022    -2.070 

ddG: T7F     0.001   -10.618     3.525     2.637     0.012     0.779     0.004    -0.092    -0.276     0.582     1.083     0.000    -0.593     0.205     2.175     0.286    -0.030     0.321 

ddG: T7G     4.377     6.214     1.590    -3.473    -0.036    -0.808    -0.007     0.076    -0.048     0.135    -1.983     0.000     0.365    -0.115     1.570     0.816     0.109    -0.029 

ddG: T7H     5.719    -7.951     2.093     3.792     0.036     1.870     0.007     0.419    -0.167     1.714     0.625     0.000    -0.642     0.197     3.896    -0.369    -0.033     0.232 

ddG: T7H     5.458    -8.646     1.779     4.106     0.043     1.317     0.000    -0.043    -0.033     0.261     0.781     0.000    -0.735     0.032     6.639    -0.258    -0.017     0.232 

ddG: T7I     3.848    -2.578     1.158    -1.095     0.001     1.903     0.005     0.487    -0.138     1.895     0.627     0.000    -0.248     0.193     0.999    -0.201     0.035     0.804 

ddG: T7K     6.364    -4.438     0.044     5.732    -0.012     0.175    -0.001     0.022     0.113    -0.476     0.760     0.000    -0.305    -0.493     5.583     0.219    -0.013    -0.544 

ddG: T7L     4.890    -1.005     3.685    -3.406     0.039     1.950     0.005    -0.040    -0.179     0.493     1.113     0.000    -0.564    -0.111     2.455    -0.126     0.052     0.527 

ddG: T7M     4.556    -1.862     1.612    -1.253     0.003     1.497     0.010     0.468    -0.064     1.661     0.506     0.000    -0.784     0.844     1.903     0.012     0.009    -0.007 

ddG: T7N     3.513    -4.508     2.695     4.660    -0.002     0.688    -0.007    -0.105     0.112     0.198    -1.930     0.000    -0.591     0.570     3.336    -0.247    -0.022    -1.333 

ddG: T7P     7.868     3.797    -0.408    -4.415    -0.012     2.512     0.657     0.167    -0.034     0.586     0.916     0.000     0.330     0.926     3.001     0.257     0.051    -0.462 

ddG: T7Q     5.205    -5.450     1.181     4.825     0.009     0.424    -0.002    -0.158     0.133    -0.616     0.691     0.000    -0.188    -0.507     6.739    -0.252    -0.005    -1.617 

ddG: T7R     8.086   -10.733     2.689    11.478    -0.004     1.427    -0.002    -0.251     0.177     0.548     1.129     0.000    -0.184     0.018     2.159     0.030    -0.018    -0.378 

ddG: T7S     3.272     2.753     0.193    -0.570    -0.006     0.772     0.003    -0.003    -0.071     0.642     0.839     0.000     0.106    -0.193    -1.087    -0.131     0.011     0.015 

ddG: T7T     1.031     0.058     0.865     1.152    -0.024    -1.525    -0.001     0.510    -0.042     0.717    -3.149     0.000    -0.338     0.424     2.325     0.051     0.007     0.000 

ddG: T7V     2.524    -0.772     0.649    -1.789    -0.006     1.375    -0.002    -0.079    -0.003     0.639     0.833     0.000    -0.467     0.102     1.328    -0.004     0.022     0.699 

ddG: T7W    -0.232   -19.117     3.975    10.490     0.016     0.071     0.003    -0.057    -0.340    -0.615     0.954     0.000    -0.261    -0.491     4.058     0.175    -0.014     0.921 

ddG: T7Y     8.490   -13.793    10.316     5.459     0.015     0.364    -0.004     0.030     0.081    -0.336    -0.234     0.000     0.376     2.669     3.230     0.229     0.126    -0.040 

