ddG: description total fa_atr fa_rep fa_sol fa_intra_rep fa_elec pro_close hbond_sr_bb hbond_lr_bb hbond_bb_sc hbond_sc dslf_fa13 rama omega fa_dun p_aa_pp yhh_planarity ref 
ddG: P27A     2.324     0.233     0.156     0.633    -0.002     0.113    -0.048     0.016     0.003    -0.003    -0.073    -0.001    -0.091    -0.053    -0.180     0.636     0.008     0.979 

ddG: P27C     2.708     0.111     0.130     0.775    -0.002     0.095    -0.039     0.006    -0.011     0.087    -0.099     0.001     0.010     0.071     0.044     0.827     0.012     0.692 

ddG: P27D     2.601    -0.371     0.293     1.891     0.002    -0.042    -0.053    -0.013    -0.024    -0.021    -0.138    -0.001     0.125    -0.041     1.547     0.760    -0.028    -1.286 

ddG: P27E     2.761    -0.079     0.052     1.065     0.003     0.111    -0.040     0.018    -0.014     0.027    -0.018    -0.001    -0.029     0.045     2.427     0.788     0.014    -1.608 

ddG: P27F     3.371    -1.931     0.144     0.787     0.036     0.055    -0.052    -0.001     0.002    -0.046    -0.009     0.000     0.151    -0.090     2.554     1.003    -0.013     0.783 

ddG: P27G     2.506     0.784     0.395     0.664    -0.003     0.104    -0.058    -0.020    -0.010    -0.011    -0.058    -0.001     0.136    -0.079    -0.328     0.564    -0.007     0.434 

ddG: P27H     3.305    -2.198     0.269     1.760     0.010     0.343    -0.060     0.000    -0.015    -0.016    -0.028     0.000     0.185    -0.114     1.567     0.920    -0.014     0.695 

ddG: P27H     3.292    -1.850     0.146     1.495     0.010     0.358    -0.059    -0.009    -0.007    -0.042    -0.005     0.000     0.194    -0.110     1.561     0.918    -0.003     0.695 

ddG: P27I     3.400    -0.719     0.337     0.926     0.019     0.085    -0.061    -0.022    -0.013     0.051    -0.164     0.000     0.429    -0.071    -0.019     1.351     0.006     1.266 

ddG: P27K     2.305    -0.050     0.178     0.701     0.001     0.151    -0.048    -0.008    -0.019     0.079    -0.096     0.000     0.095     0.018     0.607     0.782    -0.006    -0.082 

ddG: P27L     2.397    -0.584     0.195     0.958     0.007     0.339    -0.025    -0.031    -0.023     0.089    -0.101     0.000     0.023     0.009    -0.172     0.716     0.008     0.990 

ddG: P27M     2.589    -0.081    -0.090     0.631     0.003     0.096    -0.038     0.016    -0.006    -0.030    -0.021    -0.001    -0.076     0.085     0.949     0.671     0.027     0.455 

ddG: P27N     2.777    -0.477     0.096     1.451     0.001     0.224    -0.044     0.000    -0.014     0.056    -0.017    -0.002     0.095    -0.059     1.432     0.895     0.009    -0.871 

ddG: P27P     0.017    -0.389     0.117     0.290     0.000    -0.018     0.004     0.009    -0.006     0.023    -0.017     0.000    -0.010     0.012     0.003     0.004    -0.005     0.000 

ddG: P27Q     2.504    -0.701     0.060     1.340     0.004     0.118    -0.048     0.003    -0.015     0.022    -0.008    -0.001     0.002     0.135     1.937     0.804     0.007    -1.155 

ddG: P27R     3.183    -0.175     0.089     1.002     0.008     0.131    -0.042     0.021    -0.011     0.025    -0.013    -0.001    -0.033     0.029     1.242     0.816     0.012     0.084 

ddG: P27S     1.826     0.460     0.127     0.941    -0.001    -0.093    -0.060    -0.014     0.006    -0.037    -0.015     0.000    -0.114    -0.020    -0.157     0.312     0.015     0.477 

ddG: P27T     2.112    -0.017     0.190     1.226     0.002    -0.050    -0.059    -0.022    -0.005     0.016     0.020    -0.001    -0.064     0.049    -0.218     0.588    -0.004     0.462 

ddG: P27V     3.015    -0.392     0.228     0.792     0.015     0.078    -0.061    -0.009    -0.013     0.050    -0.079    -0.001     0.300    -0.086    -0.127     1.157     0.001     1.162 

ddG: P27W     2.353    -4.333     0.799     1.287     0.033     0.116    -0.054    -0.020    -0.005    -0.022     0.028    -0.001     0.403    -0.143     2.299     0.613    -0.031     1.384 

ddG: P27Y     2.494    -2.067     0.320     0.933     0.035     0.067    -0.050     0.002     0.012    -0.002     0.015    -0.001     0.219    -0.133     1.975     0.758    -0.013     0.423 

