ddG: description total fa_atr fa_rep fa_sol fa_intra_rep fa_elec pro_close hbond_sr_bb hbond_lr_bb hbond_bb_sc hbond_sc dslf_fa13 rama omega fa_dun p_aa_pp yhh_planarity ref 
ddG: S60A    -2.578    -2.788     0.735     1.458    -0.018    -1.774    -0.039     0.002    -0.051     0.482    -0.702    -0.087    -0.160    -0.014     0.159    -0.282    -0.001     0.502 

ddG: S60C    -0.943    -3.254     0.574     2.875    -0.018    -1.545    -0.062     0.614    -0.015    -0.066     0.848    -0.091    -0.193     0.138    -0.842    -0.113    -0.008     0.215 

ddG: S60D    -0.456    -5.440     0.690     6.289    -0.005    -2.536    -0.058     0.797    -0.177    -0.156    -0.775    -0.116    -0.242    -0.160     3.190     0.007    -0.002    -1.763 

ddG: S60E    -0.249    -5.427     1.412     4.927    -0.006    -2.114    -0.045     0.179    -0.077     0.654    -0.633    -0.098    -0.251     0.359     3.255    -0.301     0.003    -2.085 

ddG: S60F    -2.386    -6.615     0.817     2.988     0.010    -2.071    -0.057     0.721    -0.011     0.013    -0.189    -0.044    -0.251    -0.140     2.191    -0.059     0.003     0.306 

ddG: S60G     0.288    -2.065     0.868     1.433     0.013    -1.431    -0.063    -0.157    -0.218     1.014    -0.678    -0.084     0.760    -0.370     1.452    -0.147     0.004    -0.043 

ddG: S60H    -1.252    -6.225     1.209     3.266    -0.006    -1.932    -0.044     0.039    -0.071     0.575    -0.706    -0.095    -0.054     0.142     2.436     0.013    -0.017     0.218 

ddG: S60H    -0.905    -6.189     1.211     3.206    -0.013    -1.716    -0.045     0.012    -0.032     0.566    -0.703    -0.006    -0.043     0.122     2.508    -0.001    -0.001     0.218 

ddG: S60I    -3.477    -7.615     1.754     2.297     0.012    -2.305    -0.048     0.595    -0.059    -0.044    -0.754    -0.047    -0.085     0.352     1.687     0.006    -0.011     0.789 

ddG: S60K    -1.927    -7.442     1.244     4.958    -0.012    -2.172    -0.059     0.591    -0.016     0.122    -0.633    -0.052    -0.282     0.260     2.395    -0.256    -0.013    -0.559 

ddG: S60L     0.450    -4.305     1.389     2.263     0.014    -1.893    -0.063     1.138    -0.136    -0.133    -0.821    -0.056    -0.217     1.806     1.337    -0.384    -0.002     0.513 

ddG: S60M    -1.182    -5.230     0.793     3.305    -0.011    -0.971    -0.059     0.867    -0.026    -0.254     1.264    -0.065    -0.324     0.321    -0.343    -0.441     0.014    -0.022 

ddG: S60N     0.056    -5.470     1.121     4.301    -0.009    -1.238    -0.041     0.261    -0.026     0.568    -0.186     0.017    -0.105     0.213     2.003    -0.016     0.011    -1.348 

ddG: S60P    -2.956    -4.977     3.048     1.370    -0.013    -2.221     0.106     0.022    -0.055     0.509    -0.715    -0.081     0.350     0.241     0.217    -0.280     0.002    -0.477 

ddG: S60Q    -2.083    -7.739     1.112     4.892    -0.039    -1.226    -0.043    -0.486     0.083     0.697    -0.005     0.074    -0.432     0.535     2.663    -0.535    -0.003    -1.632 

ddG: S60R     0.202    -9.175     0.778     7.421    -0.029    -0.138    -0.043    -0.491     0.058     0.490     1.406    -0.011    -0.618     0.555     1.035    -0.655     0.012    -0.392 

ddG: S60S    -1.194    -2.969     0.365     3.141    -0.012    -1.818    -0.047     0.145    -0.041    -0.216     0.739    -0.005    -0.082     0.487    -0.703    -0.168    -0.010     0.000 

ddG: S60T    -1.846    -5.650     1.235     3.549     0.007    -1.440    -0.045    -0.005    -0.048     0.576    -0.201     0.067     0.043     0.158     0.115    -0.205     0.012    -0.015 

ddG: S60V    -2.880    -6.020     1.748     2.337     0.011    -1.728    -0.046    -0.092    -0.070     0.583    -0.713    -0.031    -0.076     0.247     0.429    -0.135    -0.008     0.685 

ddG: S60W    -3.202    -7.281     0.983     3.172     0.003    -2.423    -0.058     0.584    -0.009     0.020    -0.703    -0.086    -0.236    -0.133     2.162    -0.095    -0.008     0.907 

ddG: S60Y    -2.231    -7.115     0.586     2.535     0.023    -1.452    -0.044     0.137    -0.196     0.528    -0.743    -0.018    -0.229    -0.257     4.001     0.075    -0.008    -0.054 

