ddG: description total fa_atr fa_rep fa_sol fa_intra_rep fa_elec pro_close hbond_sr_bb hbond_lr_bb hbond_bb_sc hbond_sc dslf_fa13 rama omega fa_dun p_aa_pp yhh_planarity ref 
ddG: R115A     0.801     2.750    -0.115    -4.448    -0.014     2.766     0.006    -0.112    -0.039    -0.064     1.926     0.000    -0.040     0.009    -2.604    -0.114     0.000     0.894 

ddG: R115C     2.035    -1.031    -0.132    -0.503    -0.014     2.176     0.008     0.004    -0.039    -0.083     1.961     0.000     0.114    -0.069    -1.135     0.172     0.000     0.607 

ddG: R115D     2.426     0.272     0.004    -0.183    -0.011     2.902     0.005    -0.117    -0.044    -0.061     1.933     0.000     0.025     0.009    -1.043     0.106     0.000    -1.371 

ddG: R115E     1.818     0.409    -0.070    -1.186    -0.007     2.961     0.007    -0.199    -0.042    -0.059     1.941     0.000    -0.028     0.016    -0.149    -0.082     0.000    -1.692 

ddG: R115F    -1.019    -3.593    -0.129    -1.212     0.016     2.544     0.009    -1.268     0.121    -0.092     1.927     0.000    -0.054     0.076     0.423    -0.487     0.000     0.698 

ddG: R115G     2.008     4.498    -0.104    -5.047    -0.014     2.670     0.008    -0.165    -0.038    -0.067     1.948     0.000     0.271     0.007    -2.649     0.341     0.000     0.349 

ddG: R115H     1.885     1.773    -0.447    -5.239    -0.011     3.887     0.005    -0.066    -0.034    -0.046     1.826     0.000     0.051     0.042    -0.557     0.092     0.000     0.610 

ddG: R115H     1.679     1.760    -0.446    -5.242    -0.013     3.710     0.001    -0.057    -0.054    -0.052     1.825     0.000     0.038     0.041    -0.536     0.095     0.000     0.610 

ddG: R115I    -0.325    -1.688     0.292    -1.988     0.008     2.450     0.007    -1.168     0.120    -0.081     1.900     0.000    -0.067     0.079    -0.932    -0.440     0.000     1.182 

ddG: R115K     1.108     2.034    -0.333    -3.211    -0.010     2.622     0.001    -0.233    -0.047    -0.048     1.877     0.000    -0.033     0.034    -1.413     0.034     0.000    -0.167 

ddG: R115L     0.266     0.237    -0.052    -2.772    -0.004     2.584     0.003    -0.181    -0.054    -0.067     1.920     0.000     0.097     0.029    -2.326    -0.053     0.000     0.905 

ddG: R115M     0.432    -0.365    -0.065    -2.579    -0.006     2.558     0.008    -0.213    -0.032    -0.049     1.929     0.000     0.201     0.060    -1.365    -0.021     0.000     0.371 

ddG: R115N     1.592    -2.733    -0.123     1.130    -0.012     2.119     0.007    -0.004    -0.042    -0.090     1.950     0.000     0.102    -0.085     0.029     0.298     0.000    -0.955 

ddG: R115P    12.925    -1.334     6.953    -2.387    -0.016     1.964     0.899     1.158    -0.053    -0.047     1.673     0.000     1.073     2.448     0.563     0.117     0.000    -0.084 

ddG: R115Q    -0.363    -0.059     0.008    -1.837    -0.007     1.653     0.006    -0.207    -0.052    -0.059     1.200     0.000     0.106     0.035     0.115    -0.026     0.000    -1.240 

ddG: R115R    -0.711    -6.147    -0.180     6.392    -0.010    -2.526     0.003    -0.023    -0.027    -0.029    -1.183     0.000    -0.058    -0.100     3.171     0.004     0.000     0.000 

ddG: R115S     1.145    -0.097    -0.248    -0.774    -0.014     2.251     0.005    -1.333     0.113    -0.110     1.969     0.000    -0.042     0.023    -0.930    -0.061     0.000     0.392 

ddG: R115T     1.577    -1.506    -0.159     0.695    -0.006     1.605     0.007    -0.097    -0.049    -0.080     1.919     0.000     0.057    -0.077    -1.302     0.192     0.000     0.378 

ddG: R115V     1.625    -0.998     0.390    -1.992     0.002     2.180     0.006     0.000    -0.041    -0.074     1.886     0.000     0.135     0.004    -0.965     0.014     0.000     1.077 

ddG: R115W    -1.273    -5.742     0.353    -0.421     0.019     2.376     0.012    -1.158     0.141    -0.058     1.871     0.000    -0.151     0.000     0.596    -0.410     0.000     1.299 

ddG: R115Y     0.082    -1.170    -0.008    -3.242     0.017     3.039     0.007    -0.070    -0.040    -0.058     1.925     0.000     0.144     0.050    -0.734    -0.155     0.041     0.338 

