ddG: description total fa_atr fa_rep fa_sol fa_intra_rep fa_elec pro_close hbond_sr_bb hbond_lr_bb hbond_bb_sc hbond_sc dslf_fa13 rama omega fa_dun p_aa_pp yhh_planarity ref 
ddG: H64A     6.366    15.221    -2.277   -10.184     0.020     3.398     0.006    -0.073     0.012     0.390     3.925     0.000     0.306    -0.334    -4.946     0.631    -0.013     0.284 

ddG: H64C     4.064    12.493    -1.434    -8.366     0.028     2.506     0.000    -0.500     0.079    -0.601     4.403     0.000     0.268    -0.705    -3.955    -0.143    -0.007    -0.003 

ddG: H64D    10.965     9.554    -1.918    -0.044     0.024     3.365     0.010    -0.272     0.061     0.520     2.597     0.000     0.265    -0.348    -1.488     0.617     0.003    -1.981 

ddG: H64E    11.737     6.528     1.598     2.303     0.009    -0.912    -0.003    -0.327    -0.048     0.320    -0.952     0.000    -0.184     1.451     3.899     0.355     0.001    -2.303 

ddG: H64F    -1.279    -2.248     1.861    -4.402     0.055     3.055    -0.008    -0.635     0.151    -0.696     4.179     0.000     0.047     0.419    -2.618    -0.520    -0.007     0.088 

ddG: H64G     7.146    17.334    -1.488   -11.034     0.035     3.629    -0.001    -0.673     0.146    -0.717     4.409     0.000     0.691    -0.758    -4.707     0.546    -0.006    -0.261 

ddG: H64H     0.122     0.697    -2.266    -2.055     0.027     1.974    -0.001    -0.532     0.127    -0.893     2.964     0.000     0.071    -0.382     0.409    -0.026     0.009     0.000 

ddG: H64H     0.401     0.129    -2.234    -0.846     0.018     1.819     0.000    -0.543     0.136    -0.887     3.007     0.000     0.078    -0.382     0.102    -0.004     0.008     0.000 

ddG: H64I    11.330     8.512     9.333    -8.504     0.028     1.738    -0.010    -0.646     0.030    -0.896     1.735     0.000     0.054     0.112    -0.722     0.004    -0.010     0.571 

ddG: H64K    17.344     5.530     2.563     2.033     0.045     2.275    -0.011    -0.607     0.094     1.072     3.164     0.000     0.275     1.291     0.904    -0.497    -0.010    -0.777 

ddG: H64L    16.409    10.485     5.319   -10.586     0.009     5.057     0.022    -0.119     0.526    -0.143     3.975     0.000     0.100     1.593    -0.448     0.332    -0.007     0.295 

ddG: H64M     5.746     6.700    -0.822    -5.980     0.038     3.262     0.006    -0.158     0.036     0.441     3.937     0.000     0.255     0.005    -1.878     0.153    -0.011    -0.240 

ddG: H64N     5.139     7.133    -0.856    -3.011     0.032     2.427     0.002    -0.595     0.300    -0.643     2.726     0.000     0.335    -0.069    -1.331     0.255     0.002    -1.566 

ddG: H64P    10.389    11.129     1.819   -10.497     0.030     3.154     0.170    -0.542    -0.039     1.549     4.437     0.000     0.764     0.787    -3.007     1.325     0.006    -0.695 

ddG: H64Q    10.652     5.035     1.994    -0.313     0.009     1.268     0.000    -0.204    -0.019     0.543    -0.072     0.000     0.145     2.345     1.566     0.202     0.004    -1.850 

ddG: H64R    19.050     2.961     3.267     4.173     0.049     2.408    -0.009    -0.155     0.054    -1.620     3.441     0.000     0.613     0.658     3.362     0.460    -0.003    -0.610 

ddG: H64S     6.574    13.630    -2.783    -6.608     0.019     2.242     0.000    -0.554     0.211    -0.973     4.397     0.000     0.069    -0.575    -2.497     0.206     0.008    -0.218 

ddG: H64T     9.751    12.172     0.852    -5.720     0.016     1.438    -0.003    -0.221     0.162    -0.079     1.177     0.000    -0.266     0.069     0.083     0.294     0.008    -0.232 

ddG: H64V     5.913    10.017     1.002    -8.924     0.050     3.918    -0.001    -0.705     0.271    -0.851     4.411     0.000     0.046     0.231    -4.455     0.429     0.007     0.467 

ddG: H64W     7.291   -12.405     6.368     1.551     0.059     3.929    -0.007    -0.385     2.314     1.857     3.962     0.000     0.756    -0.396    -1.083     0.086    -0.004     0.689 

ddG: H64Y     2.698    -4.746     1.123    -0.366     0.058     2.897     0.003     0.005     0.756     0.245     2.250     0.000     0.222     1.108    -1.533     0.848     0.101    -0.272 

