ddG: description total fa_atr fa_rep fa_sol fa_intra_rep fa_elec pro_close hbond_sr_bb hbond_lr_bb hbond_bb_sc hbond_sc dslf_fa13 rama omega fa_dun p_aa_pp yhh_planarity ref 
ddG: K121A    -0.103     5.213    -0.161    -4.489    -0.007     0.639     0.001     0.046    -0.004    -0.034     0.028     0.000    -0.020    -0.097    -2.264    -0.018     0.000     1.061 

ddG: K121C    -0.134     7.816    -0.417    -7.777    -0.004     2.773    -0.005    -1.521     0.127    -0.078     1.591     0.000     0.376     0.275    -3.927    -0.136     0.000     0.774 

ddG: K121D     5.145     2.839     0.107     1.229    -0.001     1.126    -0.001    -0.023    -0.023    -0.010     0.032     0.000     0.234     0.035     0.630     0.176     0.000    -1.204 

ddG: K121E     0.218     6.186    -0.269    -5.331     0.007     3.041    -0.006    -1.486     0.128    -0.047     1.575     0.000     0.196     0.329    -2.212    -0.366     0.000    -1.526 

ddG: K121F    -3.146     3.085     0.640    -9.016     0.041     2.984    -0.008    -1.405     0.122    -0.049     1.568     0.000     0.333     0.383    -2.296    -0.391     0.000     0.865 

ddG: K121G     1.260    11.524    -1.104    -8.560     0.001     2.597    -0.003    -1.302     0.164    -0.016     1.237     0.000     0.281     0.043    -4.163     0.048     0.000     0.516 

ddG: K121H    -0.607     3.707     0.186    -7.170     0.013     2.562    -0.006    -0.172    -0.041    -0.028     1.565     0.000     0.398     0.248    -2.779     0.135     0.000     0.777 

ddG: K121H    -0.600     3.690     0.197    -7.171     0.014     2.574    -0.007    -0.168    -0.043    -0.030     1.563     0.000     0.393     0.243    -2.770     0.137     0.000     0.777 

ddG: K121I     9.025     5.875     3.827    -8.708     0.020     2.817    -0.011     1.743    -0.012     0.070     1.274     0.000     0.356     1.243    -0.767    -0.049     0.000     1.348 

ddG: K121K    -0.107     0.003     0.015    -0.021     0.000    -0.108    -0.002     0.002    -0.007    -0.006    -0.006     0.000    -0.002     0.005     0.018     0.004     0.000     0.000 

ddG: K121L    -0.036     4.580     1.323    -8.239     0.016     2.905    -0.008    -1.480     0.137    -0.085     1.606     0.000     0.401     0.539    -2.415    -0.388     0.000     1.072 

ddG: K121M    -1.949     3.646    -0.028    -5.801     0.008     2.541    -0.005    -1.180     0.177    -0.014     1.190     0.000     0.056     0.118    -3.003    -0.191     0.000     0.537 

ddG: K121N     2.540     4.227     0.262    -4.332     0.000     2.599    -0.008    -0.169    -0.043    -0.030     1.371     0.000     0.488     0.207    -1.787     0.545     0.000    -0.789 

ddG: K121P    17.643     5.782    10.675    -6.793     0.020     1.334     0.282     4.010     0.075    -0.221    -0.194     0.000     0.295     0.704     1.174     0.417    -0.001     0.082 

ddG: K121Q    -1.314     3.714    -0.145    -5.242     0.003     1.843    -0.008    -0.089    -0.047    -0.065     0.754     0.000     0.278     0.178    -1.468     0.052     0.000    -1.073 

ddG: K121R     0.335    -2.701    -0.024     3.662     0.008    -0.466    -0.001    -0.004    -0.008    -0.017     0.062     0.000     0.154    -0.016    -0.486     0.005     0.000     0.167 

ddG: K121S     1.781     9.952    -0.438    -8.494    -0.001     2.324    -0.008    -0.218    -0.053    -0.064     1.577     0.000     0.399     0.181    -4.143     0.208     0.000     0.559 

ddG: K121T     4.780     7.532     1.332    -5.663     0.001     2.940    -0.007    -0.058    -0.002    -0.063     1.611     0.000     0.258     0.310    -4.264     0.306     0.000     0.544 

ddG: K121V     6.761     7.737     4.668    -9.155     0.015     3.211    -0.007     0.221     0.041    -0.103     1.599     0.000     0.465     0.700    -4.208     0.333     0.000     1.244 

ddG: K121W    -0.480     1.257     0.195    -6.780     0.113     2.685    -0.007    -0.256    -0.042    -0.059     1.545     0.000     0.440     0.285    -1.198    -0.125     0.000     1.466 

ddG: K121Y    -1.793     2.544     0.776    -8.103     0.040     2.512    -0.007    -0.171    -0.037    -0.009     1.551     0.000     0.406     0.330    -2.176    -0.014     0.061     0.505 

