ddG: description total fa_atr fa_rep fa_sol fa_intra_rep fa_elec pro_close hbond_sr_bb hbond_lr_bb hbond_bb_sc hbond_sc dslf_fa13 rama omega fa_dun p_aa_pp yhh_planarity ref 
ddG: S8A     1.918    -0.680     0.259    -0.835    -0.006     2.742    -0.001    -0.540    -0.050    -1.552     2.223     0.000     0.063     0.068    -0.803     0.531    -0.002     0.502 

ddG: S8C     0.532    -1.006     0.173    -0.321    -0.003     0.490     0.000    -0.017    -0.094    -0.226     1.465     0.000    -0.144     0.175    -0.073    -0.104     0.003     0.215 

ddG: S8D     5.113    -4.126     0.374     6.937     0.006     1.217    -0.002    -0.119    -0.046    -0.286     0.688     0.000     0.078     0.295     1.754     0.136    -0.031    -1.763 

ddG: S8E     2.701    -3.821     0.129     4.169     0.006     0.461     0.000    -0.042    -0.203     0.037     1.450     0.000    -0.007     0.257     2.304     0.027     0.019    -2.085 

ddG: S8F     2.807   -11.845     2.132     4.749     0.025     2.506    -0.002    -0.598    -0.075    -1.653     2.552     0.000    -0.188     0.777     3.864     0.239     0.017     0.306 

ddG: S8G     4.096     1.593     0.022    -0.418    -0.011     2.485    -0.004    -0.642     0.005    -1.580     2.229     0.000     0.508     0.045    -0.975     0.886    -0.003    -0.043 

ddG: S8H    -0.356    -9.485     1.225     4.447     0.006     0.044     0.001     0.041    -0.272    -0.198    -0.201     0.000    -0.143     0.360     3.434     0.138     0.031     0.218 

ddG: S8H    -0.573    -9.548     1.208     4.533     0.006    -0.156     0.001     0.022    -0.261    -0.195    -0.202     0.000    -0.150     0.386     3.414     0.118     0.035     0.218 

ddG: S8I     2.025    -5.717     0.857     2.164     0.012     2.844    -0.004    -0.681    -0.055    -1.465     2.443     0.000    -0.120     0.349     0.453     0.145     0.010     0.789 

ddG: S8K     2.881    -3.333     0.147     2.366     0.009     1.069     0.000    -0.007    -0.117     0.016     1.498     0.000    -0.039     0.116     1.646     0.048     0.022    -0.559 

ddG: S8L     2.938    -4.491     1.061     1.230     0.021     1.570    -0.001    -0.115    -0.129    -0.052     1.853     0.000    -0.041     0.289     1.180     0.066    -0.016     0.513 

ddG: S8M     1.099    -3.532    -0.154     0.891    -0.003     1.401    -0.002    -0.118    -0.073    -0.231     2.203     0.000    -0.214     0.352     0.816    -0.177    -0.040    -0.022 

ddG: S8N     2.965    -4.139     0.215     2.784     0.001     1.385     0.000    -0.042    -0.153     0.062     1.428     0.000     0.074     0.064     2.380     0.233     0.021    -1.348 

ddG: S8P    10.671    -2.429     2.240    -2.756     0.007     1.911     2.739     0.012     2.160    -0.043     1.434     0.000     1.063     1.523     3.350    -0.071     0.008    -0.477 

ddG: S8Q     0.598    -4.562     0.180     3.107     0.001     0.499    -0.003    -0.113    -0.085    -0.313     0.437     0.000    -0.086     0.568     2.574     0.029    -0.003    -1.632 

ddG: S8R     3.807    -6.570    -0.040     6.742     0.002     1.568    -0.002    -0.151     0.013     0.061     1.473     0.000    -0.164     0.222     1.153    -0.066    -0.041    -0.392 

ddG: S8S    -0.135     0.434    -0.173    -0.401     0.001    -0.008     0.000     0.011    -0.030     0.124    -0.057     0.000    -0.002    -0.038    -0.017     0.005     0.018     0.000 

ddG: S8T     0.388    -2.068    -0.068     1.666     0.007     0.349    -0.003    -0.086     0.139    -0.012     0.077     0.000    -0.023    -0.007     0.514    -0.081    -0.003    -0.015 

ddG: S8V     0.466    -3.196     0.305    -0.092     0.011     1.108    -0.003    -0.108    -0.090     0.073     1.438     0.000    -0.203     0.273     0.542    -0.295     0.019     0.685 

ddG: S8W     1.860   -16.045     2.023     7.638     0.024     2.556     0.000    -0.548    -0.173    -1.641     2.425     0.000    -0.081     0.471     3.892     0.397     0.015     0.907 

ddG: S8Y     1.736   -12.592     1.753     6.822     0.023     1.366    -0.001    -0.608     0.128    -1.676     1.379     0.000    -0.078     0.828     3.706     0.138     0.601    -0.054 

