ddG: description total fa_atr fa_rep fa_sol fa_intra_rep fa_elec pro_close hbond_sr_bb hbond_lr_bb hbond_bb_sc hbond_sc dslf_fa13 rama omega fa_dun p_aa_pp yhh_planarity ref 
ddG: N122A     1.227     4.067    -0.105    -3.922    -0.015     0.612    -0.005     0.613    -0.157    -0.070    -0.207     0.020     0.472     0.025    -2.387     0.454    -0.018     1.849 

ddG: N122C     0.594     3.600    -0.339    -2.741    -0.018    -0.118    -0.016     1.204    -0.087    -0.604    -0.135    -0.003     0.354    -0.304    -2.323     0.575    -0.012     1.563 

ddG: N122D     1.780     2.369     0.131    -0.736    -0.010    -0.091    -0.005     0.538    -0.166    -0.005    -0.655    -0.020     0.355     0.096     0.089     0.325    -0.020    -0.415 

ddG: N122E     1.292    -0.092    -0.317    -0.097     0.002     0.116    -0.006     0.570    -0.296    -0.115    -0.765    -0.044     0.351    -0.361     2.338     0.778    -0.031    -0.737 

ddG: N122F    -2.314    -3.086    -0.370    -1.066     0.017    -0.689    -0.019     1.169    -0.240    -0.640    -0.689    -0.040     0.250    -0.647     1.469     0.644    -0.031     1.654 

ddG: N122G     1.189     5.449    -0.882    -4.046    -0.015     0.024    -0.019     1.183    -0.253    -0.645    -0.690    -0.052     0.448    -0.643    -0.792     0.853    -0.036     1.304 

ddG: N122H    -0.313     1.631    -0.551    -3.392     0.003     1.001     0.043     0.583    -0.104    -0.644    -0.022    -0.029     0.393    -0.158    -0.991     0.379    -0.020     1.566 

ddG: N122H    -0.170    -0.692    -0.232    -0.927    -0.012     0.006     0.001     0.776    -0.117    -0.286     0.753    -0.040     0.185     0.142    -1.493     0.228    -0.024     1.566 

ddG: N122I     5.724    -1.066     0.891    -0.926     0.053     0.131    -0.021     1.318    -0.081    -0.735     0.799    -0.010     0.774     0.604     1.339     0.546    -0.030     2.137 

ddG: N122K     0.683     0.771     0.121    -1.105    -0.006    -0.124    -0.006     0.479    -0.161    -0.088    -0.726    -0.030     0.536     0.047    -0.249     0.473    -0.038     0.789 

ddG: N122L    -0.487     0.371     0.120    -2.401    -0.005    -0.158    -0.004     0.540    -0.151    -0.090    -0.726    -0.033     0.461     0.082    -1.030     0.700    -0.023     1.861 

ddG: N122M     0.432     0.635    -0.786    -1.484    -0.010     0.246    -0.017     1.270    -0.250    -0.635    -0.170    -0.006     0.149    -0.689     0.220     0.659    -0.028     1.326 

ddG: N122N     0.318     0.921    -0.246    -0.488    -0.006    -0.319     0.003     0.739    -0.086    -0.180    -0.207     0.089     0.112    -0.089    -0.084     0.158     0.001     0.000 

ddG: N122P     6.421     1.532     3.494    -3.638    -0.014     1.047     0.985     1.813    -0.146     0.049    -0.720    -0.085     1.310     0.958    -1.601     0.598    -0.031     0.871 

ddG: N122Q     0.759     0.627    -0.074    -1.307    -0.007     1.076    -0.004    -0.052    -0.005    -0.172     0.883    -0.027     0.058     0.353    -0.545     0.285    -0.045    -0.284 

ddG: N122R     1.588     1.371    -0.093    -1.236    -0.006     0.080    -0.004     0.544    -0.162    -0.075    -0.726    -0.031     0.454     0.155    -0.172     0.568    -0.034     0.955 

ddG: N122S     1.710     3.394     0.129    -1.789    -0.016    -0.422    -0.005     0.479    -0.125    -0.089    -0.726     0.041     0.607     0.120    -1.583     0.362    -0.015     1.348 

ddG: N122T     0.920     2.893    -0.041    -1.097    -0.020    -0.894    -0.019     1.105    -0.118    -0.558    -0.652    -0.038     0.612    -0.006    -1.979     0.435    -0.037     1.333 

ddG: N122V     1.749     0.651     0.643    -1.790     0.001    -0.521    -0.016     1.712    -0.074    -0.660    -0.207    -0.040     0.611     0.060    -1.680     1.031    -0.006     2.032 

ddG: N122W    -0.043    -6.236     0.035     0.546     0.022     0.145    -0.003     0.650    -0.308    -0.139    -0.768    -0.057     0.337    -0.376     3.127     0.761    -0.034     2.255 

ddG: N122Y    -1.515    -3.474    -0.153    -0.628     0.022    -0.137    -0.004     0.643    -0.300    -0.128    -0.767    -0.051     0.289    -0.436     1.551     0.784    -0.020     1.294 

