ddG: description total fa_atr fa_rep fa_sol fa_intra_rep fa_elec pro_close hbond_sr_bb hbond_lr_bb hbond_bb_sc hbond_sc dslf_fa13 rama omega fa_dun p_aa_pp yhh_planarity ref 
ddG: A78A    -0.042    -0.002    -0.003    -0.005     0.000    -0.046     0.000    -0.001     0.001    -0.013     0.000     0.000     0.000     0.002     0.023     0.002     0.000     0.000 

ddG: A78C     1.426    -3.196     1.940     2.970     0.004     1.359     0.001    -0.458    -0.178    -1.439     0.760     0.000    -0.247    -0.366     0.882    -0.317    -0.002    -0.287 

ddG: A78D     5.458    -6.907     1.668    11.133     0.013     0.475     0.001     0.090    -0.163    -0.001    -0.001     0.000    -0.296    -0.260     2.750    -0.782     0.002    -2.265 

ddG: A78E     8.898    -8.682     2.672    12.388     0.008     0.034    -0.002     0.234    -0.246    -0.056    -0.147     0.000    -0.142     0.173     5.440    -0.184    -0.005    -2.586 

ddG: A78F     5.944   -11.136     7.014     2.787     0.038     2.419    -0.003    -0.373     0.098    -1.446     0.647     0.000    -0.442     1.335     5.635    -0.459     0.026    -0.196 

ddG: A78G     4.037     1.882     0.256     1.361    -0.002     1.646    -0.001    -0.573     0.049    -1.437     0.678     0.000     0.331     0.005    -0.210     0.599    -0.003    -0.545 

ddG: A78H     5.401   -10.857     4.344     8.284     0.010     1.837    -0.003    -0.131    -0.141    -1.443     0.521     0.000    -0.293     0.887     3.104    -0.428    -0.007    -0.284 

ddG: A78H     5.102   -10.367     4.313     8.236     0.004     0.425    -0.003     0.296    -0.104    -0.173    -0.207     0.000    -0.262     0.980     2.967    -0.704    -0.015    -0.284 

ddG: A78I     7.464    -4.542     8.795    -0.778     0.022     0.085     0.001    -0.374     0.179    -0.067    -0.045     0.000    -0.596     2.445     2.743    -0.695     0.001     0.288 

ddG: A78K    13.346   -10.609     8.460    10.748     0.071    -1.303    -0.003    -0.437    -0.018    -0.146    -1.658     0.000    -0.063     1.131     8.460    -0.187    -0.038    -1.061 

ddG: A78L     7.035    -3.438     5.794     1.476     0.004     1.968     0.002    -0.588    -0.181    -1.584     0.537     0.000    -0.426     1.037     2.696    -0.263    -0.011     0.011 

ddG: A78M     5.770    -4.598     4.558     1.882     0.005     0.160    -0.001     0.351    -0.344    -0.062    -0.112     0.000    -0.209     0.919     4.436    -0.703     0.010    -0.523 

ddG: A78N     4.058    -5.826     2.036     7.562     0.007     0.444    -0.002     0.377    -0.084    -0.663    -0.121     0.000    -0.138     0.411     1.930    -0.029     0.004    -1.849 

ddG: A78P     3.553    -5.116     3.138     4.131     0.014    -0.971     1.379    -0.093     0.810    -0.033    -1.556     0.000     0.281     2.006     1.643    -1.103     0.002    -0.979 

ddG: A78Q     6.129    -8.011     4.176     7.791     0.009    -0.391     0.001     0.186    -0.360    -0.056    -0.053     0.000    -0.222     0.435     5.142    -0.402     0.018    -2.134 

ddG: A78R     5.662    -5.673     2.829     5.204     0.017    -1.654     0.000    -0.224     0.894     0.000    -0.931     0.000    -0.188     1.663     5.250    -0.634     0.003    -0.894 

ddG: A78S     1.844    -1.337     0.582     3.504     0.003    -0.018     0.000    -0.003    -0.035    -0.119     0.027     0.000    -0.127    -0.268     0.468    -0.308    -0.025    -0.502 

ddG: A78T     1.286    -2.706     2.050     2.551     0.008     0.175     0.002     0.080    -0.177     0.010    -0.039     0.000    -0.336    -0.291     1.111    -0.641     0.004    -0.516 

ddG: A78V     1.803    -3.325     4.810     0.264     0.010     1.843     0.002    -0.725     0.141    -1.473     0.558     0.000    -0.601     0.684     0.021    -0.586    -0.002     0.183 

ddG: A78W     8.334   -18.448     6.761    11.362     0.042    -0.435    -0.003     0.029     0.222    -0.027    -0.899     0.000     0.083     3.548     6.135    -0.436    -0.004     0.405 

ddG: A78Y     7.382   -11.374     6.248     5.946     0.034     0.516    -0.004     0.085     0.205    -0.024    -0.139     0.000    -0.273     1.786     5.757    -0.852     0.026    -0.556 

