ddG: description total fa_atr fa_rep fa_sol fa_intra_rep fa_elec pro_close hbond_sr_bb hbond_lr_bb hbond_bb_sc hbond_sc dslf_fa13 rama omega fa_dun p_aa_pp yhh_planarity ref 
ddG: I22A     5.128     7.145    -0.494    -1.120    -0.021     0.082    -0.008     0.130    -0.019    -0.014    -0.034     0.001    -0.105    -0.034    -0.059    -0.022    -0.011    -0.288 

ddG: I22C     5.368     4.848    -0.418     0.967    -0.020     0.063    -0.006     0.114    -0.005     0.022    -0.049     0.003     0.067    -0.019     0.076     0.330    -0.031    -0.574 

ddG: I22D     7.077     0.094     0.206     9.513    -0.015    -1.162    -0.006     0.086     0.004     0.088    -1.160     0.001    -0.080     0.002     1.833     0.278    -0.051    -2.553 

ddG: I22E     7.458    -2.341     0.525    10.260    -0.017    -0.820    -0.014     0.047    -0.084     0.039    -0.332     0.004    -0.146     0.112     3.068     0.032     0.000    -2.874 

ddG: I22F     1.737    -0.326    -0.184     0.977     0.008     0.100    -0.005    -0.172     0.028    -0.005    -0.026     0.000     0.034     0.081     1.731    -0.017    -0.005    -0.483 

ddG: I22G     7.618     9.741    -0.513    -1.532    -0.022     0.136    -0.005     0.031    -0.013    -0.057     0.041     0.002     0.212    -0.005    -0.020     0.446     0.008    -0.833 

ddG: I22H     4.708     1.094    -0.372     2.680    -0.019     0.290    -0.015    -0.123    -0.012     0.042     0.052     0.000    -0.020    -0.029     1.527     0.165     0.018    -0.571 

ddG: I22H     4.318     0.831    -0.201     2.662    -0.018     0.040    -0.009    -0.137    -0.027     0.051    -0.006     0.002     0.035     0.008     1.450     0.204     0.004    -0.571 

ddG: I22I    -0.027    -0.013     0.005     0.006     0.000    -0.010    -0.004     0.001     0.009     0.005    -0.010     0.001    -0.002    -0.016    -0.004     0.002     0.003     0.000 

ddG: I22K     7.222     2.771    -0.253     3.609    -0.009     0.097    -0.019     0.042    -0.017    -0.048     0.016     0.001    -0.173     0.040     2.421     0.125    -0.031    -1.348 

ddG: I22L     3.948     2.395     0.760     0.384    -0.011    -0.111    -0.024    -0.267    -0.093    -0.018    -0.004     0.001     0.063     0.449     0.550     0.141     0.008    -0.276 

ddG: I22M     3.704    -0.765     0.765     1.885    -0.007    -0.510    -0.010     0.102    -0.243    -0.035     0.169     0.001    -0.142     0.067     3.335    -0.081    -0.015    -0.811 

ddG: I22N     4.071    -0.143     0.056     5.714    -0.017    -0.516     0.002     0.213    -0.019     0.049    -1.174     0.001     0.090     0.090     1.511     0.388    -0.036    -2.137 

ddG: I22P    17.012     3.780     4.695    -2.338     0.020     0.829     0.449     1.777     0.081     0.370    -0.010     0.002     1.050     3.582     3.956    -0.026     0.061    -1.266 

ddG: I22Q     5.673     3.011    -0.409     2.005    -0.011    -0.120     0.000     0.082     0.009    -0.052    -0.021     0.000    -0.098    -0.039     3.713     0.037    -0.013    -2.421 

ddG: I22R     8.162     1.569    -0.447     5.630    -0.004     0.191    -0.011     0.199    -0.007     0.022     0.045     0.001    -0.209     0.019     2.357     0.045    -0.059    -1.182 

ddG: I22S     7.091     5.648     0.474     1.540    -0.021    -0.578     0.018     0.455     0.113     0.090    -0.892     0.003    -0.047    -0.091     0.879     0.379    -0.091    -0.789 

ddG: I22T     6.284     5.119    -0.504     2.005    -0.012     0.244    -0.005     0.094    -0.002    -0.020     0.054     0.000    -0.031    -0.126     0.048     0.235    -0.012    -0.804 

ddG: I22V     2.574     3.005    -0.146    -0.277    -0.001     0.025    -0.005     0.071    -0.020    -0.053     0.018     0.001     0.005     0.008    -0.018     0.072    -0.006    -0.105 

ddG: I22W     3.085    -4.042     0.203     3.682     0.007     0.097    -0.001    -0.012     0.066     0.066    -0.033     0.000    -0.086     0.045     2.924     0.066    -0.016     0.118 

ddG: I22Y     2.380    -0.725    -0.208     2.145     0.008     0.234    -0.007    -0.211    -0.043     0.027     0.061     0.001     0.063     0.146     1.729     0.026    -0.022    -0.844 

