ddG: description total fa_atr fa_rep fa_sol fa_intra_rep fa_elec pro_close hbond_sr_bb hbond_lr_bb hbond_bb_sc hbond_sc dslf_fa13 rama omega fa_dun p_aa_pp yhh_planarity ref 
ddG: R130A     0.264     5.480    -0.704    -6.821    -0.013     2.564    -0.001    -1.574     0.148    -0.066     1.591     0.000     0.168     0.129    -1.180    -0.349     0.000     0.894 

ddG: R130C     0.149     8.558    -0.538    -9.745    -0.010     3.281     0.001    -1.619     0.155    -0.069     1.592     0.000     0.249     0.192    -2.141    -0.361     0.000     0.607 

ddG: R130D     0.942    -0.698    -0.561     1.768    -0.013     0.271     0.004    -1.350     0.170    -0.035    -0.003     0.000    -0.042    -0.072     3.225    -0.350     0.000    -1.371 

ddG: R130E     1.198     4.809    -0.719    -5.068    -0.005     2.534    -0.001    -1.544     0.137    -0.067     1.593     0.000     0.162     0.122     1.288    -0.352     0.000    -1.692 

ddG: R130F    -1.003     0.287     0.257    -6.687     0.038     2.998     0.001    -1.287     0.195    -0.023     1.223     0.000     0.064     0.049     1.517    -0.332     0.000     0.698 

ddG: R130G     0.092     9.511    -0.549   -10.047    -0.013     3.202     0.001    -1.626     0.157    -0.064     1.592     0.000     0.252     0.192    -2.495    -0.370    -0.001     0.349 

ddG: R130H     0.013     3.976    -0.369    -4.609    -0.006     0.926     0.006    -1.466     0.171    -0.036     0.005     0.000     0.063    -0.006     1.112    -0.362     0.000     0.610 

ddG: R130H     1.219     5.062    -0.662    -6.644    -0.005     2.597     0.000    -1.571     0.144    -0.067     1.592     0.000     0.170     0.122     0.210    -0.339     0.000     0.610 

ddG: R130I    -0.602     5.206    -0.092    -7.819     0.018     2.962     0.001    -1.295     0.189    -0.016     1.224     0.000     0.049     0.061    -1.910    -0.363     0.000     1.182 

ddG: R130K    -0.208     6.219     0.204    -7.195    -0.005     1.276    -0.004    -1.311     0.191    -0.047     1.286     0.000     0.245     0.336    -0.828    -0.406    -0.001    -0.167 

ddG: R130L    -0.947     2.547    -0.478    -6.044    -0.005     2.627    -0.001    -1.483     0.143    -0.099     1.593     0.000     0.198     0.129    -0.629    -0.349     0.000     0.905 

ddG: R130M    -1.381    -2.383    -0.389    -0.540    -0.014     0.369     0.006    -1.301     0.179    -0.069     0.031     0.000    -0.018    -0.061     2.799    -0.361     0.000     0.371 

ddG: R130N    -0.823    -1.464    -0.524     0.995    -0.013     0.113     0.006    -1.415     0.175    -0.058    -0.002     0.000    -0.025    -0.062     2.754    -0.348     0.000    -0.955 

ddG: R130P     1.541     2.014     0.652    -3.127    -0.011     0.240     0.113    -0.411     0.179    -0.088    -0.006     0.000     0.532     0.183     1.660    -0.304     0.000    -0.084 

ddG: R130Q    -1.616     1.037    -0.209    -2.422    -0.009     0.691     0.005    -1.387     0.176    -0.307    -0.002     0.000     0.110    -0.013     2.320    -0.366     0.000    -1.240 

ddG: R130R     0.040    -2.056    -0.299     1.449    -0.007    -0.266     0.002    -0.233    -0.042    -0.079     0.392     0.000     0.170     0.116     0.908    -0.015     0.000     0.000 

ddG: R130S     0.463     5.575    -0.693    -6.508    -0.009     2.485    -0.001    -1.572     0.153    -0.062     1.590     0.000     0.167     0.135    -0.827    -0.365     0.000     0.392 

ddG: R130T    -0.503     4.047    -0.434    -3.458    -0.003     0.814     0.006    -1.454     0.174    -0.032     0.004     0.000     0.040     0.006    -0.217    -0.374    -0.001     0.378 

ddG: R130V    -0.055     4.218    -0.591    -6.451     0.004     2.705     0.000    -1.464     0.145    -0.103     1.592     0.000     0.183     0.129    -1.138    -0.359     0.000     1.077 

ddG: R130W    -2.670    -9.694     0.388     2.620     0.015     0.352     0.003    -1.296     0.165    -0.062     0.043     0.000    -0.022    -0.029     3.904    -0.356     0.000     1.299 

ddG: R130Y     1.395     4.991    -0.729    -6.500     0.017     2.708    -0.001    -1.559     0.136    -0.070     1.596     0.000     0.164     0.133     0.521    -0.349     0.000     0.338 

