ddG: description total fa_atr fa_rep fa_sol fa_intra_rep fa_elec pro_close hbond_sr_bb hbond_lr_bb hbond_bb_sc hbond_sc dslf_fa13 rama omega fa_dun p_aa_pp yhh_planarity ref 
ddG: P19A     2.171     2.690    -1.955    -0.468    -0.008     0.257    -0.586    -0.047     0.145     0.017    -0.160     0.000    -0.409     0.084     1.277     0.357     0.001     0.979 

ddG: P19C     1.819     1.317    -0.486     0.565     0.000     0.110    -0.586    -0.015     0.035     0.180    -0.007     0.000     0.106    -0.057    -0.689     0.656     0.001     0.692 

ddG: P19D     2.206    -0.902     1.365     5.426    -0.018    -2.988    -0.590     0.037     0.088    -0.160    -2.726     0.000    -0.001     0.099     3.276     0.602    -0.015    -1.286 

ddG: P19E     2.360     0.409    -0.272     0.995     0.015     1.268    -0.591    -0.204     0.254     0.202     0.028     0.000    -0.049     0.382     1.407     0.126    -0.003    -1.608 

ddG: P19F     2.220    -1.093     0.471     1.870     0.010    -1.755    -0.583     0.546     0.011     0.862    -3.157     0.000    -0.178     0.545     3.196     0.712    -0.019     0.783 

ddG: P19G     1.580     3.606     1.111    -1.070    -0.024    -1.573    -0.589     0.039     0.084    -0.072    -2.728     0.000     0.095     0.130     1.268     0.870    -0.002     0.434 

ddG: P19H     1.221    -2.022    -1.859     3.239    -0.004    -1.200    -0.588     0.010     0.148     0.054    -0.835     0.000    -0.276    -0.197     3.459     0.595     0.001     0.695 

ddG: P19H     1.878    -0.734    -0.506     1.211     0.004     0.193    -0.585     0.016     0.030     0.171     0.002     0.000     0.150     0.089     0.651     0.506    -0.014     0.695 

ddG: P19I     2.889     0.387    -1.209     1.519     0.032     0.136    -0.583     0.451    -0.015     1.144    -0.457     0.000    -0.024     0.216    -0.472     0.516    -0.019     1.266 

ddG: P19K     3.043     2.280    -1.573     0.405    -0.004     0.678    -0.584     0.389    -0.019     1.348    -0.405     0.000    -0.245     0.464     0.070     0.339    -0.018    -0.082 

ddG: P19L     1.660     3.887    -0.413    -2.814     0.003     1.287    -0.629    -0.048    -0.199     0.741    -1.392     0.000    -0.186    -0.079     0.146     0.375    -0.009     0.990 

ddG: P19M     1.877     0.358    -0.445     0.956     0.004     0.112    -0.587    -0.022     0.036     0.023    -0.006     0.000     0.041    -0.054     0.548     0.458     0.000     0.455 

ddG: P19N     2.025    -2.455     1.438     4.830    -0.016    -1.384    -0.590    -0.156     0.304    -0.115    -2.759     0.000     0.008     0.473     2.601     0.721    -0.005    -0.871 

ddG: P19P     1.018     0.507    -0.879     0.386    -0.005     0.126     0.006     0.439    -0.058     1.095    -0.453     0.000    -0.186     0.310    -0.195    -0.070    -0.004     0.000 

ddG: P19Q     2.299    -0.371     0.249     3.282    -0.006    -2.224    -0.583     0.494     0.029     0.899    -3.177     0.000    -0.402     0.782     3.922     0.578    -0.018    -1.155 

ddG: P19R     2.738    -1.692    -0.389     3.581     0.020     0.341    -0.590    -0.160     0.197     0.089    -0.780     0.000     0.053     0.711     1.191     0.086    -0.003     0.084 

ddG: P19S     2.817     2.453    -1.455     1.399    -0.010     0.240    -0.584     0.408    -0.038     1.292    -0.428     0.000    -0.315     0.438    -1.410     0.356    -0.004     0.477 

ddG: P19T     1.334     0.313    -0.226     1.315     0.020     1.204    -0.590    -0.161     0.247     0.176    -1.336     0.000     0.273     0.457    -1.151     0.332    -0.002     0.462 

ddG: P19V     1.602     0.435    -0.378     0.777     0.031    -0.025    -0.586    -0.017     0.038     0.041    -0.004     0.000     0.198    -0.101    -0.387     0.416     0.000     1.162 

ddG: P19W    -0.582    -3.956     0.477     5.722     0.002    -3.147    -0.586     0.518    -0.027     0.945    -3.812     0.000    -0.531     0.161     1.797     0.490    -0.020     1.384 

ddG: P19Y     1.818    -1.866    -0.348     0.794     0.039     1.416    -0.593    -0.219     0.257     0.221     0.014     0.000     0.042     0.486     0.619     0.535    -0.002     0.423 

