ddG: description total fa_atr fa_rep fa_sol fa_intra_rep fa_elec pro_close hbond_sr_bb hbond_lr_bb hbond_bb_sc hbond_sc dslf_fa13 rama omega fa_dun p_aa_pp yhh_planarity ref 
ddG: E66A    -1.540     4.522    -0.163    -6.141    -0.004    -1.493     0.004     0.780    -0.069     1.319    -0.732     0.000     0.171    -0.038    -2.313     0.045    -0.016     2.586 

ddG: E66C    -0.669     2.827     0.138    -3.844    -0.005    -1.137     0.000     0.788     0.023     1.317    -0.748     0.000     0.109    -0.053    -2.351    -0.016    -0.018     2.300 

ddG: E66D     1.734     1.869    -0.070    -1.028     0.001    -0.179     0.003     0.003    -0.063    -0.001    -0.001     0.000     0.113     0.260     0.278     0.223     0.005     0.322 

ddG: E66E    -1.077     1.464    -0.118    -2.282     0.007    -1.540     0.004     0.666    -0.104     1.426    -0.784     0.000     0.011     0.032     0.364    -0.226     0.003     0.000 

ddG: E66F    -1.917     0.815    -0.485    -4.339     0.027    -1.267     0.001     0.632    -0.011     1.442    -0.789     0.000     0.137     0.085    -0.537    -0.018    -0.001     2.391 

ddG: E66G     0.782     5.559    -0.024    -5.377    -0.004    -0.114     0.003     0.079    -0.055     0.012    -0.004     0.000     0.409     0.038    -2.487     0.703     0.003     2.041 

ddG: E66H    -1.119     0.274    -0.125    -3.232     0.001    -0.160     0.003     0.201    -0.059     0.010    -0.001     0.000     0.119    -0.044    -0.598     0.185     0.004     2.303 

ddG: E66H    -1.608     1.280    -0.543    -3.732    -0.001    -1.701     0.001     0.639    -0.031     1.426    -0.786     0.000     0.157     0.029    -0.556    -0.094     0.002     2.303 

ddG: E66I    -3.340     1.051    -0.144    -4.536     0.022    -1.552     0.001     0.351     0.017     1.437    -0.794     0.000     0.135     0.400    -2.343    -0.258     0.001     2.874 

ddG: E66K    -1.130     2.100    -0.242    -3.085    -0.002    -0.048     0.000     0.055     0.005     0.011     0.000     0.000    -0.006    -0.013    -1.532     0.101     0.001     1.526 

ddG: E66L    -2.351     2.187    -0.494    -4.715     0.007    -1.472     0.001     0.441     0.005     1.441    -0.786     0.000     0.137     0.248    -1.761    -0.186    -0.003     2.598 

ddG: E66M    -2.275     0.876     0.199    -4.258    -0.001    -1.394     0.000     0.390     0.054     1.443    -0.802     0.000     0.088     0.329    -1.168    -0.092    -0.003     2.063 

ddG: E66N     0.406     1.385    -0.251    -1.971    -0.002    -0.086     0.000    -0.060    -0.003     0.011    -0.001     0.000     0.294     0.262    -0.216     0.307     0.001     0.737 

ddG: E66P    11.556     2.065     7.884    -6.337    -0.006    -0.430     0.520     1.548     0.364     1.411    -0.791     0.000     1.481     3.669    -1.536     0.108    -0.002     1.608 

ddG: E66Q    -2.642     0.353     0.166    -3.415     0.000    -1.574     0.004     0.554    -0.013     1.317    -0.740     0.000     0.027     0.268     0.122    -0.148    -0.017     0.453 

ddG: E66R     0.205    -1.826    -0.003     0.810     0.018    -0.592     0.003     0.265    -0.044    -0.002    -0.008     0.000     0.018    -0.091    -0.181     0.143     0.005     1.692 

ddG: E66S     0.535     4.341    -0.652    -3.380    -0.005    -1.486     0.003     0.478     0.018     1.443    -0.787     0.000     0.261     0.217    -1.943    -0.056     0.000     2.085 

ddG: E66T    -1.481     3.218    -0.209    -3.792     0.008    -2.033     0.004     0.772    -0.078     1.313    -0.731     0.000     0.154     0.046    -2.159    -0.047    -0.016     2.070 

ddG: E66V    -2.795     2.634     0.339    -5.758     0.020    -1.749     0.004     0.370    -0.025     1.433    -0.799     0.000     0.109     0.501    -2.364    -0.285     0.005     2.769 

ddG: E66W    -0.594    -0.468    -0.198    -3.313     0.027    -1.548     0.002     0.612     0.035     1.437    -0.798     0.000     0.204     0.150     0.285    -0.016     0.004     2.992 

ddG: E66Y    -2.411     1.377    -0.487    -4.816     0.029    -1.864     0.007     0.539    -0.024     1.433    -0.788     0.000     0.208     0.313    -0.373    -0.008     0.011     2.031 

