ddG: description total fa_atr fa_rep fa_sol fa_intra_rep fa_elec pro_close hbond_sr_bb hbond_lr_bb hbond_bb_sc hbond_sc dslf_fa13 rama omega fa_dun p_aa_pp yhh_planarity ref 
ddG: T40A    -0.674     2.002    -0.479    -1.525    -0.002     0.345     0.003    -0.016    -0.095     0.060     0.138     0.000     0.524     0.035    -2.755     0.574     0.000     0.516 

ddG: T40C    -0.424     4.160    -0.316    -4.516     0.001     2.411    -0.006    -0.175    -0.152    -0.032     1.635     0.000     0.183     0.151    -4.137     0.139     0.000     0.229 

ddG: T40D     2.208     3.572     0.099    -1.312     0.011     2.988    -0.005    -0.239    -0.217    -0.072     1.544     0.000     0.250     0.215    -3.151     0.275     0.000    -1.749 

ddG: T40E     0.082     3.074     0.353    -3.262     0.007     2.926    -0.005    -0.277    -0.270    -0.126     1.695     0.000     0.439     0.401    -3.214     0.411    -0.001    -2.070 

ddG: T40F     1.648    -4.998     1.386     1.304     0.327     0.347    -0.002    -0.037    -0.162    -0.641     0.094     0.000     0.415    -0.075     3.201     0.167     0.001     0.321 

ddG: T40G     1.553     9.998    -0.171    -8.417     0.007     2.779    -0.005     0.025    -0.001     0.053     1.242     0.000     0.870    -0.019    -5.653     0.875     0.000    -0.029 

ddG: T40H     2.901    -0.829     2.502    -2.676     0.011     2.522    -0.014     0.164     0.370     0.231     1.350     0.000    -0.356     1.451    -2.263     0.206    -0.002     0.232 

ddG: T40H     2.931    -2.883     2.201    -1.226     0.005     2.218    -0.013    -0.039     0.326     0.146     1.729     0.000    -0.201     1.558    -1.336     0.216    -0.002     0.232 

ddG: T40I    -4.227     3.574     0.630    -7.166     0.022     2.774    -0.007    -0.284    -0.176    -0.917     1.671     0.000     0.198     0.305    -5.387    -0.266     0.000     0.804 

ddG: T40K    -0.166     3.824     0.390    -4.961     0.013     2.777    -0.006     0.031    -0.111     0.034     1.198     0.000     0.071     0.062    -3.184     0.238     0.000    -0.544 

ddG: T40L    -0.837     3.951     1.747    -7.694     0.010     3.122    -0.004    -0.147    -0.053     0.153     1.543     0.000     0.016     0.099    -4.411     0.304     0.000     0.527 

ddG: T40M    -1.366     1.791    -0.170    -4.502     0.004     2.749    -0.004    -0.183    -0.171    -0.012     1.652     0.000     0.257     0.155    -3.305     0.379     0.000    -0.007 

ddG: T40N    -0.128     3.353     0.108    -3.637     0.010     3.118    -0.006    -0.229    -0.168    -0.064     1.538     0.000     0.261     0.253    -3.640     0.308     0.000    -1.333 

ddG: T40P     1.779     8.105     0.705    -9.705     0.007     3.070     1.843    -0.113     0.604     0.058     1.431     0.000    -0.134     0.842    -5.015     0.546    -0.002    -0.462 

ddG: T40Q    -0.149     0.775     0.147    -2.544     0.005     2.719    -0.006    -0.168    -0.083    -0.047     1.590     0.000     0.262     0.177    -1.617     0.259     0.000    -1.617 

ddG: T40R    -0.093     1.111    -0.114    -2.377     0.011     2.297    -0.005    -0.180    -0.172    -0.045     1.629     0.000     0.303     0.160    -2.623     0.290     0.000    -0.378 

ddG: T40S     0.647     8.436    -0.115    -7.387     0.009     3.248    -0.007    -0.231    -0.100    -0.004     1.167     0.000     0.514     0.190    -5.580     0.491     0.000     0.015 

ddG: T40T    -0.455     2.843     0.104    -2.815     0.001     0.591     0.001    -0.072     0.005     0.043     0.003     0.000     0.076     0.075    -1.277    -0.033     0.000     0.000 

ddG: T40V    -3.391     5.078     0.569    -7.581     0.015     2.950    -0.007    -0.290    -0.176    -0.931     1.630     0.000     0.224     0.277    -5.636    -0.213     0.000     0.699 

ddG: T40W     2.240    -4.325     1.346     0.595     0.262     1.408     0.000    -0.034    -0.173    -0.131     0.157     0.000     0.505     0.816     0.435     0.457     0.000     0.921 

ddG: T40Y     3.070     1.017     1.919    -4.483     0.091     2.315    -0.003    -0.035     0.016    -0.768     1.196     0.000     0.051     0.495     1.162     0.138     0.001    -0.040 

