ddG: description total fa_atr fa_rep fa_sol fa_intra_rep fa_elec pro_close hbond_sr_bb hbond_lr_bb hbond_bb_sc hbond_sc dslf_fa13 rama omega fa_dun p_aa_pp yhh_planarity ref 
ddG: S72A    -1.578     1.731    -0.087    -3.355    -0.007    -0.394     0.003     0.100    -0.205    -0.010     0.009     0.000     0.193    -0.286     0.030     0.209    -0.011     0.502 

ddG: S72C     0.197    -0.515     1.729    -0.627    -0.007     0.067     0.001    -0.140    -0.056     0.137     0.099     0.000    -0.122    -0.628     0.277    -0.238     0.004     0.215 

ddG: S72D     5.029    -5.414     0.476     9.732     0.005    -1.312    -0.001    -0.178     0.136    -0.216    -1.005     0.000    -0.186    -0.273     5.093    -0.068     0.003    -1.763 

ddG: S72E    13.467    -6.126     2.139     9.581    -0.011    -0.179    -0.002     0.213    -0.114     0.877    -0.625     0.000    -0.057     0.508     8.597     0.752     0.001    -2.085 

ddG: S72F    19.606   -14.159    15.480     1.345     0.197     1.946    -0.003     0.696     0.352     3.154    -0.458     0.000     0.208     1.585     8.927     0.035    -0.005     0.306 

ddG: S72G     0.341     5.298    -0.352    -3.971    -0.002    -0.085     0.000     0.199    -0.269    -0.033    -0.018     0.000     0.308    -0.670    -0.152     0.126     0.006    -0.043 

ddG: S72H     8.973   -12.623     7.538     5.430     0.015     0.335    -0.013     1.080     0.640     1.585    -0.211     0.000     0.103     0.636     4.471    -0.243     0.012     0.218 

ddG: S72H     8.213   -10.973     6.424     5.124    -0.006    -0.303     0.001     1.495     0.200     1.177    -0.338     0.000     0.084     0.645     4.112     0.339     0.013     0.218 

ddG: S72I     3.437    -6.857     5.322    -0.131     0.015     0.531    -0.001    -0.144    -0.212     0.015     0.823     0.000     0.248    -0.243     2.808     0.481    -0.009     0.789 

ddG: S72K    10.705    -7.876     6.410     7.913    -0.025    -1.414    -0.017     0.305     0.278    -0.205    -2.794     0.000    -0.043     1.090     6.822     0.818     0.001    -0.559 

ddG: S72L     6.798    -7.972     7.615     0.616     0.072    -1.986    -0.009    -0.098     0.122    -0.232    -1.606     0.000     0.498     0.138     8.260     0.868    -0.003     0.513 

ddG: S72M     4.612    -5.727     4.028     1.619    -0.004    -0.036    -0.009     0.277    -0.262     0.032     0.039     0.000     0.153    -0.140     4.135     0.534    -0.004    -0.022 

ddG: S72N     2.247    -5.489     1.602     5.993     0.000    -0.305     0.011     0.252    -0.122     1.128    -1.155     0.000    -0.168    -0.094     2.297    -0.352    -0.002    -1.348 

ddG: S72P    15.712    -2.857     6.394    -0.991    -0.007    -0.789     2.512    -0.020     0.335    -0.230    -0.117     0.000     0.534     3.060     7.491     0.884    -0.009    -0.477 

ddG: S72Q     8.953    -6.802     4.713     4.900    -0.003    -0.098    -0.001     0.294    -0.122     1.148    -0.774     0.000     0.122     0.549     6.055     0.612    -0.007    -1.632 

ddG: S72R    12.301   -12.742     4.921    10.662     0.016     0.716    -0.008     0.176     0.513     0.054     1.399     0.000    -0.018     1.387     5.373     0.233     0.011    -0.392 

ddG: S72S    -0.282     0.781    -0.129     0.118    -0.006    -0.932     0.002     0.216    -0.215    -0.032    -0.040     0.000     0.077    -0.404     0.145     0.133     0.003     0.000 

ddG: S72T     1.578    -2.909     2.191     3.073    -0.024    -1.808    -0.003     0.576    -0.066     0.719    -3.342     0.000    -0.326     0.116     3.324     0.088    -0.019    -0.015 

ddG: S72V     3.095    -3.896     1.848     0.325    -0.003     0.098     0.006     0.214    -0.021     0.896    -0.518     0.000    -0.276    -0.107     3.575     0.270    -0.004     0.685 

ddG: S72W    24.881   -22.967    19.724     8.424     2.404     0.207    -0.012     0.312    -0.165     4.682    -2.261     0.000     0.289     1.145    12.387    -0.193    -0.001     0.907 

ddG: S72Y    11.520   -17.824    13.287     7.259     0.307     0.124     0.009     0.278     0.060     2.787    -1.166     0.000     0.180     0.684     5.428    -0.148     0.309    -0.054 

