ddG: description total fa_atr fa_rep fa_sol fa_intra_rep fa_elec pro_close hbond_sr_bb hbond_lr_bb hbond_bb_sc hbond_sc dslf_fa13 rama omega fa_dun p_aa_pp yhh_planarity ref 
ddG: K72A     1.777     6.954    -0.859    -7.077     0.003     3.615     0.000     0.231     0.065    -0.003     1.477     0.000    -0.297    -0.127    -3.362     0.096     0.000     1.061 

ddG: K72C     2.244     6.820    -0.852    -7.339    -0.001     3.892    -0.003     0.052     0.018    -0.026     1.854     0.000     0.075     0.020    -3.589     0.551     0.000     0.774 

ddG: K72D     2.912    -0.735    -0.838     3.126    -0.008     1.325     0.011     0.074     0.054    -0.009     0.300     0.000    -0.272    -0.278     0.886     0.480     0.000    -1.204 

ddG: K72E     3.576     1.920    -0.878    -1.952     0.001     3.834    -0.004    -0.003     0.001    -0.011     1.864     0.000    -0.164    -0.062     0.279     0.274     0.000    -1.526 

ddG: K72F     2.399    -2.878     0.297    -2.140     0.049     3.116     0.029     0.296     0.035     0.046     1.477     0.000     0.063    -0.193     1.082     0.256     0.000     0.865 

ddG: K72G     2.328    11.063    -1.137   -10.336    -0.008     3.732     0.001    -0.189    -0.012    -0.108     1.855     0.000     0.277     0.071    -4.109     0.712     0.000     0.516 

ddG: K72H     2.806    -0.828    -0.152    -2.437     0.003     3.180     0.011    -0.021    -0.019    -0.021     1.863     0.000     0.279    -0.002    -0.038     0.210     0.000     0.777 

ddG: K72H     2.397     2.049    -0.049    -5.304     0.004     3.853     0.012    -0.086    -0.007     0.001     1.854     0.000     0.354     0.068    -1.312     0.182     0.000     0.777 

ddG: K72I     1.633     1.889    -0.465    -4.186     0.026     3.145    -0.010    -0.217    -0.064    -0.028     1.861     0.000     0.372     0.064    -2.205     0.103     0.000     1.348 

ddG: K72K    -0.003    -0.017     0.012     0.014     0.000     0.012     0.001    -0.006     0.013     0.012    -0.002     0.000    -0.004    -0.010    -0.024    -0.005     0.000     0.000 

ddG: K72L    -0.135     5.793    -1.060    -7.493     0.009     4.184    -0.003    -1.471     0.186    -0.072     1.869     0.000     0.075     0.200    -3.301    -0.122     0.000     1.072 

ddG: K72M     1.254     1.218    -0.514    -1.918    -0.002     1.748     0.000     0.051     0.064     0.045     0.303     0.000    -0.148    -0.193    -0.199     0.260     0.000     0.537 

ddG: K72N     1.213    -2.436    -0.774     2.676    -0.003     0.742     0.006     0.221     0.064    -0.009     0.302     0.000    -0.114    -0.253     1.082     0.498     0.000    -0.789 

ddG: K72P    14.425     2.051     9.380    -4.496    -0.006     1.911     0.884     1.282     0.052     0.057     0.306     0.000     0.346     2.201     0.804    -0.426    -0.003     0.082 

ddG: K72Q     2.330     1.081    -0.734    -2.531     0.000     3.119    -0.004    -0.019     0.032    -0.015     1.866     0.000    -0.072    -0.055     0.488     0.249     0.000    -1.073 

ddG: K72R     2.279     0.574    -0.697    -1.069     0.007     1.774    -0.005     0.064     0.001    -0.027     1.770     0.000    -0.154    -0.033    -0.400     0.306     0.001     0.167 

ddG: K72S     2.453     7.301    -1.034    -6.824    -0.002     3.344    -0.001    -0.075    -0.027    -0.071     1.852     0.000     0.097     0.063    -3.142     0.411     0.000     0.559 

ddG: K72T     1.239     2.528    -0.928    -1.168     0.007     0.913     0.005     0.004     0.009    -0.034     0.304     0.000     0.025    -0.108    -1.336     0.475     0.000     0.544 

ddG: K72V     2.081     5.903    -0.167    -7.567     0.024     3.754    -0.009    -0.376    -0.052     0.028     1.853     0.000     0.496     0.162    -3.404     0.194     0.000     1.244 

ddG: K72W     2.311    -3.852     0.002    -1.161     0.029     3.591     0.019    -0.033    -0.030    -0.007     1.857     0.000     0.175    -0.020     0.161     0.114     0.000     1.466 

ddG: K72Y     1.807    -0.418     0.428    -4.300     0.051     3.635     0.029     0.245     0.030     0.074     1.481     0.000     0.071    -0.124    -0.135     0.235     0.001     0.505 

