ddG: description total fa_atr fa_rep fa_sol fa_intra_rep fa_elec pro_close hbond_sr_bb hbond_lr_bb hbond_bb_sc hbond_sc dslf_fa13 rama omega fa_dun p_aa_pp yhh_planarity ref 
ddG: N101A     0.259     3.820    -0.612    -3.161    -0.003     0.367    -0.013     0.751     0.071    -0.583     0.504     0.048    -0.457    -0.195    -1.652    -0.469    -0.006     1.849 

ddG: N101C     1.161     2.208    -0.247    -2.058     0.003     0.616     0.002     0.151    -0.003    -0.002     0.553     0.045    -0.251    -0.010    -1.467     0.041     0.018     1.563 

ddG: N101D     0.794     3.291    -0.881    -0.893     0.019     0.595     0.050    -0.515     0.216    -0.633     0.598     0.108    -0.223     0.244    -0.415    -0.341    -0.011    -0.415 

ddG: N101E     1.521     0.303    -0.160     0.734     0.009     0.467     0.002     0.118    -0.002     0.003     0.477     0.046    -0.396    -0.016     0.964    -0.309     0.018    -0.737 

ddG: N101F    -0.323    -1.554     0.018    -2.019     0.033     0.774     0.004     0.219    -0.005     0.161     0.632     0.040    -0.248     0.250     0.023    -0.308     0.002     1.654 

ddG: N101G     1.716     4.835    -1.200    -3.479    -0.002     0.648    -0.012     0.821    -0.103    -0.680     0.546     0.037    -0.187    -0.589    -0.344     0.128    -0.009     1.304 

ddG: N101H     0.328     0.279    -0.494    -1.578    -0.001     0.283     0.009     0.256     0.022    -0.102     0.267     0.038    -0.336     0.168     0.063    -0.110    -0.002     1.566 

ddG: N101H    -0.623    -1.782    -0.422     0.055    -0.007    -0.313     0.003     0.161     0.075    -0.588     0.124     0.101    -0.205     0.022     0.648    -0.060     0.001     1.566 

ddG: N101I     0.097     0.047    -0.091    -1.563     0.027     0.701     0.003     0.107    -0.001     0.009     0.533     0.039    -0.144    -0.010    -1.505    -0.200     0.006     2.137 

ddG: N101K     0.635     2.265    -0.474    -1.973     0.005     0.608     0.009     0.241     0.028    -0.144     0.530     0.050    -0.395     0.012    -0.669    -0.258     0.014     0.789 

ddG: N101L    -0.107     0.154    -0.131    -1.512     0.006     0.766     0.002     0.137     0.001     0.002     0.583     0.043    -0.268    -0.007    -1.444    -0.316     0.017     1.861 

ddG: N101M     0.283    -0.156    -0.054    -1.515     0.005     0.734     0.003     0.117     0.003     0.002     0.551     0.041    -0.255    -0.043    -0.220    -0.274     0.018     1.326 

ddG: N101N    -0.287     0.792    -0.292    -0.405    -0.001    -0.165     0.006     0.142     0.030    -0.144    -0.074     0.005    -0.064    -0.024    -0.087    -0.004    -0.002     0.000 

ddG: N101P     9.421    -0.798     5.043    -2.692     0.011     0.615     0.346     1.783    -0.058     0.036     0.374    -0.019     0.293     4.626     0.026    -1.028    -0.008     0.871 

ddG: N101Q     1.555     0.639    -0.426    -0.921     0.006     1.607     0.002     0.254    -0.004    -0.183     1.989     0.038    -0.426     0.294    -0.492    -0.542     0.002    -0.284 

ddG: N101R     3.171     0.379    -0.408     0.500     0.009     1.699     0.004     0.247    -0.004    -0.190     2.018     0.040    -0.527     0.297    -1.356    -0.502     0.011     0.955 

ddG: N101S     1.892     3.419    -0.350    -2.116    -0.006     0.030     0.002     0.109     0.032    -1.065     1.602     0.091    -0.310     0.021    -0.863    -0.046    -0.005     1.348 

ddG: N101T     1.108     3.580    -0.605    -2.117     0.003     0.062     0.009     0.243     0.024    -1.181     1.531     0.007    -0.310     0.002    -1.451    -0.027     0.004     1.333 

ddG: N101V     0.444     0.793    -0.788    -1.721     0.022     0.826    -0.010     0.723    -0.099    -0.614     0.514     0.029    -0.247    -0.651    -0.330    -0.034    -0.001     2.032 

ddG: N101W    -4.688    -6.782     0.189     0.189     0.024     0.015    -0.009     0.822     0.073    -0.588    -0.578     0.063    -0.489    -0.099     0.530    -0.374     0.072     2.255 

ddG: N101Y     0.657    -1.236    -0.303    -1.599     0.030     1.466     0.004     0.299     0.030    -0.032     2.023     0.127    -0.271     0.529    -1.230    -0.491     0.016     1.294 

