ddG: description total fa_atr fa_rep fa_sol fa_intra_rep fa_elec pro_close hbond_sr_bb hbond_lr_bb hbond_bb_sc hbond_sc dslf_fa13 rama omega fa_dun p_aa_pp yhh_planarity ref 
ddG: I91A     7.382     8.273    -0.391    -0.692    -0.012     0.092     0.008    -0.056     0.061     0.035     0.156     0.004     0.107    -0.144    -0.172     0.403    -0.002    -0.288 

ddG: I91C     7.263     6.045    -0.245     1.665    -0.010     0.099     0.012    -0.029    -0.036     0.059     0.106    -0.001     0.042    -0.160     0.069     0.252    -0.031    -0.574 

ddG: I91D    11.876     3.041     0.151     9.276     0.002     0.116     0.022     0.041    -0.071    -0.056     0.065    -0.015     0.047    -0.084     1.725     0.172    -0.005    -2.553 

ddG: I91E    10.934     0.321    -0.065    10.013    -0.009     0.091     0.000     0.046     0.054    -0.091     0.196     0.001     0.107     0.061     2.820     0.276    -0.013    -2.874 

ddG: I91F    12.497    -4.069     7.986     0.890     0.030     0.271    -0.001     0.465     0.245     0.167     0.285     0.029     0.069     1.866     4.286     0.551    -0.090    -0.483 

ddG: I91G    10.197    10.986    -0.298    -1.004    -0.013     0.096     0.009    -0.065     0.039     0.028    -0.001     0.002     0.663    -0.106    -0.234     0.933    -0.006    -0.833 

ddG: I91H     7.307    -3.258     2.145     5.285    -0.006    -0.497     0.001     0.109     0.508    -0.130    -0.747     0.015    -0.021     0.767     3.299     0.388     0.020    -0.571 

ddG: I91H     7.287    -3.264     2.167     5.268    -0.006    -0.490     0.004     0.102     0.519    -0.117    -0.775     0.015    -0.004     0.728     3.283     0.408     0.022    -0.571 

ddG: I91I     0.062     0.081    -0.115    -0.018     0.000     0.043     0.004     0.032     0.010    -0.021     0.146     0.000    -0.078    -0.051     0.066    -0.029    -0.006     0.000 

ddG: I91K    12.739    -0.120     1.654    10.100    -0.010     0.608    -0.008     0.087     0.052     0.017     0.158     0.013     0.112     0.024     1.233     0.174    -0.006    -1.348 

ddG: I91L     7.399     2.624     2.599    -0.495    -0.001     0.541    -0.016     0.059     0.252    -0.030     0.186    -0.016     0.020     0.369     1.361     0.244    -0.022    -0.276 

ddG: I91M     4.381     1.503     1.140     0.484    -0.013     0.133    -0.001     0.080     0.096    -0.020     0.040     0.007     0.056     0.053     1.233     0.397     0.003    -0.811 

ddG: I91N     7.447     1.012    -0.157     6.318    -0.010    -0.052     0.004    -0.028     0.033     0.055     0.177     0.000     0.147    -0.040     1.797     0.337    -0.010    -2.137 

ddG: I91P    10.042     3.301     3.416    -0.327    -0.009     1.019     0.180    -0.111     2.068    -0.057     0.245     0.025     0.155     0.900     0.707    -0.273     0.070    -1.266 

ddG: I91Q     7.053    -0.396     0.415     5.994    -0.007     0.230     0.003     0.020     0.054    -0.096     0.050     0.000     0.116    -0.028     2.879     0.251    -0.012    -2.421 

ddG: I91R    12.782    -2.839     1.629    11.453     0.020    -0.350    -0.019     0.050     0.189    -0.805    -0.671     0.003    -0.060     0.204     5.212    -0.107     0.056    -1.182 

ddG: I91S     8.761     7.634    -0.388     1.779    -0.011    -0.282     0.010    -0.056     0.054     0.043     0.175     0.003     0.200    -0.123     0.100     0.418    -0.006    -0.789 

ddG: I91T     6.997     5.078    -0.324     2.432    -0.003     0.160     0.001    -0.062    -0.040     0.032     0.203     0.001     0.175    -0.093    -0.114     0.370    -0.015    -0.804 

ddG: I91V     2.475     2.881    -0.245    -0.029     0.001     0.020     0.000    -0.008     0.017     0.036     0.150    -0.001    -0.045    -0.085    -0.187     0.081    -0.006    -0.105 

ddG: I91W     8.076    -9.992     6.068     6.910     0.035    -0.257     0.041    -0.015     0.681    -0.611     0.081     0.031     0.201     0.225     4.232     0.172     0.158     0.118 

ddG: I91Y    13.664    -5.603     8.337     3.986     0.033     0.121    -0.007     0.446     0.181     0.182     0.179     0.023     0.040     1.615     4.503     0.527    -0.053    -0.844 

