ddG: description total fa_atr fa_rep fa_sol fa_intra_rep fa_elec pro_close hbond_sr_bb hbond_lr_bb hbond_bb_sc hbond_sc dslf_fa13 rama omega fa_dun p_aa_pp yhh_planarity ref 
ddG: Y110A     5.424    11.643    -2.900    -5.045    -0.055     1.296     0.005    -0.372     0.119     0.891     0.353     0.000     0.105    -0.142    -1.148     0.137    -0.018     0.556 

ddG: Y110C     3.629     8.925    -0.543    -4.319    -0.036     2.248     0.000    -0.868     0.267     0.097     1.002     0.000     0.117    -0.145    -3.102    -0.261    -0.023     0.269 

ddG: Y110D     6.322     8.115    -0.579     0.875    -0.042     0.059    -0.002    -0.874     0.047     0.002     1.012     0.000     0.076    -0.490     0.370    -0.504    -0.033    -1.709 

ddG: Y110E     5.057     5.792    -0.520     1.092    -0.040     0.920    -0.003    -1.140     0.248     0.219     0.328     0.000     0.266     0.022     0.041    -0.114    -0.022    -2.031 

ddG: Y110F     0.381    -1.197     1.879    -0.969    -0.015     0.418    -0.010    -0.667     0.259    -0.381    -1.605     0.000     0.038     0.499     1.889    -0.095    -0.022     0.360 

ddG: Y110G     7.962    12.003    -0.177    -5.272    -0.033     2.109    -0.004    -0.979     0.279     1.672     1.115     0.000     0.924    -0.584    -3.356     0.272    -0.019     0.011 

ddG: Y110H     5.570    -0.411    -1.027     4.256    -0.044     0.962     0.007    -0.233    -0.078     0.935    -0.076     0.000    -0.152     0.390     0.991    -0.204    -0.019     0.272 

ddG: Y110H     4.291     2.125     0.658     0.900    -0.055    -0.039    -0.001    -0.155    -0.013     0.694    -2.042     0.000    -0.055     0.399     1.854    -0.233    -0.019     0.272 

ddG: Y110I     5.040     7.561     1.960    -4.978    -0.026     1.558     0.002    -0.503     0.077     0.231     1.257     0.000     0.295    -0.522    -2.441    -0.242    -0.033     0.844 

ddG: Y110K     4.567     4.196    -0.298     1.324    -0.035     0.577    -0.001    -0.725     0.268     0.140     0.346     0.000     0.414     0.049    -0.985    -0.178    -0.022    -0.505 

ddG: Y110L     6.956     4.981     2.521    -2.685    -0.030     0.979    -0.013     0.040     0.185     1.338    -1.500     0.000    -0.392     1.030     0.187    -0.232    -0.019     0.567 

ddG: Y110M     3.252     6.631    -1.309    -2.912    -0.046     1.350     0.007    -0.426     0.007     1.139     0.600     0.000     0.171    -0.093    -1.574    -0.308    -0.019     0.033 

ddG: Y110N     3.892     6.059    -0.631    -0.524    -0.042     1.462    -0.001    -1.002     0.253     0.213     1.095     0.000     0.095    -0.110    -1.049    -0.611    -0.023    -1.294 

ddG: Y110P    11.943    10.829     2.037    -6.459    -0.041     1.703     0.589     1.044     0.027    -0.298     0.812     0.000     0.867     1.134    -0.357     0.496    -0.017    -0.423 

ddG: Y110Q     2.336     6.531    -1.427    -1.237    -0.044     0.545     0.008    -0.322     0.010     1.111    -0.319     0.000     0.105    -0.007    -1.007     0.000    -0.033    -1.578 

ddG: Y110R     6.544    -0.970    -0.437     7.648    -0.024     0.430     0.002    -0.234     0.075     0.479    -1.388     0.000    -0.009     0.215     1.169    -0.052    -0.021    -0.338 

ddG: Y110S     6.268    11.302    -1.667    -3.815    -0.052     1.794     0.007    -0.374     0.009     1.219     0.614     0.000     0.358    -0.215    -3.076     0.127    -0.019     0.054 

ddG: Y110T     5.219     8.579    -1.973    -2.023    -0.046     0.478    -0.001    -0.639     0.152    -0.164     0.844     0.000     0.371    -0.261    -0.498     0.380    -0.018     0.040 

ddG: Y110V     7.571     7.696     2.315    -4.683    -0.022     2.603    -0.007    -0.541     0.294     1.811     1.321     0.000     0.374    -0.524    -3.226    -0.560    -0.019     0.739 

ddG: Y110W     2.743    -1.526    -0.831     2.010    -0.012     1.405     0.010     0.694    -0.183     1.578    -0.083     0.000    -0.296     0.899    -1.359    -0.503    -0.020     0.961 

ddG: Y110Y     1.167     0.238    -1.398     0.330    -0.006     0.019    -0.002    -0.033     0.093    -0.181    -0.164     0.000    -0.269     0.064     2.420     0.040     0.015     0.000 

