ddG: description total fa_atr fa_rep fa_sol fa_intra_rep fa_elec pro_close hbond_sr_bb hbond_lr_bb hbond_bb_sc hbond_sc dslf_fa13 rama omega fa_dun p_aa_pp yhh_planarity ref 
ddG: G30A    -1.282     4.881     0.144    -6.144     0.016     2.635    -0.009    -1.280     0.223     0.077     1.237     0.000    -0.159     0.317    -3.337    -0.428     0.000     0.545 

ddG: G30C    -0.813     6.320     0.051    -8.258     0.014     3.094    -0.006    -0.246    -0.055     0.043     1.586     0.000    -0.035     0.404    -3.394    -0.588     0.000     0.258 

ddG: G30D     0.906     2.918     0.726    -1.295     0.019     2.747    -0.009    -1.812     0.275     0.072     1.208     0.000    -0.230     0.522    -1.124    -1.391    -0.001    -1.720 

ddG: G30E    -1.770    -1.163    -0.165     0.563     0.013     0.330    -0.004    -1.017     0.143     0.016     0.061     0.000    -0.253     0.265     1.875    -0.391     0.000    -2.041 

ddG: G30F    -2.513    -3.613    -0.046     0.061     0.035     0.197    -0.005    -0.467    -0.105     0.059     0.066     0.000    -0.372     0.290     1.283    -0.247    -0.001     0.349 

ddG: G30G     0.262     6.913    -0.027    -7.803     0.004     2.870    -0.009    -0.234    -0.039    -0.012     1.556     0.000     0.274     0.269    -3.478    -0.021     0.000     0.000 

ddG: G30H    -1.857     0.124    -0.071    -2.964     0.012     2.561    -0.010    -1.790     0.282    -0.012     1.628     0.000    -0.417     0.584    -1.169    -0.876     0.000     0.261 

ddG: G30H    -2.563    -3.930     0.056     1.966     0.009     0.360    -0.006    -1.613     0.299     0.039     0.065     0.000    -0.630     0.387     1.051    -0.875    -0.001     0.261 

ddG: G30I    -2.008    -1.940     0.803    -0.520     0.020     0.735    -0.006    -1.129     0.363     0.013     0.021     0.000    -0.344     0.369    -0.545    -0.681    -0.001     0.833 

ddG: G30K    -2.913    -0.964     0.021    -0.501     0.011     0.342    -0.004    -1.299     0.156     0.023     0.051     0.000    -0.341     0.212     0.407    -0.511     0.000    -0.516 

ddG: G30L    -2.390     5.449    -0.210    -8.294     0.019     3.324    -0.010    -1.280     0.166     0.011     1.624     0.000    -0.068     0.609    -3.980    -0.307     0.000     0.556 

ddG: G30M    -1.252     2.270    -0.075    -4.426     0.022     3.039    -0.010    -0.525    -0.113     0.127     1.431     0.000    -0.118     0.519    -3.441     0.026     0.000     0.022 

ddG: G30N    -1.847     2.441     0.160    -4.363     0.013     2.966    -0.008    -1.266     0.070     0.022     1.594     0.000    -0.169     0.509    -1.664    -0.848     0.000    -1.304 

ddG: G30P     6.065     4.347     5.147    -6.935     0.013     2.880     0.627    -0.250     0.312     0.007     1.194     0.000    -0.130     1.148    -1.945     0.085    -0.002    -0.434 

ddG: G30Q    -1.715     1.769    -0.307    -4.191     0.016     2.691    -0.010    -0.997     0.108    -0.012     1.631     0.000    -0.211     0.562    -0.611    -0.564     0.000    -1.589 

ddG: G30R    -1.415     4.718    -0.094    -6.648     0.024     2.600    -0.008    -0.925    -0.033     0.022     1.591     0.000    -0.143     0.604    -2.372    -0.403     0.000    -0.349 

ddG: G30S    -1.934     1.363     0.055    -1.328     0.004     0.838     0.000    -1.156     0.165     0.052     0.055     0.000    -0.297     0.193    -1.254    -0.666     0.000     0.043 

ddG: G30T    -0.586     5.934    -0.081    -6.505     0.016     3.024    -0.009     0.042     0.055     0.074     1.234     0.000    -0.453     0.144    -3.553    -0.538     0.000     0.029 

ddG: G30V    -2.710     1.534     0.656    -3.641     0.017     1.119    -0.006    -1.140     0.245     0.067     0.023     0.000    -0.301     0.348    -1.873    -0.487    -0.001     0.728 

ddG: G30W    -2.903    -2.086    -0.019    -1.885     0.035     0.882    -0.004    -0.641     0.021     0.073     0.042     0.000    -0.275     0.331     0.223    -0.551     0.000     0.950 

ddG: G30Y    -3.226     3.420    -0.097    -7.542     0.039     3.045    -0.008    -1.495     0.182     0.014     1.616     0.000    -0.196     0.587    -2.242    -0.538     0.000    -0.011 

