ddG: description total fa_atr fa_rep fa_sol fa_intra_rep fa_elec pro_close hbond_sr_bb hbond_lr_bb hbond_bb_sc hbond_sc dslf_fa13 rama omega fa_dun p_aa_pp yhh_planarity ref 
ddG: N89A     1.811     4.582    -0.834    -5.404    -0.043     1.838     0.023    -1.079    -0.019     1.339     0.191    -0.040    -0.294    -0.425    -0.118     0.244     0.001     1.849 

ddG: N89C     1.638     2.760     0.252    -3.599    -0.014     1.137     0.020    -1.265     0.140     1.534     0.230    -0.016    -0.166    -0.114    -0.843     0.023    -0.002     1.563 

ddG: N89D     1.649     0.445    -0.318     1.093     0.029    -0.068    -0.006    -0.494    -0.153     0.671    -0.466    -0.020     0.442    -0.357     1.668    -0.390    -0.012    -0.415 

ddG: N89E     2.446     4.522    -0.234    -4.170    -0.053     0.836     0.017    -0.608    -0.005     1.232    -0.417    -0.062     0.223    -0.102     1.399     0.627    -0.023    -0.737 

ddG: N89F     2.349     2.876    -0.306    -4.402    -0.026     1.357     0.023    -1.158     0.175     1.405     0.229     0.057    -0.058    -0.091     0.318     0.295     0.001     1.654 

ddG: N89G     1.376     8.298    -0.492    -7.127    -0.055     0.911     0.022    -0.528    -0.001     1.013    -0.463    -0.048    -0.140     0.007    -1.233    -0.065    -0.026     1.304 

ddG: N89H     2.116     3.643    -0.629    -4.066    -0.059     0.522     0.002     0.077     0.046     0.693     0.100    -0.017     0.004    -0.327     0.144     0.420    -0.004     1.566 

ddG: N89H     1.617     3.584    -0.290    -4.698    -0.048     0.802     0.021    -1.206     0.135     1.236    -0.360    -0.057    -0.023    -0.043     0.720     0.299    -0.023     1.566 

ddG: N89I     2.152     1.870     0.600    -4.321    -0.012     1.197     0.008    -0.479     0.048     1.196     0.077     0.111     0.303    -0.098    -1.417     0.948    -0.016     2.137 

ddG: N89K     1.599     3.796    -0.306    -3.973    -0.046     1.216     0.022    -1.144     0.140     1.345     0.229    -0.027    -0.119    -0.075    -0.653     0.410    -0.007     0.789 

ddG: N89L     1.958     2.948    -1.330    -4.660    -0.036     1.293    -0.015     0.176    -0.223     1.134     0.010     0.047     0.300    -1.070     1.072     0.464    -0.013     1.861 

ddG: N89M     1.727     3.615    -0.453    -4.910    -0.055     1.704     0.022    -1.116     0.131     1.108     1.119    -0.062    -0.097     0.238    -1.090     0.266    -0.018     1.326 

ddG: N89N    -0.296    -0.012     0.177    -0.752     0.005     0.401     0.014    -1.276     0.115     0.778    -0.274    -0.037    -0.122     0.171     0.652    -0.139     0.004     0.000 

ddG: N89P     1.434     3.551     0.488    -5.012    -0.063     1.348     0.098    -0.618     0.047     1.922     1.040     0.075    -0.009     0.749    -2.275    -0.757    -0.022     0.871 

ddG: N89Q     1.757     3.719    -0.428    -4.222    -0.049     1.714     0.019    -1.068     0.135     1.353     0.155    -0.027    -0.112    -0.105     0.589     0.393    -0.024    -0.284 

ddG: N89R     2.295     3.632    -0.478    -3.055    -0.052     0.432     0.003     0.070     0.033     0.732     0.094    -0.015     0.023    -0.188    -0.244     0.361    -0.008     0.955 

ddG: N89S     0.185     4.310    -0.281    -3.416    -0.051     0.598     0.021    -1.063     0.111     0.339     0.145    -0.022    -0.240     0.150    -1.325    -0.439     0.002     1.348 

ddG: N89T     0.209     3.465    -1.122    -2.443    -0.047     0.350     0.003     0.182    -0.120    -0.210     0.055    -0.029    -0.347    -0.670    -0.299     0.139    -0.032     1.333 

ddG: N89V     1.425     3.588     0.025    -4.821    -0.043     0.459     0.000    -0.049     0.056     1.015    -0.493    -0.053     0.464    -0.300    -1.355     0.916    -0.016     2.032 

ddG: N89W     2.209     2.414    -0.669    -4.335    -0.024     1.100     0.020    -0.584    -0.165     1.274    -0.527    -0.077     0.082    -0.488     1.573     0.376    -0.016     2.255 

ddG: N89Y     1.279     2.998    -0.056    -4.600    -0.025     0.694     0.022    -1.287     0.136     1.457    -0.285    -0.065    -0.007    -0.052     0.694     0.379    -0.017     1.294 

