ddG: description total fa_atr fa_rep fa_sol fa_intra_rep fa_elec pro_close hbond_sr_bb hbond_lr_bb hbond_bb_sc hbond_sc dslf_fa13 rama omega fa_dun p_aa_pp yhh_planarity ref 
ddG: S20A     0.204     0.059     0.137    -0.607     0.003     0.214     0.006     0.011     0.005    -0.121    -0.065     0.000     0.029     0.005    -0.086     0.113     0.000     0.502 

ddG: S20C     1.498     0.046    -1.235     0.049    -0.003     0.271    -0.010    -0.010     0.102    -0.316    -0.226     0.000    -0.209     0.081     2.565     0.165     0.015     0.215 

ddG: S20D     1.270    -0.682     0.993     2.280    -0.019    -1.698     0.004     0.580    -0.026     0.556    -3.214     0.000    -0.323     0.353     4.098     0.122     0.007    -1.763 

ddG: S20E     2.865     0.924    -0.566    -1.241     0.005     2.780     0.015     0.221     0.111     2.053    -0.580     0.000    -0.299     0.610     0.978    -0.067     0.006    -2.085 

ddG: S20F     1.687    -1.386    -1.253    -0.055     0.024     0.272    -0.048     0.094     0.098    -0.347    -0.218     0.000    -0.099    -0.069     4.046     0.306     0.015     0.306 

ddG: S20G     1.983    -0.609     0.454     0.407     0.004     1.562     0.006    -0.155     0.256    -0.182    -0.016     0.000     0.294     0.203    -0.591     0.378     0.014    -0.043 

ddG: S20H     1.710    -1.752     1.061     2.296    -0.027    -1.615    -0.046     0.708    -0.057     0.531    -3.182     0.000    -0.201     0.315     3.333     0.133    -0.006     0.218 

ddG: S20H     0.828    -1.484     0.062     0.764    -0.001     0.145    -0.043     0.151    -0.007    -0.055     0.043     0.000     0.122    -0.143     0.950     0.106     0.000     0.218 

ddG: S20I    -0.041    -2.974     2.028     0.389     0.012    -0.652    -0.050    -0.087     0.262    -0.516    -2.825     0.000     0.091     0.517     2.463     0.504     0.008     0.789 

ddG: S20K     0.511    -0.985     0.153     0.904     0.002     0.549     0.002     0.042    -0.023    -0.128    -0.034     0.000     0.053    -0.078     0.409     0.189     0.013    -0.559 

ddG: S20L     1.706    -0.485    -0.700    -0.566     0.005     2.204    -0.008     0.247     0.098     1.049    -0.486     0.000    -0.218     0.599    -0.420    -0.131     0.006     0.513 

ddG: S20M     1.541    -0.114    -0.753     0.114     0.002     0.788     0.003     0.473    -0.077     0.964    -0.522     0.000    -0.137     0.327     0.489     0.012    -0.005    -0.022 

ddG: S20N     0.282    -1.551     0.246     0.077     0.012     1.417    -0.009    -0.154     0.206    -0.106    -0.023     0.000    -0.012     0.336     1.232    -0.051     0.010    -1.348 

ddG: S20P     2.512    -1.794     1.231    -0.493    -0.001     0.134     0.784     0.216     0.121    -0.276    -0.214     0.000     0.322    -0.072     2.331     0.686     0.015    -0.477 

ddG: S20Q    -0.871    -1.438     1.893     0.819    -0.010    -1.876    -0.025     0.143     0.052    -0.558    -2.748     0.000    -0.146     0.026     4.412     0.221    -0.002    -1.632 

ddG: S20R     3.259    -2.494     2.294     2.657     0.001    -0.886    -0.018     0.101     0.272     1.027    -2.643     0.000    -0.049     0.052     3.453    -0.124     0.011    -0.392 

ddG: S20S    -0.411    -0.367     1.851     0.701    -0.017    -2.060    -0.009     0.066     0.050    -0.378    -2.797     0.000    -0.171     0.107     2.470     0.131     0.012     0.000 

ddG: S20T    -0.036    -0.839     0.029     1.253     0.000    -0.018    -0.033     0.028    -0.004    -0.028     0.036     0.000     0.059    -0.041    -0.478     0.016     0.000    -0.015 

ddG: S20V    -0.233    -2.621     1.996     0.188     0.007    -0.708    -0.057    -0.075     0.260    -0.522    -2.825     0.000     0.159     0.499     2.326     0.448     0.009     0.685 

ddG: S20W    -0.060    -6.402     0.417     1.803     0.028     0.300    -0.019     0.136    -0.005    -0.170    -0.037     0.000     0.243    -0.120     2.635     0.211     0.014     0.907 

ddG: S20Y    -0.270    -2.655     1.959     1.593     0.009    -2.120    -0.054     0.235     0.043    -0.577    -2.707     0.000     0.059    -0.017     3.781     0.239    -0.002    -0.054 

