ddG: description total fa_atr fa_rep fa_sol fa_intra_rep fa_elec pro_close hbond_sr_bb hbond_lr_bb hbond_bb_sc hbond_sc dslf_fa13 rama omega fa_dun p_aa_pp yhh_planarity ref 
ddG: W110A     4.832    12.031    -0.945    -4.762    -0.032    -1.069     0.005     0.041    -0.072    -0.072     0.789     0.000     0.245     0.028    -0.782    -0.169     0.000    -0.405 

ddG: W110C     4.843     7.805    -0.936     0.526    -0.034    -3.199     0.013     0.309    -0.033    -0.017    -0.798     0.000     0.028    -0.003     1.610     0.262     0.000    -0.692 

ddG: W110D     3.064     9.487    -0.578     0.709    -0.035    -4.263     0.013     0.097    -0.039     0.026    -1.894     0.000     0.295    -0.354     2.288    -0.018     0.000    -2.670 

ddG: W110E     5.219    13.223    -0.752    -5.127    -0.020    -0.253     0.005    -0.079    -0.064    -0.051     0.801     0.000     0.333     0.068     0.416    -0.291     0.000    -2.992 

ddG: W110F     4.370     1.892    -0.726     3.290    -0.009    -1.954     0.013     0.100    -0.036    -0.024    -0.775     0.000     0.066     0.109     2.661     0.362     0.000    -0.601 

ddG: W110G     5.466    12.810    -1.020    -5.111    -0.033    -0.999     0.005     0.083    -0.071    -0.073     0.736     0.000     0.470     0.092    -0.812     0.340     0.000    -0.950 

ddG: W110H     4.746     2.898    -0.732     3.995    -0.027    -2.738     0.008     0.067    -0.038    -0.016    -0.761     0.000     0.237    -0.145     2.701    -0.015     0.000    -0.689 

ddG: W110H     4.713     2.880    -0.728     4.000    -0.028    -2.755     0.005     0.073    -0.059    -0.026    -0.761     0.000     0.232    -0.137     2.718    -0.012     0.000    -0.689 

ddG: W110I     5.204     7.450    -0.060    -1.347    -0.002    -1.864     0.007     0.345    -0.052    -0.056     0.455     0.000     0.282    -0.099     0.356    -0.095     0.000    -0.118 

ddG: W110K     3.112     8.342    -0.806     0.823    -0.017    -3.003     0.007    -1.229     0.149    -0.047     0.399     0.000     0.039     0.206     0.119    -0.405     0.000    -1.466 

ddG: W110L     3.638     5.500    -0.643     1.793    -0.023    -3.440     0.008     0.131    -0.067    -0.046    -0.786     0.000     0.286    -0.172     1.635    -0.146     0.000    -0.394 

ddG: W110M     4.694    12.766    -1.040    -6.189    -0.029     0.945     0.005    -0.058    -0.073    -0.025     0.742     0.000     0.242     0.362    -2.052     0.026     0.000    -0.928 

ddG: W110N     4.260     6.820    -0.774     1.535    -0.031    -3.470     0.010     0.204    -0.049    -0.026    -0.804     0.000     0.353    -0.174     2.912     0.011     0.000    -2.255 

ddG: W110P     2.664    13.974    -0.622    -7.670    -0.031    -0.353     0.026     0.057    -0.071    -0.050     0.721     0.000     0.294     0.177    -1.853    -0.553     0.000    -1.384 

ddG: W110Q     4.531    11.265    -0.740    -3.894    -0.022    -0.818     0.006    -0.011    -0.058    -0.046     0.797     0.000     0.537    -0.016     0.253    -0.185     0.000    -2.539 

ddG: W110R     4.402     4.509    -0.721     5.518    -0.025    -4.400     0.015    -0.046    -0.031    -0.014    -1.093     0.000     0.168    -0.281     2.152    -0.049     0.000    -1.299 

ddG: W110S     5.614    15.152    -0.968    -7.076    -0.036     0.929     0.009    -0.011    -0.064    -0.002     0.731     0.000     0.302    -0.033    -2.457     0.044     0.000    -0.907 

ddG: W110T     5.266    11.364    -0.974    -3.658    -0.020     0.160     0.009     0.003    -0.069    -0.029     0.789     0.000     0.400    -0.190    -1.634     0.036     0.000    -0.921 

ddG: W110V     4.501    13.541    -0.946    -6.800    -0.003    -0.423     0.005     0.002    -0.063    -0.051     0.730     0.000     0.275     0.255    -1.820     0.022     0.000    -0.222 

ddG: W110W     0.070    -2.082    -0.305     1.444    -0.007    -0.246     0.002    -0.199    -0.062    -0.084     0.376     0.000     0.140     0.107     0.960     0.024     0.000     0.000 

ddG: W110Y     6.134     7.432    -0.715    -1.403    -0.008    -0.521     0.007     0.156    -0.031    -0.043     0.039     0.000     0.154    -0.081     1.812     0.002     0.295    -0.961 

