ddG: description total fa_atr fa_rep fa_sol fa_intra_rep fa_elec pro_close hbond_sr_bb hbond_lr_bb hbond_bb_sc hbond_sc dslf_fa13 rama omega fa_dun p_aa_pp yhh_planarity ref 
ddG: D118A     1.982     9.020     0.232   -12.882    -0.003     5.073    -0.006    -0.315    -0.024    -0.076     3.450     0.000     0.105     0.110    -4.829    -0.138     0.000     2.265 

ddG: D118C     2.261     7.818     0.203   -11.558    -0.003     4.924    -0.006    -0.294    -0.036    -0.091     3.448     0.000     0.228     0.111    -4.697     0.234     0.000     1.978 

ddG: D118D     0.697     6.128     0.154    -6.406     0.009     2.528    -0.005     0.046     0.017     0.045     1.174     0.000     0.034     0.085    -3.129     0.018     0.000     0.000 

ddG: D118E     1.752     4.956    -0.186    -7.621     0.004     3.971    -0.007    -0.149    -0.041    -0.131     2.126     0.000     0.133     0.172    -1.024    -0.130     0.000    -0.322 

ddG: D118F     1.582     4.138     0.607   -11.387     0.025     5.218    -0.007    -0.390    -0.032    -0.073     3.445     0.000     0.243     0.068    -2.528     0.184     0.000     2.069 

ddG: D118G     2.703     6.864     0.313    -8.446    -0.007     2.695     0.000    -0.130     0.007    -0.046     1.864     0.000     0.267    -0.097    -2.671     0.371     0.000     1.720 

ddG: D118H     0.738     3.646     0.790    -8.780     0.009     3.805    -0.008     0.056     0.049     0.219     2.091     0.000     0.014    -0.005    -3.149     0.019     0.000     1.981 

ddG: D118H     0.419     2.313     0.831    -8.195     0.000     3.742    -0.008    -0.183     0.005     0.164     2.513     0.000     0.166     0.134    -3.074     0.029     0.000     1.981 

ddG: D118I     1.534     4.579     0.532   -11.045     0.029     5.068    -0.005    -0.355    -0.028    -0.089     3.445     0.000     0.314     0.091    -3.669     0.113     0.000     2.553 

ddG: D118K     1.160     3.307     0.491    -6.503     0.000     2.681    -0.002    -0.240     0.024    -0.028     1.880     0.000    -0.098    -0.053    -1.461    -0.041     0.000     1.204 

ddG: D118L     0.599     4.974     0.229   -10.826     0.003     5.222    -0.006    -0.215    -0.034    -0.075     3.445     0.000     0.244     0.184    -4.720    -0.103     0.000     2.276 

ddG: D118M     0.165     0.652     0.431    -5.254    -0.002     2.787     0.000    -0.086     0.014    -0.019     1.859     0.000     0.045    -0.075    -1.787    -0.140     0.000     1.742 

ddG: D118N     0.750     5.144     0.111    -8.913    -0.001     4.385    -0.004    -0.232    -0.022    -0.013     2.724     0.000     0.305     0.160    -3.388     0.079     0.000     0.415 

ddG: D118P    20.766     6.580    10.542   -12.313     0.014     5.954     0.849     1.424     0.185     0.025     3.596     0.000     0.611     2.203     0.238    -0.429     0.000     1.286 

ddG: D118Q     2.180     7.039     0.218   -10.767     0.009     5.313    -0.007    -0.091     0.023    -0.019     3.038     0.000    -0.025    -0.022    -2.523    -0.137     0.000     0.131 

ddG: D118R     4.137     2.745     0.039    -5.804     0.006     5.197    -0.002    -0.069    -0.019    -0.071     3.428     0.000     0.139     0.250    -2.977    -0.096     0.000     1.371 

ddG: D118S     3.561     7.775    -0.221   -10.062     0.002     4.354    -0.004    -0.083    -0.028    -0.099     3.424     0.000     0.161     0.174    -3.588    -0.009     0.000     1.763 

ddG: D118T     2.686     1.985     0.124    -3.941     0.001     2.206     0.000     0.087     0.002    -0.051     1.818     0.000     0.096    -0.023    -1.466     0.097     0.000     1.749 

ddG: D118V     0.601     2.394     0.646    -6.655     0.016     2.685    -0.001    -0.246     0.006    -0.044     1.867     0.000     0.077    -0.101    -2.542     0.051     0.000     2.448 

ddG: D118W     0.276     2.070    -0.048    -9.835     0.033     3.408    -0.007    -0.362    -0.050    -0.074     2.800     0.000     0.223     0.095    -0.765     0.117     0.000     2.670 

ddG: D118Y     0.646    -0.305     0.751    -5.712     0.022     2.950     0.000    -0.260     0.018    -0.022     1.859     0.000     0.026    -0.132    -0.422     0.163     0.000     1.709 

