ddG: description total fa_atr fa_rep fa_sol fa_intra_rep fa_elec pro_close hbond_sr_bb hbond_lr_bb hbond_bb_sc hbond_sc dslf_fa13 rama omega fa_dun p_aa_pp yhh_planarity ref 
ddG: A36A     0.131     6.938    -0.021    -7.803     0.005     2.721    -0.004    -0.240    -0.026    -0.027     1.554     0.000     0.275     0.293    -3.507    -0.027     0.000     0.000 

ddG: A36C     2.918    -2.111     1.764     3.186     0.007    -0.267     0.035     0.131     0.320     0.000     0.070     0.000    -0.675    -0.093     1.067    -0.222    -0.008    -0.287 

ddG: A36D    12.392    -2.992     2.558     8.385     0.056     2.165     0.056    -0.024     0.554     0.031     1.532     0.000    -0.297     0.422     2.511    -0.302     0.000    -2.265 

ddG: A36E    15.071    -0.785     5.327     2.717     0.013     3.797    -0.006    -0.136     0.306     0.298     1.629     0.000     0.571     0.940     2.721     0.270    -0.003    -2.586 

ddG: A36F     9.563   -10.931    10.396    -2.074     0.131     2.345     0.054    -0.071     0.411     0.784     1.770     0.000     0.247     1.314     5.325     0.065    -0.008    -0.196 

ddG: A36G     1.089    10.591    -0.791    -8.353     0.002     2.784    -0.001    -0.163     0.084    -0.032     1.453     0.000    -0.177     0.120    -3.783    -0.093    -0.008    -0.545 

ddG: A36H     9.449    -9.991     6.068     4.272     0.034     2.143     0.055    -0.027     0.416     0.324     1.695     0.000    -0.132     0.514     4.350     0.018    -0.008    -0.284 

ddG: A36H     8.491   -14.034     6.243     9.200     0.032    -0.322     0.060     0.151     0.439     0.350     0.142     0.000    -0.348     0.307     6.553     0.010    -0.008    -0.284 

ddG: A36I    12.614    -0.354     6.722    -4.304     0.371     2.952     0.022     0.050     0.174     0.149     1.108     0.000     0.432     0.809     2.923     1.281    -0.007     0.288 

ddG: A36K    12.904    -1.672     4.964     2.643     0.017     2.650    -0.014    -0.057    -0.061     0.287     1.221     0.000     0.401     0.631     2.188     0.675     0.091    -1.061 

ddG: A36L    12.922    -5.439     7.385     2.224     0.042     0.401     0.003    -0.091     0.911     1.455    -0.052     0.000     0.210     1.646     3.175     1.027     0.014     0.011 

ddG: A36M     7.610    -6.176     3.778     4.031     0.008     0.221    -0.013    -0.134     0.396     0.508    -0.012     0.000     0.048     0.751     4.479    -0.107     0.355    -0.523 

ddG: A36N    11.154    -1.381     3.929     3.036     0.332     2.329     0.028     0.194     0.708     0.123     1.228     0.000    -0.486     0.594     2.251     0.127    -0.008    -1.849 

ddG: A36P    20.591     2.879     6.764    -7.232     0.010     4.047     3.457    -0.281     1.799     0.006     1.394     0.000     1.785     2.552     4.233     0.165    -0.009    -0.979 

ddG: A36Q    11.910    -7.727     5.588     7.287     0.008     1.093    -0.004     0.026     0.160     0.328     0.021     0.000     0.138     0.745     5.637     0.711     0.033    -2.134 

ddG: A36R     9.730    -7.610     4.641     9.549     0.006     0.058    -0.011     0.173    -0.131    -0.219     0.238     0.000    -0.089     0.431     2.723     0.790     0.073    -0.894 

ddG: A36S     1.678     2.158    -0.131     0.315     0.009     1.918     0.004    -1.101     0.214     0.028     1.232     0.000    -0.570     0.044    -1.541    -0.398    -0.004    -0.502 

ddG: A36T     4.961    -0.423     4.103     1.902     0.018    -0.693     0.036     0.012     0.476     0.059     0.006     0.000    -0.177     0.320    -0.038    -0.116    -0.009    -0.516 

ddG: A36V     5.790     1.316     3.666    -4.453     0.027     2.829     0.020     0.146     0.404     0.187     1.180     0.000    -0.218     0.235    -0.322     0.547     0.042     0.183 

ddG: A36W    26.074   -11.363    20.990     2.516     0.077     0.760     0.052    -0.456     0.664     2.884     0.099     0.000     0.243     2.130     6.127     0.945     0.000     0.405 

ddG: A36Y    10.614    -9.454    11.175     0.042     0.066     1.976     0.017    -1.513     0.250     0.342     1.808     0.000     0.169     2.092     4.397    -0.277     0.078    -0.556 

