ddG: description total fa_atr fa_rep fa_sol fa_intra_rep fa_elec pro_close hbond_sr_bb hbond_lr_bb hbond_bb_sc hbond_sc dslf_fa13 rama omega fa_dun p_aa_pp yhh_planarity ref 
ddG: N24A     1.655     1.584    -0.050    -1.695    -0.001     0.449     0.003    -0.014    -0.006     0.010    -0.001     0.005     0.631    -0.164    -1.658     0.717    -0.003     1.849 

ddG: N24C     1.223    -0.357     0.042    -1.007     0.019     0.720     0.020    -1.176    -0.058     0.693    -1.384     0.079     0.341    -0.242     1.254     0.706     0.010     1.563 

ddG: N24D     2.303    -0.962     0.432     1.642     0.011     0.125     0.015    -0.593    -0.035     0.685    -0.950     0.120     0.304     0.043     1.380     0.457     0.043    -0.415 

ddG: N24E     0.940    -0.885    -0.451     0.678     0.016     0.609     0.019    -0.415    -0.258     0.098    -1.593    -0.009     0.462    -0.454     3.170     0.688     0.002    -0.737 

ddG: N24F     0.441    -2.586     0.748    -0.929     0.035     0.474     0.019    -0.675    -0.091     0.683    -1.558     0.012     1.013    -0.499     1.334     0.799     0.008     1.654 

ddG: N24G     0.169     4.634    -1.167    -4.461     0.019     1.119     0.013    -0.341    -0.323     0.862    -0.104     0.013     0.769    -0.100    -1.424    -0.647     0.004     1.304 

ddG: N24H    -0.222    -1.991     0.284     0.384     0.004    -0.330     0.006    -0.021    -0.027     0.158    -0.961     0.052     0.193    -0.368     0.677     0.139     0.014     1.566 

ddG: N24H    -0.139    -1.982     0.766    -0.271     0.008    -0.084     0.018    -0.734    -0.088     0.665    -1.551     0.009     0.353    -0.111     1.076     0.202     0.019     1.566 

ddG: N24I     2.319    -0.249     1.079    -2.249     0.073     1.390     0.032    -0.407    -0.156     0.715    -1.048     0.038     1.495    -0.647    -0.332     0.428     0.021     2.137 

ddG: N24K     0.679    -0.097     0.166    -0.339     0.004     0.630     0.006     0.016    -0.072     0.121    -0.963     0.041     0.677    -0.602     0.062     0.206     0.034     0.789 

ddG: N24L     1.564    -1.034     0.524    -0.767     0.024     0.911     0.024    -0.503    -0.135     0.723    -0.962     0.051     1.159    -0.557    -0.659     0.869     0.036     1.861 

ddG: N24M     0.640    -1.091     0.653    -0.664     0.013     0.758     0.021    -1.243     0.290     0.750    -1.375     0.010     0.749    -0.440     0.556     0.318     0.008     1.326 

ddG: N24N    -0.299    -0.701     0.137     0.463     0.005    -0.190     0.003     0.005    -0.001     0.121    -0.958     0.043     0.006    -0.297     0.889     0.169     0.006     0.000 

ddG: N24P    19.658    -0.509     5.900    -1.779     0.017     1.101     2.251    -0.201     0.143     0.583    -1.024     0.032     1.833     0.980    10.240    -0.783     0.003     0.871 

ddG: N24Q     1.809    -1.135     0.300     0.173     0.014     1.538     0.014    -0.605    -0.014     0.506    -0.077    -0.004     0.320     0.122     0.579     0.349     0.013    -0.284 

ddG: N24R     1.165    -0.610     0.211     0.383     0.012     0.140     0.007    -0.016    -0.042     0.119    -0.963     0.042     0.394    -0.429     0.350     0.585     0.025     0.955 

ddG: N24S     2.818     0.848     0.744    -1.170     0.013     1.473     0.020    -0.952     0.302     0.965    -1.307    -0.002     1.055    -0.749     0.145     0.072     0.012     1.348 

ddG: N24T     4.196    -0.276     0.971     0.520     0.017     1.103     0.015    -0.332     0.177     0.794    -1.888    -0.004     1.835    -0.812     0.400     0.325     0.019     1.333 

ddG: N24V     2.178    -1.051     1.078    -1.016     0.036     0.731     0.025    -1.268     0.127     0.767    -1.378     0.080     1.307    -0.378     0.107     0.964     0.015     2.032 

ddG: N24W    -0.547    -2.344     0.376    -2.849     0.035     1.235     0.030    -0.299    -0.008     0.636    -1.038     0.074     1.012    -0.701     0.888     0.119     0.031     2.255 

ddG: N24Y     0.396    -3.079     0.724    -0.103     0.038     0.508     0.020    -0.605    -0.089     0.742    -1.562     0.021     1.213    -0.622     1.303     0.577     0.015     1.294 

