ddG: description total fa_atr fa_rep fa_sol fa_intra_rep fa_elec pro_close hbond_sr_bb hbond_lr_bb hbond_bb_sc hbond_sc dslf_fa13 rama omega fa_dun p_aa_pp yhh_planarity ref 
ddG: V36A     3.091     3.980    -0.425     0.212    -0.018    -0.536    -0.002    -0.067     0.028    -0.072    -0.729     0.000     0.322    -0.004    -0.075     0.599     0.061    -0.183 

ddG: V36C     3.421     1.241    -0.136     3.308    -0.018     1.247    -0.003    -0.617     0.053    -1.491     0.048     0.000    -0.011    -0.072    -0.035     0.319     0.061    -0.470 

ddG: V36D     6.718    -0.005    -0.382     6.926    -0.009    -0.365     0.003    -0.004     0.034     0.034    -0.718     0.000     0.365     0.176     2.563     0.488     0.061    -2.448 

ddG: V36E     6.305    -2.559     0.122     7.706    -0.004     0.131    -0.002    -0.052    -0.036    -0.257    -0.746     0.000     0.159     0.281     3.800     0.495     0.037    -2.769 

ddG: V36F     0.049    -3.842     0.808     1.540     0.015    -0.434     0.000     0.013     0.050     0.035    -0.698     0.000    -0.027     0.532     2.298     0.078     0.062    -0.379 

ddG: V36G     4.944     6.544    -0.385     0.045    -0.021    -0.409    -0.002    -0.051     0.101    -0.326    -0.673     0.000     0.408    -0.005     0.053     0.347     0.045    -0.728 

ddG: V36H     2.505    -4.516     0.410     5.516    -0.016     1.056    -0.004    -0.640     0.155    -1.431     0.088     0.000     0.022     0.380     1.441     0.471     0.039    -0.467 

ddG: V36H     1.861    -3.345     0.137     4.121    -0.013    -0.320    -0.004    -0.049     0.117     0.001    -0.693     0.000     0.051     0.409     1.606     0.252     0.056    -0.467 

ddG: V36I     6.525    -1.717     2.433     1.944     0.003    -0.447     0.000    -0.141     0.286    -0.008    -0.775     0.000     0.193     0.466     3.959     0.157     0.067     0.105 

ddG: V36K     3.183    -2.959     0.856     6.181    -0.011     0.116     0.000    -0.536    -0.150    -2.068     0.133     0.000     0.092     0.307     1.903     0.514     0.046    -1.244 

ddG: V36L     2.979    -2.990     1.898     2.669    -0.007     1.221    -0.001    -0.511     0.133    -1.356     0.090     0.000     0.175     0.341     0.841     0.602     0.047    -0.172 

ddG: V36M     2.395    -1.150     0.698     2.280    -0.013    -0.183     0.001     0.053     0.088    -0.282    -0.668     0.000     0.111     0.121     1.721     0.293     0.031    -0.706 

ddG: V36N     3.113    -1.150    -0.269     5.313    -0.015    -0.748    -0.003    -0.067     0.071    -0.015    -0.716     0.000     0.222     0.007     2.049     0.406     0.060    -2.032 

ddG: V36P     5.136    -0.142     2.155     0.958    -0.018     0.166     0.916     0.002     1.669    -0.412    -0.441     0.000     0.375     0.616     0.472    -0.073     0.053    -1.162 

ddG: V36Q     4.175    -2.291     0.079     5.584    -0.010    -0.206     0.001    -0.070     0.000    -0.170    -0.664     0.000     0.236     0.516     3.346     0.098     0.044    -2.317 

ddG: V36R     3.985    -5.096     1.328     8.646    -0.012     0.638    -0.005    -0.633     0.167    -2.628     0.091     0.000     0.128     0.139     1.678     0.578     0.043    -1.077 

ddG: V36S     5.083     1.545    -0.065     4.776    -0.020     0.879    -0.003    -0.613     0.100    -1.725     0.099     0.000     0.176    -0.100     0.237     0.436     0.045    -0.685 

ddG: V36T     2.277     1.072    -0.146     3.331    -0.010    -0.380     0.001     0.028    -0.070    -0.243    -0.682     0.000    -0.038    -0.029     0.208    -0.114     0.049    -0.699 

ddG: V36V     0.410    -0.349    -0.111     0.947    -0.005     0.158    -0.002    -0.082     0.041    -0.010    -0.008     0.000     0.020     0.009    -0.208     0.012    -0.001     0.000 

ddG: V36W    -0.284    -8.687     1.201     4.233     0.009    -0.317     0.004    -0.080     0.200    -0.005    -0.698     0.000     0.155     0.524     2.752     0.145     0.058     0.222 

ddG: V36Y     0.881    -3.631     0.666     1.522     0.014     0.120     0.000     0.022     0.075     0.087     0.010     0.000    -0.023     0.504     2.280    -0.025    -0.003    -0.739 

