ddG: description total fa_atr fa_rep fa_sol fa_intra_rep fa_elec pro_close hbond_sr_bb hbond_lr_bb hbond_bb_sc hbond_sc dslf_fa13 rama omega fa_dun p_aa_pp yhh_planarity ref 
ddG: F5A     3.695    11.853    -0.958    -3.040    -0.032    -0.013     0.011     0.113    -0.001    -0.085    -1.048    -0.075    -0.097    -0.105    -2.636    -0.456     0.070     0.196 

ddG: F5C     4.352    10.299    -1.386    -1.845    -0.023    -0.048     0.021    -0.569    -0.009    -0.072    -1.485    -0.109    -0.073    -0.455     0.121     0.006     0.071    -0.091 

ddG: F5D     9.504     7.680    -0.913     4.060    -0.017     0.433    -0.002    -0.044    -0.203     0.049    -0.502    -0.137     0.026    -0.431     1.418     0.164    -0.008    -2.069 

ddG: F5E     6.252     6.703    -0.791     3.394    -0.019     0.329     0.010    -0.088    -0.015     0.043    -0.953    -0.062    -0.067    -0.030     0.259    -0.217     0.146    -2.391 

ddG: F5F    -0.460     0.702    -0.697     0.081    -0.006     0.195    -0.001     0.248    -0.010    -0.717     1.399    -0.084    -0.190     0.277    -1.428    -0.227     0.000     0.000 

ddG: F5G     5.652    13.427    -0.596    -3.587    -0.030     0.161     0.007    -0.040    -0.036     0.016    -0.989    -0.070     0.262    -0.118    -2.705     0.218     0.083    -0.349 

ddG: F5H     3.002     3.702    -0.504     1.429    -0.020     0.453     0.006    -0.474     0.145    -0.067     0.073    -0.084    -0.223     0.005    -1.205    -0.139    -0.008    -0.088 

ddG: F5H     2.616     3.148    -0.124     1.364    -0.022    -0.065    -0.003    -0.730     0.142     0.107    -0.336    -0.036    -0.025     0.060    -0.649    -0.103    -0.023    -0.088 

ddG: F5I     3.836     6.512     1.093    -0.766    -0.006    -0.459     0.008    -0.221     0.048    -0.147    -0.457    -0.058     0.250     0.048    -2.437    -0.063     0.007     0.483 

ddG: F5K     6.038     7.404    -1.209     2.568    -0.025    -0.361     0.018     0.081    -0.008    -0.058    -1.077    -0.061    -0.168    -0.089    -0.083    -0.148     0.116    -0.865 

ddG: F5L     2.382     6.323    -0.185    -1.031    -0.018    -0.008     0.003    -0.053    -0.034     0.069     0.063    -0.079     0.059    -0.148    -2.654    -0.137     0.006     0.207 

ddG: F5M     2.878     6.052    -0.759    -0.890    -0.021     0.151     0.010    -0.043    -0.028    -0.019    -1.038    -0.063    -0.005    -0.045    -0.054    -0.174     0.131    -0.328 

ddG: F5N     4.522     7.182    -0.864     2.003    -0.029    -0.656    -0.007     0.504     0.019    -0.571    -1.067    -0.065     0.101    -0.348    -0.200     0.109     0.064    -1.654 

ddG: F5P    10.349     9.561     3.632    -4.125    -0.027     0.606     0.141     2.447    -0.210    -0.083    -0.012    -0.127     1.117     0.331    -2.032    -0.138     0.049    -0.783 

ddG: F5Q     2.715     7.437    -0.663     0.689    -0.027    -1.359     0.015    -0.062    -0.002    -0.074    -2.882    -0.106     0.051    -0.058     1.709    -0.121     0.108    -1.938 

ddG: F5R     6.783     4.053     0.266     6.483    -0.014    -1.592    -0.011     0.474     0.009    -0.016    -1.071    -0.002     0.028    -0.088    -0.928    -0.058    -0.051    -0.698 

ddG: F5S     4.939    10.407    -0.619    -0.901    -0.028    -0.162     0.011    -0.657     0.115     0.099    -0.852    -0.068    -0.128    -0.079    -1.890    -0.093     0.089    -0.306 

ddG: F5T     5.941    10.252    -0.806     0.177    -0.023     0.203     0.015     0.006     0.035    -0.227    -0.140    -0.035     0.025     0.172    -3.347    -0.115     0.071    -0.321 

ddG: F5V     5.606     6.650     0.393    -1.239     0.026     0.514    -0.010    -0.141    -0.305     0.312    -0.429    -0.164     0.516    -0.746     0.078    -0.168    -0.058     0.379 

ddG: F5W    -1.793    -5.295    -0.402     3.515     0.004    -0.393     0.014    -0.281     0.038    -0.086    -1.592    -0.011    -0.029     0.059     2.086    -0.118     0.096     0.601 

ddG: F5Y     0.060    -1.235    -0.266     2.917     0.014    -0.686    -0.016     0.502     0.023    -0.717    -0.180    -0.130    -0.100     0.270     0.202    -0.250     0.071    -0.360 

