ddG: description total fa_atr fa_rep fa_sol fa_intra_rep fa_elec pro_close hbond_sr_bb hbond_lr_bb hbond_bb_sc hbond_sc dslf_fa13 rama omega fa_dun p_aa_pp yhh_planarity ref 
ddG: N79A     1.635     0.580     0.222    -0.797    -0.001     0.269    -0.004    -0.132    -0.038    -0.014     0.006    -0.082     0.532     0.028    -1.622     0.822     0.016     1.849 

ddG: N79C     0.971     0.674     0.114    -0.132    -0.004    -0.346    -0.016     0.445     0.039    -0.661    -0.028     0.006     0.413    -0.089    -1.626     0.624    -0.006     1.563 

ddG: N79D     1.237    -0.826    -0.442     1.049     0.007     0.127     0.000     0.031    -0.165    -0.055    -0.039    -0.011     0.081    -0.372     1.785     0.486    -0.002    -0.415 

ddG: N79E     2.085    -0.484    -0.008     0.845     0.010     0.827     0.005    -0.550     0.115     0.089     0.725    -0.044     0.095     0.088     0.582     0.512     0.014    -0.737 

ddG: N79F     1.740    -1.131     0.358     0.592     0.020    -0.327    -0.016     0.467     0.040    -0.657    -0.027     0.010     0.461    -0.043    -0.091     0.432     0.000     1.654 

ddG: N79G     0.044     1.673    -0.649    -0.911    -0.005     0.156    -0.011     0.992     0.034    -0.523     0.591    -0.038    -0.106    -0.133    -2.031    -0.308     0.007     1.304 

ddG: N79H     2.009    -0.663    -0.020     0.308     0.005     0.904     0.004    -0.574     0.105    -0.089     1.610    -0.078    -0.086     0.387    -1.314    -0.048    -0.007     1.566 

ddG: N79H     1.556    -0.955     0.285     0.254     0.003     0.015    -0.004    -0.100     0.004    -0.002     0.006     0.002     0.222     0.049    -0.173     0.358     0.025     1.566 

ddG: N79I     4.324    -0.262    -0.129     0.279     0.312    -0.162    -0.015     0.478     0.059    -0.519     0.077     0.001     1.113    -0.250    -1.047     2.255    -0.002     2.137 

ddG: N79K     1.085    -0.256    -0.149     0.673    -0.005     0.133    -0.011     0.588     0.034    -0.560     0.512     0.052     0.142    -0.063    -1.081     0.280     0.008     0.789 

ddG: N79L     1.998    -0.338     0.190    -0.091     0.001     0.352     0.000    -0.102    -0.004    -0.013    -0.001     0.002     0.593    -0.017    -1.410     0.974     0.003     1.861 

ddG: N79M     2.336     0.374    -0.070    -0.268    -0.003     0.780     0.007     0.095    -0.016    -0.072     0.517    -0.036     0.290    -0.012    -1.194     0.599     0.018     1.326 

ddG: N79N     0.748    -0.482     0.002     0.559     0.008     0.320     0.000     0.176    -0.055     0.076     0.593    -0.043    -0.082     0.133    -0.403    -0.067     0.014     0.000 

ddG: N79P    11.281     2.607     3.211    -2.253     0.015     2.397     0.157     0.180    -0.147    -0.118     0.708    -0.043     1.612     1.695     0.883    -0.497     0.005     0.871 

ddG: N79Q     0.939    -0.335     0.138    -0.084     0.005     0.555     0.001    -0.662     0.115     0.095     0.214    -0.084     0.034     0.076     0.728     0.420     0.009    -0.284 

ddG: N79R     1.953    -0.083    -0.258     0.757     0.001     0.199    -0.014     0.588     0.058    -0.519     0.594     0.043     0.138    -0.259    -0.734     0.480     0.008     0.955 

ddG: N79S     1.870     0.663     0.225    -0.312    -0.001     0.378     0.001    -0.101    -0.029     0.011    -0.001    -0.089     0.501     0.026    -1.431     0.691    -0.008     1.348 

ddG: N79T     3.713     0.044     0.315     0.331     0.039     0.418    -0.001    -0.103    -0.059     0.015    -0.004    -0.072     1.077     0.187    -1.046     1.245    -0.007     1.333 

ddG: N79V     4.583    -0.651     0.178     0.315     0.030     0.971     0.002     0.109    -0.008     0.038     0.596     0.033     0.998    -0.006    -1.528     1.447     0.025     2.032 

ddG: N79W     3.897    -3.385    -0.191     1.501     0.033     0.761     0.002     0.042    -0.213    -0.029    -0.046    -0.094     0.428    -0.204     2.132     0.920    -0.015     2.255 

ddG: N79Y     1.810    -1.076    -0.191     0.797     0.022     0.076    -0.013     0.656     0.033    -0.486     0.597    -0.048     0.202    -0.225    -0.372     0.546    -0.002     1.294 

