ddG: description total fa_atr fa_rep fa_sol fa_intra_rep fa_elec pro_close hbond_sr_bb hbond_lr_bb hbond_bb_sc hbond_sc dslf_fa13 rama omega fa_dun p_aa_pp yhh_planarity ref 
ddG: I13A     3.429     5.390    -0.202    -1.100    -0.015    -0.141    -0.077     0.320     0.057     0.141     0.113     0.005    -0.045    -0.576    -0.091    -0.065     0.005    -0.288 

ddG: I13C     4.353     3.579    -0.073     0.411    -0.015     0.677    -0.049    -0.111    -0.015     0.672     0.559     0.034    -0.290    -0.319     0.211    -0.349     0.004    -0.574 

ddG: I13D     3.169     1.507     0.064     4.560    -0.003    -1.587     0.009    -0.185    -0.005     0.661    -0.542     0.002    -0.166    -0.246     1.885    -0.240     0.008    -2.553 

ddG: I13E     4.773     1.052    -0.076     3.609    -0.009    -0.404    -0.056    -0.100    -0.008     0.672    -0.064     0.036    -0.063    -0.269     3.340    -0.037     0.022    -2.874 

ddG: I13F     2.817    -0.320     0.029     0.669     0.038    -0.099    -0.083    -0.156     0.028     0.088     0.029     0.010    -0.321    -0.037     3.833    -0.420     0.011    -0.483 

ddG: I13G     5.993     6.988     0.036    -1.729    -0.017     0.515    -0.070    -0.242     0.031     0.758     0.070     0.084     0.504    -0.331     0.087     0.142     0.000    -0.833 

ddG: I13H     3.067    -0.332     0.107     2.340    -0.012    -0.464    -0.096     0.264     0.056     0.106     0.110     0.010    -0.371    -0.394     3.005    -0.691    -0.002    -0.571 

ddG: I13H     3.171    -0.728     0.272     2.124     0.000     0.043    -0.081    -0.902     0.178     0.647     0.166     0.088    -0.477    -0.075     3.342    -0.842    -0.012    -0.571 

ddG: I13I     0.197    -0.661     0.589    -0.174     0.002    -0.152     0.002    -0.240     0.001     0.828    -1.370     0.001     0.064    -0.431     1.476     0.252     0.012     0.000 

ddG: I13K     5.847     1.785    -0.116     3.320    -0.019     0.762    -0.036    -0.132     0.056     0.563     0.041     0.093    -0.086    -0.336     1.399    -0.114     0.015    -1.348 

ddG: I13L     1.357     0.478     0.592    -0.387    -0.009     0.418    -0.051    -0.155    -0.005     0.638     0.036    -0.010     0.029    -0.306     0.301     0.045     0.016    -0.276 

ddG: I13M     1.506     0.136     0.458     0.741    -0.009     0.462    -0.069    -0.280    -0.003     0.589     0.040     0.000    -0.123    -0.268     1.008    -0.392     0.027    -0.811 

ddG: I13N     2.239     1.356     0.106     2.490    -0.008    -0.522    -0.024    -0.224    -0.006     0.664    -0.463     0.004    -0.275    -0.279     2.012    -0.461     0.004    -2.137 

ddG: I13P    30.598     4.368     5.548    -1.996     0.099     0.414     4.107     2.666     0.095     1.026    -1.314     0.003     1.971     2.557    10.149     2.167     0.004    -1.266 

ddG: I13Q     2.557    -1.874    -0.406     4.029    -0.014     0.298    -0.090     0.425    -0.110     0.082     0.070    -0.011    -0.211    -0.849     3.961    -0.317    -0.005    -2.421 

ddG: I13R     6.272    -1.578     0.172     5.877     0.002     1.151    -0.055    -0.641     0.174     0.685     0.690     0.125    -0.446    -0.222     1.872    -0.374     0.023    -1.182 

ddG: I13S     5.845     5.443     0.618    -0.294    -0.015     0.580    -0.087     0.325     0.020     0.038    -0.705     0.014     0.176    -0.391     0.943    -0.046     0.016    -0.789 

ddG: I13T     2.952     2.820     0.160     2.343    -0.018    -0.626    -0.087     0.309     0.095     0.119    -1.229     0.090    -0.057    -0.480     0.321    -0.013     0.009    -0.804 

ddG: I13V     2.870     2.143     0.366    -0.347    -0.005     0.494    -0.024    -0.142    -0.003     0.649     0.036    -0.004    -0.076    -0.172     0.058    -0.002     0.005    -0.105 

ddG: I13W     1.705    -5.548     0.442     2.988     0.038     1.158    -0.055    -0.531    -0.022     0.594     0.663     0.025    -0.528    -0.764     3.593    -0.491     0.026     0.118 

ddG: I13Y     3.488    -1.084    -0.053     1.742     0.038     0.168    -0.099     0.390     0.088     0.078     0.547     0.134    -0.253    -0.344     3.214    -0.246     0.012    -0.844 

