ddG: description total fa_atr fa_rep fa_sol fa_intra_rep fa_elec pro_close hbond_sr_bb hbond_lr_bb hbond_bb_sc hbond_sc dslf_fa13 rama omega fa_dun p_aa_pp yhh_planarity ref 
ddG: G74A    -1.689    -1.245    -0.043    -0.706     0.004    -0.085     0.000    -0.098     0.017     0.236     0.037     0.002    -0.218     0.015     0.129    -0.310     0.031     0.545 

ddG: G74C    -0.118    -1.837     0.335     0.508     0.004    -0.158     0.001    -0.093    -0.068     0.211     0.052     0.000    -0.064     0.006     0.755    -0.025    -0.004     0.258 

ddG: G74D     2.177    -9.672    -0.137    10.888     0.001     0.235     0.007    -0.013     0.132    -0.025    -0.998    -0.001    -0.195    -0.269     4.247    -0.338     0.036    -1.720 

ddG: G74E    -0.271    -3.476     0.079     2.048     0.019    -0.145    -0.004    -0.146     0.015     0.266    -0.067     0.001    -0.012     0.124     3.237    -0.186     0.017    -2.041 

ddG: G74F    -1.549    -5.240     0.319     0.211     0.038    -0.186     0.003    -0.173     0.033     0.292    -0.050    -0.002     0.011    -0.031     2.658     0.209     0.011     0.349 

ddG: G74G    -0.067     0.380    -0.127    -0.284     0.000     0.020    -0.001    -0.008     0.013    -0.054    -0.011     0.000     0.010     0.004    -0.011    -0.012     0.013     0.000 

ddG: G74H    -0.590    -4.421     0.095     0.887     0.010    -0.095    -0.001    -0.114     0.028     0.206     0.023     0.000    -0.111     0.022     2.589     0.010     0.019     0.261 

ddG: G74H    -0.583    -4.714     0.228     1.105     0.011    -0.107    -0.001    -0.105     0.011     0.226     0.028     0.000    -0.107    -0.024     2.572     0.025     0.008     0.261 

ddG: G74I     0.001    -3.448     0.831    -0.345     0.035    -0.529     0.004    -0.150     0.121     0.300     0.065    -0.001    -0.019     0.337     1.818     0.027     0.122     0.833 

ddG: G74K    -2.157    -4.616     0.035     1.603     0.013    -0.292     0.000    -0.119     0.016     0.248     0.044     0.000    -0.035     0.135     1.415    -0.168     0.081    -0.516 

ddG: G74L    -2.554    -4.156     0.153    -0.075     0.016    -0.139    -0.004    -0.151     0.010     0.333    -0.108     0.001     0.150     0.056     0.830    -0.040     0.012     0.556 

ddG: G74M    -1.933    -3.827    -0.037     0.150     0.013    -0.135    -0.001    -0.037     0.024     0.192     0.036     0.000    -0.062     0.056     1.875    -0.233     0.030     0.022 

ddG: G74N    -0.102    -3.698    -0.070     1.759     0.012    -0.055    -0.001    -0.061     0.023     0.152     0.059     0.000    -0.055     0.048     3.182    -0.123     0.032    -1.304 

ddG: G74P    -0.795    -0.590    -0.183    -2.515     0.021     1.460     0.050     1.296     0.065    -0.160     1.081     0.003     0.179    -0.531     0.775    -1.246    -0.068    -0.434 

ddG: G74Q    -1.543    -3.561    -0.042     0.940     0.016     0.116    -0.003    -0.061     0.009     0.231     0.064    -0.001    -0.131     0.026     2.640    -0.217     0.020    -1.589 

ddG: G74R    -0.841    -5.226     0.058     2.541     0.019    -0.189     0.000    -0.129     0.004     0.221     0.035     0.000     0.007     0.103     2.234    -0.219     0.049    -0.349 

ddG: G74S     0.178    -2.001     0.122     1.945     0.013    -0.450     0.002     0.006     0.078     0.244     0.108    -0.001    -0.346     0.268     0.599    -0.550     0.098     0.043 

ddG: G74T    -0.778    -2.898     0.043     1.902     0.028    -0.493    -0.002    -0.165     0.102    -0.261    -0.104     0.001     0.248     0.186     0.414     0.230    -0.039     0.029 

ddG: G74V    -1.422    -3.865     0.942    -0.138     0.038    -0.201     0.001    -0.074    -0.101     0.271     0.048    -0.001     0.135     0.177     0.675    -0.057     0.000     0.728 

ddG: G74W    -0.076    -6.854     0.562     0.944     0.046     0.013     0.002    -0.098     0.058     0.343     0.010     0.000    -0.260     0.041     4.146    -0.004     0.026     0.950 

ddG: G74Y    -1.926    -5.213     0.249     0.250     0.037    -0.199     0.001    -0.142     0.029     0.272    -0.042     0.000    -0.048     0.008     2.733     0.132     0.018    -0.011 

