ddG: description total fa_atr fa_rep fa_sol fa_intra_rep fa_elec pro_close hbond_sr_bb hbond_lr_bb hbond_bb_sc hbond_sc dslf_fa13 rama omega fa_dun p_aa_pp yhh_planarity ref 
ddG: K46A     0.936     0.774     0.029    -0.485    -0.005     0.356    -0.006    -0.009    -0.017     0.023     0.016     0.000     0.036    -0.118    -0.849     0.133    -0.004     1.061 

ddG: K46C     0.527     0.748    -0.127    -0.295    -0.005     0.316    -0.006    -0.030    -0.013    -0.017     0.053    -0.001    -0.049    -0.020    -0.690    -0.117     0.007     0.774 

ddG: K46D     0.713    -0.365     0.132     1.611     0.008     0.608    -0.009    -0.038    -0.035     0.036    -0.111     0.001     0.114     0.223     0.382    -0.612    -0.028    -1.204 

ddG: K46E     0.547     0.455    -0.110     0.180     0.002     0.064    -0.007    -0.016    -0.005    -0.056    -0.038    -0.001     0.030    -0.018     1.550     0.038     0.006    -1.526 

ddG: K46F     0.535    -2.103    -0.018     0.592     0.025     0.196     0.001     0.007    -0.001     0.045    -0.009    -0.001     0.016     0.002     0.890     0.036    -0.007     0.865 

ddG: K46G     1.727     1.480     0.087    -0.739    -0.006     0.333    -0.002    -0.032    -0.018    -0.015    -0.065     0.001     0.609    -0.110    -0.909     0.619    -0.021     0.516 

ddG: K46H     0.819    -1.813     0.008     0.866     0.003     0.334    -0.001    -0.006    -0.006    -0.026    -0.009     0.000     0.038    -0.016     0.699    -0.026    -0.004     0.777 

ddG: K46H     0.762    -1.799     0.000     0.879     0.003     0.354    -0.003    -0.011    -0.016    -0.024    -0.070    -0.001     0.047    -0.034     0.662    -0.001    -0.001     0.777 

ddG: K46I    -0.495    -0.620     0.087    -0.092     0.014     0.053    -0.007    -0.029     0.004    -0.085    -0.084     0.000     0.008    -0.055    -0.762    -0.275    -0.001     1.348 

ddG: K46K    -0.068    -0.014     0.009     0.007     0.000     0.010    -0.001    -0.004    -0.003    -0.029    -0.052    -0.001     0.008    -0.017    -0.004     0.022     0.001     0.000 

ddG: K46L     0.131    -0.625    -0.059     0.186     0.003     0.345    -0.008    -0.034    -0.005     0.048    -0.039     0.000     0.073    -0.027    -0.718    -0.087     0.006     1.072 

ddG: K46M     0.952     0.171    -0.004    -0.304     0.000     0.062    -0.003     0.004    -0.005     0.000    -0.002     0.000     0.039     0.057     0.469    -0.069     0.000     0.537 

ddG: K46N     0.481    -0.117    -0.096     0.611     0.008     0.663    -0.010    -0.035    -0.028     0.090     0.046    -0.001     0.077     0.192     0.390    -0.514    -0.006    -0.789 

ddG: K46P    -1.816    -0.793     0.486    -0.559    -0.004     0.060    -0.012    -0.026    -0.007    -0.033    -0.061     0.000     0.228    -0.098    -0.669    -0.400    -0.009     0.082 

ddG: K46Q    -1.562    -2.390    -0.044     2.363     0.002    -0.816     0.005     0.033    -0.004    -0.526    -0.320     0.000     0.425     0.044     1.043    -0.299    -0.005    -1.073 

ddG: K46R     1.006     0.050     0.016     0.144     0.006    -0.080    -0.002    -0.003    -0.001     0.004    -0.006     0.000     0.097     0.090     0.539    -0.014     0.000     0.167 

ddG: K46S     0.616     0.830     0.014    -0.152     0.005    -0.272    -0.004     0.005    -0.019    -0.010     0.013    -0.001     0.147    -0.028    -0.617     0.150    -0.004     0.559 

ddG: K46T     0.543     0.136     0.006     0.673     0.003    -0.054    -0.002     0.007    -0.008    -0.031    -0.037     0.000     0.085    -0.041    -0.802     0.066    -0.003     0.544 

ddG: K46V    -0.583    -0.248     0.074    -0.326     0.011     0.087    -0.003    -0.041     0.001    -0.084    -0.091    -0.001     0.065    -0.009    -0.959    -0.305     0.003     1.244 

ddG: K46W    -0.776    -5.709    -0.172     2.347     0.025     0.430    -0.016    -0.044    -0.023     0.055    -0.141    -0.001     0.305     0.100     0.767    -0.157    -0.008     1.466 

ddG: K46Y     0.082    -2.142    -0.011     0.757     0.025     0.186    -0.007     0.007    -0.005    -0.014    -0.030    -0.001    -0.003    -0.035     0.820     0.033    -0.003     0.505 

