ddG: description total fa_atr fa_rep fa_sol fa_intra_rep fa_elec pro_close hbond_sr_bb hbond_lr_bb hbond_bb_sc hbond_sc dslf_fa13 rama omega fa_dun p_aa_pp yhh_planarity ref 
ddG: K96A     0.250     1.018     0.041    -1.087    -0.003     0.172     0.000     0.006     0.030    -0.001    -0.007     0.000    -0.056    -0.068    -0.852    -0.004     0.000     1.061 

ddG: K96C     0.503     7.678    -0.002    -8.313     0.001     2.843    -0.005    -0.238    -0.054    -0.021     1.546     0.000     0.214     0.286    -4.140    -0.066     0.000     0.774 

ddG: K96D     2.042     6.705     0.004    -6.021     0.004     2.893    -0.006    -0.225    -0.004    -0.015     1.564     0.000     0.394     0.232    -2.419     0.140     0.000    -1.204 

ddG: K96E     0.788     2.622     0.107    -1.618     0.003     0.646     0.001    -0.058    -0.032     0.037     0.001     0.000     0.062     0.109     0.412     0.022     0.000    -1.526 

ddG: K96F    -0.372    -0.300     0.138    -1.346     0.019    -0.154    -0.002    -0.077     0.003    -0.007    -0.020     0.000    -0.074     0.023     0.319     0.240     0.000     0.865 

ddG: K96G     1.094     2.547    -0.129    -1.424    -0.004     0.106    -0.006     0.012     0.013     0.027    -0.009     0.000     0.232    -0.034    -0.904     0.153     0.000     0.516 

ddG: K96H     1.304     2.894    -0.133    -4.696     0.002     2.171    -0.008    -0.157    -0.037    -0.037     1.557     0.000     0.229     0.200    -1.449    -0.008     0.000     0.777 

ddG: K96H     0.586    -1.168     0.014     0.259    -0.002    -0.067    -0.002     0.011    -0.002     0.015    -0.009     0.000     0.019    -0.009     0.763    -0.016     0.000     0.777 

ddG: K96I     0.449     5.801     0.566    -7.918     0.020     2.490     0.002    -0.223     0.073    -0.011     1.565     0.000     0.182     0.378    -3.929     0.105     0.000     1.348 

ddG: K96K     0.000    -0.003    -0.021    -0.004    -0.001     0.030    -0.002     0.004    -0.001     0.019    -0.004     0.000    -0.012    -0.010     0.005     0.001     0.000     0.000 

ddG: K96L    -1.165     2.332     0.134    -3.116     0.005     0.564     0.002    -0.065     0.005     0.025    -0.006     0.000    -0.013     0.068    -2.090    -0.083     0.000     1.072 

ddG: K96M     0.156    -0.897     0.015    -0.066     0.000     0.230    -0.002     0.014    -0.103     0.021    -0.010     0.000    -0.068    -0.033     0.564    -0.046     0.000     0.537 

ddG: K96N    -0.099    -0.345     0.007     0.497     0.000    -0.345     0.000    -0.002     0.012     0.000    -0.008     0.000     0.137    -0.003     0.657     0.083     0.000    -0.789 

ddG: K96P     0.562     2.592     1.917    -4.892     0.010     2.566     0.093    -1.157     1.361    -0.088     1.200     0.000     0.455     0.285    -2.560    -1.301    -0.001     0.082 

ddG: K96Q    -1.001     2.208     0.044    -2.540     0.003     0.552    -0.001    -0.056    -0.032     0.044    -0.010     0.000     0.049     0.078    -0.282     0.015     0.000    -1.073 

ddG: K96R     2.970     1.764    -0.197    -0.936     0.010     1.878    -0.008    -0.186     0.083    -0.008     1.563     0.000     0.203     0.241    -1.695     0.090     0.000     0.167 

ddG: K96S     1.290     0.974     0.075    -0.248    -0.003     0.054     0.000     0.016     0.057     0.003     0.014     0.000    -0.081    -0.109     0.039    -0.060     0.000     0.559 

ddG: K96T     0.839     5.959     0.158    -4.796     0.011     1.817    -0.008     0.027     0.013     0.042     1.182     0.000     0.003     0.138    -4.019    -0.233     0.000     0.544 

ddG: K96V    -0.028    -0.855     0.593    -0.273     0.011    -0.377     0.005     0.017     0.094    -0.004     0.010     0.000    -0.066     0.080    -0.658     0.152     0.000     1.244 

ddG: K96W     0.158     1.694     0.085    -3.368     0.030     1.943    -0.004    -1.168     0.190     0.002     1.198     0.000    -0.139     0.167    -1.611    -0.326     0.000     1.466 

ddG: K96Y    -0.275    -1.697     0.080     0.038     0.024     0.025    -0.001    -0.011     0.010    -0.006    -0.017     0.000    -0.085     0.077     0.818    -0.033     0.000     0.505 

