ddG: description total fa_atr fa_rep fa_sol fa_intra_rep fa_elec pro_close hbond_sr_bb hbond_lr_bb hbond_bb_sc hbond_sc dslf_fa13 rama omega fa_dun p_aa_pp yhh_planarity ref 
ddG: I86A     6.061     6.196     0.081    -0.583    -0.019     1.304    -0.001    -0.572     0.044    -1.422     0.774     0.000     0.337    -0.148    -0.370     0.730    -0.002    -0.288 

ddG: I86C     4.893     6.284    -0.284    -0.664    -0.017     0.159     0.000     0.015     0.014     0.005     0.000     0.000     0.084    -0.089     0.009    -0.046    -0.003    -0.574 

ddG: I86D     8.753     3.763    -0.218     4.757    -0.020     0.171    -0.004    -0.094     0.108    -0.431    -0.005     0.000     0.351    -0.197     2.822     0.311    -0.008    -2.553 

ddG: I86E     7.006     3.795    -0.386     3.436    -0.013     0.309    -0.004    -0.071     0.077    -0.005    -0.006     0.000     0.227    -0.129     2.408     0.248    -0.007    -2.874 

ddG: I86F     4.858    -0.297     0.743     2.302     0.002     0.232    -0.002    -0.073     0.223    -0.149     0.096     0.000    -0.104    -0.282     2.556     0.125    -0.032    -0.483 

ddG: I86G     6.175     9.395    -0.454    -1.769    -0.028     0.254    -0.003    -0.095     0.127     0.020     0.001     0.000     0.514     0.110    -0.403    -0.659    -0.002    -0.833 

ddG: I86H     4.883     0.149     0.243     3.317    -0.023     0.082    -0.003    -0.074     0.069    -0.132     0.107     0.000    -0.046    -0.223     2.006     0.016    -0.031    -0.571 

ddG: I86H     5.441     0.660     0.084     3.475    -0.024     0.022     0.001    -0.098     0.076    -0.137     0.097     0.000     0.043    -0.123     2.057    -0.097    -0.026    -0.571 

ddG: I86I     0.405    -0.253    -0.153     0.871    -0.004     0.161    -0.002    -0.084     0.060     0.000     0.000     0.000     0.015     0.011    -0.211    -0.003    -0.003     0.000 

ddG: I86K     6.147     2.373     0.022     3.162    -0.012     1.770    -0.001    -0.562     0.047    -1.435     0.778     0.000     0.160    -0.120     1.035     0.284    -0.004    -1.348 

ddG: I86L     4.009     2.211     0.092     1.646    -0.016     0.105    -0.002    -0.062     0.221    -0.090     0.120     0.000     0.089    -0.070    -0.068     0.137    -0.030    -0.276 

ddG: I86M     4.681     2.842    -0.365     1.812    -0.020     0.196    -0.003    -0.071     0.087    -0.147     0.050     0.000     0.051     0.015     0.906     0.162    -0.023    -0.811 

ddG: I86N     5.654     1.140    -0.359     4.743    -0.001     0.110     0.001    -0.017     0.057     0.015     0.007     0.000     0.369    -0.143     1.987    -0.115    -0.001    -2.137 

ddG: I86P     6.058     3.401     1.646    -0.976    -0.016     0.532     0.793    -0.047     1.082     0.003    -0.043     0.000     0.671     0.800    -0.359    -0.157    -0.005    -1.266 

ddG: I86Q     4.964     1.749    -0.128     3.061    -0.016     1.897    -0.001    -0.589     0.082    -1.421     0.795     0.000     0.024    -0.069     1.687     0.319    -0.004    -2.421 

ddG: I86R     4.149     0.838     0.048     5.987     0.001    -2.771     0.000    -0.005    -0.016     0.000    -1.104     0.000     0.149    -0.059     2.124     0.146    -0.009    -1.182 

ddG: I86S     6.199     6.467    -0.433     1.059    -0.020    -0.279    -0.002    -0.090     0.092    -0.003    -0.010     0.000     0.243    -0.094    -0.066     0.130    -0.005    -0.789 

ddG: I86T     4.862     4.545    -0.204     2.145    -0.017    -0.015    -0.002    -0.079     0.092    -0.127     0.048     0.000     0.004    -0.037    -0.269    -0.393    -0.024    -0.804 

ddG: I86V     2.593     2.403    -0.208     0.606    -0.009     0.549    -0.002    -0.054     0.081    -0.126     0.053     0.000    -0.087    -0.109    -0.302    -0.072    -0.027    -0.105 

ddG: I86W     5.683    -2.975     0.071     6.100     0.002     0.176     0.001    -0.111     0.091    -0.142     0.080     0.000     0.145    -0.017     2.155     0.008    -0.019     0.118 

ddG: I86Y     5.088    -1.613     0.998     3.692     0.003     1.393     0.000    -0.542     0.153    -1.588     0.875     0.000    -0.111    -0.275     2.572     0.393    -0.019    -0.844 

