ddG: description total fa_atr fa_rep fa_sol fa_intra_rep fa_elec pro_close hbond_sr_bb hbond_lr_bb hbond_bb_sc hbond_sc dslf_fa13 rama omega fa_dun p_aa_pp yhh_planarity ref 
ddG: D49A     1.436     3.385    -0.287    -5.593    -0.006     2.206    -0.001    -0.038    -0.026     0.465     0.746     0.000     0.142    -0.021    -2.085     0.283     0.000     2.265 

ddG: D49C     1.851     3.889     0.500    -3.773    -0.037    -0.763    -0.002     0.673    -0.257     1.065    -2.475     0.000    -0.060     0.020     0.534     0.561    -0.003     1.978 

ddG: D49D    -1.329     0.338     1.619     0.888    -0.025    -3.571    -0.005     0.260    -0.150    -0.448    -2.721     0.000    -0.094    -0.283     2.625     0.251    -0.012     0.000 

ddG: D49E     2.812     4.068    -1.425    -3.691    -0.016     1.493     0.009     0.608    -0.288     1.583     0.262     0.000     0.038    -0.124     0.252     0.363     0.000    -0.322 

ddG: D49F     1.596     1.267    -0.339    -3.387     0.005     1.066    -0.005     0.096    -0.242     0.487     0.738     0.000     0.239    -0.319    -0.521     0.439     0.003     2.069 

ddG: D49G     2.521     5.262    -1.368    -4.524    -0.026     1.197     0.005     0.569    -0.300     1.616     0.285     0.000     0.182    -0.085    -2.507     0.509    -0.014     1.720 

ddG: D49H     0.190     2.457     1.184    -4.996    -0.036    -0.250    -0.030     0.355    -0.203    -0.372    -2.786     0.000     0.101     0.127     2.506     0.162    -0.012     1.981 

ddG: D49H     1.931    -1.811     2.006    -0.993    -0.013     0.274    -0.041    -0.032     0.205     1.372    -2.818     0.000     0.198     0.781     1.191    -0.368    -0.002     1.981 

ddG: D49I     2.461     1.368     0.638    -1.861    -0.020    -0.839    -0.002     0.740    -0.242     1.169    -2.447     0.000     0.229    -0.153     0.437     0.895    -0.003     2.553 

ddG: D49K     1.457     2.433    -0.283    -4.489    -0.003     2.310    -0.002    -0.061    -0.034     0.436     0.741     0.000     0.120     0.045    -1.288     0.330     0.000     1.204 

ddG: D49L     0.826     2.411    -0.358    -3.450    -0.008     0.919     0.000     0.138    -0.241     0.411     0.726     0.000     0.214    -0.351    -2.270     0.403     0.006     2.276 

ddG: D49M     2.601     4.552     0.964    -4.643    -0.031     0.457    -0.010     0.414    -0.369     1.238    -3.012     0.000    -0.381     0.372     1.067     0.249    -0.010     1.742 

ddG: D49N     0.298     0.168     0.732     0.940    -0.023    -2.191     0.001     0.663    -0.256     0.618    -3.199     0.000    -0.272     0.218     2.316     0.184    -0.017     0.415 

ddG: D49P     2.999     4.893     3.052    -8.315    -0.041     0.515     0.063     0.544    -0.288     0.861    -1.353     0.000     0.631    -0.543     1.382     0.320    -0.010     1.286 

ddG: D49Q     0.437     3.066    -0.502    -4.679    -0.011     1.236    -0.003     0.128    -0.239     0.481     0.712     0.000     0.155    -0.423    -0.105     0.483     0.004     0.131 

ddG: D49R     2.790     2.528     0.525    -1.541    -0.032    -0.884     0.000     0.647    -0.269     1.061    -2.438     0.000    -0.162     0.076     1.395     0.515    -0.003     1.371 

ddG: D49S     2.202     4.084    -1.302    -3.540    -0.018     0.872     0.008     0.647    -0.281     1.488     0.254     0.000    -0.024     0.001    -1.917     0.181    -0.015     1.763 

ddG: D49T     1.364     2.598    -0.362    -2.387    -0.012     0.677    -0.004     0.139    -0.245     0.338     0.731     0.000     0.232    -0.327    -2.287     0.520     0.003     1.749 

ddG: D49V     2.019     1.110    -0.190    -3.692     0.006     2.114    -0.002    -0.040    -0.029     0.486     0.784     0.000     0.477    -0.021    -2.252     0.819     0.001     2.448 

ddG: D49W     2.584     0.523    -0.287    -3.857     0.017     2.397     0.001    -0.033    -0.029     0.491     0.738     0.000     0.216    -0.065    -0.442     0.242     0.000     2.670 

ddG: D49Y     2.391     1.657    -1.668    -3.648     0.006     1.062    -0.002     0.098    -0.133     0.173     0.558     0.000    -0.046    -0.292     2.410     0.501     0.005     1.709 

