ddG: description total fa_atr fa_rep fa_sol fa_intra_rep fa_elec pro_close hbond_sr_bb hbond_lr_bb hbond_bb_sc hbond_sc dslf_fa13 rama omega fa_dun p_aa_pp yhh_planarity ref 
ddG: H53A     2.189     8.147    -0.493    -4.650    -0.003     0.059    -0.001    -0.023     0.081    -0.072     0.046     0.002     0.237     0.067    -1.646     0.154     0.003     0.284 

ddG: H53C     2.031     6.953    -0.359    -3.251    -0.003    -0.002    -0.001    -0.031     0.136    -0.061     0.016     0.002     0.008    -0.004    -1.365    -0.007     0.003    -0.003 

ddG: H53D     5.748     3.953    -0.229     2.031    -0.002     0.214     0.001     0.110     0.089    -0.049    -0.024     0.001     0.313    -0.014     0.884     0.458    -0.008    -1.981 

ddG: H53E     3.248     4.114    -0.221     0.170     0.001     0.252    -0.002    -0.042     0.106    -0.006     0.031     0.001     0.103     0.015     0.884     0.152    -0.008    -2.303 

ddG: H53F    -2.203    -0.396     0.052    -1.909     0.025     0.050     0.000     0.072     0.016    -0.024    -0.020     0.000    -0.043     0.023    -0.048    -0.092     0.004     0.088 

ddG: H53G     4.462    10.419    -0.274    -4.891    -0.004     0.028    -0.007    -0.043     0.130    -0.141    -0.073     0.001     0.667     0.099    -1.780     0.601    -0.009    -0.261 

ddG: H53H    -0.005    -0.006     0.005     0.000     0.000     0.003    -0.002     0.000    -0.002     0.003    -0.005     0.001    -0.001     0.001    -0.001    -0.001     0.002     0.000 

ddG: H53H     0.071     0.008     0.013    -0.023     0.000     0.018    -0.003     0.010    -0.003    -0.003     0.012     0.001     0.007     0.030     0.000     0.002     0.001     0.000 

ddG: H53I     0.859     4.078    -0.012    -2.501     0.019     0.220    -0.015     0.014    -0.326    -0.090     0.258     0.002    -0.128     0.387    -1.274    -0.298    -0.048     0.571 

ddG: H53K     0.999     4.592    -0.249    -1.925     0.000    -0.200     0.001    -0.024     0.105    -0.042     0.028     0.001     0.019     0.046    -0.617     0.052    -0.010    -0.777 

ddG: H53L    -0.258     3.318     0.185    -2.893     0.003    -0.007    -0.008     0.018     0.191    -0.025    -0.098     0.002     0.061     0.084    -1.404     0.028    -0.007     0.295 

ddG: H53M     0.958     4.700    -0.244    -2.814     0.000     0.049     0.000    -0.033     0.119    -0.036    -0.023     0.001     0.004    -0.015    -0.463    -0.045    -0.001    -0.240 

ddG: H53N     2.965     3.917    -0.387    -0.204    -0.002     0.291    -0.001    -0.022     0.093    -0.053     0.054     0.001     0.244    -0.018     0.224     0.395    -0.002    -1.566 

ddG: H53P     8.368     4.022     4.483    -3.536     0.001    -0.471     1.697     0.243     2.864    -0.041     0.042     0.000     0.580     1.273    -1.317    -0.635    -0.143    -0.695 

ddG: H53Q     1.050     3.983    -0.095    -1.752     0.000    -0.085     0.010    -0.069     0.107    -0.056    -0.087     0.000     0.092    -0.006     0.767     0.088     0.003    -1.850 

ddG: H53R     1.365     2.854    -0.085     0.581     0.008    -0.881    -0.002    -0.066     0.118    -0.634    -0.035     0.001     0.063    -0.047     0.144    -0.007    -0.038    -0.610 

ddG: H53S     3.718     7.754    -0.427    -2.819    -0.004     0.183     0.002    -0.025     0.117    -0.058     0.017     0.002     0.099     0.016    -0.977     0.051     0.005    -0.218 

ddG: H53T     2.420     6.089    -0.337    -1.432     0.001    -0.173    -0.002    -0.033     0.155    -0.046     0.110     0.001    -0.068     0.145    -1.564    -0.186    -0.007    -0.232 

ddG: H53V     1.352     4.719     0.335    -3.423     0.010     0.088     0.003     0.140     0.343    -0.033     0.284    -0.001    -0.157     0.339    -1.292    -0.405    -0.065     0.467 

ddG: H53W    -2.250    -5.141     0.234     0.927     0.023     0.172     0.000    -0.017     0.067    -0.021    -0.158     0.002     0.100    -0.071     0.979    -0.059     0.024     0.689 

ddG: H53Y    -1.758    -7.017     0.069     6.495     0.016    -0.176     0.022     0.006     0.135    -0.165    -1.125     0.001     0.017    -0.224     0.683    -0.273     0.050    -0.272 

