ddG: description total fa_atr fa_rep fa_sol fa_intra_rep fa_elec pro_close hbond_sr_bb hbond_lr_bb hbond_bb_sc hbond_sc dslf_fa13 rama omega fa_dun p_aa_pp yhh_planarity ref 
ddG: N31A     0.152     0.924    -0.164    -0.820    -0.004     0.120     0.001    -0.024     0.011    -0.084     0.108     0.001    -0.251    -0.082    -1.218    -0.248     0.034     1.849 

ddG: N31C     0.611     0.861    -0.194    -0.640    -0.003     0.111     0.003    -0.015     0.010    -0.084     0.107     0.001    -0.119    -0.063    -1.050     0.088     0.035     1.563 

ddG: N31D     0.302     0.016    -0.065     0.687     0.000    -0.088     0.005     0.019     0.017    -0.053     0.068     0.001    -0.163    -0.049     0.375    -0.079     0.026    -0.415 

ddG: N31E     0.360     0.190     0.022    -0.057     0.001     0.129     0.003    -0.010    -0.004    -0.002    -0.021     0.002    -0.238    -0.057     1.302    -0.183     0.022    -0.737 

ddG: N31F     1.961    -0.270    -0.152    -0.338     0.023     0.112     0.004     0.100     0.021    -0.043     0.074     0.001    -0.102     0.106     0.706     0.047     0.018     1.654 

ddG: N31G     0.715     1.835    -0.323    -1.280    -0.011     0.512    -0.002    -0.075     0.160    -0.255     0.199     0.002    -0.057    -0.370    -1.093     0.177    -0.009     1.304 

ddG: N31H     0.842    -2.785    -0.059     1.547     0.004    -0.084     0.003    -0.033     0.024    -0.051     0.088     0.000    -0.215     0.074     0.720     0.021     0.024     1.566 

ddG: N31H     0.810    -2.471    -0.145     1.311     0.004    -0.069    -0.002    -0.053     0.023    -0.095     0.100     0.001    -0.175     0.099     0.656     0.050     0.012     1.566 

ddG: N31I     1.335    -0.461    -0.013    -0.069     0.017     0.046     0.004     0.024     0.010    -0.050     0.081     0.000    -0.089     0.126    -0.654     0.200     0.027     2.137 

ddG: N31K     0.266     0.334    -0.085    -0.362     0.000     0.320     0.002    -0.023    -0.038    -0.057     0.124     0.001    -0.261    -0.043    -0.362    -0.088     0.015     0.789 

ddG: N31L     0.196     0.157    -0.105    -0.395     0.004     0.104     0.006     0.029     0.008    -0.091     0.053    -0.001    -0.128    -0.052    -1.137    -0.153     0.036     1.861 

ddG: N31M     0.865     0.290    -0.206    -0.226     0.000     0.381     0.000    -0.008     0.004    -0.059     0.128     0.000    -0.160    -0.069    -0.396    -0.170     0.027     1.326 

ddG: N31N     0.017     0.031    -0.095     0.025     0.000    -0.004     0.006     0.031     0.018    -0.049     0.079     0.000    -0.082    -0.007     0.086    -0.043     0.021     0.000 

ddG: N31P    -0.832    -0.853     0.414    -0.216    -0.004    -0.050     0.116     0.087     0.003    -0.037     0.032     0.002    -0.063     0.140    -1.053    -0.223     0.001     0.871 

ddG: N31Q     0.511    -0.126    -0.090    -0.025     0.002     0.142    -0.002     0.042     0.017    -0.052     0.058     0.001    -0.240    -0.030     1.207    -0.132     0.024    -0.284 

ddG: N31R     0.802     0.669    -0.228    -0.599     0.005     0.192     0.004     0.035     0.013    -0.091     0.124     0.000    -0.242     0.015     0.093    -0.176     0.032     0.955 

ddG: N31S    -0.149     0.370    -0.095     0.208    -0.003    -0.323     0.002    -0.023    -0.002    -0.081     0.012    -0.001    -0.305     0.007    -1.114    -0.171     0.023     1.348 

ddG: N31T    -0.186     1.094    -0.236     0.907     0.003    -1.572     0.009    -0.048     0.052    -0.245    -0.972     0.001    -0.109    -0.001    -0.466    -0.102     0.168     1.333 

ddG: N31V     0.944    -0.301     0.001    -0.215     0.012    -0.019     0.003     0.004     0.010    -0.052     0.082     0.000    -0.108     0.063    -0.766     0.173     0.025     2.032 

ddG: N31W     1.744    -9.973     0.383     6.799     0.036     0.446    -0.010    -0.134     0.000     0.002     0.075     0.001    -0.183    -0.154     2.082     0.071     0.049     2.255 

ddG: N31Y     0.668    -6.087     0.488     4.422     0.031    -0.115    -0.009    -0.045    -0.001    -0.061    -0.802     0.001    -0.140    -0.001     1.283     0.248     0.163     1.294 

