ddG: description total fa_atr fa_rep fa_sol fa_intra_rep fa_elec pro_close hbond_sr_bb hbond_lr_bb hbond_bb_sc hbond_sc dslf_fa13 rama omega fa_dun p_aa_pp yhh_planarity ref 
ddG: Y52A     5.853    12.836    -0.999    -5.293    -0.031     1.518     0.009     0.026     0.006    -0.013     1.301     0.048    -0.199     0.018    -3.277    -0.466    -0.188     0.556 

ddG: Y52C     5.639    11.671    -0.890    -4.001    -0.037     0.971     0.010     0.005    -0.026     0.003     0.769    -0.075    -0.020    -0.034    -2.852     0.068    -0.194     0.269 

ddG: Y52D     9.332     8.333    -1.006     2.915    -0.036     1.889     0.009     0.062    -0.029    -0.002     1.309    -0.034    -0.151    -0.033    -1.808    -0.186    -0.192    -1.709 

ddG: Y52E     6.771     5.972    -0.520     3.074    -0.038     0.060    -0.008     0.487     0.004     0.073     0.798    -0.052    -0.273    -0.078    -0.584    -0.315     0.201    -2.031 

ddG: Y52F    -1.315    -0.173    -0.613    -1.609    -0.001     0.490     0.009     0.132     0.001    -0.510     0.715    -0.068    -0.092     0.019     0.290    -0.089    -0.176     0.360 

ddG: Y52G     7.989    15.909    -0.879    -6.322    -0.040     1.289     0.005    -0.114     0.015    -0.003     0.775     0.008     0.268    -0.007    -2.862     0.126    -0.190     0.011 

ddG: Y52H     5.925     2.362    -0.861     0.714    -0.035     2.639     0.011     0.239    -0.049    -0.122     2.747    -0.048    -0.145     0.510    -1.790    -0.344    -0.174     0.272 

ddG: Y52H     3.784     2.901    -1.157     0.651    -0.031     1.349     0.009     0.305    -0.003    -0.531     1.273    -0.056    -0.171     0.045    -0.753    -0.135    -0.184     0.272 

ddG: Y52I     5.313     8.085     0.272    -3.409    -0.008     1.415    -0.032     0.529     0.002    -0.520     2.326     0.019     0.045    -0.037    -3.744    -0.278    -0.195     0.844 

ddG: Y52K     7.221     5.144    -0.572     2.353    -0.012     0.883    -0.008     0.230    -0.022     0.048     1.270    -0.058    -0.300    -0.042    -0.722    -0.278    -0.187    -0.505 

ddG: Y52L     5.062     8.212    -0.197    -4.044    -0.026     2.494    -0.017    -0.219     0.105     0.098     2.468    -0.050    -0.368    -0.037    -3.209    -0.513    -0.204     0.567 

ddG: Y52M     4.527     5.474    -0.752    -1.790    -0.029     1.971    -0.015    -0.139    -0.034    -0.020     0.228    -0.095    -0.378    -0.558     1.243    -0.425    -0.187     0.033 

ddG: Y52N     5.555     7.827    -0.996    -0.277    -0.031     1.086     0.013     0.092     0.005    -0.010     1.247     0.033     0.012     0.051    -1.939    -0.083    -0.182    -1.294 

ddG: Y52P    16.863    10.640     4.663    -6.065    -0.030     1.461     0.344     3.213    -0.008     0.172     0.746    -0.154     0.528     2.078     0.439    -0.542    -0.198    -0.423 

ddG: Y52Q     5.648     5.981    -0.601     0.404    -0.035     1.091    -0.012     0.527    -0.018    -0.047     1.801    -0.080    -0.141     0.313    -1.671    -0.520     0.234    -1.578 

ddG: Y52R     9.112     2.450    -0.052     7.177    -0.032     0.433    -0.020     0.693     0.011    -0.007     1.903    -0.029    -0.126     0.221    -2.622    -0.365    -0.185    -0.338 

ddG: Y52S     7.124    12.835    -0.853    -3.717    -0.040     1.034     0.005    -0.073    -0.026    -0.004     0.758    -0.069    -0.018    -0.042    -2.486    -0.047    -0.188     0.054 

ddG: Y52T     6.472     9.504    -1.955    -1.595    -0.025     1.867     0.012     0.907    -0.186    -0.127     0.180    -0.073    -0.441     0.358    -1.835    -0.043    -0.116     0.040 

ddG: Y52V     4.489     9.504    -0.782    -4.155    -0.022     1.249    -0.019     0.626    -0.164    -0.558     0.670    -0.062    -0.071    -0.426    -1.664    -0.193    -0.183     0.739 

ddG: Y52W     0.878    -5.295     0.096     2.803     0.010     0.660    -0.011     0.099    -0.021     0.030     0.741    -0.094    -0.152    -0.142     1.518    -0.137    -0.189     0.961 

ddG: Y52Y    -1.178    -0.139    -0.635     0.597    -0.002     0.186     0.004    -0.343     0.157    -0.537     0.572    -0.040    -0.369     0.083    -0.467    -0.256     0.011     0.000 

