ddG: description total fa_atr fa_rep fa_sol fa_intra_rep fa_elec pro_close hbond_sr_bb hbond_lr_bb hbond_bb_sc hbond_sc dslf_fa13 rama omega fa_dun p_aa_pp yhh_planarity ref 
ddG: A117A    -0.670    -0.938     0.865    -0.878     0.008     0.921    -0.011    -0.664     0.275    -0.931     0.537     0.000     0.094     0.122     0.000    -0.072     0.001     0.000 

ddG: A117C     3.648    -3.611     3.922     2.498     0.014     0.568     0.053    -0.514     0.342    -0.931     0.249     0.000     0.152     0.286     1.033    -0.131     0.006    -0.287 

ddG: A117D    11.488    -9.043     3.783    13.651     0.011     2.271     0.039    -0.329     0.334     0.156     0.609     0.000    -0.105     0.137     2.234     0.021    -0.015    -2.265 

ddG: A117E    13.150    -5.770     4.327    11.792     0.015     1.173     0.026     0.040     0.368     0.116    -0.177     0.000    -0.453     0.367     3.812     0.112    -0.012    -2.586 

ddG: A117F    16.554   -12.278    16.064     2.553     0.043     2.690     1.635    -0.066     1.307     0.381     0.508     0.000     0.571     2.361     0.845     0.148    -0.013    -0.196 

ddG: A117G     3.090     4.702    -0.068    -1.759     0.010     0.627    -0.011    -0.587     0.361    -1.164     0.368     0.000     0.402    -0.425     0.699     0.474     0.006    -0.545 

ddG: A117H    14.790    -6.656    11.519     4.466     0.038     2.626     0.060    -0.346     0.108     0.434     0.288     0.000     0.274     2.542     0.519    -0.789    -0.007    -0.284 

ddG: A117H    12.764    -8.549    13.083     6.234     0.020    -0.817     0.057    -0.003     0.250    -0.109    -2.150     0.000     0.281     2.094     3.045    -0.388    -0.002    -0.284 

ddG: A117I     9.804    -5.961     9.073     1.708     0.027     1.592     0.187     0.224     0.266     0.162    -0.182     0.000    -0.076     0.546     2.209    -0.284     0.025     0.288 

ddG: A117K    11.919    -6.920    11.468    11.307     0.012    -1.764     0.094    -0.537     0.210    -1.748    -2.153     0.000     0.040     1.034     2.299    -0.366     0.004    -1.061 

ddG: A117L    10.955    -2.254     6.856    -0.098     0.015     2.622     0.078     0.680     0.870    -0.337     0.696     0.000    -0.358     0.745     1.842    -0.412     0.000     0.011 

ddG: A117M     9.858    -7.374     7.125     5.332     0.024     1.027     0.037    -0.434     0.430     0.565    -0.100     0.000    -0.144     0.933     3.073    -0.119     0.005    -0.523 

ddG: A117N     5.746    -8.902     5.018     8.889     0.021     1.137    -0.001    -0.594     0.190    -0.810     0.236     0.000    -0.075     0.559     2.138    -0.211     0.000    -1.849 

ddG: A117P     0.287    -0.213     2.120    -3.607     0.018     0.358     1.438     0.390    -0.018    -0.577     0.466     0.000     0.098     0.216     0.690    -0.103    -0.010    -0.979 

ddG: A117Q    11.785    -3.963    10.436     5.826     0.004    -0.556     0.095    -0.472     0.293    -1.172    -1.991     0.000    -0.021     1.033     4.239     0.165     0.003    -2.134 

ddG: A117R    11.577   -10.981     6.037    11.793     0.141    -1.583    -0.033    -0.286     0.336    -1.531    -2.151     0.000     0.054     0.466    10.145     0.067    -0.002    -0.894 

ddG: A117S     1.767    -2.143     1.500     4.502     0.002    -1.093     0.015    -0.495     0.093    -0.994     0.600     0.000     0.196    -0.334     0.213     0.205     0.004    -0.502 

ddG: A117T     4.703    -2.627     0.793     3.927     0.014     0.115     0.038     0.156     0.250    -0.055    -0.366     0.000     0.019    -0.031     3.175    -0.234     0.045    -0.516 

ddG: A117V     5.463    -4.514     1.517     2.656     0.017     0.903     0.089     0.124     0.526    -0.138    -0.341     0.000    -0.511     0.315     5.285    -0.685     0.037     0.183 

ddG: A117W    15.017   -16.693     7.983     8.128     0.122     0.880    -0.039     0.438     1.327     0.802    -2.238     0.000    -0.499     2.968    11.959    -0.520    -0.006     0.405 

ddG: A117Y    14.680   -13.983    12.720     4.735     0.052     0.219     0.074    -0.229     0.494    -1.282     0.550     0.000     0.807     1.434     9.571     0.069     0.004    -0.556 

