ddG: description total fa_atr fa_rep fa_sol fa_intra_rep fa_elec pro_close hbond_sr_bb hbond_lr_bb hbond_bb_sc hbond_sc dslf_fa13 rama omega fa_dun p_aa_pp yhh_planarity ref 
ddG: P82A     3.406     3.199     0.034    -0.383    -0.002     0.232    -0.037     0.004    -0.183     0.067    -0.111     0.001    -0.251    -0.084    -0.157     0.119    -0.019     0.979 

ddG: P82C     4.018     2.546    -0.011     0.482     0.001     0.086    -0.031     0.034    -0.214     0.081    -0.066     0.000    -0.266    -0.109     0.706     0.104    -0.018     0.692 

ddG: P82D     6.408     0.743     0.139     4.311     0.010     0.918    -0.030     0.023    -0.274     0.213    -0.021     0.000    -0.376    -0.308     2.287     0.075    -0.014    -1.286 

ddG: P82E     6.235    -0.889     0.185     5.690     0.019     0.374    -0.032    -0.042    -0.078     0.075    -0.064     0.001    -0.237    -0.125     2.928     0.048    -0.010    -1.608 

ddG: P82F     3.356    -2.902     0.112     2.587     0.037     0.299    -0.032     0.014    -0.284     0.204    -0.095    -0.001    -0.199    -0.255     2.796     0.308    -0.016     0.783 

ddG: P82G     4.387     4.841     0.048    -0.913    -0.003     0.229    -0.029     0.039    -0.260     0.040    -0.145     0.001    -0.034    -0.176    -0.050     0.377    -0.009     0.434 

ddG: P82H     3.463    -1.804     0.096     2.941     0.005     0.241    -0.037    -0.006    -0.174     0.127    -0.125     0.000    -0.208    -0.085     1.736     0.094    -0.033     0.695 

ddG: P82H     3.507    -1.831     0.045     3.004     0.005     0.215    -0.029     0.000    -0.167     0.134    -0.054     0.000    -0.260    -0.102     1.812     0.056    -0.017     0.695 

ddG: P82I     4.422     0.564     0.020     0.912     0.025     0.062    -0.032     0.036    -0.038     0.085     0.025     0.001     0.000    -0.020     1.099     0.434    -0.017     1.266 

ddG: P82K     4.242     1.345     0.065     1.400     0.006     0.101    -0.040     0.007    -0.054     0.019    -0.109     0.001    -0.208     0.080     1.607     0.130    -0.025    -0.082 

ddG: P82L     4.610     0.109     0.557     1.234     0.011     0.218    -0.031     0.257     0.328    -0.092    -0.154     0.001    -0.253     0.405     1.135    -0.100    -0.007     0.990 

ddG: P82M     4.456    -1.186     0.097     2.315     0.022     0.234    -0.031     0.028    -0.223     0.104    -0.051     0.000    -0.232    -0.242     3.084     0.099    -0.015     0.455 

ddG: P82N     5.095     0.743     0.090     2.330     0.006     0.776    -0.028     0.022    -0.256     0.155    -0.037     0.000    -0.309    -0.282     2.669     0.098    -0.012    -0.871 

ddG: P82P    -0.017    -0.416     0.194     0.276     0.000    -0.002     0.000    -0.010    -0.006     0.060    -0.136     0.000     0.052     0.012    -0.078     0.048    -0.011     0.000 

ddG: P82Q     4.703    -1.252     0.110     4.051     0.021     0.398    -0.031    -0.026    -0.120     0.100    -0.003     0.000    -0.288    -0.140     2.997     0.061    -0.018    -1.155 

ddG: P82R     5.255     1.349    -0.011     1.949     0.011    -0.099    -0.030     0.014    -0.132     0.062    -0.041     0.000    -0.251     0.001     2.280     0.087    -0.020     0.084 

ddG: P82S     3.489     3.029     0.029     0.702     0.003    -0.145    -0.030     0.023    -0.193     0.084    -0.069    -0.001    -0.319    -0.108     0.067    -0.046    -0.014     0.477 

ddG: P82T     5.567     1.323     0.576     2.194     0.013     0.299    -0.028     0.224     0.305    -0.244    -0.281     0.001    -0.146     0.428     0.296     0.172    -0.028     0.462 

ddG: P82V     4.505     0.918     0.168     0.908     0.022     0.063    -0.030     0.158     0.169    -0.023    -0.029     0.001    -0.070     0.101     0.677     0.324    -0.013     1.162 

ddG: P82W     2.136    -8.133     0.670     5.290     0.037     0.341    -0.028     0.047    -0.175     0.185    -0.058     0.002    -0.298    -0.028     2.725     0.201    -0.025     1.384 

ddG: P82Y     3.178    -2.965     0.185     3.125     0.036     0.241    -0.031     0.006    -0.327     0.200    -0.207    -0.001    -0.120    -0.175     2.508     0.287    -0.006     0.423 

