ddG: description total fa_atr fa_rep fa_sol fa_intra_rep fa_elec pro_close hbond_sr_bb hbond_lr_bb hbond_bb_sc hbond_sc dslf_fa13 rama omega fa_dun p_aa_pp yhh_planarity ref 
ddG: G42A     6.424     2.814     3.583    -4.706     0.004     2.397    -0.007    -1.420    -0.042     0.179     1.876     0.000     2.439     1.032    -3.538     1.271     0.000     0.545 

ddG: G42C     5.339     5.680     2.281    -7.099     0.005     2.584    -0.009    -0.224     0.158     0.354     1.597     0.000     1.167     0.021    -2.069     0.634     0.001     0.258 

ddG: G42D     6.951     4.592     2.538    -4.833     0.010     2.736    -0.011    -0.230     0.128     0.219     1.625     0.000     1.299     0.014    -0.775     1.359     0.000    -1.720 

ddG: G42E     7.558     4.096     2.587    -3.943     0.015     2.131    -0.006     0.053     0.181     0.899     1.418     0.000     1.228    -0.053    -0.015     1.008     0.000    -2.041 

ddG: G42F     4.715     0.019     2.739    -3.921     0.031     2.018    -0.006    -1.421     0.237     0.181     1.644     0.000     1.304     0.154     0.710     0.677     0.000     0.349 

ddG: G42G    -0.221    -0.003    -0.020     0.005     0.000    -0.205     0.001     0.005    -0.001     0.002     0.008     0.000    -0.018     0.019    -0.011    -0.001     0.000     0.000 

ddG: G42H     5.863    -3.674     2.573     1.733     0.003    -0.520     0.001     0.007     0.100     0.282     0.130     0.000     0.962    -0.036     3.082     0.958     0.000     0.261 

ddG: G42H     6.532     2.491     2.715    -4.681     0.013     1.983    -0.006     0.040     0.123     0.332     1.316     0.000     1.017     0.059    -0.087     0.956     0.000     0.261 

ddG: G42I     6.415     1.378     2.970    -3.855     0.025     1.953    -0.009    -0.152     0.192     0.867     1.821     0.000     0.989    -0.033    -1.431     0.867     0.000     0.833 

ddG: G42K     5.006    -1.717     2.408     0.878     0.004    -0.322    -0.004     0.017     0.254     0.436     0.045     0.000     0.827    -0.327     2.584     0.437     0.000    -0.516 

ddG: G42L     5.275     4.965     2.481    -6.870     0.011     2.688    -0.008    -0.227     0.150     0.857     1.776     0.000     0.911     0.052    -2.918     0.851     0.000     0.556 

ddG: G42M     5.811     2.028     2.032    -4.038     0.007     1.854    -0.007    -0.154     0.193     0.609     1.685     0.000     1.472    -0.073    -0.541     0.721     0.000     0.022 

ddG: G42N     7.030    -2.109     2.698     1.827     0.003    -0.662    -0.002     0.019     0.240     0.673     0.149     0.000     0.625    -0.288     2.627     2.534     0.000    -1.304 

ddG: G42P   102.778     0.839    81.259    -4.357     0.035     1.748     6.886    -0.081     0.531     0.881     1.671     0.000     2.400     1.951     7.044     2.406     0.000    -0.434 

ddG: G42Q     4.434     0.667     2.585    -1.215     0.007     0.457    -0.001    -0.051     0.173     0.895     0.185     0.000     0.897    -0.215     0.905     0.733     0.000    -1.589 

ddG: G42R     6.780     4.471     3.578    -5.105     0.021     2.381    -0.010     0.049     0.242     0.624     1.332     0.000     0.759    -0.157    -1.571     0.515     0.000    -0.349 

ddG: G42S     4.553     1.653     1.807    -1.254     0.004     0.366    -0.001    -0.040     0.175     0.292     0.077     0.000     0.859    -0.075    -0.113     0.760     0.000     0.043 

ddG: G42T     6.171     1.705     2.435    -3.093     0.010     2.309    -0.008    -0.090    -0.135     0.196     1.852     0.000     1.359     0.407    -2.408     1.604     0.000     0.029 

ddG: G42V     7.244     2.066     3.986    -4.145     0.015     2.168    -0.008    -0.175     0.216     0.375     1.706     0.000     0.924     0.088    -1.611     0.911     0.001     0.728 

ddG: G42W     3.507    -1.032     2.304    -0.211     0.040     1.944    -0.009    -1.196     0.195    -0.169     1.970     0.000     0.756    -0.204    -1.985     0.154     0.000     0.950 

ddG: G42Y     6.585     0.350     2.820    -2.545     0.035     1.765    -0.007    -1.144     0.319     0.760     1.372     0.000     0.455    -0.055     0.411     2.056     0.003    -0.011 

