ddG: description total fa_atr fa_rep fa_sol fa_intra_rep fa_elec pro_close hbond_sr_bb hbond_lr_bb hbond_bb_sc hbond_sc dslf_fa13 rama omega fa_dun p_aa_pp yhh_planarity ref 
ddG: T105A     0.758     2.027    -1.450    -2.764    -0.012     0.797    -0.004    -0.029     0.103    -0.190    -0.204     0.000    -0.399     0.022     2.627    -0.301     0.017     0.516 

ddG: T105C     1.654     0.727     0.887     0.162    -0.033    -1.017    -0.006     0.530    -0.027     0.708    -3.177     0.000    -0.354     0.396     2.436     0.183     0.009     0.229 

ddG: T105D     2.740    -0.439    -1.302     2.268    -0.012     0.717    -0.004    -0.054     0.094    -0.185    -0.163     0.000    -0.330     0.018     3.868    -0.004     0.016    -1.749 

ddG: T105E    -0.758    -0.527    -0.012     0.798     0.004    -0.991     0.001    -0.011     0.011    -0.010    -0.499     0.000    -0.129     0.082     2.942    -0.336    -0.011    -2.070 

ddG: T105F    -1.420    -3.756     0.315    -2.853     0.037     2.046    -0.003    -0.181     0.198    -0.005    -0.016     0.000    -0.092     0.593     2.475    -0.504     0.006     0.321 

ddG: T105G     2.513     4.488     0.190    -4.238    -0.006     2.100    -0.012    -0.286    -0.076     0.209    -0.335     0.000     0.013     0.451     0.256    -0.217     0.006    -0.029 

ddG: T105H     0.325    -2.182     0.152    -2.240     0.009     2.021    -0.003    -0.198     0.204    -0.005    -0.047     0.000    -0.098     0.528     2.236    -0.292     0.005     0.232 

ddG: T105H    -0.092    -3.216     1.879    -0.236    -0.013    -0.366    -0.012    -0.129     0.248    -0.380    -2.779     0.000    -0.248     0.694     4.391    -0.162     0.003     0.232 

ddG: T105I    -0.705    -1.210     0.082    -1.024     0.015     0.700    -0.002    -0.084    -0.006     0.119     0.062     0.000     0.062     0.001    -0.033    -0.193     0.002     0.804 

ddG: T105K    -0.285    -0.032     0.088    -1.376    -0.001     0.804     0.002     0.016     0.020    -0.001    -0.036     0.000    -0.165    -0.072     1.169    -0.158     0.003    -0.544 

ddG: T105L     1.391    -1.647     2.236    -0.560    -0.005    -0.394    -0.020     0.093     0.284     1.186    -2.653     0.000    -0.184     0.072     2.975    -0.523     0.002     0.527 

ddG: T105M    -0.009    -1.227    -0.730    -1.160    -0.003     0.788     0.005     0.357    -0.064     1.080    -0.507     0.000    -0.162     0.432     1.531    -0.333    -0.007    -0.007 

ddG: T105N    -0.013    -0.199    -0.011    -0.928    -0.002     0.870    -0.001     0.047     0.001     0.001    -0.041     0.000     0.101    -0.089     1.481     0.075     0.016    -1.333 

ddG: T105P     7.368    -0.450     3.407    -3.261     0.003     2.257     0.139     1.244     0.154    -0.006     0.008     0.000     0.758     2.697     1.382    -0.505     0.005    -0.462 

ddG: T105Q    -0.183    -2.285     1.988     0.731    -0.018    -0.429    -0.012    -0.138     0.260    -0.375    -2.771     0.000    -0.311     0.492     4.520    -0.226     0.010    -1.617 

ddG: T105R     1.770     0.119    -0.775    -0.218    -0.002     0.906     0.004     0.477    -0.061     1.084    -0.488     0.000    -0.355     0.217     1.509    -0.267    -0.003    -0.378 

ddG: T105S     1.741     2.365    -1.056    -1.821    -0.014     0.734     0.003     0.448    -0.050     1.154    -0.410     0.000    -0.235     0.261     0.396    -0.046    -0.003     0.015 

ddG: T105T     0.926     1.034    -0.920    -0.786    -0.002     0.451     0.005     0.470    -0.065     1.086    -0.495     0.000    -0.192     0.303     0.122    -0.082    -0.004     0.000 

ddG: T105V     1.316     0.063    -0.616    -0.861     0.000     1.230     0.003     0.315    -0.078     1.154    -0.400     0.000    -0.081     0.294    -0.205    -0.197    -0.003     0.699 

ddG: T105W    -0.807    -5.967    -0.238    -1.081     0.022     2.304     0.003     0.264     0.097     1.130    -0.537     0.000    -0.415     0.643     2.454    -0.410     0.002     0.921 

ddG: T105Y    -1.274    -3.701     0.237    -2.260     0.037     2.134    -0.002    -0.191     0.208    -0.006    -0.049     0.000    -0.048     0.567     2.301    -0.483     0.020    -0.040 

