ddG: description total fa_atr fa_rep fa_sol fa_intra_rep fa_elec pro_close hbond_sr_bb hbond_lr_bb hbond_bb_sc hbond_sc dslf_fa13 rama omega fa_dun p_aa_pp yhh_planarity ref 
ddG: T4A     1.950     2.546    -0.132    -3.118    -0.012     0.393    -0.001     0.010     0.035     0.035     0.880     0.000     0.179     0.123     0.009     0.485     0.003     0.516 

ddG: T4C     1.689     7.935    -0.227    -8.858    -0.007     3.175    -0.003    -0.240    -0.113     0.039     2.423     0.000     0.292     0.347    -3.553     0.249     0.000     0.229 

ddG: T4D     6.241    -2.858    -0.040     7.004     0.008     0.832     0.001     0.076    -0.092     0.123     0.868     0.000     0.111     0.200     1.369     0.388     0.000    -1.749 

ddG: T4E     4.574    -1.008    -0.114     2.185    -0.004     2.210    -0.006     0.121    -0.117     1.126     0.900     0.000    -0.037     0.187     0.605     0.596     0.000    -2.070 

ddG: T4F    -0.972    -4.880     0.783    -0.068     0.019     0.202     0.000     0.083     0.135     0.004     0.853     0.000    -0.272     0.050     1.749     0.052    -0.003     0.321 

ddG: T4G     5.004    10.065    -0.380    -8.949    -0.010     2.581    -0.006    -0.211     0.005     0.058     2.456     0.000     0.715     0.272    -2.475     0.909     0.002    -0.029 

ddG: T4H     0.516    -4.059     0.601     1.717    -0.007    -0.470     0.002     0.041    -0.035    -0.001     0.048     0.000    -0.089     0.053     2.152     0.330    -0.002     0.232 

ddG: T4H     0.939     2.897     0.543    -6.100    -0.003     2.549    -0.007    -0.191    -0.075    -0.017     1.607     0.000     0.180     0.321    -1.317     0.321    -0.002     0.232 

ddG: T4I    -1.308    -2.650     0.684    -1.364     0.012     0.239    -0.001    -0.133    -0.211     1.136     0.860     0.000    -0.394     0.152    -0.137    -0.305     0.001     0.804 

ddG: T4K     3.468    -3.762    -0.025     3.630     0.004     0.506     0.004     0.059    -0.024     0.048     0.870     0.000    -0.168     0.007     2.246     0.619    -0.001    -0.544 

ddG: T4L    -0.225    -3.419     0.638    -1.476     0.022     0.544     0.002    -0.070    -0.057    -0.031     0.857     0.000     0.109     0.147     1.765     0.221    -0.005     0.527 

ddG: T4M    -0.961    -3.413    -0.145    -0.098     0.001     0.501     0.006     0.092     0.011     0.043     0.875     0.000    -0.333    -0.017     1.131     0.393    -0.002    -0.007 

ddG: T4N     1.922     4.843     0.795    -4.404     0.002     1.383    -0.009     0.125    -0.065    -0.626     1.188     0.000     0.089     0.261    -0.963     0.636     0.002    -1.333 

ddG: T4P     4.853     4.599     1.970    -7.676    -0.005     3.583     0.465    -2.053     0.030     1.894     2.458     0.000     0.334     1.462    -1.462    -0.284     0.001    -0.462 

ddG: T4Q     0.383    -1.150     0.244    -0.838     0.001     2.165     0.000    -0.143    -0.077    -0.473     1.109     0.000    -0.024     0.177     0.392     0.618    -0.001    -1.617 

ddG: T4R     3.592     0.022    -0.015    -0.861     0.010     3.455    -0.004    -0.202    -0.079     0.036     2.420     0.000     0.011     0.193    -1.537     0.524    -0.002    -0.378 

ddG: T4S     2.955     2.223    -0.151    -0.622    -0.012     0.368     0.000    -0.027     0.133     0.032     0.006     0.000     0.054     0.032     0.596     0.306     0.001     0.015 

ddG: T4T     0.021    -0.006    -0.003     0.032    -0.001     0.021     0.002    -0.015     0.011     0.026     0.001     0.000    -0.006    -0.006    -0.025    -0.009     0.000     0.000 

ddG: T4V    -1.938     1.679     0.373    -4.577     0.007     0.874     0.001    -0.039    -0.072     0.032     0.868     0.000    -0.223     0.161    -1.405    -0.317     0.001     0.699 

ddG: T4W    -0.738    -6.589     1.578    -3.238     0.031     2.751    -0.008    -0.111     0.245     0.124     2.440     0.000    -0.074     0.467     0.630     0.097    -0.002     0.921 

ddG: T4Y    -0.419     2.084     0.713    -7.297     0.024     2.996    -0.006    -0.167     0.160    -0.001     2.405     0.000     0.030     0.330    -1.711     0.055     0.006    -0.040 

