ddG: description total fa_atr fa_rep fa_sol fa_intra_rep fa_elec pro_close hbond_sr_bb hbond_lr_bb hbond_bb_sc hbond_sc dslf_fa13 rama omega fa_dun p_aa_pp yhh_planarity ref 
ddG: K66A     0.089    -0.897     1.816     1.224    -0.016    -1.244    -0.011    -0.160     0.250    -0.405    -2.760     0.000    -0.307     0.630     1.000    -0.087    -0.005     1.061 

ddG: K66C    -0.354     1.147    -0.367    -0.883    -0.006    -0.414     0.000    -0.041    -0.010     0.098     0.082     0.000     0.002    -0.065    -0.724     0.066    -0.013     0.774 

ddG: K66D    -0.260    -1.223     1.796     3.655    -0.015    -3.207    -0.009     0.067     0.045    -0.392    -2.667     0.000    -0.126     0.116     2.795     0.111    -0.003    -1.204 

ddG: K66E     0.630     0.783    -1.542     0.070    -0.003    -0.539    -0.001    -0.052     0.093    -0.210    -0.151     0.000    -0.294     0.046     3.891     0.064     0.001    -1.526 

ddG: K66F     0.206    -3.965    -0.235     1.458     0.021     1.051    -0.004    -0.266     0.180     0.119     0.129     0.000    -0.048     0.755     0.403    -0.254    -0.002     0.865 

ddG: K66G     2.716     0.773    -0.618     0.521    -0.010     1.204     0.004     0.156     0.085     1.091    -0.437     0.000     0.111     0.740    -1.698     0.287    -0.008     0.516 

ddG: K66H     1.212    -1.729    -0.346     1.825    -0.010    -0.132    -0.001    -0.059    -0.035     0.064     0.097     0.000     0.009     0.089     0.738    -0.079     0.002     0.777 

ddG: K66H     0.081    -1.578     1.452     1.311    -0.023    -2.472    -0.009     0.038     0.028    -0.290    -2.702     0.000    -0.129     0.137     3.478     0.078    -0.014     0.777 

ddG: K66I     0.812     0.044     0.827     0.171    -0.009    -0.934    -0.005     0.269     0.133     0.833    -3.259     0.000    -0.395     0.820     1.237    -0.260    -0.009     1.348 

ddG: K66K     0.000     0.028    -0.013    -0.019     0.000     0.008    -0.002     0.005     0.009     0.008    -0.009     0.000    -0.010     0.017    -0.023     0.002     0.000     0.000 

ddG: K66L     1.928     0.508    -2.189     0.687    -0.009     0.192     0.003     0.416     0.015     0.800    -0.674     0.000    -0.525     0.407     1.451    -0.223    -0.003     1.072 

ddG: K66M     1.238    -0.186    -0.933     0.873    -0.004    -0.008     0.006     0.426    -0.068     1.065    -0.450     0.000    -0.259     0.326    -0.066    -0.004    -0.018     0.537 

ddG: K66N     0.891    -0.046    -1.601     1.016    -0.006    -0.550    -0.001    -0.027     0.069    -0.252    -0.215     0.000    -0.098     0.151     3.168     0.072     0.000    -0.789 

ddG: K66P    -1.362     0.273    -0.822    -0.520    -0.007    -0.121     0.043     0.436    -0.062     1.068    -0.448     0.000    -0.148     0.351    -0.842    -0.626    -0.018     0.082 

ddG: K66Q     0.380    -1.883     0.896     3.235    -0.025    -2.295    -0.004     0.434     0.060     0.817    -3.863     0.000    -0.398     0.559     3.955    -0.018    -0.019    -1.073 

ddG: K66R     0.831    -0.677     1.798     2.024    -0.019    -2.254    -0.010     0.059     0.048    -0.253    -2.696     0.000    -0.204     0.122     2.654     0.076    -0.002     0.167 

ddG: K66S     0.821     1.137    -1.506    -0.047    -0.009    -0.579    -0.002    -0.053     0.083    -0.223    -0.157     0.000    -0.272     0.071     1.744     0.072     0.001     0.559 

ddG: K66T     0.958     0.272    -1.484     1.449    -0.005    -0.658    -0.002    -0.071     0.070    -0.201    -0.114     0.000    -0.192     0.038     1.176     0.134     0.001     0.544 

ddG: K66V    -0.446     0.306    -0.195    -0.425     0.009    -0.263     0.001    -0.004    -0.007    -0.017     0.008     0.000     0.025     0.008    -1.014    -0.123     0.000     1.244 

ddG: K66W    -0.595    -5.611    -0.013     2.221     0.026     1.073    -0.002    -0.209     0.133    -0.036     0.034     0.000    -0.118     0.574     0.236    -0.366    -0.001     1.466 

ddG: K66Y     0.956    -3.190    -0.949     2.503     0.018     0.141     0.005     0.436    -0.053     1.082    -0.430     0.000    -0.137     0.445     0.745    -0.170     0.007     0.505 

