ddG: description total fa_atr fa_rep fa_sol fa_intra_rep fa_elec pro_close hbond_sr_bb hbond_lr_bb hbond_bb_sc hbond_sc dslf_fa13 rama omega fa_dun p_aa_pp yhh_planarity ref 
ddG: I73A     3.705     7.492     1.159    -1.263    -0.046    -2.133    -0.007     0.027     0.013    -0.273    -2.721     0.000     0.179    -0.214     1.115     0.662     0.003    -0.288 

ddG: I73C     4.049     5.208     1.291     0.613    -0.040    -1.772    -0.008     0.039     0.091    -0.312    -3.061     0.000     0.111    -0.052     1.849     0.665     0.003    -0.574 

ddG: I73D     8.186     1.612    -0.991     9.370    -0.028    -1.565    -0.004    -0.533     0.142    -1.090     0.243     0.000     0.291    -0.568     3.011     0.848     0.002    -2.553 

ddG: I73E     7.961    -1.953     0.499     9.556    -0.012    -0.224    -0.003    -0.254     0.027     0.650    -0.383     0.000    -0.051     0.572     1.993     0.415     0.002    -2.874 

ddG: I73F    -1.198    -4.618     3.378    -1.600    -0.004    -0.113    -0.015    -0.444     0.110    -1.155    -1.628     0.000    -0.054     0.586     4.190     0.669    -0.017    -0.483 

ddG: I73G     5.830     9.296    -0.498    -2.781    -0.007     0.644    -0.002    -0.580     0.247    -1.124     0.410     0.000     0.946    -0.153    -0.696     0.956     0.006    -0.833 

ddG: I73H     3.312    -3.916     0.771     5.694    -0.016    -0.028     0.003    -0.108    -0.183     0.091     0.125     0.000    -0.138     0.517     0.359     0.735    -0.024    -0.571 

ddG: I73H     1.933    -5.122     3.369     4.744    -0.020    -1.090    -0.012    -0.674     0.157    -1.357    -2.228     0.000    -0.203     0.895     3.280     0.781    -0.014    -0.571 

ddG: I73I     1.154     0.141    -1.355     0.340    -0.005     0.162    -0.001    -0.037     0.093    -0.245    -0.201     0.000    -0.254     0.054     2.393     0.054     0.015     0.000 

ddG: I73K     9.636    -0.835     3.103     7.156    -0.009     0.758    -0.016    -0.506    -0.083    -0.890    -2.934     0.000    -0.132     0.486     4.782     0.103     0.004    -1.348 

ddG: I73L    -1.024     0.137     0.870    -0.501    -0.001     0.007    -0.004    -0.452    -0.013    -0.993     0.502     0.000     0.184    -0.302    -0.554     0.382    -0.009    -0.276 

ddG: I73M     2.465     0.593     0.619     0.951    -0.010     0.388     0.002    -0.058    -0.102     0.143     0.242     0.000     0.215     0.225    -0.262     0.302     0.026    -0.811 

ddG: I73N     3.895     1.575    -1.015     4.493    -0.024    -0.858    -0.005    -0.525     0.153    -1.157     0.203     0.000     0.207    -0.548     2.852     0.684    -0.002    -2.137 

ddG: I73P    10.681     4.655     4.516    -2.094    -0.017     0.023     0.484    -0.592     1.663    -1.579     0.409     0.000     0.542     0.058     4.179    -0.309     0.009    -1.266 

ddG: I73Q     2.317    -1.250     1.231     4.738     0.015    -0.810    -0.004    -0.447    -0.042    -2.098     0.665     0.000     0.403     0.266     1.578     0.492     0.002    -2.421 

ddG: I73R    12.939    -3.291     2.002     9.674     0.013     2.102    -0.004    -0.461    -0.012    -0.727     1.660     0.000     0.137     0.367     2.037     0.600     0.022    -1.182 

ddG: I73S     5.103     6.225     1.302     1.098    -0.039    -1.768    -0.007    -0.172     0.262    -0.339    -2.854     0.000     0.130     0.042     1.321     0.692    -0.002    -0.789 

ddG: I73T     3.197     5.162     0.814    -0.031    -0.011     0.716    -0.012    -0.679     0.016    -0.917     0.025     0.000     0.321    -0.324    -1.053    -0.027     0.000    -0.804 

ddG: I73V    -0.653     2.529    -0.794    -1.021    -0.016    -0.700    -0.007    -0.520     0.285    -1.223     0.205     0.000    -0.018    -0.670     1.325     0.057     0.018    -0.105 

ddG: I73W     3.161    -6.943     3.895     0.726     0.031     3.319    -0.002    -0.549     0.122    -0.881     0.183     0.000    -0.030     1.191     1.734     0.267    -0.018     0.118 

ddG: I73Y     0.849    -4.923     0.556     1.269     0.004     0.743    -0.005    -0.418     0.073    -1.138    -0.022     0.000    -0.196     0.238     4.301     0.452     0.759    -0.844 

