ddG: description total fa_atr fa_rep fa_sol fa_intra_rep fa_elec pro_close hbond_sr_bb hbond_lr_bb hbond_bb_sc hbond_sc dslf_fa13 rama omega fa_dun p_aa_pp yhh_planarity ref 
ddG: K120A     0.333     0.903    -0.188    -1.241     0.006     0.346     0.002     0.156     0.002     0.079     0.598     0.037    -0.124    -0.002    -1.264    -0.065     0.027     1.061 

ddG: K120C    -0.349     0.784    -0.264    -1.187     0.008     0.073     0.002    -0.552     0.185     0.031     0.127     0.083    -0.090     0.160    -0.382    -0.093    -0.007     0.774 

ddG: K120D     0.287     0.091    -0.275     1.641     0.000    -0.530     0.002     0.206     0.027    -0.625    -0.038     0.098     0.071     0.186     0.803    -0.166    -0.001    -1.204 

ddG: K120E     0.847     0.717    -0.277    -1.036     0.041     0.554    -0.016     0.053    -0.142     0.479     0.025     0.017     0.338    -0.500     2.454    -0.321    -0.014    -1.526 

ddG: K120F    -1.080    -4.549    -0.301     0.650     0.033     0.178    -0.001     0.169     0.003     0.007     0.525     0.030     0.093     0.549     0.500     0.133     0.035     0.865 

ddG: K120G     0.586     1.761    -0.292    -1.577     0.000     0.360     0.001     0.157     0.006     0.018     0.523     0.040     0.104     0.055    -1.287     0.181     0.020     0.516 

ddG: K120H    -0.426    -1.717    -0.062     0.707     0.001    -0.815     0.007     0.056     0.051    -0.384     0.003     0.069     0.306     0.219     0.641    -0.289     0.003     0.777 

ddG: K120H     0.446    -2.105    -0.089     1.036     0.003    -0.195    -0.001     0.052     0.017    -0.414     1.477     0.054     0.267     0.559    -0.490    -0.495    -0.005     0.777 

ddG: K120I     0.684     2.339    -0.638    -2.277     0.009     0.473    -0.016     0.673     0.057    -0.624     1.556     0.010     0.134     0.035    -2.466     0.073    -0.003     1.348 

ddG: K120K    -0.035     0.010    -0.054    -0.031     0.003    -0.202    -0.001    -0.001     0.035    -0.003    -0.003     0.079     0.011     0.018     0.108     0.003    -0.007     0.000 

ddG: K120L    -1.704    -0.945    -0.130    -0.694     0.012    -0.015     0.003    -0.586     0.150     0.044     0.134     0.007    -0.094     0.207    -0.742    -0.123    -0.003     1.072 

ddG: K120M    -1.532    -2.976    -0.816     0.960     0.003    -0.090    -0.013     0.707    -0.110    -0.522     0.037    -0.015    -0.073    -0.286     1.133    -0.001    -0.007     0.537 

ddG: K120N    -0.406    -0.309    -0.052    -0.063     0.001     0.214    -0.001    -0.001     0.000     0.007     0.005    -0.003     0.049     0.001     0.643    -0.118     0.012    -0.789 

ddG: K120P    -0.589    -0.448     1.398    -1.309    -0.002    -0.346     0.072     0.050     0.014     0.030    -0.005     0.099     0.394    -0.008     0.094    -0.693    -0.013     0.082 

ddG: K120Q    -1.603    -4.397    -0.879     3.092     0.009    -0.113     0.001     0.191    -0.154    -1.410    -0.037    -0.020    -0.061     0.352     2.930    -0.034     0.000    -1.073 

ddG: K120R     0.819     0.300    -1.351    -0.343     0.013     0.482     0.000     0.405    -0.110    -0.677     1.434     0.082    -0.237     0.166     0.596    -0.108     0.002     0.167 

ddG: K120S    -0.358     1.539    -0.401    -1.069    -0.001    -0.005     0.008     0.266     0.028    -0.076     0.522     0.045    -0.220    -0.069    -1.196    -0.314     0.026     0.559 

ddG: K120T    -0.880     0.473    -0.134    -0.774     0.016    -0.302     0.003    -0.581     0.186     0.101     0.208     0.093    -0.053     0.119    -0.683    -0.101     0.003     0.544 

ddG: K120V     0.405     1.492    -0.451    -2.222     0.017     0.856     0.004    -0.439     0.173     0.025     0.644     0.128    -0.006     0.101    -1.435     0.264     0.010     1.244 

ddG: K120W    -2.904    -7.237    -0.151     2.258     0.021     0.106    -0.003     0.222     0.036    -0.645     1.478    -0.006    -0.152     0.192    -0.138    -0.356     0.004     1.466 

ddG: K120Y    -0.031    -4.010    -0.341     1.386     0.029     0.583    -0.003     0.126    -0.004    -0.098     1.480     0.005     0.082     0.579    -0.184    -0.154    -0.014     0.505 

