ddG: description total fa_atr fa_rep fa_sol fa_intra_rep fa_elec pro_close hbond_sr_bb hbond_lr_bb hbond_bb_sc hbond_sc dslf_fa13 rama omega fa_dun p_aa_pp yhh_planarity ref 
ddG: T79A    -1.542     2.273    -0.377    -2.712     0.008    -0.745     0.005     0.378     0.252     0.045     1.039     0.000    -0.315    -0.449    -1.433    -0.025     0.000     0.516 

ddG: T79C    -1.662     1.038    -0.425    -1.783     0.003    -0.438     0.002     0.111     0.174     0.011     1.400     0.000    -0.139    -0.306    -1.381    -0.158     0.000     0.229 

ddG: T79D     2.614   -10.117     0.192    14.484     0.001    -4.153     0.006     0.329     0.173     0.131    -0.144     0.000    -0.175    -0.613     4.188     0.059     0.000    -1.749 

ddG: T79E     2.731    -7.822     0.074     9.809     0.002    -1.681     0.037     0.393    -0.033     0.067     1.049     0.000    -0.312    -0.415     3.824    -0.191    -0.001    -2.070 

ddG: T79F    -1.719    -5.893     1.262    -5.790     0.023     1.230     0.134     0.039    -0.021     1.109     1.380     0.000    -0.064    -0.128     4.973    -0.291    -0.001     0.321 

ddG: T79G     1.495     3.727    -0.743    -2.004     0.000    -1.054     0.001     0.175     0.198    -0.050     1.418     0.000     0.305    -0.328    -0.485     0.363     0.000    -0.029 

ddG: T79H     0.806    -5.635     0.959     0.102     0.006     0.237     0.193     0.106     0.164     1.142     1.369     0.000    -0.199    -0.427     2.729    -0.172     0.000     0.232 

ddG: T79H     0.124    -9.708     1.086     5.055     0.003    -1.983     0.201     0.281     0.187     1.168    -0.140     0.000    -0.404    -0.644     4.962    -0.173     0.000     0.232 

ddG: T79I    -2.316    -5.042     4.025    -2.385     0.023    -0.403     0.010     0.114     0.269     0.116     1.294     0.000    -0.163    -0.063    -0.776    -0.139     0.000     0.804 

ddG: T79K     4.374    -5.121     0.424     4.191     0.024     0.036     0.018    -0.887     0.466     1.188     1.163     0.000    -0.419    -0.479     4.733    -0.419    -0.001    -0.544 

ddG: T79L    -1.977    -7.606     1.665     0.144     0.068    -0.833     0.008     0.167     0.216     0.099     1.340     0.000    -0.203    -0.391     3.169    -0.347     0.001     0.527 

ddG: T79M    -0.409    -1.153    -0.143    -4.129     0.018     1.249     0.014     0.326     0.172     1.249     1.236     0.000    -0.011    -0.415     0.884     0.301    -0.001    -0.007 

ddG: T79N    -0.887    -4.445    -0.070     2.730     0.008    -0.951     0.011     0.250     0.193     1.140    -0.028     0.000    -0.146    -0.459     2.220    -0.008     0.000    -1.333 

ddG: T79P    -1.623    -4.669     1.683    -1.044     0.002     0.111     0.176     0.065     0.757    -0.086     1.371     0.000     0.441    -0.522     0.780    -0.227     0.001    -0.462 

ddG: T79Q    -1.967   -14.417     0.458    12.096    -0.004    -3.590     0.031     0.378     0.038     0.075    -0.083     0.000    -0.392    -0.510     5.801    -0.228    -0.001    -1.617 

ddG: T79R     4.508    -9.364     0.070     7.617     0.029     0.039     0.025     0.094     0.288     1.106     1.311     0.000    -0.140    -0.426     4.366    -0.129     0.000    -0.378 

ddG: T79S     0.225    -4.417    -0.542     6.431    -0.001    -3.196     0.010     0.350     0.227     0.004    -0.156     0.000    -0.313    -0.560     2.398    -0.024     0.000     0.015 

ddG: T79T    -0.009     0.003    -0.004    -0.009     0.000    -0.011     0.000     0.003    -0.003    -0.001     0.002     0.000    -0.005     0.000     0.012     0.004     0.000     0.000 

ddG: T79V    -0.483    -2.882     3.755    -1.322     0.021    -0.721     0.008     0.394     0.244     0.181     0.949     0.000    -0.394    -0.331    -1.021    -0.063     0.000     0.699 

ddG: T79W     0.947   -12.390     6.730    -1.029     0.042     1.237     0.490    -0.260     0.095     1.267     1.036     0.000     0.190    -0.129     2.908    -0.163     0.001     0.921 

ddG: T79Y    -2.414    -9.183     0.847    -1.011     0.040     0.857     0.393     0.101     0.054     1.199     1.533     0.000     0.090    -0.282     2.740     0.235     0.012    -0.040 

