ddG: description total fa_atr fa_rep fa_sol fa_intra_rep fa_elec pro_close hbond_sr_bb hbond_lr_bb hbond_bb_sc hbond_sc dslf_fa13 rama omega fa_dun p_aa_pp yhh_planarity ref 
ddG: K47A    -0.215     4.470    -0.307    -3.507    -0.005    -0.080    -0.006    -0.002     0.027    -0.074    -0.043     0.000    -0.204    -0.026    -1.274    -0.268     0.026     1.061 

ddG: K47C     0.106     2.336    -0.223    -1.281    -0.004     0.048    -0.001     0.009    -0.002     0.010    -0.049     0.000    -0.352     0.028    -0.704    -0.464    -0.018     0.774 

ddG: K47D     3.975    -0.343    -0.170     3.550    -0.003     0.247     0.004    -0.001    -0.005     0.035    -0.052     0.001    -0.019     0.114     2.061    -0.228    -0.012    -1.204 

ddG: K47E     1.350    -0.063    -0.005     1.087     0.002     0.207    -0.010    -0.023    -0.012     0.006    -0.092     0.001     0.094     0.007     1.456     0.240    -0.020    -1.526 

ddG: K47F    -2.926    -5.646     0.900    -0.680     0.024    -0.114    -0.001     0.061    -0.010     0.034     0.038    -0.001     0.096     0.593     1.235    -0.259    -0.061     0.865 

ddG: K47G    -0.221     6.238    -0.820    -3.513    -0.005    -0.258    -0.014     0.117     0.021     0.061    -0.004     0.000    -0.074    -0.066    -1.444    -1.012     0.036     0.516 

ddG: K47H    -1.809    -4.311     0.492     1.055    -0.002    -0.158     0.004     0.001    -0.016    -0.025     0.044    -0.001    -0.273     0.121     0.975    -0.476    -0.017     0.777 

ddG: K47H    -1.874    -4.300     0.583     0.981    -0.002    -0.145     0.001    -0.024    -0.030    -0.015    -0.081     0.000    -0.186     0.131     0.922    -0.436    -0.049     0.777 

ddG: K47I     3.735    -0.893     1.500    -2.654     0.045    -0.412    -0.015    -0.094    -0.105     0.215    -0.043     0.000    -0.027     0.410     4.627    -0.094    -0.073     1.348 

ddG: K47K    -0.384    -0.228     0.109     0.008     0.001    -0.252     0.002     0.019    -0.012    -0.030    -0.068     0.000     0.007     0.097    -0.027     0.001    -0.009     0.000 

ddG: K47L     1.778     0.767     1.072    -1.924     0.002    -0.380    -0.002    -0.196    -0.049     0.242    -0.105     0.001     0.540     0.648    -0.689     0.819    -0.037     1.072 

ddG: K47M    -0.075     0.280     0.318    -1.602    -0.003    -0.155     0.002    -0.130    -0.020     0.149    -0.159     0.002     0.235     0.239     0.346    -0.038    -0.075     0.537 

ddG: K47N    -0.163    -1.137    -0.260     2.002    -0.002    -0.535    -0.008     0.057    -0.012    -0.010    -0.030     0.001    -0.149    -0.032     1.314    -0.552    -0.022    -0.789 

ddG: K47P     5.077    -7.149     1.176     5.620    -0.004    -1.470     2.107     0.088    -0.119     0.026    -0.956     0.002     1.039     2.684     1.693     0.233     0.025     0.082 

ddG: K47Q    -1.203    -0.572     0.066    -0.207     0.001    -0.156     0.000     0.013    -0.031     0.030    -0.111     0.002     0.245     0.065     0.759    -0.174    -0.062    -1.073 

ddG: K47R    -0.869    -2.654     0.257     3.207     0.008    -1.015    -0.005    -0.021    -0.007    -0.343    -0.083     0.001    -0.277     0.075     0.040    -0.197    -0.023     0.167 

ddG: K47S     1.854     3.576    -0.506    -1.058    -0.004     0.150    -0.008     0.012     0.016    -0.043    -0.037     0.001    -0.227    -0.031    -0.161    -0.397     0.012     0.559 

ddG: K47T     0.220     2.223     0.256    -0.305     0.003    -0.307    -0.002     0.074    -0.041     0.044     0.009     0.000    -0.349     0.040    -1.050    -0.888    -0.033     0.544 

ddG: K47V    -0.188     1.125     1.358    -3.140     0.011    -0.315    -0.011     0.082    -0.093     0.166     0.030    -0.001    -0.322     0.201    -0.051    -0.410    -0.060     1.244 

ddG: K47W    -2.522    -8.057     0.983     1.922     0.019    -0.118     0.000    -0.044     0.004     0.019    -0.024     0.000    -0.137     0.303     1.433    -0.247    -0.043     1.466 

ddG: K47Y    -3.120    -5.893     0.815     0.138     0.023    -0.153    -0.011    -0.030    -0.016     0.046    -0.052     0.000     0.067     0.756     1.125    -0.385    -0.054     0.505 

