ddG: description total fa_atr fa_rep fa_sol fa_intra_rep fa_elec pro_close hbond_sr_bb hbond_lr_bb hbond_bb_sc hbond_sc dslf_fa13 rama omega fa_dun p_aa_pp yhh_planarity ref 
ddG: I66A     5.116    10.580    -1.008    -5.286    -0.004     2.284    -0.012    -0.089    -0.436    -0.076     1.592     0.000    -0.031     0.425    -2.506    -0.029    -0.001    -0.288 

ddG: I66C     6.174     7.823    -0.517    -1.906     0.001     1.964    -0.012     0.197    -0.585     0.011     1.185     0.000    -0.154     0.207    -1.347    -0.118    -0.001    -0.574 

ddG: I66D     7.713     5.093    -0.910     4.222    -0.001     2.249    -0.011    -1.331    -0.093     0.009     1.639     0.000    -0.060     0.317    -0.632    -0.223    -0.005    -2.553 

ddG: I66E     7.845    -4.417    -0.469    11.719    -0.016    -1.491     0.024     0.184    -0.403    -0.103     0.048     0.000    -0.060     0.032     6.065    -0.394    -0.001    -2.874 

ddG: I66F     1.901    -2.385     3.062    -3.402     0.024     2.013     0.056    -1.655     0.195     0.005     1.605     0.000    -0.047     1.050     2.399    -0.534     0.000    -0.483 

ddG: I66G     7.326     5.679    -0.817     2.534    -0.010    -0.554    -0.001     0.166    -0.610    -0.023    -0.022     0.000     0.189     0.173     0.892     0.563     0.000    -0.833 

ddG: I66H     4.923    -7.373     1.678     8.565    -0.006    -1.421     0.126    -0.193    -0.555     0.036     0.011     0.000    -0.169     0.466     4.317     0.011     0.001    -0.571 

ddG: I66H     5.196    -0.441     1.645     0.772    -0.001     1.441     0.122    -0.431    -0.576     0.009     1.570     0.000     0.107     0.738     0.820    -0.008     0.000    -0.571 

ddG: I66I     1.175     1.230    -0.245    -2.124     0.002     1.657    -0.007    -0.115    -0.032    -0.073     1.563     0.000     0.131     0.118    -0.962     0.032     0.000     0.000 

ddG: I66K     9.965     4.424    -0.712     0.819     0.003     1.755     0.023     0.022    -0.074     0.004     1.607     0.000    -0.067     0.563     3.100    -0.155     0.000    -1.348 

ddG: I66L     4.436     2.112     1.409    -1.930     0.001     1.789     0.064     0.092     0.456    -0.018     1.626     0.000    -0.259     0.003    -0.697     0.064     0.000    -0.276 

ddG: I66M     4.484     2.259     0.147    -1.923    -0.008     2.099     0.009     0.229     0.245     0.009     1.223     0.000    -0.422     0.186     0.830     0.413    -0.002    -0.811 

ddG: I66N     5.992     4.397    -0.706     0.893    -0.001     2.404    -0.004    -0.071    -0.284    -0.033     1.595     0.000     0.120     0.219    -0.483     0.085    -0.003    -2.137 

ddG: I66P     5.562     4.115     1.851    -0.529    -0.006     0.031     0.032     0.068     0.120     0.171     0.035     0.000     0.166     2.033    -0.451    -0.802    -0.007    -1.266 

ddG: I66Q     4.932    -2.109    -0.327     5.545    -0.024     0.103     0.043     0.096    -0.332    -0.071     0.050     0.000     0.049     0.100     4.437    -0.205     0.000    -2.421 

ddG: I66R     9.204     2.272    -0.404     3.660     0.010     1.301     0.011    -0.008    -0.681    -0.037     1.605     0.000     0.100     0.611     1.888     0.055     0.002    -1.182 

ddG: I66S     5.732     2.854    -0.978     4.848    -0.001    -1.155    -0.001     0.144    -0.447    -0.026     0.005     0.000    -0.163     0.120     1.233     0.090    -0.001    -0.789 

ddG: I66T     4.317     4.833    -0.938     0.045     0.002     1.116    -0.011    -0.049    -0.458    -0.062     1.600     0.000    -0.031     0.379    -1.230    -0.075    -0.001    -0.804 

ddG: I66V     2.005     6.138    -0.530    -5.005     0.013     2.240    -0.014    -0.196    -0.137    -0.087     1.559     0.000     0.175     0.274    -2.347     0.027    -0.001    -0.105 

ddG: I66W     3.945    -8.722     3.830     0.356     0.029     1.580     0.313    -0.311     0.095     0.189     1.619     0.000     0.485     0.956     3.611    -0.201    -0.001     0.118 

ddG: I66Y     5.652   -11.436     3.268     7.733     0.026    -1.036     0.036    -0.153     0.084     0.137     0.018     0.000    -0.209     0.663     7.617    -0.254     0.001    -0.844 

