ddG: description total fa_atr fa_rep fa_sol fa_intra_rep fa_elec pro_close hbond_sr_bb hbond_lr_bb hbond_bb_sc hbond_sc dslf_fa13 rama omega fa_dun p_aa_pp yhh_planarity ref 
ddG: Y75A     0.231     2.629    -0.284    -1.227    -0.028     0.032    -0.003    -0.149    -0.014     0.161    -0.235     0.001     0.244    -0.139    -1.792     0.536    -0.057     0.556 

ddG: Y75C    -0.055     2.421    -0.213    -0.865    -0.027     0.089     0.001    -0.020    -0.053     0.014    -0.351     0.002     0.230    -0.153    -1.624     0.248    -0.023     0.269 

ddG: Y75D     1.003     1.090    -0.316     1.656    -0.025     0.282    -0.004    -0.126    -0.015     0.087    -0.230     0.000    -0.001    -0.143     0.438     0.063    -0.043    -1.709 

ddG: Y75E     0.597     1.274    -0.330     0.601    -0.023     0.250    -0.003    -0.109    -0.018     0.135    -0.176     0.001     0.160    -0.126     0.711     0.329    -0.049    -2.031 

ddG: Y75F     0.554    -0.151     0.148     0.029     0.000     0.012    -0.004     0.014     0.005    -0.004    -0.116     0.000     0.067     0.019     0.021     0.131     0.021     0.360 

ddG: Y75G    -0.024     3.964    -0.370    -2.083    -0.029     0.031    -0.003    -0.113    -0.024     0.011    -0.205     0.000     0.273    -0.164    -1.764     0.497    -0.056     0.011 

ddG: Y75H     0.383     0.467     0.005     0.247    -0.025    -0.211    -0.001    -0.033    -0.013    -0.005     0.010    -0.001    -0.046    -0.019    -0.307     0.054    -0.012     0.272 

ddG: Y75H     0.393     0.489     0.016     0.208    -0.025    -0.201     0.000    -0.019    -0.008     0.002    -0.001     0.000    -0.044    -0.038    -0.305     0.058    -0.010     0.272 

ddG: Y75I     1.770     3.643    -0.191    -2.559    -0.012     1.449     0.003    -0.046     0.000     0.609     0.221     0.003     0.366     0.109    -2.910     0.193     0.048     0.844 

ddG: Y75K     0.288     1.780    -0.478     0.250    -0.025     0.110     0.002    -0.106    -0.013     0.073    -0.144     0.001     0.124    -0.092    -0.949     0.295    -0.034    -0.505 

ddG: Y75L    -0.235     1.111    -0.288     0.166    -0.021    -0.010    -0.003    -0.097    -0.024     0.033    -0.158     0.000     0.137    -0.121    -1.775     0.287    -0.040     0.567 

ddG: Y75M    -0.164     1.943    -0.399    -0.626    -0.024     0.003    -0.005    -0.079    -0.006     0.004    -0.160     0.000     0.077    -0.174    -1.032     0.323    -0.041     0.033 

ddG: Y75N    -1.406     1.400    -0.478     0.527    -0.025    -0.761    -0.001    -0.054    -0.017     0.039    -0.713     0.000    -0.046    -0.066     0.153    -0.026    -0.045    -1.294 

ddG: Y75P     2.413     3.868     1.187    -3.612    -0.026     1.267     0.267    -0.138     0.082     0.796     0.237     0.002     1.163     0.146    -2.663     0.152     0.109    -0.423 

ddG: Y75Q    -0.475     1.093    -0.281     0.181    -0.023     0.032    -0.007    -0.119    -0.029     0.099    -0.186     0.000     0.100    -0.122     0.142     0.289    -0.066    -1.578 

ddG: Y75R     1.102     1.724    -0.439     0.520    -0.018     0.062    -0.003    -0.111    -0.021     0.002    -0.098    -0.001     0.085    -0.161    -0.281     0.214    -0.033    -0.338 

ddG: Y75S    -0.309     2.148    -0.272     0.113    -0.028    -0.455     0.001    -0.168    -0.009     0.184    -1.110     0.000     0.229    -0.146    -1.135     0.349    -0.063     0.054 

ddG: Y75T     0.894     2.402    -0.039     0.412    -0.025    -0.135    -0.006    -0.040    -0.030     0.014    -0.188     0.001     0.190     0.120    -1.838     0.062    -0.047     0.040 

ddG: Y75V     1.804     4.049    -0.106    -2.957    -0.015     1.441     0.004    -0.129    -0.008     0.549     0.118     0.004     0.505     0.009    -2.924     0.487     0.039     0.739 

ddG: Y75W     1.313     0.465    -0.209     0.083    -0.002    -0.071     0.001     0.054     0.003    -0.034    -0.013     0.000     0.027     0.080     0.039    -0.071     0.001     0.961 

ddG: Y75Y    -0.013     0.010     0.014     0.004     0.000     0.005    -0.005    -0.023    -0.002     0.028    -0.061     0.000     0.024     0.019    -0.053     0.028    -0.002     0.000 

