ddG: description total fa_atr fa_rep fa_sol fa_intra_rep fa_elec pro_close hbond_sr_bb hbond_lr_bb hbond_bb_sc hbond_sc dslf_fa13 rama omega fa_dun p_aa_pp yhh_planarity ref 
ddG: G34A     3.439    -0.428     0.470    -0.694     0.003     0.101    -0.001     0.670     0.625     0.035    -0.016     0.002     0.831     1.045    -0.899     1.184    -0.034     0.545 

ddG: G34C     5.343    -1.838     1.544     0.614     0.007    -0.090     0.000     0.179     0.224     0.043     0.057     0.001     0.689     0.199     2.009     1.470    -0.023     0.258 

ddG: G34D     5.177    -3.691     0.507     4.527     0.008     0.198    -0.001     0.366     0.428     0.102     0.104     0.001     0.566     0.534     1.978     1.277    -0.007    -1.720 

ddG: G34E     6.778    -3.744     1.682     2.983     0.012     0.086    -0.001     0.173     0.288     0.058     0.052     0.002     0.825     0.042     4.416     1.966    -0.022    -2.041 

ddG: G34F    11.326   -11.815     7.995     3.020     0.028    -0.135    -0.001     0.603     1.106     0.535    -0.027     0.004     1.140     0.889     6.183     1.159     0.292     0.349 

ddG: G34G     0.390     0.222    -0.029    -0.051    -0.001     0.258    -0.003    -0.050    -0.013     0.070    -0.003     0.002     0.056    -0.037    -0.038     0.006     0.001     0.000 

ddG: G34H     9.321    -7.483     4.127     3.718     0.007    -0.757     0.011     0.564     1.043     0.338    -0.617    -0.001     0.503     0.822     5.857     0.690     0.236     0.261 

ddG: G34H     8.889    -7.725     4.117     3.896     0.008    -0.640     0.018     0.587     1.035     0.496    -0.696     0.001     0.491     0.852     5.259     0.693     0.237     0.261 

ddG: G34I     9.695    -5.046     4.394     1.319     0.079     0.657    -0.008     0.606     0.964     0.284     0.139     0.001     1.833     0.751     0.460     2.587    -0.158     0.833 

ddG: G34K     5.921    -4.598     2.070     2.512     0.028     0.128     0.000     0.269     0.509     0.047     0.051     0.000     0.806     0.162     3.175     1.334    -0.057    -0.516 

ddG: G34L     3.445    -3.520     0.437    -0.164     0.064     0.174    -0.003     0.672     0.700     0.032    -0.033     0.001     0.866     1.273     1.249     1.177    -0.037     0.556 

ddG: G34M     3.102    -5.216     1.298     1.286     0.069     0.135    -0.004     0.497     0.755     0.036    -0.047     0.003     0.582     0.777     1.685     1.251    -0.027     0.022 

ddG: G34N     1.767    -3.647     0.425     2.072     0.008    -0.117     0.000     0.416     0.401     0.041     0.055     0.002     0.332     0.715     1.499     0.885    -0.015    -1.304 

ddG: G34P    64.601    -1.994     2.381    -1.098     0.040     0.011    12.734     1.028     1.057     0.594    -0.716     0.003     2.317    34.967    14.776    -1.009    -0.053    -0.434 

ddG: G34Q     6.353    -5.492     3.628     2.997     0.005     0.199     0.012     0.593     0.900    -0.022     0.204     0.001     0.726     0.639     2.385     1.332    -0.165    -1.589 

ddG: G34R     4.894    -3.909     0.841     2.631     0.029    -0.101     0.004     0.329     0.398     0.028     0.033     0.002     0.578     0.498     2.597     1.359    -0.074    -0.349 

ddG: G34S     5.567    -2.256     1.500     2.338     0.002     0.392     0.002     0.405     0.550     0.062     0.009     0.003     0.912     0.472    -0.394     1.552    -0.025     0.043 

ddG: G34T     6.902    -3.418     2.149     2.903     0.043     0.557    -0.014     0.304     0.523     0.039    -0.009     0.001     1.098     0.182     1.133     1.408    -0.026     0.029 

ddG: G34V     6.969    -3.823     3.754     0.568     0.082     0.592    -0.009     0.425     0.780     0.049     0.047     0.002     1.669     0.428    -0.316     2.061    -0.067     0.728 

ddG: G34W    11.305   -16.506     9.134     6.061     0.027     0.004    -0.022     0.599     1.076     0.204     0.010     0.002     1.193     1.130     5.893     1.214     0.335     0.950 

ddG: G34Y    10.410    -9.543     3.234     2.683     0.037     0.244     0.026     0.366     0.749     0.515     0.211     0.002     0.504     0.727     9.467     1.232    -0.032    -0.011 

