ddG: description total fa_atr fa_rep fa_sol fa_intra_rep fa_elec pro_close hbond_sr_bb hbond_lr_bb hbond_bb_sc hbond_sc dslf_fa13 rama omega fa_dun p_aa_pp yhh_planarity ref 
ddG: G30A     1.758    -1.626     1.582    -0.083     0.001    -0.959     0.000     0.148    -0.054    -0.005    -0.594     0.157     0.721     1.857     0.183    -0.085    -0.027     0.545 

ddG: G30C     4.154    -3.306     1.848     1.846    -0.002    -0.698     0.000     0.092    -0.077    -0.025    -0.597     0.045     1.256     1.272     0.412     1.874    -0.043     0.258 

ddG: G30D     6.326    -7.262     2.541     8.153     0.009    -0.643     0.004     0.175    -0.138    -0.224    -0.350     0.061     0.250     1.743     2.670     1.055     0.002    -1.720 

ddG: G30E     4.862    -7.802     2.412     7.988     0.006    -1.617    -0.003     0.066    -0.080    -0.039    -0.591    -0.017     1.304     1.243     3.695     0.393    -0.055    -2.041 

ddG: G30F     3.855   -11.787     6.096     2.427     0.042    -0.364    -0.030     0.994    -0.114     0.143    -0.038     0.003     2.095    -0.050     3.621     0.530    -0.060     0.349 

ddG: G30G    -0.552     0.388    -0.323     0.193    -0.006    -0.493    -0.015     0.588     0.063    -0.573    -0.002     0.002    -0.052    -0.251    -0.031    -0.020    -0.020     0.000 

ddG: G30H     4.468   -11.993     5.758     5.085     0.001     0.410    -0.004    -0.067    -0.020    -0.571    -0.586    -0.081     1.028     0.324     3.917     1.047    -0.043     0.261 

ddG: G30H     3.553   -12.203     5.185     5.055     0.018    -0.173    -0.017     0.140    -0.142    -0.791    -0.557    -0.057     1.209    -0.146     4.983     0.830    -0.044     0.261 

ddG: G30I     7.390    -8.247     4.334     4.091     0.031    -0.357     0.013     0.076     0.031    -0.018    -0.507    -0.026     1.383     1.101     3.035     1.675    -0.061     0.833 

ddG: G30K     4.196    -5.191     1.192     4.245     0.000    -0.155    -0.014     0.923    -0.191    -0.746     0.919    -0.008     0.735     1.020     1.432     0.602    -0.052    -0.516 

ddG: G30L     4.030    -8.589     2.723     4.119     0.016    -0.475     0.007     0.381    -0.204    -0.097     0.377     0.088     0.693     1.115     1.161     2.205    -0.046     0.556 

ddG: G30M     4.599    -7.847     2.245     3.662     0.036    -0.394    -0.012     0.215    -0.271     0.446    -0.484     0.150     1.497     0.951     2.475     1.938    -0.030     0.022 

ddG: G30N     4.322    -6.844     2.142     5.259     0.006    -0.081     0.003     0.548    -0.065     0.055    -1.109     0.092     0.552     1.546     2.757     0.787    -0.023    -1.304 

ddG: G30P   205.537   -21.927   205.084    12.116    -0.007    -2.653     4.585    -1.687     0.238    -0.227     0.854     0.127     3.017     0.943     3.421     1.848     0.239    -0.434 

ddG: G30Q     1.809    -9.830     2.147     7.393     0.007    -1.403     0.002     0.204    -0.199    -0.006    -1.057     0.065     0.559     1.123     3.721     0.688    -0.016    -1.589 

ddG: G30R     3.584    -9.801     1.964     9.103     0.011    -0.994    -0.001     0.320    -0.076    -0.810    -0.587     0.016     0.426     1.066     1.999     1.322    -0.023    -0.349 

ddG: G30S     1.758    -1.798     1.077     2.001     0.000    -2.306     0.010     0.306    -0.020    -0.111    -0.743     0.185     0.855     1.581     0.186     0.515    -0.023     0.043 

ddG: G30T     2.342    -3.727     1.592     3.458     0.006    -2.678    -0.001     0.280     0.024    -0.849     0.183     0.071     0.625     1.437    -0.291     2.225    -0.042     0.029 

ddG: G30V     4.550    -6.059     3.664     3.136     0.014    -1.046     0.010     0.722    -0.184    -0.039    -1.116    -0.056     1.233     0.819     1.667     1.106    -0.049     0.728 

ddG: G30W     2.510   -12.983     3.742     4.484     0.038    -0.595    -0.002     0.354    -0.074    -0.418    -0.590     0.031     1.431     0.452     3.956     1.783    -0.049     0.950 

ddG: G30Y     4.917   -12.661     6.529     4.267     0.036     0.254     0.003     0.422    -0.049     0.228    -0.068    -0.043     1.724     0.306     2.232     1.769    -0.020    -0.011 

