ddG: description total fa_atr fa_rep fa_sol fa_intra_rep fa_elec pro_close hbond_sr_bb hbond_lr_bb hbond_bb_sc hbond_sc dslf_fa13 rama omega fa_dun p_aa_pp yhh_planarity ref 
ddG: K57A     1.663     2.519    -0.385    -2.090    -0.010     0.930    -0.001     0.200    -0.006    -0.112     1.475    -0.010    -0.069     0.310    -2.026    -0.114    -0.009     1.061 

ddG: K57C     1.559     1.278    -1.319    -0.644    -0.005     0.547    -0.016     0.955    -0.063    -0.692     1.512     0.058    -0.228    -0.178    -0.408     0.000    -0.011     0.774 

ddG: K57D     2.233    -0.434    -0.928     2.575     0.003     0.347    -0.012     0.812    -0.084    -0.743     0.455     0.100    -0.224    -0.468     2.209    -0.180     0.009    -1.204 

ddG: K57E     1.816    -0.928    -0.137     1.772     0.003     0.524    -0.002     0.198     0.004     0.051     0.602     0.032    -0.150     0.044     1.302    -0.007     0.034    -1.526 

ddG: K57F     0.126    -4.058    -0.431    -0.899     0.048     1.362     0.004    -0.535     0.021     0.031     0.677     0.113    -0.290    -0.338     3.668    -0.130     0.017     0.865 

ddG: K57G     1.733     2.901    -0.321    -1.364    -0.017     0.377    -0.011     0.577     0.062    -0.517     0.595     0.036     0.144    -0.198    -1.292     0.250    -0.003     0.516 

ddG: K57H     0.519    -0.863     0.035    -0.620    -0.009     0.681    -0.017     0.533     0.032    -0.816     1.450    -0.006    -0.011     0.198    -0.595    -0.257     0.006     0.777 

ddG: K57H     0.172    -2.131    -0.131    -0.734     0.004     0.918    -0.001    -0.055    -0.168    -0.054    -0.040    -0.011    -0.046    -0.347     2.183     0.011    -0.003     0.777 

ddG: K57I     2.413    -1.458     0.625    -0.226     0.012     0.844     0.005     0.266    -0.007     0.055     0.600     0.006     0.423     0.803    -1.122     0.238     0.001     1.348 

ddG: K57K     1.265    -0.431    -0.092     0.481    -0.002     0.558     0.003     0.169     0.019     0.073     0.590     0.120    -0.068     0.143    -0.240    -0.068     0.010     0.000 

ddG: K57L     0.312    -0.913    -0.084    -0.070     0.006     0.699    -0.004     0.166     0.000     0.056     0.602     0.036    -0.119     0.027    -1.121    -0.073     0.032     1.072 

ddG: K57M     1.599     0.864    -0.323    -0.308    -0.008     0.510    -0.017     0.714     0.057    -0.814     1.444     0.083     0.028     0.333    -1.362    -0.145     0.005     0.537 

ddG: K57N     0.528     0.494    -0.820     0.072     0.010     0.079    -0.016     0.282    -0.141    -0.278     1.411    -0.003     0.326     0.048     0.723    -0.855    -0.015    -0.789 

ddG: K57P    12.992     0.033     5.358    -1.911     0.014     1.275     0.056     3.299     0.000    -0.093     0.561    -0.042     0.437     1.269     2.204     0.469    -0.017     0.082 

ddG: K57Q    -0.412    -0.803    -0.821     0.674    -0.002    -0.048    -0.015     0.686    -0.103    -0.555     0.035    -0.016    -0.208    -0.628     2.443     0.036    -0.014    -1.073 

ddG: K57R     2.128    -2.016    -0.714     2.142     0.013     0.728     0.002     0.294    -0.164     0.022     0.554     0.022    -0.226    -0.402     1.555     0.137     0.016     0.167 

ddG: K57S     0.731     0.825     0.062     0.337    -0.007    -0.632    -0.002     0.009     0.010    -0.012     0.006    -0.006     0.007     0.095    -0.571     0.037     0.012     0.559 

ddG: K57T     0.198     0.745    -0.097     0.499    -0.006    -0.707     0.007     0.093     0.031    -0.080     0.003     0.001    -0.030     0.052    -0.902     0.045    -0.001     0.544 

ddG: K57V     3.404    -0.651    -0.878    -0.174     0.016     1.304    -0.013     1.425    -0.093    -0.881     1.933     0.087     0.226     0.499    -1.087     0.456    -0.010     1.244 

ddG: K57W    -0.338    -6.515     0.241     1.718     0.019     0.736     0.009     0.080     0.024    -0.094     0.517     0.035     0.016    -0.040     1.388     0.039     0.024     1.466 

ddG: K57Y     0.981    -1.601    -0.122    -0.450     0.019     1.081     0.004     0.161     0.020    -0.200     1.477    -0.004    -0.133     0.328     0.122    -0.216    -0.010     0.505 

