ddG: description total fa_atr fa_rep fa_sol fa_intra_rep fa_elec pro_close hbond_sr_bb hbond_lr_bb hbond_bb_sc hbond_sc dslf_fa13 rama omega fa_dun p_aa_pp yhh_planarity ref 
ddG: V52A     3.316     4.616    -0.777    -1.419    -0.010     0.052     0.001    -0.009     0.045    -0.088    -0.009     0.000     0.371     0.018     0.102     0.607     0.001    -0.183 

ddG: V52C     1.677     2.468     0.837    -0.099    -0.004    -0.017     0.003     0.000    -0.086     0.151     0.135     0.000     0.429    -0.198    -1.847     0.376    -0.002    -0.470 

ddG: V52D     5.848    -1.665     0.993     6.480     0.006     1.681    -0.001    -0.286     0.239     0.338     0.210     0.000     0.391     0.194    -0.445     0.173    -0.012    -2.448 

ddG: V52E     5.621    -1.502     1.208     6.665    -0.003     0.072     0.004    -0.108    -0.012     0.166     0.171     0.000     0.538     0.374     0.408     0.426    -0.017    -2.769 

ddG: V52F    10.850    -1.566     5.582    -2.124     0.009    -0.171    -0.004     0.216     0.416    -0.216    -2.416     0.000     0.564     0.179    10.217     0.550    -0.007    -0.379 

ddG: V52G     5.254     6.316    -0.706    -1.495    -0.010     0.000     0.001     0.006    -0.007    -0.154    -0.051     0.000     0.907    -0.087     0.138     1.125     0.000    -0.728 

ddG: V52H    12.712    -3.224     6.900     3.040    -0.005     0.665     0.003    -0.210     0.218     0.623     0.334     0.000     0.912     1.014     2.460     0.475    -0.026    -0.467 

ddG: V52H    10.863    -5.347     1.244     5.070    -0.003     1.193    -0.001     0.264     0.721     2.664    -0.324     0.000     0.226     0.340     5.127     0.158    -0.003    -0.467 

ddG: V52I    -0.966    -0.858     0.160    -1.126     0.008     0.094     0.000    -0.011    -0.011     0.041    -0.033     0.000    -0.013     0.142     0.567    -0.031     0.000     0.105 

ddG: V52K     6.389     2.789    -0.110     1.659     0.002     0.539     0.008     0.485    -0.144     1.178    -0.307     0.000     0.251     0.428     0.664     0.210    -0.019    -1.244 

ddG: V52L     0.999    -1.839     3.621    -0.167    -0.023    -0.530    -0.002     0.120     0.191     0.936    -3.087     0.000     0.098     0.992     0.795     0.084    -0.018    -0.172 

ddG: V52M     2.612     0.033     0.748     0.584    -0.004     0.485     0.008     0.447    -0.208     1.248    -0.285     0.000     0.333     0.228    -0.603     0.327    -0.023    -0.706 

ddG: V52N     4.394    -1.474     0.213     5.266    -0.011     0.612     0.008     0.424    -0.084     1.244    -0.285     0.000     0.319     0.038    -0.172     0.338    -0.011    -2.032 

ddG: V52P     3.233     4.129    -0.052    -1.691    -0.008     0.803     0.529     0.407     0.026     1.695    -0.085     0.000     0.457     0.533    -2.287    -0.042    -0.019    -1.162 

ddG: V52Q     5.921    -2.069     1.162     3.429    -0.001     1.771     0.006     0.189    -0.070     1.268    -0.323     0.000     0.327     0.629     1.582     0.353    -0.015    -2.317 

ddG: V52R     6.524    -0.692     0.390     4.136     0.015     0.716     0.010     0.425    -0.155     1.231    -0.323     0.000     0.361     0.430     0.771     0.308    -0.022    -1.077 

ddG: V52S     4.090     2.419     0.916     1.303     0.000     0.856    -0.001    -0.202     0.081     0.178     0.201     0.000     0.568     0.313    -2.354     0.500    -0.004    -0.685 

ddG: V52T     2.468     1.459    -0.021     2.034    -0.009     0.551     0.009     0.423    -0.204     1.176    -0.309     0.000     0.325     0.214    -2.705     0.234    -0.010    -0.699 

ddG: V52V    -1.433     0.712     1.202    -1.906     0.004     0.244     0.003     0.029    -0.135     0.301     0.179     0.000     0.320    -0.173    -2.202    -0.012     0.000     0.000 

ddG: V52W     6.382    -8.297     5.274     3.699     0.072    -0.783    -0.008    -0.275     0.701    -0.066    -2.586     0.000     0.504     0.380     7.255     0.288     0.002     0.222 

ddG: V52Y    11.403    -3.559     2.076     1.202     0.036    -0.038    -0.001    -0.030     0.428     0.078     0.052     0.000     0.602     0.495    10.126     0.572     0.101    -0.739 

