ddG: description total fa_atr fa_rep fa_sol fa_intra_rep fa_elec pro_close hbond_sr_bb hbond_lr_bb hbond_bb_sc hbond_sc dslf_fa13 rama omega fa_dun p_aa_pp yhh_planarity ref 
ddG: A16A     0.004     0.009    -0.006    -0.001     0.000     0.010     0.001    -0.004    -0.003     0.002    -0.003     0.000     0.003    -0.011     0.006     0.001     0.001     0.000 

ddG: A16C    -0.985    -2.145     1.532     0.784     0.010     1.318     0.001    -0.171     0.107     0.196     0.211     0.000     0.083     0.176    -2.431    -0.365    -0.005    -0.287 

ddG: A16D     2.371    -3.769     1.866     5.317     0.017     0.523     0.001     0.034     0.138     1.750     0.290     0.000     0.070    -0.265    -0.409    -0.913    -0.015    -2.265 

ddG: A16E    -0.822    -3.178     1.443     3.285     0.011     0.167     0.005     0.038    -0.135     0.170     0.187     0.000     0.155    -0.185    -0.024    -0.172    -0.001    -2.586 

ddG: A16F    -0.033    -8.623     2.513     2.510     0.046     1.277     0.081     0.043     0.224     1.784     0.279     0.000     0.261    -0.167     0.244    -0.306    -0.003    -0.196 

ddG: A16G     0.232    -0.055     1.598     0.309     0.016     0.938     0.002     0.039     0.083     1.587     0.240     0.000    -0.179    -0.188    -2.258    -1.342    -0.015    -0.545 

ddG: A16H    -0.662    -6.987     1.891     3.797     0.020     1.090     0.009     0.041     0.120     1.763     0.259     0.000    -0.053    -0.219    -0.906    -1.204    -0.002    -0.284 

ddG: A16H    -1.306    -7.455     3.606     4.595     0.001    -1.148     0.002     0.096     0.185     1.341    -2.439     0.000    -0.227    -0.072     1.595    -1.098    -0.005    -0.284 

ddG: A16I     0.247    -4.262     2.250     0.110     0.209     1.351     0.000    -0.180     0.098     0.138     0.217     0.000     0.957     0.163    -1.606     0.521    -0.006     0.288 

ddG: A16K    -1.614    -3.714     1.507     2.921     0.010     0.346     0.008     0.053    -0.046     0.143     0.191     0.000     0.062    -0.361    -1.485    -0.173    -0.015    -1.061 

ddG: A16L    -0.081    -5.377     3.746     2.159     0.011     0.012    -0.011    -0.084     0.464     1.355    -2.528     0.000     0.221     0.258    -0.002    -0.310    -0.008     0.011 

ddG: A16M    -0.002    -2.546     1.667    -0.329     0.014     1.790    -0.004    -0.166    -0.038     0.265     0.250     0.000     0.085     0.200    -0.505    -0.163    -0.001    -0.523 

ddG: A16N    -2.649    -3.374     1.619     2.830     0.007    -0.277     0.007     0.015     0.001     0.247     0.284     0.000    -0.175    -0.311    -0.802    -0.857    -0.014    -1.849 

ddG: A16P    64.275    -1.795     3.383    -0.030     0.064     0.701    15.546     0.525     0.388     1.182    -0.394     0.000     1.456    31.544    13.164    -0.475    -0.006    -0.979 

ddG: A16Q    -2.602    -3.465     1.554     1.612     0.005     0.147     0.003     0.033    -0.113     0.185     0.174     0.000     0.013    -0.102    -0.077    -0.424    -0.015    -2.134 

ddG: A16R     0.568    -8.189     1.541     9.193     0.008    -0.510     0.010     0.052    -0.141     0.089    -0.605     0.000    -0.218    -0.205     0.587    -0.134    -0.015    -0.894 

ddG: A16S     1.662    -3.120     1.884     5.125     0.000     0.346    -0.009    -0.198    -0.168     0.058    -1.019     0.000    -0.148     0.396    -0.553    -0.418    -0.011    -0.502 

ddG: A16T     1.151    -4.269     3.311     5.283    -0.009    -2.506    -0.003     0.415    -0.184    -0.359    -3.690     0.000     0.595     0.417     2.123     0.556    -0.014    -0.516 

ddG: A16V    -0.248    -3.184     2.343     0.204     0.026     0.350    -0.004     0.039    -0.009     0.139     0.139     0.000     0.872    -0.219    -1.877     0.765    -0.015     0.183 

ddG: A16W    -0.579   -15.520     6.221     5.390     0.004     0.255     0.057    -0.020     0.416     1.441    -2.337     0.000     0.346     0.535     2.682    -0.449    -0.006     0.405 

ddG: A16Y     0.662   -10.591     4.577     4.961     0.030     0.063     0.032    -0.090     0.464     1.560    -2.477     0.000    -0.010     0.308     2.632    -0.319     0.077    -0.556 

