ddG: description total fa_atr fa_rep fa_sol fa_intra_rep fa_elec pro_close hbond_sr_bb hbond_lr_bb hbond_bb_sc hbond_sc dslf_fa13 rama omega fa_dun p_aa_pp yhh_planarity ref 
ddG: D39A    -0.191     2.135     0.337    -5.857     0.006     2.353    -0.002    -0.207     0.133     1.140    -0.082     0.000    -0.074     0.362    -2.691    -0.016     0.009     2.265 

ddG: D39C    -0.624    -0.308     2.000    -4.142     0.015     1.984    -0.008    -0.584     0.178    -0.197     0.450     0.000     0.043     0.362    -2.296    -0.113     0.014     1.978 

ddG: D39D     0.099    -0.307     0.120     0.319     0.004     0.002     0.002     0.032    -0.016    -0.058    -0.062     0.000     0.001     0.002     0.056     0.006     0.000     0.000 

ddG: D39E     1.294    -2.043     0.385     0.071     0.011     0.361    -0.010    -0.423     0.102    -0.406     0.240     0.000     0.206    -0.068     2.504     0.665     0.021    -0.322 

ddG: D39F     2.220    -4.527     4.218    -3.237     0.012     1.322    -0.003     0.014    -0.065     0.863    -0.047     0.000     0.712     0.256     0.643    -0.021     0.011     2.069 

ddG: D39G    -0.671     3.882     0.176    -5.039     0.000     1.038     0.000     0.030    -0.044     1.249    -0.022     0.000    -0.116    -0.060    -2.874    -0.627     0.014     1.720 

ddG: D39H    -0.516    -3.944     1.715    -1.968     0.012     0.473    -0.004    -0.455     0.063    -0.904     0.404     0.000     0.231    -0.246     1.899     0.210     0.018     1.981 

ddG: D39H    -0.760    -3.882     1.757    -2.041     0.014     0.107    -0.003    -0.464     0.087    -0.892     0.476     0.000     0.239    -0.260     1.906     0.211     0.004     1.981 

ddG: D39I     1.311    -0.798     4.006    -4.311     0.035     1.763    -0.016    -0.651    -0.107    -0.518     0.104     0.000     0.733     0.271    -2.213     0.453     0.009     2.553 

ddG: D39K     1.956    -2.105     1.020    -1.276     0.010     2.082    -0.003    -0.238     0.145     0.888    -0.017     0.000     0.064     0.532    -0.914     0.554     0.009     1.204 

ddG: D39L     1.706    -0.589    -0.303    -2.630     0.002     0.889    -0.010    -0.475     0.186    -0.073     0.260     0.000     0.520    -0.059     0.831     0.862     0.019     2.276 

ddG: D39M     0.221    -0.821    -0.210    -2.947     0.003     0.988    -0.003    -0.010     0.044     0.519    -0.207     0.000    -0.148     0.210     0.554     0.492     0.015     1.742 

ddG: D39N    -2.188    -1.499     1.282    -1.234     0.009    -0.131    -0.005    -0.439     0.055    -1.287     0.441     0.000     0.260    -0.321     0.027     0.236     0.003     0.415 

ddG: D39P    11.750    -0.519     5.971    -4.866     0.001     0.832     3.633    -0.556     0.364     0.373     0.497     0.000     1.622     0.749     1.351     1.009     0.003     1.286 

ddG: D39Q    -0.492    -2.325     0.468    -1.897     0.009     0.802    -0.009    -0.429     0.102    -0.423     0.252     0.000     0.079    -0.125     2.369     0.485     0.020     0.131 

ddG: D39R     2.171    -2.856     0.948     0.579     0.020     1.501     0.001     0.022    -0.051     0.755    -0.047     0.000     0.026     0.138    -0.689     0.441     0.013     1.371 

ddG: D39S    -0.491     1.569    -0.275    -3.259     0.004     0.337    -0.011    -0.446     0.144    -0.204     0.237     0.000    -0.219    -0.239     0.071     0.018     0.019     1.763 

ddG: D39T    -0.911     0.042     0.775    -2.553     0.018     0.220    -0.001     0.058    -0.057     0.510    -0.075     0.000     0.123     0.373    -1.931    -0.174     0.014     1.749 

ddG: D39V     0.531    -0.969     2.384    -2.997     0.016     0.749    -0.006    -0.437     0.053    -0.368     0.446     0.000     0.604    -0.062    -2.151     0.818     0.003     2.448 

ddG: D39W     1.042    -7.933     1.634     0.180     0.033     2.118    -0.002    -0.240     0.122     1.006    -0.086     0.000    -0.102     0.502     1.225    -0.094     0.009     2.670 

ddG: D39Y     1.375    -5.549    -0.290    -0.773     0.029     1.448    -0.003    -0.072     0.085     0.751    -0.252     0.000    -0.288     0.154     4.226     0.161     0.041     1.709 

