ddG: description total fa_atr fa_rep fa_sol fa_intra_rep fa_elec pro_close hbond_sr_bb hbond_lr_bb hbond_bb_sc hbond_sc dslf_fa13 rama omega fa_dun p_aa_pp yhh_planarity ref 
ddG: V43A     3.252     4.802    -0.448    -1.523    -0.010     0.190     0.000    -0.007    -0.058    -0.042     0.000     0.000     0.197    -0.054     0.078     0.310     0.000    -0.183 

ddG: V43C     2.827     2.823    -0.473     0.391    -0.010     0.113     0.000    -0.035    -0.031    -0.058    -0.004     0.000     0.133     0.039     0.285     0.124     0.000    -0.470 

ddG: V43D     7.414    -2.128    -0.303     9.861     0.006     0.422    -0.001     0.222     0.096     0.010    -0.396     0.000    -0.084    -0.114     2.268     0.003     0.000    -2.448 

ddG: V43E     6.108   -11.006     0.296    17.078    -0.003    -2.011     0.004     0.116    -0.014    -0.035    -1.543     0.000    -0.084    -0.145     5.909     0.313     0.000    -2.769 

ddG: V43F     9.240   -10.620     8.588     4.453     0.038    -0.161    -0.007     0.373    -0.158     0.207     0.048     0.000     0.234     0.381     5.838     0.404     0.000    -0.379 

ddG: V43G     4.786     3.268    -0.411     2.223    -0.007    -0.580     0.003    -0.943     0.171     0.021    -0.325     0.000     0.295    -0.185     1.504     0.480     0.000    -0.728 

ddG: V43H     2.020   -14.697     1.948    13.692    -0.008    -2.823     0.002     0.315    -0.015     0.048    -1.477     0.000    -0.117    -0.348     5.817     0.150     0.000    -0.467 

ddG: V43H     2.283    -7.775     1.912     5.903    -0.003     0.068    -0.003     0.075    -0.053     0.036     0.026     0.000     0.171    -0.070     2.327     0.137     0.000    -0.467 

ddG: V43I     2.866    -9.477     2.506     9.098     0.013    -3.057     0.013     0.330     0.079     0.601    -1.946     0.000    -0.355    -0.173     4.877     0.253     0.000     0.105 

ddG: V43K     4.818    -6.259     0.254    10.924     0.001    -4.192     0.006     0.224     0.021    -0.426    -1.502     0.000    -0.113    -0.381     7.293     0.213     0.000    -1.244 

ddG: V43L     0.006    -2.668     1.074     0.538     0.004    -0.025    -0.006    -0.018    -0.020    -0.069    -0.058     0.000     0.245    -0.089     1.112     0.157     0.000    -0.172 

ddG: V43M     2.817    -2.727     1.192     1.834     0.000     0.221    -0.008    -0.159    -0.009    -0.126    -0.005     0.000     0.171     0.213     2.634     0.292     0.000    -0.706 

ddG: V43N     2.678    -8.734    -0.506    12.717    -0.006    -2.525     0.001     0.217     0.061    -0.052    -1.579     0.000    -0.107    -0.213     5.352     0.083     0.000    -2.032 

ddG: V43P     1.670     0.343    -0.423     1.250    -0.009    -0.482     0.094     0.065    -0.057    -0.068     0.003     0.000     0.264    -0.101     2.080    -0.127     0.000    -1.162 

ddG: V43Q     1.781    -4.604     0.714     7.137     0.005     0.091    -0.004    -1.083     0.196    -0.019    -0.312     0.000    -0.214     0.043     2.318    -0.172     0.000    -2.317 

ddG: V43R     6.750    -2.737     0.024     6.293     0.013    -0.792    -0.003     0.047    -0.015    -0.033     0.032     0.000     0.108    -0.135     4.723     0.303     0.000    -1.077 

ddG: V43S     5.023     1.374    -0.543     3.414    -0.011    -0.536     0.002     0.040    -0.047    -0.016     0.043     0.000     0.202    -0.110     1.551     0.343     0.000    -0.685 

ddG: V43T     2.640     1.811    -0.388     1.320    -0.004     0.039    -0.001    -0.017    -0.051     0.004     0.033     0.000     0.268    -0.046     0.102     0.269     0.000    -0.699 

ddG: V43V    -0.282    -6.937     0.041     7.798    -0.004    -2.883     0.004     0.242     0.030     0.008    -1.552     0.000    -0.279    -0.272     3.497     0.026     0.000     0.000 

ddG: V43W    21.005   -13.816    15.515     4.861     0.078     4.890    -0.014    -0.891    -0.094     2.317     1.651     0.000     1.295     2.856     1.942     0.194    -0.001     0.222 

ddG: V43Y     9.022   -10.529     6.803     6.432     0.041     0.496    -0.022     0.124     0.313     0.329     0.233     0.000     0.846     1.481     2.128     0.694     0.392    -0.739 

