ddG: description total fa_atr fa_rep fa_sol fa_intra_rep fa_elec pro_close hbond_sr_bb hbond_lr_bb hbond_bb_sc hbond_sc dslf_fa13 rama omega fa_dun p_aa_pp yhh_planarity ref 
ddG: C76A    -0.163     2.271    -0.649    -2.750    -0.007    -0.096    -0.011    -0.481     0.013    -1.294     0.262     0.000     0.185    -0.035     2.119     0.012     0.011     0.287 

ddG: C76C    -1.153    -0.166     0.748    -0.768     0.002    -0.212    -0.006    -0.458     0.069    -0.966     0.520     0.000     0.197    -0.330     0.137     0.075     0.005     0.000 

ddG: C76D     4.122    -5.877     3.003     9.172    -0.014    -2.259    -0.001    -0.401     0.064    -1.439    -2.216     0.000     0.339    -0.326     5.462     0.583     0.010    -1.978 

ddG: C76E     2.286    -5.909     1.766     7.733    -0.002    -1.521     0.012    -0.096    -0.269     0.177    -0.500     0.000     0.098    -0.114     2.770    -0.003     0.443    -2.300 

ddG: C76F     9.429   -12.028     8.580     0.268     0.049     2.280     0.029    -0.605     2.649     1.015     0.905     0.000     0.337     1.446     4.436    -0.040     0.018     0.091 

ddG: C76G     2.797     4.929     0.419    -1.840    -0.005    -0.096    -0.010    -0.418     0.004    -1.000     0.544     0.000     0.809    -0.173    -0.628     0.512     0.007    -0.258 

ddG: C76H     4.366   -10.903     5.778     5.400     0.021    -1.651    -0.005    -0.024     1.222    -0.586    -3.098     0.000     0.079     1.623     6.333     0.170     0.004     0.003 

ddG: C76H     4.100   -10.932     5.078     4.175     0.050     0.042    -0.002    -0.520     1.226    -1.186     0.252     0.000     0.477     1.231     4.110     0.089     0.008     0.003 

ddG: C76I    -1.727    -4.814     3.319    -1.718     0.021    -0.168     0.006    -0.582     0.145    -1.415     0.505     0.000    -0.181    -0.725     3.719    -0.418     0.005     0.574 

ddG: C76K     9.466    -5.896     5.039     5.585    -0.002     2.908     0.006    -0.282     1.358     0.663     0.057     0.000     0.118     0.801    -0.051    -0.123     0.058    -0.774 

ddG: C76L    -0.426    -5.280     2.688    -0.715     0.034     0.598     0.003    -0.059     0.066     0.208     0.083     0.000     0.067     0.021     1.865    -0.308     0.006     0.298 

ddG: C76M     0.072    -4.365     2.953    -0.615     0.002     1.361    -0.021    -0.795    -0.162    -0.791     0.174     0.000    -0.257     0.297     2.907    -0.394     0.012    -0.237 

ddG: C76N     1.986    -6.170     1.972     5.821     0.006     0.274     0.014    -0.458     0.266    -1.079     0.524     0.000     0.325    -0.344     2.142     0.251     0.005    -1.563 

ddG: C76P     8.433    -2.335     5.473    -2.023     0.012     0.907     0.384    -0.507     2.141    -1.105     0.470     0.000     1.066     1.785     2.896    -0.056     0.016    -0.692 

ddG: C76Q     0.666    -7.682     2.696     5.414    -0.004     1.028    -0.007    -0.291     0.591    -0.697     0.040     0.000    -0.144     0.486     1.297    -0.217     0.002    -1.847 

ddG: C76R     9.640    -9.925     6.353     9.386     0.012     2.746    -0.001    -0.723     1.397    -0.644     0.575     0.000     0.101     0.053     1.182    -0.272     0.009    -0.607 

ddG: C76S     0.541     1.094     0.610     0.119     0.002    -0.298    -0.007    -0.431    -0.097    -1.064     0.474     0.000     0.335    -0.290     0.186     0.119     0.004    -0.215 

ddG: C76T     1.815    -0.563     1.258     1.425     0.013     0.336     0.007    -0.043    -0.085    -0.008    -0.189     0.000     0.042     0.155     0.070    -0.378     0.005    -0.229 

ddG: C76V    -1.313    -2.546     0.335    -1.587     0.015     0.296     0.000    -0.070    -0.266    -0.332    -0.152     0.000    -0.360    -0.148     3.561    -0.533     0.005     0.470 

ddG: C76W     9.005   -18.504     7.579     8.069     0.057     1.265    -0.019    -0.268     0.264    -0.308    -0.429     0.000     0.501     2.245     8.561    -0.706     0.006     0.692 

ddG: C76Y     9.854   -12.180     7.640     4.795     0.055     0.407    -0.017    -0.326     0.123    -0.304    -0.877     0.000     0.452     2.304     8.874    -0.837     0.015    -0.269 

