ddG: description total fa_atr fa_rep fa_sol fa_intra_rep fa_elec pro_close hbond_sr_bb hbond_lr_bb hbond_bb_sc hbond_sc dslf_fa13 rama omega fa_dun p_aa_pp yhh_planarity ref 
ddG: S70A    -1.144     2.755    -0.502    -5.547     0.003    -0.502    -0.012     0.578     0.005     2.475    -0.840     0.000     0.099     0.021    -0.102    -0.094     0.017     0.502 

ddG: S70C     3.097    -0.233     1.483    -1.374    -0.004    -0.142    -0.018     0.467    -0.034     2.344    -0.786     0.000     0.072     0.117     0.847     0.149    -0.006     0.215 

ddG: S70D     7.322    -5.653     1.926     8.272     0.004    -1.233    -0.022     0.507    -0.090     1.914    -0.784     0.000     0.203     0.050     3.761     0.234    -0.006    -1.763 

ddG: S70E     7.809    -6.149     3.712     4.812     0.015    -1.882     0.145     0.967     0.141     1.956    -0.838     0.000     0.335     0.134     6.722    -0.194     0.018    -2.085 

ddG: S70F     4.181    -9.247     5.492    -1.343     0.036    -0.671     0.057     0.468     0.417     2.456    -0.846     0.000     0.405     0.402     6.286    -0.049     0.012     0.306 

ddG: S70G     2.458     4.757    -0.387    -4.262     0.004     1.240    -0.013    -0.015    -0.050     1.037    -0.056     0.000     0.283     0.069    -0.476     0.355     0.016    -0.043 

ddG: S70H     3.770    -8.943     4.323     2.259     0.009    -1.125     0.114     0.664     0.231     1.199    -0.851     0.000     0.361     0.046     5.407    -0.158     0.016     0.218 

ddG: S70H     3.620   -10.164     4.134     2.905     0.019    -0.519     0.094     0.828     0.135     1.230    -0.650     0.000     0.438     0.147     4.589     0.235    -0.020     0.218 

ddG: S70I    11.673    -6.307     7.032    -0.192     0.023     1.090     0.139    -0.108     0.435     0.882    -0.009     0.000     0.467     0.407     6.268     0.760    -0.003     0.789 

ddG: S70K    11.872    -4.238     4.848     2.248     0.014    -0.557     0.094     0.498     0.435     2.325    -0.794     0.000     0.459     0.347     6.758    -0.007     0.000    -0.559 

ddG: S70L    16.139    -3.801     9.183    -2.533     0.045     2.599     0.070     0.693     0.118    -0.094     0.657     0.000     0.680     1.384     6.407     0.260    -0.041     0.513 

ddG: S70M     9.829    -3.273     5.071    -0.683     0.010    -0.566     0.090     0.445     0.436     2.316    -0.788     0.000     0.348     0.168     6.357    -0.064    -0.017    -0.022 

ddG: S70N     7.468    -5.566     3.153     4.434     0.007    -0.063    -0.014     0.471    -0.064     2.321    -0.782     0.000     0.320     0.080     4.230     0.292    -0.004    -1.348 

ddG: S70P    -1.664    -1.093     2.201    -6.455     0.012     0.364     0.222     0.450    -0.146     2.545    -0.120     0.000     0.308     0.463     0.916    -0.807    -0.048    -0.477 

ddG: S70Q    13.397    -4.399     5.868     2.174     0.023    -0.306     0.102     0.457     0.408     2.438    -0.849     0.000     0.452     0.430     8.156     0.061     0.017    -1.632 

ddG: S70R    13.264    -7.462     5.223     6.063     0.019     0.689     0.100    -0.011     0.456     0.895    -0.004     0.000     0.457     0.317     6.867     0.058    -0.012    -0.392 

ddG: S70S    -0.678     1.965    -0.730    -1.432     0.003    -1.809     0.003     0.513    -0.012     1.536    -0.840     0.000     0.117     0.128     0.204    -0.346     0.022     0.000 

ddG: S70T     7.508    -2.781     6.228     0.540     0.015    -1.193     0.345     0.594     0.161    -0.171    -0.961     0.000     0.476     0.813     3.277     0.167     0.013    -0.015 

ddG: S70V    10.346    -1.631     7.938    -4.369     0.037     0.494     0.044     0.720    -0.056     2.445    -0.854     0.000     0.700     0.906     2.388     0.877     0.023     0.685 

ddG: S70W     8.215   -13.040     7.478     2.318     0.040    -0.831     0.091     0.502     0.480     2.310    -0.790     0.000     0.597     1.003     7.186    -0.036     0.000     0.907 

ddG: S70Y     4.213    -9.735     5.446    -0.506     0.035    -0.662     0.053     0.500     0.420     2.457    -0.849     0.000     0.400     0.409     6.252     0.025     0.022    -0.054 

