ddG: description total fa_atr fa_rep fa_sol fa_intra_rep fa_elec pro_close hbond_sr_bb hbond_lr_bb hbond_bb_sc hbond_sc dslf_fa13 rama omega fa_dun p_aa_pp yhh_planarity ref 
ddG: E25A    -0.345    -0.888    -0.126     0.418    -0.004    -0.711     0.001    -0.411    -0.011    -0.055     0.008     0.000     0.169     0.089    -1.657     0.249     0.000     2.586 

ddG: E25C     0.516     5.357    -0.039    -6.539     0.000     2.390    -0.003    -0.190    -0.032    -0.042     1.594     0.000     0.302     0.241    -4.953     0.130     0.000     2.300 

ddG: E25D     2.372     4.508    -0.140    -3.816     0.003     2.365    -0.002    -0.681    -0.016    -0.049     1.582     0.000     0.491     0.504    -2.799     0.099     0.000     0.322 

ddG: E25E     0.712     4.102    -0.159    -4.976     0.003     2.228    -0.006    -0.173    -0.028    -0.046     1.566     0.000     0.211     0.202    -2.220     0.008     0.000     0.000 

ddG: E25F    -0.412     3.348    -0.184    -7.004     0.031     2.189    -0.003    -0.126    -0.030    -0.042     1.606     0.000     0.330     0.228    -3.385     0.237     0.000     2.391 

ddG: E25G     1.289     7.720    -0.180    -7.455    -0.001     2.085    -0.004    -0.676    -0.017    -0.056     1.568     0.000     0.671     0.408    -5.162     0.346     0.000     2.041 

ddG: E25H     0.743     1.211    -0.140    -3.734     0.004     1.626     0.001    -0.114    -0.025    -0.035     1.636     0.000     0.233     0.159    -2.361    -0.020     0.000     2.303 

ddG: E25H     0.711     1.222    -0.125    -3.752     0.004     1.587    -0.004    -0.107    -0.044    -0.041     1.631     0.000     0.232     0.161    -2.340    -0.015     0.000     2.303 

ddG: E25I    -1.412    -3.255    -0.016     0.624     0.022    -0.756     0.001     0.054     0.006    -0.013     0.018     0.000     0.013    -0.060    -0.930     0.003     0.000     2.874 

ddG: E25K    -0.385    -3.387     0.029     2.171     0.002    -0.556     0.003     0.036     0.016    -0.001     0.047     0.000    -0.054    -0.064    -0.242     0.090     0.000     1.526 

ddG: E25L    -2.414    -0.104     0.078    -2.219     0.007    -0.143     0.005    -0.539     0.020    -0.016    -0.038     0.000     0.133     0.138    -2.457     0.123     0.000     2.598 

ddG: E25M    -0.268     4.209    -0.131    -6.894     0.003     2.491    -0.002    -0.180    -0.061    -0.048     1.625     0.000     0.324     0.212    -4.139     0.261     0.000     2.063 

ddG: E25N     1.281     1.479    -0.242    -2.795     0.002     1.710    -0.004    -0.419    -0.034    -0.074     1.602     0.000     0.429     0.222    -1.568     0.235     0.000     0.737 

ddG: E25P     8.106     3.213     8.320    -7.679     0.000     1.896     0.124     0.692    -0.004    -0.081     1.487     0.000     0.517     0.660    -3.641     0.993     0.000     1.608 

ddG: E25Q    -0.793     3.390    -0.076    -5.893     0.005     2.280    -0.003    -0.535    -0.036    -0.048     1.572     0.000     0.284     0.293    -2.556     0.077     0.000     0.453 

ddG: E25R     1.414    -3.630     0.004     3.380     0.008    -0.560     0.004     0.068     0.009    -0.008     0.028     0.000    -0.006     0.002     0.290     0.133     0.000     1.692 

ddG: E25S     0.497     1.605    -0.014    -0.966    -0.003    -0.073     0.004    -0.313     0.014    -0.042     0.013     0.000     0.184     0.010    -2.317     0.310     0.000     2.085 

ddG: E25T     0.571    -1.440    -0.140     1.884     0.008    -0.551     0.002     0.062     0.004    -0.018     0.023     0.000     0.098    -0.071    -1.596     0.238     0.000     2.070 

ddG: E25V    -1.888     4.140    -0.112    -7.147     0.018     2.143    -0.001    -0.587    -0.013    -0.048     1.558     0.000     0.331     0.235    -5.136    -0.038     0.000     2.769 

ddG: E25W    -0.842    -2.888     0.268    -3.229     0.027     1.466    -0.001    -0.507    -0.029    -0.063     1.592     0.000     0.271     0.220    -1.190     0.228     0.000     2.992 

ddG: E25Y    -0.961     0.025    -0.234    -3.861     0.029     1.536    -0.002    -0.567    -0.027    -0.074     1.576     0.000     0.317     0.268    -2.161     0.183     0.000     2.031 

