ddG: description total fa_atr fa_rep fa_sol fa_intra_rep fa_elec pro_close hbond_sr_bb hbond_lr_bb hbond_bb_sc hbond_sc dslf_fa13 rama omega fa_dun p_aa_pp yhh_planarity ref 
ddG: F94A     3.493     9.663    -1.096    -1.925    -0.038    -0.668    -0.017     0.689     0.035    -0.743    -0.633    -0.075    -0.035    -0.007    -1.753    -0.079    -0.021     0.196 

ddG: F94C     4.868     8.177    -0.730    -0.873    -0.037    -0.028    -0.003     0.081    -0.001    -0.009    -0.518    -0.078     0.053    -0.045    -1.394     0.373    -0.008    -0.091 

ddG: F94D     8.349     6.748    -1.045     4.559    -0.031     0.047    -0.020     1.427     0.095    -0.921     1.372    -0.006    -0.382     0.167    -1.433    -0.167     0.008    -2.069 

ddG: F94E     5.867     5.695    -1.135     1.997    -0.022     0.139    -0.005     0.144    -0.156    -0.107    -0.638    -0.058    -0.266    -0.382     2.992     0.074    -0.014    -2.391 

ddG: F94F    -0.170    -0.145    -0.038     0.074    -0.002     0.427     0.004    -0.612     0.147     0.015     0.129    -0.006    -0.175     0.036     0.143    -0.168     0.001     0.000 

ddG: F94G     6.119    11.232    -1.412    -2.218    -0.031     0.440     0.005    -0.438     0.207     0.011     0.129     0.020    -0.060     0.028    -1.649     0.208    -0.003    -0.349 

ddG: F94H     2.416     1.436    -0.633     2.142    -0.035    -0.201    -0.015     0.528     0.062    -0.582    -0.015    -0.008    -0.076    -0.077    -0.096     0.085    -0.014    -0.088 

ddG: F94H     2.582     1.412    -0.187     1.474    -0.026    -0.183    -0.001    -0.203     0.045    -0.008    -0.521     0.046     0.099     0.212     0.386     0.127    -0.002    -0.088 

ddG: F94I     4.604     5.526    -0.081    -0.934     0.000     0.036    -0.003     0.084    -0.012    -0.006    -0.011    -0.011     0.022    -0.094    -0.510     0.102     0.013     0.483 

ddG: F94K     4.795     5.441    -0.632     0.999    -0.029    -0.316     0.000    -0.002     0.053    -0.065    -0.598     0.049    -0.108     0.066     0.701     0.093     0.008    -0.865 

ddG: F94L     1.089     5.373    -0.534    -1.120    -0.028    -0.870     0.002     0.189     0.017    -0.734    -0.641    -0.067     0.220     0.092    -0.853    -0.164    -0.001     0.207 

ddG: F94M     4.103     6.018    -0.753    -0.873    -0.026     0.071     0.004     0.079     0.005    -0.004    -0.016    -0.015    -0.068     0.058    -0.061     0.010     0.005    -0.328 

ddG: F94N     5.905     6.177    -1.255     1.835    -0.041    -0.097    -0.017     0.651     0.058    -0.712     0.956    -0.057     0.030     0.082    -0.159     0.132    -0.023    -1.654 

ddG: F94P     9.161     6.103     3.117    -2.129    -0.024     0.702     0.349     0.741    -0.006    -0.985    -0.028    -0.118     0.233     1.490     0.972    -0.485     0.010    -0.783 

ddG: F94Q     3.118     6.617    -0.855    -0.424    -0.030    -0.500     0.006     0.229     0.033    -0.149    -0.602    -0.048    -0.147    -0.065     0.960     0.036    -0.005    -1.938 

ddG: F94R     6.959     2.482    -0.851     4.893    -0.019     0.117     0.002     0.099     0.037    -0.012    -0.022     0.096    -0.168     0.075     0.919     0.004     0.005    -0.698 

ddG: F94S     5.448     8.633    -1.566     1.171    -0.031    -0.855     0.001     0.773     0.011    -0.726    -0.104    -0.043    -0.211     0.196    -1.557     0.084    -0.021    -0.306 

ddG: F94T     3.532     7.588    -0.733     0.343    -0.027    -1.304    -0.014     0.645     0.033    -0.723    -0.632    -0.041     0.137     0.071    -1.675     0.208    -0.022    -0.321 

ddG: F94V     3.648     5.944    -0.013    -1.082    -0.018    -0.083    -0.002    -0.107     0.012    -0.083    -0.611    -0.085     0.249    -0.109    -0.980     0.262    -0.024     0.379 

ddG: F94W     0.357    -4.056    -0.313     3.271    -0.006     0.064     0.001    -0.222    -0.157    -0.107    -0.643    -0.068     0.044    -0.123     1.987     0.119    -0.034     0.601 

ddG: F94Y     1.476    -0.466    -0.030     2.082    -0.012     0.076    -0.004     0.583     0.035    -0.243    -0.102    -0.005     0.030    -0.125    -0.117     0.115     0.019    -0.360 

