ddG: description total fa_atr fa_rep fa_sol fa_intra_rep fa_elec pro_close hbond_sr_bb hbond_lr_bb hbond_bb_sc hbond_sc dslf_fa13 rama omega fa_dun p_aa_pp yhh_planarity ref 
ddG: N86A     1.367     2.344    -0.060    -2.953     0.004     1.323    -0.010     0.080     0.014    -0.009     1.190     0.000    -0.265     0.016    -1.884    -0.273     0.000     1.849 

ddG: N86C     0.938     5.465    -0.126    -6.443     0.001     2.207    -0.008    -0.227    -0.042    -0.053     1.552     0.000     0.101     0.209    -3.330     0.070     0.000     1.563 

ddG: N86D     0.881     1.403    -0.301    -1.139     0.002     2.230    -0.004    -1.415     0.128    -0.090     1.576     0.000    -0.109     0.217    -0.762    -0.440     0.000    -0.415 

ddG: N86E     1.634     4.170    -0.080    -4.422     0.004     2.506    -0.003    -0.207    -0.034    -0.044     1.551     0.000    -0.049     0.161    -0.886    -0.297     0.000    -0.737 

ddG: N86F     2.007     0.501     0.210    -3.406     0.045     1.874    -0.007     0.079     0.010    -0.010     1.179     0.000    -0.117    -0.012    -0.048     0.056     0.000     1.654 

ddG: N86G     1.443     7.564    -0.172    -7.995    -0.001     2.218    -0.006    -0.218    -0.038    -0.048     1.557     0.000     0.339     0.220    -3.501     0.219     0.000     1.304 

ddG: N86H     1.487     2.374    -0.107    -4.694     0.005     2.063    -0.007    -0.099    -0.048    -0.072     1.556     0.000     0.071     0.159    -1.211    -0.068     0.000     1.566 

ddG: N86H     1.920     1.592     0.073    -3.317     0.010     1.748    -0.005     0.177     0.005    -0.013     1.184     0.000    -0.148    -0.024    -0.879    -0.049     0.000     1.566 

ddG: N86I     0.578     3.906     0.028    -5.627     0.029     2.120    -0.006    -0.381    -0.039    -0.053     1.550     0.000     0.196     0.294    -3.333    -0.244     0.000     2.137 

ddG: N86K     0.879    -2.599    -0.053     2.481    -0.002    -0.102    -0.001     0.027    -0.016    -0.046    -0.005     0.000    -0.316    -0.074     0.907    -0.111     0.000     0.789 

ddG: N86L    -0.039     0.146     0.049    -0.734     0.004     0.151     0.000    -0.009     0.000    -0.012     0.005     0.000    -0.101    -0.050    -1.088    -0.259     0.000     1.861 

ddG: N86M     0.234    -0.055     0.020    -1.508     0.006     1.681    -0.007    -1.166     0.165    -0.034     1.191     0.000    -0.277     0.013    -0.560    -0.561     0.000     1.326 

ddG: N86N     0.659     4.071    -0.145    -4.977     0.003     2.220    -0.009    -0.170    -0.042    -0.058     1.557     0.000     0.200     0.195    -2.198     0.014     0.000     0.000 

ddG: N86P    13.325     3.356     6.792    -6.071     0.008     2.788     1.467     0.817     0.276    -0.912     1.180     0.000     1.025     2.496    -1.313     0.544    -0.001     0.871 

ddG: N86Q     0.062     0.020     0.063    -0.373     0.001     0.085    -0.002    -0.047    -0.016    -0.002    -0.004     0.000    -0.208    -0.018     1.127    -0.280     0.000    -0.284 

ddG: N86R     1.132    -2.884    -0.045     3.202     0.004    -0.827     0.001     0.098    -0.003    -0.037     0.004     0.000    -0.290    -0.103     1.270    -0.214     0.000     0.955 

ddG: N86S     1.762     4.985     0.026    -4.707     0.005     1.667    -0.011     0.056     0.006     0.000     1.182     0.000    -0.166     0.075    -2.716     0.013     0.000     1.348 

ddG: N86T     0.696    -1.573    -0.129     2.330     0.009    -1.060    -0.007    -0.049    -0.008    -0.035     0.000     0.000    -0.134     0.045     0.041    -0.065     0.000     1.333 

ddG: N86V     1.061     4.720     0.101    -6.063     0.024     2.196    -0.003    -0.318    -0.041    -0.044     1.550     0.000     0.181     0.243    -3.380    -0.140     0.000     2.032 

ddG: N86W     0.660    -8.216     0.221     4.679     0.023    -0.691    -0.007    -0.075    -0.011    -0.030    -0.010     0.000    -0.164    -0.109     2.770     0.026     0.000     2.255 

ddG: N86Y     1.653    -1.662    -0.081    -1.646     0.039     1.418    -0.006    -0.152    -0.041    -0.086     1.559     0.000     0.037     0.087     0.816     0.076     0.002     1.294 

