ddG: description total fa_atr fa_rep fa_sol fa_intra_rep fa_elec pro_close hbond_sr_bb hbond_lr_bb hbond_bb_sc hbond_sc dslf_fa13 rama omega fa_dun p_aa_pp yhh_planarity ref 
ddG: K126A    -0.318    -5.050    -0.154     6.178    -0.007    -2.890     0.006     0.238     0.028     0.053    -1.547     0.000    -0.233    -0.265     2.419    -0.155     0.000     1.061 

ddG: K126C     0.385    -5.648    -0.111     6.979    -0.007    -2.930     0.005     0.294     0.030     0.029    -1.556     0.000    -0.130    -0.245     2.594     0.307     0.000     0.774 

ddG: K126D     1.247    -7.077    -0.088     9.949    -0.004    -2.750     0.005     0.221     0.028     0.030    -1.554     0.000    -0.165    -0.287     4.023     0.120     0.000    -1.204 

ddG: K126E     0.216    -3.438     0.016     5.446     0.001    -2.264     0.005     0.121     0.032     0.043    -1.554     0.000    -0.138    -0.218     3.756    -0.065     0.000    -1.526 

ddG: K126F    -0.457    -8.991    -0.045     7.963     0.024    -2.726     0.005     0.200    -0.001     0.035    -1.545     0.000    -0.037    -0.219     4.046    -0.030     0.000     0.865 

ddG: K126G     1.070    -3.439    -0.165     5.719    -0.008    -2.927     0.002     0.217     0.016     0.017    -1.526     0.000     0.138    -0.260     2.402     0.370     0.000     0.516 

ddG: K126H     0.727    -7.403    -0.078     7.689    -0.003    -2.636     0.007     0.177     0.024     0.042    -1.553     0.000    -0.062    -0.277     3.875     0.146     0.000     0.777 

ddG: K126H     0.879    -0.504    -0.099    -0.103     0.001     0.165    -0.001    -0.055    -0.013     0.019     0.008     0.000     0.220    -0.017     0.356     0.125     0.000     0.777 

ddG: K126I    -1.091    -4.019     0.150     3.456     0.023    -0.823     0.001    -0.996     0.207     0.009    -0.346     0.000    -0.151    -0.202     0.597    -0.346     0.000     1.348 

ddG: K126K    -1.068    -2.698    -0.168     2.654    -0.002    -0.443     0.001    -1.204     0.161    -0.036     0.024     0.000    -0.135     0.028     1.085    -0.337     0.000     0.000 

ddG: K126L    -1.543    -2.327     0.318     0.309     0.005    -0.372    -0.003    -0.077    -0.015     0.016     0.000     0.000     0.119    -0.099    -0.491     0.000     0.000     1.072 

ddG: K126M     0.835    -4.681    -0.198     3.378     0.007    -0.706    -0.003     0.022    -0.031    -0.012     0.022     0.000     0.188    -0.038     2.333     0.015     0.000     0.537 

ddG: K126N    -0.692    -4.421    -0.011     5.625    -0.002    -2.395     0.006     0.194     0.030     0.053    -1.552     0.000     0.062    -0.173     2.475     0.206     0.000    -0.789 

ddG: K126P    11.382    -6.453     5.575     4.735    -0.005    -2.213     0.617     2.157     0.019     0.044    -1.478     0.000     1.355     2.670     3.636     0.641     0.000     0.082 

ddG: K126Q    -0.378    -7.344     0.074     7.891    -0.004    -2.923     0.008     0.230     0.033     0.009    -1.549     0.000    -0.200    -0.276     4.825    -0.080     0.000    -1.073 

ddG: K126R     0.527    -3.957     0.007     5.028     0.009    -0.781     0.001    -0.891     0.214     0.025    -0.357     0.000    -0.362    -0.121     1.921    -0.375     0.000     0.167 

ddG: K126S     1.479    -1.226    -0.349     2.435    -0.004    -0.879     0.000     0.100    -0.006     0.000     0.006     0.000     0.066    -0.054     0.616     0.214     0.000     0.559 

ddG: K126T     0.715     0.343    -0.013     1.436     0.011    -0.948     0.000     0.286     0.043     0.078    -0.366     0.000    -0.005    -0.168    -0.745     0.218     0.000     0.544 

ddG: K126V    -0.328    -3.265     0.337     3.211     0.019    -0.852    -0.003    -1.018     0.180     0.012    -0.315     0.000    -0.093    -0.209     0.648    -0.222     0.000     1.244 

ddG: K126W    -2.275   -10.580     0.431     6.095     0.022    -1.996     0.006     0.099     0.025     0.056    -1.559     0.000    -0.168    -0.209     3.966     0.072     0.000     1.466 

ddG: K126Y    -1.098    -6.104     0.093     5.346     0.025    -2.222     0.006     0.109     0.013     0.064    -1.539     0.000     0.102    -0.172     2.717    -0.041     0.001     0.505 

