ddG: description total fa_atr fa_rep fa_sol fa_intra_rep fa_elec pro_close hbond_sr_bb hbond_lr_bb hbond_bb_sc hbond_sc dslf_fa13 rama omega fa_dun p_aa_pp yhh_planarity ref 
ddG: G26A    10.734    -3.202     8.714     0.998    -0.001    -0.717    -0.018     0.004     0.165    -0.071    -0.084     0.002     1.782     0.302     0.311     2.101    -0.097     0.545 

ddG: G26C    13.184    -4.277     6.085     2.266     0.000    -0.663     0.014     0.202     0.238    -0.077    -0.055     0.000     1.406     0.423     4.966     2.495    -0.097     0.258 

ddG: G26D    12.781    -6.601     4.201     6.255     0.008    -0.994     0.039    -0.160     1.275    -0.136    -0.092    -0.001     1.628     0.923     6.740     1.470    -0.056    -1.720 

ddG: G26E    16.192    -5.111     7.787     2.922     0.017    -0.091     0.054    -0.136     0.489     0.015    -0.137     0.001     1.644    -0.092     9.270     1.688    -0.087    -2.041 

ddG: G26F     9.482    -9.384     6.771     1.578     0.032    -0.029    -0.008    -0.226     1.259    -0.045    -0.112    -0.001     2.275     0.501     4.287     2.334    -0.099     0.349 

ddG: G26G    -0.333    -0.021     0.062    -0.091     0.000    -0.195     0.003     0.010     0.053     0.027    -0.147     0.000     0.056    -0.022    -0.106     0.035     0.002     0.000 

ddG: G26H    10.918    -7.892     5.929     3.498     0.004    -0.073     0.021    -0.189     1.220    -0.071    -0.100     0.000     1.963     0.465     3.900     2.080    -0.098     0.261 

ddG: G26H    10.911    -7.842     5.917     3.468     0.004    -0.072     0.022    -0.194     1.218    -0.072    -0.100     0.001     1.959     0.449     3.907     2.080    -0.094     0.261 

ddG: G26I    27.433    -5.595    12.852     1.054     0.066     0.659     0.401    -0.217     1.276    -0.018    -0.133    -0.001     3.067     0.458    10.446     2.378    -0.090     0.833 

ddG: G26K    17.559    -4.701     7.358     1.693     0.013    -0.407     0.128    -0.117     0.477    -0.050    -0.072     0.001     1.522     0.016    10.824     1.491    -0.102    -0.516 

ddG: G26L     9.982    -5.244     5.628     0.947     0.017    -0.038     0.026    -0.197     1.282    -0.061    -0.116     0.000     2.226     0.622     2.761     1.669    -0.097     0.556 

ddG: G26M    15.191    -4.638     7.623     1.128     0.013    -0.288     0.077    -0.135     0.538    -0.006    -0.099     0.000     1.410    -0.121     8.565     1.188    -0.087     0.022 

ddG: G26N     9.776    -6.254     4.773     4.180     0.007    -0.980     0.103     0.271     0.668    -0.084    -0.063     0.000     1.373     0.848     3.319     3.012    -0.092    -1.304 

ddG: G26P   105.358    -7.530    84.529     1.663     0.015    -0.433     6.121    -0.001     1.242     0.036    -0.051     0.001     3.371     5.068     9.520     2.336    -0.094    -0.434 

ddG: G26Q    12.094    -4.897     7.590     1.698     0.004     0.178     0.040    -0.197     0.942    -0.075    -0.019     0.002     1.425     0.108     4.657     2.337    -0.112    -1.589 

ddG: G26R    15.490    -5.637     6.904     2.682     0.010    -0.759     0.025     0.189     0.360    -0.138    -0.023     0.001     2.097     0.910     7.720     1.617    -0.119    -0.349 

ddG: G26S     9.420    -2.958     6.316     2.226     0.000    -0.392     0.052    -0.143     0.139    -0.179    -0.073     0.001     1.324     0.087     1.673     1.402    -0.097     0.043 

ddG: G26T    10.196    -4.255     5.512     2.547     0.007     0.765     0.069    -0.179     1.217    -0.065    -0.087     0.000     1.749     0.386     2.008     0.595    -0.101     0.029 

ddG: G26V    31.766    -4.460    16.189     0.661     0.048     0.966     0.241    -0.191     1.210     0.292    -0.075     0.000     3.153     0.186    11.488     1.448    -0.119     0.728 

ddG: G26W     5.444   -12.451     6.148     3.342     0.029     0.281     0.013    -0.225     1.228    -0.038    -0.081     0.000     2.007     0.279     3.588     0.457    -0.083     0.950 

ddG: G26Y     9.177    -9.667     6.593     2.147     0.033    -0.024    -0.019    -0.232     1.236    -0.052    -0.052     0.000     2.171     0.488     4.350     2.331    -0.115    -0.011 

