ddG: description total fa_atr fa_rep fa_sol fa_intra_rep fa_elec pro_close hbond_sr_bb hbond_lr_bb hbond_bb_sc hbond_sc dslf_fa13 rama omega fa_dun p_aa_pp yhh_planarity ref 
ddG: S74A    -0.601    -2.332    -0.222     0.165    -0.010    -1.267     0.008     1.310    -0.121     1.144    -1.193     0.000    -0.256    -0.181     1.380     0.473     0.000     0.502 

ddG: S74C     1.669    -7.547     0.858     5.748    -0.011    -1.867     0.010     1.418    -0.119     1.074    -1.211     0.000    -0.240     0.004     2.814     0.523     0.000     0.215 

ddG: S74D     6.146    -9.254     1.532    12.843    -0.009    -1.807     0.015     1.443    -0.153     1.109    -1.234     0.000    -0.137     0.084     3.042     0.439    -0.005    -1.763 

ddG: S74E    12.525    -7.219     5.009     7.874    -0.007     0.615     0.007     0.960    -0.056     1.162     0.280     0.000     0.144     0.675     4.621     0.551    -0.006    -2.085 

ddG: S74F    26.163   -10.732    22.910    -3.264     0.054     1.261     0.013    -0.372     0.961     1.562     0.594     0.000     0.294     2.598    10.073    -0.166     0.073     0.306 

ddG: S74G     4.114     2.608    -0.526    -2.237    -0.008     0.102    -0.002     1.075    -0.132     1.156     0.361     0.000     0.382    -0.079     0.456     1.000     0.000    -0.043 

ddG: S74H    17.265   -16.641    15.061    10.363    -0.012    -1.983     0.008     0.146     0.106     1.655    -1.162     0.000     0.024     0.881     8.269     0.340    -0.007     0.218 

ddG: S74H    17.595   -10.297    13.663     3.865    -0.003     0.379     0.011    -0.309     0.202     1.335     0.017     0.000     0.171     1.483     6.771     0.097    -0.007     0.218 

ddG: S74I     4.453   -12.257     7.424     3.965     0.012    -2.377     0.006     1.021    -0.519     1.214    -1.277     0.000     0.190     0.626     4.953     0.689    -0.006     0.789 

ddG: S74K    18.777    -8.942     7.015     9.475     0.005     0.416     0.000     1.147     0.211     0.625     1.250     0.000     0.263     0.668     6.460     0.750    -0.006    -0.559 

ddG: S74L     6.709    -4.618     8.104    -3.357     0.000     0.503     0.021     1.255     0.050     1.146    -0.087     0.000    -0.054     2.362     0.611     0.268    -0.009     0.513 

ddG: S74M     8.703    -7.205     7.442     0.573    -0.002     0.068     0.001     1.149     0.292     0.824     0.896     0.000     0.011     0.732     3.221     0.720     0.004    -0.022 

ddG: S74N     4.781    -8.809     3.707     8.349    -0.011    -1.566     0.022     1.396    -0.342     1.164    -1.267     0.000     0.049     0.030     2.855     0.558    -0.008    -1.348 

ddG: S74P    13.356    -0.391    10.703    -5.834     0.009     1.074     1.504     1.389     0.152     1.156     0.385     0.000     0.566     1.563     1.259     0.297     0.001    -0.477 

ddG: S74Q     8.156   -14.302     6.203    11.438    -0.002    -2.523     0.012     1.161    -0.121     0.536    -1.271     0.000    -0.015     0.752     7.162     0.760    -0.001    -1.632 

ddG: S74R    17.399   -13.334     6.240    13.810     0.008    -0.280     0.001     1.117     0.006     0.544     1.239     0.000     0.319     0.703     6.714     0.711    -0.007    -0.392 

ddG: S74S     0.492    -3.465    -0.010     3.795    -0.008    -1.973     0.005     1.166    -0.179     0.007    -1.200     0.000     0.097    -0.137     2.060     0.334     0.000     0.000 

ddG: S74T    -0.933    -6.123     1.024     4.044     0.011    -0.662    -0.002     0.062    -0.385     0.167     0.193     0.000     0.222     0.068    -0.401     0.863     0.000    -0.015 

ddG: S74V     0.125    -7.584     4.421     1.010     0.011    -1.904     0.007     1.144    -0.516     1.050    -1.231     0.000     0.246     0.581     1.671     0.537    -0.002     0.685 

ddG: S74W    36.687   -20.139    24.952     6.961     0.045     0.567     0.010     0.140     0.339     1.882     1.080     0.000    -0.029     6.517    12.886     0.546     0.022     0.907 

ddG: S74Y    30.286   -18.422    21.489     8.257     0.028    -1.095     0.058     1.109     2.315     2.555    -1.276     0.000     0.227     3.917    10.626     0.097     0.452    -0.054 

