ddG: description total fa_atr fa_rep fa_sol fa_intra_rep fa_elec pro_close hbond_sr_bb hbond_lr_bb hbond_bb_sc hbond_sc dslf_fa13 rama omega fa_dun p_aa_pp yhh_planarity ref 
ddG: N90A     1.956     6.030     1.448    -7.257    -0.002     2.055     0.014    -0.154     0.096     2.224     0.153     0.000     0.300     0.573    -5.565     0.197    -0.004     1.849 

ddG: N90C     1.724     4.251     1.355    -5.218    -0.006     0.696     0.013     0.032    -0.087     2.209     0.134     0.000     0.475     0.003    -4.072     0.393    -0.015     1.563 

ddG: N90D     2.709     0.642     2.095     3.573    -0.024    -1.598     0.025     0.581    -0.121     1.101    -3.028     0.000    -0.076     0.369    -0.811     0.417    -0.021    -0.415 

ddG: N90E     3.349     3.805     1.193    -3.777    -0.006     1.775     0.017    -0.014    -0.092     2.195     0.202     0.000     0.529     0.199    -2.391     0.468    -0.014    -0.737 

ddG: N90F     0.326     6.451     1.287    -9.781     0.100     0.963    -0.590     0.154    -0.216     2.894    -0.833     0.000     0.493    -0.392    -1.967     0.111    -0.002     1.654 

ddG: N90G     1.159     8.255     2.880    -7.118    -0.030    -1.346     0.009     0.068    -0.040     1.736    -2.523     0.000     0.310     0.213    -2.872     0.331    -0.017     1.304 

ddG: N90H     1.637    -7.713     1.300     2.247    -0.003     1.079     0.015    -0.032     0.276     1.555     0.049     0.000     0.234     0.173     0.802     0.090     0.000     1.566 

ddG: N90H     2.341    -6.880     1.690     1.225     0.005     2.029     0.024     0.440     0.165     2.845     0.468     0.000     0.305     0.562    -1.922    -0.162    -0.020     1.566 

ddG: N90I     0.635    -0.672     1.145    -4.394     0.005     1.205    -0.039     0.020     0.021     2.089    -0.023     0.000     0.554     0.101    -2.436     0.922     0.000     2.137 

ddG: N90K     4.185     2.555     1.072    -1.529    -0.010     0.952     0.028     0.426    -0.170     3.281    -0.341     0.000     0.185     0.538    -4.028     0.458    -0.022     0.789 

ddG: N90L     1.245    -0.889     1.646     0.294    -0.011    -0.037     0.040    -0.063    -0.113     1.982    -0.612     0.000     0.317     0.181    -3.849     0.499    -0.001     1.861 

ddG: N90M     1.424     1.365     1.290    -1.736    -0.013    -0.013     0.020     0.000    -0.136     2.169    -0.659     0.000     0.177     0.194    -2.674     0.114    -0.001     1.326 

ddG: N90N     0.180     0.604     0.335    -0.290    -0.003     0.568     0.005     0.455    -0.161     1.355    -0.241     0.000     0.078     0.242    -2.640    -0.108    -0.020     0.000 

ddG: N90P     3.537     2.841     4.617    -6.392    -0.009     1.420     0.524     0.599    -0.218     2.845     0.350     0.000     0.866     0.353    -4.683    -0.434    -0.015     0.871 

ddG: N90Q     0.957     2.317     1.797    -4.054     0.007     1.814     0.016    -0.186     0.149     2.078    -0.104     0.000     0.274     1.105    -3.769    -0.200    -0.004    -0.284 

ddG: N90R     3.237     2.335     2.454    -1.816    -0.017    -1.082     0.017     0.266     0.084     2.758    -3.284     0.000     0.084     1.257    -0.731    -0.032    -0.011     0.955 

ddG: N90S     4.087     6.689     0.318    -4.751    -0.014     1.122     0.021     0.477    -0.158     3.209    -0.325     0.000     0.377     0.314    -4.798     0.262    -0.006     1.348 

ddG: N90T     1.200     4.155     2.956    -3.445    -0.023    -1.299     0.010     0.069    -0.051     1.716    -2.580     0.000     0.423     0.165    -2.585     0.374    -0.017     1.333 

ddG: N90V     1.611     2.312    -0.033    -5.153     0.004     1.287     0.013     0.019     0.006     2.027    -0.038     0.000     0.368     0.077    -2.379     1.068     0.001     2.032 

ddG: N90W    -0.691     1.462     0.942    -9.390     0.579     0.957    -0.589     0.095    -0.159     2.613    -1.063     0.000     0.383    -0.275     1.221     0.279     0.000     2.255 

ddG: N90Y    -2.307     3.336     3.209    -7.027     0.128    -1.952    -0.586     0.190    -0.173     2.276    -5.006     0.000     0.251     0.383     1.087     0.302    -0.018     1.294 

