ddG: description total fa_atr fa_rep fa_sol fa_intra_rep fa_elec pro_close hbond_sr_bb hbond_lr_bb hbond_bb_sc hbond_sc dslf_fa13 rama omega fa_dun p_aa_pp yhh_planarity ref 
ddG: T18A     0.410     3.475    -0.145    -3.302    -0.010     0.480    -0.002     0.005     0.014    -0.052    -0.014    -0.001    -0.163     0.004    -0.044    -0.355     0.004     0.516 

ddG: T18C     1.690     1.532    -0.105    -1.279    -0.006     0.307    -0.002    -0.058     0.005    -0.047    -0.014     0.000     0.085     0.023     0.954     0.060     0.005     0.229 

ddG: T18D     6.164    -2.324    -0.140     7.439    -0.005     0.322    -0.001     0.012    -0.004    -0.011     0.030    -0.002    -0.079    -0.087     2.839    -0.058    -0.019    -1.749 

ddG: T18E     3.214    -4.724     0.142     7.226    -0.002    -0.063     0.004     0.181     0.056     0.004    -0.082    -0.002    -0.230    -0.013     3.091    -0.316     0.013    -2.070 

ddG: T18F     3.393   -11.221     3.749     0.274     0.019     0.627    -0.044     0.576     0.336    -0.043    -0.150    -0.003    -0.038     0.681     8.080     0.080     0.149     0.321 

ddG: T18G     3.738     6.246    -0.187    -3.232    -0.008     0.698    -0.004    -0.023     0.005    -0.009     0.010     0.000     0.192    -0.088    -0.010     0.181    -0.006    -0.029 

ddG: T18H     2.878    -9.138     2.374     3.431    -0.004     0.496    -0.012     0.288     0.297     0.117    -0.168    -0.005    -0.075     0.258     4.775    -0.029     0.041     0.232 

ddG: T18H     2.895    -9.086     2.375     3.398    -0.004     0.524    -0.014     0.289     0.297     0.115    -0.168    -0.004    -0.073     0.226     4.773    -0.027     0.041     0.232 

ddG: T18I    -2.291    -3.729     1.050    -1.959     0.025     0.473    -0.013     0.071    -0.002     0.012     0.014     0.000    -0.018    -0.044     1.238    -0.205    -0.007     0.804 

ddG: T18K     4.654    -6.990     0.886     8.060     0.010    -0.044    -0.009     0.012     0.126     0.074    -0.098     0.001    -0.030    -0.032     3.328    -0.090    -0.005    -0.544 

ddG: T18L    -2.709    -4.339     1.806    -2.096     0.002     0.542     0.000     0.050     0.090     0.033    -0.054    -0.001    -0.016     0.048     0.881    -0.185     0.003     0.527 

ddG: T18M    -1.758    -5.592     0.702     0.014     0.001     0.400    -0.014     0.168     0.129    -0.066    -0.006     0.000    -0.030     0.036     2.725    -0.221     0.002    -0.007 

ddG: T18N     2.316    -2.943     0.024     2.976    -0.002     0.303    -0.001    -0.038     0.017    -0.014    -0.054    -0.001     0.086    -0.016     3.237     0.077    -0.003    -1.333 

ddG: T18P    11.594    -2.644     8.560     4.296    -0.010    -1.964     0.381     1.114     0.100    -0.001    -2.640    -0.004     0.971     2.370     1.390     0.190    -0.052    -0.462 

ddG: T18Q    -0.785    -4.921    -0.036     2.974     0.001     0.872     0.007     0.108     0.032    -0.101    -0.105    -0.002    -0.139     0.013     2.474    -0.290    -0.056    -1.617 

ddG: T18R     4.342    -8.657     1.756     9.596     0.013    -0.183    -0.011     0.312     0.019    -0.082    -1.319    -0.002    -0.226     0.038     3.797    -0.316    -0.014    -0.378 

ddG: T18S     2.618     2.737    -0.020    -0.829    -0.009     0.147     0.001    -0.103     0.004    -0.024    -0.094     0.000     0.082     0.058     0.587     0.096    -0.028     0.015 

ddG: T18T    -0.086    -0.054     0.026     0.041     0.000    -0.016     0.000    -0.008     0.009    -0.030    -0.066    -0.001     0.011    -0.010    -0.010     0.018     0.002     0.000 

ddG: T18V    -1.972    -1.550     1.009    -2.437     0.013     0.469    -0.009     0.014    -0.007    -0.019    -0.007    -0.002     0.019     0.005     0.001    -0.154    -0.015     0.699 

ddG: T18W     7.510   -17.738    10.324     4.264     0.049     0.439     0.187     0.521     0.472     0.775    -0.381    -0.004     0.233     0.277     7.113     0.085    -0.027     0.921 

ddG: T18Y     4.241   -13.430     5.407     4.060     0.019     0.325     0.120     0.207     0.610    -0.012     0.153     0.000     0.340     0.602     5.111     0.497     0.270    -0.040 

