ddG: description total fa_atr fa_rep fa_sol fa_intra_rep fa_elec pro_close hbond_sr_bb hbond_lr_bb hbond_bb_sc hbond_sc dslf_fa13 rama omega fa_dun p_aa_pp yhh_planarity ref 
ddG: I38A     2.283     4.605    -0.228    -0.882    -0.015     0.307     0.005    -0.010     0.088    -0.006     0.011     0.000    -0.166    -0.027    -0.983    -0.129     0.000    -0.288 

ddG: I38C     1.966     3.003    -0.004     0.637    -0.015    -0.062     0.008    -0.017    -0.185     0.006    -0.008     0.000    -0.112     0.118    -0.849     0.023     0.000    -0.574 

ddG: I38D     5.063    -0.639     0.154     8.467    -0.007    -0.714     0.000     0.262     0.115     0.050    -0.358     0.000    -0.425    -0.173     1.006    -0.122     0.001    -2.553 

ddG: I38E     4.278    -4.709    -0.003     9.903    -0.011    -0.547    -0.017     0.089     0.021    -0.022     0.027     0.000    -0.282    -0.063     2.851    -0.084     0.000    -2.874 

ddG: I38F     1.984    -0.553    -0.382     2.232     0.017    -0.244     0.007     0.337     0.520     0.110    -0.336     0.000    -0.726    -0.311     1.538     0.259     0.000    -0.483 

ddG: I38G     3.692     2.188    -0.343     3.269    -0.012    -0.639     0.004     0.327    -0.098     0.030    -0.229     0.000     0.149     0.036    -0.791     0.635     0.000    -0.833 

ddG: I38H     2.663     0.982    -0.182     1.260    -0.011     0.114     0.007    -0.023     0.162     0.002     0.008     0.000    -0.053    -0.048     1.105    -0.088     0.000    -0.571 

ddG: I38H     2.367    -5.949    -0.165     9.049    -0.016    -2.764     0.013     0.218     0.186     0.026    -1.546     0.000    -0.335    -0.323     4.603    -0.060     0.000    -0.571 

ddG: I38I    -0.715    -4.071     0.129     4.959    -0.003    -2.256     0.008     0.174     0.037     0.050    -1.554     0.000    -0.205    -0.203     2.225    -0.004     0.000     0.000 

ddG: I38K     2.533     0.647     0.155     4.364    -0.003    -1.050     0.006     0.298     0.161    -0.994    -0.361     0.000    -0.509    -0.238     1.506    -0.102     0.000    -1.348 

ddG: I38L    -2.057    -7.263     0.757     7.774    -0.013    -2.351    -0.018    -1.095     0.257     0.005    -1.578     0.000    -0.407    -0.149     2.752    -0.452     0.000    -0.276 

ddG: I38M     1.194    -3.334    -0.017     4.288    -0.008     0.038    -0.016     0.099    -0.115     0.021     0.231     0.000     0.054     0.123     0.247     0.393     0.000    -0.811 

ddG: I38N     1.690    -4.092     0.453     8.882    -0.015    -2.396     0.008     0.123    -0.138     0.054    -1.518     0.000    -0.193    -0.029     2.705    -0.016     0.000    -2.137 

ddG: I38P     1.727    -7.288     1.974     7.844    -0.020    -2.758     0.195     0.603     1.512     0.116    -1.590     0.000    -1.340     0.520     2.969     0.257    -0.001    -1.266 

ddG: I38Q     1.975    -5.548     0.182     7.582    -0.009    -0.168     0.004     0.050    -0.080    -0.017     0.023     0.000    -0.218    -0.115     2.884    -0.174     0.000    -2.421 

ddG: I38R     3.174    -6.131    -0.183    11.067    -0.006    -3.012     0.017     0.227     0.152     0.027    -1.551     0.000    -0.467    -0.302     4.754    -0.236     0.000    -1.182 

ddG: I38S     2.412     1.516    -0.364     3.414    -0.016    -0.396     0.007    -1.221     0.207    -0.037     0.040     0.000    -0.278     0.033     0.728    -0.432     0.000    -0.789 

ddG: I38T     0.242    -5.082    -0.232     9.297    -0.011    -2.962     0.015     0.218    -0.222     0.060    -1.291     0.000    -0.004     0.204     1.013     0.043     0.000    -0.804 

ddG: I38V     0.631     2.106    -0.264    -0.229    -0.001     0.031     0.007    -0.013     0.182     0.004    -0.004     0.000    -0.065    -0.046    -0.838    -0.135     0.000    -0.105 

ddG: I38W    -0.313    -5.746    -0.572     4.601     0.011    -0.127     0.008    -1.121     0.569     0.024     0.018     0.000    -0.723    -0.036     2.762    -0.097    -0.001     0.118 

ddG: I38Y     1.834    -2.608    -0.675     3.940     0.011    -0.514     0.010     0.131     0.559     0.038     0.050     0.000    -0.613    -0.208     2.296     0.261     0.000    -0.844 

