ddG: description total fa_atr fa_rep fa_sol fa_intra_rep fa_elec pro_close hbond_sr_bb hbond_lr_bb hbond_bb_sc hbond_sc dslf_fa13 rama omega fa_dun p_aa_pp yhh_planarity ref 
ddG: V70A     2.995     5.650    -1.067    -0.987    -0.014    -0.027    -0.006    -0.026    -0.151    -0.132    -0.132     0.002     0.528    -0.483    -0.673     0.693     0.003    -0.183 

ddG: V70C     3.530     3.583    -0.830     1.499    -0.014     0.042    -0.004    -0.008    -0.258    -0.099     0.002    -0.001     0.134    -0.043    -0.329     0.319     0.007    -0.470 

ddG: V70D     8.548    -0.525    -0.862    10.641    -0.012    -0.730    -0.010    -0.003    -0.227    -0.081    -0.070     0.001     0.500    -0.072     1.587     0.866    -0.008    -2.448 

ddG: V70E     8.305    -2.661     0.275    10.466    -0.008    -0.019    -0.004    -0.050    -0.227    -0.049    -0.074    -0.002     0.254    -0.172     2.794     0.536     0.015    -2.769 

ddG: V70F     3.237    -9.201     4.498     0.473     0.030     0.102    -0.011     0.067    -0.242     0.144    -0.045     0.006     0.189     1.988     5.445     0.150     0.023    -0.379 

ddG: V70G     6.104     8.625    -1.156    -0.924    -0.015    -0.052    -0.002    -0.004    -0.162    -0.205    -0.094     0.001     0.850    -0.556    -0.574     1.071     0.027    -0.728 

ddG: V70H     3.217    -8.080     1.027     6.264    -0.017     0.102     0.004    -0.059    -0.158    -0.016    -0.036    -0.001     0.134     0.889     3.208     0.413     0.012    -0.467 

ddG: V70H     3.202    -8.170     1.073     6.270    -0.017     0.121    -0.001    -0.071    -0.158    -0.016    -0.110    -0.004     0.179     0.918     3.199     0.451     0.004    -0.467 

ddG: V70I    -2.328    -2.322     0.151    -0.323     0.005    -0.159    -0.003    -0.029     0.028    -0.059    -0.005    -0.001     0.128    -0.318     0.395     0.088    -0.008     0.105 

ddG: V70K     9.612    -2.381     0.098    10.697     0.135    -1.524    -0.009    -0.169     0.152    -0.732    -1.046    -0.003     0.227    -0.261     5.075     0.500     0.097    -1.244 

ddG: V70L    -1.095    -1.825     1.155    -0.734    -0.012    -0.018     0.007    -0.077    -0.186     0.026    -0.132    -0.002     0.296    -0.168     0.270     0.483    -0.008    -0.172 

ddG: V70M     1.715    -1.026    -0.131     3.097     0.011    -0.135    -0.011    -0.218     0.255    -0.901     0.261     0.000     0.286    -0.790     1.397     0.246     0.081    -0.706 

ddG: V70N     4.455    -1.199    -0.834     6.321    -0.012    -0.256    -0.005     0.026    -0.215    -0.092     0.042     0.000     0.281     0.000     1.662     0.780    -0.012    -2.032 

ddG: V70P    16.517    -3.948     2.373     7.357     0.007     0.051     2.584     0.117     1.505     1.290    -2.257    -0.002     1.659    -0.179     5.657     1.529    -0.063    -1.162 

ddG: V70Q     4.373    -3.208     0.519     5.980    -0.013     0.455    -0.001    -0.063    -0.218    -0.081    -0.043    -0.003     0.179     0.123     2.568     0.482     0.014    -2.317 

ddG: V70R     8.269    -6.036     0.704    15.926     0.021    -1.830    -0.005     0.094     0.058    -0.921    -2.341    -0.004     0.086    -0.848     4.388    -0.061     0.116    -1.077 

ddG: V70S     3.956     5.071    -1.178     1.479    -0.012    -0.545    -0.005    -0.010     0.229    -0.138    -0.159     0.000     0.435    -0.721    -0.364     0.543     0.015    -0.685 

ddG: V70T     2.301     2.615    -1.040     2.082    -0.006     0.121    -0.006    -0.002    -0.077    -0.091    -0.050     0.001     0.236    -0.534    -0.535     0.277     0.009    -0.699 

ddG: V70V    -0.123     0.400    -0.121    -0.296     0.000     0.007    -0.003    -0.012     0.014    -0.055    -0.042    -0.001     0.018    -0.022    -0.038     0.015     0.013     0.000 

ddG: V70W     6.882   -13.002     6.786     7.020     0.021    -0.374     0.070     0.023     0.041    -0.574    -0.107    -0.003     0.316     1.106     5.279    -0.059     0.116     0.222 

ddG: V70Y     5.953    -7.530     4.732     3.289     0.044    -0.477    -0.012     0.335     0.040    -0.013     0.026    -0.002     0.272    -0.240     5.985     0.194     0.047    -0.739 

