ddG: description total fa_atr fa_rep fa_sol fa_intra_rep fa_elec pro_close hbond_sr_bb hbond_lr_bb hbond_bb_sc hbond_sc dslf_fa13 rama omega fa_dun p_aa_pp yhh_planarity ref 
ddG: E83A    -0.287     3.891    -0.273    -4.204    -0.001    -0.929     0.002     0.441     0.088     1.312    -0.725     0.000     0.088     0.147    -2.546    -0.141    -0.024     2.586 

ddG: E83C    -1.487     2.700    -0.401    -3.541    -0.009    -0.929    -0.002     0.477     0.028     1.441    -0.785     0.000    -0.067     0.066    -2.428    -0.328    -0.009     2.300 

ddG: E83D     1.509     0.703    -0.418     0.702     0.003    -0.325     0.001     0.558     0.022     1.486    -0.071     0.000    -0.034     0.082    -0.773    -0.687    -0.062     0.322 

ddG: E83E     0.258     0.979    -0.418     0.094    -0.003    -1.422     0.002     0.441     0.084     1.311    -0.729     0.000     0.141     0.163    -0.015    -0.348    -0.021     0.000 

ddG: E83F     0.436    -3.317     1.405    -3.187     0.039     0.194    -0.004     0.530     0.165     1.473    -0.016     0.000     0.019     0.071     1.016    -0.273    -0.069     2.391 

ddG: E83G     0.606     5.250    -0.394    -4.818    -0.011    -0.920    -0.002     0.476     0.032     1.436    -0.830     0.000     0.474     0.047    -2.605     0.429    -0.001     2.041 

ddG: E83H     0.128    -3.393     0.769     0.018     0.007     0.608     0.000    -0.103     0.126     0.022     0.009     0.000     0.025     0.146    -0.286    -0.116    -0.007     2.303 

ddG: E83H    -1.268    -2.691     0.870    -1.774     0.011    -0.943     0.001     0.596    -0.028     1.442    -0.767     0.000    -0.071     0.041    -0.051    -0.204    -0.002     2.303 

ddG: E83I    -2.367     0.864     0.509    -4.228     0.013    -1.031    -0.001     0.488    -0.146     1.442    -0.688     0.000    -0.175     0.046    -1.943    -0.385    -0.005     2.874 

ddG: E83K    -1.019     1.216    -0.185    -3.189     0.010    -1.003     0.001     0.572    -0.020     1.435    -0.787     0.000    -0.038     0.058    -0.364    -0.245    -0.006     1.526 

ddG: E83L    -2.138     0.428    -0.216    -4.940     0.022    -1.071     0.004     0.530     0.012     1.434    -0.799     0.000     0.116     0.161     0.088    -0.510     0.006     2.598 

ddG: E83M    -1.777    -4.221     1.640     0.921     0.012    -2.261    -0.003     0.465    -0.149     1.437    -2.734     0.000     0.104     0.461     0.548    -0.051    -0.010     2.063 

ddG: E83N    -0.736    -0.681    -0.102    -0.383     0.006    -0.097    -0.002     0.504     0.069     1.306    -0.738     0.000     0.031     0.044    -0.847    -0.558    -0.024     0.737 

ddG: E83P    -1.631     2.916     0.134    -5.569    -0.006    -0.281     0.133     0.483     0.135     1.486    -0.027     0.000     0.122     0.078    -2.317    -0.462    -0.062     1.608 

ddG: E83Q    -3.118    -0.218    -0.123    -2.675     0.006    -1.545     0.001     0.612     0.009     1.438    -1.318     0.000     0.035     0.086     0.339    -0.219     0.001     0.453 

ddG: E83R     0.712     1.493    -0.366    -2.936     0.014    -0.481     0.001     0.547     0.014     1.504    -0.043     0.000     0.071     0.031    -0.447    -0.319    -0.063     1.692 

ddG: E83S    -0.880     3.797    -0.256    -4.199     0.000    -1.462     0.001     0.561    -0.046     1.441    -0.775     0.000     0.078     0.053    -2.145    -0.012     0.000     2.085 

ddG: E83T    -0.614     2.169    -0.105    -2.342     0.001    -1.116     0.002     0.442     0.043     1.336    -0.717     0.000     0.092     0.198    -2.447    -0.227    -0.014     2.070 

ddG: E83V    -1.819     1.821     0.403    -4.540     0.009    -0.824    -0.001     0.508    -0.146     1.451    -0.673     0.000    -0.159     0.071    -2.095    -0.410    -0.004     2.769 

ddG: E83W     1.838   -10.878     3.290     1.203     0.062    -0.335     0.002     0.515    -0.236     1.440    -0.515     0.000     0.124     0.066     4.157    -0.042    -0.007     2.992 

ddG: E83Y     2.313    -5.732     2.614     0.102     0.052    -0.838    -0.002     0.655    -0.013     1.449    -0.747     0.000     0.061    -0.056     2.752    -0.019     0.002     2.031 

