ddG: description total fa_atr fa_rep fa_sol fa_intra_rep fa_elec pro_close hbond_sr_bb hbond_lr_bb hbond_bb_sc hbond_sc dslf_fa13 rama omega fa_dun p_aa_pp yhh_planarity ref 
ddG: I82A     6.060     8.445    -1.473    -1.891    -0.018    -0.512    -0.012     0.153    -0.029     0.223    -0.004     0.008     0.337    -0.005     0.588     0.537     0.002    -0.288 

ddG: I82C     5.578     5.619    -1.191     0.647    -0.019    -0.208    -0.016    -0.037    -0.075     0.263     0.000    -0.101     0.181    -0.154     0.800     0.430     0.012    -0.574 

ddG: I82D    10.650     1.607    -2.228     9.373    -0.012    -0.264    -0.032     0.763    -0.199    -0.570     1.409    -0.124     0.193    -0.296     2.946     0.638    -0.001    -2.553 

ddG: I82E     9.594    -1.445     0.197    10.717    -0.014    -0.072     0.010    -0.624     0.097     0.071     0.253    -0.095     0.079     0.142     2.807     0.340     0.006    -2.874 

ddG: I82F    20.788    -0.458     8.917    -3.455     0.060     2.863    -0.004     0.483    -0.166     1.128     1.343     0.192     0.765     1.307     8.253    -0.223     0.267    -0.483 

ddG: I82G     7.580    12.865    -2.274    -3.740     0.000    -0.858    -0.023     0.224    -0.193     0.322     0.069    -0.119     1.197    -0.532     0.826     0.633     0.016    -0.833 

ddG: I82H    10.037    -5.121     2.684     6.187    -0.019     0.992    -0.007    -0.454     0.518     0.121     0.091    -0.141     0.532     2.627     2.391     0.202     0.007    -0.571 

ddG: I82H     9.575    -4.943     2.974     6.112    -0.018     0.120    -0.005     0.142     0.510    -0.775    -0.034    -0.134     0.593     2.694     2.180     0.708     0.021    -0.571 

ddG: I82I    -0.488    -0.097    -0.383     0.708    -0.004    -0.395    -0.012     0.691     0.020    -0.557     0.517    -0.042    -0.165    -0.255    -0.459    -0.064     0.009     0.000 

ddG: I82K    14.558     0.559    -0.140     7.581     0.016     0.036    -0.012     0.325    -0.220     0.915    -0.023    -0.081     0.678    -0.313     6.580     0.012    -0.007    -1.348 

ddG: I82L     1.021     0.239    -0.261     0.529    -0.011     0.334    -0.001     0.379    -0.051    -0.778     1.445    -0.096     0.071     0.556    -1.093     0.039    -0.003    -0.276 

ddG: I82M     5.092    -0.625     0.353     1.719    -0.010     0.634     0.020     0.294    -0.255     0.032     0.061    -0.084     0.097    -0.157     3.359     0.459     0.005    -0.811 

ddG: I82N     5.933     0.648    -0.912     5.680    -0.014     0.302     0.001    -0.502     0.095     0.022     0.135     0.014     0.128     0.213     1.869     0.354     0.034    -2.137 

ddG: I82P     4.739     5.158    -0.679    -1.487    -0.012    -0.200     0.300     0.449     0.003     0.527    -0.010     0.056     0.374     0.027     1.438     0.050     0.014    -1.266 

ddG: I82Q     8.644    -2.058     1.126     6.683    -0.020     0.623     0.021     0.172    -0.212     0.071     0.076    -0.106     0.087    -0.225     4.245     0.584    -0.002    -2.421 

ddG: I82R    18.060     0.405     1.336     7.789     0.037     1.578     0.046     0.395    -0.076    -1.666     2.277    -0.030     0.283    -0.188     6.438     0.625    -0.007    -1.182 

ddG: I82S     7.035     6.243    -1.738     0.991     0.002    -0.760    -0.019     0.065    -0.160     0.257    -0.033    -0.002     0.212    -0.445     2.445     0.754     0.013    -0.789 

ddG: I82T     4.990     5.007    -1.093     1.463    -0.018    -0.687    -0.029     0.577     0.058    -0.206     0.080    -0.008     0.183    -0.334     0.519     0.271     0.010    -0.804 

ddG: I82V     1.468     2.825    -0.679    -0.542    -0.004    -0.631    -0.019    -0.010    -0.031     0.331     0.012    -0.096    -0.007    -0.105     0.515     0.011     0.003    -0.105 

ddG: I82W    15.137    -7.698     8.015     2.180     0.027     0.228    -0.032     1.214     0.322    -0.038     1.526    -0.008    -0.014     4.593     5.069    -0.358    -0.004     0.118 

ddG: I82Y    23.933    -1.819     9.899    -0.290     0.054     3.223     0.005     0.400    -0.164     1.154     1.372     0.226     0.907     1.291     8.156    -0.089     0.451    -0.844 

