ddG: description total fa_atr fa_rep fa_sol fa_intra_rep fa_elec pro_close hbond_sr_bb hbond_lr_bb hbond_bb_sc hbond_sc dslf_fa13 rama omega fa_dun p_aa_pp yhh_planarity ref 
ddG: F113A     6.939    17.306    -1.101    -7.079    -0.017     0.895    -0.020    -0.191    -0.028    -0.057     1.516     0.000     0.083     0.403    -4.771    -0.195     0.000     0.196 

ddG: F113C     6.007    17.401    -0.843    -6.564    -0.011     1.876    -0.028    -1.378     0.206    -0.026     0.970     0.000     0.079     0.425    -5.807    -0.204     0.000    -0.091 

ddG: F113D    10.655    12.270    -0.837     2.054    -0.020     2.670    -0.031    -1.601     0.144     0.030     1.455     0.000     0.114     0.333    -3.621    -0.235     0.000    -2.069 

ddG: F113E     8.732     9.737    -0.231     3.219    -0.016    -0.683    -0.032    -0.020     0.008     0.079     0.098     0.000    -0.097     0.125    -0.920    -0.142     0.000    -2.391 

ddG: F113F     0.518     6.122     0.146    -6.367     0.010     2.327    -0.004     0.027     0.028     0.051     1.184     0.000     0.037     0.117    -3.154    -0.007     0.000     0.000 

ddG: F113G     9.623    20.257    -1.236    -7.365    -0.018     0.787    -0.020    -0.270    -0.018    -0.029     1.506     0.000     0.471     0.416    -4.785     0.278     0.000    -0.349 

ddG: F113H     4.147     8.884    -0.355    -4.328    -0.012     1.366    -0.002    -0.305    -0.013    -0.046     1.586     0.000     0.326     0.458    -3.286    -0.039     0.000    -0.088 

ddG: F113H     3.813     1.964    -0.364     3.443    -0.016    -1.523     0.000    -0.067     0.009    -0.035     0.038     0.000     0.053     0.177     0.213     0.008     0.000    -0.088 

ddG: F113I     3.075    11.091    -0.190    -5.870     0.000     0.765    -0.028    -0.275    -0.022     0.008     1.486     0.000     0.233     0.250    -4.789    -0.069     0.000     0.483 

ddG: F113K     8.287    13.403     0.219    -3.459    -0.016     1.751    -0.027    -0.127    -0.004     0.046     1.737     0.000     0.224     0.621    -5.194    -0.022     0.000    -0.865 

ddG: F113L     4.511    10.567     0.517    -4.448    -0.005    -0.743    -0.011    -0.158     0.007     0.063     0.172     0.000     0.209     0.109    -1.847    -0.128     0.000     0.207 

ddG: F113M     3.994    11.248    -0.436    -4.564    -0.017     1.218    -0.030    -1.559     0.127    -0.051     1.499     0.000     0.099     0.386    -3.195    -0.404     0.000    -0.328 

ddG: F113N     7.311    11.162    -0.687    -1.046    -0.015     1.327    -0.029    -1.452     0.143    -0.012     1.481     0.000     0.295     0.432    -2.510    -0.124     0.000    -1.654 

ddG: F113P    14.336    10.788     6.971    -4.193    -0.016    -1.529     1.003     0.857     0.008    -0.016     0.089     0.000     0.591     2.739    -1.977    -0.198     0.000    -0.783 

ddG: F113Q     4.202     6.018    -0.188     3.250    -0.019    -2.062    -0.035     0.077    -0.006    -0.743     0.044     0.000    -0.138     0.069    -0.049    -0.081     0.000    -1.938 

ddG: F113R     9.097     8.614    -0.062     1.863     0.000     1.762    -0.032    -0.042     0.024     0.118     1.168     0.000    -0.079     0.081    -3.524    -0.094     0.000    -0.698 

ddG: F113S     6.599    13.022    -1.031    -0.318    -0.021    -1.302    -0.020    -1.350     0.171    -0.049    -0.061     0.000    -0.041     0.271    -2.211    -0.155     0.000    -0.306 

ddG: F113T     6.116    10.618    -1.304     0.799    -0.013    -1.064    -0.021    -0.044    -0.147     0.003     0.115     0.000     0.383     0.320    -3.794     0.584     0.000    -0.321 

ddG: F113V     3.350    15.727    -0.715    -8.982    -0.004     1.403    -0.028    -0.372    -0.021    -0.023     1.362     0.000     0.299     0.469    -6.078    -0.064     0.000     0.379 

ddG: F113W    -0.079    -7.669     1.831     5.129     0.010    -1.487    -0.003    -0.332    -0.003    -0.025    -0.238     0.000    -0.018     0.447     1.590     0.087     0.000     0.601 

ddG: F113Y     2.579     2.386    -0.060    -1.446     0.008     1.840    -0.014    -0.113    -0.040    -0.046     1.554     0.000     0.112     0.256    -1.567     0.064     0.004    -0.360 

