ddG: description total fa_atr fa_rep fa_sol fa_intra_rep fa_elec pro_close hbond_sr_bb hbond_lr_bb hbond_bb_sc hbond_sc dslf_fa13 rama omega fa_dun p_aa_pp yhh_planarity ref 
ddG: L27A     6.735     6.324    -0.198     1.429     0.001    -0.758    -0.001     0.232     0.038     0.055    -0.355     0.000    -0.144    -0.269     0.284     0.107     0.000    -0.011 

ddG: L27C     5.219     4.438    -0.231     3.117     0.002    -0.490     0.000    -0.969     0.189     0.048    -0.354     0.000    -0.251    -0.213     0.324    -0.093    -0.001    -0.298 

ddG: L27D     9.360     1.117    -0.146    10.755     0.003    -1.539    -0.001     0.201     0.031     0.077    -0.349     0.000    -0.390    -0.274     2.288    -0.137     0.000    -2.276 

ddG: L27E     7.712    -0.200     0.314     9.053     0.002    -0.542    -0.002    -1.199     0.136    -0.029     0.063     0.000    -0.126     0.253     2.883    -0.297    -0.001    -2.598 

ddG: L27F     2.899    -9.985     4.076     6.426     0.038    -2.075    -0.002    -0.675     0.064    -0.118    -1.616     0.000     0.268     1.080     5.713    -0.086    -0.002    -0.207 

ddG: L27G     7.723     2.885    -0.560     7.291    -0.010    -3.139     0.005     0.197     0.015     0.022    -1.540     0.000    -0.183    -0.284     3.276     0.305     0.000    -0.556 

ddG: L27H     5.300    -9.961     2.239    11.822    -0.006    -2.448     0.003    -1.017     0.073     0.029    -1.478     0.000    -0.548    -0.202     7.411    -0.323    -0.001    -0.295 

ddG: L27H     5.145    -7.195     2.406     9.083    -0.005    -1.638     0.003    -1.112     0.075     0.044    -1.451     0.000    -0.460    -0.131     6.184    -0.361    -0.001    -0.295 

ddG: L27I     0.264     0.093     0.819    -0.165     0.017     0.150    -0.001    -1.079     0.085     0.007     0.027     0.000     0.239    -0.077    -0.012    -0.115    -0.002     0.276 

ddG: L27K     8.083    -6.869     0.932    14.267     0.013    -2.213     0.001    -1.054     0.089    -0.012    -1.444     0.000    -0.402    -0.284     6.491    -0.360    -0.001    -1.072 

ddG: L27L    -0.462    -3.460     0.013     4.001     0.003    -0.614     0.001    -0.945     0.206     0.019    -0.338     0.000    -0.370    -0.118     1.443    -0.303     0.000     0.000 

ddG: L27M     1.280    -2.674     0.131     4.101    -0.002    -0.771    -0.003    -1.177     0.164    -0.056     0.031     0.000    -0.130     0.124     2.415    -0.338    -0.001    -0.535 

ddG: L27N     5.675     1.659    -0.169     5.509    -0.001    -0.357     0.001    -0.086    -0.008     0.016     0.023     0.000    -0.203    -0.037     1.454    -0.266     0.000    -1.861 

ddG: L27P    13.226     1.933     7.650     1.812    -0.001    -0.092     1.014    -0.384     0.023     0.045     0.150     0.000     0.526     0.566     1.046    -0.072    -0.001    -0.990 

ddG: L27Q     4.485    -7.593     0.709    13.739    -0.004    -2.476     0.002    -1.125     0.238     0.002    -1.541     0.000    -0.388    -0.093     5.685    -0.523    -0.001    -2.145 

ddG: L27R     9.317    -6.881     0.466    13.681     0.013    -1.349     0.005    -1.221     0.103     0.676    -1.483     0.000    -0.277    -0.113     6.913    -0.310    -0.001    -0.905 

ddG: L27S     8.556     5.734    -0.214     3.662     0.001    -0.617     0.000     0.223     0.041     0.082    -0.355     0.000    -0.208    -0.259     0.986    -0.007     0.000    -0.513 

ddG: L27T     3.833     0.233    -0.235     7.189     0.010    -2.136    -0.002    -0.973     0.182     0.055    -0.337     0.000    -0.354    -0.353     1.471    -0.388    -0.001    -0.527 

ddG: L27V     2.905     2.716     0.822    -0.164     0.014     0.255    -0.002    -1.204     0.074     0.010     0.027     0.000     0.347    -0.043    -0.125     0.008    -0.001     0.172 

ddG: L27W     4.922   -14.067     6.529     6.929     0.024    -0.135     0.001    -1.270     0.392    -0.079     0.106     0.000    -0.282     1.241     4.876     0.262     0.000     0.394 

ddG: L27Y     7.480    -9.920     4.696     7.255     0.037    -0.172    -0.002    -0.861    -0.048    -0.142    -0.024     0.000     0.366     2.140     4.742    -0.029     0.010    -0.567 

