ddG: description total fa_atr fa_rep fa_sol fa_intra_rep fa_elec pro_close hbond_sr_bb hbond_lr_bb hbond_bb_sc hbond_sc dslf_fa13 rama omega fa_dun p_aa_pp yhh_planarity ref 
ddG: A1A     0.198    -1.242     0.302     0.791     0.000     1.627    -0.005    -0.539    -0.016    -1.297     0.729     0.000    -0.124    -0.161    -0.211     0.331     0.012     0.000 

ddG: A1C     0.056    -1.013    -0.076     1.502    -0.003     0.124    -0.007    -0.070     0.026     0.130    -0.049     0.000    -0.096    -0.173    -0.088     0.127     0.009    -0.287 

ddG: A1D     2.780    -3.814     0.650     5.636     0.001     1.965    -0.004    -0.599     0.007    -1.458     0.784     0.000    -0.098    -0.143     1.859     0.263    -0.006    -2.265 

ddG: A1E     0.677    -2.274     0.197     3.262     0.003    -0.145    -0.006    -0.033     0.030     0.011    -0.004     0.000    -0.088    -0.152     2.334     0.144    -0.015    -2.586 

ddG: A1F     0.710    -4.132     0.058     1.175     0.032     0.234    -0.004    -0.108     0.124     0.136    -0.107     0.000     0.122    -0.038     3.407    -0.010     0.017    -0.196 

ddG: A1G     0.598     1.156    -0.154     0.225    -0.003     0.302    -0.006    -0.060     0.015     0.123    -0.056     0.000    -0.086    -0.130    -0.276     0.092     0.002    -0.545 

ddG: A1H     0.887    -3.308     0.362     1.418     0.007     0.273    -0.005     0.026    -0.041     0.141    -0.053     0.000    -0.147    -0.228     2.521     0.197     0.007    -0.284 

ddG: A1H     0.971    -3.702     0.569     1.773     0.004     0.218    -0.004     0.038    -0.018     0.017     0.002     0.000    -0.137    -0.209     2.539     0.177    -0.013    -0.284 

ddG: A1I    -0.529    -2.382     0.584     0.492     0.022    -0.115    -0.003    -0.125     0.047     0.135    -0.035     0.000     0.045    -0.073     0.572     0.005     0.015     0.288 

ddG: A1K    -0.209    -2.376     0.153     2.058     0.003     0.199    -0.006    -0.058     0.040     0.010     0.003     0.000    -0.106    -0.138     0.971     0.111    -0.012    -1.061 

ddG: A1L     0.903    -2.412     0.091     0.510     0.015     0.622    -0.006    -0.059     0.068     0.136    -0.041     0.000     0.042    -0.086     1.916     0.086     0.011     0.011 

ddG: A1M     1.104    -3.028     0.632     1.563     0.003     1.886    -0.004    -0.571    -0.008    -1.389     0.724     0.000    -0.089    -0.155     1.792     0.261     0.010    -0.523 

ddG: A1N    -0.435    -4.229     0.289     4.621    -0.001     1.228    -0.008    -0.662     0.037    -1.334    -0.068     0.000    -0.165    -0.204     1.556     0.351     0.003    -1.849 

ddG: A1P     0.160    -2.044     0.072     1.530     0.017     1.479     0.003    -0.347    -0.104    -1.301     0.733     0.000    -0.156    -0.219     1.052     0.418     0.006    -0.979 

ddG: A1Q    -0.937    -2.167    -0.073     1.957     0.003     0.063    -0.007    -0.070     0.023     0.124    -0.062     0.000    -0.121    -0.154     1.558     0.116     0.004    -2.134 

ddG: A1R     0.781    -2.300     0.130     1.856     0.013     0.078    -0.004     0.011    -0.039     0.134    -0.049     0.000    -0.122    -0.163     1.990     0.130     0.011    -0.894 

ddG: A1S     1.596    -1.499     0.181     2.571    -0.003     1.607    -0.008    -0.636     0.048    -1.299     0.729     0.000    -0.149    -0.191     0.390     0.351     0.005    -0.502 

ddG: A1T     0.015    -7.193     2.296     6.410     0.010    -1.012    -0.009    -0.205    -0.089     0.127    -1.807     0.000     0.170     0.145     1.290     0.401    -0.003    -0.516 

ddG: A1V    -1.207    -2.238     0.803     0.181     0.013     0.141    -0.005    -0.074     0.009     0.135    -0.030     0.000    -0.054    -0.163    -0.254     0.138     0.009     0.183 

ddG: A1W    -0.399    -4.993     0.840     2.171     0.021     0.047    -0.006    -0.066     0.058     0.009     0.025     0.000    -0.076    -0.101     1.061     0.215    -0.010     0.405 

ddG: A1Y    -1.311    -3.689     0.606     0.691     0.029    -0.003    -0.004     0.011    -0.020     0.136    -0.293     0.000    -0.096    -0.113     1.806     0.176     0.007    -0.556 

