ddG: description total fa_atr fa_rep fa_sol fa_intra_rep fa_elec pro_close hbond_sr_bb hbond_lr_bb hbond_bb_sc hbond_sc dslf_fa13 rama omega fa_dun p_aa_pp yhh_planarity ref 
ddG: G53A    10.032    -1.492     5.620    -0.508     0.005     1.036     0.293    -0.687     0.176    -1.180     0.897     0.000     0.653     0.928     2.295     1.425     0.027     0.545 

ddG: G53C    20.431    -3.605     9.373     1.975     0.008     1.304     0.893    -0.839     0.444    -1.325     0.823     0.000     1.033     2.307     5.371     2.386     0.026     0.258 

ddG: G53D    20.610    -6.686     7.926     8.449     0.005     0.368     0.290    -0.082     0.453     0.234    -0.124     0.000     0.638     0.777     8.860     1.216     0.005    -1.720 

ddG: G53E    30.526    -9.039    12.628     8.904     0.030     0.252     0.341    -0.059     0.369     0.202    -0.207     0.000     0.908     0.870    16.347     1.017     0.004    -2.041 

ddG: G53F    22.618   -10.962    12.755     0.883     0.042     0.778     1.055    -0.013     1.293     0.274    -0.099     0.000     0.956     2.421    11.720     1.192    -0.028     0.349 

ddG: G53G    -0.515     0.621    -0.044    -1.200     0.007    -0.130     0.002     0.073    -0.076     0.123    -0.056     0.000    -0.017    -0.019     0.186    -0.007     0.021     0.000 

ddG: G53H    22.781   -10.829     9.726     4.805     0.006     0.572     0.477    -0.068     1.116     0.259    -0.076     0.000     0.683     2.116    12.273     1.465    -0.005     0.261 

ddG: G53H    22.224   -10.558     9.767     3.957     0.010     0.180     0.478    -0.003     1.134     0.244    -0.082     0.000     0.664     2.188    12.523     1.463    -0.002     0.261 

ddG: G53I    39.178    -7.657    19.927    -0.384     0.043     0.474     1.383    -0.042     0.874     0.251    -0.050     0.000     2.093     1.581    17.147     2.709    -0.004     0.833 

ddG: G53K    34.760    -7.168    15.658     3.389     0.294     0.917     0.510    -0.046     0.216     0.012     0.597     0.000     0.829     0.412    17.144     2.559    -0.047    -0.516 

ddG: G53L    30.313    -7.620    18.931    -0.489     0.007     2.403     1.401    -0.533     1.035    -1.237     0.738     0.000     1.562     3.913     6.281     3.366    -0.002     0.556 

ddG: G53M    27.528    -7.149    14.481     1.823     0.004    -0.114     0.394    -0.087     0.330     0.255    -0.068     0.000     1.535     0.548    13.331     2.218     0.005     0.022 

ddG: G53N    18.143    -8.447     7.998     6.892     0.008     1.511     0.240    -0.619     0.575    -1.288     0.705     0.000     0.500     0.711     8.970     1.676     0.017    -1.304 

ddG: G53P    73.306    -2.038    21.301    -3.387     0.062     2.627     6.504     0.649     4.198    -0.194     2.466     0.000     2.811    20.866    14.682     3.248    -0.058    -0.434 

ddG: G53Q    35.514    -9.124    16.585     6.212     0.016     0.079     0.236    -0.066     0.291     0.150    -0.217     0.000     0.854     0.858    18.754     2.478    -0.002    -1.589 

ddG: G53R    31.088    -9.553    20.034     6.402     0.013    -0.605     1.439    -0.157     0.327    -0.221    -0.005     0.000     1.851     1.187     9.581     1.152    -0.009    -0.349 

ddG: G53S    15.588    -1.301     5.932     1.577     0.011    -0.330     0.746    -0.135     0.015     0.232    -0.030     0.000     0.900     1.290     5.859     0.756     0.023     0.043 

ddG: G53T    24.030    -4.116    11.240     2.183     0.032     1.337     0.788    -0.687     0.638    -2.132     0.719     0.000     1.004     1.977     9.094     1.929    -0.003     0.029 

ddG: G53V    29.565    -5.257    15.415     0.263     0.026     2.008     1.442    -0.503     0.975    -1.074     0.730     0.000     1.601     4.664     6.118     2.434    -0.008     0.728 

ddG: G53W    24.136   -16.580    16.470     4.346     0.041     2.295     1.025    -0.705     0.887    -1.478     0.794     0.000     1.101     3.188     9.642     2.158     0.004     0.950 

ddG: G53Y    21.718   -11.550    12.642     1.446     0.046     0.847     0.615     0.000     1.829     0.238    -0.113     0.000     0.527     2.309    11.620     1.277    -0.004    -0.011 

