ddG: description total fa_atr fa_rep fa_sol fa_intra_rep fa_elec pro_close hbond_sr_bb hbond_lr_bb hbond_bb_sc hbond_sc dslf_fa13 rama omega fa_dun p_aa_pp yhh_planarity ref 
ddG: L118A     1.433     4.386    -0.347    -1.746    -0.007     0.206    -0.003    -0.133    -0.031     0.052    -0.536     0.011     0.007    -0.123    -0.278     0.021    -0.035    -0.011 

ddG: L118C     2.229     3.469    -0.630     0.121    -0.020     0.320    -0.018     0.498    -0.026    -0.578     1.018    -0.073    -0.130    -0.131    -1.199    -0.059    -0.036    -0.298 

ddG: L118D     3.941     1.771     0.149     3.965    -0.008     0.048    -0.008    -0.238    -0.068     0.060    -1.507    -0.060     0.521     0.150     1.316     0.135    -0.009    -2.276 

ddG: L118E     2.637     1.854    -0.581     2.711    -0.011    -0.095     0.006     0.087    -0.020    -0.010    -0.747    -0.039    -0.078    -0.198     2.315     0.047    -0.007    -2.598 

ddG: L118F    -0.388    -4.409     0.107     0.876     0.013     0.153     0.002     0.106    -0.067    -0.168     0.925    -0.127     0.219     0.819     1.891    -0.496    -0.024    -0.207 

ddG: L118G     3.273     7.109    -0.499    -2.193    -0.018    -0.173    -0.019     0.466     0.036    -0.609    -0.559     0.007     0.471    -0.209    -0.465     0.509    -0.026    -0.556 

ddG: L118H     0.070    -2.723    -0.231     2.659    -0.016    -1.094    -0.018     0.411     0.010    -0.469    -0.473    -0.117     0.287    -0.185     2.466    -0.110    -0.033    -0.295 

ddG: L118H     0.247    -2.783    -0.163     2.660    -0.010    -1.384    -0.017     0.455     0.024    -0.470    -0.476    -0.033     0.347     0.005     2.564    -0.147    -0.032    -0.295 

ddG: L118I     1.077    -1.063     0.740     0.376     0.021    -0.136    -0.003    -0.063    -0.047     0.090    -0.514    -0.050     0.297    -0.109     0.853     0.440    -0.032     0.276 

ddG: L118K     2.335     1.147    -0.257     1.311    -0.008    -0.096     0.002    -0.148    -0.042     0.005    -0.543    -0.084     0.161    -0.034     1.898     0.083     0.010    -1.072 

ddG: L118L    -0.371    -0.464     0.413    -0.028     0.004    -0.232    -0.007    -0.266    -0.026     0.107    -0.522    -0.040     0.185     0.063     0.417     0.052    -0.026     0.000 

ddG: L118M     0.384    -0.324     0.310     0.651    -0.006    -0.376    -0.004    -0.209    -0.056     0.048    -0.530    -0.078     0.327    -0.132     1.390    -0.056    -0.035    -0.535 

ddG: L118N     1.474    -0.841    -0.046     3.391    -0.003     0.191    -0.003    -0.813     0.048     0.161    -1.227    -0.073    -0.019    -0.020     2.478     0.131    -0.018    -1.861 

ddG: L118P     1.316     0.523     1.994    -0.536    -0.006     0.342     0.379     0.068    -0.012     0.104     0.006     0.068     0.434    -0.019    -0.411    -0.633     0.005    -0.990 

ddG: L118Q     1.603    -1.020     0.067     2.505     0.000    -0.003    -0.003    -0.158    -0.084     0.064    -0.524    -0.095     0.360     0.147     2.615    -0.090    -0.033    -2.145 

ddG: L118R     3.403    -1.206    -0.370     4.033     0.002    -0.062    -0.005    -0.043    -0.042    -0.087     0.003    -0.041     0.289     0.039     1.911    -0.103    -0.011    -0.905 

ddG: L118S     2.256     4.052    -0.321    -0.066    -0.008    -0.581    -0.003    -0.114    -0.014     0.119    -0.457     0.014     0.075    -0.123     0.081     0.135    -0.022    -0.513 

ddG: L118T     2.257     2.420     0.110     1.273     0.005    -0.422    -0.004    -0.243     0.051     0.041    -0.515     0.002     0.568    -0.006    -0.351    -0.116    -0.030    -0.527 

ddG: L118V     0.598     0.278     0.593    -0.110     0.009     0.036    -0.003    -0.036     0.089     0.007     0.015    -0.057     0.466     0.299    -0.833    -0.330     0.003     0.172 

ddG: L118W    -2.017    -9.171     0.607     4.398     0.018    -0.671    -0.001    -0.119    -0.076     0.010    -0.559    -0.042     0.440     0.517     2.720    -0.468    -0.014     0.394 

ddG: L118Y    -0.653    -6.357     0.579     2.899     0.026    -0.303    -0.001    -0.041    -0.088     0.022    -0.033    -0.084     0.344     0.574     2.730    -0.360     0.005    -0.567 

