ddG: description total fa_atr fa_rep fa_sol fa_intra_rep fa_elec pro_close hbond_sr_bb hbond_lr_bb hbond_bb_sc hbond_sc dslf_fa13 rama omega fa_dun p_aa_pp yhh_planarity ref 
ddG: W100A     9.602     9.731    -0.822     3.052    -0.036    -2.120     0.003     0.196    -0.131     0.039    -0.739     0.000    -0.103    -0.389     0.543     0.782    -0.001    -0.405 

ddG: W100C     8.412    11.769    -0.827     1.417    -0.034    -1.782     0.003     0.171    -0.194     0.029    -0.733     0.000    -0.406    -0.251    -0.287     0.230    -0.001    -0.692 

ddG: W100D    11.952    10.967    -0.719     3.659    -0.026     0.025    -0.002     0.035    -0.330    -0.022     0.892     0.000    -0.264    -0.002     0.127     0.283     0.000    -2.670 

ddG: W100E    11.536    14.988    -1.040    -1.373    -0.023     0.798    -0.004    -0.031    -0.206    -0.004     0.815     0.000     0.096    -0.100     0.067     0.545     0.000    -2.992 

ddG: W100F     7.374     8.004     0.275    -0.979     0.003     0.090    -0.006     0.216    -0.053     0.034     0.373     0.000    -0.366    -0.295     0.661     0.018    -0.001    -0.601 

ddG: W100G    12.333    15.663    -1.009    -1.892    -0.035    -0.059    -0.002     0.016    -0.278    -0.020     0.827     0.000     0.414    -0.078    -1.621     1.357    -0.001    -0.950 

ddG: W100H     7.634     7.351    -0.771     2.295    -0.029    -0.838    -0.004     0.063    -0.226    -0.028     0.044     0.000    -0.292    -0.037     0.701     0.094     0.000    -0.689 

ddG: W100H     7.616     9.446    -0.489     0.847    -0.022    -0.544     0.003     0.268    -0.162    -0.003    -0.344     0.000    -0.432    -0.158    -0.177     0.072     0.000    -0.689 

ddG: W100I     6.875     6.032    -0.325     3.502    -0.020    -2.106     0.005     0.188    -0.235     0.053    -0.703     0.000    -0.461    -0.228     0.992     0.299    -0.001    -0.118 

ddG: W100K    11.087     9.471    -1.560     3.663    -0.025    -0.337    -0.003    -0.030    -0.350     0.016     1.143     0.000     0.238     0.083    -0.770     1.015     0.000    -1.466 

ddG: W100L     7.699    12.433    -0.560    -2.444    -0.018     0.085    -0.002     0.268    -0.047     0.034     0.443     0.000    -0.202    -0.247    -2.159     0.509    -0.001    -0.394 

ddG: W100M     7.509    12.078    -0.848    -2.935    -0.030     0.414    -0.001    -0.001    -0.150    -0.020     0.849     0.000    -0.016     0.030    -1.371     0.439    -0.001    -0.928 

ddG: W100N    10.027    13.873    -0.796    -1.467    -0.028     0.517    -0.004    -0.012    -0.189    -0.024     0.808     0.000    -0.174    -0.067    -0.429     0.273     0.000    -2.255 

ddG: W100P    12.793     6.566     2.013     3.529    -0.018    -2.309     0.741    -0.178     0.595     0.091    -0.559     0.000    -0.012     0.879     3.504    -0.665     0.000    -1.384 

ddG: W100Q     8.655     8.750    -1.306     2.164    -0.028     0.050    -0.003     0.005    -0.350     0.003     1.081     0.000     0.191     0.112    -0.342     0.867    -0.001    -2.539 

ddG: W100R    12.232    10.139    -1.006     2.456    -0.013     1.064     0.004     0.345    -0.283    -0.481     0.746     0.000    -0.423    -0.332     1.101     0.215    -0.001    -1.299 

ddG: W100S     9.896    16.304    -0.914    -3.225    -0.028     0.056    -0.004    -0.014    -0.241    -0.017     0.820     0.000     0.114     0.018    -2.600     0.532    -0.001    -0.907 

ddG: W100T     9.658     8.411    -0.578     4.419    -0.032    -2.177     0.002     0.201    -0.305     0.062    -0.676     0.000    -0.284    -0.242     1.106     0.672    -0.001    -0.921 

ddG: W100V     8.338    11.338    -0.596    -1.573    -0.024     0.029    -0.004     0.010    -0.302     0.044     0.831     0.000    -0.240     0.053    -1.445     0.440     0.000    -0.222 

ddG: W100W     0.269    -0.802     0.213     1.412     0.006    -0.507     0.003     0.266     0.060     0.057    -0.376     0.000    -0.234    -0.170     0.325     0.016     0.000     0.000 

ddG: W100Y     9.221    14.701    -0.689    -7.825     0.003     3.824    -0.007    -1.294     0.151    -0.045     2.097     0.000    -0.091    -0.081    -0.421    -0.146     0.004    -0.961 

