ddG: description total fa_atr fa_rep fa_sol fa_intra_rep fa_elec pro_close hbond_sr_bb hbond_lr_bb hbond_bb_sc hbond_sc dslf_fa13 rama omega fa_dun p_aa_pp yhh_planarity ref 
ddG: D99A    -0.634     5.390    -1.008   -10.974    -0.016     3.101    -0.008     0.551     0.086    -0.589     3.643     0.001    -0.140    -0.166    -2.310    -0.242    -0.216     2.265 

ddG: D99C    -0.429     3.943    -1.508    -8.773    -0.008     3.547     0.004    -0.421     0.222    -0.694     5.161     0.006    -0.381     0.272    -3.274    -0.282    -0.221     1.978 

ddG: D99D     0.045    -0.330    -0.318     0.407     0.000     0.782     0.003    -0.509     0.162     0.017     0.648     0.038    -0.322    -0.107    -0.234    -0.191    -0.002     0.000 

ddG: D99E     4.181    -3.400     0.417     2.189    -0.002     1.946    -0.002     0.296    -0.025    -0.560     2.625     0.123    -0.180     0.277     1.259    -0.315    -0.146    -0.322 

ddG: D99F     3.481   -10.366     7.540    -6.793     0.065     2.868    -0.013     0.252     0.126    -0.558     3.582     0.175     0.222     0.471     4.075    -0.022    -0.212     2.069 

ddG: D99G     3.676     9.210    -1.548   -11.412    -0.011     5.027     0.017    -0.520     0.196    -0.183     5.682     0.015    -0.091     0.170    -4.240    -0.159    -0.197     1.720 

ddG: D99H    -1.736    -5.981    -0.183    -3.951     0.014     1.647    -0.030     0.672    -0.033    -0.631     1.341     0.117    -0.265     0.011     4.134    -0.376    -0.203     1.981 

ddG: D99H    -1.844    -5.819     0.076    -4.018     0.010     2.169     0.002    -0.453     0.221    -0.042     0.319     0.088    -0.249     0.362     3.864    -0.292    -0.063     1.981 

ddG: D99I     6.518     0.341     5.322   -10.013     0.101     3.885    -0.017     0.103    -0.043    -0.111     3.574     0.193     0.329     0.463     0.561    -0.492    -0.232     2.553 

ddG: D99K    11.134    -3.749     2.091     1.155    -0.008     4.705     0.006     0.563     0.056     0.201     4.159     0.030    -0.198     0.456     0.510    -0.090     0.040     1.204 

ddG: D99L     3.094     0.216     2.049    -9.465     0.007     3.548    -0.036     1.222     0.004    -0.814     4.395     0.124    -0.173     0.951    -0.444    -0.532    -0.234     2.276 

ddG: D99M     0.817    -2.580     1.365    -6.643    -0.010     2.707     0.002     0.506    -0.081    -0.728     2.377    -0.018    -0.205     0.177     1.634    -0.262     0.834     1.742 

ddG: D99N    -0.879     0.300    -1.397    -4.257    -0.002     2.989     0.000     0.393    -0.111    -0.752     1.724     0.004    -0.104    -0.117     0.043    -0.019     0.011     0.415 

ddG: D99P    22.750     1.540     9.558   -11.680     0.070     5.147     1.118     3.977     0.091    -0.101     4.085     0.161     0.086     2.370     4.096     1.131    -0.186     1.286 

ddG: D99Q     3.078    -4.714     1.188    -1.589    -0.001     4.572     0.004     0.219    -0.034    -0.167     3.265     0.063    -0.061     0.030     0.697    -0.296    -0.229     0.131 

ddG: D99R    10.253    -8.684     3.519     4.643     0.012     3.403    -0.016     0.369     0.110    -0.540     4.139     0.105    -0.169     0.086     2.439    -0.288    -0.247     1.371 

ddG: D99S     0.355     3.656    -1.107    -7.496    -0.008     3.794     0.021    -0.630     0.010    -0.133     2.016    -0.033    -0.300    -0.364    -0.592    -0.023    -0.217     1.763 

ddG: D99T     1.100     1.766    -0.416    -6.351    -0.003     3.520     0.006     0.098     0.049    -0.104     1.970     0.022    -0.142    -0.077    -0.922     0.075    -0.139     1.749 

ddG: D99V     4.218     1.777     3.057   -10.404     0.051     4.008    -0.012    -0.122     0.013    -0.078     3.607     0.028     0.106     0.189     0.068    -0.323    -0.196     2.448 

ddG: D99W    12.525   -17.590    16.561    -0.423     0.011     2.868    -0.049     1.236     0.011    -0.232     4.754     0.043     0.571     1.432     1.083    -0.344    -0.078     2.670 

ddG: D99Y     3.072   -11.980     6.617    -3.787     0.083     2.360    -0.012     0.428     0.108    -0.584     2.948     0.204     0.119     0.675     4.345    -0.013    -0.146     1.709 

