ddG: description total fa_atr fa_rep fa_sol fa_intra_rep fa_elec pro_close hbond_sr_bb hbond_lr_bb hbond_bb_sc hbond_sc dslf_fa13 rama omega fa_dun p_aa_pp yhh_planarity ref 
ddG: I104A     0.488     3.692    -0.860    -2.087    -0.020     0.088    -0.005    -0.049    -0.141     0.056    -0.524    -0.063    -0.196    -0.410     1.189     0.110    -0.005    -0.288 

ddG: I104C     1.387     3.872    -0.757    -0.768    -0.025    -0.664    -0.019     0.597     0.109    -0.623     1.237     0.039    -0.116     0.096    -1.133     0.146    -0.030    -0.574 

ddG: I104D     2.362     2.124    -0.278     2.241    -0.020    -2.093    -0.019    -0.274     0.026     1.080    -1.593    -0.049     0.006    -0.086     3.488     0.365    -0.003    -2.553 

ddG: I104E     0.788    -0.892    -0.029     4.733    -0.008    -1.779    -0.008    -0.022     0.003     0.182    -0.822     0.014    -0.299     0.060     2.438     0.073     0.016    -2.874 

ddG: I104F     1.350    -5.661     0.605     3.089     0.016    -2.933     0.004     0.165     0.068    -0.084     0.837    -0.082    -0.207     0.245     5.324     0.456    -0.008    -0.483 

ddG: I104G     1.329     6.893    -0.556    -3.053    -0.028    -1.022    -0.015     0.449     0.085    -0.544    -0.157    -0.040     0.158    -0.267    -0.267     0.517     0.010    -0.833 

ddG: I104H     0.585    -4.863    -0.349     5.546    -0.008    -3.300    -0.018     0.135     0.089    -0.793     0.226    -0.080    -0.232     0.278     4.215     0.321    -0.012    -0.571 

ddG: I104H     0.873    -3.748     0.101     2.162    -0.010    -1.200    -0.018    -0.039     0.070     0.459    -0.519     0.007    -0.009     0.008     3.862     0.333    -0.014    -0.571 

ddG: I104I    -1.275     0.873    -0.609    -0.300     0.002    -0.197    -0.002    -0.494     0.196    -0.621     1.092    -0.034    -0.247     0.421    -0.953    -0.390    -0.012     0.000 

ddG: I104K     1.429     2.406    -0.113    -0.133    -0.014    -0.589    -0.005    -0.153     0.040     0.083    -0.425     0.037     0.004     0.118     1.378     0.153    -0.011    -1.348 

ddG: I104L    -0.036     1.337    -0.223    -0.475    -0.010    -0.150     0.003    -0.750     0.176     0.084    -0.274    -0.042    -0.117     0.026     0.729    -0.092     0.020    -0.276 

ddG: I104M     0.716    -0.701    -0.317     0.535    -0.009     0.120     0.001     0.050    -0.159     0.078    -0.511    -0.058    -0.202    -0.337     2.849     0.189    -0.001    -0.811 

ddG: I104N     1.977     1.152    -0.986     1.094    -0.008    -0.910    -0.013     0.094    -0.145    -0.599     1.049    -0.067    -0.170    -0.346     3.421     0.552    -0.002    -2.137 

ddG: I104P    14.969     2.096     5.547    -3.159     0.012     0.171     0.272     2.820     0.076     1.120    -0.300    -0.065     0.187     1.807     5.019     0.596     0.037    -1.266 

ddG: I104Q     1.142    -0.301     0.061     1.840    -0.022    -0.295    -0.001    -0.015    -0.017     0.167    -0.441    -0.031    -0.086     0.168     2.443     0.101    -0.007    -2.421 

ddG: I104R     1.819    -4.907    -0.084     9.405    -0.003    -3.766    -0.020     0.144     0.072     0.327    -1.683     0.015    -0.266     0.158     3.412     0.202    -0.005    -1.182 

ddG: I104S     1.974     4.295    -0.371    -0.793    -0.026    -0.707    -0.006    -0.086     0.033     0.145    -0.241    -0.046    -0.091    -0.024     0.280     0.405    -0.006    -0.789 

ddG: I104T     1.098     3.247    -0.299     0.019    -0.009    -1.180    -0.005    -0.120     0.015     0.055    -0.247    -0.050     0.047    -0.076     0.218     0.305    -0.020    -0.804 

ddG: I104V     0.049     1.727     0.154    -0.931    -0.001    -0.590     0.003    -0.696     0.189     0.104    -0.295     0.047    -0.008     0.090     0.419    -0.048    -0.010    -0.105 

ddG: I104W    -0.763    -2.287     0.046     0.751     0.009    -0.517    -0.003    -0.214     0.022     0.078    -0.521    -0.020    -0.022    -0.052     1.618     0.240    -0.010     0.118 

ddG: I104Y    -1.515    -7.488     1.215     6.672     0.014    -5.227    -0.015     0.659     0.101    -1.934     0.100    -0.070    -0.099     0.084     4.740     0.555     0.021    -0.844 

