ddG: description total fa_atr fa_rep fa_sol fa_intra_rep fa_elec pro_close hbond_sr_bb hbond_lr_bb hbond_bb_sc hbond_sc dslf_fa13 rama omega fa_dun p_aa_pp yhh_planarity ref 
ddG: S81A     1.331     1.706     0.049    -4.408    -0.001     1.379     0.023    -0.033    -0.134     1.941    -0.050     0.002     0.355    -0.117    -0.198     0.327    -0.011     0.502 

ddG: S81C     5.842     0.389     3.371    -2.033     0.002     1.203     0.069     0.131    -0.030     1.921     0.090     0.002    -0.055     0.108     0.876    -0.454     0.037     0.215 

ddG: S81D     9.672    -3.553     2.452     3.786     0.014     1.623     0.028     0.523     0.221     0.870     0.603     0.002     0.453     0.460     4.017    -0.100     0.035    -1.763 

ddG: S81E    13.933    -2.117     4.493     2.611     0.019     2.579    -0.032     0.299     0.650     0.801    -0.011     0.002     0.774     0.926     4.980    -0.013     0.056    -2.085 

ddG: S81F    15.233    -7.831    10.889    -5.074     0.093     1.860    -0.003     0.459     0.381     2.028    -0.221     0.004     0.084     2.631     9.371     0.143     0.113     0.306 

ddG: S81G     4.793     6.104    -0.254    -5.313    -0.003     1.502     0.024    -0.026    -0.123     1.931    -0.042     0.004     0.665    -0.072    -0.419     0.846     0.012    -0.043 

ddG: S81H    11.750    -9.944     7.308     2.647     0.025     1.604    -0.008     0.065     0.353     2.097    -0.245     0.004    -0.080     0.788     7.102    -0.226     0.041     0.218 

ddG: S81H    11.453    -9.836     7.326     2.377     0.025     1.328    -0.004    -0.004     0.373     2.133    -0.241     0.003     0.007     0.923     6.961    -0.161     0.026     0.218 

ddG: S81I     7.666    -2.375     6.324    -5.445     0.023     1.724     0.017     0.110    -0.110     1.961    -0.091     0.003    -0.164     1.180     3.484     0.278    -0.042     0.789 

ddG: S81K    22.609    -4.352     7.344     6.441     0.140     1.956     0.037     0.292     0.001     1.969    -0.335     0.005    -0.104     1.102     8.204     0.302     0.167    -0.559 

ddG: S81L     8.892    -2.113     5.830    -4.883     0.077     1.542    -0.022    -0.065     0.145     2.051    -1.131     0.001     0.343     0.787     5.836    -0.011    -0.007     0.513 

ddG: S81M     8.037   -10.791     4.924     5.328     0.019     0.925     0.004     0.068     0.322     1.840    -0.937     0.006    -0.181     0.066     6.298     0.035     0.129    -0.022 

ddG: S81N     9.825    -6.178     4.170     4.689     0.004     1.798     0.016     0.303     0.192     1.899     0.246     0.000     0.072     0.073     4.144    -0.297     0.042    -1.348 

ddG: S81P     7.798    -0.379     2.790    -6.274     0.022     2.424     1.679     0.050     2.410     1.716     0.126     0.014     0.726     0.928     1.816     0.266    -0.041    -0.477 

ddG: S81Q    15.126    -2.100     6.742    -1.727     0.010     4.661    -0.026     0.142     0.355     2.469     0.908    -0.001     0.403     0.912     4.006     0.032    -0.027    -1.632 

ddG: S81R    20.459    -9.994     7.639    11.624     0.051     1.569    -0.024     0.019     0.284     2.480    -0.232     0.004     0.012     0.389     7.332    -0.475     0.174    -0.392 

ddG: S81S     0.017    -0.003     0.012    -0.015     0.000    -0.004     0.002     0.012     0.011     0.006    -0.009     0.002     0.003    -0.004     0.001     0.001     0.002     0.000 

ddG: S81T     3.060    -2.559     1.322     0.736     0.021     0.328     0.063     0.035     0.060     0.524     0.128     0.003     0.065    -0.274     2.299     0.315     0.006    -0.015 

ddG: S81V     8.931    -1.849     5.713    -3.953     0.015     1.833     0.222     0.335    -0.083     2.036     0.082     0.003     0.105     0.895     2.967    -0.145     0.071     0.685 

ddG: S81W    20.295    -6.274    13.009     1.243     0.057     1.141    -0.017     0.103     1.685     2.132    -1.348     0.013     0.680     1.847     5.396    -0.122    -0.156     0.907 

ddG: S81Y    17.934   -11.519    11.742    -0.076     0.080     2.076     0.069     0.612     0.733     2.049     0.098     0.006     0.212     3.457     8.197     0.113     0.139    -0.054 

