ddG: description total fa_atr fa_rep fa_sol fa_intra_rep fa_elec pro_close hbond_sr_bb hbond_lr_bb hbond_bb_sc hbond_sc dslf_fa13 rama omega fa_dun p_aa_pp yhh_planarity ref 
ddG: V17A     3.349     6.877    -1.021    -1.735    -0.009    -1.421    -0.002     0.026     0.261     1.462    -0.780     0.000     0.031    -0.179    -0.213     0.242    -0.007    -0.183 

ddG: V17C     3.788     2.914    -0.580     2.343    -0.011     0.212    -0.003    -0.447     0.291     0.024    -0.002     0.000    -0.289    -0.189    -0.004     0.003    -0.004    -0.470 

ddG: V17D     7.242    -0.110    -0.647     9.300    -0.003    -1.128    -0.001     0.489     0.032     1.301    -0.730     0.000    -0.044    -0.047     1.533    -0.228    -0.027    -2.448 

ddG: V17E     7.851    -5.048     1.295    11.811    -0.007    -0.069    -0.002    -0.215     0.217    -0.079     0.068     0.000    -0.132    -0.222     2.765     0.261    -0.021    -2.769 

ddG: V17F    14.058    -8.001    11.868     1.868     0.026     0.326    -0.007     0.069     0.363     0.119    -0.077     0.000     0.673     0.961     5.708     0.544    -0.003    -0.379 

ddG: V17G     6.860    10.432    -1.021    -3.066    -0.008    -0.784     0.001     0.144     0.189     1.612     0.047     0.000     0.149    -0.237    -0.220     0.418    -0.068    -0.728 

ddG: V17H     6.323    -6.287     4.996     5.306    -0.002    -1.592    -0.012     0.271     0.150     1.625    -0.779     0.000    -0.016     0.212     2.917     0.008    -0.007    -0.467 

ddG: V17H     6.330    -6.121     4.507     6.360    -0.007    -1.656    -0.011     0.098     0.251     1.652    -0.778     0.000     0.134     0.251     2.048     0.082    -0.015    -0.467 

ddG: V17I     1.791    -0.802     2.192    -1.614     0.013    -1.392     0.001     0.243     0.564     1.471    -0.733     0.000     0.252    -0.058     1.057     0.501    -0.007     0.105 

ddG: V17K    13.705    -3.320     3.067    10.523     0.007    -1.609    -0.015    -0.046     0.492     2.540    -0.551     0.000    -0.071    -0.289     4.341    -0.118    -0.003    -1.244 

ddG: V17L     4.256     0.056     3.198    -1.365     0.001    -1.649     0.003     0.486    -0.002     1.531    -0.777     0.000     0.255     0.394     2.051     0.239     0.007    -0.172 

ddG: V17M     4.112    -1.531     1.940     1.819    -0.007    -1.164    -0.008     0.284     0.451     1.561    -0.744     0.000     0.002    -0.189     2.563    -0.157    -0.001    -0.706 

ddG: V17N     4.243    -0.030    -0.439     4.693     0.003    -0.910     0.000     0.223     0.191     1.509    -0.054     0.000    -0.243    -0.145     1.850    -0.304    -0.069    -2.032 

ddG: V17P     7.298     5.046     1.255    -2.851    -0.005    -2.030     1.225     0.518     0.496     1.552    -0.799     0.000     0.815     0.625     1.911     0.704    -0.001    -1.162 

ddG: V17Q     3.237    -4.238     1.458     6.577    -0.004    -1.139    -0.001     0.272     0.194     1.361    -0.720     0.000    -0.147    -0.131     2.138    -0.046    -0.020    -2.317 

ddG: V17R    18.165    -9.242     6.705    16.295     0.025    -2.364    -0.005     0.267     0.277     1.613    -1.398     0.000     0.215     0.486     6.317     0.046     0.006    -1.077 

ddG: V17S     4.745     6.148    -1.155     1.172    -0.010    -1.450    -0.003     0.491     0.035     1.434    -0.774     0.000    -0.036    -0.125    -0.177    -0.111    -0.011    -0.685 

ddG: V17T     2.222     3.176    -0.377     1.771    -0.007    -1.780    -0.001     0.166     0.250     1.497    -0.782     0.000    -0.334    -0.081    -0.073    -0.500    -0.003    -0.699 

ddG: V17V    -0.012     0.012     0.000    -0.009     0.000    -0.018     0.000    -0.002    -0.003    -0.013     0.001     0.000     0.000     0.001     0.026    -0.002    -0.006     0.000 

ddG: V17W    19.473   -14.006    13.445     5.033     0.040    -0.962    -0.011     0.611     1.058     1.867    -0.782     0.000     0.375     1.643    10.714     0.180     0.046     0.222 

ddG: V17Y    20.656    -9.038    13.018     5.174     0.023     0.157    -0.011    -0.517     0.965     1.060     0.234     0.000     0.306     0.797     7.942     0.810     0.475    -0.739 

