ddG: description total fa_atr fa_rep fa_sol fa_intra_rep fa_elec pro_close hbond_sr_bb hbond_lr_bb hbond_bb_sc hbond_sc dslf_fa13 rama omega fa_dun p_aa_pp yhh_planarity ref 
ddG: K84A     0.371     1.126     0.538    -1.365     0.018     0.371     0.013     0.484    -0.167     1.321    -0.310     0.000     0.101     0.161    -3.146     0.172    -0.005     1.061 

ddG: K84C    -0.652    -0.528     1.608    -0.661     0.017     0.838    -0.003    -0.232     0.106     0.241     0.276     0.000     0.349     0.374    -3.559    -0.248    -0.004     0.774 

ddG: K84D     1.122    -0.469    -0.056     1.133    -0.001     0.540     0.001    -0.012    -0.004     0.033     0.001     0.000    -0.088    -0.009     1.333    -0.075     0.000    -1.204 

ddG: K84E    -1.054    -3.118     1.749     3.017     0.028    -0.983     0.001    -0.234     0.087     0.129     0.000     0.000     0.233     0.454    -0.795    -0.093    -0.004    -1.526 

ddG: K84F    -0.187    -3.028     2.539     1.949     0.019    -1.843    -0.001     0.516    -0.120     0.800    -2.998     0.000     0.041     0.510     0.743    -0.171    -0.008     0.865 

ddG: K84G    -0.489     2.614     2.254    -1.922    -0.016    -2.104     0.002     0.513    -0.109     0.890    -2.985     0.000     0.131     0.325    -0.917     0.339    -0.021     0.516 

ddG: K84H    -1.332    -2.342     1.688     0.457     0.020    -0.057     0.002    -0.006    -0.092     0.097     0.157     0.000     0.269    -0.019    -2.015    -0.268    -0.001     0.777 

ddG: K84H    -0.176    -2.112     0.294     0.796     0.013    -0.055    -0.001    -0.035     0.004    -0.093    -0.001     0.000    -0.007     0.066     0.411    -0.232     0.000     0.777 

ddG: K84I     2.882    -3.742     4.221     1.153     0.002    -0.284    -0.016    -0.148     0.360     1.501    -2.519     0.000     0.252     1.107    -0.172    -0.174    -0.006     1.348 

ddG: K84K     0.002    -0.002    -0.004    -0.001     0.000     0.003     0.000     0.003    -0.001     0.000    -0.002     0.000     0.000     0.002     0.003    -0.001     0.000     0.000 

ddG: K84L    -1.350    -1.037     1.518    -0.083     0.025    -0.075     0.004     0.010    -0.103     0.133     0.165     0.000     0.309    -0.046    -3.204    -0.022    -0.015     1.072 

ddG: K84M     0.076     0.189     0.493    -0.365     0.001     0.342     0.005     0.478    -0.168     1.296    -0.314     0.000     0.043     0.250    -2.586    -0.120    -0.006     0.537 

ddG: K84N    -0.186    -1.200     0.754     0.535     0.010     1.066     0.005     0.210    -0.007     1.322    -0.321     0.000    -0.131     0.564    -1.829    -0.365    -0.010    -0.789 

ddG: K84P     4.714    -0.241     3.143    -0.125    -0.015    -0.721     0.122     0.595    -0.110     1.531    -0.512     0.000     0.572     0.720    -0.592     0.271    -0.005     0.082 

ddG: K84Q    -1.610    -2.764     1.614     1.414     0.014     0.304    -0.001    -0.193     0.101     0.254    -0.018     0.000     0.153     0.473    -1.672    -0.211    -0.004    -1.073 

ddG: K84R     0.117    -1.280     0.810     2.184     0.025    -1.366     0.009     0.432    -0.165     1.216    -0.476     0.000     0.094    -0.012    -1.446    -0.070    -0.005     0.167 

ddG: K84S    -0.376     0.928     1.317    -1.172     0.023    -0.151     0.003     0.009    -0.106     0.301     0.218     0.000     0.307    -0.208    -2.409     0.006    -0.001     0.559 

ddG: K84T    -1.918    -0.042     1.709     0.690     0.018    -1.164     0.001     0.003    -0.103     0.051    -0.454     0.000     0.303     0.144    -3.280    -0.339    -0.001     0.544 

ddG: K84V     0.459    -0.556     2.043    -0.851     0.010    -0.046     0.000     0.010    -0.107     0.193     0.167     0.000     0.611     0.856    -3.275     0.175    -0.015     1.244 

ddG: K84W     0.959    -2.749     0.778     1.717     0.037     0.045     0.007     0.441    -0.162     1.200    -0.291     0.000     0.104     0.340    -1.811    -0.144    -0.020     1.466 

ddG: K84Y    -0.570    -3.864     1.792     0.860     0.050     1.244     0.000    -0.209     0.101     0.131     0.190     0.000     0.255     0.473    -1.664    -0.444     0.011     0.505 

