ddG: description total fa_atr fa_rep fa_sol fa_intra_rep fa_elec pro_close hbond_sr_bb hbond_lr_bb hbond_bb_sc hbond_sc dslf_fa13 rama omega fa_dun p_aa_pp yhh_planarity ref 
ddG: T59A    -0.968     1.676     0.272    -3.306    -0.004    -0.100    -0.010    -0.107    -0.045     0.009     0.065     0.001     0.084     0.110    -0.061    -0.065    -0.002     0.516 

ddG: T59C    -1.622     0.565     0.204    -2.014    -0.004    -0.404     0.005     0.020    -0.012     0.129     0.040     0.000    -0.387     0.152     0.284    -0.436     0.005     0.229 

ddG: T59D    -1.279    -1.691     0.217     2.177     0.006    -0.877     0.005    -0.046    -0.005     0.155    -0.076     0.000    -0.420     0.152     1.463    -0.587    -0.004    -1.749 

ddG: T59E     0.236    -2.143     0.168     2.256     0.001    -0.573     0.012     0.011    -0.004     0.122     0.028     0.000    -0.217     0.068     2.708    -0.140     0.008    -2.070 

ddG: T59F    -2.885    -5.387     0.403    -0.195     0.027    -0.272    -0.005     0.025     0.010    -0.020    -0.078     0.001    -0.237     0.032     2.846    -0.348    -0.009     0.321 

ddG: T59G     1.023     4.245     0.090    -4.442    -0.006    -0.121    -0.004    -0.003     0.030     0.156     0.062     0.000     0.546     0.172    -0.153     0.464     0.015    -0.029 

ddG: T59H    -1.306   -10.247    -0.049     7.919    -0.006    -0.085     0.027     0.007     0.123    -0.081    -0.984     0.000    -0.363    -0.305     2.951    -0.466     0.020     0.232 

ddG: T59H    -2.156    -4.312     0.086     0.364     0.003    -0.139     0.023     0.043     0.001     0.061    -0.024     0.000    -0.361    -0.001     2.195    -0.332     0.005     0.232 

ddG: T59I    -1.081    -3.387     1.025    -1.072     0.017     0.202    -0.003    -0.110     0.172     0.272    -0.047     0.001    -0.457     1.129     0.861    -0.504     0.017     0.804 

ddG: T59K    -0.940    -1.871     0.231     0.635     0.000    -0.328     0.000    -0.038     0.002     0.047     0.019     0.000    -0.127     0.110     1.084    -0.166     0.008    -0.544 

ddG: T59L    -1.782    -8.533     0.211     6.698    -0.004    -0.152     0.014    -0.010     0.162    -0.142    -1.186     0.000    -0.143    -0.260     1.516    -0.522     0.041     0.527 

ddG: T59M    -2.510    -2.866     0.341    -0.746     0.000    -0.202    -0.001    -0.103    -0.014     0.071    -0.080     0.001    -0.010     0.043     1.174    -0.123     0.013    -0.007 

ddG: T59N    -2.582    -1.994     0.301     0.337     0.007    -0.529     0.050     0.040    -0.006     0.023    -0.034     0.002    -0.391     0.049     1.507    -0.600    -0.012    -1.333 

ddG: T59P    -1.212    -0.450     0.634    -3.076    -0.001     0.306     0.637     0.361    -0.011     0.923    -0.023    -0.001     0.356     0.120    -0.038    -0.481    -0.009    -0.462 

ddG: T59Q    -0.472    -2.225     0.126     0.444     0.000     0.696     0.001    -0.032     0.000     0.117    -0.445     0.000    -0.230     0.096     2.791    -0.203     0.009    -1.617 

ddG: T59R     0.321    -2.612     0.219     1.894     0.006    -0.371    -0.001    -0.001     0.004     0.035     0.023     0.001    -0.118     0.084     1.782    -0.253     0.005    -0.378 

ddG: T59S    -0.405     1.523     0.154    -1.778    -0.004    -0.611    -0.002    -0.033     0.002    -0.010     0.009     0.000     0.048     0.011     0.302    -0.040     0.010     0.015 

ddG: T59T    -0.228    -0.325     0.096     0.077     0.000    -0.262     0.009     0.028     0.012     0.042     0.020     0.000    -0.024     0.058     0.049    -0.019     0.010     0.000 

ddG: T59V    -2.622    -1.908     0.471    -1.578     0.007    -0.004     0.009     0.065     0.045     0.209     0.063    -0.001    -0.318     0.144    -0.070    -0.469     0.014     0.699 

ddG: T59W    -3.378    -8.172     0.609     1.933     0.029    -0.201    -0.010    -0.102    -0.036     0.297    -0.014     0.000    -0.041    -0.226     2.201    -0.562    -0.003     0.921 

ddG: T59Y    -3.131    -5.387     0.481     0.053     0.026    -0.226     0.000     0.070     0.014     0.059    -0.055     0.002    -0.293     0.057     2.550    -0.447     0.004    -0.040 

