ddG: description total fa_atr fa_rep fa_sol fa_intra_rep fa_elec pro_close hbond_sr_bb hbond_lr_bb hbond_bb_sc hbond_sc dslf_fa13 rama omega fa_dun p_aa_pp yhh_planarity ref 
ddG: G73A     0.771     0.711     1.221    -3.181    -0.002     1.277     0.005     0.093    -0.082     0.685     0.271     0.005    -0.087     0.143    -1.235     0.119     0.282     0.545 

ddG: G73C     2.485    -0.314     1.996    -0.589    -0.002     2.151     0.000     0.283    -0.038     0.709     0.236     0.007    -0.291     0.108    -1.672    -0.415     0.057     0.258 

ddG: G73D     7.898    -1.990    -0.113     6.477     0.000     0.814     0.007     0.422     0.053     0.093     0.250     0.008     0.187    -0.403     3.753    -0.248     0.311    -1.720 

ddG: G73E     3.674    -5.057     3.825     4.577     0.003    -0.039     0.000     0.147     0.350     0.820    -1.186     0.007    -0.254     1.034     1.453    -0.147     0.183    -2.041 

ddG: G73F     2.133    -5.699     2.649    -2.068     0.033     1.134     0.002     0.769    -0.906     0.704     0.276     0.010     0.069     0.200     4.616    -0.308     0.302     0.349 

ddG: G73G    -0.279    -0.012     0.007    -0.040     0.000    -0.194     0.003     0.021     0.050     0.009    -0.055     0.001    -0.012    -0.033    -0.019    -0.012     0.008     0.000 

ddG: G73H     3.775    -3.961     1.107     1.040     0.016     1.154     0.007     0.334    -0.722    -0.242     0.238     0.005     0.018     0.000     4.500    -0.174     0.192     0.261 

ddG: G73H     3.474    -4.233     1.242     1.074     0.017     0.918     0.009     0.355    -0.715    -0.249     0.202     0.006     0.035     0.051     4.477    -0.159     0.183     0.261 

ddG: G73I     6.888    -3.391     4.754    -3.361     0.027     3.748     0.016     0.236     0.345     0.944     0.999     0.015    -0.153     1.573     0.440    -0.089    -0.047     0.833 

ddG: G73K     8.889    -0.317     0.630     1.117     0.004     3.921     0.000     0.667    -0.834     0.682     1.029     0.007     0.324    -0.293     3.094    -0.566    -0.060    -0.516 

ddG: G73L     4.457   -10.395     4.076     4.748     0.007     2.994     0.007    -0.023    -0.117     0.582    -1.336     0.008    -0.170     0.014     3.338    -0.336     0.502     0.556 

ddG: G73M     5.502     0.009     1.356    -2.911     0.009     3.705     0.002     0.368    -0.771     0.474     1.261     0.005     0.245    -0.287     2.898    -0.770    -0.113     0.022 

ddG: G73N     4.144    -2.166    -0.113     2.840    -0.001     1.254     0.006     0.454    -0.018     0.032    -0.482     0.006     0.180    -0.327     4.286    -0.506     0.004    -1.304 

ddG: G73P    10.250    -5.464     6.572    -1.437     0.015     3.621     0.174     1.082     0.683     0.724     0.401     0.015     0.646     0.696     2.736    -0.254     0.474    -0.434 

ddG: G73Q     5.234    -4.686     3.309     1.005     0.015     2.712     0.009     0.085     0.349     0.839    -0.637     0.009    -0.324     0.953     3.296    -0.284     0.172    -1.589 

ddG: G73R     8.056    -6.542     4.109     5.975     0.013     3.615     0.004     0.053     0.252     0.923    -1.702     0.005    -0.267     0.642     1.382    -0.138     0.082    -0.349 

ddG: G73S     2.694    -4.959     1.025     7.443    -0.004    -0.398     0.013     0.431    -0.088    -0.792    -0.643     0.006    -0.044     0.260     0.494    -0.453     0.359     0.043 

ddG: G73T     3.630    -0.774     2.112    -1.210     0.007     3.192     0.006     0.524     0.034     0.154     1.042     0.008    -0.288     0.604    -0.998    -0.768    -0.043     0.029 

ddG: G73V     6.676    -1.046     5.168    -4.099     0.018     3.742     0.013     0.300     0.423     0.851     1.063     0.013    -0.376     0.992    -0.803    -0.268    -0.044     0.728 

ddG: G73W     2.243   -16.401     5.620     4.268     0.048     1.676    -0.015     0.334    -0.064    -0.120    -0.396     0.010     0.104     0.735     4.868    -0.016     0.643     0.950 

ddG: G73Y     6.297   -16.810     7.547     6.096     0.072     0.517    -0.001     0.956     0.179    -0.165    -0.484     0.013     0.224     0.842     6.741     0.180     0.402    -0.011 

