ddG: description total fa_atr fa_rep fa_sol fa_intra_rep fa_elec pro_close hbond_sr_bb hbond_lr_bb hbond_bb_sc hbond_sc dslf_fa13 rama omega fa_dun p_aa_pp yhh_planarity ref 
ddG: N71A     1.537     4.902    -0.760    -5.335     0.010     2.603     0.005    -0.573     0.001    -0.704     4.303     0.000     0.423    -0.476    -5.272     0.568    -0.007     1.849 

ddG: N71C     2.093     3.052    -0.679    -5.074     0.023     3.539     0.002    -0.764     0.264    -0.717     4.315     0.000     0.809     0.048    -4.607     0.314     0.002     1.563 

ddG: N71D     4.098    -0.249    -0.835     2.434     0.026     2.428     0.004    -0.521     0.128    -0.716     4.329     0.000     0.467    -0.363    -2.928     0.306     0.004    -0.415 

ddG: N71E     4.376    -0.849    -0.655    -0.830     0.028     4.011     0.001    -0.637     0.356    -0.691     4.343     0.000     0.906     0.297    -1.254     0.085     0.002    -0.737 

ddG: N71F     1.298    -2.289     1.592    -3.122     0.024     0.560     0.005     0.076     0.188    -0.048     1.123     0.000    -0.196     0.134     1.240     0.370    -0.013     1.654 

ddG: N71G     3.051     9.075     0.022    -7.196    -0.016     0.841    -0.001    -0.144    -0.022     0.094     1.059     0.000     0.430    -0.085    -2.765     0.465    -0.012     1.304 

ddG: N71H    -0.132    -2.204     1.616    -1.297     0.006     1.106    -0.006    -0.375     0.289    -1.073     0.828     0.000    -0.142     0.112    -0.898     0.335     0.004     1.566 

ddG: N71H     1.731    -1.001    -0.899    -0.381     0.009     2.408     0.010     0.078    -0.023     0.378     3.258     0.000    -0.163    -0.090    -3.581     0.172    -0.010     1.566 

ddG: N71I     3.148    -0.779     0.310    -3.668     0.038     3.541     0.001    -0.576     0.420    -0.604     4.293     0.000     0.405     0.400    -3.742     0.968     0.003     2.137 

ddG: N71K     2.877     0.181     0.305    -0.962    -0.004     0.396     0.000    -0.129     0.244    -0.009     1.175     0.000     0.411     0.221    -0.393     0.651     0.001     0.789 

ddG: N71L     4.682    -0.141    -0.935    -2.845     0.086     2.575     0.006    -0.285     0.289     0.398     3.971     0.000     0.708     0.115    -1.521     0.409    -0.009     1.861 

ddG: N71M     1.307     0.721     0.373    -3.127    -0.012     0.720     0.004    -0.135     0.159    -0.062     1.172     0.000     0.391     0.172    -0.540     0.161    -0.016     1.326 

ddG: N71N    -0.742     0.278    -0.985    -1.509     0.017     1.911     0.003    -0.536     0.031    -0.596     3.222     0.000     0.362    -0.481    -2.424    -0.043     0.007     0.000 

ddG: N71P     7.118     4.138     2.463    -4.913     0.001    -0.713     1.872     0.406     0.280    -1.516     1.633     0.000     1.090     0.728    -0.087     0.883    -0.018     0.871 

ddG: N71Q     3.354    -0.143    -0.335    -1.482     0.025     3.653    -0.007    -0.833     0.054    -0.613     4.002     0.000     0.514     0.140    -1.342     0.007    -0.001    -0.284 

ddG: N71R     2.907    -1.054    -1.223     0.869     0.015     1.229     0.011    -0.159     0.130     0.394     2.947     0.000     0.203     0.094    -1.905     0.413    -0.013     0.955 

ddG: N71S     3.087     4.504    -1.408    -3.774     0.011     3.258     0.009    -0.114     0.063     0.358     2.663     0.000     0.163     0.119    -4.459     0.349    -0.002     1.348 

ddG: N71T     3.403     1.677     0.356    -0.992     0.012     0.551    -0.001    -0.205     0.220     0.029    -0.624     0.000     0.153     0.573    -0.349     0.667     0.001     1.333 

ddG: N71V     3.064     0.590     0.557    -4.527     0.030     4.032    -0.002    -0.727     0.305    -0.566     4.322     0.000     0.544     0.072    -4.240     0.638     0.001     2.032 

ddG: N71W     1.850    -5.394     0.601    -0.519     0.038     2.718     0.003    -0.392     0.049    -0.657     4.359     0.000     0.244    -0.288    -1.600     0.430     0.004     2.255 

ddG: N71Y     1.149    -5.410     0.628     3.286     0.034    -0.282     0.000    -0.587     0.191    -0.796     3.031     0.000     0.093    -0.001    -1.021     0.648     0.040     1.294 

