ddG: description total fa_atr fa_rep fa_sol fa_intra_rep fa_elec pro_close hbond_sr_bb hbond_lr_bb hbond_bb_sc hbond_sc dslf_fa13 rama omega fa_dun p_aa_pp yhh_planarity ref 
ddG: N23A    -0.375     2.971    -0.538    -3.565    -0.003     0.373    -0.027     0.068    -0.043     0.463     0.056     0.095     0.226    -0.264    -1.775    -0.265     0.005     1.849 

ddG: N23C    -0.764     2.217    -0.053    -2.744    -0.001    -0.205    -0.020    -0.051    -0.115     0.484    -0.436    -0.027     0.440    -0.270    -1.175    -0.348    -0.022     1.563 

ddG: N23D     1.478    -0.563    -0.868     1.973     0.011     0.211    -0.018     0.075    -0.235     0.454    -0.473    -0.042     0.196    -0.635     1.678     0.138    -0.007    -0.415 

ddG: N23E     0.073    -0.132    -0.337     0.749     0.009    -0.335    -0.021    -0.632     0.076     0.501    -0.299    -0.034     0.205    -0.245     1.657    -0.351    -0.001    -0.737 

ddG: N23F    -1.900    -3.135    -0.573    -1.130     0.054     0.270    -0.017     0.110    -0.204     0.298     0.927     0.107    -0.002     0.157     0.030    -0.435    -0.011     1.654 

ddG: N23G     0.350     4.997    -0.339    -4.341     0.000    -0.464    -0.026    -0.079    -0.040     0.511    -0.432    -0.028     0.428    -0.048    -1.574     0.507    -0.025     1.304 

ddG: N23H    -0.864    -3.509    -0.869     0.576     0.035     0.176    -0.019     0.152    -0.379     0.467    -0.405     0.008    -0.078    -0.363     1.761     0.028    -0.009     1.566 

ddG: N23H    -1.865    -1.687    -0.527    -0.351     0.018    -0.633    -0.011    -0.520    -0.010     0.501    -0.769    -0.015    -0.122     0.046     0.813    -0.139    -0.026     1.566 

ddG: N23I    -2.153    -0.362     0.698    -2.989     0.019    -0.186    -0.012    -0.174    -0.158     0.479    -0.463    -0.030     0.414    -0.412    -0.459    -0.636    -0.019     2.137 

ddG: N23K    -0.027     0.987    -0.781    -0.788     0.009     0.178    -0.031     0.685    -0.024    -0.196     1.441     0.087     0.217    -0.309    -1.616    -0.666    -0.007     0.789 

ddG: N23L    -2.672    -0.183     0.098    -2.778     0.014     0.205     0.001    -0.081    -0.078     0.389    -0.007     0.008     0.199    -0.399    -1.374    -0.557     0.008     1.861 

ddG: N23M    -2.140     0.064     0.049    -2.728     0.007    -0.284    -0.020    -0.078    -0.141     0.482    -0.440    -0.020     0.456    -0.237    -0.315    -0.241    -0.021     1.326 

ddG: N23N    -0.924     0.468    -0.028    -0.091    -0.006    -1.135    -0.015     0.477     0.048    -0.497    -0.445    -0.027     0.112    -0.026     0.254     0.006    -0.017     0.000 

ddG: N23P     1.177    -0.081     2.688    -2.808     0.005    -0.353     1.241     0.817     0.130     0.016     0.128    -0.005     0.263     0.203    -1.472    -0.459    -0.008     0.871 

ddG: N23Q    -3.499     0.000    -0.607    -1.190     0.006    -0.425    -0.023    -0.576     0.121    -0.010    -0.325    -0.030     0.086    -0.280     0.601    -0.540    -0.023    -0.284 

ddG: N23R     1.452    -3.022    -0.194     2.757     0.017     0.020    -0.020     0.003    -0.041     0.501     0.086     0.019    -0.045    -0.097     0.690    -0.169    -0.007     0.955 

ddG: N23S    -0.730     1.770    -0.422    -1.306     0.030    -0.590    -0.019     0.030     0.059    -0.033     0.077     0.004    -0.170     0.143    -1.428    -0.212    -0.012     1.348 

ddG: N23T    -1.515     1.543    -0.061    -1.704     0.000    -0.621    -0.020    -0.141     0.050    -0.021    -0.438    -0.030     0.070     0.001    -1.382    -0.070    -0.025     1.333 

ddG: N23V    -1.695     1.068    -0.252    -3.287     0.016     0.212    -0.006     0.106    -0.302     0.383    -0.499    -0.043     0.144    -0.765    -0.067    -0.412    -0.024     2.032 

ddG: N23W    -4.315    -4.848    -0.302    -0.344     0.037    -1.212    -0.016     0.046    -0.192     0.407    -1.084    -0.020     0.259    -0.209     1.141    -0.188    -0.044     2.255 

ddG: N23Y    -3.147    -3.374    -0.458     0.063     0.040    -1.008    -0.018     0.182    -0.248    -0.121    -0.514     0.041     0.236     0.299     0.684    -0.226    -0.018     1.294 

