ddG: description total fa_atr fa_rep fa_sol fa_intra_rep fa_elec pro_close hbond_sr_bb hbond_lr_bb hbond_bb_sc hbond_sc dslf_fa13 rama omega fa_dun p_aa_pp yhh_planarity ref 
ddG: S15A     2.916     1.882    -2.470    -3.035     0.008     2.820     0.012     0.296    -0.236     2.675     3.413     0.000    -0.032     0.251    -3.123    -0.044    -0.002     0.502 

ddG: S15C     2.019    -1.068     0.428    -0.389    -0.010     0.534    -0.002    -0.077    -0.113     1.258     1.121     0.000     0.091     0.194    -0.382     0.228    -0.010     0.215 

ddG: S15D     6.338    -4.089     0.838     7.248    -0.009    -0.237    -0.001    -0.122    -0.228     1.492     1.032     0.000     0.053     0.028     2.143    -0.049     0.004    -1.763 

ddG: S15E     6.836    -4.350    -0.765     4.819     0.013     2.202     0.010     0.185    -0.492     2.969     3.334     0.000    -0.055     0.318     0.782    -0.043    -0.007    -2.085 

ddG: S15F     4.923    -8.179     3.567    -2.660     0.049     2.864     0.014    -0.264    -0.193     1.818     3.807     0.000     0.091     0.102     3.260     0.347    -0.005     0.306 

ddG: S15G     3.180     5.397    -1.924    -4.637     0.014     1.151     0.012     0.083    -0.261     1.719     3.909     0.000     0.441    -0.466    -2.525     0.321    -0.009    -0.043 

ddG: S15H     5.619    -5.896     2.341     1.835    -0.019     1.577     0.017     0.387    -0.590     1.150     1.129     0.000     0.076    -0.572     3.602     0.368    -0.005     0.218 

ddG: S15H     4.888    -6.107     0.682     2.122     0.007     2.040     0.013     0.059    -0.630     1.673     3.744     0.000     0.121    -0.510     1.097     0.364    -0.004     0.218 

ddG: S15I     1.515    -2.987    -0.181    -4.030     0.053     1.668     0.042    -0.010    -0.300     1.645     3.970     0.000     0.773    -0.229    -0.249     0.569    -0.008     0.789 

ddG: S15K    11.235     0.290    -2.240     2.809     0.034     2.029     0.035     0.197    -0.452     2.887     3.426     0.000     0.192     0.002     2.394     0.189     0.002    -0.559 

ddG: S15L     1.771    -1.054    -0.545    -4.880     0.024     1.375     0.017    -0.030    -0.340     1.887     3.850     0.000     0.271    -0.167     0.648     0.207    -0.005     0.513 

ddG: S15M     0.797    -2.424     1.344    -2.774     0.001     0.848    -0.011    -0.152    -0.630     1.737     0.598     0.000    -0.012     0.491     1.787     0.025    -0.007    -0.022 

ddG: S15N     3.359    -3.157    -0.448     1.825     0.011     1.547     0.009     0.000    -0.392     1.860     3.946     0.000     0.208    -0.450    -0.221    -0.022    -0.008    -1.348 

ddG: S15P     7.064    -1.896     2.708    -2.834     0.006     1.608     0.408     0.183     0.274     1.786     4.030     0.000     1.386     0.636    -1.310     0.557    -0.001    -0.477 

ddG: S15Q     3.332    -5.313     0.266     1.809     0.021    -0.743    -0.002     0.143    -0.040     2.799     0.575     0.000     0.038    -0.199     5.648    -0.030    -0.010    -1.632 

ddG: S15R    10.347    -5.340    -0.379     5.917     0.070     2.355     0.028    -0.500    -0.082     1.868     3.927     0.000     0.204    -0.008     2.559     0.117     0.002    -0.392 

ddG: S15S     0.854     0.492    -1.700    -0.807     0.020     2.335     0.006    -0.082    -0.068     0.411     2.802     0.000     0.149    -0.133    -2.439    -0.134     0.003     0.000 

ddG: S15T    -0.272    -0.809    -0.885    -0.447     0.011     1.275     0.004     0.091    -0.392     0.582     2.535     0.000     0.394    -0.406    -2.565     0.362    -0.006    -0.015 

ddG: S15V     3.863    -0.744     0.776    -2.927     0.021    -0.570     0.010     0.546    -0.517     2.237     0.643     0.000     0.292     0.115     2.632     0.679    -0.016     0.685 

ddG: S15W    12.324   -13.733     7.566     2.745     0.066     2.515     0.029    -0.020    -0.047     2.158     3.557     0.000     0.396     0.626     5.178     0.385    -0.002     0.907 

ddG: S15Y     6.499    -4.427     0.345    -2.809     0.070     2.372     0.000    -0.317    -0.027     4.636     3.292     0.000     0.372    -0.005     3.143    -0.085    -0.008    -0.054 

