ddG: description total fa_atr fa_rep fa_sol fa_intra_rep fa_elec pro_close hbond_sr_bb hbond_lr_bb hbond_bb_sc hbond_sc dslf_fa13 rama omega fa_dun p_aa_pp yhh_planarity ref 
ddG: G50A     5.225    -0.235    -0.190    -0.481     0.002     1.106    -0.012     0.086    -0.207    -0.821     2.574     0.000     1.398     0.576    -0.400     1.267     0.017     0.545 

ddG: G50C     8.453    -1.693     1.955     1.312     0.000     1.078    -0.011    -0.085    -0.317    -0.812     2.660     0.000     1.392     0.673    -0.107     2.133     0.016     0.258 

ddG: G50D    11.710    -4.183     2.070     6.611     0.008     1.860    -0.012     0.177    -0.307    -0.641     2.653     0.000     1.755     0.618     0.863     1.958     0.001    -1.720 

ddG: G50E     9.421    -3.925     2.324     2.623     0.020     2.713    -0.007    -0.233    -0.102    -0.759     2.638     0.000     1.568     1.020     1.561     2.008     0.013    -2.041 

ddG: G50F    23.016    -9.422     8.223     2.808     0.101     0.664     0.124     0.592    -0.177    -1.147     2.021     0.000     2.046     7.722     6.676     2.432     0.003     0.349 

ddG: G50G    -0.685     1.667    -3.498    -1.188     0.000     1.408     0.012    -0.087    -0.179    -1.349     2.432     0.000    -0.128    -0.061    -0.055     0.322     0.018     0.000 

ddG: G50H    24.041    -6.183     7.812     3.277     0.065     1.464     0.030     1.317    -0.367     0.411     2.228     0.000     1.787     7.375     3.622     0.944    -0.003     0.261 

ddG: G50H    17.563    -6.876     4.954     3.302     0.027     0.992    -0.014     1.126    -0.130     1.499    -0.025     0.000     2.104     4.623     5.494     0.212     0.014     0.261 

ddG: G50I    28.913    -2.410    12.142     0.998     0.043     1.548    -0.030     0.924    -0.347    -0.192     2.810     0.000     2.720     5.169     1.918     2.784     0.003     0.833 

ddG: G50K    12.682    -3.023     3.898     2.356     0.009     1.436    -0.019     0.895    -0.334    -0.245     2.784     0.000     2.383     3.428    -1.350     0.977     0.002    -0.516 

ddG: G50L    15.394    -2.863     4.943    -0.148     0.013     1.426     0.000     0.363    -0.372     0.635     2.627     0.000     2.639     1.754     0.868     2.936     0.017     0.556 

ddG: G50M     8.493    -4.111     1.122     1.726     0.009     2.385    -0.003     0.608    -0.354     1.678     1.844     0.000     1.042     0.693     0.316     1.507     0.010     0.022 

ddG: G50N    10.502    -3.130     2.117     3.621     0.004     1.814    -0.003     0.333    -0.393     0.459     2.116     0.000     1.430     0.816     0.923     1.703    -0.004    -1.304 

ddG: G50P   108.114    -2.859    86.933    -0.992     0.011     2.539     6.742     1.123    -0.224     1.239     2.542     0.000     2.748     0.985     5.426     2.323     0.011    -0.434 

ddG: G50Q    12.276    -3.374     4.017     1.131     0.013     2.626    -0.025     0.647    -0.133    -0.266     2.751     0.000     2.396     3.329    -0.117     0.853     0.016    -1.589 

ddG: G50R     7.984    -4.820     2.741     3.393     0.018     0.129    -0.003    -0.252    -0.320    -0.882     2.259     0.000     1.515     0.529     1.425     2.586     0.015    -0.349 

ddG: G50S     4.239    -0.552     0.417     0.670     0.010     0.916    -0.005    -0.055    -0.312    -1.231     2.617     0.000     1.162     0.429    -1.874     2.003     0.001     0.043 

ddG: G50T    13.696    -3.680     5.615     4.365     0.015    -0.172    -0.041     1.017    -0.029     1.695    -0.079     0.000     1.803     2.406     0.181     0.573     0.000     0.029 

ddG: G50V    20.825    -4.215     8.724     1.885     0.030     0.222    -0.019     0.076    -0.033    -0.936    -0.200     0.000     2.621     1.136     8.022     2.773     0.010     0.728 

ddG: G50W    27.412    -8.892     9.021     4.026     0.094     1.725     0.128     0.698    -0.002    -1.181     2.092     0.000     1.892     9.071     6.125     1.650     0.014     0.950 

ddG: G50Y    22.390   -10.355     8.505     4.717     0.100     0.333     0.121     0.576    -0.160    -1.162     2.028     0.000     2.086     7.634     5.844     2.132     0.003    -0.011 

