ddG: description total fa_atr fa_rep fa_sol fa_intra_rep fa_elec pro_close hbond_sr_bb hbond_lr_bb hbond_bb_sc hbond_sc dslf_fa13 rama omega fa_dun p_aa_pp yhh_planarity ref 
ddG: Y85A     5.242    13.985    -0.363    -5.565    -0.029     0.546    -0.013    -0.024    -0.121    -0.045     0.848    -0.002     0.214    -0.103    -4.428     0.159    -0.373     0.556 

ddG: Y85C     4.341    12.763    -0.847    -4.403    -0.027     0.678    -0.012    -0.040    -0.184     0.055     0.837     0.000    -0.030     0.120    -4.413    -0.036    -0.391     0.269 

ddG: Y85D     7.089     3.781    -0.676     9.282    -0.033    -0.163    -0.005    -0.070     0.022    -0.088    -0.711     0.000     0.021    -0.090    -1.691    -0.393    -0.389    -1.709 

ddG: Y85E     8.007    10.440    -0.652    -0.546    -0.018     1.252    -0.020     0.069    -0.142    -0.024     0.403     0.001    -0.017     0.276    -1.088     0.466    -0.363    -2.031 

ddG: Y85F     1.279     0.714     0.069    -0.128     0.011     0.553    -0.001    -0.104    -0.133    -0.183     0.128    -0.001    -0.092    -0.145     0.536     0.052    -0.358     0.360 

ddG: Y85G     3.767    15.913    -1.043    -6.113    -0.030     0.675    -0.010    -0.074    -0.145    -0.203     0.892     0.001    -0.824     0.201    -4.347    -0.741    -0.396     0.011 

ddG: Y85H    -0.224     4.623    -0.661    -0.341    -0.024    -0.457    -0.019    -0.002    -0.138    -0.078    -0.075     0.001    -0.308     0.323    -2.741    -0.231    -0.367     0.272 

ddG: Y85H    -0.381     4.703    -0.688    -0.464    -0.023    -0.675    -0.018     0.000    -0.127    -0.035    -0.069    -0.001    -0.302     0.421    -2.774    -0.235    -0.367     0.272 

ddG: Y85I     5.050     8.436     0.171    -4.747     0.052     0.617    -0.024    -0.045    -0.099     0.116     0.806     0.001     0.870     0.390    -3.378     1.431    -0.390     0.844 

ddG: Y85K     5.285     8.317    -0.476     0.206    -0.015    -0.742    -0.011     0.046    -0.165    -0.031    -0.179    -0.002    -0.272     0.146    -0.826     0.187    -0.394    -0.505 

ddG: Y85L     2.641     8.723    -0.019    -4.367    -0.019     0.628    -0.019    -0.007    -0.166     0.074     0.780    -0.001     0.213     0.020    -3.728     0.353    -0.392     0.567 

ddG: Y85M     4.669     7.553    -0.276    -2.315    -0.024     0.255    -0.004    -0.068    -0.157    -0.038    -0.153    -0.002     0.111    -0.364     0.601    -0.112    -0.372     0.033 

ddG: Y85N     2.460     1.887    -0.987     7.578    -0.034    -0.578    -0.006    -0.021    -0.095    -0.209    -1.295     0.000    -0.361     0.035    -1.419    -0.347    -0.395    -1.294 

ddG: Y85P   104.046    12.622    81.090    -6.634    -0.022    -0.143     5.833    -0.270     0.450     0.879     0.267    -0.001     1.394     2.772     4.864     1.757    -0.389    -0.423 

ddG: Y85Q     4.980     6.278     0.319     1.072    -0.021     0.557    -0.017    -0.054    -0.119     0.176     0.786    -0.001     0.020    -0.066    -2.092     0.107    -0.387    -1.578 

ddG: Y85R     6.662     8.348     0.183    -0.260    -0.016     0.539    -0.013     0.015    -0.177     0.122     0.762     0.000     0.179     0.027    -2.582     0.271    -0.395    -0.338 

ddG: Y85S     5.698    14.115    -1.022    -4.286    -0.027     0.646    -0.016    -0.066    -0.114    -0.048     0.337    -0.001     0.086     0.212    -4.143     0.358    -0.385     0.054 

ddG: Y85T     6.083    11.804     0.726    -3.050    -0.016     0.718    -0.017    -0.043    -0.147    -0.539     0.862     0.000     0.159    -0.137    -4.224     0.317    -0.370     0.040 

ddG: Y85V     6.098    10.573     0.076    -4.705     0.048     1.125    -0.016    -0.073    -0.153     0.066     0.841     0.001     0.910     0.207    -3.989     0.846    -0.398     0.739 

ddG: Y85W     2.472    -8.422    -0.477     9.336    -0.011     1.194    -0.006    -0.085     0.008    -0.218    -0.141     0.001    -0.245     0.046     0.886    -0.002    -0.353     0.961 

ddG: Y85Y    -0.044    -0.046     0.064    -0.042     0.000     0.015    -0.001    -0.012    -0.022    -0.014    -0.058     0.002     0.061     0.045    -0.044     0.029    -0.021     0.000 

