ddG: description total fa_atr fa_rep fa_sol fa_intra_rep fa_elec pro_close hbond_sr_bb hbond_lr_bb hbond_bb_sc hbond_sc dslf_fa13 rama omega fa_dun p_aa_pp yhh_planarity ref 
ddG: L115A     7.530     7.975    -1.834     2.000    -0.026    -1.093    -0.006     0.588    -0.250     1.115    -0.378     0.000    -0.210     0.063    -0.600     0.215    -0.019    -0.011 

ddG: L115C     7.111     5.968    -1.616     3.938    -0.018    -1.143    -0.007     0.611    -0.285     1.001    -0.436     0.000    -0.314     0.004    -0.375     0.085    -0.004    -0.298 

ddG: L115D    10.718     2.905    -2.124     9.725    -0.011    -0.952    -0.013     0.171    -0.253    -0.207    -0.164     0.000    -0.253    -0.238     4.161     0.248    -0.001    -2.276 

ddG: L115E     6.926    -0.141     1.130    10.310    -0.019    -3.494    -0.020     0.207    -0.177    -0.464    -2.685     0.000    -0.138    -0.167     4.789     0.398    -0.004    -2.598 

ddG: L115F     6.813    -3.967     4.436     0.247     0.034     0.295    -0.023     0.007    -0.119     0.273     0.132     0.000    -0.043     0.257     5.424     0.070    -0.002    -0.207 

ddG: L115G     8.895     9.322    -2.159     1.107    -0.026    -1.375    -0.012     0.130     0.046    -0.380    -0.254     0.000     0.242    -0.130     2.224     0.713     0.001    -0.556 

ddG: L115H     6.088    -5.098     0.771     7.727    -0.006    -1.692    -0.012     0.507    -0.373     1.094    -1.214     0.000     0.159     0.323     3.893     0.317    -0.014    -0.295 

ddG: L115H     5.722    -4.049     2.017     6.485    -0.033    -1.299    -0.014     0.346    -0.048     0.880    -2.822     0.000    -0.240     0.425     4.252     0.128    -0.013    -0.295 

ddG: L115I     3.479     4.448    -2.137     0.836    -0.003    -1.472    -0.010     0.075    -0.075    -0.285    -0.141     0.000    -0.499    -0.231     2.998    -0.298    -0.003     0.276 

ddG: L115K     9.309     1.142     0.389     7.319     0.027    -3.181    -0.018     0.640    -0.221     0.567    -3.123     0.000    -0.412     0.088     6.926     0.244    -0.007    -1.072 

ddG: L115L    -0.900    -0.463     1.516     0.802    -0.019    -2.201    -0.022     0.077    -0.017    -0.407    -2.775     0.000    -0.201     0.275     2.511     0.029    -0.006     0.000 

ddG: L115M     3.595     1.600    -0.289     3.047    -0.009    -1.225    -0.013     0.098    -0.179    -0.076     0.063     0.000    -0.011    -0.405     1.260     0.266     0.000    -0.535 

ddG: L115N     6.019     1.984    -0.711     5.647    -0.009    -0.902    -0.009     0.214    -0.321    -0.019     0.004     0.000     0.064    -0.299     1.956     0.297    -0.017    -1.861 

ddG: L115P     4.117     5.105     1.077     1.404    -0.033    -3.475     0.296     0.253     0.103    -0.407    -2.715     0.000    -0.181     0.109     3.733    -0.156    -0.004    -0.990 

ddG: L115Q     4.980    -0.848     0.334     8.017    -0.035    -3.247    -0.014     0.680    -0.233     0.612    -3.150     0.000    -0.500     0.238     5.155     0.135    -0.020    -2.145 

ddG: L115R    10.587    -3.134    -1.150    10.802     0.007    -0.140    -0.012     0.556    -0.229     0.953    -0.683     0.000    -0.134     0.327     4.131     0.207    -0.009    -0.905 

ddG: L115S     7.342     6.163    -0.668     2.305    -0.012    -0.292    -0.012    -0.026     0.045    -0.033     0.038     0.000     0.032     0.119    -0.015     0.215    -0.005    -0.513 

ddG: L115T     5.658     5.412    -2.052     2.971    -0.010    -1.599    -0.012     0.120    -0.072    -0.290    -0.156     0.000    -0.268    -0.239     2.319     0.060     0.002    -0.527 

ddG: L115V     4.710     5.952    -0.924     1.482    -0.010    -1.398    -0.009     0.093    -0.166     0.104     0.095     0.000    -0.166    -0.254    -0.015    -0.229    -0.018     0.172 

ddG: L115W     9.004    -7.323     6.599     3.350     0.018    -0.210    -0.039     0.436    -0.155    -0.103     0.301     0.000    -0.001    -0.012     5.256     0.506    -0.012     0.394 

ddG: L115Y    10.002    -3.549     2.465     4.433     0.019    -0.829    -0.020     0.649    -0.283     0.915    -0.632     0.000    -0.606     0.077     7.709     0.202     0.019    -0.567 

