ddG: description total fa_atr fa_rep fa_sol fa_intra_rep fa_elec pro_close hbond_sr_bb hbond_lr_bb hbond_bb_sc hbond_sc dslf_fa13 rama omega fa_dun p_aa_pp yhh_planarity ref 
ddG: W64A     9.323    20.955    -1.473    -7.619    -0.023    -1.478     0.006     0.801    -0.155     1.437    -0.778     0.000     0.123     0.133    -1.697    -0.521     0.020    -0.405 

ddG: W64C     8.904    19.490    -1.307    -6.299    -0.027    -1.511     0.003     0.881    -0.207     1.428    -0.781     0.000     0.160     0.008    -2.305     0.075    -0.012    -0.692 

ddG: W64D    11.560    16.142    -1.341     0.022    -0.023    -1.078     0.004     0.851    -0.210     1.429    -0.788     0.000     0.107     0.042    -0.829    -0.109     0.010    -2.670 

ddG: W64E    10.450    14.870    -0.909    -1.241    -0.021     0.211     0.002     0.380    -0.211     0.005     0.002     0.000    -0.041    -0.022     0.472    -0.071     0.014    -2.992 

ddG: W64F     2.300     7.831    -0.670    -4.420     0.008    -1.324     0.004     0.582     0.063     1.308    -0.734     0.000     0.239     0.278    -0.034    -0.235     0.003    -0.601 

ddG: W64G    11.003    23.234    -1.340    -8.464    -0.025    -1.517     0.003     0.773    -0.154     1.417    -0.776     0.000     0.398     0.046    -1.798     0.144     0.015    -0.950 

ddG: W64H     7.471    11.505    -1.233    -3.144    -0.020    -1.055     0.002     0.558     0.038     1.483    -0.055     0.000     0.235     0.242    -0.250    -0.099    -0.049    -0.689 

ddG: W64H     6.610    10.799    -0.934    -2.429    -0.020    -1.597     0.003     0.586     0.044     1.304    -0.735     0.000     0.231     0.246    -0.113    -0.084    -0.005    -0.689 

ddG: W64I     6.692    12.302    -0.568    -2.840    -0.004    -2.370     0.002     0.638    -0.107     1.398    -1.416     0.000     0.277     0.558    -0.902    -0.171     0.013    -0.118 

ddG: W64K     7.557     8.769     0.340     6.503    -0.013    -6.259     0.003     0.754    -0.297     1.411    -4.570     0.000     0.331     0.737     1.347    -0.041     0.009    -1.466 

ddG: W64L     4.115    14.393    -0.559    -5.076    -0.020    -1.850     0.003     0.306    -0.194    -0.012    -0.934     0.000     0.200     0.214    -1.960    -0.012     0.009    -0.394 

ddG: W64M     6.583    16.463    -1.101    -6.497    -0.020    -1.423     0.003     0.998    -0.240     1.434    -0.786     0.000     0.125     0.013    -1.216    -0.253     0.011    -0.928 

ddG: W64N     8.201    14.875     0.097    -0.233    -0.029    -3.036     0.004     0.352    -0.176    -0.032    -1.232     0.000     0.411     0.408    -1.046     0.077     0.017    -2.255 

ddG: W64P    23.720    19.253     5.018    -8.177    -0.015     0.882     0.675     2.186     0.093    -0.035     0.013     0.000     1.200     3.167     1.210    -0.373     0.006    -1.384 

ddG: W64Q     6.413    13.337    -0.729    -1.010    -0.031    -1.880     0.002     0.139    -0.128     0.049    -1.130     0.000     0.170     0.199     0.063    -0.049    -0.050    -2.539 

ddG: W64R     8.415    14.600    -1.226    -2.506    -0.019    -2.213     0.004     0.914    -0.240     1.486    -1.323     0.000     0.017     0.031     0.489    -0.250    -0.050    -1.299 

ddG: W64S    10.828    18.577    -1.083    -4.713    -0.022    -0.229     0.003     0.223    -0.125    -0.009     0.002     0.000     0.073     0.021    -1.190     0.199     0.010    -0.907 

ddG: W64T     9.761    15.622    -0.758    -2.179    -0.016    -2.374     0.002     0.748    -0.135     1.395    -1.434     0.000     0.265     0.469    -0.987     0.052     0.014    -0.921 

ddG: W64V     7.339    16.049    -0.598    -5.211    -0.012    -0.298     0.002    -0.058    -0.039     0.001    -0.006     0.000     0.252     0.031    -2.629     0.093    -0.015    -0.222 

ddG: W64W    -0.864     1.150    -0.279    -1.328     0.001    -1.572     0.001     0.551    -0.025     1.416    -0.783     0.000     0.022     0.072     0.144    -0.243     0.008     0.000 

ddG: W64Y     3.564     5.580    -0.256    -0.415     0.008    -0.407     0.000     0.008     0.122    -0.871     0.052     0.000     0.307     0.221    -0.290     0.030     0.435    -0.961 

