ddG: description total fa_atr fa_rep fa_sol fa_intra_rep fa_elec pro_close hbond_sr_bb hbond_lr_bb hbond_bb_sc hbond_sc dslf_fa13 rama omega fa_dun p_aa_pp yhh_planarity ref 
ddG: N82A     2.826     2.014    -0.035    -2.232    -0.002     1.117    -0.001     0.007     0.001     0.000     0.432     0.000     0.477    -0.023    -1.607     0.831    -0.002     1.849 

ddG: N82C     2.710     0.205     0.593    -0.669    -0.004     2.183     0.003    -0.483     0.008    -1.540     1.280     0.000     0.388    -0.072    -1.496     0.774    -0.022     1.563 

ddG: N82D     3.093     0.237     0.206     0.894    -0.002     1.055     0.000     0.010    -0.044    -0.121     0.445     0.000     0.213    -0.027     0.350     0.317    -0.025    -0.415 

ddG: N82E     2.753    -0.066     0.075     0.906     0.001     0.475     0.000    -0.005    -0.056    -0.018     0.376     0.000     0.416     0.014     0.901     0.470    -0.001    -0.737 

ddG: N82F     3.186    -2.458     0.452     0.773     0.021     2.397    -0.001    -0.569     0.032    -1.430     1.177     0.000     0.347    -0.087    -0.158     1.039    -0.003     1.654 

ddG: N82G     2.341     3.904     0.050    -3.145    -0.006     0.731     0.006     0.062     0.153    -0.123     0.499     0.000     0.025     0.203    -1.406     0.101    -0.015     1.304 

ddG: N82H     1.522    -0.357     0.131    -1.335     0.002     0.818     0.003     0.102     0.028    -0.002     0.414     0.000     0.114     0.019    -0.066     0.084     0.002     1.566 

ddG: N82H     2.024    -1.650     0.441     0.148     0.000     2.033     0.002    -0.489     0.061    -1.436     1.202     0.000     0.087    -0.009    -0.216     0.288    -0.004     1.566 

ddG: N82I     5.874    -1.799     0.660     0.104     0.167     2.418     0.002    -0.456     0.038    -1.562     1.271     0.000     1.070    -0.064    -0.566     2.472    -0.017     2.137 

ddG: N82K     1.839     0.347     0.103    -0.269    -0.002     0.592    -0.001    -0.009    -0.033    -0.001     0.395     0.000     0.179     0.024    -0.718     0.447    -0.004     0.789 

ddG: N82L     3.782    -1.314     0.614     0.893     0.001     2.511    -0.001    -0.551     0.043    -1.554     1.201     0.000     0.447     0.027    -1.686     1.318    -0.027     1.861 

ddG: N82M     4.216     0.848     0.046    -1.926     0.001     1.733     0.004     0.080    -0.074     0.048     1.141     0.000     0.473    -0.037    -0.236     0.850    -0.061     1.326 

ddG: N82N     0.728    -1.532     0.486     1.689    -0.005     1.280     0.000    -0.562     0.056    -1.557     0.839     0.000    -0.026    -0.023    -0.141     0.239    -0.016     0.000 

ddG: N82P    27.607    -1.778     8.445     0.853     0.004     2.640     4.031    -0.508     1.353    -1.493     1.210     0.000     2.003     0.387     9.768    -0.166    -0.013     0.871 

ddG: N82Q     2.274    -0.391     0.147     0.171    -0.002     1.070     0.001     0.018     0.010    -0.131     0.472     0.000     0.222    -0.019     0.712     0.294    -0.015    -0.284 

ddG: N82R     2.661     0.488     0.185    -0.656     0.009     0.388     0.003     0.096    -0.007    -0.002     0.385     0.000     0.241    -0.011    -0.079     0.676    -0.011     0.955 

ddG: N82S     2.740     1.779    -0.035    -1.259    -0.005     0.673     0.001    -0.016    -0.003    -0.013     0.444     0.000     0.536    -0.007    -1.433     0.727     0.004     1.348 

ddG: N82T     5.022    -2.116     0.771     2.504     0.063     2.275     0.000    -0.555     0.085    -1.542     1.269     0.000     1.082    -0.078    -0.953     0.892    -0.006     1.333 

ddG: N82V     4.202     0.009     0.447    -1.731     0.033     1.100     0.002     0.083    -0.066    -0.002     0.426     0.000     1.114    -0.046    -0.533     1.333     0.000     2.032 

ddG: N82W     4.381    -1.251     0.002     0.523     0.022     0.851     0.003    -0.035     0.001     0.001     0.408     0.000     0.512     0.061     0.064     0.960     0.004     2.255 

ddG: N82Y     2.311    -2.154     0.004    -0.706     0.026     1.086     0.003     0.059    -0.191     0.051     1.052     0.000     0.486     0.334     0.323     0.692    -0.047     1.294 

