ddG: description total fa_atr fa_rep fa_sol fa_intra_rep fa_elec pro_close hbond_sr_bb hbond_lr_bb hbond_bb_sc hbond_sc dslf_fa13 rama omega fa_dun p_aa_pp yhh_planarity ref 
ddG: N25A     1.718     1.958    -0.215    -1.827    -0.003     0.157     0.006    -0.052     0.012    -0.089     0.100    -0.001     0.456     0.071    -1.474     0.763     0.007     1.849 

ddG: N25C     1.469     1.134    -0.088    -1.035    -0.003     0.249     0.010     0.001     0.010    -0.024     0.102     0.000     0.352     0.008    -1.406     0.600    -0.004     1.563 

ddG: N25D     1.890     0.181     0.008     0.845     0.000     0.241     0.010     0.014    -0.008     0.035     0.006     0.001     0.230    -0.036     0.461     0.321    -0.004    -0.415 

ddG: N25E     1.632     0.737    -0.098    -0.588     0.002     0.358     0.010     0.004     0.020    -0.038     0.116    -0.002     0.319     0.019     0.858     0.657    -0.005    -0.737 

ddG: N25F     1.307    -1.435    -0.059    -0.429     0.024     0.467    -0.006    -0.100    -0.013    -0.074     0.060    -0.001     0.442    -0.024     0.023     0.787    -0.008     1.654 

ddG: N25G     0.272     2.276    -0.396    -1.842    -0.006     0.454    -0.003    -0.006     0.007    -0.029     0.040     0.001     0.165     0.030    -1.475    -0.247     0.000     1.304 

ddG: N25H     0.571    -1.070    -0.081    -0.066    -0.001     0.029     0.011     0.014     0.025    -0.023     0.101     0.000     0.102    -0.032    -0.046     0.039     0.001     1.566 

ddG: N25H     0.569    -1.030    -0.053    -0.085    -0.001     0.044     0.005     0.005     0.006     0.002     0.037    -0.001     0.132    -0.035    -0.109     0.084     0.003     1.566 

ddG: N25I     3.806    -0.283    -0.075    -0.745     0.127     0.188     0.007    -0.030    -0.001    -0.035     0.112    -0.002     1.072     0.027    -0.880     2.190    -0.005     2.137 

ddG: N25K     0.612     0.665    -0.078    -0.930     0.001     0.188     0.003    -0.049    -0.010    -0.068     0.080    -0.002     0.213     0.021    -0.677     0.476    -0.009     0.789 

ddG: N25L     1.257     0.419    -0.184    -1.084     0.005     0.125     0.004    -0.010     0.010    -0.082     0.097    -0.001     0.597    -0.021    -1.384     0.900     0.005     1.861 

ddG: N25M     1.730     0.583    -0.229    -0.992     0.001     0.271     0.008    -0.034     0.037    -0.058     0.134    -0.001     0.427     0.072    -0.671     0.848     0.008     1.326 

ddG: N25N     0.022     0.372    -0.127    -0.324     0.000    -0.008    -0.002     0.016     0.025     0.002     0.037     0.001     0.013     0.033     0.008    -0.010    -0.013     0.000 

ddG: N25P    15.263     2.115     3.020    -2.367    -0.004     0.863     1.866     1.214     0.053    -0.034     0.089     0.000     1.917     3.167     2.114     0.440    -0.061     0.871 

ddG: N25Q     0.550    -0.495     0.077     0.143     0.002    -0.052     0.011    -0.104     0.013    -0.012    -0.022    -0.001     0.285     0.078     0.595     0.339    -0.022    -0.284 

ddG: N25R     1.500     0.715    -0.081    -0.764     0.006     0.150     0.011     0.004     0.017    -0.026     0.099    -0.001     0.200    -0.036    -0.312     0.566    -0.002     0.955 

ddG: N25S     2.035     1.449    -0.045    -0.861    -0.002     0.248     0.008     0.015    -0.006    -0.028     0.103    -0.001     0.488    -0.011    -1.367     0.701    -0.002     1.348 

ddG: N25T     3.863     0.977     0.001    -0.494     0.022     0.383     0.000    -0.018     0.049    -0.043     0.130     0.000     1.189     0.047    -1.058     1.358    -0.013     1.333 

ddG: N25V     3.318     0.754     0.071    -1.269     0.023     0.349     0.003    -0.081     0.004    -0.049     0.128    -0.001     1.102     0.040    -1.151     1.358     0.004     2.032 

ddG: N25W     1.370    -3.116    -0.160     0.283     0.023     0.231     0.007     0.017     0.025    -0.056     0.151     0.000     0.629    -0.031     0.491     0.619     0.002     2.255 

ddG: N25Y     0.652    -1.311    -0.111    -0.582     0.024     0.149     0.000    -0.055     0.015    -0.051     0.122    -0.001     0.354     0.002     0.050     0.746     0.006     1.294 

