ddG: description total fa_atr fa_rep fa_sol fa_intra_rep fa_elec pro_close hbond_sr_bb hbond_lr_bb hbond_bb_sc hbond_sc dslf_fa13 rama omega fa_dun p_aa_pp yhh_planarity ref 
ddG: N80A     2.690     3.418     0.291    -2.610    -0.015     0.431     0.001     0.002     0.157    -0.077     1.514     0.004     0.560     0.708    -4.186     0.648    -0.004     1.849 

ddG: N80C     0.938     2.121     0.201    -0.981    -0.017    -0.581    -0.010     0.518     0.220    -0.461     0.632     0.057     0.330     0.222    -3.323     0.439     0.009     1.563 

ddG: N80D     2.196     0.713     0.648     1.394    -0.012    -0.415    -0.001    -0.135     0.158     0.053     0.041     0.015     0.344     0.347    -0.875     0.331     0.006    -0.415 

ddG: N80E     1.949     1.319     0.238     0.034    -0.008    -0.141     0.006     0.105     0.180    -0.048     0.037     0.014     0.483     0.375    -0.568     0.669    -0.010    -0.737 

ddG: N80F    -0.002    -0.512     0.638    -1.832     0.018    -0.628     0.027    -0.025     0.144     0.116     0.115     0.015     0.440     0.152    -0.751     0.417     0.009     1.654 

ddG: N80G     0.825     4.034     0.455    -2.587    -0.010     0.143     0.001    -0.160     0.161     0.092     0.638     0.046    -0.031     0.220    -3.297    -0.213     0.030     1.304 

ddG: N80H    -0.123    -0.102    -0.149    -0.333    -0.010    -0.578     0.059     0.164     0.187    -0.713     1.512     0.095     0.128     0.655    -2.685     0.071     0.011     1.566 

ddG: N80H    -0.352    -0.845    -0.004     0.209    -0.005    -0.751     0.045     0.223     0.149    -0.541     0.628     0.053     0.089     0.312    -1.800     0.294     0.027     1.566 

ddG: N80I     3.474    -0.096     1.048    -1.534     0.270    -0.092    -0.007    -0.038     0.160    -0.004     0.038     0.023     1.335     0.385    -2.289     2.143    -0.005     2.137 

ddG: N80K     1.032     0.701     0.812    -0.793    -0.009    -0.106     0.002    -0.084     0.145     0.144     0.106     0.014     0.412     0.460    -1.960     0.403    -0.006     0.789 

ddG: N80L     1.590     0.657     0.508    -1.591    -0.006     0.159     0.022     0.159     0.144     0.116     0.638     0.055     0.580     0.037    -2.662     0.895     0.018     1.861 

ddG: N80M     1.203     0.349     0.276    -0.760    -0.006    -0.520    -0.016     0.453     0.020    -0.656    -0.029     0.009     0.580     0.159    -0.517     0.533     0.003     1.326 

ddG: N80N     0.068     0.613     0.583    -0.263    -0.005    -0.458    -0.002    -0.134     0.203     0.092     0.121     0.096     0.127     0.405    -1.270    -0.066     0.028     0.000 

ddG: N80P    64.836     0.756     3.301    -1.200     0.033    -0.463    11.080    -0.146     0.360    -0.727     2.166     0.280     2.853    33.902    11.594     0.176     0.000     0.871 

ddG: N80Q     0.704     0.399     0.540    -0.735    -0.011    -0.244     0.001    -0.082     0.210     0.040     0.041     0.095     0.363     0.547    -0.578     0.395     0.008    -0.284 

ddG: N80R     0.806     0.413     0.337     0.303    -0.007    -0.816    -0.015     0.439     0.258    -0.469     0.115     0.100     0.365     0.134    -1.703     0.395     0.001     0.955 

ddG: N80S     1.957     2.697     0.545    -1.424    -0.014    -0.435     0.000    -0.110     0.165     0.085     0.120     0.014     0.646     0.664    -2.917     0.545     0.027     1.348 

ddG: N80T     3.117     1.701     0.638    -0.014    -0.007    -0.604    -0.012     0.472     0.216    -0.820     0.635     0.056     1.034     0.311    -2.842     1.007     0.013     1.333 

ddG: N80V     3.126     0.527     1.425    -1.513     0.101    -0.201    -0.008    -0.213     0.167     0.053     0.045     0.031     1.448     0.301    -2.554     1.469     0.016     2.032 

ddG: N80W     1.422    -2.412     1.151    -0.571     0.028    -0.204    -0.006    -0.347     0.155     0.138     0.040     0.009     0.562     0.389    -0.546     0.777     0.003     2.255 

ddG: N80Y     0.200    -0.378     0.315    -1.649     0.021     0.119     0.044    -0.582     0.325    -0.031     1.645     0.092     0.154     0.543    -1.778     0.056     0.012     1.294 

