ddG: description total fa_atr fa_rep fa_sol fa_intra_rep fa_elec pro_close hbond_sr_bb hbond_lr_bb hbond_bb_sc hbond_sc dslf_fa13 rama omega fa_dun p_aa_pp yhh_planarity ref 
ddG: S74A    -1.264     0.118    -0.625    -0.865    -0.009    -0.449    -0.015     0.593    -0.140    -0.590    -0.642    -0.055     0.112    -0.448     1.044     0.233    -0.028     0.502 

ddG: S74C    -2.033     0.660    -0.100    -0.931    -0.005    -0.540     0.002     0.028    -0.039    -0.104    -0.598    -0.122    -0.076    -0.009    -0.322    -0.076    -0.015     0.215 

ddG: S74D     1.761    -0.895    -0.241     1.876     0.008    -0.443    -0.014     0.138    -0.171     0.365    -0.571    -0.110     0.748    -0.310     3.145     0.026    -0.026    -1.763 

ddG: S74E    -0.236    -1.962    -0.418     1.555     0.005     0.082    -0.002    -0.036    -0.167    -0.084    -0.634    -0.058    -0.001    -0.313     3.641     0.252    -0.010    -2.085 

ddG: S74F    -2.508    -5.266    -0.068     1.625     0.032    -0.254     0.001     0.057    -0.295    -0.229    -0.670    -0.149    -0.026    -0.037     2.578    -0.095    -0.019     0.306 

ddG: S74G    -0.197     2.338    -0.327    -1.813    -0.009    -0.075     0.006     0.129     0.036    -0.289    -0.076     0.001     0.301    -0.020    -0.709     0.347     0.006    -0.043 

ddG: S74H    -1.048    -2.445    -0.184     1.416    -0.011    -0.296    -0.019     0.579    -0.049    -0.847     0.853    -0.136    -0.065     0.178    -0.085    -0.142    -0.014     0.218 

ddG: S74H    -0.494    -2.751    -0.339     1.822    -0.009     0.112    -0.016     0.701    -0.051    -0.853     1.374    -0.099    -0.173     0.164    -0.409    -0.183    -0.002     0.218 

ddG: S74I    -1.885    -1.659    -0.209     0.382     0.011    -0.486     0.001     0.197     0.033    -0.533    -0.076    -0.111    -0.157    -0.019     0.104    -0.146    -0.006     0.789 

ddG: S74K    -3.292    -2.473     0.037     2.193     0.008    -1.720     0.001    -0.644     0.256    -0.104    -0.479    -0.023    -0.372     0.178     0.678    -0.271     0.002    -0.559 

ddG: S74L    -2.333    -1.579    -0.218     0.259     0.005    -0.225     0.007     0.147    -0.041    -0.138    -0.078    -0.088    -0.210    -0.019    -0.546    -0.115    -0.008     0.513 

ddG: S74M    -2.502    -2.461    -0.667     0.773     0.002    -0.632    -0.018     0.569    -0.149    -0.615    -0.636    -0.141    -0.139    -0.593     2.219     0.036    -0.029    -0.022 

ddG: S74N    -1.221    -1.595     0.310     0.969     0.001    -0.671    -0.003    -0.072    -0.062     0.012    -0.526    -0.123     0.172     0.109     1.371     0.248    -0.014    -1.348 

ddG: S74P     6.223    -0.460     3.311    -1.920     0.041     0.710     0.694    -0.795     0.729     1.009    -0.491    -0.099    -0.246     0.257     4.889    -0.895    -0.034    -0.477 

ddG: S74Q    -3.239    -2.813     0.172     2.266     0.001    -1.589    -0.015     0.439     0.011    -1.420    -0.624    -0.032    -0.033    -0.205     2.117     0.149    -0.030    -1.632 

ddG: S74R    -0.850    -3.363    -0.446     3.059     0.012    -1.014    -0.002     0.071    -0.198    -0.123    -0.383    -0.107    -0.232    -0.339     2.575     0.028     0.006    -0.392 

ddG: S74S    -0.708     0.331     0.126    -0.425    -0.004    -0.426    -0.002    -0.116     0.002    -0.064    -0.596    -0.037     0.105     0.012     0.351     0.051    -0.016     0.000 

ddG: S74T    -1.418    -0.969     0.749     1.437     0.004    -1.125    -0.001    -0.065    -0.122     0.135    -1.334    -0.127     0.235     0.109    -0.078    -0.235    -0.017    -0.015 

ddG: S74V    -1.590    -1.912     0.304     0.324     0.012    -0.537     0.001     0.024    -0.013    -0.036    -0.073    -0.109    -0.109    -0.036     0.017    -0.130    -0.001     0.685 

ddG: S74W    -2.055    -6.305     0.741     2.461     0.020    -0.892    -0.015     0.358    -0.065    -0.082    -0.501    -0.139     0.145     0.033     1.307    -0.015    -0.016     0.907 

ddG: S74Y    -1.899    -3.518    -0.141     1.335     0.021    -0.058     0.004     0.148    -0.057    -0.370     0.851    -0.055    -0.079     0.420    -0.023    -0.314    -0.010    -0.054 

