ddG: description total fa_atr fa_rep fa_sol fa_intra_rep fa_elec pro_close hbond_sr_bb hbond_lr_bb hbond_bb_sc hbond_sc dslf_fa13 rama omega fa_dun p_aa_pp yhh_planarity ref 
ddG: K12A    -1.031     8.369    -0.346    -8.516    -0.009    -0.662    -0.014    -0.316     0.037     0.165    -0.387     0.064     0.216    -0.350    -0.564     0.237    -0.015     1.061 

ddG: K12C     0.498     6.096     0.228    -6.652    -0.012     0.227     0.003    -0.881    -0.008     0.715    -0.388     0.044     0.334    -0.114    -0.412     0.550    -0.006     0.774 

ddG: K12D     3.709     2.447     0.230     1.162    -0.005     0.083     0.012    -0.838    -0.053     0.714    -0.389    -0.037     0.201    -0.130     1.163     0.353    -0.001    -1.204 

ddG: K12E     3.673     0.733    -0.047     0.299    -0.001     1.387     0.000    -0.737    -0.052     2.758    -0.592    -0.051     0.125     0.174     1.226    -0.023     0.001    -1.526 

ddG: K12F    -3.317    -4.077     1.448    -5.781     0.026     0.976     0.010    -1.042     0.220     0.025     1.150     0.094    -0.006     0.389     2.146     0.242    -0.004     0.865 

ddG: K12G     2.427    10.793     0.010    -9.006    -0.010     0.153     0.007    -0.873    -0.063     0.762    -0.387    -0.031     0.550    -0.147    -0.601     0.760    -0.006     0.516 

ddG: K12H     0.065    -2.627     1.280    -3.162     0.001     0.233     0.006    -0.703     0.019     0.724    -0.381     0.068     0.373    -0.034     2.880     0.601     0.010     0.777 

ddG: K12H    -0.456    -3.497     1.016    -2.287     0.011    -0.328    -0.033    -0.030    -0.153     1.485    -2.069    -0.007     0.931    -0.508     4.100     0.166    -0.028     0.777 

ddG: K12I     2.228     2.603     2.240    -7.459     0.014     0.432     0.007    -0.370    -0.052     1.819    -0.402    -0.045     0.231     0.064     1.192     0.616    -0.012     1.348 

ddG: K12K    -0.136    -0.613     0.544    -0.222     0.007     0.140     0.012    -0.663    -0.055     0.645    -1.551     0.007     0.156    -0.076     1.304     0.225     0.003     0.000 

ddG: K12L    -0.432     0.596     1.079    -6.215     0.011     0.163     0.009    -0.844     0.011     1.740    -2.009     0.021     0.400    -0.003     3.205     0.346    -0.014     1.072 

ddG: K12M    -2.733     1.154     0.039    -5.306     0.000    -0.184    -0.032    -0.220    -0.133     1.669    -1.968    -0.032     0.836    -0.761     1.833    -0.143    -0.022     0.537 

ddG: K12N     1.195     3.064     0.299    -2.946    -0.011     0.398     0.025    -0.644     0.006     0.573    -0.470     0.041     0.325    -0.162     0.933     0.550     0.003    -0.789 

ddG: K12P    13.038     2.669    11.851    -8.019    -0.008     0.374     0.334     1.430    -0.096     1.900    -1.976     0.178     0.956     0.602     1.414     1.354    -0.004     0.082 

ddG: K12Q    -1.131    -0.328     0.269    -2.260    -0.007     0.421    -0.008    -0.956    -0.005     2.963    -3.220     0.045     0.314    -0.115     2.657     0.171     0.000    -1.073 

ddG: K12R    -0.004     0.002    -0.078     0.514    -0.001    -0.198     0.002    -0.690    -0.012     0.111    -1.135     0.027     0.123     0.115     0.976     0.085    -0.011     0.167 

ddG: K12S     1.974     5.771    -0.208    -4.130    -0.007     0.159     0.012    -0.691    -0.022     1.562    -0.589     0.040     0.282     0.253    -1.191     0.187    -0.013     0.559 

ddG: K12T     1.358     4.908    -0.040    -4.839    -0.006     0.843     0.009    -0.589    -0.051     0.487     1.014    -0.061     0.163     0.231    -1.611     0.360    -0.004     0.544 

ddG: K12V    -1.902     3.251     1.374    -7.675     0.005    -0.280     0.074    -0.684    -0.015     0.126    -0.463    -0.034     0.390     0.072     0.099     0.624    -0.009     1.244 

ddG: K12W    -2.977   -10.095     1.243    -0.455     0.039     1.592     0.007    -1.167    -0.035     1.531    -0.490    -0.023    -0.027     0.012     3.213     0.234    -0.022     1.466 

ddG: K12Y    -4.331    -7.075     2.262    -2.551     0.030    -0.170     0.012    -0.711     0.052     0.355    -1.979     0.095     0.521     0.104     3.533     0.649     0.038     0.505 

