ddG: description total fa_atr fa_rep fa_sol fa_intra_rep fa_elec pro_close hbond_sr_bb hbond_lr_bb hbond_bb_sc hbond_sc dslf_fa13 rama omega fa_dun p_aa_pp yhh_planarity ref 
ddG: K121A    -0.207     2.016     0.232    -1.999    -0.011    -0.570     0.000     0.560    -0.161     0.101    -1.614     0.012     0.295    -0.186    -0.279     0.342    -0.007     1.061 

ddG: K121C    -0.369     2.576     0.607    -2.027    -0.015    -0.985    -0.006     0.445     0.013     0.145    -1.571     0.016     0.612     0.118    -1.285     0.221    -0.008     0.774 

ddG: K121D    -0.625     1.682     0.738    -0.470    -0.004    -1.116     0.000    -0.126     0.145     0.237    -1.370     0.021     0.264     0.252     0.353    -0.011    -0.015    -1.204 

ddG: K121E    -0.992     2.371     0.329    -1.085    -0.017    -1.604    -0.014     1.001     0.075    -0.380    -1.498     0.024     0.343    -0.132     0.891     0.241    -0.013    -1.526 

ddG: K121F     0.126     0.095     0.482    -1.997     0.021    -0.805     0.000     0.580     0.016     0.226    -0.980     0.066     0.447     0.257     0.398     0.440     0.014     0.865 

ddG: K121G    -0.054     3.313     0.670    -2.480    -0.010    -1.001    -0.009     0.507    -0.009     0.111    -1.575     0.013     0.797     0.317    -1.519     0.315    -0.011     0.516 

ddG: K121H     1.012     4.900    -0.480    -4.499     0.000     0.975     0.043    -0.044     0.214    -0.391    -0.732     0.022     0.326     0.312    -0.483     0.079    -0.007     0.777 

ddG: K121H     1.520    -1.800     0.951     1.382    -0.006    -1.255    -0.001     0.446     0.000    -0.192    -1.051     0.030     0.594     0.265     1.393    -0.032     0.019     0.777 

ddG: K121I     0.078     0.320     0.751    -0.760     0.013    -0.832    -0.003     0.489     0.017     0.198    -0.977     0.059     0.529    -0.002    -1.692     0.603     0.019     1.348 

ddG: K121K    -2.343     0.249     0.291     0.359     0.000    -1.685     0.000     0.034     0.217    -0.413    -1.001     0.062     0.042     0.105    -0.657     0.041     0.013     0.000 

ddG: K121L    -0.828     2.726     0.369    -2.281    -0.010    -1.134     0.003     0.555     0.079     0.044    -1.572     0.107     0.405     0.022    -1.567     0.349     0.005     1.072 

ddG: K121M    -0.177     1.501     0.569    -1.316     0.004    -0.499     0.003     0.018     0.145     0.241    -0.855     0.052     0.201     0.262    -1.094     0.054     0.000     0.537 

ddG: K121N    -1.551     2.252     0.365    -1.219    -0.019    -1.610    -0.018     1.014     0.080    -0.355    -1.495     0.020     0.381    -0.181    -0.193     0.222    -0.006    -0.789 

ddG: K121P     3.808     0.415     3.583    -1.853    -0.006    -1.430     0.363     0.786     0.009     0.175    -1.050     0.120     1.176     2.988    -1.454    -0.119     0.021     0.082 

ddG: K121Q    -0.813     2.480     0.278    -1.937    -0.014    -0.933     0.001     0.598     0.040     0.054    -1.575     0.023     0.309     0.138     0.549     0.249     0.000    -1.073 

ddG: K121R     0.008     2.183     0.682    -1.642    -0.007    -1.038    -0.003     0.403     0.058     0.133    -1.574     0.106     0.408     0.017    -0.230     0.344     0.001     0.167 

ddG: K121S    -1.215     2.291     0.667    -1.160    -0.008    -1.620    -0.002     0.417     0.010     0.141    -1.571     0.013     0.484     0.092    -1.425    -0.087    -0.017     0.559 

ddG: K121T     0.113     2.908     0.103    -1.263    -0.008    -0.470     0.005     0.141     0.189    -0.028     0.034     0.026     0.159     0.582    -2.784    -0.013    -0.012     0.544 

ddG: K121V    -0.546     0.993     0.893    -1.460     0.007    -1.112    -0.002     0.358     0.020     0.127    -1.570     0.021     0.634     0.009    -1.458     0.740     0.012     1.244 

ddG: K121W    -0.204    -0.469     0.910    -1.564     0.016    -1.162    -0.004     0.408     0.020     0.149    -1.572     0.036     0.456    -0.053     0.894     0.261     0.005     1.466 

ddG: K121Y    -0.257    -0.213     0.442    -1.585     0.020    -0.741    -0.002     0.584     0.016     0.150    -1.053     0.069     0.390     0.370     0.388     0.381     0.022     0.505 

