ddG: description total fa_atr fa_rep fa_sol fa_intra_rep fa_elec pro_close hbond_sr_bb hbond_lr_bb hbond_bb_sc hbond_sc dslf_fa13 rama omega fa_dun p_aa_pp yhh_planarity ref 
ddG: G49A    12.393    -1.968     6.760    -1.188     0.021     1.249    -0.004     0.091     1.730     0.061     0.010     0.000     1.053     0.869     1.800     1.474    -0.110     0.545 

ddG: G49C    20.807    -2.148    10.561     1.722     0.028     3.016    -0.006    -0.520     2.000    -1.355     0.946     0.000     0.620     1.461     2.830     1.495    -0.101     0.258 

ddG: G49D    26.027    -5.562    11.389    10.908     0.036     0.060    -0.004    -0.017     2.000     0.067    -1.248     0.000     1.114     1.552     5.872     1.137     0.442    -1.720 

ddG: G49E    35.677    -7.951    15.374    11.094     0.020     2.023    -0.005    -0.422     2.831    -1.423     1.125     0.000     1.600     2.012    10.089     1.406    -0.055    -2.041 

ddG: G49F    14.228   -11.125    12.615     0.021     0.090     1.363    -0.002     0.244     2.197     0.363    -1.120     0.000     0.500     2.326     5.499     1.010    -0.104     0.349 

ddG: G49G    -0.698    -1.019     0.439    -0.034     0.003     0.992    -0.002    -0.460    -0.062    -1.321     0.727     0.000    -0.144    -0.142    -0.021     0.325     0.019     0.000 

ddG: G49H    21.418   -10.400    13.138     6.203     0.048     1.255    -0.005     0.143     1.730     0.238    -1.205     0.000     1.129     1.961     5.683     1.327    -0.089     0.261 

ddG: G49H    20.924   -10.175    13.284     5.339     0.052     1.034    -0.003     0.245     1.670     0.236    -1.191     0.000     1.112     1.921     5.881     1.349    -0.089     0.261 

ddG: G49I    47.654    -3.882    24.424    -2.405     0.118     1.942    -0.010    -0.057     2.517     0.220     1.040     0.000     0.882     3.940    15.835     2.388    -0.131     0.833 

ddG: G49K    33.755    -5.597    12.436     9.574     0.071     3.379    -0.005     0.229     1.898     0.383    -0.104     0.000     0.871     2.704     7.064     1.481    -0.114    -0.516 

ddG: G49L    32.004    -2.947    21.325    -3.372     0.030     1.451    -0.011    -0.324     3.054     0.091     0.388     0.000     1.212     2.790     5.419     2.379    -0.038     0.556 

ddG: G49M    31.591    -9.676    17.505     2.569     0.031     1.732    -0.002     0.086     2.673     0.286     0.683     0.000     1.972     2.734     8.783     2.283    -0.090     0.022 

ddG: G49N    23.537    -7.920    14.040     7.017     0.031     2.190    -0.004    -0.425     1.867    -1.452    -0.133     0.000     1.198     1.500     4.500     2.332     0.099    -1.304 

ddG: G49P    34.989     3.585    22.267    -7.055     0.187     2.239     0.973    -0.325     2.467     0.172    -0.533     0.000     0.536     5.556     4.106     1.257    -0.010    -0.434 

ddG: G49Q    27.791   -10.741    16.051     8.783     0.030     0.406    -0.004    -0.036     2.359    -0.482    -0.843     0.000     1.418     2.524     8.970     1.018    -0.074    -1.589 

ddG: G49R    38.128   -16.989    17.141    18.099     0.033     2.424    -0.009    -0.107     2.659     0.326     0.573     0.000     2.053     2.411     7.825     1.966     0.071    -0.349 

ddG: G49S    17.933    -4.578     7.612     4.426     0.021     0.777    -0.002    -0.421     1.362    -1.381     0.857     0.000     1.775     1.161     4.206     2.175    -0.099     0.043 

ddG: G49T    26.703    -1.558    13.078     2.664     0.033    -0.026    -0.003    -0.014     2.070    -0.029     0.205     0.000     1.603     1.767     4.250     2.710    -0.078     0.029 

ddG: G49V    37.993    -0.267    18.330    -2.769     0.194     3.333     0.003     0.280     2.448    -0.077     0.666     0.000     1.969     3.054     7.977     2.229    -0.104     0.728 

ddG: G49W    23.854   -23.706    21.554     9.990     0.104     1.196    -0.014     0.091     2.351     0.556    -2.367     0.000     1.161     2.224     7.621     2.240    -0.098     0.950 

ddG: G49Y    21.047   -18.481    17.394     8.884     0.109     0.646    -0.012     0.112     1.797     0.305    -2.689     0.000     1.927     2.343     7.470     1.344    -0.093    -0.011 

