ddG: description total fa_atr fa_rep fa_sol fa_intra_rep fa_elec pro_close hbond_sr_bb hbond_lr_bb hbond_bb_sc hbond_sc dslf_fa13 rama omega fa_dun p_aa_pp yhh_planarity ref 
ddG: L35A     7.472     7.800    -0.215    -0.563    -0.004     0.300    -0.001     0.063     0.072    -0.153     0.066     0.000     0.020    -0.023    -0.084     0.226    -0.020    -0.011 

ddG: L35C     6.505     7.005    -0.881     0.679    -0.009    -1.079    -0.003     0.493     0.059     1.437    -0.775     0.000     0.028     0.021     0.034    -0.202    -0.004    -0.298 

ddG: L35D    10.636     3.043    -0.875     8.822    -0.007    -1.470    -0.005     0.506     0.046     1.412    -0.779     0.000     0.269     0.006     1.915     0.035    -0.004    -2.276 

ddG: L35E     9.647     0.323     0.077     9.663     0.004    -2.084    -0.001     0.579     0.000     1.412    -0.775     0.000     0.102    -0.010     2.950     0.012    -0.009    -2.598 

ddG: L35F    16.151    -3.979     9.496    -0.702     0.061    -0.875     0.008     0.963     0.077     1.443    -0.592     0.000     0.202     1.705     8.347     0.224    -0.020    -0.207 

ddG: L35G     9.070    10.835    -0.343    -1.112    -0.005     0.084    -0.001     0.044     0.065    -0.029     0.066     0.000     0.114    -0.005    -0.155     0.067     0.001    -0.556 

ddG: L35H     7.408    -2.541     2.120     4.650    -0.003    -1.732     0.000     0.606     0.020     1.423    -0.743     0.000     0.229     0.797     2.854     0.022     0.001    -0.295 

ddG: L35H     7.602    -2.470     2.139     4.561    -0.002    -1.560     0.000     0.625     0.007     1.411    -0.744     0.000     0.228     0.777     2.890     0.036    -0.003    -0.295 

ddG: L35I     1.346     1.240     0.100    -1.252     0.024    -1.795     0.000     0.582     0.146     1.457    -0.799     0.000     0.258     0.161     0.849     0.101    -0.004     0.276 

ddG: L35K    16.259    -0.287     1.032     9.928     0.213    -1.332    -0.003     0.398     0.240     1.448    -0.659     0.000     0.283     0.221     5.982    -0.131    -0.003    -1.072 

ddG: L35L    -0.435     0.940    -0.458    -0.500    -0.002    -1.374    -0.002     0.475     0.040     1.429    -0.782     0.000     0.041     0.050    -0.054    -0.234    -0.005     0.000 

ddG: L35M     5.080    -0.203     1.183     1.866     0.004     0.015    -0.004    -0.049     0.148    -0.040     0.074     0.000     0.103     0.214     1.971     0.330     0.001    -0.535 

ddG: L35N     6.388     1.916    -0.695     5.644    -0.003    -1.382    -0.004     0.524     0.079     1.285    -0.725     0.000     0.239     0.037     1.420    -0.066    -0.020    -1.861 

ddG: L35P    23.198     7.836    10.905    -2.389     0.002    -1.156     1.256     0.018     0.831     1.412    -0.828     0.000     1.835     3.499     1.853    -0.892     0.007    -0.990 

ddG: L35Q     5.066     0.017     0.821     5.076     0.000    -1.595     0.031     0.379    -0.047     0.614    -0.764     0.000     0.097     0.295     2.390    -0.104     0.000    -2.145 

ddG: L35R    16.369   -10.527     5.803    17.305     0.202    -2.832     0.017     0.524     0.399     1.193    -2.549     0.000     0.152     1.120     6.372     0.120    -0.025    -0.905 

ddG: L35S     8.250     8.882    -0.744     0.052    -0.006    -1.382     0.000     0.582    -0.017     1.434    -0.775     0.000     0.061     0.001     0.938    -0.264     0.000    -0.513 

ddG: L35T     5.833     6.299    -0.715     2.187     0.000    -2.062     0.000     0.483     0.039     1.365    -0.781     0.000     0.063     0.079    -0.051    -0.553     0.007    -0.527 

ddG: L35V     5.539     4.775     0.157    -1.747     0.013    -0.574     0.000     0.721    -0.242     1.462    -0.057     0.000     0.320     0.426     0.147     0.030    -0.063     0.172 

ddG: L35W    29.085    -7.668    16.956     4.608     0.023    -0.842    -0.007     0.979     0.009     1.387    -0.614     0.000     1.081     2.552     9.804     0.422     0.001     0.394 

ddG: L35Y    21.675    -3.485     9.943     4.468     0.022    -0.348    -0.010     0.939    -0.074     1.271    -0.873     0.000     0.812     3.784     5.354     0.460    -0.021    -0.567 

