ddG: description total fa_atr fa_rep fa_sol fa_intra_rep fa_elec pro_close hbond_sr_bb hbond_lr_bb hbond_bb_sc hbond_sc dslf_fa13 rama omega fa_dun p_aa_pp yhh_planarity ref 
ddG: E81A    -1.230     3.506    -1.139    -2.805    -0.036    -0.447     0.014     0.792    -0.120    -2.101     1.401    -0.020    -0.524    -0.153    -2.841     0.676    -0.020     2.586 

ddG: E81C    -1.263     1.623     0.180    -1.243    -0.032    -0.610     0.012     0.418     0.046    -0.410    -0.087     0.064    -0.402     0.244    -3.619     0.257    -0.003     2.300 

ddG: E81D     0.780    -0.248     0.109     1.277    -0.002    -1.355    -0.002     0.435    -0.097     0.033    -0.136     0.073     0.437    -0.110    -0.405     0.474    -0.023     0.322 

ddG: E81E    -0.748     0.096    -0.519     0.940    -0.030    -0.698    -0.004     1.226    -0.126    -1.204    -0.234    -0.019    -0.398    -0.028    -0.295     0.560    -0.016     0.000 

ddG: E81F    -0.755    -0.933     0.222    -0.537    -0.013    -0.104     0.013     0.510     0.011    -1.471     1.516    -0.014    -0.665     0.329    -2.392     0.390    -0.007     2.391 

ddG: E81G     0.244     4.538    -0.432    -3.043    -0.041    -0.657     0.008     0.756     0.075    -0.576    -0.748     0.069     0.176     0.154    -3.203     1.148    -0.023     2.041 

ddG: E81H    -0.932    -0.446    -0.063    -0.274    -0.035    -1.107     0.015     0.678     0.021    -1.466     1.520    -0.020    -0.602     0.311    -2.325     0.553     0.005     2.303 

ddG: E81H    -1.723    -1.700     0.027     0.558    -0.031    -1.127     0.020     0.049     0.220    -0.393     0.047     0.059    -0.628     0.426    -1.873     0.330    -0.010     2.303 

ddG: E81I     2.265     0.154     1.155    -0.428    -0.014    -0.124     0.013     0.852     0.083    -0.448     0.368     0.064    -0.420     1.542    -3.709     0.291     0.012     2.874 

ddG: E81K    -1.143     0.566    -0.201     0.179    -0.035    -0.728     0.000     1.188     0.089    -1.021     0.349     0.115    -0.552     0.184    -3.231     0.437    -0.008     1.526 

ddG: E81L    -1.061     2.045    -0.451    -2.026    -0.030    -1.066    -0.014     1.052     0.081    -0.987     1.520    -0.032    -0.648    -0.092    -3.377     0.377    -0.012     2.598 

ddG: E81M    -0.944     1.390    -0.319    -1.806    -0.030    -0.301     0.013     0.870     0.025    -1.513     1.519    -0.022    -0.598     0.141    -2.777     0.400    -0.001     2.063 

ddG: E81N    -1.027    -0.424     0.320     0.832    -0.033    -1.364     0.014     0.494    -0.002    -0.347    -0.093    -0.018    -0.207     0.397    -2.094     0.788    -0.025     0.737 

ddG: E81P    25.951     1.865    11.729    -2.452    -0.029    -0.299     3.887     2.272     0.067    -1.624     2.892     0.104     2.024     3.400    -2.716     3.235    -0.010     1.608 

ddG: E81Q    -0.312     0.985    -0.101    -0.981    -0.027    -0.897    -0.002     0.444     0.016    -0.498     1.443    -0.035    -0.572     0.169    -1.217     0.520    -0.012     0.453 

ddG: E81R     0.096    -0.373    -0.641     0.551    -0.017     0.098     0.013     0.755    -0.153    -0.537     0.319     0.007    -0.660    -0.168    -1.223     0.429     0.004     1.692 

ddG: E81S     0.216     3.343    -0.226    -1.512    -0.028    -0.818     0.016     0.006     0.155    -1.459     1.649    -0.014    -0.673     0.435    -3.052     0.328    -0.020     2.085 

ddG: E81T    -0.773    -0.010    -0.594     0.987    -0.015    -0.299     0.018     0.081    -0.003    -0.422     0.522     0.008    -0.804     0.096    -2.525     0.122    -0.006     2.070 

ddG: E81V    -2.465     0.350    -0.006    -0.799    -0.018    -0.786     0.012     0.822     0.014    -0.442    -0.089    -0.013    -0.581     0.133    -3.850     0.032    -0.014     2.769 

ddG: E81W     0.357    -0.750    -0.218     0.338    -0.009    -1.004     0.003     0.640     0.021    -1.308     1.408    -0.041    -0.564     0.310    -1.934     0.473     0.001     2.992 

ddG: E81Y    -1.465    -2.390     0.205     0.816    -0.002    -0.412     0.013     0.542     0.047    -0.435     0.426     0.105    -0.607     0.392    -2.486     0.274     0.016     2.031 

