ddG: description total fa_atr fa_rep fa_sol fa_intra_rep fa_elec pro_close hbond_sr_bb hbond_lr_bb hbond_bb_sc hbond_sc dslf_fa13 rama omega fa_dun p_aa_pp yhh_planarity ref 
ddG: L129A     0.778     1.883    -0.035    -0.838    -0.007     0.051     0.002    -0.026     0.005     0.004     0.003     0.000    -0.039    -0.026    -0.082    -0.107     0.000    -0.011 

ddG: L129C     1.891     5.307    -0.154    -5.016    -0.003     2.326    -0.004    -0.212    -0.024    -0.045     1.564     0.000     0.243     0.183    -2.015     0.040     0.000    -0.298 

ddG: L129D     2.655     4.042    -0.191    -2.332    -0.001     2.467    -0.003    -0.207    -0.025    -0.046     1.571     0.000     0.117     0.173    -0.494    -0.141     0.000    -2.276 

ddG: L129E     1.565     0.001     0.014     1.725    -0.001     0.087     0.001    -0.026     0.002    -0.015     0.001     0.000    -0.019    -0.014     2.498    -0.090     0.000    -2.598 

ddG: L129F     0.582    -0.458     0.256    -1.973     0.036     0.881    -0.001    -0.045     0.003     0.004     0.021     0.000     0.153     0.018     1.742     0.151     0.000    -0.207 

ddG: L129G     2.300     7.309    -0.194    -6.240    -0.005     2.315    -0.004    -0.171    -0.028    -0.076     1.566     0.000     0.373     0.174    -2.307     0.142     0.000    -0.556 

ddG: L129H     2.081     1.914    -0.068    -2.518     0.005     2.025    -0.005     0.004    -0.138     0.076     1.431     0.000     0.489     0.315    -1.482     0.330     0.000    -0.295 

ddG: L129H     1.762     4.468     0.064    -6.055     0.004     2.636    -0.006    -0.251    -0.025    -0.027     1.554     0.000     0.383     0.298    -0.809    -0.177     0.000    -0.295 

ddG: L129I     0.412     2.957     0.601    -4.863     0.017     2.595    -0.008    -1.384     0.127    -0.057     1.543     0.000     0.550     0.600    -2.464    -0.076     0.000     0.276 

ddG: L129K     0.415     5.351     0.170    -4.316     0.007     1.218    -0.004    -0.016     0.019     0.035     1.211     0.000     0.079     0.126    -2.362    -0.033     0.000    -1.072 

ddG: L129L    -0.470     2.837     0.102    -2.841     0.001     0.607     0.000    -0.057    -0.002     0.023    -0.005     0.000     0.072     0.071    -1.254    -0.024     0.000     0.000 

ddG: L129M     1.034     3.510    -0.063    -4.886     0.000     2.210    -0.005    -0.208    -0.032    -0.051     1.553     0.000     0.214     0.265    -0.937    -0.001     0.000    -0.535 

ddG: L129N     0.512    -0.257    -0.016     1.322    -0.004     0.131    -0.001    -0.042    -0.008    -0.004    -0.004     0.000    -0.045    -0.061     1.505    -0.144     0.000    -1.861 

ddG: L129P    12.006     4.026     7.529    -5.321     0.001     3.243     0.334     1.237     0.196     0.108     1.290     0.000     0.428     1.912    -1.221    -0.765     0.000    -0.990 

ddG: L129Q     1.411     4.210    -0.141    -4.362     0.002     2.266    -0.003    -0.141    -0.032    -0.052     1.572     0.000     0.100     0.184    -0.009    -0.038     0.000    -2.145 

ddG: L129R     0.166     4.499     0.341    -3.198     0.012     1.434    -0.002    -1.281     0.184     0.000     0.971     0.000    -0.150     0.215    -1.550    -0.403     0.000    -0.905 

ddG: L129S     0.432     1.270     0.004     0.946    -0.005    -0.671    -0.002     0.038    -0.004    -0.302    -0.006     0.000    -0.140    -0.015     0.109    -0.278     0.000    -0.513 

ddG: L129T     0.730     0.502     0.134     1.416     0.000    -0.738     0.002    -0.038     0.001    -0.326     0.000     0.000     0.213     0.087    -0.016     0.022     0.000    -0.527 

ddG: L129V     1.737     0.790     0.246    -0.909     0.014    -0.057     0.002     0.073    -0.009     0.014    -0.009     0.000     0.571     0.433    -0.085     0.491     0.000     0.172 

ddG: L129W    -0.872    -6.797     0.400     2.559     0.023     0.160     0.001    -0.134     0.010     0.035    -0.021     0.000     0.022     0.014     2.604    -0.141     0.000     0.394 

ddG: L129Y     0.948    -0.329     0.041    -3.285     0.034     2.273    -0.004    -0.330    -0.020    -0.005     1.557     0.000     0.343     0.215     0.978     0.043     0.005    -0.567 

