ddG: description total fa_atr fa_rep fa_sol fa_intra_rep fa_elec pro_close hbond_sr_bb hbond_lr_bb hbond_bb_sc hbond_sc dslf_fa13 rama omega fa_dun p_aa_pp yhh_planarity ref 
ddG: K86A    -0.257     1.694     0.016    -1.806    -0.009    -0.321     0.000     0.028     0.018     0.048    -0.014     0.000    -0.050    -0.045    -0.874     0.001    -0.001     1.061 

ddG: K86C     0.782     2.645    -0.828    -2.186    -0.013     0.270     0.005     0.429    -0.117     1.085    -0.503     0.000    -0.228     0.264    -0.652    -0.158    -0.005     0.774 

ddG: K86D     1.796     1.584    -0.967     1.426    -0.017    -1.300     0.010     0.666    -0.273     1.088    -0.387     0.000     0.063    -0.115     0.990     0.246    -0.015    -1.204 

ddG: K86E     1.592     0.434    -1.594    -0.027     0.029     2.086     0.007    -0.081    -0.043     0.342     2.783     0.000     0.161    -0.089    -0.814    -0.075     0.001    -1.526 

ddG: K86F     0.854    -0.912     0.375    -1.145     0.012    -0.612    -0.008     0.196     0.039     1.516     0.131     0.000     0.157    -0.388     1.126    -0.489    -0.011     0.865 

ddG: K86G     1.075     4.352    -1.652    -4.565     0.013     2.041     0.009     0.028    -0.064     0.397     2.769     0.000     0.459    -0.228    -3.125     0.125     0.002     0.516 

ddG: K86H     1.100     1.107    -1.276    -2.172     0.014     1.798     0.000    -0.044    -0.324     0.476     2.371     0.000     0.104    -0.150    -1.150    -0.429    -0.003     0.777 

ddG: K86H     2.763    -1.158    -1.865    -0.109     0.000     2.223     0.007     0.153    -0.054     0.186     1.990     0.000    -0.101    -0.289     1.061    -0.058     0.001     0.777 

ddG: K86I     2.298     0.158    -1.163    -1.776     0.027     1.780     0.001     0.073    -0.066     1.962     2.807     0.000     0.226    -0.531    -2.187    -0.366     0.005     1.348 

ddG: K86K    -0.198     0.005     0.009     0.019     0.000    -0.220     0.000     0.006     0.019    -0.009    -0.021     0.000     0.001    -0.002    -0.005    -0.002     0.000     0.000 

ddG: K86L     0.778     1.637    -2.520    -2.344     0.013     2.388     0.013     0.325    -0.161     1.486     2.252     0.000    -0.132     0.130    -3.122    -0.256    -0.003     1.072 

ddG: K86M     0.476     1.164    -1.757    -1.864     0.016     1.305     0.006     0.134    -0.169     0.391     2.483     0.000     0.231    -0.320    -1.777     0.091     0.002     0.537 

ddG: K86N    -0.287     1.749    -0.980    -0.454    -0.013    -1.738     0.006     0.656    -0.248     1.035    -0.428     0.000     0.041    -0.177     0.914     0.151    -0.013    -0.789 

ddG: K86P     8.479     1.877     2.291    -3.232     0.026     1.411     0.395     1.309    -0.334     1.857     2.289     0.000     1.385     2.768    -3.253    -0.376    -0.014     0.082 

ddG: K86Q     0.077     2.140    -2.731    -1.814     0.008     1.036     0.015     0.554    -0.314     1.428     2.279     0.000     0.029    -0.229    -1.244     0.007    -0.013    -1.073 

ddG: K86R    -0.444    -2.277    -1.385     2.053     0.045    -0.161     0.005    -0.105    -0.027     0.364     1.758     0.000     0.186    -0.186    -0.753    -0.128     0.002     0.167 

ddG: K86S     1.821     4.248    -2.836    -2.821    -0.002     1.256     0.015     0.571    -0.294     1.543     2.362     0.000     0.076    -0.322    -2.485    -0.053     0.001     0.559 

ddG: K86T     1.224     1.866    -1.302    -0.167     0.023     0.495     0.007     0.241    -0.278     0.547     2.720     0.000     0.226    -0.488    -3.026    -0.190     0.005     0.544 

ddG: K86V     2.053     0.965    -1.195    -2.204     0.022     1.579     0.001     0.069    -0.059     1.951     2.814     0.000     0.271    -0.548    -2.519    -0.329    -0.009     1.244 

ddG: K86W     1.570    -1.514    -2.707    -0.401     0.029     1.276     0.014     0.494    -0.318     1.510     2.332     0.000     0.001    -0.240    -0.263    -0.112     0.001     1.466 

ddG: K86Y     0.599     0.225    -2.340    -2.148     0.033     2.258     0.012     0.347    -0.144     1.421     2.249     0.000    -0.050     0.197    -1.631    -0.333    -0.003     0.505 

