ddG: description total fa_atr fa_rep fa_sol fa_intra_rep fa_elec pro_close hbond_sr_bb hbond_lr_bb hbond_bb_sc hbond_sc dslf_fa13 rama omega fa_dun p_aa_pp yhh_planarity ref 
ddG: W31A     4.209    11.439    -1.899    -2.460    -0.046    -1.275     0.001     0.039    -0.080    -0.236    -0.182     0.000    -0.199    -0.283    -0.140    -0.070     0.004    -0.405 

ddG: W31C     4.764    11.893    -1.536    -2.989    -0.044    -0.655     0.010     0.562    -0.244     1.114    -0.449     0.000     0.009    -0.109    -2.351     0.258    -0.014    -0.692 

ddG: W31D     4.394     9.815     1.257     0.587    -0.053    -3.281    -0.002     0.137    -0.113    -0.258    -2.744     0.000    -0.009    -0.363     1.777     0.324    -0.011    -2.670 

ddG: W31E     4.652     9.070    -1.319     0.673    -0.030    -1.633     0.012     0.480    -0.241     1.046    -1.276     0.000    -0.151    -0.104     1.212    -0.081    -0.015    -2.992 

ddG: W31F     3.118     5.629    -1.728    -1.745    -0.001    -1.218     0.003     0.171    -0.071    -0.270    -0.222     0.000    -0.111    -0.325     3.366     0.237     0.005    -0.601 

ddG: W31G     4.650    13.657    -0.495    -4.457    -0.037    -1.108     0.005     0.007    -0.175    -0.038    -0.021     0.000     0.465    -0.401    -2.234     0.427     0.004    -0.950 

ddG: W31H     4.649     6.317    -1.031    -0.337    -0.034     0.180     0.007     0.039    -0.100     1.097    -0.521     0.000    -0.049     0.404    -0.676     0.046    -0.006    -0.689 

ddG: W31H     2.942     5.881    -0.313     0.671    -0.036    -1.666     0.005    -0.173    -0.192    -0.036    -0.007     0.000     0.241    -0.273    -0.696     0.236    -0.011    -0.689 

ddG: W31I     3.042     8.693    -1.259    -1.981    -0.014    -0.930     0.010     0.380    -0.242     1.026    -0.507     0.000     0.065    -0.009    -2.038    -0.019    -0.015    -0.118 

ddG: W31K     4.904     9.697    -1.916    -1.341    -0.037    -1.178     0.007     0.107    -0.072    -0.227    -0.211     0.000    -0.250    -0.372     2.063     0.095     0.005    -1.466 

ddG: W31L     3.961     9.151    -1.136    -2.704    -0.030     0.647     0.007     0.364    -0.106     1.065    -0.533     0.000    -0.150     0.307    -2.280    -0.243    -0.006    -0.394 

ddG: W31M     2.409     8.115    -0.399    -2.362    -0.028    -1.273     0.006    -0.110    -0.175    -0.044    -0.043     0.000     0.248    -0.305    -0.368     0.086    -0.011    -0.928 

ddG: W31N     3.055     9.585    -0.524    -1.629    -0.032    -1.168     0.006     0.150    -0.172    -0.046    -0.047     0.000     0.299    -0.405    -0.952     0.254    -0.011    -2.255 

ddG: W31P    16.688     7.612     5.684    -1.594    -0.050    -3.315     0.458     3.181    -0.117     0.770    -3.783     0.000     0.993     3.161     4.744     0.324     0.004    -1.384 

ddG: W31Q     3.651     8.951     1.703    -1.196    -0.049    -1.872    -0.012    -0.080    -0.212    -0.217    -3.218     0.000    -0.241     0.087     2.804    -0.251    -0.007    -2.539 

ddG: W31R     3.102     7.121    -0.390     1.078    -0.021    -2.931     0.005     0.028    -0.187    -0.048    -0.298     0.000     0.059    -0.412     0.393     0.013    -0.010    -1.299 

ddG: W31S     5.998    11.559    -1.227    -2.618    -0.037     0.271     0.008     0.295    -0.082     1.083    -0.522     0.000    -0.125     0.313    -2.071     0.064    -0.006    -0.907 

ddG: W31T     3.775    10.807    -0.463    -2.139    -0.021    -1.158     0.004    -0.020    -0.175    -0.054    -0.061     0.000     0.269    -0.356    -2.202     0.262     0.004    -0.921 

ddG: W31V     3.602     9.699     0.634    -1.740    -0.040    -2.871     0.001     0.439    -0.209     0.753    -3.304     0.000    -0.042    -0.013     0.297     0.222    -0.002    -0.222 

ddG: W31W     0.397     1.813    -1.042    -0.687    -0.003    -0.695     0.008     0.666    -0.266     1.053    -0.520     0.000    -0.111    -0.102     0.246     0.053    -0.015     0.000 

ddG: W31Y     3.066     5.356    -1.731    -1.022    -0.002    -1.140     0.001     0.184    -0.073    -0.279    -0.227     0.000    -0.156    -0.323     3.198     0.236     0.006    -0.961 

