ddG: description total fa_atr fa_rep fa_sol fa_intra_rep fa_elec pro_close hbond_sr_bb hbond_lr_bb hbond_bb_sc hbond_sc dslf_fa13 rama omega fa_dun p_aa_pp yhh_planarity ref 
ddG: D83A    -0.146     7.966    -0.020   -10.425     0.001     3.548    -0.005    -0.300    -0.026    -0.035     1.561     0.000     0.315     0.250    -5.066    -0.175     0.000     2.265 

ddG: D83C     0.270     0.743     0.013    -2.116    -0.003     0.960     0.002    -0.008     0.006    -0.017    -0.004     0.000     0.116    -0.012    -1.486     0.097     0.000     1.978 

ddG: D83D    -0.244     3.482    -0.012    -3.779     0.009     2.194    -0.004    -1.177     0.189    -0.003     1.204     0.000    -0.072     0.134    -2.055    -0.353     0.000     0.000 

ddG: D83E    -1.207     5.456    -0.064    -6.003     0.010     1.985    -0.003     0.083     0.209     0.027    -0.300     0.000    -0.264     0.330    -2.420     0.069     0.000    -0.322 

ddG: D83F    -1.942    -2.157     0.394    -4.690     0.041     2.507    -0.004    -0.251    -0.036    -0.050     1.555     0.000     0.384     0.186    -1.714    -0.174     0.000     2.069 

ddG: D83G     0.694     9.357    -0.142   -10.991    -0.008     3.452    -0.005    -0.288    -0.040     0.013     1.567     0.000     0.608     0.242    -5.079     0.290     0.000     1.720 

ddG: D83H    -1.350    -1.628     0.208    -3.189     0.006     2.068    -0.009    -0.271    -0.003    -0.049     0.167     0.000     0.322     0.224    -1.094    -0.083     0.000     1.981 

ddG: D83H    -1.367     0.446     0.545    -4.649     0.013     2.333    -0.007    -0.071     0.049     0.030    -0.210     0.000     0.170     0.125    -2.032    -0.092     0.000     1.981 

ddG: D83I    -1.495     1.351     0.210    -3.937     0.022     1.203     0.001    -0.149     0.008    -0.002     0.008     0.000     0.218     0.080    -2.798    -0.262     0.000     2.553 

ddG: D83K     0.281    -2.143     0.079     1.070     0.001     0.418    -0.001    -0.056    -0.035     0.007    -0.048     0.000     0.004    -0.018    -0.109    -0.091     0.000     1.204 

ddG: D83L    -0.504    -0.362    -0.009    -1.635     0.004     0.704     0.002     0.007     0.007    -0.021    -0.003     0.000     0.054    -0.004    -1.366    -0.159     0.000     2.276 

ddG: D83M     0.144     6.586    -0.013    -9.386     0.006     3.587    -0.006    -0.228    -0.029    -0.040     1.557     0.000     0.354     0.284    -4.067    -0.201     0.000     1.742 

ddG: D83N    -0.297    -0.056    -0.015    -1.133     0.000     0.497     0.002    -0.024     0.015    -0.019     0.003     0.000     0.233    -0.008    -0.330     0.122     0.000     0.415 

ddG: D83P     7.980     5.202     6.553    -8.611     0.008     2.884     0.730     0.549     0.022     0.114     1.230     0.000     0.430     1.599    -4.370     0.354     0.000     1.286 

ddG: D83Q    -2.006    -0.654     0.035    -0.686    -0.001     0.103     0.003    -0.033     0.004     0.002    -1.395     0.000     0.008    -0.079     0.681    -0.126     0.000     0.131 

ddG: D83R     1.452     6.070     0.112    -7.334     0.014     3.317    -0.005     0.054     0.042     0.033     1.178     0.000     0.024     0.167    -3.450    -0.141     0.000     1.371 

ddG: D83S     1.072     8.008    -0.043    -9.713     0.001     3.707    -0.006    -0.256    -0.037    -0.037     1.555     0.000     0.370     0.285    -4.650     0.125     0.000     1.763 

ddG: D83T    -0.206    -0.241     0.071    -1.077     0.008     0.739     0.000    -0.085     0.016     0.003     0.009     0.000     0.146     0.010    -1.578     0.025     0.000     1.749 

ddG: D83V     0.285     2.323     0.148    -4.978     0.022     2.567    -0.007     0.041     0.032     0.010     1.254     0.000     0.112     0.019    -3.540    -0.166     0.000     2.448 

ddG: D83W     0.899    -1.614    -0.024    -1.041     0.021     0.873     0.005     0.108     0.013     0.003     0.009     0.000     0.024     0.075    -0.233     0.010     0.000     2.670 

ddG: D83Y    -2.500    -6.538     0.485     1.112     0.038     0.325     0.001    -0.070     0.014    -0.016     0.020     0.000     0.127    -0.031     0.400    -0.123     0.045     1.709 

