ddG: description total fa_atr fa_rep fa_sol fa_intra_rep fa_elec pro_close hbond_sr_bb hbond_lr_bb hbond_bb_sc hbond_sc dslf_fa13 rama omega fa_dun p_aa_pp yhh_planarity ref 
ddG: V78A     5.893     5.807    -0.607    -0.803    -0.013     0.106    -0.001     0.009    -0.154    -0.009     0.039     0.000     0.737     0.092    -0.084     0.960    -0.001    -0.183 

ddG: V78C     6.696     7.646    -0.369    -2.911    -0.011     2.199    -0.008    -0.180    -0.081    -0.025     1.578     0.000     0.431     0.140    -1.624     0.380     0.000    -0.470 

ddG: V78D    12.200     3.045    -0.190     6.294    -0.009     2.229    -0.009    -0.186     0.078     0.018     1.531     0.000     0.515     0.265     0.406     0.661     0.001    -2.448 

ddG: V78E    12.248    -3.291     0.571    10.873    -0.008     1.293    -0.009     0.006    -0.051    -0.016     0.295     0.000     0.587    -0.001     4.257     0.513     0.000    -2.769 

ddG: V78F     5.520     0.473     4.770    -5.978     0.033     3.822    -0.009    -1.462     0.748    -0.066     1.806     0.000     0.704     1.616    -0.722     0.165     0.000    -0.379 

ddG: V78G     9.604    16.292    -0.654    -8.579    -0.010     2.860    -0.008    -0.242    -0.098    -0.005     1.574     0.000     1.293     0.285    -3.563     1.188     0.000    -0.728 

ddG: V78H    10.393    -2.939     3.247     3.025    -0.001     2.261    -0.008     0.110     0.201     0.186     1.565     0.000     0.266     1.400     1.312     0.230     0.003    -0.467 

ddG: V78H     9.723     0.866     3.255    -1.266    -0.004     3.239    -0.006    -0.222     0.198     0.162     1.933     0.000     0.553     1.619    -0.298     0.160     0.003    -0.467 

ddG: V78I     1.954     1.926     0.833    -4.558     0.013     2.341    -0.013    -0.155     0.265    -0.005     1.549     0.000     0.303     0.459    -1.027    -0.084     0.000     0.105 

ddG: V78K    14.123     1.300     1.204     5.814     0.000     1.646    -0.019     0.186     0.261    -0.048     1.276     0.000     0.313     0.384     2.594     0.457     0.000    -1.244 

ddG: V78L     6.228     3.998     2.966    -5.509    -0.002     2.862    -0.008    -0.135     0.162     0.104     1.687     0.000     0.355     0.707    -1.106     0.320     0.000    -0.172 

ddG: V78M     8.194    11.343     0.613    -7.131    -0.008     3.400    -0.013    -1.450     0.243    -0.013     1.772     0.000     0.393     0.638    -0.979     0.093    -0.001    -0.706 

ddG: V78N     8.014    -1.189     0.227     7.138    -0.013    -0.500    -0.006     0.001    -0.122     0.073     0.041     0.000     0.294    -0.051     3.593     0.559     0.001    -2.032 

ddG: V78P     7.275     7.565     2.553    -9.224    -0.009     4.418     0.200    -0.143     2.096     0.040     1.772     0.000     0.591     1.323    -3.286     0.545    -0.004    -1.162 

ddG: V78Q     9.667     2.648     1.273     1.207     0.000     3.112    -0.015     0.062     0.203     0.036     0.937     0.000     0.611     0.459     1.111     0.337     0.000    -2.317 

ddG: V78R    12.849     6.170     0.546     5.804     0.020     2.427    -0.013    -1.296    -0.240    -0.025     1.013     0.000     0.338     0.254    -1.245     0.174    -0.001    -1.077 

ddG: V78S     7.661    10.678    -0.485    -3.736    -0.003     2.144    -0.008     0.031    -0.119     0.044     1.216     0.000     0.500     0.162    -2.894     0.816    -0.001    -0.685 

ddG: V78T     2.877     2.167    -0.518     2.817    -0.003     0.132    -0.007    -1.250     0.090    -0.018     0.050     0.000     0.198     0.125    -0.283     0.078    -0.001    -0.699 

ddG: V78V     0.628     4.062    -0.152    -4.966     0.003     2.145    -0.009    -0.164    -0.040    -0.041     1.554     0.000     0.199     0.210    -2.184     0.011     0.000     0.000 

ddG: V78W     6.536   -10.476     2.539     6.193     0.022     1.177    -0.010    -0.149     0.353     0.052     0.199     0.000     0.224     2.101     4.006     0.079     0.001     0.222 

ddG: V78Y     7.959    -7.686     5.139     4.818     0.028     1.202    -0.004    -1.227     0.965    -0.040     0.198     0.000     0.339     2.003     2.838     0.125     0.001    -0.739 

