ddG: description total fa_atr fa_rep fa_sol fa_intra_rep fa_elec pro_close hbond_sr_bb hbond_lr_bb hbond_bb_sc hbond_sc dslf_fa13 rama omega fa_dun p_aa_pp yhh_planarity ref 
ddG: T5A     0.816     0.152     0.428    -0.585    -0.004     2.111    -0.004    -0.538    -0.017    -1.435     0.773     0.000    -0.168     0.001    -0.501     0.099    -0.011     0.516 

ddG: T5C     0.396     1.228     0.192    -2.025     0.003     0.586    -0.001     0.147    -0.134     0.007     0.006     0.000    -0.128     0.051     0.268    -0.028    -0.005     0.229 

ddG: T5D     2.508    -0.969     0.597     1.631     0.005     2.406    -0.002    -0.425    -0.089    -1.421     0.773     0.000    -0.055    -0.009     1.607     0.213    -0.004    -1.749 

ddG: T5E     1.809    -1.695     0.603     1.983     0.005     1.612    -0.003    -0.505    -0.077    -1.420     0.775     0.000    -0.112    -0.065     2.632     0.155    -0.010    -2.070 

ddG: T5F     0.659    -1.978     0.322     0.135     0.023     0.522    -0.002     0.068    -0.039    -0.120     0.071     0.000    -0.068    -0.015     1.592    -0.143    -0.028     0.321 

ddG: T5G     1.728     2.451     0.285    -1.774    -0.004     0.500    -0.003     0.071    -0.077    -0.126     0.060     0.000     0.232     0.095    -0.264     0.334    -0.023    -0.029 

ddG: T5H     1.890    -2.424     0.865     0.515     0.000     2.179     0.000    -0.487    -0.065    -1.553     0.830     0.000    -0.068    -0.043     1.738     0.195    -0.023     0.232 

ddG: T5H     1.456    -2.140     0.629     0.278     0.001     1.919    -0.001    -0.520    -0.068    -1.436     0.775     0.000    -0.070    -0.031     1.715     0.176    -0.004     0.232 

ddG: T5I    -0.483    -2.787     0.968     0.088     0.008     1.871     0.000    -0.514    -0.059    -1.604     0.845     0.000    -0.242    -0.189     0.266     0.088    -0.025     0.804 

ddG: T5K     1.352     0.434    -0.129    -0.017     0.002     0.861     0.000     0.017    -0.022     0.007     0.009     0.000    -0.004     0.084     0.875    -0.213    -0.008    -0.544 

ddG: T5L    -0.409    -0.838     0.303    -0.468     0.001     0.197    -0.002     0.066    -0.038    -0.130     0.045     0.000    -0.154     0.018     0.175    -0.086    -0.026     0.527 

ddG: T5M    -0.044    -0.687     0.460    -1.476     0.004     0.555    -0.001     0.190    -0.146    -0.114     0.060     0.000    -0.165     0.175     1.206    -0.073    -0.026    -0.007 

ddG: T5N     1.254    -1.309     0.609     0.460     0.004     2.364    -0.001    -0.502    -0.065    -1.419     0.778     0.000     0.036    -0.072     1.420     0.288    -0.003    -1.333 

ddG: T5P     1.767    -2.242     3.099    -0.836    -0.003     1.351     0.911     0.152     0.319    -1.398     0.779     0.000     0.605    -0.108     0.337    -0.728    -0.008    -0.462 

ddG: T5Q     0.958    -1.624     0.506     0.219     0.006     1.998     0.000    -0.514    -0.036    -1.359     1.190     0.000    -0.143    -0.073     2.322     0.151    -0.066    -1.617 

ddG: T5R     2.435    -1.608     0.828     1.160     0.000     2.169    -0.001    -0.407    -0.060    -1.599     0.833     0.000    -0.215    -0.079     1.638     0.176    -0.023    -0.378 

ddG: T5S     0.577     1.182     0.208    -1.313     0.003     0.307    -0.001     0.151    -0.129     0.003     0.002     0.000    -0.114    -0.016     0.290    -0.006    -0.003     0.015 

ddG: T5T    -0.044    -1.345     0.645     0.234     0.000     1.521    -0.001    -0.427    -0.071    -1.431     0.781     0.000    -0.139    -0.147    -0.010     0.347    -0.002     0.000 

ddG: T5V    -0.888    -0.794     0.229    -0.914     0.011     0.557    -0.004     0.048    -0.018     0.012     0.016     0.000    -0.176    -0.142    -0.238    -0.166    -0.008     0.699 

ddG: T5W     1.578    -1.012     0.118    -1.423     0.028     1.343     0.000     0.153    -0.080     0.068     0.745     0.000    -0.078    -0.059     1.120    -0.197    -0.070     0.921 

ddG: T5Y    -0.161    -1.401     0.246    -0.971     0.028     0.304     0.000     0.136    -0.117    -0.002     0.018     0.000    -0.076    -0.030     1.888    -0.133    -0.010    -0.040 

