ddG: description total fa_atr fa_rep fa_sol fa_intra_rep fa_elec pro_close hbond_sr_bb hbond_lr_bb hbond_bb_sc hbond_sc dslf_fa13 rama omega fa_dun p_aa_pp yhh_planarity ref 
ddG: N63A     0.603     0.207     0.148    -0.339    -0.003     0.179    -0.003     0.011    -0.008     0.010    -0.033     0.001    -0.062    -0.007    -1.419     0.086    -0.012     1.849 

ddG: N63C     0.516     0.057     0.115    -0.110    -0.003     0.207    -0.004     0.000     0.000    -0.017    -0.084     0.000    -0.002    -0.039    -1.220     0.064    -0.011     1.563 

ddG: N63D     0.363    -0.379     0.105     0.831     0.000    -0.093     0.003    -0.008    -0.004     0.016    -0.033     0.000    -0.017    -0.018     0.421    -0.034    -0.012    -0.415 

ddG: N63E     0.356    -0.185     0.123     0.151     0.002     0.244     0.000     0.003     0.000    -0.021    -0.087     0.000    -0.054    -0.032     0.925     0.035    -0.010    -0.737 

ddG: N63F     1.366    -0.913     0.111    -0.035     0.023     0.140     0.001    -0.033    -0.007     0.020    -0.047    -0.001     0.135     0.019     0.193     0.119    -0.012     1.654 

ddG: N63G     0.701     0.932     0.004    -0.756    -0.004     0.137    -0.003    -0.002    -0.003    -0.001     0.000     0.000     0.245     0.013    -1.464     0.302    -0.002     1.304 

ddG: N63H     1.045    -0.723    -0.075     0.059    -0.001     0.280    -0.017    -0.272     0.008    -0.052    -0.097     0.000     0.210     0.436    -0.175    -0.094    -0.006     1.566 

ddG: N63H     1.148    -0.343    -0.035    -0.158    -0.001     0.103     0.002    -0.028    -0.008    -0.005     0.001     0.001     0.093     0.128    -0.144    -0.030     0.008     1.566 

ddG: N63I     1.244    -0.520     0.146     0.042     0.017     0.135     0.002    -0.039    -0.025     0.020    -0.026    -0.001     0.313     0.039    -1.332     0.348    -0.014     2.137 

ddG: N63K     0.150     0.226    -0.023    -0.393     0.000     0.226    -0.001    -0.009    -0.001    -0.049    -0.032     0.000    -0.056     0.026    -0.635     0.082    -0.001     0.789 

ddG: N63L     0.222    -0.380     0.120    -0.092     0.004     0.170     0.002    -0.006    -0.003     0.020    -0.032     0.001    -0.003     0.005    -1.418    -0.016    -0.012     1.861 

ddG: N63M     0.616    -0.357     0.127    -0.008     0.001     0.221    -0.001     0.008    -0.008     0.003    -0.021    -0.001    -0.042     0.002    -0.660     0.038    -0.013     1.326 

ddG: N63N     0.328    -0.146     0.006     0.279     0.000     0.244    -0.004    -0.007    -0.014     0.013     0.028     0.000    -0.019    -0.077     0.030     0.002    -0.006     0.000 

ddG: N63P    -0.165    -0.528     0.612    -0.313    -0.002    -0.122     0.095    -0.020     0.002    -0.030    -0.029    -0.001     0.104     0.189    -1.093     0.102    -0.002     0.871 

ddG: N63Q     0.276    -0.674     0.117     0.356     0.002     0.212    -0.002    -0.018    -0.015     0.018    -0.018     0.000    -0.054     0.015     0.522     0.114    -0.013    -0.284 

ddG: N63R     0.974    -0.121     0.120    -0.070     0.005     0.197     0.002    -0.008     0.000     0.020    -0.039     0.000     0.006    -0.010    -0.089     0.016    -0.010     0.955 

ddG: N63S     0.297     0.183     0.015     0.237    -0.003     0.047    -0.003    -0.022     0.000    -0.031    -0.028    -0.001    -0.092    -0.078    -1.216    -0.055    -0.005     1.348 

ddG: N63T    -0.255    -0.160     0.095     0.267     0.001    -0.104     0.000    -0.023    -0.010     0.006    -0.033    -0.001    -0.050     0.012    -1.439    -0.137    -0.012     1.333 

ddG: N63V     0.940    -0.410     0.141    -0.090     0.013     0.095     0.002    -0.024    -0.014     0.012    -0.027    -0.001     0.282    -0.005    -1.387     0.335    -0.013     2.032 

ddG: N63W     0.757    -3.845     0.296     1.608     0.031     0.240    -0.001    -0.005    -0.014    -0.023    -0.029    -0.001    -0.049     0.027     0.268     0.012    -0.014     2.255 

ddG: N63Y     0.928    -0.911     0.096    -0.012     0.024     0.081    -0.001    -0.028    -0.016     0.034    -0.019    -0.001     0.149     0.101     0.149     0.001    -0.013     1.294 

