ddG: description total fa_atr fa_rep fa_sol fa_intra_rep fa_elec pro_close hbond_sr_bb hbond_lr_bb hbond_bb_sc hbond_sc dslf_fa13 rama omega fa_dun p_aa_pp yhh_planarity ref 
ddG: T17A     0.812     6.413     0.590    -8.090    -0.013    -0.554    -0.004     0.528    -0.057     0.650    -1.320     0.000     0.252     0.477     0.977     0.438     0.008     0.516 

ddG: T17C     0.717     5.179     0.246    -7.640     0.012     2.512    -0.009    -0.201    -0.073     0.051     1.464     0.000     0.088     0.345    -1.135    -0.361     0.010     0.229 

ddG: T17D     1.746     0.720    -0.055    -1.286     0.011     1.433    -0.006    -0.229     0.269     0.181     0.347     0.000     0.527     0.246     0.919     0.405     0.012    -1.749 

ddG: T17E     2.166     3.113    -1.152    -4.287     0.006     2.267    -0.011     0.340    -0.040     2.025     0.800     0.000     0.204     0.305     0.472     0.196    -0.001    -2.070 

ddG: T17F    -0.448    -2.410    -0.601    -5.778     0.064     1.576    -0.012     0.215    -0.048     1.008     1.439     0.000     0.178     0.621     3.087    -0.120     0.012     0.321 

ddG: T17G     3.130     8.834    -1.640    -8.351    -0.004     1.058    -0.005    -0.021     0.114    -0.289     1.716     0.000     0.489     0.063     0.693     0.486     0.017    -0.029 

ddG: T17H    -2.105    -0.457     1.055    -4.745     0.007     0.884    -0.013    -0.111     0.028     0.806    -0.450     0.000     0.304     0.239    -0.023     0.126     0.015     0.232 

ddG: T17H    -1.913    -0.015     1.790    -4.671    -0.015    -0.834    -0.017     0.388     0.016     1.515    -3.729     0.000    -0.081     0.673     2.688     0.139     0.007     0.232 

ddG: T17I    -1.046    -0.924     4.764    -6.779     0.017    -0.553    -0.012     0.077     0.428    -0.169    -0.957     0.000     0.452    -0.108     1.731     0.169     0.012     0.804 

ddG: T17K     1.103     2.109     0.139    -6.088     0.019     2.219    -0.009    -0.126     0.072     1.048     1.263     0.000     0.365    -0.071     0.492     0.200     0.015    -0.544 

ddG: T17L    -1.282     1.623     0.018    -7.003     0.008     1.664     0.007     0.375    -0.048     1.350     1.377     0.000     0.189     0.145    -1.638     0.126    -0.003     0.527 

ddG: T17M    -0.118     2.756    -0.403    -7.896     0.007     2.620     0.008     0.297     0.023     2.035     0.776     0.000     0.230     0.230    -0.986     0.182     0.010    -0.007 

ddG: T17N    -0.935     1.700    -0.897    -3.494     0.005     0.463     0.013     0.428    -0.085     1.040    -1.117     0.000     0.349     0.248     1.462     0.292    -0.008    -1.333 

ddG: T17P    18.002     2.540    13.239    -9.111    -0.013     1.216     1.919    -0.175     0.449     1.187    -0.926     0.000     1.546     1.540     3.817     1.221     0.015    -0.462 

ddG: T17Q    -1.613     0.872     1.158    -5.153    -0.009     1.050    -0.025     0.221     0.233     0.849    -2.016     0.000    -0.122     0.714     2.023     0.203     0.006    -1.617 

ddG: T17R    -0.410    -1.676     1.942    -2.240     0.007     0.230    -0.023    -0.197     0.337     0.593    -2.662     0.000     0.115     0.476     2.847     0.209     0.009    -0.378 

ddG: T17S     1.581     6.101    -1.599    -5.623     0.000     1.088    -0.025    -0.105     0.076     0.778    -0.162     0.000     0.130     0.278     0.408     0.204     0.017     0.015 

ddG: T17T    -1.028     3.438    -0.122    -5.273     0.012     1.363     0.003     0.041     0.049     0.144     0.752     0.000     0.231    -0.136    -1.360    -0.167    -0.001     0.000 

ddG: T17V    -0.819     1.939    -0.694    -7.478     0.020     1.482    -0.002    -0.021     0.132     0.027     1.669     0.000     0.077    -0.065     1.423    -0.041     0.013     0.699 

ddG: T17W    -0.955    -3.135     0.093    -5.776     0.028     1.993    -0.017    -0.122     0.363     0.741     1.051     0.000     0.096     0.271     2.324     0.199     0.015     0.921 

ddG: T17Y     1.320    -4.430     1.968    -2.411     0.051     0.573    -0.012    -0.245     0.093     0.287    -0.857     0.000     0.339     0.467     5.610    -0.101     0.026    -0.040 

