ddG: description total fa_atr fa_rep fa_sol fa_intra_rep fa_elec pro_close hbond_sr_bb hbond_lr_bb hbond_bb_sc hbond_sc dslf_fa13 rama omega fa_dun p_aa_pp yhh_planarity ref 
ddG: F55A     9.170    13.929    -0.590    -2.747    -0.037    -0.060     0.031     0.056     0.083    -0.081     0.148     0.000     0.192    -0.101    -2.024     0.280    -0.104     0.196 

ddG: F55C     9.428    11.911    -0.518    -0.829    -0.032     0.130     0.031    -0.015    -0.179    -0.036     0.141     0.003     0.073    -0.054    -1.368     0.380    -0.120    -0.091 

ddG: F55D    13.206     8.294    -0.577     6.645    -0.029    -0.841     0.022     0.034    -0.091    -0.068     0.159     0.000     0.343    -0.061     0.649     0.881    -0.084    -2.069 

ddG: F55E    12.917     5.529     0.240     7.153    -0.026    -0.177     0.010     0.005     0.019     0.378     0.091     0.000     0.093    -0.089     2.010     0.185    -0.115    -2.391 

ddG: F55F    -0.006    -0.344     0.081     0.273     0.000    -0.020     0.012     0.017    -0.006     0.003     0.075     0.000    -0.044    -0.077     0.054    -0.016    -0.015     0.000 

ddG: F55G    11.859    16.550    -0.635    -3.046    -0.037    -0.040     0.026     0.042     0.074    -0.160     0.162     0.001     0.657    -0.062    -1.978     0.758    -0.104    -0.349 

ddG: F55H     5.073     2.441    -0.154     3.285    -0.031    -0.176     0.011     0.002     0.007    -0.009     0.084     0.001    -0.005    -0.055    -0.258     0.084    -0.066    -0.088 

ddG: F55H     5.138     2.509    -0.208     3.273    -0.031    -0.182     0.015     0.020     0.007    -0.011     0.140     0.000    -0.064    -0.069    -0.179     0.072    -0.066    -0.088 

ddG: F55I     6.838     6.057     0.355    -1.242    -0.017    -0.131     0.031    -0.025    -0.160    -0.062     0.070     0.001     0.003     0.116     1.415     0.028    -0.085     0.483 

ddG: F55K    12.222     0.189    -0.199    13.758    -0.028    -1.392     0.012     0.123    -0.199    -0.154    -2.631     0.001    -0.086     0.288     3.464     0.035    -0.095    -0.865 

ddG: F55L     6.777     6.700     0.379    -1.563    -0.026    -0.062    -0.026    -0.106    -0.130    -0.073     0.034     0.002     0.113     0.166     1.061     0.193    -0.093     0.207 

ddG: F55M     7.777     6.325    -0.273     0.252    -0.029     0.125     0.030     0.053    -0.049    -0.058     0.143     0.000    -0.040    -0.077     1.647     0.168    -0.113    -0.328 

ddG: F55N     9.391     7.740    -0.528     3.347    -0.030    -0.289     0.020     0.030    -0.042    -0.048     0.165     0.000     0.228    -0.033     0.041     0.543    -0.099    -1.654 

ddG: F55P    17.910    10.782     2.959    -3.350    -0.015     1.380     0.621     0.015     3.751     0.081    -0.553     0.000     0.324     3.371    -0.224    -0.493     0.043    -0.783 

ddG: F55Q     8.588     4.617    -0.326     4.795    -0.027     0.606     0.021     0.002    -0.304     0.009    -1.090     0.001    -0.075    -0.083     2.199     0.294    -0.115    -1.938 

ddG: F55R    10.706     2.072    -0.327     9.327    -0.021    -0.668     0.022     0.009    -0.165    -0.053    -1.123     0.001    -0.020     0.036     2.263     0.128    -0.074    -0.698 

ddG: F55S    11.384    13.244    -0.622    -0.437    -0.036     0.316     0.025     0.010    -0.145    -0.006     0.215    -0.001     0.049    -0.056    -1.001     0.247    -0.112    -0.306 

ddG: F55T     9.289    10.849    -0.509     0.861    -0.030    -0.108     0.027     0.036    -0.068    -0.015     0.183     0.001    -0.054    -0.211    -1.269     0.036    -0.118    -0.321 

ddG: F55V     6.062     9.026     0.060    -1.632    -0.020    -0.148     0.033     0.015    -0.140    -0.106     0.155    -0.001    -0.073     0.053    -1.347    -0.086    -0.106     0.379 

ddG: F55W     3.284    -5.951     2.153     4.903    -0.002     0.085    -0.005     0.108    -0.131    -0.218     0.300     0.000    -0.171     0.203     1.729    -0.222    -0.097     0.601 

ddG: F55Y     0.559    -0.930     0.201     1.794    -0.004    -0.169     0.003     0.023     0.031    -0.030     0.088    -0.001    -0.081    -0.020     0.093    -0.104     0.027    -0.360 

