ddG: description total fa_atr fa_rep fa_sol fa_intra_rep fa_elec pro_close hbond_sr_bb hbond_lr_bb hbond_bb_sc hbond_sc dslf_fa13 rama omega fa_dun p_aa_pp yhh_planarity ref 
ddG: K72A     1.243    -0.249     0.255     0.569    -0.007     1.242     0.003    -0.549     0.036    -1.435     0.781     0.000     0.041     0.025    -0.990     0.452     0.007     1.061 

ddG: K72C     0.649     0.260     0.178     0.023    -0.006    -0.203    -0.001    -0.030     0.029    -0.142     0.056     0.000     0.105    -0.002    -0.593     0.221    -0.022     0.774 

ddG: K72D     1.287    -0.209    -0.019     2.340    -0.003    -0.732     0.001    -0.045     0.063    -0.125     0.056     0.000    -0.007     0.121     1.397    -0.343    -0.003    -1.204 

ddG: K72E     1.151     0.001     0.160     0.464     0.005    -0.069     0.005     0.053    -0.020    -0.124     0.052     0.000     0.159     0.091     1.915    -0.015     0.001    -1.526 

ddG: K72F     0.300    -2.882     0.134     1.044     0.021     1.068     0.006    -0.647     0.050    -1.428     0.779     0.000     0.086     0.101     1.080     0.013     0.011     0.865 

ddG: K72G     0.991     2.099     0.322    -1.518    -0.004    -0.241     0.001     0.094    -0.050    -0.136     0.053     0.000     0.193    -0.015    -0.602     0.291    -0.012     0.516 

ddG: K72H     0.051    -2.069     0.472     0.533     0.000     1.042    -0.002    -0.516    -0.030    -1.444     0.782     0.000    -0.117    -0.047     0.638     0.022     0.009     0.777 

ddG: K72H     0.640    -2.289     0.299     1.364    -0.004     1.425    -0.006    -0.593     0.034    -1.431     0.784     0.000    -0.099    -0.054     0.399     0.031     0.002     0.777 

ddG: K72I    -0.547    -2.847     1.053    -0.194     0.012    -0.156    -0.018    -0.048     0.021    -0.143     0.051     0.000     0.306     0.449    -0.540     0.172    -0.014     1.348 

ddG: K72K     0.222    -1.034     0.427     0.584     0.000     1.173     0.001    -0.494    -0.021    -1.440     0.782     0.000    -0.040    -0.042     0.085     0.229     0.010     0.000 

ddG: K72L    -0.257    -1.366     0.449    -0.122     0.004     1.345     0.002    -0.476    -0.041    -1.432     0.781     0.000    -0.011    -0.024    -0.691     0.246     0.009     1.072 

ddG: K72M     0.253    -0.755     0.016     0.124    -0.003    -0.312     0.002    -0.059     0.052    -0.135     0.054     0.000     0.071     0.113     0.625    -0.074    -0.004     0.537 

ddG: K72N    -0.713     0.284    -0.080    -0.074     0.002    -0.761     0.006     0.013    -0.019     0.001    -0.002     0.000    -0.061     0.093     1.101    -0.440     0.015    -0.789 

ddG: K72P     0.048    -2.390     2.514    -1.522    -0.001    -0.884     0.826     0.032    -0.055     0.020    -0.004     0.000     0.564     0.297    -0.040     0.600     0.007     0.082 

ddG: K72Q    -0.317    -0.572    -0.001     0.176     0.000     0.093    -0.004     0.020    -0.006    -0.013     0.000     0.000    -0.063     0.004     1.106     0.013     0.003    -1.073 

ddG: K72R     0.963    -0.661     0.198     0.766     0.002    -0.033    -0.004    -0.008     0.023    -0.123     0.051     0.000     0.018     0.015     0.581    -0.015    -0.012     0.167 

ddG: K72S     1.638    -0.122     0.423     0.475    -0.003     1.183     0.003    -0.471    -0.031    -1.436     0.783     0.000    -0.023     0.011    -0.050     0.325     0.011     0.559 

ddG: K72T     1.013    -0.510     0.300     1.512     0.000     0.030    -0.012    -0.009     0.022    -0.129     0.055     0.000     0.041     0.024    -0.773    -0.063    -0.020     0.544 

ddG: K72V     0.080    -1.295     1.143    -1.241     0.014    -0.175    -0.017     0.051    -0.051    -0.155     0.048     0.000     0.329     0.438    -0.488     0.249    -0.013     1.244 

ddG: K72W    -2.746    -8.755     0.761     0.789     0.028     1.085    -0.016    -0.540    -0.039    -1.415     0.783     0.000    -0.040    -0.024     2.983     0.183     0.004     1.466 

ddG: K72Y    -0.925    -2.979     0.535    -0.001     0.025     1.085     0.002    -0.516    -0.039    -1.438     0.782     0.000    -0.094    -0.009     1.143     0.066     0.008     0.505 

