ddG: description total fa_atr fa_rep fa_sol fa_intra_rep fa_elec pro_close hbond_sr_bb hbond_lr_bb hbond_bb_sc hbond_sc dslf_fa13 rama omega fa_dun p_aa_pp yhh_planarity ref 
ddG: D82A     0.270     5.258     0.835    -8.591    -0.005     1.189     0.005    -0.419     0.048    -0.408     0.457     0.000     0.666    -0.608    -1.259     0.833     0.004     2.265 

ddG: D82C     1.233     3.590     0.006    -6.153    -0.010     1.260     0.009     0.049    -0.011     0.722    -0.012     0.000     0.177    -0.161    -0.748     0.536     0.000     1.978 

ddG: D82D    -0.486    -1.241     1.000    -0.549     0.011     1.028    -0.008    -0.639     0.259    -1.071     0.475     0.000     0.102     0.099     0.105    -0.073     0.015     0.000 

ddG: D82E     2.870    -0.384     1.202    -2.237     0.003     0.648     0.004    -0.355     0.060    -0.367     0.439     0.000     0.485    -0.431     3.414     0.691     0.019    -0.322 

ddG: D82F     6.383    -2.511     1.698    -5.615     0.066     3.591    -0.012    -0.612     0.296    -0.306     1.186     0.000     0.401     0.526     4.955     0.637     0.015     2.069 

ddG: D82G     0.169     6.947     2.710    -7.673    -0.024     0.074    -0.020    -0.509     0.009    -0.641    -2.690     0.000    -0.321     0.036     0.942    -0.402     0.008     1.720 

ddG: D82H     2.503    -1.301     2.155    -3.989    -0.006     0.468    -0.005     0.004     0.194    -1.025     1.199     0.000     0.329     0.143     1.564     0.787     0.005     1.981 

ddG: D82H     2.638    -1.238     2.178    -4.053    -0.007     0.629    -0.002    -0.004     0.143    -1.012     1.189     0.000     0.373     0.071     1.553     0.818     0.019     1.981 

ddG: D82I     2.399     0.106     3.071    -5.374    -0.015    -0.164    -0.016     0.123     0.106     0.329    -2.074     0.000     0.527     0.295     1.727     1.207    -0.001     2.553 

ddG: D82K     2.986     0.555     0.359    -3.832     0.003     1.176     0.011     0.006    -0.029     0.693    -0.015     0.000     0.364    -0.190     2.139     0.529     0.014     1.204 

ddG: D82L     1.773     1.479     1.809    -6.566     0.000     1.998    -0.014    -0.409     0.105    -0.382     1.154     0.000     0.635    -0.329    -1.025     1.024     0.019     2.276 

ddG: D82M     2.010    -0.109     0.496    -4.038    -0.009     1.185     0.011     0.124    -0.008     0.717     0.036     0.000     0.229    -0.168     1.318     0.485     0.000     1.742 

ddG: D82N    -1.997    -0.322     0.771    -3.173     0.009     0.759    -0.001    -0.491     0.050    -1.043     0.505     0.000     0.343    -0.392     0.129     0.425     0.019     0.415 

ddG: D82P     4.870     2.015     1.266    -8.242    -0.005     2.746     0.584     0.802     0.181    -0.422     0.928     0.000     1.272     0.944     1.411     0.080     0.025     1.286 

ddG: D82Q     2.269     1.739     0.841    -3.974    -0.013     0.685    -0.019     0.055     0.077     0.850    -0.345     0.000     0.330     0.235     1.006     0.655     0.015     0.131 

ddG: D82R     0.920    -2.190     0.372    -0.603     0.007    -0.797     0.017     0.089    -0.035     0.701    -1.168     0.000     0.409    -0.371     2.228     0.877     0.013     1.371 

ddG: D82S     0.116     4.060     0.679    -6.811    -0.002     1.811    -0.010    -0.592     0.264    -0.875     0.531     0.000     0.293    -0.137    -1.198     0.323     0.016     1.763 

ddG: D82T     1.580     3.404     1.607    -6.331     0.013     1.030     0.003    -0.626    -0.089    -0.411     0.087     0.000     0.128     0.271     0.693     0.044     0.010     1.749 

ddG: D82V     3.693     1.982     0.879    -6.771     0.000     1.715    -0.011    -0.418     0.201    -0.563     0.993     0.000     0.520    -0.259     1.720     1.237     0.020     2.448 

ddG: D82W     2.532    -2.921     3.344    -3.053    -0.010    -1.080    -0.007     0.188     0.019     0.561    -2.731     0.000     0.185    -0.641     4.914     1.094    -0.001     2.670 

ddG: D82Y     6.390    -1.725     0.678    -4.168     0.063     2.049     0.001     0.084     0.042     0.746     0.715     0.000     0.204     0.417     4.893     0.553     0.128     1.709 

