ddG: description total fa_atr fa_rep fa_sol fa_intra_rep fa_elec pro_close hbond_sr_bb hbond_lr_bb hbond_bb_sc hbond_sc dslf_fa13 rama omega fa_dun p_aa_pp yhh_planarity ref 
ddG: Y34A     5.345    10.972    -0.173    -5.613    -0.016     1.908    -0.008     0.081     0.032     0.031     1.130     0.000     0.134    -0.213    -3.904     0.432    -0.005     0.556 

ddG: Y34C     4.392     3.767    -0.406     1.916    -0.024    -0.494    -0.003     0.059    -0.098     0.023    -0.068     0.000    -0.057    -0.170    -0.445     0.125    -0.004     0.269 

ddG: Y34D     7.679     1.903    -0.425     6.100    -0.022    -0.640    -0.003     0.056    -0.114     0.064    -0.033     0.000     0.270    -0.029     1.696     0.569    -0.005    -1.709 

ddG: Y34E     6.534     8.628    -0.348    -3.096    -0.014     2.634    -0.009    -0.195    -0.125    -0.001     1.533     0.000     0.340     0.188    -1.319     0.353    -0.003    -2.031 

ddG: Y34F     1.375     3.524     0.025    -4.121     0.014     1.994    -0.009     0.108    -0.024     0.005     1.200     0.000    -0.049     0.125    -1.801     0.023     0.000     0.360 

ddG: Y34G     6.328    13.010    -0.274    -5.824    -0.016     1.964    -0.008     0.075    -0.007     0.045     1.130     0.000     0.247    -0.213    -4.122     0.319    -0.008     0.011 

ddG: Y34H     2.788     2.268    -0.274     0.633    -0.021     0.312    -0.005    -0.016    -0.067     0.021     0.003     0.000     0.003    -0.039    -0.305     0.007    -0.003     0.272 

ddG: Y34H     3.305    -0.643    -0.439     3.505    -0.023    -0.246    -0.005     0.041    -0.136     0.026     0.043     0.000    -0.063    -0.137     0.956     0.156    -0.003     0.272 

ddG: Y34I     7.797     4.070     1.716    -1.910     0.006     0.753    -0.016     0.144     0.382     0.258     1.252     0.000    -0.066    -0.059    -0.472     0.862     0.034     0.844 

ddG: Y34K     5.141     6.054    -0.564    -1.983    -0.022     1.778    -0.010    -0.110    -0.144    -0.005     1.616     0.000     0.219     0.178    -1.516     0.156    -0.002    -0.505 

ddG: Y34L     5.243     4.806     0.542    -3.666    -0.009     1.782    -0.013    -0.177    -0.165     0.157     1.560     0.000     0.302     0.041    -1.044     0.562    -0.002     0.567 

ddG: Y34M     4.398     8.901    -0.440    -5.705    -0.022     2.460    -0.012    -0.178    -0.165    -0.015     1.604     0.000     0.320     0.228    -2.795     0.189    -0.003     0.033 

ddG: Y34N     5.491     5.756    -0.523    -1.005    -0.019     1.677    -0.009    -0.121    -0.113    -0.020     1.501     0.000     0.240     0.030    -1.002     0.397    -0.005    -1.294 

ddG: Y34P     7.174    -0.131     2.009     1.050    -0.015     0.781     0.809    -1.096     1.009    -0.033     0.180     0.000     0.317     2.014     0.370     0.318     0.015    -0.423 

ddG: Y34Q     3.939     1.415    -0.437     3.089    -0.026    -0.294    -0.006     0.071    -0.128     0.025     0.048     0.000    -0.040     0.016     1.577     0.209    -0.002    -1.578 

ddG: Y34R     4.393     0.606    -0.241     5.589    -0.011    -0.938    -0.005     0.057    -0.016    -0.815    -0.031     0.000    -0.102    -0.266     0.679     0.229    -0.004    -0.338 

ddG: Y34S     6.342    11.386    -0.414    -5.566    -0.021     2.704    -0.010    -0.193    -0.108    -0.037     1.490     0.000     0.217     0.028    -3.406     0.222    -0.005     0.054 

ddG: Y34T     4.858     2.623    -0.059     3.980    -0.026    -0.514    -0.006     0.040    -0.078     0.154     0.016     0.000    -0.243    -0.303    -0.551    -0.229     0.014     0.040 

ddG: Y34V     5.000     8.541     1.211    -6.299    -0.013     2.274    -0.013    -0.161    -0.061     0.262     1.539     0.000    -0.150     0.020    -3.280     0.351     0.040     0.739 

ddG: Y34W     2.702     3.875    -0.202    -3.952     0.006     2.385    -0.008    -0.207    -0.082    -0.011     1.577     0.000     0.348     0.377    -2.458     0.095     0.000     0.961 

ddG: Y34Y    -0.770     4.248    -0.171    -5.187     0.003     2.447    -0.010    -1.437     0.122    -0.072     1.569     0.000     0.141     0.305    -2.381    -0.347     0.000     0.000 

