ddG: description total fa_atr fa_rep fa_sol fa_intra_rep fa_elec pro_close hbond_sr_bb hbond_lr_bb hbond_bb_sc hbond_sc dslf_fa13 rama omega fa_dun p_aa_pp yhh_planarity ref 
ddG: E139A     2.747     2.745     0.130    -4.511     0.001     3.139    -0.004    -0.161     0.176     0.039     0.814     0.000     0.140     0.452    -2.944     0.133     0.011     2.586 

ddG: E139C     1.772    -0.656     0.086     1.037    -0.013     0.302    -0.001     0.014    -0.026    -0.147    -0.030     0.000    -0.409     0.206    -0.820    -0.073     0.000     2.300 

ddG: E139D     1.663    -1.259     0.385     1.223     0.011     1.652    -0.005    -0.223     0.288     0.040     0.407     0.000    -0.230     0.595    -1.146    -0.408     0.013     0.322 

ddG: E139E     0.072    -1.422     1.842     1.495    -0.019    -1.182    -0.014    -0.150     0.262    -0.221    -2.778     0.000    -0.230     0.539     1.921     0.019     0.009     0.000 

ddG: E139F     1.209    -2.714     0.349     0.665     0.021    -0.164    -0.006     0.094    -0.161    -0.027    -0.578     0.000    -0.379     0.034     1.795    -0.124     0.014     2.391 

ddG: E139G     5.568     3.743    -0.196    -2.661    -0.003     1.693    -0.002     0.374    -0.072     1.072    -0.467     0.000     0.510     0.242    -1.367     0.643     0.018     2.041 

ddG: E139H     3.106     1.304    -2.115    -1.932    -0.007     1.169    -0.001     0.483    -0.111     0.896    -0.383     0.000    -0.540     0.256     2.056    -0.283     0.011     2.303 

ddG: E139H     5.052    -1.879     2.481    -0.486    -0.009     1.072    -0.015     0.078     0.284     1.171    -1.773     0.000    -0.193     0.162     2.239    -0.396     0.012     2.303 

ddG: E139I     0.493     0.150    -1.163    -2.431     0.005     1.822    -0.003     0.003     0.104    -0.184     0.611     0.000    -0.610     0.200    -0.287    -0.614     0.016     2.874 

ddG: E139K     2.269     0.792     0.083    -1.766     0.002     2.356    -0.002     0.064    -0.001    -0.006     0.788     0.000    -0.054     0.074    -1.601     0.015     0.000     1.526 

ddG: E139L     1.596     0.638    -1.282    -2.561    -0.003     1.938    -0.004     0.003     0.080    -0.190     0.624     0.000    -0.349     0.087     0.287    -0.283     0.016     2.598 

ddG: E139M     2.241     0.590     0.905    -1.477    -0.028    -0.043    -0.003     0.527    -0.061     0.699    -2.378     0.000    -0.400     0.500     1.332     0.021    -0.006     2.063 

ddG: E139N     1.624     1.552     0.950    -0.943    -0.019    -0.287    -0.006     0.515    -0.004     0.780    -2.918     0.000    -0.465     0.522     1.359    -0.158     0.008     0.737 

ddG: E139P    15.860     1.256     9.516    -2.813    -0.012     1.250     2.458     0.329    -0.446    -0.092    -2.478     0.000     1.176     3.182     0.612     0.310     0.003     1.608 

ddG: E139Q     2.058     0.471    -0.768    -1.630    -0.006     2.575     0.001     0.205     0.091     1.201    -0.401     0.000    -0.308     0.676    -0.308    -0.200     0.007     0.453 

ddG: E139R     3.151    -1.282     1.881    -0.081    -0.012     1.614    -0.015    -0.107     0.277    -0.221    -2.034     0.000    -0.277     0.592     1.180    -0.065     0.009     1.692 

ddG: E139S     3.177     3.340    -0.837    -2.240    -0.007     1.336     0.005     0.470    -0.056     1.097     0.318     0.000    -0.129     0.363    -2.664     0.101    -0.004     2.085 

ddG: E139T     1.275     0.802     1.949    -1.673    -0.012     0.779    -0.010    -0.088     0.294    -0.374    -1.985     0.000    -0.349     0.624    -0.521    -0.241     0.009     2.070 

ddG: E139V    -0.137     0.963     0.187    -3.124     0.005     1.936    -0.003     0.042     0.014     0.002     0.761     0.000    -0.361     0.129    -2.870    -0.603     0.014     2.769 

ddG: E139W     2.650    -2.844    -0.557    -1.580     0.035     3.702     0.001     0.294    -0.215     1.069     0.285     0.000    -0.376     0.817    -0.590    -0.388     0.006     2.992 

ddG: E139Y     1.743    -2.288    -0.561     1.357     0.016    -0.211     0.003     0.524    -0.243     1.087    -1.013     0.000    -0.564     0.348     1.483    -0.223    -0.002     2.031 

