ddG: description total fa_atr fa_rep fa_sol fa_intra_rep fa_elec pro_close hbond_sr_bb hbond_lr_bb hbond_bb_sc hbond_sc dslf_fa13 rama omega fa_dun p_aa_pp yhh_planarity ref 
ddG: K113A     0.612     2.526     0.161    -0.657    -0.013    -0.399    -0.017     0.585     0.195    -0.767     1.489     0.009    -0.045     0.514    -3.719    -0.311     0.000     1.061 

ddG: K113C     2.058     1.771     0.361    -0.408    -0.009     0.339    -0.001     0.023     0.111    -0.069     1.518    -0.077     0.096     0.617    -2.903    -0.089     0.003     0.774 

ddG: K113D     3.285     0.341     0.700     2.322     0.001    -0.631    -0.002    -0.094     0.129    -0.042     0.053     0.015     0.299     0.464     0.911     0.022     0.003    -1.204 

ddG: K113E     0.295     0.695     0.582     0.446     0.002    -0.729    -0.001    -0.095     0.137     0.113     0.115    -0.066     0.010     0.384     0.352    -0.119    -0.004    -1.526 

ddG: K113F     2.380    -2.255    -0.187     1.154     0.039     0.896    -0.013     0.208    -0.042    -0.105     0.857    -0.088     0.115     0.317     0.420     0.214    -0.014     0.865 

ddG: K113G     0.881     2.907     0.536    -1.198    -0.004    -0.534    -0.001    -0.079     0.126     0.079     0.039    -0.069     0.342     0.352    -2.385     0.252     0.003     0.516 

ddG: K113H     0.593    -0.715     0.321     0.984    -0.008    -0.865    -0.012     0.545     0.199    -0.489     0.039     0.028     0.163     0.293    -0.737     0.085    -0.016     0.777 

ddG: K113H     1.171    -1.336     0.317     1.146     0.011     0.238     0.006    -0.539     0.306     0.140     0.764     0.052    -0.118     0.409    -0.914    -0.102     0.013     0.777 

ddG: K113I     1.314     0.267     0.339     0.454     0.016    -0.646    -0.012     0.532     0.206    -0.342     0.560     0.056     0.129     0.086    -1.907     0.224     0.004     1.348 

ddG: K113K     0.453     1.246    -0.323    -0.556     0.007    -0.014    -0.019     0.176     0.009    -0.113     1.485    -0.059     0.416     0.282    -1.442    -0.638    -0.004     0.000 

ddG: K113L     0.828    -0.221     0.903     0.031     0.003    -0.583     0.000    -0.108     0.115     0.131     0.112    -0.066     0.304     0.390    -1.318     0.061     0.000     1.072 

ddG: K113M     1.685     1.406    -0.147    -0.237    -0.002     0.641     0.008    -0.316     0.316    -0.123     2.165    -0.035    -0.260     0.695    -2.532    -0.432     0.000     0.537 

ddG: K113N     2.201     0.007    -0.870     1.413     0.008     0.454     0.001     0.356    -0.013    -0.641     1.990    -0.044    -0.115     0.311     0.226    -0.098     0.004    -0.789 

ddG: K113P    -1.048     1.507     0.333    -3.687     0.020     1.013     0.039     0.246    -0.197    -0.085     1.093    -0.075     0.382    -0.406    -0.694    -0.569    -0.050     0.082 

ddG: K113Q     1.164    -0.649     0.480     1.332     0.020    -0.121     0.002     0.108     0.110     0.121     0.638    -0.035    -0.029     0.362    -0.042    -0.079     0.019    -1.073 

ddG: K113R     0.273     1.033     0.172     0.337    -0.002    -1.067    -0.018     0.492     0.233    -0.470     0.116     0.022     0.053     0.146    -0.920    -0.012    -0.009     0.167 

ddG: K113S    -0.731     2.407     0.027    -0.341    -0.007    -0.973     0.000     0.115     0.195    -0.473     0.045     0.023    -0.076     0.345    -2.321    -0.237    -0.019     0.559 

ddG: K113T    -0.135     1.789    -0.072     0.036     0.001    -0.770    -0.005     0.205     0.128    -0.717     1.485    -0.075     0.309     0.876    -3.686    -0.194     0.008     0.544 

ddG: K113V     1.639     0.123    -0.468     0.505     0.021     0.050    -0.013     0.760     0.049    -0.665     1.989     0.037    -0.088     0.097    -1.958    -0.044     0.000     1.244 

ddG: K113W     0.315    -2.513     0.515     1.462     0.025     0.127     0.008     0.154     0.125    -0.017     0.556    -0.036    -0.046     0.279    -1.622    -0.184     0.016     1.466 

ddG: K113Y     0.793    -1.670     0.780     0.871     0.028    -0.408     0.001    -0.117     0.142     0.125     0.110     0.015     0.262     0.345    -0.378     0.191    -0.008     0.505 

