ddG: description total fa_atr fa_rep fa_sol fa_intra_rep fa_elec pro_close hbond_sr_bb hbond_lr_bb hbond_bb_sc hbond_sc dslf_fa13 rama omega fa_dun p_aa_pp yhh_planarity ref 
ddG: D85A    -3.005     0.519    -0.127    -3.253    -0.005    -0.427    -0.005     0.152    -0.038    -0.034     0.030     0.000    -0.179    -0.106    -1.579    -0.217     0.000     2.265 

ddG: D85C    -3.031    -1.698     0.184     0.239    -0.006    -2.361    -0.003     0.185     0.002     0.068    -1.548     0.000    -0.064    -0.205     0.176     0.022     0.000     1.978 

ddG: D85D    -0.019    -0.016     0.006    -0.004     0.000    -0.014    -0.002     0.004    -0.008     0.002     0.000     0.000    -0.003     0.002     0.011     0.003     0.000     0.000 

ddG: D85E    -2.046    -4.135     0.037     2.254     0.004    -0.586    -0.004     0.007    -0.036     0.015     0.024     0.000    -0.133     0.040     0.960    -0.171     0.000    -0.322 

ddG: D85F    -5.014    -3.943     0.645    -1.787     0.033    -0.385    -0.009     0.241    -0.016     0.092    -0.345     0.000    -0.160    -0.240    -0.945    -0.266     0.000     2.069 

ddG: D85G    -2.074     2.329     0.125    -2.117    -0.008    -2.213    -0.002     0.212     0.001     0.010    -1.501     0.000     0.026    -0.233    -0.649     0.226     0.000     1.720 

ddG: D85H    -3.925    -3.215     0.362    -1.009     0.007    -0.522    -0.005     0.264     0.022     0.065    -0.367     0.000    -0.205    -0.222    -1.032    -0.050     0.000     1.981 

ddG: D85H    -4.343    -2.457     0.167    -2.386     0.001    -0.194    -0.004    -0.018    -0.035     0.010     0.014     0.000     0.020    -0.018    -1.353    -0.071     0.000     1.981 

ddG: D85I     5.883    -5.497     5.375     0.982     0.036    -1.405     0.038    -0.846     0.010     1.140    -1.287     0.000     0.391     1.062     3.211     0.121     0.000     2.553 

ddG: D85K    -2.192    -0.827     0.623    -1.785     0.009     0.057    -0.009    -0.266     0.027     1.144    -0.340     0.000    -0.097     0.036    -1.740    -0.229     0.000     1.204 

ddG: D85L    -3.782    -3.617     0.618    -1.258     0.007    -0.335    -0.005     0.019    -0.116     0.052     0.069     0.000    -0.005    -0.017    -1.302    -0.169     0.000     2.276 

ddG: D85M    -3.585    -3.791     0.066    -0.698     0.004    -0.501    -0.008     0.042    -0.045     0.008     0.032     0.000    -0.006    -0.033    -0.257    -0.139     0.000     1.742 

ddG: D85N    -2.072    -0.244     0.036    -2.113     0.001    -0.204    -0.004    -0.002    -0.014     0.007     0.003     0.000     0.241    -0.016    -0.373     0.193     0.000     0.415 

ddG: D85P    12.167    -6.648    11.812     1.333    -0.006    -1.659     0.355     1.338    -0.027     1.203    -0.559     0.000     1.550     0.925     1.656    -0.394     0.000     1.286 

ddG: D85Q    -3.075    -2.014     0.364    -0.949     0.010    -0.211    -0.007     0.213     0.016     0.091    -0.343     0.000    -0.170    -0.095     0.009    -0.122     0.000     0.131 

ddG: D85R    -4.172    -9.936     0.229     8.270     0.008    -3.798    -0.008     0.181    -0.012     0.024    -2.695     0.000    -0.231    -0.257     2.801    -0.122     0.000     1.371 

ddG: D85S    -2.123    -3.752     0.038     3.405    -0.007    -3.187    -0.001     0.249     0.008     0.027    -1.537     0.000    -0.236    -0.281     1.203     0.183     0.000     1.763 

ddG: D85T    -2.323     0.879     0.146    -1.546     0.008     0.228    -0.003     0.012    -0.064     0.029    -1.139     0.000     0.074     0.071    -2.843     0.077     0.000     1.749 

ddG: D85V    -0.734    -4.124     2.746     0.402     0.014    -1.739     0.017    -0.630     0.016     1.134    -1.319     0.000     0.194     0.652    -0.676     0.132     0.000     2.448 

ddG: D85W    -5.123    -6.911     0.862    -2.412     0.032     0.373     0.005    -0.905     0.281     1.111    -0.263     0.000    -0.420    -0.432     1.300    -0.413    -0.001     2.670 

ddG: D85Y    -6.190    -6.782     0.474     1.152     0.032    -0.801    -0.007    -0.956     0.153     0.052    -0.322     0.000    -0.277    -0.215     0.173    -0.575     0.000     1.709 

