ddG: description total fa_atr fa_rep fa_sol fa_intra_rep fa_elec pro_close hbond_sr_bb hbond_lr_bb hbond_bb_sc hbond_sc dslf_fa13 rama omega fa_dun p_aa_pp yhh_planarity ref 
ddG: G34A     3.058    -1.551     0.486     1.497    -0.001     0.297    -0.002    -0.207     0.045    -0.043     0.137     0.000     0.754    -0.048    -0.268     1.425    -0.010     0.545 

ddG: G34C     2.954    -2.887     0.489     3.212     0.000     1.632    -0.003    -0.826     0.072    -1.384     0.868     0.000     0.586    -0.080    -0.369     1.376     0.009     0.258 

ddG: G34D     3.020    -2.531     0.161     3.857     0.003     0.277    -0.003    -0.228     0.042     0.047     0.087     0.000     0.402     0.048     1.719     0.852     0.007    -1.720 

ddG: G34E     2.589    -2.364     0.522     2.299     0.007     0.100     0.001    -0.169     0.001    -0.050     0.136     0.000     0.615     0.055     2.258     1.228    -0.007    -2.041 

ddG: G34F     2.668    -5.962     1.000     3.424     0.028     1.962     0.000    -0.724     0.009    -1.477     0.924     0.000     0.563    -0.126     1.459     1.246    -0.009     0.349 

ddG: G34G     0.230    -0.361     0.220     0.327    -0.002     0.081     0.001     0.012     0.018    -0.122     0.054     0.000     0.000     0.032    -0.035     0.002     0.001     0.000 

ddG: G34H     1.850    -3.738     0.582     2.150     0.005     0.160     0.000    -0.164     0.007    -0.053     0.138     0.000     0.318     0.120     1.385     0.687    -0.010     0.261 

ddG: G34H     1.860    -3.738     0.583     2.152     0.005     0.193     0.000    -0.165     0.004    -0.036     0.137     0.000     0.318     0.119     1.350     0.689    -0.013     0.261 

ddG: G34I     5.673    -2.226     0.670     0.600     0.140     0.851     0.000    -0.157     0.005     0.117     0.817     0.000     1.326     0.092     0.451     2.212    -0.056     0.833 

ddG: G34K     1.637    -2.268     0.216     2.199     0.003     0.140    -0.002    -0.273     0.047     0.057     0.087     0.000     0.436    -0.009     0.478     1.033     0.007    -0.516 

ddG: G34L     2.802    -3.580     0.633     2.519     0.010     1.642    -0.001    -0.741     0.010    -1.369     0.871     0.000     0.769    -0.048    -0.128     1.657     0.003     0.556 

ddG: G34M     1.807    -2.145     0.423     1.111     0.007     0.055     0.001    -0.172    -0.005     0.058     0.086     0.000     0.686    -0.066     0.641     1.098     0.007     0.022 

ddG: G34N     1.197    -2.345     0.033     3.105     0.003    -0.274     0.000    -0.315     0.082     0.051     0.088     0.000     0.263     0.116     1.324     0.358     0.012    -1.304 

ddG: G34P   100.508    -5.298    70.796     1.539     0.023     1.340     7.094     0.121     0.282    -1.452     0.925     0.000     2.065     5.868    14.729     2.934    -0.024    -0.434 

ddG: G34Q     2.296    -2.921     0.215     3.237     0.003    -0.148     0.001    -0.325     0.085    -0.041     0.141     0.000     0.597     0.088     2.034     0.924    -0.005    -1.589 

ddG: G34R     2.967    -3.249     0.656     2.999     0.011     1.457    -0.001    -0.758     0.007    -1.370     0.872     0.000     0.444    -0.044     0.973     1.308     0.011    -0.349 

ddG: G34S     3.331    -2.322     0.638     2.549     0.003     1.623    -0.001    -0.748     0.013    -1.381     0.871     0.000     0.706    -0.033    -0.099     1.457     0.012     0.043 

ddG: G34T     5.192    -2.929     0.423     3.643     0.026     1.992    -0.003    -0.809     0.073    -1.368     0.871     0.000     1.321    -0.088     0.030     1.979     0.003     0.029 

ddG: G34V     4.191    -2.136     0.614     0.861     0.068     0.483     0.001    -0.150    -0.015     0.055     0.085     0.000     1.401    -0.070     0.169     2.090     0.008     0.728 

ddG: G34W     3.264    -4.685     0.532     2.821     0.028    -0.013     0.005    -0.201     0.043    -0.058     0.142     0.000     0.739     0.047     1.626     1.290    -0.001     0.950 

ddG: G34Y     1.556    -4.541     0.287     2.723     0.027     0.260    -0.002    -0.250     0.049     0.059     0.087     0.000     0.570    -0.073     1.280     1.088     0.004    -0.011 

