ddG: description total fa_atr fa_rep fa_sol fa_intra_rep fa_elec pro_close hbond_sr_bb hbond_lr_bb hbond_bb_sc hbond_sc dslf_fa13 rama omega fa_dun p_aa_pp yhh_planarity ref 
ddG: R133A    -0.170     7.724     1.640    -8.410    -0.027     1.041    -0.007     0.117     0.025    -0.494    -1.234     0.000     0.117     0.124    -1.510    -0.169    -0.002     0.894 

ddG: R133C     1.493     8.023    -0.158    -7.732    -0.002     2.382     0.001     0.225    -0.317    -0.035     1.585     0.000     0.435    -0.324    -3.493     0.293     0.004     0.607 

ddG: R133D     4.698     6.298    -1.437    -3.441    -0.004     3.029     0.001     0.230    -0.188    -0.334     1.365     0.000     0.113    -0.279     0.569     0.140     0.004    -1.371 

ddG: R133E     4.434     4.861     1.295    -2.274    -0.028     2.109    -0.003     0.493    -0.169     0.601    -2.085     0.000    -0.273     0.442     1.466    -0.297    -0.011    -1.692 

ddG: R133F     3.386     2.423     0.163    -5.345     0.050     3.963     0.001     0.033    -0.172    -0.111     1.556     0.000     0.372     0.143    -0.465     0.077     0.000     0.698 

ddG: R133G     2.137    11.313     0.552    -8.925    -0.039     0.119     0.002     0.765    -0.249     0.569    -1.618     0.000     0.345     0.030    -1.501     0.443    -0.016     0.349 

ddG: R133H     3.142     3.544    -0.040    -5.736     0.006     3.970    -0.003     0.004    -0.136     0.004     1.612     0.000     0.381     0.088    -1.210     0.047     0.000     0.610 

ddG: R133H     4.575     4.615    -2.301    -4.478    -0.008     2.844     0.008     0.634    -0.298     0.672     0.865     0.000     0.009     0.074     1.173     0.154     0.000     0.610 

ddG: R133I     1.865     4.812     2.355    -5.762     0.019     1.140    -0.012     0.083    -0.262    -0.450    -1.600     0.000     0.118     0.270     0.140    -0.160    -0.007     1.182 

ddG: R133K     0.209     4.500     0.146    -4.651    -0.008     1.524     0.006     0.237    -0.136    -0.108     1.537     0.000     0.319    -0.418    -2.581     0.004     0.003    -0.167 

ddG: R133L    -0.667     5.488     0.925    -7.221    -0.024     0.209     0.002     0.725    -0.023     0.694    -1.639     0.000     0.106    -0.067    -0.749     0.016    -0.016     0.905 

ddG: R133M     0.896     4.547     0.000    -6.821    -0.001     3.131     0.003    -0.007     0.077    -0.079     1.568     0.000     0.342    -0.044    -2.052    -0.139     0.000     0.371 

ddG: R133N     1.357     5.935    -0.036    -5.441     0.004     2.354     0.004     0.268    -0.335    -0.141     1.531     0.000     0.566    -0.347    -2.256     0.202     0.003    -0.955 

ddG: R133P    10.298     6.484     6.823    -8.698    -0.004     2.680     0.305     0.476     0.030     1.859     0.486     0.000     0.936     0.365    -0.705    -0.656     0.000    -0.084 

ddG: R133Q     0.170     3.995    -1.500    -4.257    -0.013     1.310     0.003     0.190    -0.048    -0.304     0.677     0.000     0.134    -0.385     1.615    -0.012     0.005    -1.240 

ddG: R133R     0.370     3.158    -0.818    -3.356     0.002     1.515     0.008     0.419    -0.089     1.014     0.279     0.000     0.042     0.175    -1.768    -0.207    -0.005     0.000 

ddG: R133S     1.563     9.515    -0.897    -7.566    -0.022     1.496     0.010     0.731    -0.315     1.113     0.424     0.000     0.232    -0.077    -3.567     0.108    -0.015     0.392 

ddG: R133T    -0.486     7.047     0.148    -6.661     0.000     1.056     0.006     0.296    -0.151    -0.064     0.838     0.000     0.522    -0.424    -3.683     0.218    -0.011     0.378 

ddG: R133V     2.368     5.763    -0.569    -6.895     0.014     3.955     0.004     0.381    -0.057     1.053     1.088     0.000     0.169     0.338    -3.883    -0.066    -0.005     1.077 

ddG: R133W     2.334     1.937     0.241    -4.237     0.029     2.462     0.004     0.261    -0.294    -0.152     1.536     0.000     0.357    -0.255    -0.966     0.122    -0.011     1.299 

ddG: R133Y     2.735     3.158     0.089    -4.946     0.045     2.753     0.002     0.241    -0.354    -0.155     1.524     0.000     0.428    -0.289    -0.317     0.209     0.008     0.338 

