ddG: description total fa_atr fa_rep fa_sol fa_intra_rep fa_elec pro_close hbond_sr_bb hbond_lr_bb hbond_bb_sc hbond_sc dslf_fa13 rama omega fa_dun p_aa_pp yhh_planarity ref 
ddG: K68A    -0.039     3.408    -0.117    -3.359     0.002    -1.519     0.002     0.579    -0.118     1.431    -0.782     0.000     0.271     0.110    -1.016     0.007     0.003     1.061 

ddG: K68C     0.386     1.289    -0.055    -0.883    -0.003    -0.340     0.001    -0.015    -0.001     0.005     0.001     0.000     0.084    -0.001    -0.813     0.347    -0.004     0.774 

ddG: K68D     0.902    -0.108    -0.297     2.121    -0.002    -0.846     0.003     0.000     0.374    -0.002     0.003     0.000     0.212    -0.172     0.910    -0.085    -0.003    -1.204 

ddG: K68E     1.107     0.258    -0.231     0.977     0.000    -0.593     0.004    -0.082     0.042     0.004     0.000     0.000     0.171     0.128     1.730     0.218     0.006    -1.526 

ddG: K68F    -1.874    -1.023    -0.270    -2.282     0.026    -1.873     0.002     0.506     0.041     1.421    -0.781     0.000     0.097     0.088     1.455    -0.145     0.001     0.865 

ddG: K68G     1.196     6.008    -0.655    -4.142    -0.003    -1.450     0.004     0.460     0.362     1.484    -0.046     0.000     0.078    -0.002    -1.195    -0.162    -0.060     0.516 

ddG: K68H    -1.180    -2.978    -0.417     0.532     0.013    -1.866     0.007     0.438     0.339     1.410    -0.785     0.000     0.042     0.017     1.825    -0.529    -0.005     0.777 

ddG: K68H    -0.921    -2.898    -0.401     0.439     0.013    -1.647     0.007     0.465     0.339     1.410    -0.787     0.000     0.041    -0.013     1.841    -0.511     0.003     0.777 

ddG: K68I    -1.842    -0.194     0.292    -1.942     0.028    -2.024    -0.003     0.425    -0.152     1.414    -0.782     0.000    -0.086     0.476    -0.498    -0.147     0.002     1.348 

ddG: K68K    -0.359     1.117    -0.290    -0.666    -0.001    -1.788     0.004     0.500     0.035     1.306    -0.729     0.000     0.124     0.182     0.208    -0.354    -0.008     0.000 

ddG: K68L    -1.462     1.182    -0.286    -2.131     0.005    -2.141     0.002     0.401    -0.082     1.432    -0.782     0.000     0.270     0.335    -0.526    -0.220     0.005     1.072 

ddG: K68M    -0.472    -0.398    -0.196    -0.411     0.000    -0.320     0.004    -0.130     0.362    -0.003     0.001     0.000     0.489    -0.004    -0.258    -0.149     0.000     0.537 

ddG: K68N    -0.237    -0.560    -0.092     0.869    -0.003    -0.494     0.004    -0.050     0.387    -0.120     0.059     0.000     0.290    -0.124     0.451    -0.043    -0.022    -0.789 

ddG: K68P    12.401    -0.412     9.919    -1.622     0.008    -0.212     0.214     0.773     0.429    -0.148     0.079     0.000     0.857     0.858     1.101     0.491    -0.014     0.082 

ddG: K68Q    -0.296    -4.551     1.481     3.859     0.009    -2.804     0.002     0.733    -0.054     1.420    -2.420     0.000     0.208     0.213     2.724    -0.044     0.003    -1.073 

ddG: K68R     0.147     1.348    -0.546    -1.186     0.009    -1.861     0.006     0.534     0.024     1.429    -0.782     0.000     0.253     0.119     0.891    -0.261     0.002     0.167 

ddG: K68S     1.121     3.181    -0.509    -1.959     0.004    -2.018     0.006     0.551     0.343     1.479    -0.052     0.000     0.452    -0.126    -0.730     0.004    -0.064     0.559 

ddG: K68T    -0.319     1.667     0.097    -1.124     0.013    -2.188    -0.003     0.479    -0.169     1.416    -0.782     0.000     0.149     0.340    -0.775     0.014     0.001     0.544 

ddG: K68V    -1.449     0.383     0.318    -1.842     0.021    -1.886     0.000     0.426    -0.048     1.309    -0.730     0.000    -0.082     0.405    -0.877    -0.074    -0.017     1.244 

ddG: K68W     0.227    -4.630     0.471    -0.426     0.044    -0.974     0.001     0.661     0.043     1.482    -0.056     0.000     0.149    -0.039     2.302    -0.201    -0.066     1.466 

ddG: K68Y    -1.649    -0.625    -0.469    -1.846     0.026    -2.145     0.009     0.500     0.369     1.427    -0.784     0.000     0.121     0.123     1.308    -0.179     0.010     0.505 

