ddG: description total fa_atr fa_rep fa_sol fa_intra_rep fa_elec pro_close hbond_sr_bb hbond_lr_bb hbond_bb_sc hbond_sc dslf_fa13 rama omega fa_dun p_aa_pp yhh_planarity ref 
ddG: V95A     3.901    10.827    -1.123    -7.545    -0.013     2.298    -0.009    -0.006    -0.123    -0.033     1.559     0.000     0.473     0.021    -3.265     1.024     0.000    -0.183 

ddG: V95C     3.606    11.134    -0.377    -7.819    -0.009     2.591     0.005    -0.219    -0.226    -0.007     1.559     0.000     0.360     0.316    -3.819     0.589    -0.001    -0.470 

ddG: V95D     6.899     3.544    -0.760     3.924    -0.001     2.916    -0.002    -1.434     0.061    -0.067     1.582     0.000     0.238     0.381    -1.167     0.135    -0.001    -2.448 

ddG: V95E    12.126     1.610     2.624     5.082    -0.006     1.342    -0.002    -0.270    -0.250     0.082     1.605     0.000     0.397     0.523     1.038     1.122    -0.002    -2.769 

ddG: V95F    10.927    -5.658     9.131    -2.785     0.053     2.415    -0.015     0.228    -0.485     0.249     1.609     0.000     0.792     1.525     3.501     0.747    -0.002    -0.379 

ddG: V95G     5.354    13.919    -1.076    -8.079    -0.013     2.299     0.011    -1.435     0.013    -0.047     1.572     0.000     0.971     0.255    -3.229     0.922    -0.001    -0.728 

ddG: V95H     5.436    -7.733     2.753     6.267     0.008    -0.533     0.016     0.159    -0.204     0.160     0.018     0.000     0.076     0.603     3.564     0.749    -0.001    -0.467 

ddG: V95H     5.746    -0.819     2.743    -1.515     0.012     2.336     0.011    -0.092    -0.220     0.148     1.574     0.000     0.359     0.881     0.073     0.723    -0.001    -0.467 

ddG: V95I     2.215     0.904     1.511    -2.860     0.018     2.481    -0.020    -1.155     0.682     0.069     1.298     0.000    -0.083     0.392    -0.605    -0.520    -0.001     0.105 

ddG: V95K     8.930     3.347     0.567    -1.323     0.030     3.334    -0.018     0.249    -0.071     0.021     1.860     0.000     0.372     0.189     0.870     0.746    -0.001    -1.244 

ddG: V95L     3.968     5.079     3.243    -7.461     0.010     2.304     0.009    -0.101    -0.475     0.033     1.236     0.000     0.437     0.618    -1.201     0.410    -0.001    -0.172 

ddG: V95M     8.740    -0.646     5.181     0.414     0.002    -0.521     0.020    -0.328    -0.616     0.074     0.010     0.000     0.338     0.421     4.075     1.023     0.000    -0.706 

ddG: V95N     5.921     3.894    -0.186     0.182     0.010     2.911     0.003     0.216    -0.010     0.081     1.188     0.000     0.038     0.205    -1.318     0.738    -0.001    -2.032 

ddG: V95P     9.184     9.856     5.068    -8.944    -0.005     3.030     0.400     0.832    -0.525     1.139     1.215     0.000     0.601     0.420    -3.099     0.357     0.000    -1.162 

ddG: V95Q    11.272    -0.144     3.417     1.911     0.000     2.595     0.032     0.001     0.344     1.142     1.082     0.000     0.387     1.544     0.859     0.417     0.000    -2.317 

ddG: V95R     9.474    -0.743     1.737     2.889     0.026     1.816    -0.048    -0.305     0.048    -1.081     1.576     0.000     0.329     0.913     2.709     0.684     0.000    -1.077 

ddG: V95S     4.601     5.875    -0.881     0.314    -0.013    -0.571     0.013    -0.002    -0.074     0.019    -0.005     0.000     0.322    -0.099    -0.492     0.883     0.000    -0.685 

ddG: V95T     1.317    10.049    -0.523    -6.832     0.000     2.138     0.016    -0.273    -0.329    -1.084     1.551     0.000     0.494     0.282    -4.043     0.572     0.000    -0.699 

ddG: V95V     0.709     6.160     0.164    -6.422     0.010     2.528    -0.003     0.032     0.023     0.028     1.182     0.000     0.059     0.102    -3.153     0.001     0.000     0.000 

ddG: V95W    14.817    -9.354     8.550     3.219     0.019     2.224    -0.026     0.483     0.291     1.217     0.388     0.000     0.657     3.797     2.726     0.402     0.001     0.222 

ddG: V95Y    12.815   -11.475     9.557     6.066     0.053     0.085    -0.013     0.346    -0.438     0.287     0.034     0.000     0.655     1.427     6.204     0.769    -0.002    -0.739 

