ddG: description total fa_atr fa_rep fa_sol fa_intra_rep fa_elec pro_close hbond_sr_bb hbond_lr_bb hbond_bb_sc hbond_sc dslf_fa13 rama omega fa_dun p_aa_pp yhh_planarity ref 
ddG: S98A    -0.457     0.846    -0.576    -3.442     0.002     0.285    -0.011    -0.474     0.166     0.255     0.263     0.000    -0.119    -0.294     2.266    -0.146     0.018     0.502 

ddG: S98C     0.711    -1.143     1.198    -2.341     0.013     1.816    -0.007    -0.236     0.274     0.472     0.433     0.000     0.164     0.000    -0.098    -0.063     0.015     0.215 

ddG: S98D     4.032    -1.880     1.863     2.964    -0.017    -0.882    -0.003     0.639     0.051     1.237    -2.778     0.000    -0.086     0.088     4.599     0.001    -0.002    -1.763 

ddG: S98E     2.181    -1.882    -0.015     0.526     0.007     0.308    -0.004    -0.048     0.172     0.134     0.239     0.000     0.054    -0.120     5.014    -0.138     0.019    -2.085 

ddG: S98F     0.132    -5.818     2.759    -0.732     0.012    -0.075    -0.003     0.151     0.209     1.145    -2.824     0.000    -0.043     0.400     4.643    -0.006     0.007     0.306 

ddG: S98G     2.917     1.507     0.433    -1.902     0.009     0.232    -0.009    -0.021     0.027     1.623    -0.785     0.000     0.403    -0.246     1.288     0.381     0.020    -0.043 

ddG: S98H     0.215    -5.658     1.355    -0.784     0.011     2.009    -0.004    -0.363     0.277     0.598     0.494     0.000     0.229    -0.044     2.044    -0.181     0.014     0.218 

ddG: S98H     0.896    -5.538     0.008     1.223    -0.001     0.501    -0.001    -0.182     0.153     0.206     0.290     0.000     0.038    -0.359     4.327    -0.005     0.018     0.218 

ddG: S98I     2.168    -2.199     1.284    -2.419     0.049     0.314    -0.006    -0.258     0.064     0.361     0.423     0.000     0.600    -0.092     3.104     0.131     0.019     0.789 

ddG: S98K     0.661    -2.632     1.525    -1.752     0.020     1.698    -0.005    -0.132     0.275     0.433     0.436     0.000     0.212     0.243     1.139    -0.254     0.014    -0.559 

ddG: S98L     3.194    -1.938     2.017    -3.912     0.033     2.334    -0.009    -0.760     0.137     0.920     0.524     0.000     0.679     0.042     2.988    -0.391     0.018     0.513 

ddG: S98M    -0.970    -2.053     1.385    -2.405     0.013     0.543    -0.003     0.036     0.081     0.402     0.400     0.000     0.327    -0.180     0.551    -0.063     0.018    -0.022 

ddG: S98N     1.164    -3.049     2.074     0.817    -0.013    -0.770    -0.012     0.161     0.219     1.269    -2.852     0.000    -0.102     0.347     4.472    -0.059     0.008    -1.348 

ddG: S98P     6.133    -1.859     4.698    -2.512    -0.003     0.350     0.059     0.818     0.084     1.161    -0.228     0.000     0.350     0.969     2.462     0.251     0.011    -0.477 

ddG: S98Q     1.295    -2.050    -0.450    -0.572     0.017     0.560    -0.003     0.034    -0.005     1.468    -0.022     0.000    -0.024     0.104     4.076    -0.208     0.000    -1.632 

ddG: S98R     2.782    -2.555     2.412     0.150    -0.002    -0.205    -0.005     0.382     0.232     1.051    -2.887     0.000    -0.124     0.715     4.190    -0.184     0.006    -0.392 

ddG: S98S    -0.294     0.624    -0.037    -1.266     0.003     0.133    -0.003     0.021     0.003    -0.006    -0.026     0.000     0.009    -0.034     0.275     0.011    -0.001     0.000 

ddG: S98T     0.418    -3.346     0.619     2.687     0.019    -1.556    -0.012    -0.485     0.036    -1.255    -0.372     0.000     0.082    -0.039     3.695     0.340     0.019    -0.015 

ddG: S98V     2.209    -1.429    -0.184    -2.288     0.029     0.121    -0.007    -0.330     0.184     0.056     0.263     0.000     0.348    -0.065     4.666     0.139     0.021     0.685 

ddG: S98W    -0.554    -6.353     2.390     1.195     0.002    -1.613    -0.003     0.380     0.046     1.241    -2.741     0.000    -0.112     0.037     4.078    -0.008    -0.001     0.907 

ddG: S98Y     0.125    -5.342     0.844     0.100     0.024     0.575     0.006     0.270    -0.007     1.484    -0.015     0.000     0.209    -0.069     2.074     0.024    -0.001    -0.054 

