ddG: description total fa_atr fa_rep fa_sol fa_intra_rep fa_elec pro_close hbond_sr_bb hbond_lr_bb hbond_bb_sc hbond_sc dslf_fa13 rama omega fa_dun p_aa_pp yhh_planarity ref 
ddG: S73A    -0.010     0.584     0.333    -2.959    -0.004     1.226     0.005     0.064    -0.005    -0.113     0.057     0.000     0.074     0.006    -0.144     0.379    -0.016     0.502 

ddG: S73C     1.100    -1.304     0.460    -0.050     0.003     0.611     0.004    -0.071     0.128    -0.116     0.057     0.000     0.450     0.155     0.546     0.018    -0.006     0.215 

ddG: S73D     6.307    -5.839     2.395     8.117     0.052     2.504    -0.009    -0.525     0.168    -1.687     0.790     0.000     0.546    -0.018     1.539     0.026     0.012    -1.763 

ddG: S73E    11.412   -10.278     5.073    10.832     0.045    -0.140     0.028    -0.369     0.380     0.068     0.437     0.000     0.219    -0.089     6.289     0.987     0.014    -2.085 

ddG: S73F    25.104   -14.096    22.537    -0.473     0.188     0.927     0.068     0.182     0.410     0.333    -0.063     0.000     1.466     3.724     8.576     1.033    -0.013     0.306 

ddG: S73G     2.392     4.604    -0.047    -3.751    -0.001     1.296     0.003     0.069     0.002     0.008     0.003     0.000     0.280    -0.052    -0.235     0.248     0.008    -0.043 

ddG: S73H    16.342   -13.104    10.273     5.223     0.039     2.868     0.002    -0.337    -0.398    -1.557     1.605     0.000     1.029     2.822     6.665     1.042    -0.046     0.218 

ddG: S73H    16.607   -12.219    12.275     4.927     0.028     2.839    -0.038    -0.534    -0.484    -1.371     0.756     0.000     0.880     5.514     2.890     0.913     0.012     0.218 

ddG: S73I     4.917    -7.754     6.682    -1.291     0.036     2.396     0.021    -0.832     0.489    -0.334     1.030     0.000     0.305    -0.002     2.111     1.260     0.009     0.789 

ddG: S73K    17.661    -7.728     6.933    10.071     0.037     0.751    -0.012    -0.227     0.405     1.135     0.217     0.000     0.673    -0.235     5.457     0.737     0.004    -0.559 

ddG: S73L    12.224    -4.634     8.405    -3.072     0.657     1.069     0.001     0.361     0.388     0.120    -0.091     0.000     0.357     0.751     6.912     0.476     0.012     0.513 

ddG: S73M     8.509    -7.440     7.175     1.379     0.010     1.905    -0.005    -0.817     0.561    -0.282     1.007     0.000     0.948    -0.232     3.606     0.705     0.010    -0.022 

ddG: S73N     5.640    -6.313     2.931     4.930     0.018     3.148    -0.008    -0.484     0.263    -1.396     0.790     0.000     0.518     0.011     2.246     0.320     0.014    -1.348 

ddG: S73P    14.021    -1.970     9.139    -3.307     0.004     0.604     2.656     0.913    -0.161    -0.699    -0.002     0.000     1.468     2.525     2.706     0.618     0.005    -0.477 

ddG: S73Q     9.203   -10.206     6.050     7.140     0.004     2.181     0.005    -0.970     0.594    -0.415     1.101     0.000    -0.063    -0.412     4.837     1.010    -0.022    -1.632 

ddG: S73R    20.440   -15.247     8.787    15.465     0.201     1.133    -0.031    -0.012     0.519     1.232    -0.613     0.000     0.622     0.328     7.947     0.495     0.005    -0.392 

ddG: S73S    -0.215     0.279     0.161    -0.939     0.004     0.011     0.002     0.110    -0.077     0.000     0.000     0.000    -0.009    -0.041     0.246     0.028     0.008     0.000 

ddG: S73T     7.273    -2.723     4.037     0.936     0.022     1.745    -0.047    -0.643    -0.299    -0.960     0.773     0.000     0.167     1.891     2.259     0.121     0.011    -0.015 

ddG: S73V     7.209    -2.555     4.103    -2.673     0.034     0.611    -0.047    -0.043    -0.201     0.419    -0.008     0.000     1.213     2.587     2.353     0.721     0.011     0.685 

ddG: S73W    24.006   -22.825    16.699     5.735     0.198     0.882    -0.024     0.141     0.705     1.026     0.152     0.000     1.034     5.020    13.051     1.301     0.007     0.907 

ddG: S73Y    25.594   -16.343    22.438     3.460     0.190     0.544     0.075     0.053     0.274    -0.903     0.618     0.000     1.692     3.679     8.584     0.793     0.494    -0.054 

