ddG: description total fa_atr fa_rep fa_sol fa_intra_rep fa_elec pro_close hbond_sr_bb hbond_lr_bb hbond_bb_sc hbond_sc dslf_fa13 rama omega fa_dun p_aa_pp yhh_planarity ref 
ddG: N67A     0.971     3.720    -0.497    -3.347    -0.008     0.033    -0.041     0.821    -0.111    -0.304    -0.197     0.100     0.378     0.107    -2.040     0.502     0.007     1.849 

ddG: N67C     0.035     1.711    -0.119    -1.780    -0.005    -0.115    -0.041     0.603    -0.110    -0.184    -0.113     0.091     0.113    -0.057    -1.682     0.139     0.022     1.563 

ddG: N67D     0.494    -0.311     0.455     2.279    -0.009    -1.378     0.003     0.545    -0.155    -0.528    -0.731    -0.022     0.282     0.175     0.192     0.095     0.016    -0.415 

ddG: N67E    -0.723     0.444    -0.174    -0.111    -0.008    -0.663    -0.033     0.670    -0.125    -0.299    -0.718    -0.031     0.205    -0.087     0.635     0.318    -0.008    -0.737 

ddG: N67F     0.138     0.627    -0.392    -2.091     0.015     0.183    -0.048     1.226    -0.095    -0.286    -0.211     0.003     0.035    -0.367    -0.219     0.114    -0.009     1.654 

ddG: N67G     2.259     4.837    -0.099    -3.845    -0.013     0.010    -0.047     0.600    -0.153    -0.096    -0.559    -0.030     1.015    -0.060    -1.658     1.065    -0.012     1.304 

ddG: N67H     0.863     1.076     0.003    -2.044    -0.006    -0.336    -0.030     0.544    -0.078    -0.119    -0.568     0.052     0.279    -0.144     0.491     0.189    -0.008     1.566 

ddG: N67H     1.404     0.789    -0.173    -1.600    -0.010     0.270    -0.026     0.709    -0.124    -0.121    -0.052     0.005     0.150    -0.221     0.100     0.147    -0.006     1.566 

ddG: N67I    -1.549     1.483    -0.061    -2.886    -0.001    -0.230    -0.020     0.686    -0.092    -0.291    -0.728     0.054     0.109    -0.020    -1.295    -0.377    -0.018     2.137 

ddG: N67K    -0.348     0.286    -0.235    -1.199    -0.006     0.307    -0.022     0.780    -0.101    -0.301    -0.199     0.095     0.191     0.037    -0.949     0.167     0.011     0.789 

ddG: N67L    -2.505    -1.007    -0.354    -2.326     0.009     0.152    -0.028     0.573    -0.305    -0.282    -0.746    -0.042     0.173    -0.423     0.126     0.128    -0.013     1.861 

ddG: N67M     0.016     0.255     0.009    -1.778    -0.006     0.377    -0.046     0.665    -0.157    -0.169    -0.115     0.011     0.203     0.055    -0.834     0.204     0.016     1.326 

ddG: N67N    -0.323    -0.048    -0.410    -0.350     0.000    -0.429    -0.004     0.627    -0.297    -0.261    -0.765    -0.046     0.160    -0.353     1.609     0.261    -0.018     0.000 

ddG: N67P     2.619     1.845     1.474    -3.405    -0.009    -0.100     0.662     0.788    -0.178    -0.297    -0.674     0.051     0.449     1.490    -0.382     0.052    -0.018     0.871 

ddG: N67Q    -0.290    -0.779    -0.036    -1.520     0.019     0.182    -0.056     0.528    -0.297     0.213    -0.688    -0.023     0.859    -0.513     2.075     0.034    -0.003    -0.284 

ddG: N67R    -0.048    -1.751    -0.078     0.833     0.006     0.082    -0.038     0.631    -0.142    -0.170    -0.118     0.003     0.174    -0.086    -0.577     0.217     0.009     0.955 

ddG: N67S     1.647     1.699    -0.866    -1.033    -0.003     0.091    -0.060     1.283    -0.273    -0.213    -0.162     0.076     0.143    -0.596    -0.267     0.488    -0.008     1.348 

ddG: N67T    -0.102     0.808    -0.606    -1.536     0.007     0.819    -0.036     0.687    -0.311    -0.216    -0.160    -0.012     0.113    -0.490    -0.736     0.228     0.005     1.333 

ddG: N67V    -1.608     1.115     0.171    -2.660    -0.004     0.023    -0.032     0.499    -0.133    -0.128    -0.565    -0.033     0.045    -0.151    -1.604    -0.175    -0.009     2.032 

ddG: N67W     0.587    -1.116    -0.721    -1.200     0.017     0.515    -0.068     1.141    -0.308    -0.204    -0.683    -0.042     0.080    -0.513     1.171     0.282    -0.018     2.255 

ddG: N67Y     0.005    -0.117     0.258    -1.758     0.016    -0.213    -0.046     0.895    -0.077    -0.222    -0.638     0.046     0.348    -0.198     0.260     0.166    -0.008     1.294 

