ddG: description total fa_atr fa_rep fa_sol fa_intra_rep fa_elec pro_close hbond_sr_bb hbond_lr_bb hbond_bb_sc hbond_sc dslf_fa13 rama omega fa_dun p_aa_pp yhh_planarity ref 
ddG: R69A    -0.463    13.590    -1.007   -14.325    -0.010     2.002     0.002    -0.021     0.486     0.421     0.175     0.003     0.119    -1.011    -1.627    -0.093    -0.061     0.894 

ddG: R69C    -0.555    11.662    -0.897   -12.417    -0.014     1.433     0.001     0.003    -0.158     0.510     0.077     0.003     0.272    -0.513    -1.223     0.116    -0.015     0.607 

ddG: R69D     5.125     7.646    -0.817    -4.409    -0.014     2.214     0.001    -0.032    -0.203     0.510     0.195     0.002     0.439    -0.633     1.015     0.636    -0.055    -1.371 

ddG: R69E     3.748     5.120    -0.001    -2.006    -0.002     0.888     0.007    -0.068    -0.301     0.510    -0.917     0.002     0.372    -0.295     1.941     0.119     0.072    -1.692 

ddG: R69F    -8.433    -4.325     0.457    -6.378     0.028     0.657     0.018    -0.093    -0.376    -0.201    -0.158     0.003     0.473    -0.461     1.313    -0.077    -0.012     0.698 

ddG: R69G     2.088    17.425    -1.489   -15.571    -0.008     2.155    -0.004     0.077     0.211     0.553    -0.042     0.002     0.300    -0.633    -1.510     0.334    -0.061     0.349 

ddG: R69H    -5.584    -2.468     0.060    -3.480     0.000     0.029     0.014    -0.011    -0.241    -0.295    -0.645     0.004     0.461    -0.379     0.680     0.044     0.034     0.610 

ddG: R69H    -4.272    -1.273     0.187    -3.860     0.005     0.458     0.006    -0.049    -0.324    -0.269    -0.254     0.006     0.515    -0.480     0.246     0.030     0.172     0.610 

ddG: R69I     0.691     6.377     2.532   -12.830     0.035     1.740     0.004    -0.010    -0.002     0.861     0.468     0.006     0.383    -0.731     0.608    -0.083     0.153     1.182 

ddG: R69K    -0.423     5.591    -0.422    -5.207    -0.010     0.188    -0.001     0.011    -0.178     0.635    -1.308     0.003     0.212    -0.151     0.337     0.030     0.014    -0.167 

ddG: R69L    -0.846     3.533     1.429    -5.165     0.001    -0.647    -0.028    -0.012    -0.398     0.805    -1.406     0.004     0.406    -0.212     0.206     0.107    -0.373     0.905 

ddG: R69M    -2.726     1.951    -0.245    -6.837    -0.003     0.277     0.008     0.012    -0.202    -0.224    -0.022     0.003     0.392    -0.189     1.923     0.060     0.001     0.371 

ddG: R69N    -0.614     6.767    -0.820    -7.610    -0.012     0.997     0.005     0.012    -0.024     0.474     0.042     0.003     0.353    -0.618     0.286     0.505    -0.018    -0.955 

ddG: R69P    10.776    12.249     5.155   -15.384    -0.001     2.928     0.804     0.146     2.521     1.928     0.611     0.005     1.520     0.499    -1.914    -0.427     0.221    -0.084 

ddG: R69Q    -1.718     4.729    -0.150    -6.500    -0.007     1.663    -0.001    -0.025    -0.207     0.461    -1.332     0.003     0.227    -0.358     0.982     0.139    -0.102    -1.240 

ddG: R69R    -0.086     0.437    -0.131    -0.330     0.000    -0.042    -0.001    -0.011     0.018    -0.029     0.037     0.001     0.003    -0.026    -0.013    -0.009     0.009     0.000 

ddG: R69S     1.306    13.959    -1.094   -12.295    -0.008     1.959    -0.009     0.091    -0.252     0.578    -1.191     0.004     0.021    -0.313    -0.424    -0.186     0.071     0.392 

ddG: R69T    -0.267    10.562    -0.411   -10.493    -0.009     1.439    -0.002     0.012    -0.115     0.558     0.152     0.002     0.076    -0.645    -1.570    -0.223     0.022     0.378 

ddG: R69V    -2.000     8.903     1.087   -13.079     0.000     1.676    -0.007    -0.003     0.063     0.662     0.304     0.004     0.263    -1.024    -1.833    -0.163     0.071     1.077 

ddG: R69W    -8.650   -10.222     1.108    -0.594     0.022    -0.270    -0.002    -0.044    -0.471    -0.057    -0.395     0.004     0.572     0.379     0.086    -0.118     0.054     1.299 

ddG: R69Y    -7.021    -0.627     0.272    -8.547     0.015     1.338     0.017    -0.083    -0.392     0.663    -0.082     0.001     0.197    -0.470     0.441    -0.071    -0.033     0.338 

