ddG: description total fa_atr fa_rep fa_sol fa_intra_rep fa_elec pro_close hbond_sr_bb hbond_lr_bb hbond_bb_sc hbond_sc dslf_fa13 rama omega fa_dun p_aa_pp yhh_planarity ref 
ddG: R100A     1.161    10.944     2.040   -10.477    -0.032     0.404     0.001     0.631    -0.144     2.050    -2.444     0.000    -0.075     0.297    -2.842    -0.079    -0.008     0.894 

ddG: R100C     1.009     9.577     3.042    -9.870    -0.027    -0.137    -0.005     0.095    -0.071     0.936    -1.983     0.000     0.419    -0.056    -1.897     0.381    -0.003     0.607 

ddG: R100D     4.134     8.447     1.123    -6.405    -0.005     2.459     0.003     0.077    -0.126     1.343     0.713     0.000     0.383    -0.197    -2.464     0.155    -0.001    -1.371 

ddG: R100E     1.787     7.967     1.283    -6.922    -0.006     2.001     0.003     0.045    -0.124     1.337     0.751     0.000     0.285    -0.128    -2.968    -0.030    -0.015    -1.692 

ddG: R100F    -1.867     3.608     0.801    -9.040     0.011     2.442     0.009     0.472    -0.196     2.468     0.293     0.000     0.206     0.159    -3.797     0.005    -0.006     0.698 

ddG: R100G     3.569    13.617     0.244   -11.479    -0.014     2.331     0.010     0.550    -0.195     2.435     0.251     0.000     0.419     0.183    -5.402     0.290    -0.020     0.349 

ddG: R100H    -1.289     5.031     1.369    -8.949    -0.003     1.944     0.002     0.005    -0.064     1.363     0.736     0.000     0.367    -0.155    -3.673     0.142    -0.016     0.610 

ddG: R100H    -1.219     5.031     1.372    -8.928    -0.004     2.016     0.002    -0.004    -0.059     1.358     0.733     0.000     0.366    -0.148    -3.694     0.144    -0.015     0.610 

ddG: R100I     2.182     6.647     3.804    -9.786    -0.010     1.713     0.002     0.548     0.139     2.002    -2.607     0.000     0.051     0.654    -2.106    -0.037    -0.013     1.182 

ddG: R100K     0.200     8.344     1.232    -9.260    -0.003     2.041     0.005     0.065    -0.121     1.347     0.721     0.000     0.307    -0.207    -4.147     0.060    -0.016    -0.167 

ddG: R100L    -0.256     7.353     0.151    -9.698    -0.008     2.135     0.002     0.012    -0.056     1.170     0.582     0.000     0.093    -0.083    -2.807    -0.006     0.000     0.905 

ddG: R100M    -0.187     6.539     1.354   -10.511    -0.003     2.382    -0.001     0.037    -0.033     1.348     0.741     0.000     0.331    -0.075    -2.643    -0.021    -0.002     0.371 

ddG: R100N     2.054     8.206     2.068    -7.797    -0.029     0.117     0.002     0.574    -0.140     2.042    -2.433     0.000     0.215     0.276    -0.463     0.392    -0.021    -0.955 

ddG: R100P     9.765     9.136     6.077   -12.829    -0.014     3.104     0.214     3.133    -0.117     2.281     0.253     0.000     1.316     2.366    -5.042    -0.013    -0.017    -0.084 

ddG: R100Q     1.393     8.302    -0.164    -9.347    -0.009     2.159    -0.001     0.012    -0.027     1.116     0.494     0.000     0.123    -0.138     0.043     0.073    -0.002    -1.240 

ddG: R100R     0.554    -0.270     0.536     1.281    -0.002     0.381     0.009     0.465    -0.188     1.288    -0.267     0.000     0.088     0.247    -2.903    -0.106    -0.006     0.000 

ddG: R100S     2.167    10.756     2.073    -9.196    -0.032    -0.251     0.002     0.579    -0.139     2.045    -2.436     0.000     0.078     0.291    -2.283     0.308    -0.021     0.392 

ddG: R100T     1.136     8.893     3.295    -8.317    -0.017    -0.299    -0.004     0.204    -0.024     0.899    -1.972     0.000     0.344    -0.118    -2.452     0.342    -0.017     0.378 

ddG: R100V     1.896     7.883     2.698    -9.933     0.008     2.203     0.004     0.242    -0.050     1.279     0.762     0.000     0.578    -0.230    -4.662     0.039     0.000     1.077 

ddG: R100W    -3.270     1.293     2.319    -9.622     0.020     3.367    -0.008    -0.202    -0.239     1.550     0.403     0.000     0.202     0.318    -3.601    -0.360    -0.010     1.299 

ddG: R100Y    -3.857     3.230     1.628   -10.012     0.018     1.840     0.003     0.058    -0.110     1.362     0.725     0.000     0.371    -0.170    -3.245     0.124    -0.016     0.338 

