ddG: description total fa_atr fa_rep fa_sol fa_intra_rep fa_elec pro_close hbond_sr_bb hbond_lr_bb hbond_bb_sc hbond_sc dslf_fa13 rama omega fa_dun p_aa_pp yhh_planarity ref 
ddG: P14A     0.919     3.797    -0.303    -1.118    -0.006    -0.587    -0.134    -0.765     0.320     0.120    -0.273    -0.021    -0.293     0.127    -1.005     0.100    -0.019     0.979 

ddG: P14C     2.038     2.746    -0.210    -0.046    -0.012    -0.426    -0.138    -0.174     0.173     0.105    -0.406    -0.023     0.064     0.082    -0.847     0.480    -0.022     0.692 

ddG: P14D     5.290     1.586    -0.660     2.608     0.002     0.785    -0.145    -0.003     0.092     0.446    -0.456     0.062     0.549    -0.069     1.743     0.068    -0.032    -1.286 

ddG: P14E     3.225     0.976    -0.409     1.498     0.019     0.353    -0.145    -0.614     0.187     0.592    -0.251    -0.018     0.156    -0.239     3.143    -0.387    -0.029    -1.608 

ddG: P14F     2.366     1.076    -0.032    -0.214     0.021    -0.658    -0.138    -0.221     0.170     0.089    -0.405    -0.022     0.187     0.044     0.970     0.732    -0.017     0.783 

ddG: P14G     3.087     4.083    -1.053    -0.943     0.008     0.356    -0.128     0.096     0.012    -0.008     0.114    -0.003     0.002    -0.276    -0.203     0.606    -0.008     0.434 

ddG: P14H     0.640     2.105    -0.586     0.184    -0.006    -1.667    -0.139    -0.014     0.173    -0.552    -0.439    -0.021     0.090     0.216     0.228     0.395    -0.024     0.695 

ddG: P14H     1.341     2.508    -0.988     0.036    -0.011    -0.793    -0.135     0.053     0.200    -0.618     0.994    -0.017    -0.088     0.380    -1.022     0.167    -0.021     0.695 

ddG: P14I     3.529     5.133    -1.170    -3.549     0.042     0.869    -0.102    -0.012     0.063    -0.018     0.279    -0.010     0.646    -0.363     0.256     0.220    -0.022     1.266 

ddG: P14K     1.650     3.003    -0.266    -0.415    -0.006    -0.336    -0.134    -0.769     0.333     0.126    -0.274    -0.023    -0.220     0.154     0.411     0.172    -0.024    -0.082 

ddG: P14L     3.058     2.844    -0.564    -1.631     0.002     1.924    -0.095    -0.709     0.364     0.076     0.916     0.095    -0.025     0.174    -1.400     0.111    -0.014     0.990 

ddG: P14M     2.428     2.932    -1.101    -1.278     0.005     1.475    -0.101     0.345     0.046    -0.737     0.171    -0.032     0.151    -0.380     0.090     0.409    -0.022     0.455 

ddG: P14N     2.146     3.885    -0.879    -0.351    -0.001     1.020    -0.086    -0.152     0.207    -0.518    -0.329    -0.011     0.164     0.169    -0.463     0.372    -0.009    -0.871 

ddG: P14P    -0.219     1.243    -0.242    -0.918    -0.007     0.057     0.003    -0.042     0.046     0.070    -0.512    -0.035     0.012    -0.182     0.246     0.068    -0.027     0.000 

ddG: P14Q     2.470     0.307    -1.261     1.824     0.006     0.854    -0.131    -0.414     0.189    -0.111     1.605     0.084    -0.514     0.076     1.211    -0.104     0.004    -1.155 

ddG: P14R     2.599     1.547    -0.050     1.083    -0.004    -0.869    -0.136    -0.041     0.160     0.113    -0.414    -0.025    -0.023     0.153     0.787     0.262    -0.027     0.084 

ddG: P14S     1.820     4.404    -0.747    -0.648    -0.015    -0.583    -0.130     0.115     0.229     0.007     0.115     0.098    -0.305     0.054    -1.300     0.053    -0.006     0.477 

ddG: P14T     1.367     3.313    -0.477    -0.256    -0.014    -0.937    -0.131     0.102     0.188    -0.026    -0.481    -0.023    -0.024     0.283    -1.027     0.441    -0.026     0.462 

ddG: P14V     1.680     2.021    -0.202    -0.320     0.002    -0.824    -0.137    -0.197     0.208     0.088    -0.403     0.061     0.149     0.079    -0.615     0.623    -0.015     1.162 

ddG: P14W     2.116     0.023    -0.378     0.776     0.023     0.290    -0.134    -0.070     0.161    -0.110     1.514     0.004    -0.114     0.304    -1.561    -0.002     0.007     1.384 

ddG: P14Y     2.205     0.700    -0.182     0.316     0.026    -0.349    -0.139    -0.115     0.175     0.085     0.125     0.012     0.043     0.066     0.436     0.570     0.014     0.423 

