ddG: description total fa_atr fa_rep fa_sol fa_intra_rep fa_elec pro_close hbond_sr_bb hbond_lr_bb hbond_bb_sc hbond_sc dslf_fa13 rama omega fa_dun p_aa_pp yhh_planarity ref 
ddG: D67A     1.421     5.565     0.154    -6.411    -0.013     0.991     0.001     1.586    -0.330     0.409    -0.384     0.000    -0.191    -0.265    -2.760     0.803     0.001     2.265 

ddG: D67C    -0.120    -1.899     0.004     1.251    -0.021    -1.903     0.005     1.526    -0.294     0.349    -1.573     0.000    -0.531    -0.392     0.884     0.495     0.000     1.978 

ddG: D67D     1.015     2.684     0.171    -2.625     0.001     0.396    -0.001     1.204    -0.160     0.043    -0.036     0.000     0.127    -0.039    -1.088     0.340     0.000     0.000 

ddG: D67E     1.201     0.249    -0.099    -1.210    -0.012     0.313    -0.001     1.373    -0.351     0.340    -0.003     0.000    -0.216    -0.167     0.675     0.628     0.004    -0.322 

ddG: D67F    -0.880     0.371     0.746    -5.701     0.009     1.437    -0.005     1.344    -0.542     0.305     0.012     0.000    -0.228    -0.013    -0.954     0.274    -0.003     2.069 

ddG: D67G     1.588     5.497    -0.252    -5.395    -0.020     0.818     0.002     0.082    -0.310     0.366     0.059     0.000     0.371    -0.037    -2.082     0.765     0.002     1.720 

ddG: D67H     0.789     0.211     0.341    -3.390    -0.010     1.219     0.004     1.556    -0.407     0.448    -0.345     0.000    -0.338    -0.243    -0.802     0.563    -0.001     1.981 

ddG: D67H     0.418     0.993     0.150    -4.771    -0.016     1.614     0.003     1.283    -0.462     0.393     0.031     0.000    -0.112    -0.061    -1.150     0.542    -0.002     1.981 

ddG: D67I    -1.412    -4.206     0.052     1.427    -0.001    -1.543     0.006     1.512    -0.267     0.348    -1.569     0.000    -0.685    -0.411     1.282     0.087     0.002     2.553 

ddG: D67K    -0.364     0.101     0.053    -1.684    -0.009     0.511     0.000     0.353    -0.133     0.473    -0.243     0.000    -0.485    -0.271    -0.540     0.308     0.000     1.204 

ddG: D67L    -1.033    -0.010     0.327    -2.389    -0.012    -0.230     0.005     1.444    -0.519     0.491    -1.277     0.000    -0.305    -0.274    -0.832     0.273     0.001     2.276 

ddG: D67M     0.610     0.851    -0.007    -3.594    -0.013     0.666     0.000     1.371    -0.347     0.320     0.002     0.000    -0.268    -0.151    -0.490     0.527     0.001     1.742 

ddG: D67N    -0.124    -3.907     0.275     3.167    -0.007    -2.204     0.010     1.436    -0.398     0.128    -1.579     0.000    -0.020    -0.268     2.407     0.421     0.000     0.415 

ddG: D67P    10.987     6.095     4.549    -8.453     0.035     1.861     1.572     1.857     0.412     1.675    -0.029     0.000     0.094     0.234    -0.418     0.213     0.004     1.286 

ddG: D67Q    -0.339     3.157     0.034    -5.196    -0.013     1.079     0.000     1.325    -0.419    -0.182    -0.009     0.000    -0.174    -0.083    -0.568     0.579     0.000     0.131 

ddG: D67R    -0.418    -4.364    -0.042     3.115    -0.012    -1.714     0.002     1.497    -0.440     0.468    -1.784     0.000    -0.409    -0.346     1.620     0.620     0.000     1.371 

ddG: D67S     0.712     2.429     0.020    -2.264    -0.012    -0.026     0.001     0.368    -0.192     0.409    -0.338     0.000    -0.369    -0.259    -1.225     0.409     0.001     1.763 

ddG: D67T     0.552     1.927    -0.026    -3.107    -0.010     0.575     0.002     1.339    -0.439     0.322    -0.001     0.000    -0.192    -0.146    -1.793     0.349     0.002     1.749 

ddG: D67V    -1.734    -3.252     0.157     0.996    -0.009    -1.488     0.010     1.509    -0.379     0.349    -1.566     0.000    -0.599    -0.377     0.417     0.048     0.002     2.448 

ddG: D67W    -0.121    -0.398     0.090    -4.069     0.007     1.392    -0.001     1.306    -0.352     0.344    -0.009     0.000    -0.150    -0.100    -1.306     0.457    -0.002     2.670 

ddG: D67Y    -0.483    -6.679     0.669     2.970     0.005    -1.244    -0.001     1.595    -0.520     0.346    -1.588     0.000    -0.474    -0.235     2.560     0.405    -0.002     1.709 

