ddG: description total fa_atr fa_rep fa_sol fa_intra_rep fa_elec pro_close hbond_sr_bb hbond_lr_bb hbond_bb_sc hbond_sc dslf_fa13 rama omega fa_dun p_aa_pp yhh_planarity ref 
ddG: P54A     3.754     1.881    -0.149     0.547    -0.002     0.041    -0.013    -0.048     0.008    -0.001    -0.006     0.000    -0.034     0.057    -0.092     0.588    -0.002     0.979 

ddG: P54C     4.893     1.715    -0.207     1.011     0.004    -0.025    -0.007     0.008     0.046     0.001    -0.007     0.000     0.088     0.211     0.708     0.652     0.005     0.692 

ddG: P54D     7.570     0.020    -0.172     4.659     0.011     1.044    -0.013    -0.029     0.069     0.067     0.746     0.000     0.200     0.097     1.652     0.574    -0.069    -1.286 

ddG: P54E     5.003    -0.217    -0.067     2.945     0.014     0.113    -0.010     0.023    -0.009     0.010     0.005     0.000     0.039     0.179     2.987     0.599    -0.001    -1.608 

ddG: P54F     3.895    -3.240     0.082     2.547     0.028    -0.232    -0.010    -0.068     0.081     0.001    -0.008     0.000     0.268     0.221     2.840     0.600     0.001     0.783 

ddG: P54G     6.351     4.964    -0.210    -0.739     0.004     0.034    -0.007     0.015     0.014     0.013    -0.050     0.000     0.495     0.174     0.153     1.053     0.005     0.434 

ddG: P54H     4.886    -4.722     0.588     4.388     0.001     1.793    -0.010    -0.543     0.042    -1.583     0.833     0.000     0.030     0.084     2.384     0.928    -0.020     0.695 

ddG: P54H     4.343    -3.331    -0.113     3.529     0.001     0.337    -0.013    -0.035     0.092     0.012    -0.006     0.000     0.067     0.129     2.335     0.653    -0.007     0.695 

ddG: P54I     7.293    -3.112     3.232     2.978     0.023     1.602    -0.010    -0.276    -0.137    -1.445     0.755     0.000     0.432     0.300     0.840     0.845     0.000     1.266 

ddG: P54K     2.891    -0.752    -0.045     2.808     0.005    -1.350    -0.007     0.002    -0.016     0.012    -0.003     0.000     0.108     0.151     1.407     0.648     0.002    -0.082 

ddG: P54L     3.977    -2.384     1.013     2.277     0.009     1.144    -0.010    -0.544     0.067    -1.430     0.772     0.000     0.100     0.129     0.924     0.921    -0.001     0.990 

ddG: P54M     4.008    -0.748    -0.169     1.972     0.002     0.161    -0.013    -0.011     0.071     0.013    -0.007     0.000     0.010     0.062     1.442     0.774    -0.006     0.455 

ddG: P54N     4.984    -2.437     0.453     4.491     0.005     1.382    -0.010    -0.569    -0.009    -1.489     0.778     0.000     0.187     0.024     1.932     1.122    -0.003    -0.871 

ddG: P54P     0.515     0.461     0.127    -0.446     0.005     0.057     0.007     0.079    -0.027    -0.113     0.051     0.000     0.071     0.113     0.268    -0.119    -0.019     0.000 

ddG: P54Q     4.861    -1.242    -0.020     2.277     0.003     0.398    -0.010     0.020     0.042    -0.123     0.809     0.000     0.040     0.181     2.933     0.769    -0.060    -1.155 

ddG: P54R     4.372    -3.022     0.588     5.003     0.009    -0.115    -0.010    -0.540     0.015    -1.475     0.592     0.000    -0.048     0.191     2.084     1.022    -0.008     0.084 

ddG: P54S     5.562     2.402    -0.196     1.325     0.004    -0.233    -0.007     0.025    -0.029     0.012    -0.004     0.000     0.135     0.139     0.943     0.569     0.001     0.477 

ddG: P54T     5.536     0.645     0.013     2.180     0.005    -0.299    -0.009     0.024     0.113    -0.004    -0.007     0.000     0.087     0.204     1.330     0.792     0.000     0.462 

ddG: P54V     6.429    -0.677     0.086     1.289     0.017     1.020    -0.012    -0.166     0.218     0.074     0.731     0.000     0.052     0.298     1.583     0.823    -0.068     1.162 

ddG: P54W     4.677    -5.232     0.076     2.833     0.105    -0.132    -0.013    -0.053     0.054     0.024    -0.009     0.000     0.098     0.174     4.627     0.741    -0.002     1.384 

ddG: P54Y     3.189    -3.949     0.698     2.007     0.030    -0.176    -0.010     0.074     0.061    -0.102     0.044     0.000     0.179     0.165     3.053     0.710    -0.018     0.423 

