ddG: description total fa_atr fa_rep fa_sol fa_intra_rep fa_elec pro_close hbond_sr_bb hbond_lr_bb hbond_bb_sc hbond_sc dslf_fa13 rama omega fa_dun p_aa_pp yhh_planarity ref 
ddG: L77A     5.442     9.242    -2.209    -0.456    -0.015    -0.744    -0.016     0.764    -0.655     0.972    -0.501     0.000     0.028    -0.598    -0.614     0.271    -0.016    -0.011 

ddG: L77C     5.443     7.382    -2.214     1.524    -0.016    -0.705    -0.016     0.757    -0.709     0.976    -0.502     0.000    -0.054    -0.625    -0.174     0.118    -0.001    -0.298 

ddG: L77D     9.785     2.497    -1.042     9.467     0.000    -0.201    -0.029     0.106    -0.252    -0.074    -0.030     0.000     0.208    -0.399     1.628     0.181     0.000    -2.276 

ddG: L77E     5.857    -0.519    -0.176    11.693    -0.005    -2.624    -0.019     0.427    -0.331    -2.412    -0.038     0.000     0.301    -0.102     1.897     0.358     0.001    -2.598 

ddG: L77F     5.810    -2.757     4.246     0.581     0.009    -1.409    -0.022     0.365     0.536    -2.603     0.024     0.000     0.424     2.192     4.179     0.258    -0.005    -0.207 

ddG: L77G     5.486    12.418    -1.969    -0.659    -0.021    -1.825    -0.015     0.803    -0.577    -0.946    -0.382     0.000     0.658    -0.080    -2.138     0.792    -0.015    -0.556 

ddG: L77H     7.181    -0.936     3.054     5.832    -0.037    -3.045    -0.008     0.780     0.127     0.910    -4.291     0.000    -0.010     0.238     4.615     0.264    -0.019    -0.295 

ddG: L77H     6.989    -1.323     3.084     6.254    -0.036    -3.313    -0.002     0.787     0.132     0.757    -4.269     0.000    -0.025     0.267     4.745     0.246    -0.020    -0.295 

ddG: L77I     0.496     1.813     2.126     0.807    -0.005    -3.882    -0.010     0.892    -0.668    -1.679    -3.152     0.000    -0.074     0.210     3.878    -0.033    -0.003     0.276 

ddG: L77K     8.619     0.997     1.033    10.230    -0.023    -2.994    -0.025     0.302    -0.525    -0.573    -2.734     0.000     0.034    -0.750     4.350     0.371    -0.001    -1.072 

ddG: L77L    -1.017     1.325    -0.161    -1.089    -0.002    -1.207     0.004     0.213    -0.185    -0.039    -0.057     0.000     0.083    -0.440     0.415     0.135    -0.011     0.000 

ddG: L77M    -0.579     0.278     2.733     2.342    -0.021    -4.417    -0.024     0.348    -0.319    -2.788    -2.719     0.000     0.255     0.559     3.209     0.533    -0.014    -0.535 

ddG: L77N     4.820     2.052    -1.178     6.478    -0.012    -1.251    -0.022     0.301    -0.506    -0.027    -0.019     0.000     0.323    -0.890     1.078     0.349     0.003    -1.861 

ddG: L77P     9.163     7.303     1.692    -1.956    -0.011     1.563     0.059     0.540     0.697     0.959    -0.420     0.000     0.372     1.404    -1.264    -0.775    -0.012    -0.990 

ddG: L77Q     5.160    -0.858    -0.075     5.567     0.000    -0.339    -0.004     0.174    -0.444    -0.033    -0.344     0.000     0.099    -0.510     3.804     0.270    -0.002    -2.145 

ddG: L77R     9.516    -4.924     2.475    16.333    -0.023    -2.442    -0.008     0.496    -0.707    -1.690    -3.243     0.000     0.028     0.332     3.488     0.312    -0.007    -0.905 

ddG: L77S     7.356     8.420    -2.615     1.853    -0.016    -1.222    -0.025     0.277    -0.405    -0.287    -0.203     0.000    -0.003    -0.885     2.602     0.373     0.005    -0.513 

ddG: L77T     5.793     6.032    -2.063     2.702    -0.011    -1.046    -0.012     0.736    -0.432     0.955    -0.516     0.000     0.016    -0.646     0.465     0.155    -0.015    -0.527 

ddG: L77V    -0.637     2.997     0.412    -0.326     0.004    -0.784    -0.012     0.141    -0.661    -2.303     0.087     0.000     0.079     0.287    -0.515    -0.213    -0.002     0.172 

ddG: L77W     5.741   -10.718     4.526     6.124     0.014    -0.506     0.053     0.686     0.728    -1.084    -0.498     0.000     0.176     0.372     5.477     0.006    -0.010     0.394 

ddG: L77Y    10.086    -4.192     6.353     3.848     0.008    -0.849    -0.007     0.496     0.579    -2.216     0.205     0.000     0.510     1.902     3.142     0.488     0.387    -0.567 

