ddG: description total fa_atr fa_rep fa_sol fa_intra_rep fa_elec pro_close hbond_sr_bb hbond_lr_bb hbond_bb_sc hbond_sc dslf_fa13 rama omega fa_dun p_aa_pp yhh_planarity ref 
ddG: A108A     0.045    -0.877    -0.746    -1.261     0.030     3.269    -0.004    -0.723     0.235    -0.651     3.169     0.000     0.263    -0.023    -2.458    -0.197     0.017     0.000 

ddG: A108C     1.918    -0.934    -1.498    -0.075     0.022     3.822     0.005    -0.289     0.107     0.427     2.671     0.000     0.130     0.261    -2.401    -0.054     0.012    -0.287 

ddG: A108D     0.740    -2.008    -0.947     2.367     0.024     2.190     0.001    -0.505     0.035    -0.586     3.220     0.000     0.319    -0.490    -0.692     0.069     0.007    -2.265 

ddG: A108E     0.960    -5.482    -0.619     6.054     0.021     0.896     0.000    -0.507    -0.001    -0.851     2.363     0.000    -0.010    -0.341     2.030    -0.014     0.006    -2.586 

ddG: A108F     1.027    -1.686    -1.638    -0.090     0.050     2.482     0.007    -0.252    -0.049     0.401     2.690     0.000     0.320     0.071    -0.916    -0.183     0.016    -0.196 

ddG: A108G     2.055     1.679    -2.253    -1.193     0.018     2.085    -0.001    -0.588     0.112    -0.881     2.994     0.000     0.370    -0.322     0.108     0.453     0.021    -0.545 

ddG: A108H     0.464    -2.088    -0.787     0.755     0.025     1.974     0.001    -0.620     0.003    -0.690     3.181     0.000     0.430    -0.283    -1.143    -0.032     0.020    -0.284 

ddG: A108H     0.800    -1.468     0.055     0.723     0.005     0.225     0.000    -0.097    -0.008    -0.015     0.001     0.000     0.070     0.127     1.450     0.001     0.014    -0.284 

ddG: A108I     0.305    -2.351    -1.301    -0.495     0.041     3.663     0.005    -0.483     0.123     0.510     2.746     0.000     0.159     0.322    -2.553    -0.380     0.014     0.288 

ddG: A108K    -0.061    -0.763     0.029     0.645     0.004    -0.064    -0.001    -0.037    -0.003     0.004     0.001     0.000    -0.037     0.071     1.091     0.060     0.000    -1.061 

ddG: A108L     0.696    -2.652    -1.356     0.548     0.023     3.589     0.004    -0.304     0.110     0.506     2.779     0.000     0.101     0.224    -2.609    -0.289     0.012     0.011 

ddG: A108M    -0.593    -1.917    -0.776    -0.442     0.032     1.886     0.003    -0.704     0.025    -0.703     3.154     0.000     0.439    -0.194    -0.885     0.007     0.007    -0.523 

ddG: A108N     0.405    -2.262    -2.186     1.562     0.023     1.828     0.001    -0.486     0.122    -0.875     3.002     0.000     0.291    -0.413     1.407     0.219     0.022    -1.849 

ddG: A108P    15.846    -0.681     4.315    -0.645     0.041     3.103     0.552     1.533    -0.001    -0.056     2.812     0.000     1.004     2.369     2.114     0.387    -0.023    -0.979 

ddG: A108Q    -0.733    -2.668    -0.680     0.904     0.033     2.067     0.003    -0.518     0.043    -0.688     3.167     0.000     0.307    -0.505     0.030    -0.117     0.020    -2.134 

ddG: A108R     1.613    -0.629    -2.253     0.028     0.029     1.849     0.000    -0.509     0.116    -0.879     2.990     0.000     0.068    -0.383     2.017     0.042     0.022    -0.894 

ddG: A108S     2.252    -0.081    -1.729    -0.111     0.019     3.390     0.004    -0.184     0.104     0.503     2.733     0.000     0.089     0.187    -2.242     0.060     0.012    -0.502 

ddG: A108T     0.150    -0.829    -1.011     1.261     0.026     1.530    -0.002    -0.479    -0.002    -0.573     3.231     0.000     0.406    -0.420    -2.631     0.141     0.020    -0.516 

ddG: A108V     0.359    -1.387    -1.711    -0.190     0.036     1.846    -0.001    -0.649     0.141    -0.876     3.008     0.000     0.220    -0.318     0.244    -0.207     0.022     0.183 

ddG: A108W     0.171    -3.765    -0.595    -0.284     0.060     2.591    -0.002    -0.598     0.107    -0.690     2.827     0.000     0.480    -0.172    -0.304     0.095     0.016     0.405 

ddG: A108Y     0.041    -2.583    -0.784    -0.988     0.058     3.420    -0.003    -0.915     0.224    -0.532     3.243     0.000     0.400     0.163    -0.927    -0.195     0.018    -0.556 

