ddG: description total fa_atr fa_rep fa_sol fa_intra_rep fa_elec pro_close hbond_sr_bb hbond_lr_bb hbond_bb_sc hbond_sc dslf_fa13 rama omega fa_dun p_aa_pp yhh_planarity ref 
ddG: S13A    -0.478     0.510    -0.084    -1.043     0.000     0.328    -0.002    -0.103     0.011    -0.029     0.054     0.002     0.022    -0.192    -0.220    -0.249     0.016     0.502 

ddG: S13C     0.293     0.300    -0.129    -0.746     0.000     0.374    -0.001    -0.077     0.008    -0.027     0.060     0.003     0.227    -0.096    -0.058     0.226     0.015     0.215 

ddG: S13D     0.234    -0.391    -0.059     1.001     0.002     0.244     0.001    -0.106     0.000    -0.045     0.067     0.002     0.158    -0.246     1.343     0.013     0.014    -1.763 

ddG: S13E     0.037    -0.423     0.006     0.149     0.004     0.334    -0.001    -0.083    -0.006    -0.013     0.043     0.001    -0.024    -0.142     2.400    -0.127     0.002    -2.085 

ddG: S13F     0.527    -3.686     0.283     1.391     0.029     0.813     0.002    -0.145     0.016    -0.004     0.016     0.001     0.300    -0.304     1.429     0.089    -0.008     0.306 

ddG: S13G     0.364     1.220    -0.026    -1.315    -0.002     0.320     0.002    -0.114     0.008    -0.035     0.060     0.003     0.427    -0.268    -0.187     0.300     0.015    -0.043 

ddG: S13H    -0.523    -4.610     0.411     2.139     0.006    -0.184     0.000    -0.003    -0.017     0.027    -0.649     0.001     0.109     0.039     1.838     0.152     0.001     0.218 

ddG: S13H    -0.541    -4.573     0.402     2.120     0.006    -0.157     0.000    -0.013    -0.023     0.028    -0.632     0.001     0.113    -0.001     1.810     0.161    -0.002     0.218 

ddG: S13I     0.944    -1.413     0.094     0.010     0.022     0.480    -0.003    -0.021    -0.010     0.014     0.129     0.001     0.157    -0.023     0.596     0.113     0.007     0.789 

ddG: S13K    -0.497    -0.355     0.032    -0.413     0.002     0.371     0.000    -0.091    -0.010    -0.014     0.044     0.001     0.007    -0.174     0.732    -0.072     0.001    -0.559 

ddG: S13L     0.088    -0.669    -0.149    -0.135     0.006     0.585    -0.004    -0.097    -0.002     0.008     0.091     0.002     0.119    -0.089     0.027    -0.125     0.008     0.513 

ddG: S13M     0.023    -0.618    -0.237    -0.282     0.004     0.407    -0.001    -0.040     0.011     0.002     0.106     0.002     0.083     0.022     0.713    -0.140     0.013    -0.022 

ddG: S13N    -0.286    -0.488    -0.056    -0.009     0.003     0.319    -0.004    -0.103     0.020     0.018    -0.032     0.004     0.330    -0.129     1.011     0.169     0.009    -1.348 

ddG: S13P    -2.457    -0.584     0.150    -1.206    -0.001     0.224     0.025    -0.114     0.004     0.009     0.103     0.002     0.214    -0.300    -0.109    -0.408     0.011    -0.477 

ddG: S13Q    -1.369    -2.850     0.007     2.137     0.009    -0.607    -0.001    -0.103    -0.019    -0.022    -0.492     0.002     0.121    -0.160     2.347    -0.108     0.001    -1.632 

ddG: S13R     0.424     0.015    -0.100    -0.549     0.008     0.382     0.002    -0.105     0.010    -0.027     0.059     0.002     0.060    -0.177     1.296    -0.073     0.015    -0.392 

ddG: S13S    -0.016     0.095    -0.039    -0.060     0.000     0.007    -0.001     0.004    -0.010    -0.010     0.047     0.001    -0.018    -0.013     0.001    -0.020     0.001     0.000 

ddG: S13T     0.633    -0.161    -0.103     0.148     0.003     0.141    -0.002     0.031    -0.013    -0.001     0.045     0.001     0.129     0.169     0.032     0.226     0.001    -0.015 

ddG: S13V     0.187    -1.001     0.046     0.175     0.020     0.435    -0.005    -0.157    -0.008    -0.022     0.081     0.003     0.271    -0.352    -0.096     0.102     0.010     0.685 

ddG: S13W     0.077    -6.587     0.136     3.354     0.029     0.501     0.001    -0.142     0.010    -0.008     0.024     0.001     0.050    -0.150     2.001    -0.055     0.006     0.907 

ddG: S13Y     0.083    -4.023     0.432     1.835     0.029     0.319    -0.001    -0.133     0.008     0.079    -0.003     0.002     0.271    -0.237     1.433     0.051     0.076    -0.054 

