ddG: description total fa_atr fa_rep fa_sol fa_intra_rep fa_elec pro_close hbond_sr_bb hbond_lr_bb hbond_bb_sc hbond_sc dslf_fa13 rama omega fa_dun p_aa_pp yhh_planarity ref 
ddG: Y68A     2.908     5.893     0.489    -1.878    -0.017     0.003    -0.006    -0.181     0.100    -1.079     0.468     0.000     0.409    -0.234    -1.835     0.212     0.006     0.556 

ddG: Y68C     2.657     4.914     0.563    -0.666    -0.016     0.080    -0.006    -0.272     0.104    -1.068     0.472     0.000     0.089    -0.216    -1.351    -0.245     0.006     0.269 

ddG: Y68D     5.757     3.370    -0.190     3.931    -0.023     0.204     0.003    -0.032    -0.037    -0.067     0.019     0.000    -0.126     0.082     0.460    -0.143     0.015    -1.709 

ddG: Y68E     5.783     1.790    -0.245     3.499    -0.015     1.797     0.000    -0.100     0.069    -0.045    -0.590     0.000     0.273     0.565     0.622     0.181     0.014    -2.031 

ddG: Y68F     0.577     0.836    -0.035    -0.762    -0.008     0.240     0.000    -0.028    -0.024     0.004    -0.007     0.000     0.002    -0.006    -0.039     0.031     0.014     0.360 

ddG: Y68G     4.255     9.019     0.246    -2.564    -0.030    -0.153    -0.004    -0.147     0.008    -1.212     0.426     0.000     0.575    -0.340    -1.873     0.286     0.007     0.011 

ddG: Y68H     0.150     0.123     0.671     1.919    -0.029    -0.491    -0.004    -0.540     0.044    -1.109     0.493     0.000     0.084    -0.158    -1.027    -0.100     0.004     0.272 

ddG: Y68H     0.166     0.989     0.508     0.395    -0.030     0.045    -0.008    -0.562     0.041    -0.979     0.501     0.000     0.083    -0.206    -0.792    -0.110     0.020     0.272 

ddG: Y68I    10.662     1.276     3.214     0.207     0.210     1.224     0.004    -0.019    -0.031     0.012     0.047     0.000     0.629     0.610     2.275     0.144     0.016     0.844 

ddG: Y68K     2.608     3.273     0.601     0.436    -0.022     0.318    -0.003    -0.438    -0.027    -1.171     0.440     0.000     0.177    -0.192    -0.700     0.397     0.023    -0.505 

ddG: Y68L     3.761     2.491     0.990    -1.015    -0.022     1.509     0.000    -0.176     0.048     0.006    -0.115     0.000     0.198     0.268    -1.300     0.293     0.019     0.567 

ddG: Y68M     1.556     2.195    -0.339     0.342    -0.022     0.336     0.004     0.202    -0.025    -0.141     0.000     0.000    -0.051     0.104    -1.071    -0.015     0.003     0.033 

ddG: Y68N     3.197     2.862    -0.265     2.579    -0.031     0.203     0.000    -0.096    -0.056     0.011     0.080     0.000    -0.183     0.165    -0.558    -0.234     0.016    -1.294 

ddG: Y68P     8.600     3.201     4.637    -0.942    -0.037    -0.959     0.838     1.259     0.182    -0.420    -2.697     0.000     1.416     1.883     0.536     0.117     0.009    -0.423 

ddG: Y68Q     1.887     1.932     0.801     1.022    -0.012     0.288    -0.003    -0.377     0.053    -1.106     0.442     0.000     0.216    -0.186     0.323     0.051     0.021    -1.578 

ddG: Y68R     2.550     0.727     2.386     3.003    -0.021    -1.608    -0.016    -0.370     0.246    -1.916    -2.375     0.000     0.096     0.276     2.043     0.400     0.017    -0.338 

ddG: Y68S     4.846     6.220     1.463     0.200    -0.047    -1.387    -0.005     0.088     0.013    -0.372    -2.735     0.000    -0.092     0.188     1.149     0.109    -0.001     0.054 

ddG: Y68T     4.518     4.411    -0.369     1.843    -0.018    -0.379    -0.004    -0.481     0.198    -1.335     0.249     0.000    -0.186     0.103     0.521    -0.097     0.022     0.040 

ddG: Y68V     4.917     3.735     0.635    -0.646    -0.010     0.236    -0.002    -0.270     0.140    -1.334     0.324     0.000     0.263     0.206     0.597     0.279     0.024     0.739 

ddG: Y68W     0.803    -5.326     0.642     3.266    -0.008     0.908     0.001    -0.502    -0.055    -1.143     0.503     0.000     0.416    -0.076     0.978     0.232     0.007     0.961 

ddG: Y68Y    -0.307    -3.372     0.918     3.701    -0.003    -1.385    -0.008    -0.448     0.033    -1.251    -0.349     0.000    -0.066    -0.185     1.875     0.229     0.005     0.000 

