ddG: description total fa_atr fa_rep fa_sol fa_intra_rep fa_elec pro_close hbond_sr_bb hbond_lr_bb hbond_bb_sc hbond_sc dslf_fa13 rama omega fa_dun p_aa_pp yhh_planarity ref 
ddG: W3A    -0.264    10.199    -0.460    -5.607    -0.023    -0.539     0.005    -0.420     0.082     0.498     0.665    -0.030     0.006     0.099    -3.961    -0.386     0.013    -0.405 

ddG: W3C     0.475     9.694    -1.215    -5.283    -0.021     0.167     0.005    -0.344    -0.075     0.440     0.629    -0.055    -0.002    -0.442    -2.466     0.129     0.006    -0.692 

ddG: W3D     1.377     9.099    -0.345    -3.641    -0.023     0.065     0.020    -0.907     0.057     1.021     0.666    -0.048     0.095     0.108    -2.070    -0.066     0.016    -2.670 

ddG: W3E     0.780     9.602    -0.220    -5.156    -0.022     0.080     0.016    -1.002     0.055     1.021     0.144    -0.076     0.029     0.179    -0.688    -0.202     0.011    -2.992 

ddG: W3F     2.115    10.631    -0.359    -8.051     0.014     2.073     0.063    -1.266     0.056     0.958     0.846    -0.073     0.443     0.036    -2.378    -0.281     0.005    -0.601 

ddG: W3G     1.301    10.982     0.006    -6.379    -0.025    -0.155     0.016    -1.054     0.052     0.977     0.146    -0.072     0.530     0.296    -3.268     0.169     0.031    -0.950 

ddG: W3H     1.436    11.715    -0.740    -7.954    -0.012     1.194     0.050    -0.813     0.080     0.454     0.854    -0.075     0.336    -0.074    -2.820    -0.072     0.003    -0.689 

ddG: W3H     1.394     7.937    -0.145    -4.632    -0.020     0.264     0.019    -1.027     0.051     0.994     0.663    -0.043     0.205     0.089    -2.227    -0.062     0.017    -0.689 

ddG: W3I     0.363    10.057    -0.341    -6.096    -0.004    -0.209     0.023    -1.023     0.090     0.973     0.140     0.007     0.256     0.318    -3.484    -0.222    -0.004    -0.118 

ddG: W3K    -0.014     9.792    -0.240    -5.929    -0.022    -0.312     0.017    -1.003     0.092     1.022     0.146     0.005     0.072     0.158    -2.213    -0.142     0.011    -1.466 

ddG: W3L     1.737    12.837    -1.131    -8.383    -0.009     1.924     0.051    -0.403     0.093     0.458     1.373    -0.039     0.063    -0.136    -4.270    -0.312     0.017    -0.394 

ddG: W3M     2.644    12.529    -0.720    -8.693    -0.006     1.935     0.061    -0.970     0.095     0.984     0.849     0.008     0.237     0.158    -2.684    -0.217     0.006    -0.928 

ddG: W3N     0.224    10.262    -0.621    -5.568    -0.022    -0.046     0.026    -0.792     0.077     0.981     0.672    -0.037     0.126     0.115    -2.766     0.051     0.023    -2.255 

ddG: W3P    -1.123     6.909     0.585    -5.353    -0.012     0.060     0.082    -0.926    -0.055     0.876     0.108    -0.097     0.272    -0.242    -1.772    -0.180     0.006    -1.384 

ddG: W3Q     0.536     9.632    -0.929    -4.867    -0.021     0.146     0.004    -0.266     0.085     0.369     2.143    -0.042    -0.153     0.226    -2.784    -0.481     0.013    -2.539 

ddG: W3R     1.027    10.531    -1.112    -5.559    -0.019     0.762     0.016    -0.681     0.078     0.359     2.067    -0.040    -0.258     0.446    -3.815    -0.470     0.021    -1.299 

ddG: W3S     1.712     9.066    -0.608    -4.416    -0.010    -0.033     0.019    -0.429    -0.061     1.009    -0.221    -0.011    -0.085    -0.117    -1.448    -0.025    -0.011    -0.907 

ddG: W3T     1.350    10.013    -0.305    -5.253    -0.016     0.383     0.017    -1.026     0.054     0.862     1.619    -0.078     0.262     0.420    -4.521    -0.164     0.005    -0.921 

ddG: W3V    -0.552     9.207    -1.009    -5.430    -0.007    -0.265     0.002    -0.547    -0.077     0.437     0.106    -0.090     0.150    -0.427    -2.277    -0.093    -0.008    -0.222 

ddG: W3W     0.001     0.293     0.313     0.142     0.001    -0.174     0.001     0.027     0.140     0.226     0.660    -0.032    -0.101     0.222    -1.612    -0.119     0.013     0.000 

ddG: W3Y     1.857    10.584    -0.408    -7.989     0.020     1.904     0.062    -1.262     0.090     0.945     0.844     0.010     0.507     0.056    -2.281    -0.266     0.003    -0.961 

