ddG: description total fa_atr fa_rep fa_sol fa_intra_rep fa_elec pro_close hbond_sr_bb hbond_lr_bb hbond_bb_sc hbond_sc dslf_fa13 rama omega fa_dun p_aa_pp yhh_planarity ref 
ddG: K97A     2.007    11.748     0.182   -13.161     0.008     4.335     0.008     0.019     0.056     1.149     1.198     0.000     0.323    -0.072    -4.943     0.095     0.000     1.061 

ddG: K97C     0.077     6.974     0.287    -8.046     0.003     2.165     0.004    -0.505     0.060     1.135     0.021     0.000     0.266    -0.010    -2.952    -0.099     0.000     0.774 

ddG: K97D     5.387     5.130    -0.069    -4.032     0.010     4.659     0.008    -0.571     0.095     1.137     1.571     0.000     0.297     0.327    -2.140     0.169     0.000    -1.204 

ddG: K97E     2.960     7.937    -0.010    -8.249     0.006     4.484     0.013    -0.249     0.013     1.067     1.554     0.000     0.360     0.172    -2.625     0.013     0.000    -1.526 

ddG: K97F    -0.856    -1.393     1.273    -6.660     0.035     3.679     0.029     0.078    -0.138     1.157     1.277     0.000     0.201     0.332    -1.629     0.039     0.000     0.865 

ddG: K97G     2.983    10.945    -0.729   -11.646    -0.002     4.082     0.017    -0.228     0.020     1.117     1.592     0.000     0.874    -0.061    -4.062     0.548     0.000     0.516 

ddG: K97H    -0.989    -2.926     0.764    -1.120     0.000     0.965     0.010    -0.412    -0.129     1.093    -0.690     0.000     0.312     0.081     0.512    -0.225     0.000     0.777 

ddG: K97H    -1.746     1.292     0.555    -6.266     0.003     3.414     0.003    -1.840     0.005     1.048     0.879     0.000     0.445     0.380    -1.861    -0.579     0.000     0.777 

ddG: K97I    -0.981     8.595     0.150   -14.068     0.022     4.542     0.000    -0.297     0.299     1.055     1.544     0.000     0.301     0.255    -4.485    -0.243     0.000     1.348 

ddG: K97K     0.304     6.925    -0.023    -7.781     0.004     2.894    -0.001    -0.250    -0.016    -0.022     1.558     0.000     0.288     0.269    -3.513    -0.029     0.000     0.000 

ddG: K97L    -2.403     3.641     0.498    -9.067     0.014     3.923    -0.005    -1.612     0.093     1.119     1.304     0.000     0.320     0.209    -3.573    -0.340    -0.001     1.072 

ddG: K97M    -0.673     5.193     0.275    -8.756     0.008     3.757    -0.009    -1.632     0.245     1.127     1.294     0.000     0.018     0.186    -2.443    -0.472    -0.001     0.537 

ddG: K97N     1.882     0.950    -0.052    -2.062     0.003     2.318     0.007    -0.363     0.081     1.144     0.032     0.000     0.072    -0.006     0.372     0.175     0.000    -0.789 

ddG: K97P     5.090    10.472     2.223   -13.683     0.015     4.322     0.972    -0.446     0.402     1.194     1.260     0.000     0.386     1.837    -3.539    -0.408     0.000     0.082 

ddG: K97Q     0.165     7.120     0.054   -10.328     0.005     3.741     0.005    -0.259     0.048     1.070     1.544     0.000     0.307     0.290    -2.320    -0.040     0.000    -1.073 

ddG: K97R     2.230    -0.906     0.226     0.077     0.006     1.326    -0.016    -0.378     0.172     1.157     0.116     0.000    -0.132    -0.111     0.359     0.167    -0.001     0.167 

ddG: K97S     0.527    11.437     0.134   -11.661     0.013     3.977     0.009    -1.258     0.214     1.146     1.213     0.000     0.119     0.035    -5.001    -0.410     0.000     0.559 

ddG: K97T     3.163    10.732     1.028   -12.080     0.010     4.403     0.025    -0.187     0.092     1.046     1.560     0.000     0.017     0.453    -4.617     0.137     0.000     0.544 

ddG: K97V    -0.800     6.081     0.418    -9.121     0.019     2.107     0.006    -0.536     0.097     1.101     0.000     0.000     0.163     0.038    -2.088    -0.329     0.000     1.244 

ddG: K97W    -0.609    -9.396     4.318    -0.189     0.076     0.649     0.044    -0.652     0.255     1.164     0.358     0.000     0.214     0.164     0.739     0.181     0.000     1.466 

ddG: K97Y    -1.691     0.232     1.889    -6.303     0.035     2.892     0.038    -0.400    -0.033     1.191     0.214     0.000     0.424     0.776    -3.072    -0.144     0.065     0.505 

