ddG: description total fa_atr fa_rep fa_sol fa_intra_rep fa_elec pro_close hbond_sr_bb hbond_lr_bb hbond_bb_sc hbond_sc dslf_fa13 rama omega fa_dun p_aa_pp yhh_planarity ref 
ddG: Y75A     3.924    15.338     0.348    -8.199    -0.039    -0.279    -0.018     0.139    -0.179     0.481    -0.460     0.000     0.213    -0.244    -3.947     0.256    -0.042     0.556 

ddG: Y75C     5.517    10.465    -0.766    -2.420    -0.027     0.123     0.000     0.050    -0.003    -0.001     0.029     0.065     0.023     0.092    -2.377    -0.014     0.008     0.269 

ddG: Y75D     9.593    20.647    -2.177    -7.514    -0.005     2.335     0.037    -0.005     0.033     0.604     0.217    -0.050     0.328    -0.112    -3.196     0.175    -0.015    -1.709 

ddG: Y75E    10.198     7.205    -0.666     2.813    -0.018    -0.046    -0.007     0.659     0.002    -0.178    -0.002    -0.013     0.186    -0.074     1.785     0.557     0.024    -2.031 

ddG: Y75F    -1.068     1.526    -0.025    -2.377    -0.004    -0.554     0.003     0.010    -0.088    -0.197    -0.549    -0.059     0.113     0.091     0.553     0.146    -0.016     0.360 

ddG: Y75G     6.027    15.242    -0.940    -4.559    -0.040    -1.055    -0.018     0.501     0.020    -0.780    -0.543    -0.044     0.417    -0.096    -2.445     0.363    -0.007     0.011 

ddG: Y75H     3.980     5.484    -1.319    -1.716    -0.011     1.688     0.051     0.064    -0.078    -0.717     0.684     0.075     0.108     0.024    -0.816     0.190    -0.003     0.272 

ddG: Y75H     2.433     2.939    -0.559     0.826    -0.036    -0.563    -0.019     0.464    -0.039    -0.738    -0.534     0.034     0.103    -0.169     0.181     0.280    -0.009     0.272 

ddG: Y75I     8.208     7.999     2.854    -3.623    -0.025     0.099    -0.032     0.773    -0.157    -0.502     1.206     0.136     0.140     1.142    -3.124     0.467     0.013     0.844 

ddG: Y75K     9.342     5.605    -0.798     2.280    -0.012     0.490     0.002    -0.528     0.123     0.004     0.175    -0.006    -0.079     0.079     2.021     0.486     0.004    -0.505 

ddG: Y75L     4.318     6.230     0.275    -3.099    -0.006     0.227    -0.005    -0.033     0.048     0.080     0.047     0.004     0.375     0.358    -1.511     0.744     0.014     0.567 

ddG: Y75M     3.584     6.591    -0.373    -2.720    -0.021    -0.499    -0.004    -0.062     0.035    -0.006    -0.504     0.042     0.108     0.099     0.569     0.314    -0.017     0.033 

ddG: Y75N     5.981     7.572    -0.780     1.086    -0.034    -0.271    -0.016     0.583     0.084    -0.709     0.023     0.002     0.059    -0.066    -0.346     0.077     0.012    -1.294 

ddG: Y75P    10.308    10.877     0.501    -5.380    -0.025     0.082     1.367     0.197     0.581     0.125    -0.501    -0.051     1.306     1.453     0.033     0.186    -0.019    -0.423 

ddG: Y75Q     6.437     5.723    -0.305     0.452    -0.023    -0.088    -0.014     0.478    -0.065    -0.119     0.047    -0.010     0.183    -0.158     1.405     0.492     0.018    -1.578 

ddG: Y75R     8.504     2.815    -1.122     4.665     0.006     0.576     0.002     0.136    -0.255    -0.207    -0.062     0.058     0.066    -0.367     2.125     0.394     0.012    -0.338 

ddG: Y75S     6.163    12.169    -1.015    -2.678    -0.030    -0.107    -0.005     0.010    -0.074    -0.135     0.971    -0.055    -0.088     0.271    -3.103    -0.026     0.006     0.054 

ddG: Y75T     5.096    10.390    -1.055    -0.883    -0.026    -1.250    -0.020     0.618    -0.024    -0.853     0.944     0.029     0.087     0.148    -3.294     0.247    -0.003     0.040 

ddG: Y75V     4.356     7.476    -0.083    -3.481    -0.015    -0.050     0.002     0.087    -0.202    -0.064    -0.527    -0.052     0.317    -0.393    -0.330     0.939    -0.007     0.739 

ddG: Y75W    -1.115    -5.220     0.874     1.809     0.003     0.800     0.001    -0.454     0.108    -0.068     1.609    -0.045    -0.306     0.252    -1.109    -0.343     0.013     0.961 

ddG: Y75Y    -0.020    -0.018    -0.029     0.019    -0.004    -0.017     0.000     0.021    -0.006     0.002    -0.004    -0.001     0.001    -0.009     0.019     0.010    -0.006     0.000 

