ddG: description total fa_atr fa_rep fa_sol fa_intra_rep fa_elec pro_close hbond_sr_bb hbond_lr_bb hbond_bb_sc hbond_sc dslf_fa13 rama omega fa_dun p_aa_pp yhh_planarity ref 
ddG: F37A    10.254    13.408     0.000    -2.067    -0.028     0.687    -0.008     0.004    -0.061     0.007     0.253    -0.001     0.305    -0.469    -2.176     0.183     0.021     0.196 

ddG: F37C     9.580    12.437    -0.452    -0.808    -0.028     0.513    -0.007     0.001    -0.090    -0.037     0.245    -0.001    -0.014    -0.277    -1.917     0.021     0.086    -0.091 

ddG: F37D    10.080     8.954    -0.033     5.643    -0.020    -0.786    -0.003    -0.010    -0.016    -0.470    -0.240    -0.001    -0.121    -0.235    -0.508    -0.149     0.144    -2.069 

ddG: F37E     9.778     7.431    -0.290     4.991    -0.024    -0.443    -0.011     0.014     0.034    -1.605    -0.170     0.000     0.059    -0.051     1.978     0.143     0.112    -2.391 

ddG: F37F    -0.009     0.008     0.005    -0.018     0.000     0.006     0.000     0.001    -0.004    -0.003     0.003    -0.001     0.004    -0.015    -0.003     0.008    -0.001     0.000 

ddG: F37G    11.608    17.211     0.186    -2.936    -0.032     0.629    -0.015     0.008    -0.146     0.157     0.425     0.000     0.714    -0.587    -4.430     0.559     0.213    -0.349 

ddG: F37H     4.377     4.409    -0.263     1.783    -0.029    -0.562    -0.010    -0.046    -0.117     0.129    -0.776     0.001     0.088     0.089    -0.531     0.063     0.236    -0.088 

ddG: F37H     5.150    -2.044    -0.262     9.780    -0.038    -0.575    -0.005    -0.084     0.009     0.042    -1.838     0.001     0.060    -0.158     0.128    -0.024     0.247    -0.088 

ddG: F37I    12.866     2.350     4.339     7.699    -0.013    -2.026    -0.040     0.143     0.184     0.427    -2.189     0.001    -0.170     1.216     0.703    -0.182    -0.058     0.483 

ddG: F37K    11.565     7.855     0.019     3.593    -0.019     0.650    -0.006    -0.007    -0.111     0.094     0.000     0.002     0.089    -0.091    -0.034     0.172     0.225    -0.865 

ddG: F37L     5.477     8.307     0.726    -1.879    -0.023     0.215    -0.010     0.011    -0.157     0.100    -0.025     0.000     0.008    -0.227    -1.831    -0.031     0.086     0.207 

ddG: F37M     6.892     7.151    -0.186    -0.088    -0.029     0.256    -0.003     0.024    -0.104     0.094    -0.008     0.001     0.077    -0.100    -0.096     0.209     0.022    -0.328 

ddG: F37N     7.595     7.959     0.119     3.021    -0.022    -0.201    -0.005     0.037    -0.020    -0.577    -0.231     0.000    -0.021    -0.266    -0.575    -0.059     0.090    -1.654 

ddG: F37P    17.232     9.750     7.034    -1.188    -0.026     1.357     0.641    -0.179     1.249    -0.172     0.356     0.001     0.836     0.821    -1.941    -0.591     0.065    -0.783 

ddG: F37Q     8.989     6.454    -0.186     2.924    -0.022     1.307    -0.004     0.036     0.006    -0.009     0.247     0.000     0.098    -0.266     0.149     0.133     0.059    -1.938 

ddG: F37R    11.296     4.918     0.234     6.836    -0.014    -0.117    -0.006     0.014    -0.102     0.147    -0.902     0.002     0.085    -0.144     0.815     0.005     0.224    -0.698 

ddG: F37S    10.163    13.399    -0.372    -0.612    -0.032    -0.389    -0.017     0.007    -0.068     0.098    -0.141    -0.002     0.189    -0.071    -2.153     0.546     0.088    -0.306 

ddG: F37T     9.409    11.097     0.640     1.523    -0.028    -0.808    -0.014     0.081    -0.073     0.168    -0.995     0.001     0.091    -0.137    -1.699    -0.134     0.015    -0.321 

ddG: F37V     9.702     9.234     2.434    -1.418    -0.021     0.239    -0.023     0.127    -0.020     0.530     0.007     0.000    -0.048     0.320    -1.862    -0.185     0.010     0.379 

ddG: F37W     1.596    -4.115     0.070     4.221     0.000     0.432    -0.009    -0.012    -0.112    -0.065     0.237     0.001     0.013    -0.273     0.429     0.091     0.086     0.601 

ddG: F37Y     0.738    -0.485    -0.158     1.751    -0.004    -0.017    -0.001    -0.039     0.006    -0.025     0.071     0.001     0.022     0.023    -0.154     0.073     0.033    -0.360 

