ddG: description total fa_atr fa_rep fa_sol fa_intra_rep fa_elec pro_close hbond_sr_bb hbond_lr_bb hbond_bb_sc hbond_sc dslf_fa13 rama omega fa_dun p_aa_pp yhh_planarity ref 
ddG: W135A     4.390    11.694     0.177    -3.964    -0.015    -0.006    -0.005    -0.446     0.049    -1.046     0.402     0.000     0.159    -0.303    -1.757    -0.151     0.007    -0.405 

ddG: W135C     5.671     9.455     0.487    -0.917    -0.024    -0.035    -0.014    -0.461     0.006    -1.058     0.440     0.000     0.346    -0.308    -1.904     0.326     0.023    -0.692 

ddG: W135D     9.098    10.210    -0.645     1.181    -0.022     0.139    -0.005    -0.033    -0.050     0.013    -0.058     0.000     0.034     0.076     0.833     0.092     0.004    -2.670 

ddG: W135E     6.378     7.975     0.140     2.204    -0.004    -0.971    -0.010    -0.452     0.052    -1.056     0.408     0.000     0.059    -0.300     1.349    -0.036     0.010    -2.992 

ddG: W135F     1.876     4.545     2.162    -2.324    -0.003    -1.098    -0.016    -0.544     0.303    -1.449    -2.352     0.000     0.050     0.291     2.721     0.175     0.014    -0.601 

ddG: W135G     7.487    13.438     1.295    -3.644    -0.042    -0.828    -0.015    -0.191     0.161    -0.238    -2.835     0.000     0.074     0.588     0.344     0.316     0.013    -0.950 

ddG: W135H     4.628     6.666     0.405    -1.894    -0.009     1.176    -0.010    -0.670     0.242    -1.067     0.431     0.000     0.209     0.155    -0.357     0.021     0.019    -0.689 

ddG: W135H     3.889     7.412     0.301    -1.785    -0.015    -0.146    -0.008    -0.480     0.045    -1.098     0.397     0.000     0.295    -0.273    -0.249     0.160     0.022    -0.689 

ddG: W135I     3.492     7.528     1.740    -3.364     0.011    -0.020    -0.016    -0.518    -0.097    -1.100     0.408     0.000     0.361     0.039    -1.512     0.137     0.013    -0.118 

ddG: W135K     7.685     9.267     1.045    -0.346    -0.020    -1.384    -0.012     0.086     0.021    -0.345    -2.759     0.000    -0.221     0.186     3.497     0.120     0.016    -1.466 

ddG: W135L     3.621     8.673     1.370    -1.442    -0.039    -2.261    -0.013     0.029    -0.015    -0.279    -2.771     0.000    -0.069     0.254     0.534     0.041     0.003    -0.394 

ddG: W135M     5.887     7.527    -0.522    -2.452    -0.016     0.977    -0.007     0.056    -0.003     0.057    -0.398     0.000     0.069     0.271     1.267    -0.023     0.013    -0.928 

ddG: W135N     6.829     9.984    -0.676    -1.196    -0.017    -0.084    -0.006    -0.020    -0.021     0.015    -0.059     0.000     0.234     0.069     0.621     0.237     0.003    -2.255 

ddG: W135P    17.060     9.756     3.691    -4.553     0.009     0.963     0.230     1.462     1.593    -1.080     0.054     0.000     1.603     3.492     1.358    -0.137     0.003    -1.384 

ddG: W135Q     4.129     7.535     0.084    -0.712    -0.014     0.255    -0.010    -0.443     0.038    -0.886     0.475     0.000     0.199    -0.329     0.515    -0.063     0.024    -2.539 

ddG: W135R     6.163     6.172     0.682     1.949     0.006    -0.055    -0.016    -0.725     0.232    -0.984     0.070     0.000     0.116     0.203    -0.072    -0.139     0.023    -1.299 

ddG: W135S     6.724    10.130     1.108     0.880    -0.048    -2.434    -0.015     0.057     0.018    -0.344    -2.837     0.000    -0.116     0.235     0.708     0.273     0.015    -0.907 

ddG: W135T     4.947     9.860     0.204    -0.931    -0.010    -0.771    -0.008    -0.449     0.075    -1.077     0.404     0.000     0.308    -0.239    -1.723     0.217     0.008    -0.921 

ddG: W135V     4.358     9.410    -0.019    -2.916    -0.008     0.051    -0.002    -0.018    -0.066     0.035    -0.037     0.000     0.220    -0.015    -2.064     0.005     0.003    -0.222 

ddG: W135W    -0.632     0.116     1.688    -0.435    -0.014    -1.873    -0.010     0.089     0.047    -0.381    -2.737     0.000    -0.148     0.091     2.795     0.128     0.012     0.000 

ddG: W135Y     2.603     5.147     0.451    -2.381     0.016     1.065    -0.010    -0.631     0.234    -1.083     0.442     0.000     0.162     0.158    -0.040     0.015     0.017    -0.961 

