ddG: description total fa_atr fa_rep fa_sol fa_intra_rep fa_elec pro_close hbond_sr_bb hbond_lr_bb hbond_bb_sc hbond_sc dslf_fa13 rama omega fa_dun p_aa_pp yhh_planarity ref 
ddG: Y91A     5.004     9.447    -0.256    -4.687    -0.030     0.799     0.000    -0.021    -0.011     0.037     0.744     0.000     0.140    -0.043    -1.855     0.259    -0.072     0.556 

ddG: Y91C     5.045     8.598    -0.244    -3.534    -0.027     1.060     0.000    -0.011    -0.024     0.028     0.740     0.000     0.031    -0.110    -1.686     0.032    -0.078     0.269 

ddG: Y91D     7.989     5.802    -0.666     2.774    -0.011     0.763    -0.003    -0.178     0.065     0.976     0.758     0.000     0.367     0.024    -0.859    -0.038    -0.077    -1.709 

ddG: Y91E     6.721     6.936    -0.506    -0.211    -0.022     0.603     0.003    -0.058    -0.008     0.043     0.738     0.000     0.256     0.053     0.900     0.096    -0.072    -2.031 

ddG: Y91F     1.134     0.623    -0.158    -0.758    -0.003     0.777    -0.002    -0.097     0.071     0.025     0.723     0.000     0.026    -0.004    -0.291    -0.086    -0.072     0.360 

ddG: Y91G     7.609    10.414    -0.269    -3.383    -0.013     2.735    -0.001    -0.647     0.036    -0.422     1.511     0.000     0.385     0.173    -2.747    -0.103    -0.068     0.011 

ddG: Y91H     4.161     2.922    -0.276    -0.593    -0.024     1.000     0.003    -0.034     0.022    -0.269     0.796     0.000     0.254     0.131    -0.005     0.036    -0.076     0.272 

ddG: Y91H     3.320     2.423    -0.111    -0.721    -0.028     0.817     0.001    -0.015     0.019    -0.285     0.787     0.000     0.152     0.070    -0.098     0.103    -0.069     0.272 

ddG: Y91I     7.134     5.093     1.131    -1.357    -0.009     0.564     0.001    -0.137     0.160    -0.196     0.825     0.000     0.178     0.433    -0.464     0.139    -0.072     0.844 

ddG: Y91K     5.192     6.179    -0.442    -0.929    -0.027     0.935    -0.003    -0.115     0.047     0.045     0.737     0.000     0.090    -0.053    -0.844     0.158    -0.079    -0.505 

ddG: Y91L     3.418     6.111     0.224    -3.348    -0.019     0.867     0.000    -0.016    -0.051     0.052     0.795     0.000     0.007    -0.024    -1.771     0.096    -0.072     0.567 

ddG: Y91M     3.374     4.800    -0.284    -1.781    -0.030     0.993    -0.002    -0.105     0.074    -0.287     0.799     0.000     0.032     0.063    -0.900     0.045    -0.077     0.033 

ddG: Y91N     4.937     5.685    -0.469    -0.534    -0.008     0.892     0.000    -0.096     0.002     1.000     0.736     0.000     0.325     0.020    -1.105    -0.142    -0.074    -1.294 

ddG: Y91P     9.762     6.613     3.264    -3.696    -0.025     0.546     1.419    -0.140     0.131     0.018     1.141     0.000     0.605     0.341    -0.159     0.228    -0.101    -0.423 

ddG: Y91Q     4.561     5.973    -0.413    -1.337    -0.026     1.351    -0.003    -0.116     0.023     0.042     0.732     0.000     0.103    -0.030    -0.200     0.118    -0.077    -1.578 

ddG: Y91R     6.895     5.293    -0.356     0.809    -0.022     0.726    -0.002    -0.117     0.042     0.022     0.747     0.000     0.090    -0.084    -0.056     0.220    -0.077    -0.338 

ddG: Y91S     6.911     9.073    -0.421    -2.341    -0.033     1.124    -0.003    -0.111     0.053     0.038     0.740     0.000     0.157    -0.094    -1.334     0.084    -0.076     0.054 

ddG: Y91T     7.225     8.022    -0.253    -0.014    -0.029     0.583     0.000    -0.164     0.082     0.018     0.762     0.000     0.184     0.059    -1.837    -0.154    -0.074     0.040 

ddG: Y91V     6.509     5.992     1.617    -2.961    -0.014     0.847     0.001     0.007     0.054    -0.115     0.823     0.000     0.034     0.438    -1.126     0.245    -0.071     0.739 

ddG: Y91W    -0.152    -4.504     0.480     1.699    -0.001     0.658     0.001    -0.040     0.120    -0.212     0.851     0.000     0.067     0.070    -0.307     0.066    -0.060     0.961 

ddG: Y91Y     0.353    -0.357    -0.171     0.970    -0.003     0.126    -0.003    -0.110     0.077     0.013     0.006     0.000     0.018     0.020    -0.222    -0.007    -0.005     0.000 

