ddG: description total fa_atr fa_rep fa_sol fa_intra_rep fa_elec pro_close hbond_sr_bb hbond_lr_bb hbond_bb_sc hbond_sc dslf_fa13 rama omega fa_dun p_aa_pp yhh_planarity ref 
ddG: I7A     4.480     5.260     0.064    -0.374    -0.018    -0.059    -0.010    -0.058     0.048    -0.093     0.099     0.000     0.013    -0.050    -0.291     0.266    -0.026    -0.288 

ddG: I7C     3.912     4.109     0.013     0.400    -0.012    -0.065    -0.001     0.035     0.226    -0.008    -0.029     0.000    -0.037    -0.018    -0.051    -0.071    -0.004    -0.574 

ddG: I7D     8.895     0.452     0.134     7.885    -0.010    -0.314     0.000     0.038     0.311    -0.011    -0.033     0.000     0.290    -0.001     2.384     0.332    -0.010    -2.553 

ddG: I7E     5.007    -1.050     0.367     8.209    -0.010    -1.787    -0.003     0.018     0.022    -0.896     0.007     0.000     0.114    -0.105     2.637     0.364    -0.007    -2.874 

ddG: I7F     3.089    -6.130     2.806     3.035     0.014     0.885    -0.005    -0.051     0.067    -0.141    -0.026     0.000     0.074    -0.099     2.895     0.274    -0.026    -0.483 

ddG: I7G     6.376     7.702     0.099    -0.976    -0.016     1.346    -0.005    -0.534     0.373    -1.443     0.770     0.000     0.228     0.029    -0.701     0.340    -0.003    -0.833 

ddG: I7H     3.808    -4.627     1.113     6.587    -0.011    -1.636     0.001    -0.005     0.175    -0.525    -0.284     0.000     0.156     0.076     3.418    -0.048    -0.010    -0.571 

ddG: I7H     4.387    -5.428     1.270     7.240    -0.013    -0.916    -0.004    -0.042     0.262    -0.567    -0.316     0.000     0.082    -0.012     3.232     0.184    -0.013    -0.571 

ddG: I7I    -0.092    -0.407     0.194     0.392    -0.001    -0.222     0.001    -0.007     0.025    -0.134     0.055     0.000     0.001     0.034     0.003    -0.007    -0.018     0.000 

ddG: I7K     6.055    -8.986     3.582    14.237     0.002    -3.826    -0.006    -0.064    -0.141    -0.827    -2.984     0.000     0.321     0.322     5.037     0.768    -0.033    -1.348 

ddG: I7L     1.322    -0.917     0.680     1.303    -0.009     0.062     0.000    -0.038     0.436    -0.025    -0.021     0.000     0.263     0.021    -0.403     0.263    -0.015    -0.276 

ddG: I7M     2.962    -1.934     1.165     2.740    -0.013     1.380    -0.010    -0.589     0.010    -1.416     0.040     0.000    -0.280    -0.087     2.226     0.552    -0.010    -0.811 

ddG: I7N     4.469    -0.433     0.576     4.889    -0.005    -0.426    -0.010     0.054     0.170     0.006    -1.030     0.000    -0.101     0.398     2.241     0.280    -0.003    -2.137 

ddG: I7P    10.855     2.758     4.846    -0.144    -0.012     0.234     0.280     0.086     1.604    -0.009    -0.037     0.000     0.547     0.887     1.063     0.035    -0.017    -1.266 

ddG: I7Q     3.535    -1.783     0.015     5.931    -0.015    -0.645    -0.004    -0.029     0.200    -0.006    -1.259     0.000     0.126    -0.074     3.302     0.205    -0.007    -2.421 

ddG: I7R     7.835    -8.773     1.571    14.945    -0.006    -1.850     0.002     0.091     0.376    -0.137    -0.537     0.000     0.187     0.401     2.419     0.352    -0.026    -1.182 

ddG: I7S     6.283     4.972     0.073     2.127    -0.011     1.056    -0.003    -0.557     0.205    -1.441     0.774     0.000    -0.021    -0.078    -0.159     0.139    -0.004    -0.789 

ddG: I7T     3.939     2.230     0.315     2.782    -0.010     1.333    -0.004    -0.528     0.229    -1.444     0.761     0.000    -0.265    -0.060    -0.417    -0.173    -0.005    -0.804 

ddG: I7V     1.134     0.673     0.363     0.662    -0.003     0.241    -0.005    -0.042     0.123    -0.114     0.031     0.000    -0.151    -0.057    -0.387    -0.072    -0.024    -0.105 

ddG: I7W     4.100    -9.598     3.214     5.568     0.022     0.201    -0.004     0.045     0.009     0.008    -0.034     0.000     0.241    -0.204     4.181     0.336    -0.003     0.118 

ddG: I7Y     3.433    -6.665     3.033     4.018     0.017     0.536    -0.003     0.028     0.016    -0.133    -0.042     0.000     0.044    -0.080     3.063     0.349     0.097    -0.844 

