ddG: description total fa_atr fa_rep fa_sol fa_intra_rep fa_elec pro_close hbond_sr_bb hbond_lr_bb hbond_bb_sc hbond_sc dslf_fa13 rama omega fa_dun p_aa_pp yhh_planarity ref 
ddG: P92A     2.846     4.564    -0.961    -1.068    -0.003    -0.414    -0.027    -0.074    -0.076     0.011    -0.009     0.000    -0.103    -0.139    -0.662     0.829     0.000     0.979 

ddG: P92C     3.271    -3.320    -0.885     7.800    -0.006    -3.199    -0.028     0.166    -0.055     0.039    -1.571     0.000    -0.240    -0.414     3.204     1.088     0.000     0.692 

ddG: P92D     4.648     0.517    -0.291     4.976     0.007    -1.945    -0.020     0.240    -0.044    -0.459    -0.385     0.000    -0.171    -0.264     2.863     0.910     0.000    -1.286 

ddG: P92E     3.618    -4.890    -0.951     9.741    -0.001    -3.407    -0.017     0.166    -0.076     0.006    -1.552     0.000    -0.296    -0.403     5.848     1.058     0.000    -1.608 

ddG: P92F     1.178    -9.092    -1.600     7.656     0.028    -1.432    -0.029     0.236    -0.022    -0.016    -1.260     0.000    -0.298    -0.449     5.441     1.233     0.000     0.783 

ddG: P92G     4.271    -0.939    -1.020     6.703    -0.008    -3.180    -0.013     0.187    -0.034    -0.005    -1.569     0.000    -0.015    -0.424     2.806     1.349     0.000     0.434 

ddG: P92H     1.175    -1.117    -0.394     1.646     0.003    -0.869     0.014    -0.038    -0.075    -0.723    -0.005     0.000     0.005    -0.057     1.150     0.941     0.000     0.695 

ddG: P92H     1.053    -1.146    -0.377     1.647     0.003    -0.992     0.015    -0.035    -0.076    -0.721    -0.010     0.000    -0.001    -0.057     1.168     0.940     0.000     0.695 

ddG: P92I     2.187    -2.686    -0.291     4.474     0.018    -2.758     0.029     0.149    -0.050     0.029    -1.569     0.000    -0.108    -0.246     2.910     1.019     0.000     1.266 

ddG: P92K     3.875     1.809    -0.662     1.394     0.001    -0.175     0.012    -0.055    -0.079    -0.030    -0.013     0.000    -0.036    -0.094     0.908     0.978     0.000    -0.082 

ddG: P92L     3.117     0.949    -0.276     0.973     0.010    -0.837     0.014     0.223    -0.031     0.031    -0.381     0.000    -0.230    -0.187     0.883     0.986     0.000     0.990 

ddG: P92M     2.362     2.299    -0.948    -0.311     0.002    -0.340    -0.029    -0.063    -0.082     0.010    -0.012     0.000     0.011    -0.152     0.542     0.981     0.000     0.455 

ddG: P92N     3.445     1.330    -0.565     1.887     0.003    -1.024    -0.011    -0.021    -0.085    -0.584    -0.013     0.000     0.178    -0.065     2.170     1.116     0.000    -0.871 

ddG: P92P     0.239    -0.827     0.184     1.402     0.005    -0.485    -0.001     0.290     0.043     0.057    -0.387     0.000    -0.252    -0.185     0.359     0.036     0.000     0.000 

ddG: P92Q     2.790    -3.637    -0.819     6.850     0.004    -2.198    -0.022     0.156    -0.051     0.063    -1.578     0.000    -0.065    -0.334     4.546     1.027     0.000    -1.155 

ddG: P92R     4.427    -6.157    -0.594    10.553     0.003    -3.377     0.010     0.198    -0.055    -0.001    -1.567     0.000    -0.335    -0.380     4.974     1.069     0.000     0.084 

ddG: P92S     4.460     4.224    -0.929     0.209    -0.002    -0.199    -0.029    -0.090    -0.074     0.014    -0.008     0.000    -0.048    -0.133     0.143     0.904     0.000     0.477 

ddG: P92T     3.840    -3.897    -0.383     8.352    -0.001    -3.230     0.020     0.167    -0.042     0.001    -1.564     0.000    -0.161    -0.298     3.378     1.035     0.000     0.462 

ddG: P92V     1.886    -1.415    -0.398     3.425     0.013    -1.199     0.021    -0.977     0.133    -0.010    -0.356     0.000    -0.328    -0.187     1.292     0.711     0.000     1.162 

ddG: P92W     2.735    -4.021    -1.628     2.337     0.031     1.399    -0.029    -0.007    -0.095    -0.046     0.288     0.000    -0.069    -0.178     2.162     1.206     0.000     1.384 

ddG: P92Y     1.167    -6.048    -1.719     5.074     0.035     0.685    -0.037    -0.954     0.191     0.002    -0.075     0.000    -0.397    -0.331     3.319     0.996     0.001     0.423 

