ddG: description total fa_atr fa_rep fa_sol fa_intra_rep fa_elec pro_close hbond_sr_bb hbond_lr_bb hbond_bb_sc hbond_sc dslf_fa13 rama omega fa_dun p_aa_pp yhh_planarity ref 
ddG: L64A     1.043     3.913    -0.084    -2.686    -0.042    -0.046     0.015    -0.744    -0.012     0.676    -0.498    -0.037     0.059    -0.059     0.499     0.112    -0.011    -0.011 

ddG: L64C     2.521     2.726     0.109    -1.224    -0.037     0.373     0.014    -0.627    -0.056     0.744     0.105    -0.086     0.108     0.036     0.366     0.251     0.018    -0.298 

ddG: L64D     3.611     1.507    -1.120     1.353    -0.022     0.668     0.002    -0.446    -0.344     1.067    -0.504    -0.131     0.170    -0.954     4.955    -0.276    -0.040    -2.276 

ddG: L64E     1.691     1.891    -0.036    -0.002    -0.037     0.138     0.016    -0.707    -0.054     0.679    -0.497    -0.131     0.046    -0.143     2.996     0.150    -0.021    -2.598 

ddG: L64F     0.336    -2.257    -0.060    -0.236    -0.011     0.489     0.025    -0.544    -0.017     0.583     0.022    -0.096    -0.045    -0.145     2.581     0.252     0.004    -0.207 

ddG: L64G     3.298     7.118    -0.298    -5.113    -0.038     1.297     0.023    -0.579    -0.071     0.674     1.378    -0.099     0.327    -0.117    -0.955     0.319    -0.011    -0.556 

ddG: L64H     1.293     0.794     0.264    -1.744    -0.038     0.631     0.027    -0.704    -0.076     0.611     0.855    -0.138     0.265    -0.202     0.810     0.236    -0.002    -0.295 

ddG: L64H     1.579     0.786    -0.084    -1.037    -0.043     0.683     0.003    -0.014    -0.023     0.030     1.327    -0.095     0.051    -0.220     0.395     0.130    -0.015    -0.295 

ddG: L64I     2.402     0.151    -0.259    -0.374    -0.008    -0.641    -0.001    -0.213     0.021     0.151    -0.396    -0.036     0.076     0.503     2.557     0.617    -0.022     0.276 

ddG: L64K     1.547     1.041    -0.744    -0.466    -0.025     1.023     0.016    -0.488    -0.214     0.628    -0.024    -0.102    -0.128    -0.576     2.515     0.157     0.006    -1.072 

ddG: L64L    -0.424    -0.104    -0.109    -0.019     0.002    -0.167     0.002    -0.018    -0.014     0.164     0.099    -0.081    -0.081    -0.102     0.026    -0.013    -0.009     0.000 

ddG: L64M     1.301     1.910    -0.145    -1.144    -0.034     0.368     0.014    -0.627    -0.044     0.736     0.102    -0.091    -0.030    -0.117     0.796     0.120     0.019    -0.535 

ddG: L64N     0.838     1.018    -0.199     0.546    -0.034     0.224     0.018    -0.596    -0.047     0.679     0.017    -0.089    -0.103    -0.206     1.622    -0.150     0.000    -1.861 

ddG: L64P     3.658     2.043     4.681    -2.936    -0.030    -0.147     0.167    -0.421     0.098     0.681    -0.499     0.097     0.516     0.510     0.574    -0.687     0.003    -0.990 

ddG: L64Q     1.023     0.724    -0.741    -0.345    -0.031     1.040     0.016    -0.477    -0.219     0.633    -0.018    -0.108    -0.248    -0.522     3.327     0.134     0.002    -2.145 

ddG: L64R     2.257    -1.365    -0.860     2.910    -0.022     0.732     0.029    -1.054    -0.080     0.767     0.096    -0.101    -0.341    -0.431     2.776     0.098     0.008    -0.905 

ddG: L64S     1.909     2.969    -0.070    -0.071    -0.046    -0.445     0.019    -0.711    -0.029     0.671    -0.481    -0.039     0.064    -0.232     0.815     0.017    -0.011    -0.513 

ddG: L64T     2.605     1.541    -0.024     1.040    -0.030     0.368     0.018    -0.481    -0.080     0.744     0.101    -0.083     0.009    -0.068    -0.013     0.076     0.014    -0.527 

ddG: L64V     2.195     0.186     0.560    -1.075    -0.019     0.577     0.031    -0.398    -0.226     0.645    -0.442    -0.155     0.232    -0.518     1.890     0.767    -0.032     0.172 

ddG: L64W     1.999    -2.526     0.183     1.025    -0.007     0.377     0.020    -0.703    -0.045     0.747     0.105    -0.098     0.045    -0.044     2.392     0.140    -0.006     0.394 

ddG: L64Y    -0.041    -3.332     0.227     0.425    -0.008     0.231     0.018    -0.825    -0.040     0.715    -0.417    -0.134     0.176    -0.066     3.389     0.202    -0.034    -0.567 

