ddG: description total fa_atr fa_rep fa_sol fa_intra_rep fa_elec pro_close hbond_sr_bb hbond_lr_bb hbond_bb_sc hbond_sc dslf_fa13 rama omega fa_dun p_aa_pp yhh_planarity ref 
ddG: Y69A     1.192     4.746    -0.215    -1.239    -0.027    -0.260    -0.022     0.635     0.032    -0.315     0.672     0.029    -0.312    -0.412    -2.331    -0.321    -0.026     0.556 

ddG: Y69C     0.715     4.603    -0.056    -1.024    -0.026    -0.699    -0.030     0.477    -0.001    -0.417     0.078    -0.101     0.057    -0.339    -1.725    -0.320    -0.032     0.269 

ddG: Y69D     2.526     2.770    -0.172     2.571    -0.023    -0.158    -0.023     0.635    -0.005    -0.288     0.668    -0.052    -0.223    -0.455    -0.702    -0.282    -0.027    -1.709 

ddG: Y69E     2.598     3.382    -0.375     1.173    -0.024     0.432    -0.032     0.734    -0.004    -0.450     2.072    -0.057    -0.416    -0.116    -1.100    -0.593     0.003    -2.031 

ddG: Y69F     0.042    -0.293    -0.127     0.372     0.005    -0.076    -0.016     0.622    -0.002    -0.424     0.592    -0.050    -0.110    -0.217    -0.500    -0.090    -0.005     0.360 

ddG: Y69G     1.723     6.086    -0.172    -1.677    -0.026    -0.389    -0.022     0.590    -0.002    -0.473     0.672    -0.061     0.005    -0.412    -2.427     0.032    -0.011     0.011 

ddG: Y69H     1.099     0.782    -0.147     1.128    -0.022    -0.485    -0.025     0.622     0.008    -0.380     0.669    -0.052    -0.252    -0.298    -0.485    -0.255     0.018     0.272 

ddG: Y69H     2.007     1.216    -0.440     1.032    -0.022     0.297    -0.027     0.725     0.001    -0.562     2.066    -0.051    -0.355     0.003    -1.703    -0.461     0.015     0.272 

ddG: Y69I     1.930     5.637    -0.535    -2.848    -0.009     0.241    -0.016     0.228    -0.005    -0.054     0.531    -0.050    -0.092    -0.092    -2.051     0.233    -0.031     0.844 

ddG: Y69K     1.992     3.218    -0.088     0.679    -0.025     0.210    -0.025     0.703    -0.018    -0.301     0.667    -0.059    -0.264    -0.333    -1.546    -0.310    -0.013    -0.505 

ddG: Y69L     1.555     3.267    -0.410    -0.261    -0.018     0.717    -0.026     0.718     0.000    -0.538     2.074    -0.057    -0.335    -0.075    -3.605    -0.478     0.013     0.567 

ddG: Y69M    -0.024     2.938     0.027    -0.332    -0.024    -0.655    -0.028     0.489     0.003    -0.398     0.074    -0.086    -0.135    -0.416    -1.280    -0.221    -0.013     0.033 

ddG: Y69N     0.972     2.407    -0.496     0.636    -0.020    -0.144    -0.023     0.623    -0.138    -0.464     0.031    -0.020    -0.136    -0.616     0.851    -0.188    -0.037    -1.294 

ddG: Y69P     4.868     5.075     3.319    -3.794    -0.029    -0.028     0.564     0.108    -0.195    -0.240    -0.058    -0.119     0.413     0.547    -0.609     0.363    -0.027    -0.423 

ddG: Y69Q     0.993     3.863    -0.431    -0.257    -0.019    -0.271    -0.019     0.755     0.046    -0.493     0.519     0.034    -0.320    -0.405    -0.062    -0.345    -0.025    -1.578 

ddG: Y69R     1.781     1.260    -0.066     2.739    -0.019    -0.143    -0.030     0.602     0.003    -0.236    -0.060    -0.058    -0.295    -0.357    -0.811    -0.400    -0.010    -0.338 

ddG: Y69S    -0.297     5.060    -0.160    -0.396    -0.028    -1.259     0.016     0.010    -0.036    -0.327    -0.441    -0.096    -0.220    -0.176    -1.939    -0.326    -0.034     0.054 

ddG: Y69T     0.636     3.565    -0.140     0.709    -0.023    -0.974    -0.004     0.612     0.005    -0.340     0.149    -0.066    -0.210    -0.235    -2.281    -0.153    -0.016     0.040 

ddG: Y69V     2.226     5.751    -0.352    -3.011    -0.020     0.524    -0.023     0.060    -0.031    -0.090     1.486    -0.093    -0.022     0.192    -2.985     0.112    -0.011     0.739 

ddG: Y69W    -3.728    -4.577    -1.054     2.093    -0.001     0.116     0.010     0.305    -0.190    -0.564    -0.546    -0.046    -0.434    -0.402     0.743    -0.226     0.085     0.961 

ddG: Y69Y    -1.231     0.398    -0.468     0.058     0.000    -0.623     0.000     0.119     0.023    -0.527    -0.007     0.009    -0.062     0.003    -0.126    -0.019    -0.008     0.000 

