ddG: description total fa_atr fa_rep fa_sol fa_intra_rep fa_elec pro_close hbond_sr_bb hbond_lr_bb hbond_bb_sc hbond_sc dslf_fa13 rama omega fa_dun p_aa_pp yhh_planarity ref 
ddG: R4A     0.239    17.159    -1.367   -17.321    -0.040     2.439     0.006     0.384    -0.070     2.338     0.377     0.000    -0.393    -0.419    -3.515    -0.256     0.023     0.894 

ddG: R4C     0.022    14.298     0.514   -14.934    -0.057     1.267    -0.005     0.242     0.161     2.063    -2.494     0.000    -0.472    -0.032    -1.152    -0.003     0.021     0.607 

ddG: R4D     4.002    12.566    -1.292    -9.269    -0.010     2.331     0.005     0.375    -0.042     2.373     0.442     0.000     0.033    -0.369    -1.666    -0.110     0.005    -1.371 

ddG: R4E     1.560     7.039    -1.548    -5.435    -0.034     1.817    -0.004    -0.070     0.117    -0.228     0.610     0.000    -0.369    -0.584     1.899     0.014     0.030    -1.692 

ddG: R4F    -4.306     2.258     2.871   -12.623     0.012     1.195    -0.018    -0.180    -0.080     0.887    -2.461     0.000    -0.268     0.334     3.118    -0.072     0.023     0.698 

ddG: R4G     1.802    19.426     0.342   -17.162    -0.059     0.292    -0.003     0.450    -0.041     1.969    -2.187     0.000    -0.222    -0.325    -1.150     0.101     0.023     0.349 

ddG: R4H    -1.619     1.700    -0.912    -6.386    -0.015     1.341    -0.001    -0.113    -0.032     0.266     0.595     0.000    -0.101    -0.725     1.901     0.227     0.026     0.610 

ddG: R4H    -1.636     6.228    -0.053   -11.575    -0.016     2.432    -0.002    -0.122    -0.046     1.411     0.858     0.000     0.118    -0.689    -1.047     0.230     0.027     0.610 

ddG: R4I    -3.400     9.709     0.067   -15.474    -0.007     1.808     0.001    -0.078     0.005     1.265     0.867     0.000     0.242    -0.779    -2.883     0.666     0.007     1.182 

ddG: R4K     3.056     5.292     1.910    -3.420    -0.047    -2.288    -0.008     0.015     0.034     0.373    -1.790     0.000    -0.150    -0.303     3.501     0.089     0.015    -0.167 

ddG: R4L    -3.356     9.243    -0.667   -14.259    -0.026     2.001     0.004     0.377     0.144     2.294     0.380     0.000    -0.093    -0.290    -3.395     0.017     0.009     0.905 

ddG: R4M    -3.331     8.482    -1.185   -13.419    -0.039     2.446     0.001     0.332    -0.032     2.440     0.464     0.000    -0.285    -0.529    -2.259    -0.141     0.025     0.371 

ddG: R4N     0.763    11.662    -1.865   -12.035    -0.021     1.799    -0.004    -0.097     0.056     1.071     0.645     0.000    -0.056    -0.637     1.025     0.138     0.038    -0.955 

ddG: R4P     5.730     9.194     4.113   -12.630    -0.027     2.247     0.146     0.766     0.834     0.841     0.909     0.000     0.440     1.919    -2.224    -0.774     0.061    -0.084 

ddG: R4Q    -3.566     5.922    -0.078    -9.981    -0.027     2.775    -0.006    -0.257     0.229    -0.473     0.934     0.000    -0.070    -0.407    -0.880    -0.033     0.025    -1.240 

ddG: R4R     0.266     0.338    -0.142    -0.356    -0.007     0.337    -0.001    -0.025    -0.004     0.131     0.055     0.000     0.019    -0.046    -0.057     0.009     0.015     0.000 

ddG: R4S     0.816    16.675    -1.882   -15.498    -0.038     1.718    -0.004    -0.104     0.041     1.079     0.642     0.000    -0.426    -0.662    -0.850    -0.297     0.030     0.392 

ddG: R4T    -0.720    13.995     0.409   -13.644    -0.054     0.017     0.001     0.432    -0.015     1.967    -2.372     0.000    -0.418    -0.266    -1.086    -0.076     0.013     0.378 

ddG: R4V    -1.902    10.811    -0.294   -15.233    -0.015     3.270    -0.003    -0.248     0.197     1.249     0.826     0.000     0.200    -0.404    -3.642     0.283     0.024     1.077 

ddG: R4W    -1.958    -4.762     1.463    -5.140     0.038     1.776     0.006     0.423    -0.035     0.533     0.467     0.000     0.047    -0.235     2.046     0.088     0.026     1.299 

ddG: R4Y    -5.770    -0.464     2.806    -8.936    -0.002    -0.949    -0.009    -0.022     0.064     0.061    -1.885     0.000    -0.241     0.013     3.088     0.245     0.122     0.338 

