ddG: description total fa_atr fa_rep fa_sol fa_intra_rep fa_elec pro_close hbond_sr_bb hbond_lr_bb hbond_bb_sc hbond_sc dslf_fa13 rama omega fa_dun p_aa_pp yhh_planarity ref 
ddG: L21A     2.509     4.380     0.011    -1.379    -0.008     0.009     0.018    -0.070     0.025    -0.058    -0.041     0.001    -0.118     0.038    -0.195    -0.087    -0.005    -0.011 

ddG: L21C     3.262     3.488    -0.024    -0.150    -0.008     0.019     0.017    -0.022     0.024    -0.069    -0.029     0.000    -0.012     0.063    -0.057     0.336    -0.013    -0.298 

ddG: L21D     5.335     1.720     0.012     4.193    -0.005     0.268     0.017    -0.050     0.053    -0.056    -0.054    -0.001    -0.040     0.032     1.364     0.167    -0.009    -2.276 

ddG: L21E     4.470    -0.016    -0.003     4.829    -0.004     0.115     0.010    -0.034     0.025    -0.025    -0.035     0.001    -0.162     0.047     2.328    -0.014     0.005    -2.598 

ddG: L21F     0.932    -2.052     0.010     0.472     0.019     0.094     0.002    -0.009    -0.006    -0.025     0.013     0.001     0.046     0.014     2.255     0.309    -0.004    -0.207 

ddG: L21G     4.964     7.067    -0.038    -1.868    -0.010    -0.041     0.022    -0.043     0.038    -0.065    -0.035     0.000     0.221     0.037    -0.212     0.484    -0.036    -0.556 

ddG: L21H     2.884    -0.847    -0.031     1.556    -0.004     0.147     0.009    -0.002     0.017    -0.022    -0.011     0.000     0.025     0.024     2.084     0.240    -0.004    -0.295 

ddG: L21H     2.887    -0.426    -0.149     1.231    -0.004     0.168     0.009    -0.002     0.027    -0.045     0.016     0.000     0.035     0.010     2.068     0.237     0.007    -0.295 

ddG: L21I     0.636    -0.805     0.812     0.132     0.016     0.246     0.000    -0.199     0.088    -0.022    -0.088     0.001     0.178    -0.035    -0.172     0.284    -0.076     0.276 

ddG: L21K     3.310     0.537    -0.032     2.995    -0.006     0.156     0.009     0.022     0.017    -0.045    -0.005     0.002    -0.143     0.076     0.695     0.119    -0.015    -1.072 

ddG: L21L     0.352     0.048    -0.015    -0.005     0.002     0.284     0.000    -0.009    -0.021    -0.004     0.044     0.000     0.004     0.015     0.002     0.008    -0.005     0.000 

ddG: L21M     1.051    -0.480     0.148     0.649    -0.006     0.057     0.007     0.004     0.021     0.014    -0.015     0.001    -0.034     0.044     1.188    -0.024     0.011    -0.535 

ddG: L21N     2.614     1.443    -0.022     1.748    -0.005    -0.059     0.016    -0.012     0.029    -0.060    -0.038     0.000     0.091     0.054     1.081     0.221    -0.013    -1.861 

ddG: L21P    12.101     3.678     6.065    -2.542    -0.007     0.202     0.528     1.997     0.045    -1.035    -0.001     0.000     0.826     2.477     1.757    -0.900     0.000    -0.990 

ddG: L21Q     2.554    -6.250    -0.016     9.775    -0.014    -0.037     0.017    -0.106     0.132    -0.198    -1.143     0.002     0.030    -0.244     2.878    -0.125    -0.002    -2.145 

ddG: L21R     3.035    -1.428     0.089     4.601     0.002    -0.635     0.019    -0.001     0.027    -0.272    -0.044     0.001    -0.125     0.005     1.705     0.008    -0.012    -0.905 

ddG: L21S     4.486     4.181     0.078     0.190    -0.008     0.187     0.015    -0.111     0.033    -0.062    -0.121     0.002     0.026     0.043     0.280     0.275    -0.009    -0.513 

ddG: L21T     2.992     2.057     0.480     0.607     0.003     0.153    -0.003    -0.145     0.087    -0.067    -0.043     0.001     0.112     0.094    -0.178     0.420    -0.060    -0.527 

ddG: L21V     1.389     0.822     0.744    -0.401     0.012    -0.039     0.001    -0.132     0.100    -0.063    -0.063     0.001     0.115     0.052    -0.213     0.356    -0.074     0.172 

ddG: L21W    -1.198    -7.738     0.386     3.077     0.020     0.050     0.007    -0.099     0.004    -0.010     0.018     0.002    -0.082     0.043     2.575     0.141     0.014     0.394 

ddG: L21Y     0.537    -2.072    -0.028     0.707     0.019     0.041     0.001    -0.011    -0.011    -0.070    -0.003     0.001     0.022     0.005     2.218     0.294    -0.008    -0.567 

