ddG: description total fa_atr fa_rep fa_sol fa_intra_rep fa_elec pro_close hbond_sr_bb hbond_lr_bb hbond_bb_sc hbond_sc dslf_fa13 rama omega fa_dun p_aa_pp yhh_planarity ref 
ddG: H119A     0.690    14.555     0.077   -10.077     0.012     1.857    -0.015    -0.636     0.422    -1.141     0.399     0.000    -0.301    -0.075    -4.452    -0.220     0.001     0.284 

ddG: H119C     0.938    13.085    -1.374    -7.191     0.001     0.187    -0.015    -0.490     0.291    -1.406     0.214     0.000    -0.346    -0.488    -1.366    -0.166     0.005    -0.003 

ddG: H119D     6.518     8.510    -0.605     0.788     0.020     2.792    -0.006    -0.372     0.301    -0.105    -0.024     0.000    -0.137     0.150    -2.533    -0.276    -0.004    -1.981 

ddG: H119E     5.822     4.254     0.531     3.116     0.016     2.200    -0.011    -0.399     0.102    -1.184     0.409     0.000    -0.158    -0.202    -0.514    -0.037     0.004    -2.303 

ddG: H119F    -0.604    -4.096     5.628    -0.674     0.095    -3.085    -0.017     0.070     0.632    -1.325    -2.746     0.000    -0.058     0.799     3.369     0.732    -0.016     0.088 

ddG: H119G     2.579    18.246    -1.275    -9.939     0.000     0.620    -0.001     0.003     0.162    -0.144    -0.027     0.000    -0.128    -0.373    -4.542     0.252    -0.014    -0.261 

ddG: H119H    -1.460    -0.828     1.022    -0.048     0.009    -0.669    -0.004    -0.425     0.071    -1.175     0.402     0.000     0.177    -0.288     0.234     0.071    -0.010     0.000 

ddG: H119H    -0.735    -1.591     1.146    -0.171     0.014     0.673    -0.007    -0.624     0.268    -1.136     0.427     0.000     0.096     0.119     0.119    -0.068     0.001     0.000 

ddG: H119I     9.190     5.861     3.536    -5.894     0.027     1.820    -0.048     0.011     0.400    -0.064    -0.099     0.000     0.613     2.722    -1.157     0.894    -0.001     0.571 

ddG: H119K     6.323     0.425     3.105     8.475     0.007    -3.703    -0.026    -0.474    -0.064    -1.242    -0.382     0.000    -0.222    -0.283     1.206     0.288    -0.010    -0.777 

ddG: H119L     0.188     6.251     2.448    -4.850     0.014    -1.567    -0.013     0.054    -0.003    -0.478    -2.705     0.000    -0.112    -0.069     0.981    -0.055    -0.002     0.295 

ddG: H119M     1.166     6.088     4.258    -4.837    -0.004    -0.597    -0.035    -0.638     0.077    -1.373    -2.758     0.000    -0.168     0.353     1.196    -0.152    -0.007    -0.240 

ddG: H119N     0.940     6.994     0.039    -2.703     0.028     1.587    -0.014    -0.648     0.493    -1.172     0.407     0.000     0.091     0.041    -2.322    -0.317     0.001    -1.566 

ddG: H119P    10.845    13.170     8.391   -10.092     0.003     0.554     1.048     0.427     1.286     0.088     0.026     0.000    -0.805     1.208    -3.412    -0.340    -0.012    -0.695 

ddG: H119Q     0.706     3.718    -0.357     0.535     0.009    -0.037    -0.006     0.143     0.015    -0.805    -0.057     0.000    -0.287    -0.119    -0.394     0.213    -0.015    -1.850 

ddG: H119R     6.171     7.619     1.899    -0.884     0.067    -0.785    -0.025    -0.493     0.105    -0.825     0.646     0.000     0.228     0.711    -1.471    -0.010     0.002    -0.610 

ddG: H119S     1.491    14.776     2.043    -6.831    -0.007    -0.995    -0.030    -0.580     0.189    -1.565    -2.783     0.000    -0.634     0.135    -1.700    -0.306    -0.006    -0.218 

ddG: H119T     7.071    12.775     1.413    -6.402     0.011     0.346    -0.061     0.381     0.337     0.027    -0.056     0.000     0.138     1.047    -3.322     0.668     0.002    -0.232 

ddG: H119V     3.408    11.199     0.908    -7.405     0.036     0.438    -0.026    -0.008     0.155     0.201     0.251     0.000    -0.054     0.416    -3.785     0.629    -0.014     0.467 

ddG: H119W     5.354    -2.490     4.121     0.183     0.075     0.668    -0.017    -0.132     0.431    -1.043    -0.175     0.000    -0.425     1.183     2.349    -0.060    -0.005     0.689 

ddG: H119Y     1.033    -4.247     4.247     0.936     0.093    -0.090     0.004    -0.015     1.477    -2.565    -0.105     0.000     0.073     0.314     0.711     0.427     0.044    -0.272 

