ddG: description total fa_atr fa_rep fa_sol fa_intra_rep fa_elec pro_close hbond_sr_bb hbond_lr_bb hbond_bb_sc hbond_sc dslf_fa13 rama omega fa_dun p_aa_pp yhh_planarity ref 
ddG: N39A     5.029     7.696    -0.260    -6.932    -0.005     1.101    -0.009    -0.026    -0.054     2.355     0.052     0.001     0.489    -0.135    -1.867     0.793    -0.021     1.849 

ddG: N39C     5.557     5.302    -0.091    -4.696    -0.001     1.120    -0.007     0.076    -0.044     2.357    -0.044     0.000     0.320    -0.235    -0.623     0.560    -0.002     1.563 

ddG: N39D     5.690     0.677    -0.042     3.167     0.003    -0.107     0.003     0.015    -0.009     1.490     0.018    -0.001     0.205     0.075     0.276     0.347    -0.009    -0.415 

ddG: N39E    10.809    -1.077     0.749     3.607     0.002     0.923     0.017     0.216    -0.045     2.380    -0.079    -0.001     0.644    -0.096     3.814     0.504    -0.012    -0.737 

ddG: N39F     8.187    -2.589     5.349    -6.912     0.048     1.629    -0.019     0.557    -0.082     2.401    -0.086    -0.003     0.569    -0.306     5.078     0.913    -0.013     1.654 

ddG: N39G     5.669    10.339    -0.601    -7.168    -0.008     1.156    -0.004    -0.106    -0.027     2.362     0.121     0.002     0.173    -0.102    -1.701    -0.056    -0.014     1.304 

ddG: N39H     2.621   -10.092     2.866     7.195     0.010     0.661     0.012     0.326    -0.029     0.442    -1.312     0.001     1.091    -0.634     1.066    -0.520    -0.028     1.566 

ddG: N39H     2.306    -4.128     2.980    -0.201     0.018     0.897    -0.005     0.387    -0.155     0.691    -0.211     0.000     1.055    -0.382     0.252    -0.413    -0.044     1.566 

ddG: N39I     6.475     1.250     3.045    -5.731     0.021     1.006    -0.004    -0.041    -0.120     2.287    -0.236     0.000     1.668     0.059    -0.218     1.356    -0.006     2.137 

ddG: N39K    12.053     0.970     3.013     0.001     0.283     1.025    -0.002     0.331    -0.050     2.382    -0.068    -0.003     0.846    -0.228     2.706     0.074    -0.016     0.789 

ddG: N39L     3.544     0.672     1.074    -5.697     0.071     1.029     0.002     0.013    -0.020     2.356    -0.098     0.000     0.557     0.190     0.345     1.175     0.015     1.861 

ddG: N39M     5.448     0.214     1.354    -3.991     0.091     1.148    -0.014     0.111    -0.043     2.353    -0.102     0.000     0.471    -0.046     1.671     0.898     0.006     1.326 

ddG: N39N    -0.035     0.425    -0.130    -0.328     0.000     0.016     0.002    -0.002     0.003    -0.032     0.039    -0.001     0.016    -0.035    -0.017     0.001     0.007     0.000 

ddG: N39P    70.891     3.559     3.693    -6.057     0.184     3.251     8.112     0.978    -0.047     2.234    -0.102     0.001     1.698    38.910    13.775    -0.083    -0.086     0.871 

ddG: N39Q     5.861    -3.210     3.429     1.164     0.015     0.119    -0.016     0.045    -0.045     0.596    -0.273    -0.001     0.964    -0.358     2.809     0.714     0.193    -0.284 

ddG: N39R     7.922   -11.909     0.671    13.573     0.063    -0.137     0.001     0.066     0.221     0.690    -1.112     0.000     0.640     0.001     3.953     0.216     0.029     0.955 

ddG: N39S     6.868     6.633    -0.055    -4.060    -0.005     1.293    -0.009     0.034    -0.073     2.299    -0.074    -0.001     0.484    -0.143    -1.612     0.807     0.002     1.348 

ddG: N39T     5.832     4.056    -0.208    -3.674     0.004     1.549    -0.002     0.084    -0.036     2.304    -0.011     0.000     1.221    -0.140    -1.553     0.894     0.012     1.333 

ddG: N39V     4.472     2.961     1.128    -6.295     0.016     1.227    -0.004    -0.096    -0.118     2.303    -0.051     0.001     1.092    -0.152    -1.217     1.661    -0.017     2.032 

ddG: N39W     8.782    -9.155     3.533     1.259     0.702     0.434    -0.019     0.236    -0.010     2.152    -0.248    -0.001     0.619     1.235     4.846     0.976    -0.031     2.255 

ddG: N39Y     9.940    -7.629     5.909    -1.675     0.050     1.173    -0.027     0.288    -0.073     2.427    -0.001    -0.002     0.986    -0.130     5.891     1.403     0.057     1.294 

