ddG: description total fa_atr fa_rep fa_sol fa_intra_rep fa_elec pro_close hbond_sr_bb hbond_lr_bb hbond_bb_sc hbond_sc dslf_fa13 rama omega fa_dun p_aa_pp yhh_planarity ref 
ddG: V58A     0.832     2.396     0.121    -0.580    -0.013     0.076    -0.001    -0.094    -0.015    -0.049    -0.143     0.001    -0.071    -0.120    -0.187    -0.295    -0.009    -0.183 

ddG: V58C     1.488     1.271     0.079     0.595    -0.013    -0.112    -0.006    -0.012    -0.009    -0.062    -0.017    -0.001    -0.074    -0.058     0.489    -0.098    -0.015    -0.470 

ddG: V58D     3.787    -0.979     0.109     4.943    -0.011    -0.118    -0.008    -0.062     0.008    -0.010     0.003     0.001    -0.012    -0.059     2.583    -0.151    -0.002    -2.448 

ddG: V58E     1.937    -0.789     0.139     3.015    -0.006     0.113    -0.008    -0.035    -0.005    -0.081    -0.021    -0.001    -0.068     0.008     2.598    -0.136    -0.017    -2.769 

ddG: V58F    -1.211    -4.840     0.480     1.446     0.016     0.113     0.013     0.099     0.032     0.097     0.010    -0.001    -0.112    -0.304     2.278    -0.164     0.006    -0.379 

ddG: V58G     2.526     4.262    -0.005    -0.953    -0.015     0.131    -0.008    -0.050     0.006    -0.182    -0.033     0.001     0.223    -0.158    -0.086     0.133    -0.014    -0.728 

ddG: V58H     0.019    -3.604     0.398     2.663    -0.009     0.090    -0.007    -0.005     0.014     0.084    -0.049     0.001    -0.046    -0.270     1.361    -0.129    -0.007    -0.467 

ddG: V58H     0.011    -3.188     0.265     2.369    -0.009     0.103    -0.012    -0.013     0.021     0.057    -0.003     0.000    -0.052    -0.263     1.351    -0.152     0.004    -0.467 

ddG: V58I     0.005    -0.925     0.143     0.274     0.009     0.016     0.010     0.047     0.006     0.172     0.030     0.001    -0.007    -0.011     0.195    -0.061     0.001     0.105 

ddG: V58K     0.631    -0.749     0.117     1.599    -0.008    -0.050    -0.004    -0.018     0.002    -0.081    -0.037     0.000    -0.030     0.024     1.172    -0.050    -0.014    -1.244 

ddG: V58L     0.083    -1.285     0.206     0.763    -0.005    -0.115     0.001    -0.022    -0.018    -0.009    -0.066     0.001     0.024     0.103     0.689     0.016    -0.028    -0.172 

ddG: V58M     0.857     0.136    -0.019     0.581    -0.010     0.199    -0.006    -0.080     0.004     0.036     0.014     0.002    -0.073    -0.138     1.115    -0.186    -0.008    -0.706 

ddG: V58N     2.617    -1.077     0.111     2.885    -0.009     0.381     0.001     0.002    -0.003    -0.001    -0.037     0.001     0.098    -0.109     2.284     0.110     0.012    -2.032 

ddG: V58P    -2.883    -0.301     0.539    -0.561    -0.013     0.123     0.009    -0.053     0.025    -0.145     0.001     0.000    -0.154    -0.058    -0.024    -1.109    -0.002    -1.162 

ddG: V58Q    -0.197    -2.044     0.114     3.290    -0.005    -1.176     0.002     0.027     0.002     0.079    -0.954     0.000    -0.081     0.109     2.690    -0.006     0.072    -2.317 

ddG: V58R     0.950    -1.588    -0.109     4.401    -0.001    -1.009    -0.007    -0.052     0.032     0.104    -1.274    -0.002    -0.030    -0.205     1.881    -0.128     0.013    -1.077 

ddG: V58S     1.574     2.161    -0.004     0.842    -0.013    -0.480    -0.007    -0.013     0.000    -0.051    -0.034     0.000    -0.097    -0.145     0.349    -0.238    -0.012    -0.685 

ddG: V58T     1.376     0.698     0.289     1.209    -0.003    -0.149     0.000     0.039     0.001     0.040    -0.060     0.000     0.050     0.000    -0.036     0.017    -0.021    -0.699 

ddG: V58V    -0.014     0.001     0.025    -0.028     0.000     0.009     0.000     0.006    -0.003     0.010    -0.049     0.001     0.026    -0.018    -0.016     0.031    -0.007     0.000 

ddG: V58W    -1.064    -7.235     0.560     2.838     0.014    -0.177    -0.006     0.059     0.031     0.226    -0.041    -0.001    -0.070    -0.019     2.688    -0.147    -0.006     0.222 

ddG: V58Y    -1.633    -5.288     0.478     2.287     0.016    -0.185     0.017     0.102     0.017     0.122     0.021     0.000    -0.131    -0.293     2.098    -0.151    -0.004    -0.739 

