ddG: description total fa_atr fa_rep fa_sol fa_intra_rep fa_elec pro_close hbond_sr_bb hbond_lr_bb hbond_bb_sc hbond_sc dslf_fa13 rama omega fa_dun p_aa_pp yhh_planarity ref 
ddG: A102A    -0.198    -0.586    -0.550     0.221     0.005     0.227     0.003     0.089    -0.202    -0.031    -0.034    -0.092    -0.122    -0.363     1.165     0.068     0.005     0.000 

ddG: A102C     2.624    -2.715     1.552     2.714    -0.004     0.054     0.010     0.394    -0.015    -0.039    -0.831    -0.074     0.004     0.723     0.804     0.210     0.124    -0.287 

ddG: A102D     7.412    -4.484     1.361     9.563     0.016     0.514    -0.005    -0.658     0.141     0.357     0.254    -0.024     0.188     0.327     2.569    -0.406    -0.037    -2.265 

ddG: A102E     6.696    -7.720     3.209    10.313     0.044    -0.221    -0.017    -0.870     0.090     0.243     0.227    -0.083     0.158     0.574     3.958    -0.581    -0.040    -2.586 

ddG: A102F     5.382    -4.216     3.108    -0.654     0.308     2.211     0.090    -0.605     0.048    -0.194     0.919    -0.024     0.666     0.332     4.015    -0.441     0.018    -0.196 

ddG: A102G     1.051     2.812    -0.800     0.554    -0.018    -0.575    -0.012     0.601     0.024    -0.648     0.345    -0.081     0.127     0.070    -1.096     0.206     0.085    -0.545 

ddG: A102H     6.506   -11.116     3.776     5.608     0.097     0.452    -0.001    -0.015    -0.017    -0.034     1.479    -0.075     0.704     0.325     6.003    -0.338    -0.057    -0.284 

ddG: A102H     5.710   -11.661     5.793     5.563     0.051    -0.174    -0.030    -0.133    -0.049     0.305     0.082    -0.069     0.495     0.675     5.220    -0.054    -0.019    -0.284 

ddG: A102I     0.769    -7.299     3.852     1.209     0.040     0.128     0.006    -0.151     0.013     0.140    -0.321     0.042     0.689     1.179     1.156    -0.257     0.057     0.288 

ddG: A102K    10.005    -8.701     6.154     8.157     0.035     0.668    -0.022    -0.230    -0.093     0.099     0.511     0.057     0.031     0.782     3.994    -0.454     0.075    -1.061 

ddG: A102L     4.927    -4.283     6.438    -0.196     0.044     0.335    -0.026    -0.224     0.134     0.282    -0.234     0.044     0.119     0.788     2.159    -0.580     0.116     0.011 

ddG: A102M     1.338    -7.300     3.387     3.203     0.008     0.318     0.021    -0.584     0.138    -0.008    -0.374    -0.027     0.078     1.210     1.849    -0.200     0.141    -0.523 

ddG: A102N     5.645    -5.848     1.137     6.561     0.022     1.057    -0.007     0.192    -0.193     0.133     0.647    -0.073     0.188    -0.136     3.721     0.108    -0.015    -1.849 

ddG: A102P    11.136    -1.699     5.139    -0.537    -0.007     0.990     0.314     3.529     0.007    -0.564     1.674     0.585     0.597     1.917     0.250    -0.104     0.022    -0.979 

ddG: A102Q     4.344    -8.472     3.594     6.484     0.011     0.254     0.011     0.000    -0.002    -0.010    -0.524    -0.016     0.274     1.278     3.750    -0.256     0.102    -2.134 

ddG: A102R     7.758   -11.153     3.242    11.696     0.007     0.217    -0.002     0.812     0.048    -0.681     0.490     0.006     0.113     1.505     2.565    -0.283     0.071    -0.894 

ddG: A102S    -0.522    -0.307     0.020     3.041    -0.013    -1.429    -0.013     0.608     0.022    -0.494    -1.683    -0.083     0.017    -0.199     0.211     0.306    -0.025    -0.502 

ddG: A102T    -0.248    -2.220     0.903     2.957     0.018    -0.277    -0.005     0.079    -0.043    -0.022    -0.216    -0.114     0.126     0.537    -1.290    -0.116    -0.048    -0.516 

ddG: A102V    -0.249    -4.033     2.706     0.720     0.025    -0.422    -0.010     0.387     0.068    -0.413    -0.418     0.043     0.376     0.657    -0.023    -0.120     0.023     0.183 

ddG: A102W     7.017   -21.071    10.111     7.254     0.115    -0.551    -0.038     0.051     0.018     0.069    -0.879     0.016     0.879     0.749     9.968    -0.127     0.048     0.405 

ddG: A102Y    12.400   -11.030     7.351     4.119     0.138     0.311    -0.023     0.907     0.042    -0.339    -0.127    -0.004     0.705     0.048    11.240    -0.398     0.014    -0.556 

