ddG: description total fa_atr fa_rep fa_sol fa_intra_rep fa_elec pro_close hbond_sr_bb hbond_lr_bb hbond_bb_sc hbond_sc dslf_fa13 rama omega fa_dun p_aa_pp yhh_planarity ref 
ddG: K33A     0.717     4.356    -2.267    -4.629     0.011     2.057     0.001    -0.622     0.138    -0.858     3.083     0.000     0.154    -0.502    -1.097    -0.189     0.021     1.061 

ddG: K33C    -0.317     2.350    -0.844    -3.235     0.019     1.779     0.004    -0.573     0.050    -0.672     3.253     0.000     0.533    -0.532    -3.411     0.183     0.006     0.774 

ddG: K33D     1.692    -1.336    -0.793     3.135     0.023     1.634     0.006    -0.577     0.085    -0.626     3.249     0.000     0.608    -0.565    -2.019     0.066     0.006    -1.204 

ddG: K33E    -1.289    -1.473    -0.706     1.798     0.023     0.360     0.005    -0.536     0.038    -0.708     2.605     0.000     0.426    -0.543    -0.851    -0.207     0.006    -1.526 

ddG: K33F    -1.557     1.452    -0.459    -4.163     0.045    -0.260     0.003    -0.541     0.075    -0.756     1.740     0.000     0.631    -0.721     0.530    -0.020     0.020     0.865 

ddG: K33G     1.772     5.413    -0.759    -5.778     0.023     3.192     0.001    -0.780     0.248    -0.701     3.277     0.000     0.682    -0.132    -3.623     0.175     0.016     0.516 

ddG: K33H     0.701     1.618    -0.746    -3.480     0.022     2.286     0.004    -0.650     0.055    -0.642     3.238     0.000     0.639    -0.682    -1.823     0.064     0.020     0.777 

ddG: K33H     1.285     1.773     0.084    -2.701    -0.005     0.449     0.003    -0.141     0.025     0.022     0.235     0.000     0.259    -0.228     0.671     0.062     0.000     0.777 

ddG: K33I    -1.253     0.319    -1.142    -3.352     0.038     1.311     0.005    -0.339     0.170     0.353     1.296     0.000     0.362     0.010    -1.349    -0.296     0.012     1.348 

ddG: K33K     0.579     0.376    -1.708    -0.783     0.020     2.218     0.008    -0.083    -0.037     0.391     2.809     0.000     0.166    -0.146    -2.536    -0.119     0.001     0.000 

ddG: K33L     0.786     2.618    -1.544    -3.340     0.022     2.140     0.008    -0.208     0.012     0.419     2.779     0.000     0.338    -0.290    -2.989    -0.251     0.001     1.072 

ddG: K33M    -1.425    -0.093    -0.803    -1.901     0.014     1.281     0.002    -0.558     0.037    -0.693     3.289     0.000     0.509    -0.518    -2.354    -0.180     0.005     0.537 

ddG: K33N     0.210    -1.341    -0.779     0.285     0.024     2.485     0.005    -0.562     0.069    -0.614     3.245     0.000     0.735    -0.566    -2.184     0.176     0.020    -0.789 

ddG: K33P    14.036     3.865     4.768    -7.688     0.021     1.752     0.213     1.619     0.139    -0.651     1.647     0.000     0.443     1.276     6.375     0.156     0.019     0.082 

ddG: K33Q    -1.957    -0.183    -1.458    -0.821     0.013    -0.171     0.009     0.044    -0.022    -0.293     1.196     0.000     0.259    -0.198     1.024    -0.297     0.016    -1.073 

ddG: K33R     1.960    -4.154    -2.198     3.438     0.018     1.524     0.001    -0.423     0.114    -0.899     3.089     0.000     0.118    -0.274     1.511    -0.094     0.021     0.167 

ddG: K33S     2.839     3.296    -1.649    -2.453     0.005     3.038     0.006    -0.389     0.151     0.529     2.860     0.000     0.204     0.120    -3.378    -0.070     0.012     0.559 

ddG: K33T     0.258     2.488    -0.390    -3.028     0.032     1.041    -0.001    -0.733     0.278    -0.742     1.771     0.000     0.551    -0.245    -1.265    -0.060     0.017     0.544 

ddG: K33V     0.131     1.834    -1.570    -3.103     0.032     2.203     0.009    -0.177    -0.029     0.425     2.807     0.000     0.451    -0.250    -3.669    -0.077     0.001     1.244 

ddG: K33W    -3.054    -0.890    -0.709    -2.747     0.051    -1.195     0.002    -0.464     0.089    -0.787     0.993     0.000     0.392    -0.768     1.546    -0.038     0.006     1.466 

ddG: K33Y    -1.003     0.089    -0.301    -3.060     0.047     0.865     0.000    -0.757     0.277    -0.742     1.816     0.000     0.481    -0.271     0.142    -0.111     0.017     0.505 

