ddG: description total fa_atr fa_rep fa_sol fa_intra_rep fa_elec pro_close hbond_sr_bb hbond_lr_bb hbond_bb_sc hbond_sc dslf_fa13 rama omega fa_dun p_aa_pp yhh_planarity ref 
ddG: Y25A     2.646     5.399    -0.460    -0.439    -0.031     1.542    -0.010    -0.668    -0.002    -1.403     0.781     0.000    -0.267    -0.129    -2.384     0.172    -0.010     0.556 

ddG: Y25C     3.801     4.056    -0.579     1.808    -0.034     1.821    -0.009    -0.703     0.052    -1.424     0.780     0.000    -0.141    -0.180    -2.441     0.542    -0.015     0.269 

ddG: Y25D     5.054     2.289     0.077     5.787    -0.027     0.712    -0.007    -0.599     0.026    -1.427     0.775     0.000    -0.193    -0.173    -0.732     0.264    -0.007    -1.709 

ddG: Y25E     3.577     2.459    -0.298     3.481    -0.026     1.309    -0.003    -0.595     0.002    -1.419     0.779     0.000    -0.296    -0.195     0.313     0.110    -0.013    -2.031 

ddG: Y25F    -0.061    -0.906     0.242     0.604    -0.004     0.033    -0.008    -0.036     0.063    -0.130     0.051     0.000    -0.088    -0.034    -0.255     0.077    -0.029     0.360 

ddG: Y25G     5.076     8.047    -0.459    -0.775    -0.033     1.398    -0.011    -0.632    -0.003    -1.403     0.780     0.000     0.061    -0.154    -2.427     0.683    -0.007     0.011 

ddG: Y25H     1.939    -0.648    -0.354     2.764    -0.028     0.386    -0.016    -0.042     0.059    -0.107     0.051     0.000    -0.137    -0.069    -0.192     0.034    -0.033     0.272 

ddG: Y25H     2.369     0.419    -0.536     1.102    -0.024     0.754    -0.015     0.013     0.004     0.079     0.735     0.000    -0.155    -0.079    -0.143     0.014    -0.071     0.272 

ddG: Y25I     4.591     3.461     0.525     0.217    -0.002     0.037    -0.012    -0.104     0.339     0.047     0.013     0.000     0.153     0.080    -1.134     0.131    -0.004     0.844 

ddG: Y25K     2.699     3.879    -1.020     1.340    -0.027     0.195    -0.004    -0.047     0.064     0.016    -0.002     0.000    -0.198    -0.028    -0.846    -0.113    -0.005    -0.505 

ddG: Y25L     2.739     2.290    -0.558     0.126    -0.018     0.221    -0.012    -0.056     0.052    -0.097     0.051     0.000    -0.156    -0.104     0.540    -0.077    -0.030     0.567 

ddG: Y25M     0.746     3.696    -0.611    -0.739    -0.025     0.167    -0.003     0.000    -0.044     0.010    -0.003     0.000    -0.163    -0.157    -1.325    -0.082    -0.006     0.033 

ddG: Y25N     3.149     2.644    -0.823     3.003    -0.031    -0.441    -0.005    -0.048     0.039     0.005    -0.002     0.000    -0.062    -0.137     0.178     0.134    -0.012    -1.294 

ddG: Y25P     8.648     4.607     5.406    -1.869    -0.023     0.058     0.085     1.163     0.097     0.064    -0.041     0.000     0.546     0.113    -1.514     0.379     0.000    -0.423 

ddG: Y25Q     1.927     2.887    -0.575     1.287    -0.027     0.537    -0.005    -0.021     0.036    -0.108     0.051     0.000    -0.234    -0.147    -0.084    -0.059    -0.034    -1.578 

ddG: Y25R     3.769     3.191    -0.569     1.424    -0.018     0.458    -0.001     0.021    -0.028     0.008    -0.004     0.000    -0.249    -0.182     0.105    -0.036    -0.010    -0.338 

ddG: Y25S     4.690     5.487    -0.667     1.670    -0.031     1.102    -0.007    -0.681     0.021    -1.402     0.783     0.000    -0.120    -0.083    -1.764     0.333    -0.005     0.054 

ddG: Y25T     3.433     3.377    -0.503     3.245    -0.030    -0.239     0.006     0.010     0.061    -0.123     0.049     0.000    -0.125    -0.126    -2.282     0.104    -0.029     0.040 

ddG: Y25V     4.403     2.771     0.843     1.249    -0.015     1.385    -0.015    -0.813     0.495    -1.387     0.798     0.000     0.034    -0.125    -2.129     0.588    -0.015     0.739 

ddG: Y25W     0.979    -1.774    -0.177     2.346    -0.010     0.325    -0.015     0.035     0.043    -0.117     0.052     0.000    -0.249    -0.101    -0.375     0.069    -0.034     0.961 

ddG: Y25Y     0.397    -2.023     0.673     1.502    -0.004     1.562    -0.003    -0.534     0.027    -1.553     0.836     0.000    -0.116    -0.100    -0.181     0.337    -0.027     0.000 

