ddG: description total fa_atr fa_rep fa_sol fa_intra_rep fa_elec pro_close hbond_sr_bb hbond_lr_bb hbond_bb_sc hbond_sc dslf_fa13 rama omega fa_dun p_aa_pp yhh_planarity ref 
ddG: S111A     0.532    -0.112     0.042    -0.398     0.000    -0.145    -0.001     1.275    -0.166     0.018    -0.036     0.000    -0.035    -0.106    -0.335     0.030     0.000     0.502 

ddG: S111C     1.142    -0.317     0.000    -0.031     0.000    -0.136    -0.002     1.309    -0.169     0.019    -0.029     0.000     0.090    -0.107    -0.190     0.490     0.000     0.215 

ddG: S111D     0.808    -5.334     0.184     7.045     0.000    -2.354     0.005     1.454    -0.129     0.071    -1.579     0.000    -0.174    -0.318     3.411     0.289     0.000    -1.763 

ddG: S111E     0.462    -4.904     0.179     5.839     0.002    -2.362     0.005     1.480    -0.128     0.070    -1.562     0.000    -0.315    -0.287     4.420     0.111     0.000    -2.085 

ddG: S111F     0.541    -0.769     0.396    -1.160     0.033     0.232     0.000     1.286    -0.156     0.049    -0.027     0.000     0.112    -0.011     0.104     0.148     0.000     0.306 

ddG: S111G     0.463     0.262     0.193     0.431     0.004    -0.334    -0.002     0.280     0.049     0.059    -0.406     0.000     0.019    -0.184    -0.105     0.241     0.000    -0.043 

ddG: S111H     1.761    -2.639     0.201     1.383     0.004    -0.132     0.000     1.254    -0.158     0.017    -0.031     0.000     0.122    -0.040     1.241     0.322     0.000     0.218 

ddG: S111H     1.344     0.223     0.303    -1.482     0.006     0.530    -0.001     1.199    -0.158     0.040    -0.043     0.000     0.193     0.032    -0.017     0.300     0.000     0.218 

ddG: S111I    -0.709    -3.608     0.533     2.857     0.031    -0.825     0.000     0.228     0.033     0.020    -0.344     0.000    -0.035    -0.302     0.035    -0.122     0.000     0.789 

ddG: S111K    -1.130    -2.769     0.473     2.537     0.010    -0.824     0.001     0.260     0.048     0.022    -0.350     0.000    -0.304    -0.313     0.800    -0.161     0.000    -0.559 

ddG: S111L    -0.724    -6.579     0.424     6.254     0.006    -2.822     0.007     1.444    -0.136     0.062    -1.526     0.000    -0.085    -0.449     2.075     0.088     0.000     0.513 

ddG: S111M    -0.445     0.787     0.281    -1.039     0.011     0.459     0.001     0.254     0.050     0.086    -0.361     0.000    -0.170    -0.122    -0.412    -0.250     0.000    -0.022 

ddG: S111N     0.674    -1.255     0.018     0.918     0.003    -0.164    -0.001     1.277    -0.163     0.026    -0.022     0.000     0.220    -0.123     0.914     0.374     0.000    -1.348 

ddG: S111P    -0.723    -2.214     1.942    -0.527     0.000    -0.533     0.093     1.179    -0.160     0.018    -0.015     0.000     0.136     0.269    -0.513     0.079     0.000    -0.477 

ddG: S111Q     0.354     0.881     0.153    -1.475     0.009     0.438     0.000     1.227    -0.158     0.044    -0.046     0.000     0.109    -0.040     0.767     0.077     0.000    -1.632 

ddG: S111R     0.409     0.171     0.431    -0.651     0.013    -0.214     0.001     1.208    -0.163     0.025     0.010     0.000     0.093    -0.164    -0.085     0.126     0.000    -0.392 

ddG: S111S     1.460    -0.183     0.061     0.239     0.000    -0.237     0.000     1.264    -0.162     0.019    -0.025     0.000     0.055    -0.111     0.174     0.366     0.000     0.000 

ddG: S111T     0.152    -1.303     0.204     1.887     0.017    -0.366    -0.004     0.287     0.036     0.053    -0.300     0.000    -0.125    -0.178    -0.118     0.077     0.000    -0.015 

ddG: S111V     0.156    -5.375     0.221     5.377     0.015    -2.502     0.004     1.498    -0.138     0.069    -1.582     0.000    -0.079    -0.328     1.990     0.301     0.000     0.685 

ddG: S111W     2.092    -6.895     0.665     3.859     0.037     0.694    -0.001     1.439    -0.126     0.070     0.463     0.000    -0.112    -0.272     1.133     0.233     0.000     0.907 

ddG: S111Y     0.611    -1.628     0.478     0.339     0.038    -0.076    -0.001     1.476    -0.114     0.105    -0.388     0.000    -0.072    -0.146     0.438     0.216     0.000    -0.054 

