ddG: description total fa_atr fa_rep fa_sol fa_intra_rep fa_elec pro_close hbond_sr_bb hbond_lr_bb hbond_bb_sc hbond_sc dslf_fa13 rama omega fa_dun p_aa_pp yhh_planarity ref 
ddG: L102A     5.991     4.769    -1.116     0.460     0.015     3.122     0.000    -0.686     0.265    -0.723     3.237     0.000     0.176    -0.090    -3.195    -0.233     0.000    -0.011 

ddG: L102C     8.007     4.791    -1.954     0.983     0.013     2.827     0.005    -0.045     0.027     0.325     2.369     0.000     0.321    -0.051    -1.516     0.214    -0.003    -0.298 

ddG: L102D     9.458     2.859    -1.829     7.793     0.014     1.317     0.006     0.132     0.033     0.338     2.761     0.000     0.036    -0.072    -1.582    -0.049    -0.021    -2.276 

ddG: L102E     6.081     0.274     0.575     7.385     0.000    -0.713    -0.005    -0.383     0.116    -1.148     0.539     0.000    -0.013    -0.394     2.407     0.039     0.001    -2.598 

ddG: L102F     5.339    -1.257     1.027    -0.354     0.049     2.881     0.009    -0.207     0.487    -0.686     3.314     0.000     0.504    -0.743     0.230     0.300    -0.009    -0.207 

ddG: L102G     7.494     8.226    -1.218    -0.675     0.015     1.985     0.004    -0.489     0.104    -0.718     3.179     0.000     0.606    -0.578    -2.784     0.405    -0.013    -0.556 

ddG: L102H     5.216    -1.516     0.801     4.119    -0.003     0.047     0.004     0.138     0.259    -0.079     0.108     0.000     0.086    -0.263     1.563     0.256    -0.009    -0.295 

ddG: L102H     5.617    -1.203    -1.532     3.184     0.017     1.712     0.003    -0.419     0.395    -0.890     3.091     0.000     0.133    -0.670     1.776     0.316    -0.002    -0.295 

ddG: L102I     4.042     2.097    -1.655    -0.155     0.037     2.140     0.008    -0.096    -0.041     0.313     2.682     0.000     0.225    -0.101    -1.647    -0.040    -0.001     0.276 

ddG: L102K     5.264     1.550    -1.263     2.940     0.026     1.212     0.001    -0.272     0.021    -0.618     3.237     0.000     0.150    -0.440    -0.135    -0.061    -0.012    -1.072 

ddG: L102L     0.784    -0.392    -2.207     0.366     0.015     1.765     0.000    -0.556     0.108    -0.889     3.026     0.000     0.078    -0.338    -0.191    -0.008     0.007     0.000 

ddG: L102M     4.615     2.427    -1.907     0.388     0.010     2.341     0.007    -0.032    -0.010     0.416     2.790     0.000     0.096    -0.257    -1.011    -0.106    -0.004    -0.535 

ddG: L102N     7.419     1.933    -2.055     4.310     0.011     2.112     0.009    -0.022     0.003     0.268     2.698     0.000     0.311    -0.219    -0.292     0.230    -0.016    -1.861 

ddG: L102P    15.126     1.365     2.840     2.519     0.007     1.771     0.410     1.808     0.110     0.565     2.367     0.000     1.089     0.409     0.532     0.333    -0.008    -0.990 

ddG: L102Q     3.532     0.546    -2.633     3.756     0.014     0.856     0.001    -0.332     0.152    -1.002     2.974     0.000    -0.077    -0.379     1.888    -0.095     0.007    -2.145 

ddG: L102R     5.848    -1.412    -1.232     6.470     0.031     1.263     0.003    -0.320     0.007    -0.721     3.106     0.000     0.170    -0.441    -0.075    -0.099     0.004    -0.905 

ddG: L102S     7.379     5.492    -1.324     2.045     0.007     2.084     0.001    -0.516     0.076    -0.592     3.264     0.000     0.358    -0.553    -2.740     0.286     0.003    -0.513 

ddG: L102T     4.799     2.779     0.707     1.836     0.009     1.016    -0.009    -0.620     0.305    -1.104     0.378     0.000     0.151     0.057    -0.365     0.189    -0.003    -0.527 

ddG: L102V     1.837     2.240     0.977     0.139     0.011    -0.532    -0.005    -0.514     0.093    -1.148     0.457     0.000     0.278    -0.301    -0.222     0.208    -0.013     0.172 

ddG: L102W     4.583    -3.253    -0.025     3.157     0.037     1.836     0.005    -0.320     0.093    -0.702     3.330     0.000     0.309    -0.480    -0.014     0.221    -0.004     0.394 

ddG: L102Y     4.428    -0.834    -0.338     0.771     0.042     1.704     0.005    -0.353     0.005    -0.751     3.197     0.000     0.335    -0.365     1.355     0.242    -0.018    -0.567 

