ddG: description total fa_atr fa_rep fa_sol fa_intra_rep fa_elec pro_close hbond_sr_bb hbond_lr_bb hbond_bb_sc hbond_sc dslf_fa13 rama omega fa_dun p_aa_pp yhh_planarity ref 
ddG: C14A     0.199    -0.664    -0.316    -0.375    -0.003    -0.355    -0.004    -0.236    -0.099     0.068     0.419     0.000     0.500     0.047     0.608     0.323     0.000     0.287 

ddG: C14C    -0.402     0.800    -0.211    -1.396    -0.005     0.351     0.000    -0.273    -0.049    -0.056     0.377     0.000     0.238     0.177    -0.337    -0.019     0.000     0.000 

ddG: C14D     0.486    -5.768     0.006     8.865    -0.004    -2.617    -0.006    -1.538     0.174    -0.020    -1.978     0.000     0.263     0.185     5.065    -0.165     0.000    -1.978 

ddG: C14E     3.810    -7.537     3.833     9.194     0.011    -1.576     0.010    -0.020     0.086     0.351    -0.444     0.000    -0.108     0.380     2.269    -0.341     0.000    -2.300 

ddG: C14F     0.419   -10.466     4.294     2.919     0.016    -0.426     0.011    -0.146    -0.473    -0.561     0.202     0.000    -0.207     0.135     5.458    -0.429     0.000     0.091 

ddG: C14G     0.676     4.711    -0.269    -3.409    -0.001     0.104    -0.005    -0.364     0.098     0.124     0.357     0.000     0.306     0.136    -0.715    -0.136     0.000    -0.258 

ddG: C14H     1.585    -5.902     2.732     1.856     0.001    -0.696     0.001    -0.450     0.409    -0.059    -1.178     0.000    -0.093     0.553     4.654    -0.246     0.000     0.003 

ddG: C14H     1.888    -9.939     2.562     6.318     0.006    -1.556     0.000    -0.125     0.335     0.042    -1.379     0.000    -0.139     0.440     5.216     0.103     0.000     0.003 

ddG: C14I     1.173    -5.897     4.572     0.146     0.021    -0.543    -0.019    -0.127     0.065    -0.050     0.390     0.000    -0.121     0.693     1.955    -0.487     0.000     0.574 

ddG: C14K     5.713   -11.525     3.337    12.512     0.019    -3.443    -0.008     0.195    -0.273     0.158    -2.560     0.000    -0.216     0.399     7.413     0.479     0.000    -0.774 

ddG: C14L     1.457    -6.074     1.620     1.303     0.000    -0.292    -0.008     0.027    -0.407    -0.679     0.229     0.000     0.229     0.273     4.771     0.168     0.000     0.298 

ddG: C14M     3.702    -7.161     4.618     4.225    -0.005    -1.627    -0.005    -0.161     0.420     0.046    -1.144     0.000    -0.241     0.379     3.850     0.744     0.000    -0.237 

ddG: C14N     0.595    -5.625    -0.137     5.028     0.001    -1.183     0.012    -0.322     0.233    -0.160    -0.994     0.000     0.119     0.247     4.869     0.070     0.000    -1.563 

ddG: C14P    14.027    -7.696     7.836     5.267     0.000    -2.748     1.864     0.336    -0.118     0.292    -0.999     0.000     0.770    -0.200     9.283     0.831     0.000    -0.692 

ddG: C14Q     1.244   -11.699     0.662    10.562     0.006    -2.456     0.002    -0.053     0.121     0.349    -1.142     0.000    -0.262    -0.111     7.193    -0.081     0.000    -1.847 

ddG: C14R     0.588   -14.670     1.718    15.740     0.006    -4.587    -0.001     0.008    -0.252     0.301    -4.047     0.000     0.135     0.605     5.523     0.718     0.000    -0.607 

ddG: C14S    -0.679    -5.601    -0.142     7.212    -0.005    -4.231    -0.005    -0.138     0.100    -0.255    -1.170     0.000     0.262    -0.128     3.438     0.199     0.000    -0.215 

ddG: C14T    -4.286    -7.301    -0.217     7.444    -0.005    -3.764     0.001    -1.339     0.192    -0.500    -1.145     0.000     0.031    -0.067     3.021    -0.407     0.000    -0.229 

ddG: C14V     0.564    -7.312     3.131     4.214     0.009    -3.091    -0.032     0.111    -0.039    -0.197    -1.087     0.000     0.257     0.440     3.901    -0.212     0.000     0.470 

ddG: C14W     7.054   -12.609     3.279     3.510     0.019     2.886     0.005    -0.230     0.163    -0.642     1.463     0.000     0.083    -0.003     7.995     0.442     0.000     0.692 

ddG: C14Y     1.929    -8.510     4.924     2.547     0.022     0.011     0.013     0.260    -0.460     0.208    -0.120     0.000    -0.431     0.515     2.983     0.228     0.008    -0.269 

