ddG: description total fa_atr fa_rep fa_sol fa_intra_rep fa_elec pro_close hbond_sr_bb hbond_lr_bb hbond_bb_sc hbond_sc dslf_fa13 rama omega fa_dun p_aa_pp yhh_planarity ref 
ddG: L51A     6.089     8.271    -0.961    -1.089     0.006    -0.352     0.005     0.042    -0.073     0.072    -0.087     0.000     0.379    -0.192    -0.163     0.224     0.015    -0.011 

ddG: L51C     6.177     5.676    -0.741     1.486     0.001     0.291     0.000     0.004    -0.053     0.069    -0.070     0.000     0.001    -0.144    -0.099     0.051     0.002    -0.298 

ddG: L51D    10.718     2.246    -0.578     9.609     0.006    -0.919    -0.001    -0.022    -0.068     0.118    -0.058     0.000     0.302    -0.090     1.990     0.505    -0.046    -2.276 

ddG: L51E    10.307    -1.035     0.704    10.317     0.010     1.075     0.000    -0.479    -0.131    -1.343     0.718     0.000     0.048    -0.156     2.860     0.377    -0.061    -2.598 

ddG: L51F     4.585   -10.924     7.486     6.032     0.023    -0.875    -0.003    -0.204    -0.294     0.079    -1.828     0.000     0.201     0.649     4.500    -0.029    -0.021    -0.207 

ddG: L51G     9.258    10.466    -1.077    -0.124     0.002    -0.178     0.002    -0.066     0.015     0.036    -0.086     0.000     0.790    -0.192    -0.375     0.599     0.005    -0.556 

ddG: L51H     5.643    -3.426     2.794     4.967    -0.004     0.409    -0.001    -0.116    -0.264     0.079    -0.187     0.000     0.111     0.096     1.543    -0.035    -0.030    -0.295 

ddG: L51H     5.185    -3.178     2.966     4.092     0.001     0.196     0.002    -0.014    -0.329     0.067    -0.186     0.000     0.094     0.092     1.723    -0.017    -0.030    -0.295 

ddG: L51I     1.553     0.496     1.316    -0.162     0.015    -0.189    -0.005    -0.075    -0.014    -0.090     0.058     0.000    -0.033     0.071     0.211    -0.317    -0.005     0.276 

ddG: L51K    12.218    -1.646     0.458    10.357     0.012     1.051    -0.002     0.014    -0.043     0.058    -0.052     0.000     0.090     0.101     2.802     0.088     0.003    -1.072 

ddG: L51L    -0.665     0.627    -0.051    -1.196     0.005    -0.265     0.002     0.071    -0.079     0.122    -0.053     0.000    -0.018    -0.016     0.177    -0.008     0.015     0.000 

ddG: L51M     2.612    -0.930     0.992     2.018     0.007     1.416     0.000    -0.496    -0.049    -1.376     0.708     0.000     0.010    -0.270     0.978     0.128     0.012    -0.535 

ddG: L51N     6.990     0.867     0.011     5.683     0.010     1.129     0.001    -0.486    -0.089    -1.314     0.733     0.000     0.125    -0.056     1.605     0.651    -0.020    -1.861 

ddG: L51P    15.686     4.168     3.263    -0.331     0.004     2.868     0.650    -0.585     2.618    -1.115     1.789     0.000     0.420     0.938     1.655     0.456    -0.121    -0.990 

ddG: L51Q     7.400    -0.802     0.573     5.535     0.004     1.136     0.001    -0.004    -0.068    -0.036     0.769     0.000     0.064     0.064     2.230     0.099    -0.019    -2.145 

ddG: L51R    13.710    -6.249     2.580    14.502     0.011    -0.324    -0.005    -0.026     0.135     0.040    -0.404     0.000     0.391     0.080     3.585     0.277     0.021    -0.905 

ddG: L51S     8.316     6.917    -0.792     1.836     0.003     0.640     0.000    -0.016    -0.071     0.102    -0.072     0.000     0.110    -0.216     0.207     0.192    -0.014    -0.513 

ddG: L51T     5.644     4.624    -0.156     1.802     0.010     0.118    -0.002    -0.030     0.018     0.034    -0.071     0.000     0.069    -0.108    -0.096    -0.036    -0.004    -0.527 

ddG: L51V     2.950     1.818     0.460     1.052     0.009     1.409    -0.004    -0.613     0.017    -1.414     0.727     0.000    -0.149    -0.176    -0.226    -0.141     0.009     0.172 

ddG: L51W     6.071   -11.273    11.050     4.240     0.010     0.438    -0.004    -0.168    -0.241     0.048    -0.002     0.000     0.311    -0.029     1.452    -0.119    -0.036     0.394 

ddG: L51Y     8.365    -5.515     7.458     3.244     0.027    -0.231     0.005    -0.071    -0.226     0.124    -0.112     0.000     0.260     0.706     3.577    -0.368     0.055    -0.567 

