ddG: description total fa_atr fa_rep fa_sol fa_intra_rep fa_elec pro_close hbond_sr_bb hbond_lr_bb hbond_bb_sc hbond_sc dslf_fa13 rama omega fa_dun p_aa_pp yhh_planarity ref 
ddG: W22A     8.352    21.277    -1.686    -9.291    -0.028     0.448    -0.005     0.951    -0.242    -0.063     0.415     0.000     0.224    -0.038    -3.307     0.104     0.000    -0.405 

ddG: W22C     8.238    18.896    -1.279    -6.030    -0.023     0.396    -0.002    -0.107    -0.001     0.013     0.053     0.000     0.037    -0.113    -3.002     0.091     0.000    -0.692 

ddG: W22D    12.496    12.065    -1.099     5.477    -0.028    -2.091    -0.002     1.035    -0.210     0.006    -1.159     0.000     0.079    -0.208     0.967     0.335     0.000    -2.670 

ddG: W22E    11.096    14.667    -1.273    -0.231    -0.022    -0.163    -0.007     0.919    -0.238    -0.050     0.414     0.000     0.109    -0.024    -0.125     0.110     0.000    -2.992 

ddG: W22F     1.352     7.362    -0.380    -6.615     0.001     0.546     0.000     0.949    -0.229    -0.076     0.443     0.000     0.323     0.004    -0.744     0.368     0.000    -0.601 

ddG: W22G    10.292    23.468    -1.695    -7.998    -0.024     0.335    -0.005    -0.089    -0.022    -0.028     0.090     0.000     0.260    -0.129    -3.167     0.246     0.000    -0.950 

ddG: W22H     5.774     9.505    -1.050    -3.057    -0.027     0.537    -0.004     0.842    -0.222    -0.016     0.395     0.000     0.349    -0.011    -1.127     0.348     0.000    -0.689 

ddG: W22H     5.776     9.498    -1.051    -3.057    -0.027     0.543    -0.003     0.845    -0.224    -0.013     0.397     0.000     0.344    -0.015    -1.123     0.351     0.000    -0.689 

ddG: W22I     6.028    10.749     1.222    -3.500    -0.007    -1.696     0.001     1.102    -0.170    -0.017    -1.171     0.000     0.164    -0.225    -0.526     0.219     0.000    -0.118 

ddG: W22K    11.384    12.383    -0.887     0.815    -0.013     0.610    -0.002    -0.066     0.004     0.027     0.068     0.000    -0.120    -0.043     0.197    -0.124     0.000    -1.466 

ddG: W22L     5.116    14.776    -0.127    -8.401    -0.023     0.545    -0.006     1.044    -0.216    -0.020     0.405     0.000     0.212    -0.097    -2.767     0.185     0.000    -0.394 

ddG: W22M     6.358    14.551    -1.024    -6.978    -0.027     0.410    -0.004     0.866    -0.223    -0.027     0.379     0.000     0.249    -0.030    -1.007     0.150     0.000    -0.928 

ddG: W22N     8.236    11.406    -1.197     1.580    -0.028    -1.920     0.002     1.073    -0.194    -0.004    -1.126     0.000     0.229    -0.255     0.497     0.427     0.000    -2.255 

ddG: W22P    15.671    19.360     3.248   -10.193    -0.028     1.026     0.061     2.878    -0.238     0.113     0.452     0.000     1.216     1.537    -2.914     0.537     0.001    -1.384 

ddG: W22Q     8.241    14.108    -1.134    -3.772    -0.023     0.387    -0.003     0.887    -0.225    -0.007     0.406     0.000     0.202    -0.023    -0.156     0.131     0.000    -2.539 

ddG: W22R    11.623     8.563    -1.110     4.493    -0.015     0.187    -0.001    -0.345    -0.038     0.019     0.429     0.000     0.172     0.176     0.627    -0.235     0.000    -1.299 

ddG: W22S    10.416    20.702    -1.671    -6.784    -0.028     0.274    -0.003     0.943    -0.232    -0.035     0.417     0.000     0.295    -0.044    -2.917     0.404     0.000    -0.907 

ddG: W22T    10.815    19.004    -0.014    -6.570    -0.016     0.260    -0.003     0.913    -0.220    -0.068     0.417     0.000     0.458     0.047    -2.872     0.400     0.000    -0.921 

ddG: W22V     8.447    17.326     0.661    -8.757    -0.008     0.578    -0.002     0.749    -0.223    -0.076     0.401     0.000     0.433     0.081    -2.803     0.309     0.000    -0.222 

ddG: W22W     0.601     3.500    -0.042    -4.051    -0.005     0.774    -0.003     0.934    -0.216    -0.017     0.351     0.000     0.369     0.150    -1.456     0.311     0.000     0.000 

ddG: W22Y     3.380     6.278    -0.281    -3.551     0.001     0.613    -0.001     0.968    -0.224    -0.059     0.513     0.000     0.295     0.020    -0.620     0.368     0.021    -0.961 

