ddG: description total fa_atr fa_rep fa_sol fa_intra_rep fa_elec pro_close hbond_sr_bb hbond_lr_bb hbond_bb_sc hbond_sc dslf_fa13 rama omega fa_dun p_aa_pp yhh_planarity ref 
ddG: D21A     1.352     4.021    -0.305    -6.885     0.003     2.710     0.015    -0.481    -0.025     1.015     1.408    -0.010    -0.030     0.573    -2.926    -0.005     0.009     2.265 

ddG: D21C     1.143     2.503    -0.620    -5.605     0.011     2.260    -0.001    -0.378    -0.132     1.014     1.342     0.094     0.456     0.108    -1.470    -0.414    -0.001     1.978 

ddG: D21D     0.816    -0.412     0.352    -0.200     0.013     0.354     0.014    -0.513    -0.042     0.516    -0.080     0.080     0.264     0.414     0.231    -0.174     0.000     0.000 

ddG: D21E     2.810    -0.720    -0.130    -0.966     0.014     2.986     0.016    -1.025     0.063     1.090     2.016     0.037    -0.304     0.770    -0.279    -0.453     0.018    -0.322 

ddG: D21F     0.348    -4.360     0.100    -4.583     0.065     3.791     0.024    -1.122    -0.044     1.473     2.013     0.039     0.083     0.224     1.052    -0.490     0.015     2.069 

ddG: D21G     3.831     5.807    -0.077    -6.655     0.007     2.572     0.002    -0.593    -0.058     1.167     1.409    -0.009     0.326     0.639    -2.882     0.436     0.019     1.720 

ddG: D21H    -1.217    -2.955     0.199    -3.241     0.010     1.868     0.023    -0.594    -0.040     0.060     1.398    -0.013     0.043     0.669    -0.385    -0.226    -0.011     1.981 

ddG: D21H    -0.937    -2.959     0.180    -3.231     0.003     2.153     0.023    -0.590    -0.041     0.066     1.396    -0.012     0.050     0.658    -0.370    -0.228    -0.015     1.981 

ddG: D21I     0.016    -1.365     0.247    -5.286     0.035     3.161     0.035    -0.490    -0.128     1.557     1.897     0.037     0.342     0.235    -2.439    -0.436     0.062     2.553 

ddG: D21K     1.547     0.396    -0.436    -2.982     0.010     2.597     0.002     0.110     0.032     0.561     1.961     0.032    -0.230     0.353    -1.877    -0.197     0.010     1.204 

ddG: D21L    -0.105    -1.079     0.256    -5.622     0.044     3.408    -0.027    -1.198    -0.054     1.447     1.511    -0.002     0.058     0.390    -0.973    -0.523    -0.019     2.276 

ddG: D21M     0.311    -1.380    -0.550    -4.355     0.019     3.579     0.022    -0.441    -0.215     1.022     1.850     0.013    -0.187     0.222    -0.944    -0.097     0.012     1.742 

ddG: D21N     1.444    -0.319     0.186    -2.632     0.009     2.733    -0.010    -0.522    -0.054     1.093     0.671     0.029     0.173     0.267    -0.882     0.277     0.008     0.415 

ddG: D21P    16.813     1.404    10.934    -6.910     0.008     2.685     1.912     0.529    -0.089     0.952     1.351     0.095     1.031     2.578    -1.350     0.394     0.003     1.286 

ddG: D21Q     1.093    -0.783    -0.099    -3.290     0.012     3.430     0.018    -0.557    -0.043     1.044     1.894     0.028    -0.154     0.589    -0.883    -0.284     0.041     0.131 

ddG: D21R     3.992    -2.404     0.110     0.297     0.020     2.741     0.008    -0.377    -0.021     1.137     1.403    -0.017     0.048     0.527    -0.711    -0.142     0.004     1.371 

ddG: D21S     2.841     3.788    -0.336    -5.275     0.005     2.520     0.018    -0.486     0.008     1.031     1.409     0.076     0.002     0.600    -2.420     0.120     0.019     1.763 

ddG: D21T     1.051     1.231     0.502    -4.672     0.018     2.441     0.024    -0.691    -0.060     1.187     1.387    -0.002     0.093     0.679    -2.887     0.001     0.050     1.749 

ddG: D21V    -1.321    -0.764    -0.591    -5.219     0.030     2.927     0.033    -0.270    -0.198     0.623     1.860     0.031    -0.238     0.276    -2.173    -0.137     0.042     2.448 

ddG: D21W    -1.690    -8.499     0.297    -2.259     0.045     2.956     0.023    -0.537    -0.046     0.959     1.889     0.021     0.061     0.781     0.203    -0.277     0.021     2.670 

ddG: D21Y     0.562    -2.552     0.128    -4.290     0.039     3.032     0.031    -0.288    -0.026     1.005     1.913     0.027    -0.066     0.754    -0.726    -0.135     0.008     1.709 

