ddG: description total fa_atr fa_rep fa_sol fa_intra_rep fa_elec pro_close hbond_sr_bb hbond_lr_bb hbond_bb_sc hbond_sc dslf_fa13 rama omega fa_dun p_aa_pp yhh_planarity ref 
ddG: S15A     0.956     0.531    -0.762    -0.980     0.000     0.837     0.008     0.242    -0.136    -0.233    -0.081     0.061    -0.045    -0.301     1.139     0.207    -0.033     0.502 

ddG: S15C     0.676     0.287    -0.511     0.004     0.000     0.279    -0.009     0.732     0.045    -0.511     0.584     0.032    -0.132    -0.275    -0.172     0.135    -0.027     0.215 

ddG: S15D     0.545     0.450    -0.331     0.159    -0.001     0.086     0.010     0.083     0.056    -0.083    -0.009     0.086    -0.032    -0.050     1.988    -0.070    -0.033    -1.763 

ddG: S15E     0.652     0.082    -0.919    -0.433     0.004     0.877     0.021     0.232    -0.145    -0.118    -0.050    -0.017    -0.144    -0.430     3.675     0.148    -0.046    -2.085 

ddG: S15F     0.919    -1.781    -0.254    -1.320     0.054     0.957     0.015    -0.600    -0.009     0.541     0.224     0.001     0.487    -0.303     3.150    -0.512    -0.036     0.306 

ddG: S15G     0.709     1.819    -0.287    -1.345    -0.004     0.181    -0.001     0.077     0.020    -0.071    -0.007     0.001     0.277    -0.024    -0.161     0.312    -0.034    -0.043 

ddG: S15H     0.723    -0.887    -0.033    -0.488     0.003     0.185     0.029    -0.038    -0.010     0.060     0.066     0.000     0.089     0.087     1.455     0.019    -0.032     0.218 

ddG: S15H     0.363    -1.071    -1.018    -0.213     0.000     0.450     0.029     0.271    -0.155    -0.561    -0.052    -0.004    -0.064    -0.117     2.675     0.020    -0.043     0.218 

ddG: S15I     0.698    -0.976     0.018    -0.833     0.018     0.527     0.032    -0.006    -0.008     0.074     0.066     0.000     0.318    -0.043     0.168     0.588    -0.034     0.789 

ddG: S15K    -0.140    -0.146    -0.084    -0.732     0.007     0.595     0.015    -0.665     0.177     0.077     0.199     0.084    -0.074     0.054     0.941    -0.010    -0.019    -0.559 

ddG: S15L    -0.444    -0.407    -0.087    -0.815     0.009     0.641     0.022    -0.617     0.134     0.115     0.197    -0.002    -0.114     0.045     0.103    -0.146    -0.034     0.513 

ddG: S15M     0.085    -0.355    -0.104    -0.604     0.009     0.448     0.007    -0.619     0.180     0.086     0.206     0.086    -0.111     0.074     0.861    -0.039    -0.018    -0.022 

ddG: S15N    -0.317     0.462    -0.304    -0.622     0.000     0.107     0.022     0.088     0.019    -0.080    -0.009     0.001    -0.041    -0.011     1.595    -0.162    -0.034    -1.348 

ddG: S15P     2.512     2.313     1.399    -4.307     0.009     1.517     0.686     0.273     0.011    -0.519     0.695     0.015     1.042     0.590    -0.797     0.113    -0.050    -0.477 

ddG: S15Q     0.107    -0.679    -0.034    -0.267     0.003     0.591     0.025    -0.032    -0.009     0.069     0.066    -0.003     0.008    -0.022     1.972     0.076    -0.025    -1.632 

ddG: S15R     0.902    -0.031    -0.005    -0.611     0.004     0.488     0.007    -0.055    -0.010    -0.001    -0.009     0.001     0.120    -0.020     1.285     0.162    -0.030    -0.392 

ddG: S15S    -0.160     0.011    -0.095    -0.041     0.006     0.107    -0.005    -0.631     0.180     0.087     0.207     0.083    -0.166     0.072     0.214    -0.171    -0.017     0.000 

ddG: S15T    -0.040    -0.204    -0.064    -0.093     0.001     0.046     0.022     0.030    -0.009     0.071     0.063    -0.006     0.054    -0.029     0.005     0.133    -0.044    -0.015 

ddG: S15V    -0.108    -1.087    -0.873    -0.463     0.020     0.111    -0.005     0.658    -0.109    -0.553     0.029    -0.008     0.222    -0.622     1.281     0.652    -0.046     0.685 

ddG: S15W    -1.316    -5.944    -0.050     1.806     0.033     0.134    -0.064     0.701     0.054    -0.500     0.585     0.037     0.067    -0.180     0.941     0.184    -0.028     0.907 

ddG: S15Y     0.876    -2.065    -0.550    -0.608     0.029     0.803     0.023     0.109    -0.147     0.025     0.023     0.071     0.082    -0.157     3.198     0.127    -0.034    -0.054 

