ddG: description total fa_atr fa_rep fa_sol fa_intra_rep fa_elec pro_close hbond_sr_bb hbond_lr_bb hbond_bb_sc hbond_sc dslf_fa13 rama omega fa_dun p_aa_pp yhh_planarity ref 
ddG: F7A    11.130    20.979    -0.593    -8.826    -0.022     2.827    -0.005    -0.269    -0.033    -0.025     1.551     0.000     0.420     0.189    -5.506     0.248     0.000     0.196 

ddG: F7C    11.072    12.553    -0.563     0.829    -0.016    -0.139    -0.002    -0.010    -0.012    -0.022    -0.011     0.000    -0.048    -0.011    -1.423     0.037     0.000    -0.091 

ddG: F7D    14.849    15.578    -0.398     2.357    -0.004     2.161    -0.009    -1.239     0.095     0.012     1.197     0.000    -0.046     0.216    -2.659    -0.341    -0.002    -2.069 

ddG: F7E    14.489    13.448    -0.468     1.798    -0.016     2.440    -0.007    -0.260    -0.124    -0.003     1.571     0.000     0.325     0.230    -2.083     0.032    -0.001    -2.391 

ddG: F7F     0.168     6.894    -0.031    -7.789     0.004     2.758    -0.006    -0.228    -0.040    -0.019     1.555     0.000     0.267     0.259    -3.454    -0.004     0.000     0.000 

ddG: F7G    14.665    21.089    -0.831    -6.119    -0.025     2.082    -0.009    -0.192    -0.136    -0.102     1.425     0.000     0.942     0.185    -4.224     0.932    -0.001    -0.349 

ddG: F7H     7.211     6.817    -0.654    -0.383    -0.022     1.960    -0.005    -0.188    -0.030    -0.038     1.552     0.000     0.263     0.226    -2.260     0.060     0.000    -0.088 

ddG: F7H     6.760     9.675    -0.543    -3.235    -0.021     2.577    -0.010    -0.249    -0.046    -0.022     1.550     0.000     0.341     0.302    -3.508     0.036     0.000    -0.088 

ddG: F7I    10.190    14.465     2.688    -7.107     0.007     2.318    -0.016     0.107    -0.415     0.090     1.274     0.000    -0.537     0.006    -3.134    -0.038    -0.001     0.483 

ddG: F7K    14.687     8.917     0.137     5.548    -0.018     0.997    -0.001    -0.095    -0.103     0.029     0.030     0.000     0.075     0.028     0.005     0.004    -0.001    -0.865 

ddG: F7L    10.796     7.923     1.108    -0.845    -0.010    -0.096    -0.008     0.044    -0.220     0.100     0.250     0.000    -0.029     0.535     1.745     0.096    -0.005     0.207 

ddG: F7M     7.932     7.095    -0.022     0.571    -0.024     0.012    -0.001     0.003     0.053     0.003     0.001     0.000     0.003    -0.057     0.590     0.032     0.000    -0.328 

ddG: F7N    11.411    12.606    -0.732    -0.355    -0.011     1.842    -0.009    -0.173    -0.091    -0.046     1.552     0.000     0.206     0.239    -2.071     0.109    -0.001    -1.654 

ddG: F7P    13.168     9.739     2.686    -1.547    -0.014     0.656     0.152     0.001     1.426     0.141     0.035     0.000     0.645     1.429    -1.575     0.173     0.005    -0.783 

ddG: F7Q    10.770    10.133    -0.363     0.265    -0.018     2.243    -0.009    -0.182    -0.047     0.003     1.584     0.000     0.189     0.160    -1.327     0.077    -0.001    -1.938 

ddG: F7R    17.697     4.358     0.474     9.551    -0.006     2.338    -0.005    -0.248    -0.044    -0.023     1.587     0.000     0.266     0.373    -0.380     0.155     0.000    -0.698 

ddG: F7S    13.656    17.671    -0.748    -3.694    -0.023     2.273    -0.007    -0.195    -0.036    -0.049     1.556     0.000     0.383     0.125    -3.519     0.226     0.000    -0.306 

ddG: F7T    13.078    17.457    -0.418    -4.003    -0.002     1.956    -0.007     0.023    -0.003     0.041     1.206     0.000     0.113     0.148    -3.100    -0.011     0.000    -0.321 

ddG: F7V    10.177    10.521     2.040    -0.592     0.002    -0.280    -0.014     0.083    -0.301     0.007     0.060     0.000    -0.486    -0.061    -1.199     0.017     0.000     0.379 

ddG: F7W     3.217    -0.233     2.307    -3.705     0.005     2.979    -0.007    -0.229     0.019    -0.017     1.582     0.000    -0.021     0.248    -0.360     0.043     0.004     0.601 

ddG: F7Y     0.445     1.375     0.170    -0.069     0.001     0.465     0.001    -0.071     0.035     0.009     0.004     0.000     0.073     0.077    -1.239    -0.027     0.002    -0.360 

