ddG: description total fa_atr fa_rep fa_sol fa_intra_rep fa_elec pro_close hbond_sr_bb hbond_lr_bb hbond_bb_sc hbond_sc dslf_fa13 rama omega fa_dun p_aa_pp yhh_planarity ref 
ddG: F88A     9.405    14.689    -0.707    -2.539    -0.029    -0.241    -0.001     0.009     0.028    -0.046     0.018     0.003     0.265    -0.301    -1.747    -0.230     0.037     0.196 

ddG: F88C    10.436    13.069    -0.686    -0.783    -0.029     0.007     0.000     0.018     0.001    -0.007     0.055     0.002     0.058    -0.317    -1.064     0.166     0.038    -0.091 

ddG: F88D    14.713     9.923    -0.609     6.725    -0.027    -0.917     0.000     0.023    -0.011    -0.019     0.039     0.002     0.379    -0.359     1.167     0.423     0.043    -2.069 

ddG: F88E    13.532     6.942    -0.244     8.145    -0.022    -0.450     0.004     0.007     0.102     0.024     0.002     0.004     0.071    -0.232     1.493     0.047     0.032    -2.391 

ddG: F88F     0.024     0.044    -0.007    -0.024     0.000    -0.036    -0.001    -0.011    -0.001     0.019     0.083     0.002    -0.010    -0.019     0.013    -0.021    -0.006     0.000 

ddG: F88G    12.364    16.959    -0.712    -2.629    -0.029    -0.127    -0.002     0.021     0.041     0.016     0.027     0.003     0.806    -0.342    -1.764     0.410     0.034    -0.349 

ddG: F88H     6.248     2.740    -0.270     4.047    -0.027     0.055    -0.001    -0.006     0.019    -0.030     0.036     0.004    -0.040    -0.147     0.028    -0.084     0.012    -0.088 

ddG: F88H     6.239     2.700    -0.270     4.064    -0.027     0.069     0.001     0.001     0.032    -0.020     0.019     0.002    -0.042    -0.178     0.040    -0.077     0.013    -0.088 

ddG: F88I     8.753     7.988     1.082    -1.596     0.003    -0.281     0.003     0.031     0.071    -0.017    -0.062     0.003     0.009     0.287     0.867    -0.132     0.013     0.483 

ddG: F88K    15.050     6.255    -0.103     7.541    -0.021     0.448     0.000     0.023     0.114     0.093    -0.012     0.003     0.027     0.030     1.478    -0.026     0.064    -0.865 

ddG: F88L     8.399     7.778     0.901    -1.237    -0.022    -0.068     0.022     0.073     0.036    -0.067     0.019     0.003     0.100     0.045     0.492     0.100     0.017     0.207 

ddG: F88M     7.897     7.347     0.044    -0.157    -0.022     0.027     0.002     0.014     0.135     0.075     0.077     0.003     0.040    -0.105     0.778    -0.049     0.015    -0.328 

ddG: F88N    10.275     9.402    -0.520     3.009    -0.026    -0.504     0.002     0.011    -0.030    -0.001     0.029     0.003     0.291    -0.361     0.300     0.286     0.040    -1.654 

ddG: F88P    10.532    12.209    -0.015    -3.244    -0.023     0.875     0.377     0.551    -0.091     1.281    -0.283     0.001     0.581    -0.179    -0.482    -0.263     0.020    -0.783 

ddG: F88Q     9.625     6.082    -0.083     4.393    -0.023    -0.001     0.000     0.008     0.091     0.070     0.014     0.004    -0.007    -0.188     1.197    -0.019     0.024    -1.938 

ddG: F88R    16.610     1.229     1.912    11.849    -0.012    -0.451    -0.010     0.102    -0.161    -1.674    -0.684     0.003    -0.027     0.684     3.882     0.629     0.037    -0.698 

ddG: F88S    12.013    14.212    -0.720    -0.405    -0.028     0.114     0.002     0.008     0.033    -0.030     0.052     0.002     0.052    -0.205    -0.786    -0.014     0.033    -0.306 

ddG: F88T     9.584    10.155    -0.237     0.508    -0.024     0.035    -0.002     0.015     0.034     0.005     0.132     0.006     0.386     0.158    -1.777     0.267     0.244    -0.321 

ddG: F88V     8.743    11.435     1.048    -2.708    -0.014    -0.227     0.012     0.086     0.025    -0.057    -0.006     0.003    -0.033     0.425    -1.680    -0.156     0.212     0.379 

ddG: F88W     3.418    -3.674     1.778     2.190     0.010     0.719    -0.021     0.096     0.416     0.168     0.489     0.004     0.077     0.131     0.727    -0.369     0.077     0.601 

ddG: F88Y     4.274    -6.125     0.603    10.115    -0.010     0.108     0.009    -0.082     0.234     0.116    -1.157     0.003    -0.009     0.181     0.811    -0.240     0.076    -0.360 

