ddG: description total fa_atr fa_rep fa_sol fa_intra_rep fa_elec pro_close hbond_sr_bb hbond_lr_bb hbond_bb_sc hbond_sc dslf_fa13 rama omega fa_dun p_aa_pp yhh_planarity ref 
ddG: N68A    -0.180     1.136    -0.155    -1.306    -0.003     0.103     0.003     0.050     0.103     0.032     0.002     0.000    -0.510    -0.103    -1.241    -0.139     0.000     1.849 

ddG: N68C     1.268     4.966    -0.315    -5.803     0.000     2.310    -0.007    -0.132     0.060    -0.013     1.567     0.000    -0.069     0.109    -3.246     0.280     0.000     1.563 

ddG: N68D     1.731     6.129    -0.001    -4.725     0.009     2.472    -0.004     0.073     0.081     0.066     1.186     0.000    -0.302     0.004    -2.906     0.066     0.000    -0.415 

ddG: N68E     0.533     0.361    -0.200     0.207     0.001    -0.043    -0.002     0.049     0.099     0.052     0.002     0.000    -0.587    -0.122     1.541    -0.088     0.000    -0.737 

ddG: N68F     0.994     2.051    -0.239    -5.780     0.026     2.455    -0.008    -0.086     0.067     0.011     1.569     0.000    -0.302     0.285    -0.959     0.250     0.000     1.654 

ddG: N68G     1.291     6.335    -0.283    -6.780    -0.002     2.272    -0.003    -0.153     0.064    -0.053     1.563     0.000     0.109     0.116    -3.524     0.325     0.000     1.304 

ddG: N68H     1.831     4.964    -0.017    -6.430     0.008     2.513    -0.008     0.100     0.122     0.105     1.185     0.000    -0.410     0.025    -2.063     0.172     0.000     1.566 

ddG: N68H     2.337     2.088    -0.121    -3.560     0.007     1.916    -0.006     0.156     0.119     0.081     1.197     0.000    -0.482    -0.048    -0.778     0.203     0.000     1.566 

ddG: N68I     1.636     8.862    -0.897   -10.086     0.034     4.548     0.000    -0.284     0.049     0.028     1.857     0.000     0.045     0.120    -4.912     0.135     0.000     2.137 

ddG: N68K     0.557     6.595    -0.033    -7.024     0.009     2.657    -0.006     0.075     0.117     0.076     1.196     0.000    -0.502     0.021    -3.362    -0.051    -0.001     0.789 

ddG: N68L    -0.040    -0.147    -0.084    -0.710     0.003     0.115     0.000     0.046     0.109     0.029     0.004     0.000    -0.454    -0.105    -0.690    -0.014     0.000     1.861 

ddG: N68M     0.427     3.190    -0.187    -5.309     0.004     2.318    -0.008    -0.124     0.058    -0.038     1.567     0.000    -0.245     0.120    -2.229    -0.016     0.000     1.326 

ddG: N68N     0.727     4.061    -0.153    -4.934     0.003     2.249    -0.007    -0.179    -0.032    -0.032     1.567     0.000     0.202     0.199    -2.222     0.005     0.000     0.000 

ddG: N68P    -2.633     2.167     0.682    -3.867    -0.002     0.524     0.029     0.012    -0.011     0.035    -0.016     0.000    -0.211     0.039    -2.290    -0.593     0.000     0.871 

ddG: N68Q     0.588    -1.301    -0.210     0.920     0.001     0.137     0.000     0.074     0.102     0.000     0.007     0.000    -0.491    -0.078     1.717    -0.004     0.000    -0.284 

ddG: N68R     1.468     4.252    -0.646    -5.052     0.009     2.637    -0.007    -0.138    -0.096     0.053     1.773     0.000     0.047     0.267    -3.034     0.449    -0.001     0.955 

ddG: N68S     0.376     3.933    -0.007    -3.486    -0.002     0.856     0.000    -0.027     0.059     0.038     0.003     0.000    -0.252    -0.014    -2.073     0.001     0.000     1.348 

ddG: N68T     1.268     9.372    -0.721    -9.799     0.019     4.363    -0.001    -0.327    -0.012    -0.004     1.853     0.000     0.171     0.188    -5.274     0.106     0.000     1.333 

ddG: N68V     1.480     3.512    -0.224    -4.789     0.030     2.792    -0.008     0.079     0.087     0.066     1.495     0.000    -0.357    -0.090    -3.193     0.049     0.000     2.032 

ddG: N68W    -1.846    -5.311     0.276     0.141     0.021     0.109    -0.004     0.119     0.092     0.014     0.006     0.000    -0.575    -0.053     1.094    -0.030     0.000     2.255 

ddG: N68Y     0.813     2.064    -0.261    -5.423     0.026     2.406    -0.007    -0.115     0.072     0.024     1.575     0.000    -0.311     0.206    -0.949     0.212     0.001     1.294 

