ddG: description total fa_atr fa_rep fa_sol fa_intra_rep fa_elec pro_close hbond_sr_bb hbond_lr_bb hbond_bb_sc hbond_sc dslf_fa13 rama omega fa_dun p_aa_pp yhh_planarity ref 
ddG: R68A    -0.683     8.925    -0.330    -8.920    -0.007     0.293     0.013     0.120    -0.056     1.069    -0.009     0.000    -0.067    -0.236    -2.282    -0.057    -0.033     0.894 

ddG: R68C    -0.367     7.852    -0.298    -7.471    -0.008     0.144     0.015     0.118    -0.090     0.799    -0.006    -0.001    -0.198    -0.045    -1.586    -0.188    -0.010     0.607 

ddG: R68D     1.157     5.043    -0.255    -1.411    -0.006    -0.812     0.016     0.078    -0.128     0.796    -0.980     0.000    -0.097    -0.128     0.675    -0.250    -0.013    -1.371 

ddG: R68E    -0.651     3.341    -0.236    -1.223    -0.006    -1.209     0.021     0.124    -0.075     0.819    -1.422    -0.001    -0.134    -0.006     1.274    -0.218    -0.008    -1.692 

ddG: R68F    -3.569     0.959     0.497    -7.394     0.035     0.089     0.034     0.068     0.013     0.828    -0.029    -0.001    -0.186    -0.415     1.449    -0.245     0.028     0.698 

ddG: R68G     1.869    12.231    -0.605    -9.721    -0.009     0.127     0.013     0.099     0.065     0.761    -0.040    -0.001     0.365    -0.101    -2.208     0.532     0.013     0.349 

ddG: R68H    -1.603     2.169     0.181    -5.076    -0.008    -0.034     0.010     0.128    -0.052     0.850    -0.020    -0.002    -0.049    -0.095    -0.156    -0.059    -0.001     0.610 

ddG: R68H    -1.670     2.115     0.238    -5.079    -0.007    -0.006     0.005     0.116    -0.057     0.848    -0.120     0.000     0.013    -0.108    -0.209    -0.017    -0.012     0.610 

ddG: R68I    -0.207     6.321     0.369    -6.843     0.008     0.636     0.005     0.119    -0.184     1.103     0.046     0.000    -0.212     0.133    -2.423    -0.421    -0.044     1.182 

ddG: R68K    -0.269     4.085    -0.243    -3.976    -0.006     0.479     0.012     0.077    -0.084     0.796    -0.077     0.000    -0.053     0.061    -0.986    -0.164    -0.025    -0.167 

ddG: R68L    -3.256     4.474     0.388    -8.155    -0.001     0.224     0.031     0.093    -0.029     0.760    -0.034    -0.001    -0.104    -0.175    -1.352    -0.299     0.018     0.905 

ddG: R68M    -1.808     5.280    -0.321    -7.588    -0.006     0.490     0.017     0.101     0.001     0.815    -0.004    -0.001    -0.201    -0.080    -0.452    -0.233     0.006     0.371 

ddG: R68N    -1.514     4.780    -0.247    -4.164    -0.007    -0.259     0.014     0.083    -0.115     0.800    -1.165    -0.001    -0.044    -0.130    -0.031    -0.062    -0.012    -0.955 

ddG: R68P     3.589     4.923     5.170    -7.779    -0.004     0.125     0.833     0.175    -0.062     1.222    -0.076    -0.002     0.599    -0.242    -1.495     0.299    -0.014    -0.084 

ddG: R68Q    -2.423     2.835    -0.106    -3.854    -0.006    -0.012     0.013     0.075    -0.084     1.064    -1.409     0.000    -0.120    -0.205     0.857    -0.201    -0.031    -1.240 

ddG: R68R     0.279    -0.379     0.132     0.364     0.000     0.208    -0.006    -0.029    -0.058     0.021     0.009    -0.002     0.005    -0.018     0.012     0.033    -0.015     0.000 

ddG: R68S     1.274     8.507    -0.376    -6.874    -0.007     0.330     0.013     0.114    -0.079     1.073    -0.036    -0.001     0.025    -0.173    -1.523    -0.091    -0.020     0.392 

ddG: R68T     2.551     0.624    -0.402     2.465    -0.012     0.402     0.033     0.072     0.105     0.621    -1.574     0.000    -0.031    -0.211     0.353    -0.260    -0.011     0.378 

ddG: R68V     0.522     7.467     0.332    -7.009     0.002     0.645     0.007     0.101    -0.176     1.098     0.036    -0.001    -0.157     0.179    -2.700    -0.336    -0.044     1.077 

ddG: R68W    -7.163    -3.859     0.559    -5.622     0.025    -0.034     0.036     0.059    -0.007     0.803     0.006    -0.002    -0.186    -0.435     0.618    -0.443     0.021     1.299 

ddG: R68Y    -2.821     1.825     1.067    -6.465     0.017     0.464     0.054     0.317    -0.104     1.148    -0.117     0.001     0.185    -0.327    -0.815    -0.395    -0.013     0.338 

