ddG: description total fa_atr fa_rep fa_sol fa_intra_rep fa_elec pro_close hbond_sr_bb hbond_lr_bb hbond_bb_sc hbond_sc dslf_fa13 rama omega fa_dun p_aa_pp yhh_planarity ref 
ddG: H13A     3.209    13.886     0.393    -6.557    -0.025    -1.543    -0.003     0.054    -0.084    -0.310    -2.742     0.000    -0.015    -0.509     0.063     0.320    -0.004     0.284 

ddG: H13C     3.524    11.517    -0.709    -4.654    -0.006     0.616    -0.014     0.025    -0.378     0.020     0.010     0.000    -0.128    -0.248    -2.247    -0.277     0.000    -0.003 

ddG: H13D     4.645     9.337    -0.688     2.007    -0.024    -1.531     0.020    -0.056     0.009    -1.195    -0.946     0.000     0.077    -0.674     0.038     0.256    -0.002    -1.981 

ddG: H13E     7.927     7.913    -0.571     2.760    -0.015    -0.045    -0.012     0.370    -0.629     1.271    -1.299     0.000    -0.338    -0.238     0.777     0.296    -0.011    -2.303 

ddG: H13F    -1.254    -1.493     1.723    -3.082     0.021     0.774    -0.004    -0.053     0.052     0.191     0.142     0.000    -0.200     0.476     0.187    -0.075    -0.002     0.088 

ddG: H13G     3.988    11.982    -0.534    -4.793    -0.001     0.675    -0.001     0.014    -0.174     0.031    -0.026     0.000     0.082    -0.518    -2.323    -0.150    -0.012    -0.261 

ddG: H13H     0.468     0.981    -1.492     0.468    -0.012    -1.311     0.000     0.172    -0.101    -0.218    -0.192     0.000    -0.191    -0.339     2.522     0.176     0.004     0.000 

ddG: H13H     0.721     1.248    -1.001     0.544    -0.012    -0.787     0.007     0.648    -0.266     1.056    -0.490     0.000    -0.107    -0.104    -0.085     0.070    -0.001     0.000 

ddG: H13I     8.097     9.979    -1.252    -5.427     0.002     0.515     0.003     0.374     0.035     0.801    -0.436     0.000    -0.379    -0.100     3.196     0.191     0.025     0.571 

ddG: H13K     6.671     7.377    -0.224     0.145    -0.011    -0.729    -0.028    -0.012    -0.389    -1.522     0.054     0.000    -0.358     0.082     3.065    -0.030     0.030    -0.777 

ddG: H13L     4.213     7.472    -1.271    -4.858    -0.003     0.753    -0.018     0.002    -0.224    -0.169     0.022     0.000    -0.281    -0.447     2.507     0.416     0.016     0.295 

ddG: H13M     4.159     8.372    -1.065    -4.024    -0.010     0.582    -0.014    -0.030    -0.332    -0.083     0.025     0.000    -0.238    -0.367     1.466     0.114     0.005    -0.240 

ddG: H13N     4.372     8.675     0.777    -1.221    -0.025    -1.484    -0.015     0.067    -0.331    -0.165    -2.783     0.000    -0.236    -0.345     2.803     0.217     0.000    -1.566 

ddG: H13P    26.569    12.142     8.756    -5.937    -0.031     0.183     4.435     0.837     1.783     1.093    -3.172     0.000     0.340     4.115     2.646     0.070     0.005    -0.695 

ddG: H13Q     4.447     3.566    -0.133     1.075     0.000     0.143    -0.011    -0.006    -0.398    -0.009     0.038     0.000     0.095    -0.004     1.850     0.090     0.002    -1.850 

ddG: H13R     8.198     4.493     0.745     4.872    -0.007    -0.330    -0.016     0.382    -0.722     1.115    -2.255     0.000    -0.193     0.294     0.767    -0.372     0.038    -0.610 

ddG: H13S     1.619    13.015    -1.081    -3.735    -0.015    -0.612    -0.005    -0.009    -0.193    -0.532    -1.853     0.000     0.133    -0.686    -2.567    -0.013    -0.011    -0.218 

ddG: H13T     3.935    10.449    -0.338    -2.834     0.001     0.461    -0.015     0.012    -0.226     0.042     0.047     0.000    -0.206    -0.260    -2.496    -0.489     0.019    -0.232 

ddG: H13V     6.276    11.116     0.580    -6.014    -0.003     0.839    -0.009     0.388    -0.401     1.324    -0.369     0.000    -0.271     0.334    -1.329    -0.367    -0.009     0.467 

ddG: H13W     5.571    -3.546     2.774     0.719     0.019     1.058     0.006     0.340     0.062     1.619    -0.359     0.000    -0.615     0.434     2.153     0.222    -0.004     0.689 

ddG: H13Y     0.047    -2.292     4.008     1.625    -0.006    -2.162     0.003     0.363     0.135     0.943    -4.643     0.000    -0.621     0.471     2.352    -0.153     0.296    -0.272 

