ddG: description total fa_atr fa_rep fa_sol fa_intra_rep fa_elec pro_close hbond_sr_bb hbond_lr_bb hbond_bb_sc hbond_sc dslf_fa13 rama omega fa_dun p_aa_pp yhh_planarity ref 
ddG: V116A     1.676     5.065    -0.157    -1.397    -0.011     0.231     0.004    -1.250     0.160    -0.016     0.037     0.000    -0.226     0.128    -0.167    -0.542     0.000    -0.183 

ddG: V116C     4.336     2.174     0.138     2.405    -0.006    -0.343    -0.006     0.288     0.054     0.062    -0.356     0.000    -0.199    -0.150     0.528     0.217     0.000    -0.470 

ddG: V116D     7.959    -8.514     0.286    17.303    -0.002    -0.912    -0.023     0.155     0.008     0.035    -0.169     0.000    -0.307    -0.025     2.474     0.099     0.000    -2.448 

ddG: V116E     6.105    -7.705     0.282    13.785     0.000    -0.109     0.013     0.259     0.015     0.020    -0.042     0.000    -0.510     0.037     3.038    -0.210     0.000    -2.769 

ddG: V116F     1.765    -8.892     1.830     4.321     0.019    -0.002    -0.029     0.301    -0.043    -0.008     0.078     0.000    -0.400     1.248     3.588     0.133     0.000    -0.379 

ddG: V116G     6.201     4.917    -0.285     1.207    -0.013    -0.632     0.007     0.070     0.001    -0.003     0.032     0.000     0.100    -0.073     1.285     0.315     0.000    -0.728 

ddG: V116H     2.277    -7.034     0.969     6.624    -0.008    -0.832    -0.016     0.286    -0.035     0.003    -0.897     0.000    -0.339     0.989     3.001     0.034     0.000    -0.467 

ddG: V116H     2.273    -7.023     0.945     6.620    -0.008    -0.835    -0.016     0.286    -0.036     0.001    -0.897     0.000    -0.339     0.993     3.012     0.036     0.000    -0.467 

ddG: V116I     0.247    -2.383     0.139     1.043     0.016     0.038    -0.005     0.057    -0.011    -0.020     0.005     0.000    -0.094     0.109     1.338    -0.091     0.000     0.105 

ddG: V116K     7.674    -3.728     0.651     8.488    -0.001    -0.665     0.003     0.044    -0.182     0.028     0.348     0.000    -0.025     0.257     3.306     0.394     0.000    -1.244 

ddG: V116L     4.193    -4.807     0.462     4.179     0.026    -0.619    -0.012     0.125    -0.007    -0.017     0.027     0.000    -0.257    -0.041     5.404    -0.098     0.000    -0.172 

ddG: V116M     3.590     0.671    -0.203    -0.504    -0.007     1.675    -0.005     0.237    -0.002    -0.008     0.515     0.000    -0.330    -0.017     2.405    -0.132     0.000    -0.706 

ddG: V116N     4.591    -6.445     0.590    11.410    -0.003    -0.390    -0.020     0.187     0.024     0.065    -0.855     0.000    -0.167     0.109     1.943     0.175     0.000    -2.032 

ddG: V116P    13.390     1.500     5.835    -1.013     0.002    -0.066     0.570     2.259     0.003     0.037    -0.025     0.000     0.805     1.510     3.051     0.085     0.000    -1.162 

ddG: V116Q     2.633    -3.580     0.082     5.863    -0.006    -0.325     0.005     0.177    -0.009     0.013     0.051     0.000    -0.293     0.195     2.952    -0.177     0.000    -2.317 

ddG: V116R     6.611    -9.648     1.194    13.745     0.003    -1.333    -0.019     0.259    -0.010    -0.071    -0.630     0.000    -0.643    -0.153     5.041    -0.048     0.000    -1.077 

ddG: V116S     5.586     1.254    -0.251     4.245    -0.012    -0.947     0.004     0.048    -0.007    -0.026     0.030     0.000    -0.074    -0.091     1.908     0.190     0.000    -0.685 

ddG: V116T     2.849     1.920    -0.088     1.601    -0.001    -0.072     0.005    -0.009    -0.012    -0.002     0.012     0.000     0.035    -0.006     0.039     0.128     0.000    -0.699 

ddG: V116V    -0.020     0.007     0.009    -0.010     0.000    -0.058    -0.004     0.005    -0.027    -0.014     0.002     0.000     0.010     0.014     0.038     0.008     0.000     0.000 

ddG: V116W     4.959   -11.789     1.348     7.247     0.017     1.789    -0.019     0.539    -0.017     0.046     0.370     0.000    -0.521     1.156     4.579    -0.008     0.000     0.222 

ddG: V116Y     2.182    -9.662     1.788     6.182     0.018     0.106    -0.026     0.248    -0.037    -0.010     0.069     0.000    -0.395     1.183     3.309     0.134     0.014    -0.739 

