ddG: description total fa_atr fa_rep fa_sol fa_intra_rep fa_elec pro_close hbond_sr_bb hbond_lr_bb hbond_bb_sc hbond_sc dslf_fa13 rama omega fa_dun p_aa_pp yhh_planarity ref 
ddG: V61A     2.431     2.977     1.053    -0.593    -0.001     0.899    -0.013    -0.592    -0.190    -1.018    -0.077     0.000    -0.054     0.180     0.265    -0.238     0.015    -0.183 

ddG: V61C     2.616     1.957    -0.340     0.391    -0.012     0.360    -0.001     0.092    -0.107     0.091    -0.093     0.000     0.002    -0.006     0.560     0.174     0.018    -0.470 

ddG: V61D     5.904    -0.428     0.384     6.056    -0.010    -0.229     0.001     0.046    -0.086     0.390     0.227     0.000     0.004     0.008     1.702     0.277     0.010    -2.448 

ddG: V61E     1.774    -1.799     1.012     3.560     0.008    -0.075    -0.007    -0.590     0.228    -1.082     0.255     0.000     0.195     0.089     2.790    -0.060     0.019    -2.769 

ddG: V61F     0.553    -8.054     1.549     2.196     0.021    -0.367    -0.005    -0.368    -0.168    -1.288    -0.006     0.000    -0.149     0.690     6.443     0.417     0.024    -0.379 

ddG: V61G     3.040     4.066     0.705    -2.122     0.002     1.180    -0.008    -0.552     0.109    -1.297     0.185     0.000     0.478     0.135     0.330     0.538     0.020    -0.728 

ddG: V61H     2.276   -11.356     1.256     9.590    -0.002    -1.193    -0.005    -0.356     0.329    -2.362     0.042     0.000     0.081     0.007     6.415     0.277     0.021    -0.467 

ddG: V61H     2.346   -10.658     2.864     8.605     0.005     0.081    -0.014    -0.609     0.156    -2.005    -0.107     0.000     0.139     0.380     4.041    -0.078     0.012    -0.467 

ddG: V61I    -0.550    -2.802     1.283     0.269     0.017     0.996    -0.006    -0.608     0.321    -1.131     0.384     0.000     0.171     0.173     0.367    -0.104     0.016     0.105 

ddG: V61K     2.275    -0.562     0.000     2.432    -0.005     0.408     0.004     0.000    -0.066    -0.044    -0.236     0.000     0.041     0.085     1.432     0.012     0.019    -1.244 

ddG: V61L     2.640    -3.098     2.443     2.996    -0.001    -1.498    -0.006    -0.338     0.120    -0.518     0.704     0.000     0.102     0.477     0.919     0.495     0.015    -0.172 

ddG: V61M     0.118    -3.108     2.802     2.492    -0.017    -1.353    -0.013    -0.494     0.183    -1.492    -2.408     0.000    -0.047     0.369     3.571     0.324     0.015    -0.706 

ddG: V61N     4.042    -2.441    -0.151     4.686    -0.005    -0.888    -0.006    -0.381     0.246    -1.325     0.230     0.000     0.074     0.001     5.612     0.403     0.021    -2.032 

ddG: V61P     1.077    -0.280     1.940    -0.899    -0.001     0.113     0.344    -0.321     0.894    -0.699     0.308     0.000     0.817    -0.342     0.574    -0.217     0.008    -1.162 

ddG: V61Q     0.498    -1.840     0.941     3.072    -0.002    -0.665    -0.003    -0.460     0.016    -1.132     0.251     0.000     0.239    -0.274     2.582     0.081     0.008    -2.317 

ddG: V61R     2.799    -2.000     0.769     3.605     0.003     0.526    -0.005    -0.459     0.054    -0.968     0.278     0.000     0.255    -0.326     1.977     0.142     0.025    -1.077 

ddG: V61S     2.159     2.404    -0.690     0.853    -0.007    -1.012    -0.006    -0.289     0.085    -1.979     0.102     0.000    -0.109    -0.195     3.446     0.217     0.024    -0.685 

ddG: V61T     2.114     1.500    -0.177     0.739    -0.006     0.171     0.003     0.142    -0.594     0.146     0.026     0.000     0.146     0.058     0.287     0.368     0.005    -0.699 

ddG: V61V     0.115    -0.268     0.094     0.356     0.003    -0.056     0.003     0.043    -0.018    -0.071    -0.078     0.000    -0.011     0.018     0.109    -0.007    -0.001     0.000 

ddG: V61W    -0.912   -12.298     2.302     6.777     0.027    -0.881    -0.003    -0.385     0.152    -1.410     0.381     0.000     0.143     0.212     3.515     0.330     0.003     0.222 

ddG: V61Y     3.207    -9.657     3.036     3.806     0.037     1.076    -0.011    -0.365    -0.135     0.691     0.360     0.000     0.169     0.665     4.088     0.155     0.029    -0.739 

