ddG: description total fa_atr fa_rep fa_sol fa_intra_rep fa_elec pro_close hbond_sr_bb hbond_lr_bb hbond_bb_sc hbond_sc dslf_fa13 rama omega fa_dun p_aa_pp yhh_planarity ref 
ddG: K124A     1.762     4.089    -1.004    -2.748    -0.010     0.279    -0.001     0.315    -0.076     1.157    -0.397     0.000    -0.153     0.196    -1.210     0.282    -0.018     1.061 

ddG: K124C     0.665     1.275     0.039    -1.816     0.005     1.275    -0.001    -0.190     0.200     0.028    -0.001     0.000    -0.178     0.384    -0.951    -0.176    -0.003     0.774 

ddG: K124D     1.822     0.529    -0.336     2.201    -0.003    -1.027     0.004     0.645    -0.159     1.075    -1.576     0.000     0.120     0.256     1.029     0.272    -0.004    -1.204 

ddG: K124E     2.078     0.526    -0.746     1.505    -0.001     0.123     0.007     0.400    -0.064     1.081    -0.441     0.000    -0.211     0.136     1.239     0.070    -0.019    -1.526 

ddG: K124F    -1.262    -2.471     0.712    -1.992     0.031     1.198    -0.011    -0.322     0.210     0.187     0.064     0.000    -0.284     0.392     0.493    -0.332    -0.003     0.865 

ddG: K124G     1.966     4.498    -0.524    -3.411     0.001     1.313     0.009    -0.292     0.337     0.062    -0.039     0.000     0.245     0.198    -1.297     0.350     0.001     0.516 

ddG: K124H    -0.375    -1.938     1.004     0.842    -0.024    -2.282    -0.006     0.485    -0.031     0.695    -3.169     0.000    -0.451     0.480     3.198     0.066    -0.020     0.777 

ddG: K124H    -0.088    -1.825    -1.245     0.027    -0.005    -0.475    -0.005    -0.095     0.109    -0.189    -0.195     0.000    -0.392     0.102     3.293     0.028     0.001     0.777 

ddG: K124I    -0.444    -2.803     0.989    -1.122     0.027     0.056    -0.002    -0.023     0.162    -0.027     0.047     0.000    -0.162    -0.099     1.341    -0.163    -0.013     1.348 

ddG: K124K     0.332     0.070     0.049    -0.078     0.001     0.361    -0.003     0.004     0.004    -0.008    -0.013     0.000    -0.059     0.034     0.033    -0.053    -0.011     0.000 

ddG: K124L     1.302     0.475    -1.086    -1.616     0.002     0.458     0.004     0.394     0.024     1.161    -0.399     0.000    -0.113     0.351     0.610    -0.020    -0.015     1.072 

ddG: K124M    -0.312    -0.495     0.029    -1.569     0.008     1.059    -0.003    -0.213     0.226     0.025     0.001     0.000    -0.077     0.391    -0.140    -0.086    -0.003     0.537 

ddG: K124N     0.143    -1.182     1.694     0.733    -0.012    -1.033    -0.012    -0.184     0.284    -0.358    -2.800     0.000    -0.210     0.465     3.244     0.305    -0.005    -0.789 

ddG: K124P    10.721    -0.569     7.585    -2.560     0.003     0.121     2.497     0.676     0.133     0.019    -0.008     0.000     0.692     0.710     0.210     1.144    -0.014     0.082 

ddG: K124Q     0.299     0.570    -0.915    -0.485    -0.002     0.223     0.006     0.492    -0.035     1.070    -0.471     0.000    -0.225     0.339     0.884    -0.060    -0.019    -1.073 

ddG: K124R    -0.451    -0.266     0.087     0.257     0.013    -0.726     0.020    -0.132     0.026    -0.341    -0.017     0.000    -0.135    -0.138     0.461     0.289    -0.014     0.167 

ddG: K124S     2.698     3.308    -0.854    -1.056    -0.007     0.293     0.007     0.417    -0.059     1.069    -0.467     0.000    -0.267     0.215    -0.486     0.044    -0.018     0.559 

ddG: K124T     0.096     0.121    -0.260    -0.012     0.015     0.935    -0.002    -0.234     0.260     0.017    -0.010     0.000    -0.340     0.400    -0.892    -0.445    -0.003     0.544 

ddG: K124V    -0.107    -1.163    -0.695    -1.634     0.017     1.305    -0.003     0.143     0.040     1.120    -0.506     0.000    -0.522     0.746     0.189    -0.381    -0.006     1.244 

ddG: K124W     0.805    -1.753    -0.916    -0.496     0.018     0.088    -0.010    -0.071     0.102    -0.167    -0.191     0.000    -0.311     0.065     3.051    -0.070     0.001     1.466 

ddG: K124Y    -2.330    -2.152     0.616    -1.294     0.028    -0.340    -0.008    -0.165     0.045     0.028    -0.003     0.000    -0.169     0.030     0.679    -0.116    -0.014     0.505 

