ddG: description total fa_atr fa_rep fa_sol fa_intra_rep fa_elec pro_close hbond_sr_bb hbond_lr_bb hbond_bb_sc hbond_sc dslf_fa13 rama omega fa_dun p_aa_pp yhh_planarity ref 
ddG: E77A    -0.049     5.590     0.053    -8.022    -0.004     2.625     0.010    -0.079     0.055     0.620     0.959     0.001    -0.050     0.039    -4.237    -0.134    -0.062     2.586 

ddG: E77C     0.518     4.956     0.028    -7.109    -0.004     2.513     0.009    -0.063     0.048     0.621     0.964     0.002     0.033     0.061    -3.799     0.023    -0.064     2.300 

ddG: E77D     2.069     3.806     0.009    -3.710    -0.001     2.414     0.009    -0.063     0.049     0.674     0.957     0.000     0.085    -0.022    -2.357    -0.050    -0.053     0.322 

ddG: E77E    -0.319    -0.263     0.121     0.022     0.000    -0.255     0.004     0.019     0.001     0.004    -0.044    -0.001     0.014     0.071    -0.012     0.007    -0.008     0.000 

ddG: E77F    -1.120     0.254     0.113    -5.794     0.021     2.505     0.007    -0.097     0.039     0.561     0.968     0.002     0.115     0.111    -2.244    -0.018    -0.053     2.391 

ddG: E77G     1.827     7.614     0.032    -8.487    -0.006     2.609     0.010    -0.055     0.058     0.623     0.969     0.003     0.366     0.029    -4.244     0.325    -0.058     2.041 

ddG: E77H     1.060     1.610    -0.088    -5.334    -0.004     3.123     0.003    -0.079     0.009     0.567     1.016     0.001     0.055    -0.035    -2.083     0.024    -0.028     2.303 

ddG: E77H     0.722     1.782    -0.100    -5.660    -0.003     2.862     0.008    -0.061     0.022     0.551     0.993     0.002     0.071     0.061    -2.098     0.007    -0.020     2.303 

ddG: E77I    -0.967     2.009     0.244    -6.638     0.014     2.715     0.014     0.230     0.136     0.621     0.976     0.003    -0.182     0.185    -3.508    -0.599    -0.062     2.874 

ddG: E77K    -0.332     2.735     0.038    -4.548    -0.001     0.825     0.006    -0.103    -0.011     0.569     0.208     0.003     0.052     0.021    -1.564    -0.019    -0.068     1.526 

ddG: E77L    -0.966     2.722     0.082    -6.508     0.002     2.611     0.009    -0.071     0.027     0.548     0.967     0.001     0.067     0.034    -3.920    -0.078    -0.055     2.598 

ddG: E77M     0.315     3.165    -0.028    -6.369    -0.003     2.605     0.007    -0.087     0.048     0.584     0.979     0.000     0.042    -0.020    -2.624    -0.005    -0.044     2.063 

ddG: E77N     0.999     3.554    -0.051    -5.579     0.000     2.966     0.009    -0.014     0.074     0.567     0.972     0.002     0.178     0.009    -2.468     0.116    -0.075     0.737 

ddG: E77P     4.812     2.448     5.256    -7.281    -0.005     2.953     1.242     0.190     0.170     0.607     0.941     0.005     0.959     0.192    -3.648    -0.753    -0.073     1.608 

ddG: E77Q    -0.945     1.698    -0.012    -4.174    -0.002     1.401     0.008    -0.098     0.020     0.622     0.144    -0.002     0.116     0.040    -1.140     0.021    -0.042     0.453 

ddG: E77R     0.508     2.455    -0.065    -4.048     0.005     1.167     0.006    -0.060     0.097     0.615     0.011     0.004    -0.003     0.131    -1.354    -0.067    -0.077     1.692 

ddG: E77S     1.307     5.580     0.019    -6.922    -0.004     2.540     0.009    -0.081     0.053     0.618     0.959     0.002     0.015     0.030    -3.480    -0.054    -0.063     2.085 

ddG: E77T     1.459     4.254     0.104    -5.325     0.000     2.319     0.009    -0.029     0.068     0.628     0.980     0.003     0.169     0.074    -3.935     0.141    -0.071     2.070 

ddG: E77V     0.496     2.441     0.605    -6.853     0.016     2.697     0.011    -0.025     0.096     0.568     0.983     0.004     0.131     0.164    -3.290     0.242    -0.064     2.769 

ddG: E77W    -2.796    -7.306     0.573    -2.509     0.029     2.556     0.003    -0.145     0.007     0.495     0.994    -0.001     0.122    -0.015    -0.567     0.024    -0.049     2.992 

ddG: E77Y    -0.818     0.494    -0.011    -5.603     0.020     2.739     0.005    -0.094     0.034     0.554     1.018     0.002     0.098     0.055    -2.073    -0.041    -0.047     2.031 

