ddG: description total fa_atr fa_rep fa_sol fa_intra_rep fa_elec pro_close hbond_sr_bb hbond_lr_bb hbond_bb_sc hbond_sc dslf_fa13 rama omega fa_dun p_aa_pp yhh_planarity ref 
ddG: Q44A    -0.059     0.564     0.150    -0.106     0.007    -0.629     0.000    -0.007    -0.021    -0.098    -0.730     0.000     0.234     0.092    -1.988     0.278     0.062     2.134 

ddG: Q44C     0.404    -0.387     0.449     1.064    -0.005     0.880    -0.001    -0.551    -0.011    -1.481     0.044     0.000     0.131    -0.046    -1.710     0.115     0.065     1.847 

ddG: Q44D     0.309     0.033    -0.249     2.763    -0.007    -1.303     0.000    -0.139     0.077    -0.049    -0.732     0.000     0.066     0.069     0.152    -0.309     0.068    -0.131 

ddG: Q44E     0.481    -0.825     0.181     2.070    -0.003    -0.386    -0.002    -0.059     0.044    -0.173    -0.683     0.000     0.118    -0.010     0.505     0.117     0.041    -0.453 

ddG: Q44F    -0.319    -1.704     0.044     1.271     0.019    -0.705    -0.002    -0.071     0.031    -0.075    -0.734     0.000     0.048    -0.004    -0.351    -0.086     0.063     1.938 

ddG: Q44G     0.460     1.634    -0.010    -0.036     0.001    -0.379    -0.002    -0.077     0.028    -0.066    -0.682     0.000     0.301     0.080    -2.180     0.197     0.062     1.589 

ddG: Q44H    -0.294    -1.152     0.016     1.363    -0.005    -0.724    -0.004    -0.070     0.031    -0.079    -0.736     0.000    -0.025    -0.041    -0.608    -0.164     0.057     1.850 

ddG: Q44H    -0.128    -1.574     0.212     1.759    -0.008    -0.672    -0.002    -0.077     0.055    -0.200    -0.686     0.000    -0.030     0.010    -0.628    -0.179     0.041     1.850 

ddG: Q44I     0.323    -3.320     0.497     3.265     0.007     0.882    -0.004    -0.612     0.060    -1.302     0.044     0.000     0.278    -0.020    -2.252     0.320     0.057     2.421 

ddG: Q44K     0.205    -0.983     0.442     1.588    -0.002     0.914    -0.001    -0.549    -0.009    -1.466     0.046     0.000     0.001    -0.089    -1.118     0.290     0.065     1.073 

ddG: Q44L    -1.044    -0.577     0.332     0.473     0.000    -0.938     0.001     0.009    -0.008    -0.191    -0.686     0.000     0.081     0.013    -1.778     0.034     0.046     2.145 

ddG: Q44M    -0.262    -0.171     0.016     0.805    -0.005    -0.597    -0.002    -0.073     0.032    -0.053    -0.736     0.000     0.023    -0.013    -1.244     0.083     0.063     1.610 

ddG: Q44N    -0.760    -0.473     0.002     1.587    -0.005    -0.677    -0.003    -0.087     0.031    -0.035    -0.733     0.000    -0.110    -0.007    -0.319    -0.276     0.061     0.284 

ddG: Q44P     4.959    -1.630     4.443     0.595    -0.003    -1.199     0.459    -0.584    -0.039     1.487     0.117     0.000     0.853     1.409    -2.472     0.319     0.048     1.155 

ddG: Q44Q    -1.349    -0.440     0.116     0.519    -0.001    -0.880     0.001    -0.011    -0.016    -0.077    -0.740     0.000    -0.007     0.037     0.085    -0.001     0.067     0.000 

ddG: Q44R     0.607    -0.678     0.184     1.995    -0.001    -0.793    -0.003    -0.076     0.067    -0.209    -0.690     0.000     0.066     0.029    -0.535    -0.029     0.042     1.240 

ddG: Q44S     0.445    -1.190     0.464     3.308     0.007     0.400    -0.001    -0.577     0.005    -1.564    -0.628     0.000     0.231     0.050    -1.929     0.175     0.062     1.632 

ddG: Q44T    -0.706    -0.286    -0.018     2.654    -0.005    -1.082    -0.002    -0.102     0.049    -0.083    -1.424     0.000     0.079     0.003    -1.979    -0.190     0.064     1.617 

ddG: Q44V     1.036    -1.673     0.535     2.144     0.008     0.558     0.002    -0.551     0.015    -1.243     0.061     0.000     0.431     0.159    -2.068     0.282     0.060     2.317 

ddG: Q44W     0.828    -4.995     0.477     3.637     0.017     0.708    -0.004    -0.624     0.072    -1.356     0.063     0.000     0.086    -0.041     0.193    -0.006     0.062     2.539 

ddG: Q44Y    -0.419    -1.371    -0.196     1.670     0.018    -0.972     0.000    -0.138     0.075    -0.030    -0.737     0.000     0.103     0.096    -0.287    -0.288     0.060     1.578 

