ddG: description total fa_atr fa_rep fa_sol fa_intra_rep fa_elec pro_close hbond_sr_bb hbond_lr_bb hbond_bb_sc hbond_sc dslf_fa13 rama omega fa_dun p_aa_pp yhh_planarity ref 
ddG: S63A    -0.647     5.159    -0.082    -7.394     0.011     3.469    -0.008    -0.180    -0.209     0.707     1.542     0.000     0.322    -0.069    -4.827     0.410     0.000     0.502 

ddG: S63C     1.611    -3.912     1.908     1.920     0.005     0.213    -0.003     0.026    -0.056     0.663    -0.026     0.000    -0.508    -0.359     1.664    -0.139     0.000     0.215 

ddG: S63D     6.384    -1.829     3.972     3.082     0.027     2.339    -0.012    -0.246    -0.212    -0.246     1.584     0.000    -0.200    -0.012     0.114    -0.215     0.001    -1.763 

ddG: S63E    19.962    -8.601     8.611     9.227     0.025     3.887    -0.008    -0.407     0.667    -0.506     3.307     0.000     1.521     0.964     3.165     0.195     0.002    -2.085 

ddG: S63F    60.606   -10.411    44.051    -2.703     0.045     5.662    -0.023     0.239     1.712     1.659     3.335     0.000     3.912     9.244     2.628     0.947     0.002     0.306 

ddG: S63G     1.943     5.437    -0.701    -5.281     0.008     2.776    -0.008    -0.113    -0.173     0.642     1.580     0.000     0.541    -0.050    -3.532     0.860     0.000    -0.043 

ddG: S63H    28.249    -7.333    23.621    -0.284     0.014     3.590    -0.013    -0.425     1.340     0.549     1.789     0.000     0.574     4.390     0.458    -0.240     0.002     0.218 

ddG: S63H    27.960   -14.243    23.736     7.472     0.009     0.671    -0.010    -0.165     1.388     0.537     0.303     0.000     0.306     4.079     3.863    -0.206     0.001     0.218 

ddG: S63I    12.102    -7.753    11.728     0.897     0.026     1.004     0.009     0.492    -0.048     1.151     0.158     0.000     0.037     0.862     1.762     0.990     0.000     0.789 

ddG: S63K    15.099    -1.946     3.435     0.076     0.043     1.290     0.002    -0.993     0.075     0.542     0.850     0.000    -0.378     4.003     9.075    -0.414     0.000    -0.559 

ddG: S63L    24.645    -8.149    21.368     1.391     0.014     0.517    -0.008     0.241     0.212     1.114    -0.125     0.000     0.573     1.815     4.808     0.360     0.002     0.513 

ddG: S63M    13.856    -4.002     7.126    -1.902     0.073     2.212    -0.012    -0.143    -0.497     0.844     1.659     0.000     0.959     3.167     4.932    -0.539     0.001    -0.022 

ddG: S63N     6.852    -4.062     5.528     2.427     0.016     2.336    -0.013     0.278     0.086     0.896     1.069     0.000    -0.429     0.335     0.029    -0.297     0.000    -1.348 

ddG: S63P     1.250     2.406     0.306    -6.901     0.010     3.743     0.989     0.195     0.046     1.008     1.043     0.000    -0.406     0.023    -0.935     0.200     0.000    -0.477 

ddG: S63Q    13.556   -11.338     9.661     8.027     0.079    -0.860    -0.012     0.076    -0.358     0.265     0.025     0.000     0.767     2.504     6.490    -0.138     0.001    -1.632 

ddG: S63R    35.893    -8.964    17.917    11.025     0.041     3.858     0.002     0.969     0.919     1.785     1.873     0.000     0.212     2.304     3.033     1.314    -0.002    -0.392 

ddG: S63S    -0.298     1.391    -0.310    -2.329     0.002     1.839    -0.006    -1.368     0.131    -0.091     1.581     0.000     0.070     0.230    -1.114    -0.323     0.000     0.000 

ddG: S63T     2.133    -1.454     2.586    -0.847     0.008     1.818    -0.006    -0.148    -0.293    -1.005     1.810     0.000     0.665    -0.248    -1.210     0.471     0.001    -0.015 

ddG: S63V     7.433     1.675     8.493    -7.478     0.012     3.439     0.009    -0.119    -0.092     0.826     1.852     0.000     0.300     0.082    -2.687     0.440     0.000     0.685 

ddG: S63W    17.100    -3.477     7.047    -2.724     0.082     1.517     0.003    -0.111    -0.093     0.551     1.280     0.000     0.224     5.300     7.265    -0.672     0.000     0.907 

ddG: S63Y    57.905   -15.206    42.316     4.632     0.054     4.788    -0.017    -0.423     1.691     1.155     3.129     0.000     2.124     9.061     4.355     0.295     0.006    -0.054 

