ddG: description total fa_atr fa_rep fa_sol fa_intra_rep fa_elec pro_close hbond_sr_bb hbond_lr_bb hbond_bb_sc hbond_sc dslf_fa13 rama omega fa_dun p_aa_pp yhh_planarity ref 
ddG: A90A    -0.349     0.215     0.113    -0.336     0.000    -0.072     0.001    -0.138    -0.015     0.067    -0.605    -0.030     0.119    -0.062     0.390     0.050    -0.045     0.000 

ddG: A90C     0.721     1.152    -0.506    -0.404    -0.002     0.031     0.006     0.111     0.044    -0.287     0.874     0.054     0.169     0.256    -0.591     0.139    -0.039    -0.287 

ddG: A90D     0.638    -0.922    -0.039     1.902     0.002    -0.084    -0.002     0.006     0.023    -0.019    -0.003     0.090     0.045     0.026     1.674     0.206     0.000    -2.265 

ddG: A90E    -0.309    -2.399     0.144     3.760     0.009    -1.696     0.000     0.090    -0.008    -0.008    -0.532    -0.024    -0.028     0.027     2.989    -0.011    -0.035    -2.586 

ddG: A90F    -1.409    -4.130     0.182     1.148     0.025    -0.376    -0.012     0.480     0.084    -0.606    -0.095     0.115     0.018    -0.072     1.995     0.059    -0.028    -0.196 

ddG: A90G     0.435     0.922    -0.084    -0.218     0.005    -0.338     0.003    -0.026     0.019    -0.097    -0.120     0.088     0.323    -0.040     0.104     0.462    -0.022    -0.545 

ddG: A90H    -0.755    -3.937    -0.360     1.903     0.003    -0.341    -0.017     0.578    -0.121    -0.798    -0.683     0.077     0.168    -0.278     3.084     0.296    -0.045    -0.284 

ddG: A90H    -1.630    -3.508    -0.280     1.803     0.002    -0.575     0.003     0.025     0.056    -0.594    -0.097     0.131     0.037     0.014     1.471     0.190    -0.023    -0.284 

ddG: A90I    -1.255    -1.369    -0.296     1.017     0.025    -0.769    -0.011     0.549     0.046    -0.592    -0.013     0.012     0.084    -0.248     0.019     0.034    -0.031     0.288 

ddG: A90K     0.281    -2.754    -0.093     3.292     0.018    -0.207     0.003    -0.340     0.174     0.021     0.114     0.101    -0.336     0.158     1.354    -0.141    -0.024    -1.061 

ddG: A90L    -0.660    -2.198     0.251     1.520     0.016    -1.113     0.001     0.107     0.030    -0.034    -0.612     0.083     0.037     0.210     1.068     0.003    -0.041     0.011 

ddG: A90M     0.424    -1.539    -1.297     0.690     0.020     0.172    -0.014     0.255    -0.251    -0.169    -0.101     0.094     0.331    -0.749     3.653    -0.116    -0.030    -0.523 

ddG: A90N    -0.323    -0.905    -0.089     1.007     0.006    -0.532     0.004     0.043     0.020    -0.082    -0.088     0.090     0.212     0.013     1.466     0.385    -0.024    -1.849 

ddG: A90P     0.022    -1.727     1.708     0.110     0.002    -0.949     0.180     0.035     0.029     0.004    -0.616     0.051     0.250     0.139     1.588     0.241    -0.043    -0.979 

ddG: A90Q    -1.179    -0.924    -0.481     0.931     0.006    -0.674     0.001     0.105    -0.005    -0.726     0.866    -0.013     0.072     0.385     1.592    -0.143    -0.038    -2.134 

ddG: A90R     0.669    -1.106    -0.210     2.343     0.007    -0.779    -0.011     0.890     0.029    -0.769    -0.119     0.003    -0.122    -0.002     1.530    -0.095    -0.026    -0.894 

ddG: A90S    -0.063    -0.080     0.151     0.336     0.007    -0.656     0.005    -0.682     0.155     0.013    -0.405     0.059     0.086     0.176     1.147     0.168    -0.042    -0.502 

ddG: A90T    -1.099     0.028    -0.154     0.216     0.006    -0.642     0.006    -0.045     0.015    -0.153    -0.608    -0.030     0.219    -0.139     0.419     0.334    -0.055    -0.516 

ddG: A90V    -0.940    -0.936     0.131     0.085     0.019    -0.565     0.001    -0.168     0.038    -0.066    -0.602     0.055     0.306     0.017     0.426     0.159    -0.024     0.183 

ddG: A90W    -0.868    -8.238     0.611     4.210     0.138    -1.034    -0.001    -0.088    -0.017    -0.049    -0.610     0.010     0.176    -0.062     3.742    -0.013    -0.048     0.405 

ddG: A90Y    -2.208    -4.097     0.352     1.178     0.030    -0.834    -0.014     0.337     0.049    -0.455    -0.606    -0.006     0.176    -0.042     2.197     0.127    -0.045    -0.556 

