ddG: description total fa_atr fa_rep fa_sol fa_intra_rep fa_elec pro_close hbond_sr_bb hbond_lr_bb hbond_bb_sc hbond_sc dslf_fa13 rama omega fa_dun p_aa_pp yhh_planarity ref 
ddG: H70A    -1.498     5.965     0.622    -4.733     0.000    -0.795    -0.005    -0.532     0.088    -0.918     0.797     0.000    -0.079    -0.506    -1.544    -0.150     0.008     0.284 

ddG: H70C     0.093     5.869    -0.101    -3.494    -0.004    -0.569     0.004    -0.062    -0.027     0.043     0.264     0.000    -0.175    -0.209    -1.322    -0.124     0.003    -0.003 

ddG: H70D     0.285     5.070    -0.243    -1.207    -0.005    -1.077     0.003    -0.103     0.004     0.171     0.367     0.000    -0.218    -0.246     0.086    -0.324    -0.011    -1.981 

ddG: H70E     1.414     4.924    -1.434    -0.913    -0.009    -0.952     0.002    -0.114     0.059    -0.225     0.105     0.000    -0.507    -0.081     3.050    -0.191     0.004    -2.303 

ddG: H70F     0.244     2.533    -0.076    -3.533     0.024     0.804    -0.001    -0.231     0.141     0.189     0.271     0.000    -0.119     0.365    -0.132    -0.079     0.000     0.088 

ddG: H70G     0.299     7.474     1.056    -5.102     0.005     0.155    -0.012    -0.645    -0.055    -1.007     0.321     0.000     0.045    -0.047    -1.389    -0.238     0.000    -0.261 

ddG: H70H    -0.965     0.958    -0.132    -0.916    -0.003    -0.633     0.004     0.017    -0.035     0.037     0.291     0.000    -0.064    -0.232    -0.137    -0.110    -0.011     0.000 

ddG: H70H    -1.000     0.934    -0.145    -0.935    -0.002    -0.628     0.003     0.009    -0.026     0.041     0.302     0.000    -0.058    -0.225    -0.158    -0.100    -0.011     0.000 

ddG: H70I    -0.453     3.491    -0.539    -2.910     0.017    -1.003    -0.007    -0.572     0.182    -1.210     0.610     0.000    -0.065    -0.395     1.197     0.171     0.008     0.571 

ddG: H70K    -1.647     2.818     0.842    -1.255     0.004    -1.464    -0.001    -0.542     0.034    -1.033     0.803     0.000    -0.032    -0.467    -0.426    -0.144    -0.007    -0.777 

ddG: H70L    -1.611     0.524     0.874     1.497    -0.002    -2.444    -0.002    -0.502     0.006    -1.209    -0.060     0.000    -0.214    -0.314    -0.097     0.045    -0.007     0.295 

ddG: H70M    -1.416     3.273    -0.633    -2.634     0.000    -1.033    -0.005    -0.557     0.119    -1.229     0.560     0.000    -0.249    -0.447     1.746    -0.095     0.009    -0.240 

ddG: H70N    -1.037     4.359    -0.597    -2.421     0.001    -1.364    -0.006    -0.553     0.200    -1.226     0.578     0.000    -0.289    -0.409     2.434    -0.187     0.008    -1.566 

ddG: H70P     2.341     4.021     4.759    -5.057     0.009    -1.333     0.609     0.422     0.335    -1.652     0.660     0.000     1.294     0.767    -1.542    -0.250    -0.006    -0.695 

ddG: H70Q    -0.865     2.711     1.686    -0.299    -0.018    -2.937    -0.005     0.035    -0.003    -0.370    -2.465     0.000    -0.428    -0.012     3.191    -0.102     0.001    -1.850 

ddG: H70R    -0.669     4.777     0.787    -3.098     0.011    -1.061    -0.004    -0.479     0.046    -1.053     0.729     0.000    -0.112    -0.462    -0.070    -0.060    -0.010    -0.610 

ddG: H70S    -0.205     5.882    -0.165    -2.829    -0.004    -0.673     0.005    -0.055    -0.016     0.055     0.304     0.000    -0.267    -0.215    -1.564    -0.433    -0.011    -0.218 

ddG: H70T    -2.055     4.425     2.468    -2.166    -0.011    -3.409    -0.010    -0.422     0.102    -1.456    -1.982     0.000    -0.082    -0.417     1.038     0.093     0.006    -0.232 

ddG: H70V    -2.110     3.272     2.501    -2.797     0.001    -3.130    -0.012    -0.434     0.126    -1.449    -1.944     0.000     0.073    -0.342     1.114     0.440     0.005     0.467 

ddG: H70W    -0.242    -2.015     3.302     0.261     0.024    -3.838    -0.018    -0.431     0.504     0.133    -2.089     0.000    -0.136    -0.080     3.768    -0.319     0.003     0.689 

ddG: H70Y    -1.056     2.292    -0.588    -2.790     0.027    -0.852    -0.006    -0.497     0.144    -1.270     0.466     0.000    -0.179    -0.206     2.656     0.009     0.009    -0.272 

