ddG: description total fa_atr fa_rep fa_sol fa_intra_rep fa_elec pro_close hbond_sr_bb hbond_lr_bb hbond_bb_sc hbond_sc dslf_fa13 rama omega fa_dun p_aa_pp yhh_planarity ref 
ddG: G67A     3.423    -0.708     3.729    -0.254    -0.015    -1.594    -0.001     0.785    -0.111     0.849    -3.098     0.000     0.896     0.472     0.417     1.518    -0.008     0.545 

ddG: G67C     2.869    -1.628     2.769    -1.314     0.013     1.571    -0.002     0.031     0.098     0.335     0.205     0.000     1.085     0.261    -2.081     1.273    -0.004     0.258 

ddG: G67D     2.638    -2.552     3.012     1.297     0.014    -0.351     0.001     0.217    -0.090     0.183     0.136     0.000     1.045     0.088     0.352     1.007    -0.002    -1.720 

ddG: G67E     4.457    -1.899     2.270     0.714     0.009     0.274     0.005     0.634    -0.149     1.353    -0.258     0.000     1.032     0.226     1.041     1.251    -0.005    -2.041 

ddG: G67F     2.348    -5.074     3.083    -0.795     0.040     1.231     0.000     0.185     0.084     0.208     0.152     0.000     1.034     0.369     0.203     1.286    -0.005     0.349 

ddG: G67G    -0.254    -0.973     1.474    -0.463     0.012     1.517    -0.001    -0.159     0.091     0.220     0.187     0.000     0.182     0.353    -2.508    -0.182    -0.004     0.000 

ddG: G67H     2.971    -3.495     1.498     0.584     0.002    -0.155     0.001     0.274    -0.001    -0.045    -0.084     0.000     0.681     0.112     2.551     0.787    -0.001     0.261 

ddG: G67H     3.112    -3.537     1.487     0.588     0.006     0.003     0.000     0.275    -0.010    -0.041    -0.075     0.000     0.683     0.127     2.557     0.789    -0.002     0.261 

ddG: G67I     5.171    -2.210     3.457    -1.224     0.110     0.191     0.003     0.268    -0.099     0.173     0.122     0.000     1.944    -0.043    -0.654     2.312    -0.012     0.833 

ddG: G67K     4.443    -3.584     5.013     1.926     0.000    -1.282    -0.011     0.343     0.160     1.331    -2.516     0.000     0.960     0.211     1.628     0.797    -0.018    -0.516 

ddG: G67L     3.270    -1.803     1.814    -0.941     0.008    -0.019     0.001     0.216    -0.007    -0.039    -0.069     0.000     1.041    -0.006     0.995     1.526    -0.001     0.556 

ddG: G67M     3.950    -1.991     4.433     1.264    -0.020    -2.083     0.002     0.671    -0.161     0.865    -3.083     0.000     0.844     0.309     1.056     1.846    -0.022     0.022 

ddG: G67N     2.092    -2.115     2.040     0.698     0.008    -0.150     0.008     0.648    -0.156     1.301    -0.295     0.000     0.593     0.445    -0.131     0.522    -0.021    -1.304 

ddG: G67P   102.744    -4.382    83.327    -0.581     0.032     0.477     6.782     0.766     0.152     1.841     0.205     0.000     2.890     1.833     8.241     1.614    -0.017    -0.434 

ddG: G67Q     3.314    -3.311     3.174    -0.363     0.021     1.587    -0.001     0.145     0.087     0.218     0.139     0.000     1.039     0.413     0.494     1.265    -0.005    -1.589 

ddG: G67R     4.492    -1.324     2.057    -0.570     0.012     1.867     0.007     0.585    -0.031     1.309    -0.351     0.000     0.788     0.648    -1.150     1.004    -0.011    -0.349 

ddG: G67S     4.110    -0.733     1.467    -0.383     0.004     0.369     0.000     0.245     0.009     0.002    -0.028     0.000     1.043     0.089     0.665     1.317    -0.001     0.043 

ddG: G67T     7.005    -1.940     4.051    -0.054     0.045     1.224    -0.003     0.168     0.133     1.767     0.219     0.000     1.315    -0.085    -0.769     0.921    -0.017     0.029 

ddG: G67V     5.751    -1.533     2.570     0.313     0.066     0.454     0.009     0.700    -0.210     1.259    -0.308     0.000     1.646     0.209    -2.446     2.317    -0.021     0.728 

ddG: G67W     2.179    -6.508     3.271     0.551     0.032     0.103     0.003     0.294    -0.097     0.179     0.122     0.000     1.243    -0.088     0.969     1.158    -0.002     0.950 

ddG: G67Y     3.285    -4.718     2.230     0.148     0.032     1.332     0.006     0.558    -0.033     1.297    -0.365     0.000     0.894     0.637     0.050     1.204     0.026    -0.011 

