ddG: description total fa_atr fa_rep fa_sol fa_intra_rep fa_elec pro_close hbond_sr_bb hbond_lr_bb hbond_bb_sc hbond_sc dslf_fa13 rama omega fa_dun p_aa_pp yhh_planarity ref 
ddG: L122A    -0.395     1.035    -0.069    -1.075    -0.016    -0.079     0.001    -0.264    -0.056    -0.060     0.367     0.000     0.115     0.100    -0.377    -0.005     0.000    -0.011 

ddG: L122C     0.368     0.241    -0.043    -0.022    -0.015    -0.136     0.002    -0.275    -0.055    -0.063     0.379     0.000     0.332     0.114    -0.154     0.360     0.000    -0.298 

ddG: L122D     2.208    -2.056    -0.439     4.543    -0.009    -0.264     0.000    -0.231    -0.066    -0.087     0.374     0.000     0.186     0.051     2.246     0.236     0.000    -2.276 

ddG: L122E     0.789    -6.018    -0.186     8.310    -0.011    -2.593     0.009    -0.070    -0.024    -0.050    -1.179     0.000    -0.176    -0.105     5.426     0.053     0.000    -2.598 

ddG: L122F    -0.576    -1.556    -0.025    -0.136     0.020    -0.189     0.003    -0.325    -0.054    -0.044     0.359     0.000     0.290     0.049     1.248    -0.010     0.000    -0.207 

ddG: L122G     1.177     2.514     0.117    -0.898    -0.011    -0.446     0.002    -0.025     0.001    -0.056    -0.007     0.000     0.229    -0.101    -0.083     0.499     0.000    -0.556 

ddG: L122H     1.426    -4.354     0.158     3.316    -0.007    -0.295     0.000    -0.001     0.002    -0.006     0.010     0.000    -0.046    -0.038     2.702     0.279     0.000    -0.295 

ddG: L122H     1.422    -4.351     0.161     3.318    -0.007    -0.301     0.000     0.000     0.000    -0.006     0.009     0.000    -0.047    -0.039     2.701     0.279     0.000    -0.295 

ddG: L122I    -1.376    -4.593     0.086     4.735     0.012    -2.538     0.007    -0.150    -0.036    -0.024    -1.167     0.000     0.093    -0.153     2.005     0.071     0.000     0.276 

ddG: L122K    -0.661    -4.198    -0.154     5.561    -0.003    -2.163     0.001     0.001    -0.155     0.047    -0.536     0.000     0.377     0.033     1.001     0.597     0.000    -1.072 

ddG: L122L    -0.416     0.753    -0.203    -1.363    -0.006     0.336     0.002    -0.268    -0.048    -0.051     0.368     0.000     0.218     0.184    -0.310    -0.027     0.000     0.000 

ddG: L122M     0.087    -1.035     0.020     0.582    -0.013    -0.020     0.002    -0.299    -0.054    -0.064     0.381     0.000     0.248     0.087     0.702     0.082     0.000    -0.535 

ddG: L122N     0.042    -6.281    -0.302     7.704    -0.013    -2.517     0.007    -0.032    -0.026    -0.028    -1.194     0.000     0.134    -0.137     4.181     0.406     0.000    -1.861 

ddG: L122P    12.191    -0.516     6.428    -1.524    -0.011    -0.418     0.705     1.740    -0.036     0.149     0.037     0.000     1.215     2.112     3.678    -0.377     0.000    -0.990 

ddG: L122Q     0.450    -2.170    -0.292     2.103    -0.009    -0.239     0.003    -0.272    -0.048    -0.079     0.375     0.000     0.192     0.073     2.878     0.079     0.000    -2.145 

ddG: L122R     0.642    -3.028     0.217     4.637    -0.002    -1.829     0.002     0.039    -0.001    -0.004    -0.148     0.000    -0.154    -0.076     1.832     0.065     0.000    -0.905 

ddG: L122S     1.045    -3.008    -0.368     5.448    -0.014    -2.728     0.007    -0.094    -0.018    -0.022    -1.203     0.000     0.071    -0.154     3.343     0.299     0.000    -0.513 

ddG: L122T    -0.925     0.664    -0.349     1.191     0.005    -0.365     0.001    -1.293     0.009     0.031     0.191     0.000     0.364     0.097    -1.372     0.428     0.000    -0.527 

ddG: L122V    -0.869    -3.821     0.182     4.393     0.007    -2.431     0.007    -0.162    -0.027    -0.016    -1.148     0.000     0.124    -0.181     1.888     0.145     0.000     0.172 

ddG: L122W    -0.918    -3.862     0.060     0.954     0.018     0.062     0.003    -0.331    -0.050    -0.045     0.361     0.000     0.189     0.033     1.209     0.086     0.000     0.394 

ddG: L122Y    -0.864    -9.616     0.312     7.256     0.018    -2.441     0.008    -0.086    -0.017    -0.035    -1.135     0.000    -0.070     0.008     5.239     0.262     0.000    -0.567 

