ddG: description total fa_atr fa_rep fa_sol fa_intra_rep fa_elec pro_close hbond_sr_bb hbond_lr_bb hbond_bb_sc hbond_sc dslf_fa13 rama omega fa_dun p_aa_pp yhh_planarity ref 
ddG: D92A     2.155     5.364    -0.142    -8.018    -0.012     2.714     0.083     0.271    -0.154     0.311     1.201    -0.007     0.537     0.189    -3.099     0.670    -0.017     2.265 

ddG: D92C     1.739     4.388    -0.219    -6.733    -0.013     2.654     0.094     0.260    -0.142     0.371     1.127    -0.004     0.282     0.117    -2.869     0.445     0.002     1.978 

ddG: D92D    -0.317    -0.294     0.129     0.037     0.000    -0.259     0.004     0.019     0.010     0.010    -0.054     0.001     0.011     0.089    -0.018     0.003    -0.005     0.000 

ddG: D92E     2.206     0.652    -0.267    -1.775    -0.004     0.801     0.090     0.330    -0.041     0.373     0.445     0.011     0.171     0.208     1.101     0.443    -0.009    -0.322 

ddG: D92F     2.738    -0.855     0.659    -5.961     0.030     2.603     0.000     0.043     0.053     0.389     1.209     0.052     0.342     0.065     1.807     0.237    -0.007     2.069 

ddG: D92G     3.952     7.597    -0.084    -8.756    -0.014     2.659     0.087     0.275    -0.165     0.282     1.135    -0.012     1.086     0.114    -3.162     1.197    -0.006     1.720 

ddG: D92H     2.452    -0.647     0.384    -4.446    -0.005     2.416     0.000     0.064    -0.040     0.328     1.168     0.007     0.280     0.141     0.582     0.250    -0.011     1.981 

ddG: D92H     2.777    -0.417     0.256    -4.452    -0.006     2.648    -0.003     0.049    -0.031     0.318     1.213     0.007     0.265     0.094     0.615     0.238     0.000     1.981 

ddG: D92I    -0.682     0.182     0.247    -5.791     0.007     2.605     0.076     0.229    -0.142     0.361     1.105    -0.007     0.190     0.039    -2.422     0.086     0.002     2.553 

ddG: D92K     1.874     2.313     0.108    -5.296    -0.008     2.603     0.071     0.309    -0.113     0.385     1.213     0.032     0.521     0.127    -2.154     0.569    -0.008     1.204 

ddG: D92L     1.147     1.702     0.624    -6.472    -0.004     2.914     0.039     0.306    -0.032     0.456     1.130     0.100     0.434    -0.042    -2.560     0.290    -0.012     2.276 

ddG: D92M     1.578     1.790    -0.103    -5.627    -0.009     3.011     0.064     0.248    -0.141     0.307     1.256    -0.008     0.349     0.062    -1.798     0.443    -0.007     1.742 

ddG: D92N    -0.252    -0.183    -0.078    -2.272    -0.003     1.793    -0.008    -0.014    -0.008     0.013     0.497    -0.002     0.128     0.018    -0.674     0.121     0.004     0.415 

ddG: D92P    11.863     2.132     5.496    -7.522    -0.002     3.427     0.591     0.236     2.689     0.303     1.153    -0.063     1.888     0.703    -0.790     0.319     0.017     1.286 

ddG: D92Q     0.124    -1.328     0.138    -1.722    -0.006     1.068    -0.003    -0.036    -0.012     0.360     0.808    -0.006     0.308    -0.046    -0.038     0.517    -0.009     0.131 

ddG: D92R     3.209     1.129     0.075    -3.562    -0.003     2.717     0.086     0.307    -0.102     0.383     1.200     0.032     0.354     0.087    -1.450     0.595    -0.008     1.371 

ddG: D92S     2.516     5.248    -0.288    -6.588    -0.012     2.145     0.052     0.269    -0.130     0.319     1.249    -0.006     0.518     0.131    -2.831     0.676     0.001     1.763 

ddG: D92T     2.272     3.618    -0.130    -5.616    -0.005     2.884     0.101     0.281    -0.154     0.344     1.240    -0.005     0.378     0.159    -3.041     0.490    -0.020     1.749 

ddG: D92V    -0.298     1.924     0.077    -6.504    -0.002     2.679     0.078     0.285    -0.120     0.354     1.219     0.000     0.174     0.106    -3.179     0.173    -0.010     2.448 

ddG: D92W     3.153    -2.329     0.710    -4.452     0.028     2.426     0.007     0.120     0.035     0.388     1.205     0.089     0.227     0.093     1.595     0.349    -0.009     2.670 

ddG: D92Y     2.394    -1.246     0.693    -5.370     0.031     2.553     0.002     0.044     0.035     0.387     1.193     0.052     0.280     0.047     1.705     0.286    -0.008     1.709 

