ddG: description total fa_atr fa_rep fa_sol fa_intra_rep fa_elec pro_close hbond_sr_bb hbond_lr_bb hbond_bb_sc hbond_sc dslf_fa13 rama omega fa_dun p_aa_pp yhh_planarity ref 
ddG: S85A     0.018     0.152    -0.827    -1.377     0.001     0.979    -0.018     0.689    -0.090    -0.035    -0.137     0.066    -0.136    -0.481     0.747     0.003    -0.019     0.502 

ddG: S85C     1.028    -0.631    -0.360    -0.606     0.010     0.801    -0.018     0.110    -0.093     0.536    -0.080     0.081     0.541    -0.296     1.102    -0.271    -0.014     0.215 

ddG: S85D     2.410    -3.180     0.306     4.161     0.004     0.170     0.000    -0.070     0.016     0.723    -0.077     0.078     0.112     0.079     1.764     0.091    -0.006    -1.763 

ddG: S85E     2.321    -3.805     0.091     3.463     0.008     0.474     0.001    -0.013     0.062     0.762     0.525     0.111    -0.087     0.168     2.571     0.042     0.032    -2.085 

ddG: S85F     2.215    -6.636     0.854     1.101     0.031     1.204     0.002     0.152     0.128     0.671     0.460     0.076    -0.009     0.166     3.536     0.143     0.031     0.306 

ddG: S85G     1.823     3.041    -1.346    -2.067     0.003     1.511     0.009    -0.164     0.079     0.590     0.558    -0.016    -0.109    -0.144    -0.147     0.084    -0.014    -0.043 

ddG: S85H     3.360    -4.115     0.461     1.077     0.000     1.733     0.006     0.177     0.016     0.415     1.365    -0.019    -0.033     0.768     1.352    -0.060     0.000     0.218 

ddG: S85H     3.175    -5.512     0.908     1.965     0.002     1.315    -0.013     0.416     0.091     0.599     0.423     0.082     0.211     0.150     2.291     0.008     0.020     0.218 

ddG: S85I     3.294    -3.188     1.761     0.181     0.026     1.294    -0.002     0.275    -0.025     0.107     1.367    -0.032     0.057     1.679    -0.763    -0.221    -0.013     0.789 

ddG: S85K     1.533    -3.382     0.446     1.653     0.008     0.964    -0.001    -0.082    -0.002     0.782     0.003    -0.010     0.040     0.113     1.434     0.115     0.012    -0.559 

ddG: S85L     1.676    -3.023     0.944    -0.058     0.007     0.863    -0.001    -0.066    -0.044     0.730    -0.080     0.000     0.064     0.321     1.497     0.012    -0.005     0.513 

ddG: S85M     0.308    -3.322    -0.303     0.169     0.008     1.394     0.001     0.077    -0.146     0.670    -0.112    -0.026    -0.139    -0.306     2.278     0.094    -0.007    -0.022 

ddG: S85N     2.396    -2.742     0.176     1.869     0.001     0.936     0.006     0.079     0.029     0.646    -0.080     0.085     0.178     0.233     2.077     0.253    -0.002    -1.348 

ddG: S85P     9.103     0.020     6.629    -2.905     0.007     1.283     0.171    -0.831     1.242     1.591    -0.444     0.010     0.021     0.562     3.406    -1.196     0.014    -0.477 

ddG: S85Q     0.472    -4.483    -0.276     1.896     0.011     1.310     0.001     0.015    -0.139     0.657    -0.113    -0.027    -0.084    -0.287     3.425     0.207    -0.007    -1.632 

ddG: S85R     2.157    -4.990    -0.192     3.547     0.021     0.646     0.001     0.004    -0.144     0.659    -0.111    -0.034    -0.114    -0.271     3.386     0.141     0.000    -0.392 

ddG: S85S     0.220    -0.103     0.078     0.099     0.002     0.102    -0.003     0.045    -0.020    -0.057    -0.079     0.004     0.037     0.141     0.002    -0.022    -0.005     0.000 

ddG: S85T     5.481     1.379     0.395    -1.304     0.020     2.682     0.026     0.704    -0.199    -0.060     0.553    -0.033     0.112     0.346     0.596     0.297    -0.020    -0.015 

ddG: S85V     2.669    -3.346     1.719     0.009     0.027     1.150     0.001     0.097    -0.199     0.607    -0.103    -0.054     0.063     0.610     1.201     0.207    -0.006     0.685 

ddG: S85W     1.199    -9.618     0.673     3.935     0.030     1.148    -0.003     0.743     0.026     0.539     0.417     0.028    -0.038     0.032     2.265     0.099     0.017     0.907 

ddG: S85Y     1.457    -5.569     0.137     0.991     0.023     1.198    -0.003     0.339     0.102    -0.033     1.369    -0.031    -0.149     0.460     2.710    -0.018    -0.016    -0.054 

