ddG: description total fa_atr fa_rep fa_sol fa_intra_rep fa_elec pro_close hbond_sr_bb hbond_lr_bb hbond_bb_sc hbond_sc dslf_fa13 rama omega fa_dun p_aa_pp yhh_planarity ref 
ddG: Y6A     8.516    13.540    -1.578    -2.481    -0.024    -0.327    -0.003     0.118    -0.013     1.297    -0.001     0.000     0.360    -0.238    -3.218     0.537    -0.010     0.556 

ddG: Y6C     7.544    15.072    -1.584    -4.248    -0.015     1.644    -0.009    -1.052     0.162     1.304     1.275     0.000    -0.142    -0.143    -4.785    -0.195    -0.010     0.269 

ddG: Y6D    11.508    11.480    -1.602     3.868    -0.001     1.885    -0.009    -1.044     0.185     1.302     1.199     0.000    -0.176    -0.103    -3.581    -0.177    -0.010    -1.709 

ddG: Y6E    10.007     9.383    -1.392     4.354    -0.009     1.179    -0.011    -1.152     0.101     1.305     1.242     0.000    -0.095    -0.143    -2.614    -0.102    -0.010    -2.031 

ddG: Y6F     3.037     3.442     0.269    -5.563     0.022     2.223    -0.006    -0.108     0.064     1.298     1.561     0.000     0.205     0.524    -1.422     0.179    -0.010     0.360 

ddG: Y6G    12.226    22.450    -1.459    -9.008    -0.018     2.292    -0.009     0.143     0.072     1.354     1.176     0.000     0.791    -0.107    -6.397     0.945    -0.010     0.011 

ddG: Y6H     4.956     1.456    -0.699     3.683    -0.018    -0.391    -0.004     0.180     0.015     1.282     0.019     0.000    -0.393    -0.090    -0.670     0.324    -0.010     0.272 

ddG: Y6H     4.953     1.466    -0.685     3.674    -0.018    -0.397    -0.006     0.174     0.017     1.273     0.017     0.000    -0.391    -0.086    -0.678     0.331    -0.010     0.272 

ddG: Y6I     4.397    13.449     0.246    -9.535    -0.004     2.562    -0.007    -1.347     0.539     2.436     1.553     0.000    -0.489     0.842    -6.301    -0.382    -0.010     0.844 

ddG: Y6K    11.354     8.723    -1.485     2.150    -0.017     2.540    -0.007    -0.012     0.055     1.250     1.562     0.000    -0.112    -0.109    -3.218     0.549    -0.010    -0.505 

ddG: Y6L     1.812     9.679    -1.226    -5.594    -0.008     1.794    -0.007    -1.062     0.324     1.311     1.259     0.000    -0.420    -0.128    -4.625    -0.045    -0.010     0.567 

ddG: Y6M     4.519    13.062    -1.039    -8.342    -0.016     2.687    -0.006    -0.162    -0.085     1.278     1.575     0.000     0.279     0.117    -4.998     0.147    -0.010     0.033 

ddG: Y6N     7.098    13.669    -1.589    -3.108    -0.004     2.751    -0.010    -1.046     0.330     1.329     1.213     0.000    -0.470    -0.036    -4.652     0.023    -0.010    -1.294 

ddG: Y6P    13.752    10.064     1.999    -2.159    -0.012     0.646     0.587     0.100     1.568     1.310     0.180     0.000     0.145     0.702    -1.399     0.454    -0.010    -0.423 

ddG: Y6Q     7.501    11.712    -1.115    -2.542    -0.010     2.267    -0.010     0.064    -0.081     1.339     1.164     0.000    -0.002    -0.147    -3.802     0.252    -0.010    -1.578 

ddG: Y6R    15.510     0.220     1.000    11.808    -0.013     0.603    -0.003     0.372     0.043     1.278     0.049     0.000    -0.418    -0.198     0.772     0.346    -0.010    -0.338 

ddG: Y6S     9.822    19.974    -1.659    -7.979    -0.020     2.332    -0.008    -0.136     0.001     1.288     1.550     0.000     0.411     0.030    -6.480     0.474    -0.010     0.054 

ddG: Y6T     5.292    10.464    -1.723     0.800    -0.017    -0.787    -0.001     0.173     0.076     1.262    -1.631     0.000    -0.363    -0.252    -3.048     0.308    -0.010     0.040 

ddG: Y6V     4.020    14.983    -1.188    -8.211    -0.003     2.623    -0.010    -1.013     0.265     2.457     1.219     0.000    -0.638    -0.021    -6.732    -0.439    -0.010     0.739 

ddG: Y6W     6.987     0.555     4.248    -3.852     0.019     2.511     0.113    -0.584     0.439     1.387     1.530     0.000     0.303     0.567    -1.641     0.440    -0.010     0.961 

ddG: Y6Y     0.483    -2.832    -0.075     2.827    -0.001    -0.604     0.001     0.059     0.001    -0.043     0.005     0.000    -0.064    -0.070     1.251     0.030     0.000     0.000 

