ddG: description total fa_atr fa_rep fa_sol fa_intra_rep fa_elec pro_close hbond_sr_bb hbond_lr_bb hbond_bb_sc hbond_sc dslf_fa13 rama omega fa_dun p_aa_pp yhh_planarity ref 
ddG: Q21A     0.647     7.374     0.014    -7.861     0.003     2.039     0.020    -0.086     0.049     1.022     0.778     0.000     0.311    -0.181    -4.856    -0.115     0.001     2.134 

ddG: Q21C     1.449     7.188    -1.491    -6.084    -0.006     0.502    -0.012     0.150     0.013     0.806     0.584     0.000     0.144    -0.441    -1.865     0.110     0.005     1.847 

ddG: Q21D     1.888     4.454     1.033    -1.219    -0.017    -1.382     0.020     0.353    -0.012     1.286    -2.513     0.000    -0.278     0.304     0.630    -0.633    -0.007    -0.131 

ddG: Q21E     1.408     5.714    -0.228    -4.529     0.005     0.822     0.007     0.100    -0.152     1.108     0.809     0.000     0.462    -0.582    -1.721     0.042     0.004    -0.453 

ddG: Q21F     0.043     0.633     0.448    -5.754     0.048     2.021     0.018    -0.064    -0.006     1.131     0.853     0.000     0.234    -0.171    -1.126    -0.161     0.000     1.938 

ddG: Q21G     3.458    10.121    -1.096    -6.372    -0.015     0.911     0.042     0.642    -0.228     2.089     0.325     0.000     0.566    -0.289    -5.222     0.396    -0.001     1.589 

ddG: Q21H    -0.552     1.793    -1.015    -3.672    -0.004    -0.148     0.017     0.105    -0.069     0.037     0.610     0.000     0.131    -0.448     0.421    -0.164     0.005     1.850 

ddG: Q21H    -0.207     2.054    -0.512    -3.588    -0.004     0.466     0.024     0.588    -0.242     1.314     0.311     0.000     0.209    -0.195    -2.184    -0.298    -0.001     1.850 

ddG: Q21I     1.115     3.353     2.442    -5.460     0.012    -0.534     0.005     0.168     0.136     2.414    -1.854     0.000     0.261    -0.514    -1.705    -0.021    -0.011     2.421 

ddG: Q21K     0.455     5.777     0.765    -4.750    -0.022    -1.130     0.005     0.614    -0.160     1.777    -2.428     0.000     0.040    -0.138    -1.012     0.059    -0.016     1.073 

ddG: Q21L    -0.701     4.052     0.249    -6.692     0.013     1.910     0.014    -0.075    -0.001     1.135     0.865     0.000     0.376    -0.100    -4.386    -0.209     0.001     2.145 

ddG: Q21M    -0.960     3.485    -0.012    -6.286     0.006     1.819     0.000     0.084     0.025     1.087     0.837     0.000     0.221    -0.162    -3.405    -0.271     0.001     1.610 

ddG: Q21N     0.001     5.005    -0.152    -4.364     0.002     0.527     0.007     0.177    -0.132     0.990     0.768     0.000     0.151    -0.593    -2.308    -0.352    -0.010     0.284 

ddG: Q21P    14.554     4.822     8.372    -6.651     0.000     2.512     0.550     2.001     0.203     1.231     0.876     0.000     1.687     0.969    -3.625     0.455    -0.001     1.155 

ddG: Q21Q    -0.710     2.334     0.006    -2.894     0.005     0.908     0.003    -0.005     0.023     0.057     0.851     0.000     0.259    -0.124    -1.992    -0.142     0.000     0.000 

ddG: Q21R     0.920     2.881     1.707    -1.736    -0.013    -1.280     0.024     0.225    -0.119     0.671    -1.892     0.000     0.232    -0.456    -0.654     0.102    -0.013     1.240 

ddG: Q21S     1.960     7.314    -0.108    -4.954    -0.005     0.537     0.015     0.147    -0.161     1.076     0.788     0.000     0.637    -0.594    -4.609     0.241     0.004     1.632 

ddG: Q21T     3.570     5.917     1.260    -3.546    -0.026    -0.373    -0.007     0.424    -0.018     2.002    -2.556     0.000     0.213     0.284    -2.087     0.472    -0.006     1.617 

ddG: Q21V     0.840     5.837    -2.018    -6.121     0.001     1.010     0.036     0.601    -0.115     1.846     0.103     0.000    -0.089    -0.258    -2.533     0.222     0.001     2.317 

ddG: Q21W    -0.960    -1.253    -0.615    -3.716     0.030     0.698     0.078     0.083    -0.145     0.915     0.747     0.000     0.096    -0.539     0.065     0.052     0.004     2.539 

ddG: Q21Y     0.222     2.534    -0.843    -5.473     0.020     0.314     0.027     0.269     0.059     0.795     0.540     0.000     0.138    -0.383     0.536     0.106     0.006     1.578 

