ddG: description total fa_atr fa_rep fa_sol fa_intra_rep fa_elec pro_close hbond_sr_bb hbond_lr_bb hbond_bb_sc hbond_sc dslf_fa13 rama omega fa_dun p_aa_pp yhh_planarity ref 
ddG: Q16A     2.358     6.975    -0.168    -5.345    -0.003     0.728    -0.006    -0.054     0.026     0.916     0.020     0.000     0.013    -0.024    -2.815    -0.052     0.012     2.134 

ddG: Q16C     2.646     4.910    -0.051    -3.332    -0.003     0.577    -0.007    -0.008    -0.006     0.935    -0.022     0.001     0.089    -0.016    -2.659     0.389     0.001     1.847 

ddG: Q16D     5.712     1.788     0.050     3.213     0.000     0.921    -0.010    -0.142    -0.034     0.925    -0.012    -0.002     0.086     0.046    -1.206     0.212     0.005    -0.131 

ddG: Q16E     3.760     1.790    -0.120     0.937     0.001     1.027    -0.010    -0.072     0.014     0.906     0.013     0.000    -0.066     0.044    -0.272     0.006     0.013    -0.453 

ddG: Q16F     0.857     2.145     0.113    -3.595     0.029     0.357    -0.004    -0.177     0.020     0.946     0.003     0.001     0.213    -0.010    -1.245     0.121     0.001     1.938 

ddG: Q16G     4.081     8.649    -0.019    -5.674    -0.004     0.692    -0.009    -0.073     0.008     0.929     0.001     0.002     0.379    -0.030    -2.844     0.485     0.001     1.589 

ddG: Q16H     1.852     2.816     0.069    -3.057     0.003     0.298    -0.004    -0.201     0.010     0.935     0.013    -0.001     0.207    -0.010    -1.319     0.244    -0.001     1.850 

ddG: Q16H     1.845     3.160    -0.053    -3.332     0.002     0.303    -0.003    -0.196     0.032     0.919     0.025    -0.001     0.209    -0.014    -1.297     0.230     0.011     1.850 

ddG: Q16I     0.025     1.862    -0.122    -3.299     0.019     0.690    -0.009    -0.163     0.004     0.920     0.042     0.000     0.189     0.041    -2.672     0.093     0.009     2.421 

ddG: Q16K     3.080     2.348    -0.215    -1.271     0.003     0.885    -0.007    -0.017     0.015     0.913     0.018     0.000    -0.055    -0.006    -0.730     0.116     0.012     1.073 

ddG: Q16L     0.725     2.255     0.889    -3.619     0.003     0.744    -0.004    -0.212    -0.133     0.867    -0.136     0.010     0.244     0.158    -2.498     0.014    -0.002     2.145 

ddG: Q16M     0.768     1.956    -0.188    -2.986    -0.001     0.838    -0.008     0.023     0.014     0.907     0.006     0.001     0.065     0.070    -1.580     0.026     0.016     1.610 

ddG: Q16N     2.412     1.302    -0.008     0.472     0.000     0.435    -0.011    -0.027    -0.030     0.930    -0.007    -0.001     0.203     0.019    -1.456     0.304     0.002     0.284 

ddG: Q16P     8.359     2.399     7.360    -4.422    -0.003    -0.173     0.270     0.357    -0.010     0.863    -0.030     0.001     0.634     2.123    -2.312     0.142     0.007     1.155 

ddG: Q16Q     0.091     0.431    -0.139    -0.331     0.000     0.095     0.001     0.005     0.006    -0.034     0.039     0.001     0.012    -0.002     0.006    -0.006     0.007     0.000 

ddG: Q16R     3.285     1.055    -0.294     0.580     0.006     0.458    -0.007     0.145     0.021     0.883    -0.011     0.004    -0.073     0.037    -0.827     0.058     0.011     1.240 

ddG: Q16S     4.015     6.210    -0.036    -3.160    -0.003     0.459    -0.008    -0.016     0.012     0.931    -0.026     0.003     0.091    -0.021    -2.372     0.315     0.004     1.632 

ddG: Q16T     2.832     4.361    -0.129    -2.588     0.002     0.054    -0.011     0.449     0.019     0.907     0.018     0.002     0.017     0.190    -2.353     0.265     0.010     1.617 

ddG: Q16V     0.913     3.653    -0.135    -3.977     0.014     0.634    -0.012    -0.100     0.009     0.916     0.036    -0.001     0.172     0.013    -2.795     0.160     0.009     2.317 

ddG: Q16W     1.134     0.376     0.243    -2.091     0.030     0.232    -0.007    -0.130     0.008     0.902    -0.055     0.002     0.077    -0.044    -1.122     0.171     0.003     2.539 

ddG: Q16Y     0.694     2.045     0.166    -3.333     0.029     0.347    -0.002    -0.196    -0.003     0.993    -0.068     0.004     0.263    -0.019    -1.298     0.212    -0.024     1.578 

