ddG: description total fa_atr fa_rep fa_sol fa_intra_rep fa_elec pro_close hbond_sr_bb hbond_lr_bb hbond_bb_sc hbond_sc dslf_fa13 rama omega fa_dun p_aa_pp yhh_planarity ref 
ddG: N117A     2.815     2.088     0.274    -2.502     0.006     1.037     0.017    -0.433    -0.098     0.524     0.442    -0.060     0.943     0.269    -2.087     0.537     0.008     1.849 

ddG: N117C     1.547     1.352     0.299    -1.931     0.010     0.890     0.016    -0.567    -0.071     0.543    -0.078    -0.081     0.303     0.201    -1.544     0.652    -0.012     1.563 

ddG: N117D     1.938    -0.201     0.314     0.906     0.012     0.414     0.021    -1.063     0.040     0.631     0.124    -0.080     0.321     0.130     0.825    -0.039    -0.003    -0.415 

ddG: N117E     2.408     1.302     0.331    -0.845     0.005     0.578    -0.001     0.109    -0.051     0.035     0.001    -0.078     0.904    -0.176     0.727     0.282     0.023    -0.737 

ddG: N117F     2.251    -2.816     0.606    -2.203     0.040     2.182     0.027    -0.511    -0.117     0.511     0.433    -0.050     0.738    -0.078     1.295     0.507     0.035     1.654 

ddG: N117G    -0.012     2.948    -0.115    -2.944     0.006     0.889     0.013    -0.561    -0.125     0.513    -0.073    -0.076     0.068     0.290    -1.900    -0.251     0.001     1.304 

ddG: N117H     1.399    -1.696     0.626    -1.579     0.014     1.342     0.021    -0.618    -0.049     0.522    -0.080    -0.084     0.092     0.143     1.221    -0.038    -0.004     1.566 

ddG: N117H     1.750    -1.680     0.564    -1.608     0.008     1.530     0.021    -0.617    -0.016     0.512    -0.082     0.001     0.098     0.132     1.364    -0.036    -0.008     1.566 

ddG: N117I     2.456     0.766     0.461    -2.264     0.042     0.893     0.016    -0.547    -0.074     0.530    -0.077    -0.003     1.390     0.054    -1.001     0.122     0.009     2.137 

ddG: N117K     1.238     0.565     0.499    -1.337     0.007     1.015     0.013    -0.580    -0.105     0.591     0.001    -0.090     0.499     0.215    -0.866     0.013     0.007     0.789 

ddG: N117L     1.652     0.065     0.661    -1.901     0.013     0.812     0.015    -0.570    -0.101     0.536    -0.076    -0.009     0.998     0.303    -1.523     0.571    -0.002     1.861 

ddG: N117M     2.699    -0.503     0.161    -1.294     0.016     1.448     0.020    -0.355    -0.284     0.515    -0.122    -0.096     0.838    -0.193     0.739     0.482     0.000     1.326 

ddG: N117N    -0.225    -0.945    -0.893     0.490     0.015     0.541     0.018    -0.224    -0.191    -0.058     0.404     0.035    -0.231    -0.102     0.901     0.004     0.011     0.000 

ddG: N117P    30.690     0.680     7.047    -3.372     0.060     5.296     3.653    -0.200     0.310     2.191     1.831    -0.089     2.569     3.723     6.440    -0.253    -0.064     0.871 

ddG: N117Q     2.000     1.385     0.213    -1.992     0.008     1.617     0.023    -1.024     0.061     0.623     0.062    -0.090     0.741     0.105     0.645    -0.098     0.004    -0.284 

ddG: N117R     3.028     0.138    -0.142    -0.726     0.021     1.328     0.014    -0.442    -0.249     0.546    -0.041    -0.028     0.861    -0.242     0.935     0.088     0.014     0.955 

ddG: N117S     3.124     1.462    -0.237    -1.698     0.008     1.429     0.015    -0.462    -0.258     0.482    -0.116    -0.101     0.850    -0.097    -0.045     0.552    -0.007     1.348 

ddG: N117T     3.111     1.563     0.070    -1.396     0.017     0.907     0.016    -0.586    -0.062     0.525    -0.075    -0.002     1.171     0.246    -1.322     0.702     0.004     1.333 

ddG: N117V     4.320    -0.296     0.472    -0.416     0.023     1.013    -0.004    -0.747     0.011     0.479     0.076    -0.047     1.113     0.020    -0.374     0.936     0.027     2.032 

ddG: N117W     3.157    -3.963     0.531    -0.531     0.040     1.966     0.027    -0.469    -0.153     0.627     0.481    -0.052     0.866     0.113     1.600    -0.210     0.031     2.255 

ddG: N117Y     2.208    -2.960     0.660    -1.495     0.044     2.058     0.022    -0.474    -0.140     0.523     0.435    -0.050     1.025     0.064     1.231    -0.053     0.023     1.294 

