ddG: description total fa_atr fa_rep fa_sol fa_intra_rep fa_elec pro_close hbond_sr_bb hbond_lr_bb hbond_bb_sc hbond_sc dslf_fa13 rama omega fa_dun p_aa_pp yhh_planarity ref 
ddG: P68A     3.654     4.766    -0.656    -0.422    -0.011    -0.624    -0.055     1.290    -0.130    -0.654    -0.215    -0.082    -0.274    -0.442    -0.259     0.491    -0.048     0.979 

ddG: P68C     5.880     2.515     0.105     1.490    -0.007    -0.360    -0.075     0.513    -0.215    -0.242    -0.698    -0.118     0.826    -0.827     1.955     0.384    -0.059     0.692 

ddG: P68D     9.936    -1.487     0.790    10.447    -0.003    -0.909    -0.067     0.420    -0.139    -0.471    -0.737    -0.036     0.100    -0.184     2.795     0.745    -0.041    -1.286 

ddG: P68E     6.475    -0.740     0.136     6.097     0.007    -1.238    -0.055     0.410    -0.069    -0.686    -0.649    -0.113     0.226    -0.079     4.313     0.582    -0.059    -1.608 

ddG: P68F     5.491    -7.721     1.677     2.307     0.062     0.492    -0.058     0.646    -0.341    -0.692    -0.446    -0.071     0.265     1.114     6.867     0.659    -0.052     0.783 

ddG: P68G     7.085     7.415    -1.599    -0.802     0.002    -0.107    -0.075     1.238    -0.250    -0.241    -0.176    -0.102     0.591    -0.972     1.066     0.713    -0.048     0.434 

ddG: P68H     7.583    -5.802     0.327     4.966     0.030     0.729    -0.069     1.318    -0.293    -0.676     0.390    -0.112    -0.291    -0.417     6.173     0.677    -0.062     0.695 

ddG: P68H     8.605    -2.393     1.119     1.982     0.003     0.869    -0.068     1.315    -0.174     0.166    -0.005    -0.094    -0.046    -0.024     4.470     0.833    -0.041     0.695 

ddG: P68I    10.054    -0.830     4.329     0.659     0.020    -0.460    -0.059     0.826    -0.129    -0.527    -0.070    -0.089     0.881     0.627     3.200     0.377     0.034     1.266 

ddG: P68K    14.340    -1.368     1.382     4.289     0.030     0.568    -0.063     0.806    -0.275    -0.765    -0.776    -0.119     0.281    -0.333    10.212     0.512     0.039    -0.082 

ddG: P68L    12.125     0.136     3.982    -0.879    -0.028     1.275    -0.076     1.488    -0.168    -0.437     1.214    -0.237     0.080     0.194     3.734     1.095    -0.238     0.990 

ddG: P68M     8.164    -2.389     1.572     1.275    -0.026     0.039    -0.057     1.088    -0.121    -0.548     0.609     0.201    -0.027     0.219     5.246     0.763    -0.135     0.455 

ddG: P68N     8.362    -1.475     0.539     6.205    -0.010     0.131    -0.055     1.281    -0.118    -0.700    -0.137     0.045    -0.097     0.064     2.904     0.671    -0.013    -0.871 

ddG: P68P    -1.083     0.920    -0.060    -0.245    -0.011    -1.230    -0.016     1.026    -0.094    -0.761    -0.755    -0.040     0.284    -0.338     0.029     0.234    -0.026     0.000 

ddG: P68Q     6.874     1.222     0.171     0.612     0.020     1.112    -0.017     0.319    -0.091    -0.594     0.037    -0.126     0.416    -0.063     4.421     0.647    -0.057    -1.155 

ddG: P68R    13.373    -2.763     1.429     6.991     0.029    -0.389    -0.066     0.651    -0.153    -0.503    -0.104    -0.087     0.420    -0.067     7.231     0.643     0.026     0.084 

ddG: P68S     4.704     3.542    -0.209     2.623    -0.012    -1.365    -0.064     0.956    -0.134    -0.684    -0.727    -0.042    -0.102    -0.441     0.246     0.685    -0.045     0.477 

ddG: P68T     3.793     1.768    -0.230     2.620    -0.005    -1.455    -0.056     1.157    -0.095    -0.736    -0.641    -0.022    -0.078    -0.358     0.661     0.827    -0.026     0.462 

ddG: P68V     3.922     1.103     0.555    -0.182     0.003     0.209    -0.063     1.353    -0.114    -0.598    -0.178    -0.067    -0.156    -0.437     0.427     0.889     0.016     1.162 

ddG: P68W     6.042    -9.266     2.905     4.315     0.046    -0.182    -0.067     0.967    -0.094    -0.185    -1.050    -0.128     0.278     0.954     5.612     0.617    -0.067     1.384 

ddG: P68Y     4.786    -6.217     1.580     1.905     0.049    -0.131    -0.070     1.245    -0.162    -0.035    -1.084    -0.090    -0.097     0.381     6.421     0.727    -0.059     0.423 

