ddG: description total fa_atr fa_rep fa_sol fa_intra_rep fa_elec pro_close hbond_sr_bb hbond_lr_bb hbond_bb_sc hbond_sc dslf_fa13 rama omega fa_dun p_aa_pp yhh_planarity ref 
ddG: L140A     3.528     6.109     0.546    -0.629    -0.004    -1.657    -0.001    -0.258    -0.098    -1.142     0.565     0.000     0.516    -0.737    -0.193     0.510     0.008    -0.011 

ddG: L140C     4.594     5.945     0.314    -0.190    -0.015    -0.523     0.000    -0.067    -0.096    -1.298     0.685     0.000     0.126    -0.893     0.606     0.303    -0.005    -0.298 

ddG: L140D     7.218     2.295    -2.515     6.814     0.021     0.625     0.007    -0.358    -0.064    -0.920     3.119     0.000    -0.020    -0.799     1.436    -0.157     0.012    -2.276 

ddG: L140E     4.705    -1.698    -1.011     7.885     0.025     1.113     0.012    -0.523     0.046    -1.513     3.297     0.000     0.410    -0.345    -0.550     0.147     0.006    -2.598 

ddG: L140F    -1.525    -6.710     4.808     2.675     0.018    -3.093    -0.009    -0.044    -0.103    -3.190     0.761     0.000     0.421     0.863     2.118     0.176    -0.007    -0.207 

ddG: L140G     8.245     8.548    -3.459    -0.646     0.002     0.912     0.013     0.106    -0.138     0.224     2.620     0.000     0.649    -0.424    -0.468     0.855     0.007    -0.556 

ddG: L140H     0.133    -3.998     0.991     3.580     0.015    -0.607     0.003    -0.190    -0.148    -2.838     3.475     0.000     0.576     0.413    -1.098     0.245     0.011    -0.295 

ddG: L140H     2.506    -3.848     0.477     3.843     0.013     0.116    -0.007    -0.251    -0.188    -0.684     3.474     0.000     0.387    -0.217    -0.298    -0.030     0.011    -0.295 

ddG: L140I     2.098     3.070    -2.072    -0.598     0.021     0.340     0.010    -0.236    -0.120    -0.955     3.146     0.000    -0.071    -0.505    -0.083    -0.137     0.010     0.276 

ddG: L140K     4.355     0.660    -1.055     4.854     0.026    -0.748     0.008    -0.335    -0.117    -1.498     3.350     0.000     0.430    -0.736     0.283     0.292     0.011    -1.072 

ddG: L140L    -0.996     0.577    -1.038    -0.989     0.021     0.830     0.005    -0.278    -0.156    -0.728     3.230     0.000     0.444    -0.851    -2.124     0.050     0.010     0.000 

ddG: L140M     2.467    -0.023    -0.927     1.761     0.023     1.585     0.011    -0.514     0.082    -0.684     3.299     0.000     0.354    -0.440    -1.645     0.112     0.008    -0.535 

ddG: L140N     4.231     1.991    -1.987     3.737     0.016     0.839     0.013     0.139    -0.210     0.349     2.814     0.000     0.154    -0.525    -1.063    -0.168    -0.008    -1.861 

ddG: L140P     3.280     5.111    -2.449    -0.998     0.011     0.496     0.175    -0.374     0.014    -0.928     3.102     0.000     0.839    -0.730     0.029    -0.041     0.012    -0.990 

ddG: L140Q     1.872    -0.385     0.227     4.585    -0.001    -1.045     0.002     0.045    -0.064    -2.054     0.096     0.000    -0.038     0.088     2.400     0.163    -0.001    -2.145 

ddG: L140R     5.239    -1.798    -2.460     6.580     0.028    -0.185     0.012    -0.367    -0.011    -1.758     3.046     0.000     0.251    -0.759     3.305     0.248     0.012    -0.905 

ddG: L140S     6.763     5.925    -1.877     1.086     0.015     1.574     0.012    -0.114    -0.075     0.472     2.891     0.000     0.362    -0.110    -3.119     0.232     0.003    -0.513 

ddG: L140T     2.897     4.390    -1.117     0.298     0.023     0.541     0.007    -0.294    -0.143    -0.751     3.235     0.000     0.497    -0.802    -2.644     0.187    -0.003    -0.527 

ddG: L140V     1.417     2.527    -0.714    -1.228     0.033     1.683     0.002    -0.499     0.064    -0.711     3.240     0.000     0.143    -0.377    -2.695    -0.230     0.008     0.172 

ddG: L140W     2.421   -10.969     4.816     5.271     0.037     0.691     0.009     0.004    -0.274     0.336     2.985     0.000     0.463    -0.026    -1.125    -0.186    -0.007     0.394 

ddG: L140Y     3.521    -7.349     4.318     4.117     0.055    -0.034     0.006    -0.034    -0.173    -2.823     3.527     0.000     0.708     0.598     0.902     0.243     0.027    -0.567 

