ddG: description total fa_atr fa_rep fa_sol fa_intra_rep fa_elec pro_close hbond_sr_bb hbond_lr_bb hbond_bb_sc hbond_sc dslf_fa13 rama omega fa_dun p_aa_pp yhh_planarity ref 
ddG: E136A     1.777     3.915    -2.650    -4.251     0.016     3.019     0.015     0.341    -0.089     1.485     2.241     0.000     0.117     0.226    -5.266     0.075    -0.003     2.586 

ddG: E136C     1.730     2.710    -3.116    -3.327     0.017     2.631     0.005    -0.011     0.136     0.259     2.537     0.000    -0.060    -0.073    -2.457     0.162     0.017     2.300 

ddG: E136D     1.689     0.678    -1.770    -1.581     0.031     3.646     0.005    -0.281     0.183     0.550     2.758     0.000     0.120     0.242    -3.222    -0.004     0.013     0.322 

ddG: E136E     1.379     1.527    -2.640    -1.608     0.017     2.541     0.016     0.397    -0.113     1.497     2.213     0.000    -0.009     0.142    -2.399    -0.200    -0.003     0.000 

ddG: E136F     1.465    -1.800    -2.833    -1.453     0.033     2.463     0.008     0.060     0.082     0.245     2.545     0.000    -0.066    -0.050    -0.379     0.202     0.017     2.391 

ddG: E136G     2.665     4.493    -0.760    -4.078    -0.002     1.847     0.003     0.167     0.104     1.110    -0.593     0.000     0.119     0.973    -2.958     0.193     0.005     2.041 

ddG: E136H     0.720    -2.296    -1.468    -2.045     0.029     3.769     0.007    -0.234     0.165     0.438     2.737     0.000     0.231     0.248    -3.016    -0.162     0.012     2.303 

ddG: E136H     0.715    -1.043    -0.769    -1.163    -0.003     0.679     0.006     0.477    -0.060     1.199    -0.474     0.000    -0.024     0.251    -0.705     0.045    -0.003     2.303 

ddG: E136I     1.036     1.355    -2.508    -3.015     0.048     2.910     0.014     0.200    -0.009     1.554     2.671     0.000     0.007     0.081    -4.921    -0.220    -0.003     2.874 

ddG: E136K     2.281     0.858    -2.411    -2.544     0.026     4.475     0.011     0.204     0.079     1.547     2.224     0.000    -0.132     0.530    -3.898    -0.222     0.008     1.526 

ddG: E136L    -0.045     0.824    -1.830    -4.338     0.026     3.610     0.004    -0.071     0.081     0.586     2.471     0.000     0.310     0.042    -4.453     0.082     0.014     2.598 

ddG: E136M     1.265     1.720    -3.153    -3.221     0.020     2.744     0.005    -0.061     0.086     0.236     2.517     0.000    -0.022    -0.091    -1.718     0.116     0.023     2.063 

ddG: E136N     0.825     1.124    -0.897    -0.949    -0.006     0.526     0.008     0.422    -0.045     1.127    -0.450     0.000     0.056     0.336    -1.388     0.228    -0.004     0.737 

ddG: E136P    13.494     2.542     2.025    -5.852     0.101     4.066     0.235     1.244    -0.629     2.292     2.269     0.000     1.797     3.942    -2.141    -0.017     0.013     1.608 

ddG: E136Q     1.090     0.027    -0.723    -1.294    -0.003     1.950     0.005     0.217     0.127     1.143    -0.538     0.000    -0.237     0.677    -0.585    -0.132     0.006     0.453 

ddG: E136R     3.179     0.796    -3.143    -0.247     0.013     2.486     0.007    -0.080     0.132     0.224     2.532     0.000    -0.157    -0.096    -1.062     0.065     0.017     1.692 

ddG: E136S     1.494     3.130    -1.762    -3.394     0.022     2.582     0.009    -0.110    -0.006     0.421     2.696     0.000     0.314    -0.171    -4.571     0.234     0.016     2.085 

ddG: E136T     2.569     3.556    -4.060    -3.122     0.035     2.786     0.013     0.292     0.021     1.227     1.997     0.000    -0.136     0.253    -2.464     0.089     0.013     2.070 

ddG: E136V     0.842     1.823    -2.369    -4.629     0.055     4.234     0.013     0.104     0.037     1.520     2.184     0.000     0.007     0.592    -5.147    -0.358     0.008     2.769 

ddG: E136W     1.642    -4.203    -2.263    -0.078     0.034     3.184     0.014     0.285     0.020     1.583     2.696     0.000    -0.042     0.064    -2.729     0.089    -0.003     2.992 

ddG: E136Y     1.376    -1.588    -2.286    -1.372     0.033     3.157     0.013     0.385    -0.034     1.576     2.697     0.000    -0.006     0.049    -3.272    -0.017     0.011     2.031 

