ddG: description total fa_atr fa_rep fa_sol fa_intra_rep fa_elec pro_close hbond_sr_bb hbond_lr_bb hbond_bb_sc hbond_sc dslf_fa13 rama omega fa_dun p_aa_pp yhh_planarity ref 
ddG: Q54A     0.363     2.432     0.834    -1.669    -0.005    -0.363    -0.009    -0.231     0.144     0.129     0.041    -0.002     0.132     0.474    -3.565    -0.110    -0.003     2.134 

ddG: Q54C     1.229     1.025     0.277    -0.434    -0.004     0.202    -0.008    -0.125    -0.027     0.080     0.002    -0.001     0.149     0.031    -2.193     0.403     0.006     1.847 

ddG: Q54D     2.186     0.126     0.852     2.643    -0.008    -0.235    -0.008    -0.249     0.173     0.103     0.043     0.092     0.229     0.390    -2.003     0.151     0.019    -0.131 

ddG: Q54E     1.367    -0.269     0.927     1.800    -0.004    -0.252    -0.007    -0.308     0.170     0.113     0.037     0.100     0.152     0.446    -1.053    -0.034     0.002    -0.453 

ddG: Q54F     0.672    -3.605     1.151     0.355     0.027    -0.163    -0.008    -0.209     0.117     0.197     0.108     0.013     0.371     0.544    -0.418     0.259    -0.005     1.938 

ddG: Q54G     1.654     4.830     0.478    -1.848    -0.012    -0.505    -0.008    -0.150     0.134    -0.520     0.010     0.021     0.566     0.523    -3.839     0.392    -0.007     1.589 

ddG: Q54H     1.473    -2.093     0.963     0.853    -0.007     0.092    -0.009    -0.227     0.134     0.173     0.118     0.013     0.319     0.394    -1.346     0.221     0.024     1.850 

ddG: Q54H     1.691    -2.412     0.712     1.275    -0.001     0.605    -0.004    -0.647     0.291     0.233     0.765     0.051     0.026     0.464    -1.554     0.015     0.022     1.850 

ddG: Q54I    -0.624    -0.758     1.263    -0.462     0.019    -0.545    -0.008    -0.418     0.118     0.125     0.037     0.001     0.423     0.640    -3.535     0.057    -0.002     2.421 

ddG: Q54K     0.046     0.109     0.967     0.312    -0.006    -0.333    -0.009    -0.293     0.135     0.118     0.044     0.012     0.135     0.429    -2.743     0.077     0.019     1.073 

ddG: Q54L    -1.080     0.009     0.814    -0.262    -0.005    -1.110    -0.022     0.354     0.180    -0.387     0.114     0.018     0.267     0.366    -3.506    -0.061     0.005     2.145 

ddG: Q54M     0.613    -0.071     1.072    -0.140    -0.003    -0.346    -0.009    -0.097     0.116     0.192     0.112     0.027     0.284     0.519    -2.629    -0.037     0.015     1.610 

ddG: Q54N     0.792     0.954     0.165     0.498    -0.003     0.233    -0.001    -0.557     0.358    -0.065     1.651     0.100     0.021     0.745    -3.472    -0.129     0.009     0.284 

ddG: Q54P    13.022     0.650     8.329    -1.440    -0.012    -0.595     0.775     2.474     0.184    -0.597     0.534    -0.007     0.866     4.258    -2.644    -0.905    -0.004     1.155 

ddG: Q54Q     0.510     0.701     0.330    -0.045    -0.001     0.291    -0.001    -0.529     0.305    -0.044     1.648     0.020    -0.155     0.902    -2.449    -0.463    -0.001     0.000 

ddG: Q54R     1.225    -0.300     0.900     1.165    -0.001    -0.242    -0.007    -0.234     0.133     0.122     0.036     0.010     0.161     0.410    -2.169     0.011    -0.009     1.240 

ddG: Q54S     2.290     2.231    -0.345     0.007    -0.009     0.456    -0.011     0.074     0.011    -0.704     1.444     0.080     0.051     0.481    -3.171     0.065    -0.002     1.632 

ddG: Q54T     0.447     1.294     0.956     0.036     0.006    -0.882    -0.009    -0.344     0.134     0.121     0.042     0.009     0.293     0.457    -3.518     0.223     0.010     1.617 

ddG: Q54V     0.043     0.155     1.276    -0.754     0.008    -0.382    -0.011    -0.498     0.179     0.100     0.049     0.089     0.472     0.459    -3.610     0.168     0.026     2.317 

ddG: Q54W    -1.359    -5.569     1.071     1.736     0.019    -0.793    -0.024     0.335     0.208    -0.566     0.012     0.088     0.253     0.282    -1.139     0.184     0.005     2.539 

ddG: Q54Y     0.787    -4.519     0.329     1.288     0.039     0.592    -0.005    -0.084     0.005     0.065     0.523     0.119     0.118     0.037     0.385     0.279     0.035     1.578 

