ddG: description total fa_atr fa_rep fa_sol fa_intra_rep fa_elec pro_close hbond_sr_bb hbond_lr_bb hbond_bb_sc hbond_sc dslf_fa13 rama omega fa_dun p_aa_pp yhh_planarity ref 
ddG: F21A     0.331     3.593    -0.132    -2.289    -0.024    -0.585    -0.003     0.052    -0.056     0.018     0.001     0.000     0.094     0.002    -1.212     0.670     0.006     0.196 

ddG: F21C    -0.830     4.370    -0.344    -2.926    -0.022    -1.793     0.002     0.635    -0.087     1.428    -0.785     0.000    -0.008    -0.007    -1.075    -0.129     0.002    -0.091 

ddG: F21D    -0.106     2.671    -0.556     1.022    -0.021    -2.661    -0.003     0.533    -0.026     1.421    -0.781     0.000    -0.102    -0.075     0.814    -0.270    -0.002    -2.069 

ddG: F21E     1.527     2.111    -0.397     1.128    -0.018    -0.548     0.001     0.049    -0.029    -0.026    -0.001     0.000     0.159    -0.050     1.451     0.074     0.012    -2.391 

ddG: F21F    -0.865     1.170    -0.281    -1.347     0.002    -1.555     0.001     0.558    -0.026     1.425    -0.783     0.000     0.021     0.071     0.122    -0.245     0.002     0.000 

ddG: F21G    -0.343     6.567    -0.757    -4.256    -0.027    -1.250    -0.010     0.543    -0.083     1.568    -0.053     0.000    -0.547     0.423    -1.200    -0.849    -0.062    -0.349 

ddG: F21H    -1.345     1.120    -0.235    -0.476    -0.025    -2.169     0.001     0.544    -0.003     1.294    -0.729     0.000    -0.092     0.011    -0.035    -0.444    -0.019    -0.088 

ddG: F21H    -1.236     1.098    -0.255    -0.466    -0.024    -2.068     0.000     0.538     0.008     1.302    -0.723     0.000    -0.084    -0.015    -0.003    -0.430    -0.024    -0.088 

ddG: F21I     2.417     1.869     1.298    -2.571     0.150    -1.725     0.011     0.661    -0.031     1.271    -0.731     0.000     1.163     0.206    -0.362     0.740    -0.014     0.483 

ddG: F21K    -0.531     3.559    -0.474    -1.642    -0.018    -1.876     0.003     0.607    -0.060     1.430    -0.783     0.000     0.002     0.155    -0.335    -0.242     0.008    -0.865 

ddG: F21L    -0.282     2.860    -0.290    -3.169    -0.016    -1.387    -0.003     0.588    -0.059     1.514    -0.044     0.000     0.180     0.171    -1.160     0.385    -0.059     0.207 

ddG: F21M    -0.365     1.240     0.036    -1.125    -0.021    -0.438     0.003     0.045    -0.054     0.003     0.001     0.000     0.037     0.043     0.083     0.105     0.005    -0.328 

ddG: F21N    -1.041     1.221    -0.082     0.950    -0.026    -0.725    -0.003    -0.013     0.023    -0.118     0.053     0.000    -0.395    -0.036     0.061    -0.280    -0.015    -1.654 

ddG: F21P     5.011     3.778     2.152    -4.340    -0.020    -2.335     0.426    -0.553     0.181     2.491    -0.791     0.000     1.500     2.315     1.765    -0.775     0.000    -0.783 

ddG: F21Q    -0.977     2.900    -0.533    -2.008    -0.018    -1.797    -0.003     0.652    -0.089     1.422    -0.783     0.000    -0.123    -0.063     1.460    -0.063     0.005    -1.938 

ddG: F21R     0.072     2.365    -0.414    -0.523    -0.015    -1.811    -0.002     0.545    -0.016     1.440    -0.782     0.000    -0.052     0.094     0.083    -0.139    -0.003    -0.698 

ddG: F21S     1.319     4.963    -0.414    -3.041    -0.022    -1.038     0.000     0.577    -0.042     1.511    -0.043     0.000     0.140     0.151    -1.169     0.112    -0.059    -0.306 

ddG: F21T     2.358     2.711    -0.025     0.424    -0.013    -1.388    -0.003     0.545    -0.005     0.526    -0.727     0.000     0.680    -0.044    -0.481     0.499    -0.019    -0.321 

ddG: F21V     2.596     3.014     0.121    -1.942     0.027    -1.736    -0.003     0.429     0.016     1.475    -0.778     0.000     0.871     0.221    -0.505     1.011    -0.006     0.379 

ddG: F21W    -0.173    -3.583     0.418     0.556     0.002    -0.322     0.005     0.075    -0.021    -0.104     0.058     0.000     0.062     0.225     1.482     0.391    -0.015     0.601 

ddG: F21Y    -0.544    -0.346     0.454    -0.276     0.002    -0.295     0.006     0.074    -0.035    -0.112     0.057     0.000    -0.001     0.128     0.226    -0.052    -0.013    -0.360 

