ddG: description total fa_atr fa_rep fa_sol fa_intra_rep fa_elec pro_close hbond_sr_bb hbond_lr_bb hbond_bb_sc hbond_sc dslf_fa13 rama omega fa_dun p_aa_pp yhh_planarity ref 
ddG: T51A     0.727     2.082    -0.299    -1.840    -0.003     0.297     0.002     0.241    -0.226    -0.008     0.715     0.000    -0.088    -0.495    -0.176     0.005     0.003     0.516 

ddG: T51C     2.051     1.647    -1.218    -0.429    -0.009     0.432     0.009     0.599    -0.279     1.108     0.257     0.000    -0.195    -0.193     0.040     0.055    -0.001     0.229 

ddG: T51D     2.926    -0.565    -0.626     3.320    -0.002    -0.457     0.007     0.731    -0.253     0.954    -0.870     0.000    -0.159    -0.185     2.781     0.014    -0.015    -1.749 

ddG: T51E     0.415    -2.115    -0.015     2.586     0.008    -0.457    -0.002    -0.004    -0.015     0.014     0.079     0.000    -0.110    -0.028     2.612    -0.066     0.000    -2.070 

ddG: T51F    -0.026    -3.304     1.791     1.596     0.005    -2.207    -0.008     0.232    -0.136    -0.614    -2.121     0.000    -0.154    -0.362     4.704     0.230     0.002     0.321 

ddG: T51G     1.329     2.651     1.503    -2.017    -0.017    -1.114    -0.010     0.126     0.045    -0.544    -2.178     0.000     0.129     0.046     2.213     0.524    -0.001    -0.029 

ddG: T51H     1.379    -1.966    -0.988     1.524    -0.005     0.277     0.009     0.677    -0.261     1.007     0.258     0.000    -0.206    -0.207     1.049    -0.008    -0.015     0.232 

ddG: T51H     0.052    -2.453    -0.104     1.107     0.001    -0.162     0.004     0.218    -0.187    -0.052     0.725     0.000    -0.016    -0.534     1.222     0.062    -0.011     0.232 

ddG: T51I     1.675     2.375    -1.307    -2.743    -0.003     0.936     0.009     0.549    -0.291     1.527     0.271     0.000    -0.224    -0.111     0.084    -0.184    -0.016     0.804 

ddG: T51K     1.320    -1.189    -1.355     3.107    -0.011    -0.558     0.007     0.584    -0.270     1.149     0.316     0.000    -0.215    -0.121     0.444    -0.007    -0.015    -0.544 

ddG: T51L     1.046    -0.107    -1.334     0.369    -0.003     0.207     0.006     0.569    -0.256     1.173     0.272     0.000    -0.186    -0.206     0.042    -0.010    -0.015     0.527 

ddG: T51M     2.160    -0.413    -1.245     1.735    -0.012    -0.066     0.006     0.613    -0.281     1.128     0.306     0.000    -0.244    -0.153     0.704     0.103    -0.015    -0.007 

ddG: T51N     1.959    -0.505     0.590     2.149    -0.020    -1.567     0.000     0.615    -0.210     0.584    -2.465     0.000    -0.239    -0.064     4.224     0.205    -0.004    -1.333 

ddG: T51P     5.273     0.896     2.703    -2.431    -0.024     0.470     0.468     0.420    -0.045     0.362     0.605     0.000     0.150     0.321     2.351    -0.513     0.003    -0.462 

ddG: T51Q    -0.155    -1.801    -0.264     2.570    -0.004    -1.120     0.000     0.140    -0.232     0.149     0.121     0.000     0.005    -0.448     2.230     0.112     0.004    -1.617 

ddG: T51R     2.799    -2.986    -0.382     3.557     0.005     1.372    -0.004    -0.053    -0.020     0.117     0.790     0.000    -0.150    -0.064     1.049    -0.055     0.000    -0.378 

ddG: T51S     1.335     2.055     0.529     0.268    -0.027    -2.369     0.000     0.727    -0.243     0.739    -2.545     0.000    -0.317    -0.083     2.404     0.196    -0.016     0.015 

ddG: T51T     0.917     1.589    -1.110     0.181    -0.014    -0.469     0.005     0.614    -0.270     1.125    -0.400     0.000    -0.089    -0.140    -0.174     0.069     0.000     0.000 

ddG: T51V     1.652     3.100    -1.328    -3.193    -0.009     0.912     0.010     0.557    -0.291     1.516     0.269     0.000    -0.228    -0.105    -0.137    -0.104    -0.016     0.699 

ddG: T51W     1.077    -4.262     1.734     3.622     0.000    -2.430    -0.006     0.197    -0.168    -0.456    -2.062     0.000    -0.108    -0.391     4.410     0.088    -0.012     0.921 

ddG: T51Y     0.612    -3.769     0.180     1.376     0.020     0.176     0.004     0.192    -0.195     0.363     0.770     0.000    -0.125    -0.260     1.825     0.105    -0.011    -0.040 

