ddG: description total fa_atr fa_rep fa_sol fa_intra_rep fa_elec pro_close hbond_sr_bb hbond_lr_bb hbond_bb_sc hbond_sc dslf_fa13 rama omega fa_dun p_aa_pp yhh_planarity ref 
ddG: N12A     3.012     8.759    -0.715    -9.619    -0.009     1.420    -0.003     0.095    -0.034     1.714     3.167     0.000     0.468    -0.034    -4.870     0.824     0.000     1.849 

ddG: N12C     2.616     6.017    -0.089    -6.739    -0.010     1.327    -0.002    -1.323     0.152     1.602     3.215     0.000     0.229     0.025    -3.485     0.135     0.000     1.563 

ddG: N12D     2.138     0.441    -0.237     3.379    -0.007     0.033     0.001    -0.072    -0.046     0.123     0.779     0.000     0.206     0.093    -2.479     0.342    -0.002    -0.415 

ddG: N12E     8.774     4.890     2.088    -3.559    -0.002     4.522    -0.002    -1.713     0.162     0.063     4.749     0.000     1.065     1.230    -4.244     0.267    -0.004    -0.737 

ddG: N12F    11.929    -5.718     9.622    -4.133     0.050     2.578     0.004    -0.337    -0.365     0.875     4.347     0.000     1.289     0.628     0.466     0.970    -0.002     1.654 

ddG: N12G     4.177    12.425    -1.240   -10.867    -0.011     1.514    -0.002     0.147    -0.030     1.721     3.168     0.000     0.280     0.006    -4.895     0.658     0.000     1.304 

ddG: N12H     4.471    -2.952     3.826    -2.555     0.005     1.621    -0.010     0.209    -0.137     0.551     3.823     0.000     0.132     0.193    -1.969     0.168     0.000     1.566 

ddG: N12H     3.998    -2.109     3.655    -3.982     0.000     1.937    -0.011    -0.065    -0.189     0.485     4.197     0.000     0.374     0.373    -2.357     0.125     0.000     1.566 

ddG: N12I    20.825     1.121    12.933    -5.858     0.055     1.566    -0.005    -0.152     0.034     1.909     2.926     0.000     1.767     2.879    -1.799     1.303     0.008     2.137 

ddG: N12K    13.596     5.284     7.499    -4.774     0.010     2.004    -0.001    -0.679    -0.228     0.161     5.105     0.000     1.880     0.938    -5.078     0.690    -0.004     0.789 

ddG: N12L    12.616     0.332     7.459    -5.190     0.015     1.919    -0.006    -0.302     0.122     1.193     3.500     0.000     1.395     1.142    -1.759     0.942    -0.006     1.861 

ddG: N12M    23.487     4.719    16.394   -10.551     0.003     3.929    -0.008     0.218     0.732     1.739     4.702     0.000     0.524     2.625    -4.009     1.145    -0.002     1.326 

ddG: N12N     0.306     6.914    -0.021    -7.777     0.004     2.879    -0.004    -0.247    -0.023    -0.011     1.556     0.000     0.288     0.278    -3.502    -0.028     0.000     0.000 

ddG: N12P    63.886     6.736     3.512   -10.657     0.127     3.086    11.759     0.832     1.295     0.743     4.327     0.000     0.939    32.700     6.808     0.805     0.003     0.871 

ddG: N12Q     7.781     3.598     2.861    -4.984     0.005     2.761    -0.013    -0.201     0.142     0.303     4.637     0.000     0.901     1.053    -3.444     0.449    -0.003    -0.284 

ddG: N12R    12.415    -4.690     6.194     5.912     0.011    -0.131     0.000    -0.429    -0.150     0.407     3.388     0.000     1.261     1.019    -2.000     0.676    -0.008     0.955 

ddG: N12S     6.174    13.982    -0.699   -12.592     0.002     3.649    -0.008     0.021    -0.009     1.772     4.322     0.000     0.507     0.100    -6.899     0.678     0.000     1.348 

ddG: N12T     8.761     4.921     1.023    -3.968    -0.009     1.646     0.000     0.149     0.072     1.675     3.202     0.000     0.975     0.173    -3.770     1.341     0.000     1.333 

ddG: N12V    10.422     5.593     5.349    -9.745     0.008     2.919     0.003    -0.067     0.073     1.779     3.360     0.000     1.523     0.667    -5.496     2.425    -0.002     2.032 

ddG: N12W    24.960   -11.920    12.890    -2.782     3.055     4.359    -0.012    -0.525    -0.082     2.372     3.211     0.000     1.485     2.227     6.599     1.834    -0.006     2.255 

ddG: N12Y    14.041    -2.734    11.134    -5.882     0.070     2.913    -0.001    -0.629    -0.502     0.961     4.367     0.000     1.859     0.974    -0.940     0.902     0.256     1.294 

