ddG: description total fa_atr fa_rep fa_sol fa_intra_rep fa_elec pro_close hbond_sr_bb hbond_lr_bb hbond_bb_sc hbond_sc dslf_fa13 rama omega fa_dun p_aa_pp yhh_planarity ref 
ddG: K24A     0.973    13.099    -0.312   -14.370     0.001     5.551    -0.007    -1.254     0.165    -0.032     2.478     0.000    -0.090     0.174    -5.008    -0.482    -0.001     1.061 

ddG: K24C     2.009     8.865    -0.355   -10.086    -0.001     4.963    -0.010    -1.173     0.159    -0.027     2.462     0.000    -0.024     0.093    -3.595    -0.036     0.000     0.774 

ddG: K24D     4.762     3.182    -0.033    -1.507    -0.006     2.857    -0.004    -0.096    -0.064    -0.033     1.321     0.000     0.101    -0.003     0.099     0.152    -0.001    -1.204 

ddG: K24E     3.514     9.183    -0.305    -9.800    -0.001     5.698    -0.010    -0.253    -0.044    -0.047     2.840     0.000     0.166     0.246    -2.576    -0.057     0.000    -1.526 

ddG: K24F     1.168     8.093    -0.531   -11.433     0.026     5.069    -0.008    -1.930     0.104    -0.082     2.863     0.000     0.243     0.372    -2.255    -0.229    -0.001     0.865 

ddG: K24G     3.456     8.650    -0.397    -8.332    -0.009     2.825    -0.005    -0.023    -0.051    -0.011     1.344     0.000     0.264    -0.037    -1.780     0.504     0.000     0.516 

ddG: K24H     1.713    10.725    -0.232   -12.800     0.006     5.445    -0.009    -1.712     0.153    -0.029     2.485     0.000     0.062     0.259    -3.292    -0.126    -0.001     0.777 

ddG: K24H     2.020     7.847    -0.398    -9.967     0.004     4.654    -0.011    -1.626     0.071    -0.033     2.503     0.000    -0.001     0.167    -1.955    -0.010    -0.001     0.777 

ddG: K24I    -0.135     6.852    -0.305   -10.985     0.021     5.301    -0.007    -1.843     0.128    -0.089     2.837     0.000     0.318     0.302    -3.771    -0.242     0.000     1.348 

ddG: K24K    -0.016     0.003    -0.004    -0.005     0.000     0.002    -0.001     0.010    -0.001    -0.016    -0.003     0.000    -0.003    -0.007     0.009     0.002     0.000     0.000 

ddG: K24L    -0.232     6.343    -0.091   -10.183     0.006     4.992    -0.008    -1.180     0.126    -0.025     2.475     0.000    -0.021     0.081    -3.498    -0.321     0.000     1.072 

ddG: K24M     1.122     6.731     0.022    -8.955    -0.003     3.415    -0.005    -0.105    -0.062     0.011     1.306     0.000     0.130    -0.036    -1.861    -0.004    -0.001     0.537 

ddG: K24N     1.917     5.687    -0.004    -6.541    -0.004     3.267    -0.002    -0.092    -0.072    -0.011     1.315     0.000     0.259    -0.008    -1.339     0.249    -0.001    -0.789 

ddG: K24P    10.134     4.404     2.933    -8.585     0.068     3.051     0.019     0.660     0.094     0.147     1.462     0.000     0.936     2.017     3.119    -0.272    -0.002     0.082 

ddG: K24Q    -0.333    -0.091     0.166    -2.422     0.001     2.618    -0.001    -1.161     0.113    -0.070     0.732     0.000    -0.059     0.162     0.933    -0.180    -0.001    -1.073 

ddG: K24R     0.306    -0.499    -0.107     0.251     0.002     1.036    -0.005    -0.016    -0.027    -0.040    -0.675     0.000    -0.009     0.010     0.121     0.097     0.000     0.167 

ddG: K24S     2.397     9.530    -0.203    -9.470     0.006     4.713    -0.011    -1.136     0.152     0.011     2.483     0.000    -0.169     0.130    -3.856    -0.342     0.000     0.559 

ddG: K24T     2.187     7.380     0.273    -7.931    -0.004     3.168    -0.002    -0.078    -0.020     0.010     1.266     0.000     0.152     0.094    -3.006     0.340     0.000     0.544 

ddG: K24V     1.543     4.272     0.055    -6.512     0.014     2.598    -0.005    -0.452    -0.017    -0.038     1.270     0.000     0.257     0.055    -1.464     0.267     0.000     1.244 

ddG: K24W     2.098     6.186    -0.418    -9.514     0.026     5.023    -0.009    -1.484     0.154    -0.028     2.483     0.000    -0.190     0.063    -1.400    -0.258    -0.001     1.466 

ddG: K24Y     1.127     6.541    -0.225    -8.852     0.024     3.050    -0.002    -0.555    -0.016    -0.020     1.293     0.000     0.231     0.153    -1.113     0.113     0.000     0.505 

