ddG: description total fa_atr fa_rep fa_sol fa_intra_rep fa_elec pro_close hbond_sr_bb hbond_lr_bb hbond_bb_sc hbond_sc dslf_fa13 rama omega fa_dun p_aa_pp yhh_planarity ref 
ddG: E29A    -0.731     5.629    -0.006    -6.741    -0.009     0.704     0.001     0.088    -0.017    -0.126     0.052     0.000     0.088    -0.028    -2.933    -0.003    -0.017     2.586 

ddG: E29C     1.014     3.669     0.228    -4.605    -0.009     0.858     0.000    -0.021    -0.015    -0.124     0.059     0.000     0.283    -0.032    -1.940     0.382    -0.020     2.300 

ddG: E29D     3.720     1.099    -0.099     0.887    -0.003     0.654     0.002     0.073    -0.011     0.001     0.001     0.000     0.097     0.003     0.416     0.278     0.001     0.322 

ddG: E29E     0.095    -0.065     0.076     0.067    -0.001     0.051     0.000     0.000    -0.015    -0.003     0.004     0.000     0.015    -0.030    -0.025     0.025    -0.004     0.000 

ddG: E29F    -1.046    -6.249     2.125    -2.597     0.021     1.160     0.000     0.264    -0.084    -0.053     0.250     0.000     0.162     0.213     0.824     0.514     0.015     2.391 

ddG: E29G     1.860     9.087    -0.277    -7.342    -0.010     0.428     0.001     0.020    -0.027     0.028    -0.003     0.000     0.428     0.012    -3.004     0.482    -0.003     2.041 

ddG: E29H    -1.691    -3.870     1.602    -2.007    -0.006     1.704     0.000    -0.433    -0.034    -1.432     0.791     0.000     0.232    -0.113    -1.053     0.614     0.014     2.303 

ddG: E29H    -1.681    -3.836     1.615    -2.055    -0.007     1.724     0.000    -0.420    -0.042    -1.462     0.793     0.000     0.233    -0.142    -1.023     0.626     0.013     2.303 

ddG: E29I    -1.799     0.555     1.305    -5.648     0.021     0.328    -0.001    -0.039    -0.029    -0.130     0.053     0.000     0.208     0.088    -1.590     0.219    -0.015     2.874 

ddG: E29K    -2.467    -1.263     1.406    -1.096    -0.002     0.632     0.000    -0.458    -0.050    -1.475    -0.447     0.000     0.005    -0.139    -1.488     0.381     0.002     1.526 

ddG: E29L    -1.121     0.498     3.341    -6.016     0.004     0.505    -0.003    -0.375     0.037    -0.174     0.050     0.000     0.344     0.081    -2.210     0.217    -0.017     2.598 

ddG: E29M    -2.397     1.287     0.251    -5.408     0.000     0.165     0.001     0.101    -0.044    -0.002     0.000     0.000     0.113     0.037    -1.001     0.035     0.004     2.063 

ddG: E29N     2.421    -0.576     0.378    -0.437    -0.007     2.225    -0.002    -0.521     0.026    -1.435     0.788     0.000     0.294    -0.084     0.415     0.617     0.001     0.737 

ddG: E29P     8.805     5.274     7.686    -8.292     0.002     0.850     0.279     2.196     0.056    -1.076     0.042     0.000     0.336     1.790    -2.044     0.114    -0.016     1.608 

ddG: E29Q    -2.632     0.039     0.179    -3.508     0.003     0.395     0.002     0.130    -0.066     0.000     0.001     0.000     0.063    -0.034    -0.338     0.050     0.001     0.453 

ddG: E29R     0.810    -1.355     0.325    -0.032     0.010     0.020     0.006     0.033     0.001    -0.143     0.059     0.000     0.141     0.072    -0.028     0.015    -0.006     1.692 

ddG: E29S     0.891     5.016    -0.133    -4.364    -0.008     0.038     0.001    -0.038    -0.019    -0.014     0.000     0.000     0.229    -0.009    -2.249     0.352     0.004     2.085 

ddG: E29T    -0.690     2.634     0.321    -3.459    -0.001     0.248     0.000    -0.022     0.018    -0.136     0.059     0.000     0.236    -0.011    -2.924     0.299    -0.023     2.070 

ddG: E29V    -2.170     2.168     1.169    -6.418     0.012     0.477    -0.001    -0.086    -0.053    -0.005     0.001     0.000     0.229     0.038    -2.710     0.236     0.003     2.769 

ddG: E29W    -0.611   -10.157     2.171     1.545     0.028     1.270    -0.004     0.133     0.003    -0.050     0.227     0.000     0.110     0.145     0.516     0.455     0.006     2.992 

ddG: E29Y    -1.036    -6.621     1.752    -1.686     0.020     1.168     0.000     0.256    -0.089    -0.052     0.258     0.000     0.138     0.172     1.097     0.511     0.011     2.031 

