ddG: description total fa_atr fa_rep fa_sol fa_intra_rep fa_elec pro_close hbond_sr_bb hbond_lr_bb hbond_bb_sc hbond_sc dslf_fa13 rama omega fa_dun p_aa_pp yhh_planarity ref 
ddG: D64A     0.603     2.599     0.125    -4.445    -0.009     0.855    -0.005     0.341    -0.011     0.057     0.238     0.000     0.751    -0.302    -1.926     0.081    -0.009     2.265 

ddG: D64C     0.430     1.496    -0.047    -3.342    -0.005     0.906    -0.002     0.355     0.007     0.028     0.351     0.000     0.353    -0.210    -1.400    -0.040     0.004     1.978 

ddG: D64D    -0.247    -0.193     0.065     0.032     0.001    -0.240     0.005     0.033     0.000     0.009     0.029    -0.001    -0.041     0.034     0.033    -0.019     0.005     0.000 

ddG: D64E     1.090     2.066    -0.057    -3.223    -0.005     1.070    -0.009     0.330     0.004     0.022     0.367     0.000     0.521    -0.335     0.612     0.032     0.017    -0.322 

ddG: D64F    -0.079     1.198     0.032    -4.654     0.013     1.160    -0.007     0.284     0.136    -0.208     0.345    -0.001     0.391    -0.666     0.241    -0.387    -0.023     2.069 

ddG: D64G    -0.251     3.193    -0.095    -4.548    -0.010     0.917    -0.016    -0.364     0.003    -0.021     0.318     0.000     0.063     0.285    -1.596    -0.106     0.007     1.720 

ddG: D64H     0.753    -0.070     0.187    -2.843    -0.008     0.966    -0.021    -0.350     0.003    -0.408     0.341    -0.001    -0.105     0.799     0.076     0.209    -0.003     1.981 

ddG: D64H     0.841     0.012     0.179    -2.883    -0.008     1.061    -0.018    -0.348    -0.006    -0.409     0.356     0.000    -0.097     0.759     0.057     0.209    -0.004     1.981 

ddG: D64I    -0.521     0.647     0.204    -3.873     0.009     0.896    -0.006     0.332    -0.006    -0.064     0.320    -0.001     0.439    -0.377    -1.425    -0.189     0.021     2.553 

ddG: D64K     0.250     1.215     0.131    -3.435    -0.008     0.980    -0.020    -0.347    -0.002    -0.394     0.342    -0.001     0.018     0.824    -0.755     0.499    -0.001     1.204 

ddG: D64L    -0.118     2.161    -0.079    -4.428    -0.007     1.385    -0.007     0.272     0.137    -0.183     0.345    -0.003     0.253    -0.519    -1.615    -0.088    -0.017     2.276 

ddG: D64M     0.478     2.182    -0.136    -4.272    -0.010     1.496    -0.010     0.267     0.150    -0.133     0.293     0.000     0.484    -0.601    -0.851    -0.117    -0.004     1.742 

ddG: D64N    -0.235    -0.224     0.181    -1.575     0.006     0.527    -0.001    -0.013    -0.007     0.027    -0.058    -0.001     0.087     0.087     0.106     0.198     0.010     0.415 

ddG: D64P     3.145     0.850     3.317    -4.879    -0.008     1.396     0.463    -0.265    -0.004    -0.087     0.347    -0.001     0.621     0.687    -1.267     0.698    -0.010     1.286 

ddG: D64Q    -0.231     1.018     0.141    -3.074    -0.004     0.953    -0.011     0.357     0.000     0.011     0.330    -0.001     0.295    -0.183    -0.113    -0.084     0.001     0.131 

ddG: D64R     0.840     1.796     0.137    -3.665    -0.001     0.929    -0.009     0.358    -0.003     0.004     0.333    -0.001     0.262    -0.183    -0.450    -0.042     0.003     1.371 

ddG: D64S     0.419     2.573    -0.074    -4.413    -0.010     1.285    -0.022    -0.267    -0.001    -0.020     0.272    -0.001    -0.088     0.398    -1.501     0.513     0.010     1.763 

ddG: D64T     0.031     2.151     0.086    -4.145    -0.006     1.193    -0.017    -0.315     0.006     0.026     0.328     0.000    -0.149     0.405    -1.418     0.138    -0.001     1.749 

ddG: D64V    -0.538     0.544     0.220    -3.509     0.005     1.036    -0.020    -0.380    -0.005    -0.068     0.252    -0.002     0.013     0.368    -1.596     0.164    -0.006     2.448 

ddG: D64W     1.286     1.031    -0.086    -3.874     0.010     1.318    -0.010     0.288     0.140    -0.178     0.448    -0.001     0.463    -0.588    -0.070    -0.248    -0.027     2.670 

ddG: D64Y    -0.014     0.048     0.318    -3.366     0.018     0.840     0.003     0.353     0.000    -0.329     0.355    -0.001     0.229     0.141    -0.141    -0.186    -0.006     1.709 

