ddG: description total fa_atr fa_rep fa_sol fa_intra_rep fa_elec pro_close hbond_sr_bb hbond_lr_bb hbond_bb_sc hbond_sc dslf_fa13 rama omega fa_dun p_aa_pp yhh_planarity ref 
ddG: E49A    -1.109     3.251    -0.058    -4.191    -0.007    -0.099     0.000     0.110     0.007    -0.009    -0.020     0.000     0.002    -0.043    -2.580    -0.058     0.000     2.586 

ddG: E49C    -0.693    -0.908    -0.036     0.825    -0.003    -0.592     0.002    -0.826     0.207     0.020    -0.300     0.000    -0.223    -0.217    -0.960     0.017     0.000     2.300 

ddG: E49D     1.382    -1.817    -0.151     3.095    -0.005    -0.567     0.003     0.175    -0.003    -0.012    -0.004     0.000    -0.005    -0.121     0.239     0.234     0.000     0.322 

ddG: E49E     0.426    -2.856    -0.104     2.860    -0.001    -0.657    -0.001     0.062    -0.002    -0.023     0.010     0.000    -0.073    -0.075     1.259     0.027     0.000     0.000 

ddG: E49F    -0.776    -5.223     0.008     0.070     0.036    -0.567     0.013     0.266     0.013     0.011    -0.019     0.000     0.027    -0.140     2.060     0.277     0.000     2.391 

ddG: E49G     1.235     2.538    -0.159    -1.744    -0.009    -0.793    -0.004     0.145    -0.012    -0.052    -0.035     0.000     0.274    -0.105    -1.306     0.455     0.000     2.041 

ddG: E49H    -0.377    -5.926     0.044     2.268     0.018    -0.909     0.000     0.072     0.003    -0.032    -0.012     0.000     0.069    -0.024     1.534     0.215     0.000     2.303 

ddG: E49H    -1.879    -5.762    -0.013     2.052     0.018    -0.717     0.000    -1.186     0.162    -0.047     0.001     0.000     0.003     0.075     1.373    -0.142     0.000     2.303 

ddG: E49I    -2.440     0.038     0.174    -3.066     0.015    -0.217     0.007     0.019    -0.011     0.014     0.033     0.000     0.159    -0.002    -2.496     0.019     0.000     2.874 

ddG: E49K    -1.265    -2.973    -0.066     1.574    -0.003    -1.024    -0.004     0.079    -0.002    -0.040    -0.011     0.000    -0.070    -0.044    -0.324     0.115     0.000     1.526 

ddG: E49L    -2.399     0.128     0.117    -3.051     0.003    -0.180    -0.002    -0.005    -0.001    -0.012    -0.007     0.000     0.114     0.031    -2.137     0.005     0.000     2.598 

ddG: E49M    -2.069    -3.204     0.208     2.002    -0.006    -2.410     0.010     0.197     0.028     0.043    -1.571     0.000    -0.082    -0.202     0.791     0.065     0.000     2.063 

ddG: E49N    -0.524    -2.004    -0.176     1.176    -0.005    -0.802     0.000     0.225     0.003    -0.023    -0.018     0.000     0.137    -0.136    -0.015     0.375     0.000     0.737 

ddG: E49P    16.545    -5.207    10.225     2.166    -0.007    -2.871     1.769     1.450     0.030    -0.069    -1.591     0.000     1.591     3.642     3.900    -0.090     0.000     1.608 

ddG: E49Q    -1.726    -7.724     0.186     6.537    -0.004    -3.211     0.005     0.206     0.032     0.014    -1.528     0.000    -0.164    -0.191     3.602     0.063     0.000     0.453 

ddG: E49R    -1.257    -7.212     0.338     6.491     0.003    -2.695     0.003     0.169     0.028     0.006    -1.528     0.000    -0.131    -0.103     1.672     0.009     0.000     1.692 

ddG: E49S     0.163    -4.001     0.012     5.013    -0.009    -3.134     0.005     0.270     0.041     0.013    -1.558     0.000    -0.124    -0.281     1.493     0.339     0.000     2.085 

ddG: E49T    -0.604    -1.169    -0.445     0.777     0.002    -0.783    -0.001     0.132    -0.154     0.034     0.217     0.000     0.410     0.055    -2.495     0.745     0.000     2.070 

ddG: E49V    -1.388     0.019     0.155    -1.682     0.017    -0.289     0.013     0.293    -0.104     0.184    -0.121     0.000     0.288    -0.072    -3.447     0.590     0.000     2.769 

ddG: E49W    -2.999   -11.777     0.582     5.966     0.015    -2.783     0.017     0.421     0.042     0.048    -1.418     0.000    -0.177    -0.415     3.345     0.144     0.000     2.992 

ddG: E49Y    -1.811    -9.508     0.193     5.326     0.034    -2.818     0.018     0.475     0.030     0.063    -1.581     0.000    -0.240    -0.351     4.207     0.311     0.000     2.031 

