ddG: description total fa_atr fa_rep fa_sol fa_intra_rep fa_elec pro_close hbond_sr_bb hbond_lr_bb hbond_bb_sc hbond_sc dslf_fa13 rama omega fa_dun p_aa_pp yhh_planarity ref 
ddG: P12A     4.401     2.921    -0.261     0.054    -0.001     0.059    -0.005     0.042     0.014    -0.055     0.053    -0.001    -0.018    -0.019    -0.108     0.752    -0.005     0.979 

ddG: P12C     4.982     2.079    -0.297     1.047     0.000     0.069    -0.005     0.037     0.015    -0.031     0.040    -0.002     0.085     0.000     0.286     0.971    -0.005     0.692 

ddG: P12D     5.806     1.267    -0.378     4.060     0.003    -0.627    -0.003     0.044     0.034    -0.045     0.065     0.000     0.123     0.057     1.619     0.863     0.011    -1.286 

ddG: P12E     5.595     0.622    -0.324     3.002     0.006    -0.273    -0.011     0.056     0.018     0.006     0.092    -0.002     0.100    -0.091     3.001     1.003    -0.002    -1.608 

ddG: P12F     4.059    -2.197    -0.281     2.212     0.026     0.119    -0.009     0.026    -0.019     0.102     0.100     0.000     0.188    -0.047     1.858     1.208    -0.010     0.783 

ddG: P12G     6.173     4.937    -0.348    -0.439    -0.001    -0.004    -0.005     0.046    -0.011    -0.016     0.060    -0.001     0.328     0.051    -0.098     1.247    -0.007     0.434 

ddG: P12H     1.928    -3.532     0.096     3.545     0.006    -0.173    -0.010    -0.031     0.127    -1.299     0.125    -0.002     0.136    -0.116     1.325     1.040    -0.003     0.695 

ddG: P12H     2.277    -3.796     0.166     3.837     0.005     0.134    -0.015    -0.037     0.137    -1.249     0.042    -0.001     0.162    -0.136     1.274     1.083    -0.023     0.695 

ddG: P12I     4.522     1.020    -0.063    -1.207     0.025     0.332     0.012     0.036    -0.068     0.745     0.109    -0.002     0.136     0.255     0.929     1.003    -0.004     1.266 

ddG: P12K     5.613     0.947    -0.376     1.742     0.005     0.314    -0.006     0.082     0.011     0.098     0.048     0.000     0.156    -0.003     1.653     1.029    -0.005    -0.082 

ddG: P12L     4.977     1.080    -0.089    -0.659     0.009     0.865     0.005     0.050    -0.079     0.710     0.165    -0.003     0.220     0.056     0.865     0.815    -0.023     0.990 

ddG: P12M     5.251     1.090    -0.357     1.396     0.004     0.247    -0.003     0.050    -0.006     0.079     0.048     0.001     0.069     0.035     1.096     1.053    -0.008     0.455 

ddG: P12N     5.215     0.278    -0.364     2.786     0.002     0.280    -0.004     0.063    -0.016     0.036     0.058     0.001     0.242     0.065     1.485     1.179    -0.006    -0.871 

ddG: P12P     0.053     0.043    -0.039    -0.055     0.000     0.020     0.006     0.027     0.009    -0.025     0.099    -0.001    -0.037    -0.037     0.068    -0.024    -0.003     0.000 

ddG: P12Q     4.819     0.321    -0.065     2.032     0.004    -0.056    -0.007     0.082     0.020    -0.003     0.044     0.000     0.293    -0.046     2.500     0.858    -0.003    -1.155 

ddG: P12R     6.596     0.066    -0.022     2.876     0.010     0.250    -0.005     0.032     0.012    -0.070     0.002    -0.003     0.247    -0.032     2.271     0.880    -0.004     0.084 

ddG: P12S     5.116     1.898    -0.371     2.724     0.000    -0.046    -0.007     0.084    -0.006    -0.638     0.065     0.002     0.087    -0.184     0.259     0.778    -0.006     0.477 

ddG: P12T     5.230     0.848     0.179     3.242     0.006    -0.153    -0.005     0.167    -0.007    -0.910     0.058     0.000     0.517    -0.048     0.090     0.791    -0.006     0.462 

ddG: P12V     4.718    -0.569    -0.037     1.276     0.016     0.304    -0.007     0.003     0.000     0.000     0.100    -0.001     0.254     0.246     0.576     1.405    -0.009     1.162 

ddG: P12W     5.436    -3.132     0.212     3.924     0.023     0.344    -0.007    -0.025    -0.029    -0.017     0.115    -0.003     0.345    -0.108     1.464     0.952    -0.007     1.384 

ddG: P12Y     3.902    -2.307    -0.186     2.481     0.026     0.139    -0.007     0.019    -0.013     0.049     0.094    -0.002     0.206    -0.084     1.904     1.166    -0.006     0.423 

