ddG: description total fa_atr fa_rep fa_sol fa_intra_rep fa_elec pro_close hbond_sr_bb hbond_lr_bb hbond_bb_sc hbond_sc dslf_fa13 rama omega fa_dun p_aa_pp yhh_planarity ref 
ddG: V39A     2.380     6.212    -1.104    -1.894    -0.014    -1.266     0.002     0.568    -0.052     1.378    -0.782     0.000     0.251     0.093    -0.800    -0.030     0.001    -0.183 

ddG: V39C     3.624     4.886    -0.453     0.162    -0.014    -1.597     0.002     0.568    -0.031     1.398    -0.773     0.000     0.002     0.070    -0.216     0.103    -0.013    -0.470 

ddG: V39D     8.189     1.644     0.009     9.086    -0.011    -2.780     0.001     0.547     0.017     1.410    -2.582     0.000     0.312     0.221     2.415     0.415    -0.067    -2.448 

ddG: V39E    12.340    -1.280     4.180     9.772    -0.011    -2.758     0.008     0.730    -0.172     1.418    -1.758     0.000     0.330     0.576     4.039    -0.009     0.045    -2.769 

ddG: V39F     6.600    -1.995     4.645    -4.404     0.034     0.604     0.006     0.287     0.482     0.183     0.173     0.000     0.497     0.086     5.760     0.590     0.030    -0.379 

ddG: V39G     5.088     9.719    -1.086    -3.020    -0.011    -1.573     0.004     0.625    -0.107     1.315    -0.826     0.000     0.707     0.117    -0.487     0.444    -0.004    -0.728 

ddG: V39H     6.753    -1.897     2.987     1.608    -0.003     0.435     0.002     0.077     0.519     0.182    -1.612     0.000     0.324     0.315     3.847     0.486    -0.049    -0.467 

ddG: V39H     6.113     0.444     1.694    -1.568     0.004    -0.470     0.003     0.752     0.457     1.569    -0.643     0.000     0.344     0.024     3.600     0.356     0.013    -0.467 

ddG: V39I     2.658     1.203     2.744    -3.261     0.004    -0.969     0.004     0.745    -0.035     1.528     0.014     0.000     0.085    -0.053     0.614     0.000    -0.069     0.105 

ddG: V39K    17.006    -3.360     2.748    11.282     0.002    -1.005     0.006     0.506     0.420     1.567    -0.615     0.000     0.624     0.599     5.184     0.169     0.125    -1.244 

ddG: V39L     8.412     6.676     2.734    -6.115     0.023    -0.083     0.001     0.716    -0.081     1.389    -0.568     0.000     0.325     0.207     3.082     0.295    -0.016    -0.172 

ddG: V39M    13.614    -0.491     4.869     0.392    -0.018    -1.524     0.001     0.637     0.255     1.748    -0.592     0.000     0.500     0.725     7.536     0.147     0.135    -0.706 

ddG: V39N     5.692     2.261     0.595     3.879    -0.009    -2.202     0.005     0.616     0.133     1.435    -2.444     0.000     0.294     0.318     2.699     0.163    -0.020    -2.032 

ddG: V39P    10.680     5.685     2.697    -4.600    -0.005    -0.662     2.120     0.668     1.985     1.269    -1.644     0.000     0.491     1.773     1.857     0.332    -0.125    -1.162 

ddG: V39Q     7.443    -2.086     2.602     5.326    -0.010    -1.737     0.005     0.686     0.396     1.470    -1.900     0.000     0.136     0.373     4.360     0.084     0.055    -2.317 

ddG: V39R    16.381    -0.330     2.170     6.513     0.029     1.253    -0.001     0.196    -0.196    -0.007    -0.025     0.000    -0.053    -0.112     7.659     0.378    -0.015    -1.077 

ddG: V39S     3.733     5.554    -1.139     1.136    -0.014    -2.042     0.002     0.536    -0.011     1.372    -0.776     0.000     0.069     0.114    -0.287    -0.095    -0.001    -0.685 

ddG: V39T     1.562     3.343    -1.119     0.991    -0.003    -2.394     0.007     0.585     0.000     1.417    -0.789     0.000     0.117     0.221     0.194    -0.312     0.004    -0.699 

ddG: V39V    -0.107     0.555    -0.059    -0.508     0.003    -0.451     0.005     0.018    -0.029     0.001     0.004     0.000     0.082     0.103     0.278    -0.117     0.007     0.000 

ddG: V39W     8.954    -7.568     5.207    -0.229     0.071     1.101     0.000     0.191     0.524     0.275     0.106     0.000     0.448    -0.098     8.174     0.554    -0.023     0.222 

ddG: V39Y     7.446    -2.350     4.838    -2.608     0.067    -1.543     0.004     0.875     0.244     1.601    -1.793     0.000     0.326    -0.170     8.349     0.212     0.133    -0.739 

