ddG: description total fa_atr fa_rep fa_sol fa_intra_rep fa_elec pro_close hbond_sr_bb hbond_lr_bb hbond_bb_sc hbond_sc dslf_fa13 rama omega fa_dun p_aa_pp yhh_planarity ref 
ddG: V57A     2.287     5.655    -1.235    -1.109    -0.014     0.045    -0.006     0.025    -0.065    -0.084     0.002     0.000     0.201    -0.485    -0.683     0.239    -0.017    -0.183 

ddG: V57C     5.207     2.858    -0.153     1.938    -0.011     0.321    -0.005     0.026    -0.041     0.010     0.069     0.000     0.113     0.031     0.300     0.257    -0.035    -0.470 

ddG: V57D     8.469    -0.522     0.873    10.440    -0.007    -0.879     0.010     0.049    -0.033     0.057    -1.622     0.000     0.244    -0.638     2.752     0.186     0.005    -2.448 

ddG: V57E     6.819    -0.026     0.772    10.168    -0.007    -2.228     0.004     0.055    -0.127     0.165    -1.695     0.008     0.233    -0.071     2.125     0.267    -0.055    -2.769 

ddG: V57F    14.198    -7.603     9.793     3.264     0.054     0.786     0.008     0.162     0.474     0.618    -0.466     0.013     0.255     1.222     5.581     0.533    -0.118    -0.379 

ddG: V57G     5.045     8.866    -1.379    -1.447    -0.014     0.002     0.006    -0.014    -0.020    -0.078    -0.216     0.001     0.700    -0.553    -0.703     0.617     0.005    -0.728 

ddG: V57H    11.582    -5.607     6.477     6.250     0.002    -0.292     0.011     0.183     0.207     0.396    -1.071     0.000     0.280     0.753     4.229     0.322    -0.091    -0.467 

ddG: V57H    11.615    -5.600     6.486     6.233     0.002    -0.272     0.014     0.192     0.215     0.397    -1.072     0.000     0.283     0.741     4.229     0.325    -0.092    -0.467 

ddG: V57I     4.255    -1.019     2.884     0.102     0.004     0.246     0.021     0.011     0.155     0.066    -0.059     0.000    -0.015     1.171     0.476     0.122    -0.015     0.105 

ddG: V57K    10.534     0.123     1.148     5.504     0.011    -0.135     0.103     0.314    -0.096    -0.270     0.040     0.001     0.129    -0.191     5.199    -0.031    -0.072    -1.244 

ddG: V57L     8.952    -0.546     4.278     2.411     0.011     0.724    -0.014     0.100    -0.016     0.511    -0.778     0.008     0.306     0.170     1.754     0.254    -0.049    -0.172 

ddG: V57M     6.923    -3.849     0.896     6.769    -0.007    -0.299     0.144     0.324    -0.033     0.518    -1.141     0.000     0.089    -0.432     4.928    -0.257    -0.022    -0.706 

ddG: V57N     6.409    -0.569     0.965     6.350    -0.006     0.913     0.009     0.031    -0.184    -0.025    -1.566     0.001     0.286    -0.497     2.513     0.218     0.003    -2.032 

ddG: V57P     5.145    -2.743     3.387     6.458    -0.014    -0.500     0.313     0.013     1.222    -0.651    -0.598     0.002     0.409    -0.501     0.066    -0.602     0.046    -1.162 

ddG: V57Q     8.105    -0.029     0.354     6.656    -0.002    -0.143    -0.004     0.108    -0.189     1.206    -0.519     0.008     0.095    -0.210     3.074     0.090    -0.072    -2.317 

ddG: V57R    11.097    -5.202     0.971    10.030     0.013     0.490     0.050     0.208    -0.106     0.801     0.102     0.002    -0.014     0.115     4.619     0.151    -0.055    -1.077 

ddG: V57S     4.321     4.792    -1.253     2.072    -0.013    -0.226    -0.005     0.035    -0.074    -0.077     0.008     0.001     0.244    -0.503    -0.225     0.250    -0.020    -0.685 

ddG: V57T     3.293     2.328    -0.417     2.783    -0.006    -0.074    -0.001     0.024    -0.062    -0.024    -0.009     0.001     0.161    -0.456    -0.421     0.186    -0.019    -0.699 

ddG: V57V    -0.018    -0.355     0.138     0.263     0.000    -0.016     0.002     0.011    -0.006     0.025    -0.027    -0.001    -0.001    -0.045    -0.010     0.014    -0.011     0.000 

ddG: V57W    16.158   -15.090    13.076     8.543     0.051     0.636     0.048     0.086     0.804     0.173    -0.533     0.023     0.444     1.597     5.130     1.037    -0.089     0.222 

ddG: V57Y    17.414   -15.239     9.925    14.363     0.051     0.972     0.021     0.061     0.626     0.132    -1.270     0.014     0.325     0.919     6.802     0.545    -0.093    -0.739 

