ddG: description total fa_atr fa_rep fa_sol fa_intra_rep fa_elec pro_close hbond_sr_bb hbond_lr_bb hbond_bb_sc hbond_sc dslf_fa13 rama omega fa_dun p_aa_pp yhh_planarity ref 
ddG: A94A     1.601     0.042     0.401     0.929     0.002     1.176    -0.009    -0.204    -0.095     0.109    -0.449     0.000    -0.200     0.510    -0.248    -0.362    -0.001     0.000 

ddG: A94C     1.402     0.410    -1.865    -0.444     0.018     2.303     0.001    -0.066     0.002     0.541     2.760     0.000     0.233    -0.094    -2.401     0.288     0.002    -0.287 

ddG: A94D     4.064    -0.800    -2.554     2.368     0.017     4.073     0.006     0.135     0.039     1.610     2.264     0.000    -0.067     0.581    -1.272    -0.080     0.008    -2.265 

ddG: A94E     3.496    -1.339    -1.310     2.187     0.029     4.115    -0.009    -0.264    -0.142     0.513     2.341     0.000    -0.102     0.379     0.129    -0.454     0.008    -2.586 

ddG: A94F     2.877    -2.390    -2.594     1.642     0.036     2.650     0.004     0.442    -0.134     1.460     2.244     0.000     0.077     0.212    -0.742     0.155     0.011    -0.196 

ddG: A94G     2.776     2.754    -1.867    -1.437     0.015     2.479     0.001    -0.067    -0.058     0.495     2.712     0.000     0.522    -0.135    -2.551     0.441     0.016    -0.545 

ddG: A94H     1.711    -2.927     0.096     2.458    -0.002     0.223    -0.012     0.068    -0.013     0.013     0.011     0.000     0.078     0.053     1.693     0.241     0.013    -0.284 

ddG: A94H     3.032    -1.056    -2.720     0.513     0.012     2.808     0.001     0.441    -0.114     1.580     2.277     0.000     0.055     0.205    -0.727     0.042    -0.002    -0.284 

ddG: A94I     4.256    -2.778     0.318     0.783     0.042     3.751    -0.011    -0.278     0.094     0.684     2.759     0.000     0.268     1.046    -2.652    -0.074     0.014     0.288 

ddG: A94K     1.530    -1.373    -0.728     1.216     0.000     1.669    -0.002     0.227     0.089     1.252    -0.573     0.000    -0.301     0.644     0.443     0.022     0.007    -1.061 

ddG: A94L     0.974    -0.917    -2.749     0.126     0.018     2.755     0.007     0.385    -0.110     1.579     2.298     0.000     0.087     0.153    -2.550    -0.118    -0.002     0.011 

ddG: A94M     2.577    -1.305    -3.935     1.015     0.010     2.631     0.006     0.378    -0.024     1.235     2.022     0.000    -0.219     0.242     1.134    -0.102     0.012    -0.523 

ddG: A94N     2.539    -0.884    -2.736     2.340     0.010     2.728     0.008     0.362    -0.132     1.572     2.308     0.000     0.185     0.184    -1.702     0.133     0.012    -1.849 

ddG: A94P     2.165    -5.263     2.844     4.592     0.008    -0.052     0.550    -0.020    -0.061    -0.531     0.842     0.000     0.252     0.273    -0.768     0.461     0.016    -0.979 

ddG: A94Q     0.919    -2.005    -1.740     1.268     0.022     2.602     0.002    -0.017    -0.054     0.409     2.671     0.000     0.214    -0.134    -0.119    -0.084     0.016    -2.134 

ddG: A94R     2.204    -1.447    -0.858     2.444     0.003     0.581    -0.002     0.486    -0.086     1.112    -0.463     0.000    -0.212     0.296     1.209     0.024     0.010    -0.894 

ddG: A94S     2.973     0.033    -0.783     2.538    -0.009     0.175     0.007     0.456    -0.088     1.110    -0.454     0.000    -0.131     0.366     0.014     0.244    -0.003    -0.502 

ddG: A94T     1.079    -2.482    -1.821     4.483     0.021     2.023    -0.028    -0.085     0.138    -0.409     1.745     0.000     0.160     0.332    -2.584     0.091     0.012    -0.516 

ddG: A94V     0.076    -3.736    -1.378     2.401     0.030     2.443    -0.023    -0.136     0.143    -0.288     1.809     0.000     0.241     0.383    -2.133     0.124     0.013     0.183 

ddG: A94W     2.128    -3.008    -3.118     1.131     0.039     2.262    -0.001    -0.052     0.050     0.222     2.523     0.000    -0.089    -0.070     1.629     0.188     0.017     0.405 

ddG: A94Y     0.751    -3.698     0.083     0.765     0.033     1.401    -0.008    -0.124     0.206     0.044    -0.087     0.000     0.027     0.402     2.034     0.220     0.010    -0.556 

