ddG: description total fa_atr fa_rep fa_sol fa_intra_rep fa_elec pro_close hbond_sr_bb hbond_lr_bb hbond_bb_sc hbond_sc dslf_fa13 rama omega fa_dun p_aa_pp yhh_planarity ref 
ddG: T47A    -0.802     0.854     0.332    -2.249    -0.006     0.506     0.009    -0.721    -0.033     0.499    -0.579    -0.044    -0.069     0.099     0.345    -0.278     0.016     0.516 

ddG: T47C     0.168     0.179     0.358    -1.398    -0.004     0.567     0.014    -0.637    -0.054     0.511    -0.588    -0.040     0.082     0.251     0.550     0.161    -0.012     0.229 

ddG: T47D     1.570    -0.460    -0.171     1.736    -0.011     0.792    -0.002     0.019     0.035    -0.181     0.891     0.053    -0.111     0.298     0.691    -0.250    -0.010    -1.749 

ddG: T47E     0.691    -1.610    -0.302     0.729     0.002     1.358     0.015    -0.610    -0.198     0.456    -0.619    -0.052    -0.252    -0.285     4.268    -0.125    -0.013    -2.070 

ddG: T47F    -1.667    -4.507     0.396    -0.432     0.030     0.987     0.013    -0.584    -0.035     0.577     0.017    -0.032     0.028     0.026     1.776    -0.247     0.000     0.321 

ddG: T47G     0.799     2.509     0.336    -2.688    -0.007     0.472     0.014    -0.745     0.000     0.485    -0.632     0.036     0.319     0.050     0.449     0.220     0.012    -0.029 

ddG: T47H     0.337    -3.252    -0.229     0.056     0.006     1.294     0.013    -0.538    -0.197     0.517    -0.033    -0.030    -0.085    -0.347     2.881     0.025     0.024     0.232 

ddG: T47H     0.136    -2.028    -0.254     0.109    -0.006     0.857    -0.002     0.060     0.024    -0.183     1.397    -0.018    -0.147     0.071     0.270    -0.262     0.016     0.232 

ddG: T47I    -0.938    -2.499    -0.390    -0.582     0.025     1.490     0.019    -1.102    -0.055     0.537     0.101    -0.028    -0.283    -0.298     1.615    -0.303     0.011     0.804 

ddG: T47K     0.797    -0.019     0.063    -0.926    -0.007     1.369     0.013    -0.621    -0.006     0.379     0.891     0.036    -0.167     0.360     0.311    -0.325    -0.009    -0.544 

ddG: T47L    -1.050    -0.602    -0.103    -0.994    -0.004     0.604    -0.003    -0.004    -0.004    -0.318     0.868    -0.043    -0.088     0.327    -0.805    -0.406    -0.002     0.527 

ddG: T47M    -1.048    -3.271    -0.377    -0.812     0.007     1.037     0.020    -0.483    -0.170     0.375    -0.619    -0.071    -0.002    -0.395     3.819    -0.073    -0.027    -0.007 

ddG: T47N     0.345    -0.804    -0.472     0.452    -0.010     0.959    -0.001     0.098     0.059    -0.155     1.487     0.077    -0.123     0.164     0.079    -0.145     0.012    -1.333 

ddG: T47P    12.706    -0.261     8.280    -2.838    -0.005     1.857     0.503     1.822    -0.008     0.353    -0.500     0.076     0.781     2.551     0.570    -0.048     0.036    -0.462 

ddG: T47Q    -0.662    -1.610     0.057    -0.255     0.003     1.157     0.018    -1.182     0.142     0.508     0.064     0.083    -0.320     0.138     2.564    -0.414     0.005    -1.617 

ddG: T47R     0.572    -1.004    -0.230     0.662    -0.004     0.454     0.000    -0.007     0.057    -0.024     0.021     0.076    -0.283    -0.156     1.603    -0.218     0.002    -0.378 

ddG: T47S     0.808    -0.046    -0.166    -0.853     0.001     0.745     0.015    -0.560    -0.209     0.468    -0.629    -0.056    -0.060    -0.135     2.166     0.124    -0.012     0.015 

ddG: T47T     0.081     0.153     0.347    -0.743    -0.001     0.435     0.013    -0.727    -0.034     0.564    -0.513    -0.049     0.111     0.044     0.401     0.073     0.007     0.000 

ddG: T47V     0.103    -0.246     0.244    -1.603     0.009     1.231     0.010    -0.661    -0.039     0.374     0.900    -0.050     0.055     0.339    -0.915    -0.264     0.020     0.699 

ddG: T47W    -3.621    -8.491     0.777     0.622     0.020     1.171     0.012    -0.593    -0.004     0.383     0.867     0.033    -0.140     0.385     0.772    -0.329    -0.027     0.921 

ddG: T47Y    -2.371    -5.871    -0.153     0.843     0.035     1.116     0.012    -0.485    -0.194     0.532    -0.993    -0.042    -0.040    -0.335     3.431    -0.185    -0.002    -0.040 

