ddG: description total fa_atr fa_rep fa_sol fa_intra_rep fa_elec pro_close hbond_sr_bb hbond_lr_bb hbond_bb_sc hbond_sc dslf_fa13 rama omega fa_dun p_aa_pp yhh_planarity ref 
ddG: I95A     1.414     7.818    -1.290    -2.786    -0.026    -0.302    -0.036     0.011     0.050     0.013    -0.442     0.005    -0.202     0.018    -0.933    -0.189    -0.007    -0.288 

ddG: I95C     1.853     5.599    -1.292    -0.471    -0.021    -0.223    -0.035     0.055     0.011    -0.012    -0.496    -0.066    -0.120     0.056    -0.858     0.308    -0.005    -0.574 

ddG: I95D     6.711     0.977    -0.912     8.980    -0.018    -0.249    -0.044     0.520     0.021    -0.197    -0.006    -0.014    -0.151    -0.016     0.247     0.093     0.033    -2.553 

ddG: I95E     7.727     0.133     0.299     8.524    -0.011    -0.582    -0.036    -0.002     0.000     0.006    -0.504    -0.077    -0.231     0.047     2.986     0.119    -0.070    -2.874 

ddG: I95F     3.833    -3.714     4.117    -1.719    -0.035     0.739     0.005     0.831    -0.127    -0.154     0.666     0.066    -0.231    -0.097     3.338     0.633     0.000    -0.483 

ddG: I95G     4.593    11.387    -1.563    -3.440    -0.026    -0.173    -0.032     0.644     0.058    -0.138    -0.057    -0.044     0.026    -0.209    -1.336     0.331    -0.002    -0.833 

ddG: I95H     2.778    -4.246     1.204     4.916    -0.026    -1.156    -0.041     0.778     0.025    -0.628     0.011     0.023    -0.281    -0.003     2.512     0.299    -0.038    -0.571 

ddG: I95H     3.294    -3.609     1.112     4.493    -0.031    -0.752    -0.047     0.773     0.014    -0.754     0.970    -0.015    -0.282     0.303     1.624     0.117    -0.054    -0.571 

ddG: I95I    -0.664     0.749    -0.732     0.041    -0.003    -0.174    -0.001     0.245     0.037    -0.728     1.403     0.006    -0.198     0.317    -1.362    -0.252    -0.011     0.000 

ddG: I95K    10.838     2.068    -0.470     4.308    -0.044     3.213     0.005     0.822    -0.169    -0.143     1.374    -0.069    -0.321     0.203     0.949     0.465    -0.005    -1.348 

ddG: I95L     0.822     1.245     1.206    -0.664    -0.023    -0.737     0.012     0.188    -0.009    -0.651    -0.034     0.027    -0.076     0.796     0.057    -0.140    -0.100    -0.276 

ddG: I95M     3.798     1.329     1.074    -0.570    -0.062     0.956    -0.022     0.622    -0.005     0.025     1.280    -0.062    -0.293     0.245    -0.089     0.176     0.004    -0.811 

ddG: I95N     2.311     1.071    -1.817     4.558    -0.022    -0.487    -0.052     0.805    -0.076    -1.011     0.811     0.048    -0.285     0.055     0.757     0.076     0.018    -2.137 

ddG: I95P    12.085     6.418     4.078    -3.894    -0.025     0.463     0.368     1.492    -0.052     0.553    -0.115     0.279     0.378     1.710     1.694    -0.019     0.024    -1.266 

ddG: I95Q     5.843    -0.794    -0.386     5.341    -0.013     0.035    -0.024     0.915    -0.085    -0.904     1.418     0.002    -0.547    -0.220     3.542    -0.001    -0.013    -2.421 

ddG: I95R    11.782    -6.825     1.853    13.569    -0.053    -0.670    -0.047     0.579    -0.016    -0.801     0.773     0.053     0.022    -0.161     4.620     0.058     0.010    -1.182 

ddG: I95S     3.366     6.545    -2.244     0.756    -0.015    -0.572    -0.041     0.803    -0.113    -0.653    -0.114    -0.041    -0.349    -0.418     0.455     0.174    -0.019    -0.789 

ddG: I95T     2.321     5.335    -1.587     1.060    -0.022    -0.353    -0.027     0.307     0.046    -0.144    -0.037    -0.052    -0.209    -0.030    -1.300     0.158    -0.022    -0.804 

ddG: I95V    -0.763     2.067    -0.623    -0.177    -0.007    -0.722    -0.047     0.372     0.023    -0.165    -0.532    -0.060     0.122    -0.068    -0.945     0.127    -0.024    -0.105 

ddG: I95W     9.859   -10.655     9.548     2.647    -0.042     0.500     0.000     1.014     0.076    -0.183     0.794     0.475    -0.083     0.912     4.080     0.773    -0.114     0.118 

ddG: I95Y     4.238    -5.704     5.005     1.580    -0.037     0.157    -0.011     0.638     0.004    -0.064     0.785    -0.003    -0.172     0.213     2.035     0.621     0.036    -0.844 

