ddG: description total fa_atr fa_rep fa_sol fa_intra_rep fa_elec pro_close hbond_sr_bb hbond_lr_bb hbond_bb_sc hbond_sc dslf_fa13 rama omega fa_dun p_aa_pp yhh_planarity ref 
ddG: K47A    -0.584     5.526     0.657    -2.977    -0.036    -2.592    -0.001     0.733    -0.240     0.685    -3.197     0.000    -0.331     0.027     0.080     0.035    -0.016     1.061 

ddG: K47C    -0.197     4.407    -1.586    -3.029    -0.017    -0.714     0.002     0.166    -0.083    -0.218    -0.215     0.000    -0.271    -0.326     0.715     0.193     0.004     0.774 

ddG: K47D     3.594     1.175    -0.008     3.731    -0.016     0.125    -0.006     0.183    -0.189    -0.843    -0.001     0.000     0.090    -0.402     0.943     0.011     0.004    -1.204 

ddG: K47E     1.643     0.204    -0.181     1.987    -0.011     0.313     0.003     0.234    -0.179    -0.058    -0.076     0.000     0.159    -0.575     1.165     0.180     0.004    -1.526 

ddG: K47F    -0.245    -3.466     1.938    -5.278     0.095     1.395    -0.001     0.258    -0.120     1.075    -0.014     0.000     0.260    -0.570     2.946     0.367     0.005     0.865 

ddG: K47G    -0.668     8.363     1.420    -5.597    -0.032    -2.603    -0.006     0.222    -0.141    -0.371    -2.778     0.000    -0.074    -0.279     0.544     0.149     0.001     0.516 

ddG: K47H    -2.488    -3.942    -0.670     1.743    -0.017    -0.856     0.007     0.870    -0.247    -0.151    -0.474     0.000     0.001    -0.433     0.680     0.238    -0.015     0.777 

ddG: K47H    -3.190    -4.483     1.225     2.638    -0.035    -3.429     0.003     0.973    -0.203    -0.638    -3.250     0.000    -0.167    -0.319     3.355     0.380    -0.017     0.777 

ddG: K47I    -0.908    -0.237     1.566    -2.450     0.008    -0.998    -0.005     0.452    -0.192    -0.284    -0.032     0.000     0.453    -0.077    -0.632     0.167     0.005     1.348 

ddG: K47K    -0.712     0.762    -0.107     0.110    -0.005    -1.328     0.003     0.195    -0.194    -0.030    -0.033     0.000     0.089    -0.433     0.109     0.145     0.003     0.000 

ddG: K47L    -2.704    -0.268    -0.105    -3.036     0.003    -0.385     0.001     0.198    -0.178     0.115    -0.068     0.000     0.062    -0.368     0.121     0.128     0.004     1.072 

ddG: K47M    -1.667     1.171    -1.097    -1.575    -0.017    -0.443     0.011     0.615    -0.241     0.941    -0.540     0.000    -0.143    -0.061    -0.815     0.001    -0.013     0.537 

ddG: K47N    -0.602    -0.244     0.305     0.472    -0.005    -0.008    -0.001     0.029     0.024     0.154    -0.543     0.000     0.099    -0.143    -0.038     0.083     0.004    -0.789 

ddG: K47P     6.935     1.389     4.616    -4.487     0.004     1.260     0.373     0.812     0.163     1.781     0.015     0.000     1.101     1.294    -0.746    -0.723     0.002     0.082 

ddG: K47Q    -0.217     0.000    -1.510     0.343    -0.016    -0.578     0.002     0.176    -0.094    -0.205    -0.224     0.000    -0.168    -0.360     3.234     0.254     0.005    -1.073 

ddG: K47R     0.637    -3.566    -0.334     6.714     0.011    -2.808     0.009     0.452    -0.266     1.119    -2.256     0.000     0.059    -0.044     1.257     0.131    -0.008     0.167 

ddG: K47S    -0.658     4.846    -0.322    -1.378    -0.018    -1.261     0.001     0.153    -0.204     0.142     0.048     0.000    -0.083    -0.440    -2.403    -0.288    -0.011     0.559 

ddG: K47T    -0.617     3.581    -1.484    -1.022    -0.016    -1.429     0.001     0.083    -0.059    -0.075    -0.282     0.000    -0.338    -0.296     0.327    -0.156     0.004     0.544 

ddG: K47V    -1.429     1.565     0.975    -3.063     0.000    -1.104    -0.001     0.430    -0.232    -0.259     0.053     0.000     0.437    -0.028    -1.497     0.062    -0.011     1.244 

ddG: K47W    -0.188    -5.607     1.217    -0.895     0.033     1.258     0.001     0.300    -0.156     1.113    -0.054     0.000     0.408    -0.648     1.239     0.146    -0.009     1.466 

ddG: K47Y    -0.084    -4.138     1.128    -2.428     0.097     1.141     0.007     0.759    -0.208     0.658    -0.437     0.000    -0.006    -0.152     2.864     0.099     0.026     0.505 

