ddG: description total fa_atr fa_rep fa_sol fa_intra_rep fa_elec pro_close hbond_sr_bb hbond_lr_bb hbond_bb_sc hbond_sc dslf_fa13 rama omega fa_dun p_aa_pp yhh_planarity ref 
ddG: I81A     4.991     5.125    -0.908    -2.762     0.019     2.736    -0.012    -0.518     0.432     0.870     3.270     0.000     0.371    -0.609    -2.375    -0.354    -0.008    -0.288 

ddG: I81C     4.631     2.691     1.019    -0.779     0.004     1.570    -0.023    -0.647     0.537     0.570     0.447     0.000     0.169     0.005     0.039    -0.399     0.001    -0.574 

ddG: I81D     8.409     0.528    -0.553     4.648     0.021     2.072    -0.013    -0.532     0.281     0.750     3.244     0.000     0.798    -0.388    -0.039     0.149    -0.003    -2.553 

ddG: I81E     3.469     1.374    -0.957     1.816     0.025     2.436    -0.023    -0.628     0.072     0.165     2.513     0.000     0.386    -0.441    -0.566     0.178    -0.007    -2.874 

ddG: I81F     4.613    -5.708     4.457     0.456     0.037     1.677    -0.021    -0.664     0.613     0.638     0.521     0.000     0.158     0.127     3.364    -0.560     0.002    -0.483 

ddG: I81G     6.654     7.391     0.863    -2.044    -0.007     0.246    -0.026    -0.486     0.396     0.517     0.544     0.000     0.621    -0.457    -0.308     0.247    -0.009    -0.833 

ddG: I81H     5.319    -4.228     2.059     2.226     0.005     1.644    -0.027    -0.694     0.547     0.586     0.440     0.000     0.150     0.030     3.536    -0.384     0.002    -0.571 

ddG: I81H     5.556    -5.220     2.141     3.853     0.004     1.371    -0.025    -0.693     0.543     0.436     0.499     0.000     0.141     0.115     3.357    -0.396     0.002    -0.571 

ddG: I81I     0.357    -0.509     0.032     1.183    -0.003    -0.054     0.002    -0.018    -0.024     0.006     0.040     0.000    -0.001     0.006    -0.302    -0.001     0.000     0.000 

ddG: I81K     0.368    -0.118     0.928     1.487    -0.010    -0.749    -0.020    -0.474     0.103    -1.199     0.477     0.000     0.179    -0.455     1.364     0.199     0.005    -1.348 

ddG: I81L     1.704     0.272    -0.739    -1.536     0.011     3.033     0.003    -0.319     0.094     0.357     2.730     0.000     0.164     0.809    -2.602    -0.296    -0.002    -0.276 

ddG: I81M     0.584     0.685    -0.588    -1.185     0.023     1.584    -0.012    -0.556     0.147    -0.845     3.203     0.000     0.188    -0.490    -0.714    -0.038    -0.008    -0.811 

ddG: I81N     4.541     0.146    -0.954     3.713     0.018     1.177     0.000    -0.108     0.237    -0.428     2.738     0.000     0.567    -0.188    -0.571     0.343    -0.012    -2.137 

ddG: I81P    14.870     1.828     5.418    -2.582     0.009     4.341     0.237    -0.043     1.976     1.822     3.274     0.000     1.157     1.744    -2.270    -0.783     0.008    -1.266 

ddG: I81Q     1.121    -0.199    -0.917     1.094     0.024     1.694    -0.007    -0.540     0.046    -0.769     3.158     0.000     0.341    -0.556     0.106     0.061     0.007    -2.421 

ddG: I81R     1.997    -1.486    -0.934     3.005     0.014     1.565    -0.008    -0.514     0.071    -0.780     3.164     0.000     0.216    -0.600    -0.543     0.003     0.006    -1.182 

ddG: I81S     6.072     4.484    -0.901    -0.293     0.019     2.408    -0.020    -0.515     0.396     0.857     3.269     0.000     0.288    -0.584    -2.013    -0.528    -0.007    -0.789 

ddG: I81T     3.933     5.150    -1.693    -0.763     0.018     2.515    -0.024    -0.169    -0.022     1.358     2.044     0.000     0.035    -0.117    -3.300    -0.297     0.002    -0.804 

ddG: I81V     1.191     2.174    -1.515    -1.438     0.015     1.921     0.006    -0.069    -0.046     0.391     2.679     0.000     0.124    -0.132    -2.479    -0.323    -0.012    -0.105 

ddG: I81W     4.427    -5.454     0.721     1.780     0.047     2.410    -0.007    -0.512     0.398     0.833     3.278     0.000     0.729    -0.045     0.470    -0.331    -0.007     0.118 

ddG: I81Y     3.711    -5.363     4.350     1.434     0.029     0.290    -0.019    -0.481     0.411     0.519     0.603     0.000     0.206    -0.281     3.366    -0.503    -0.007    -0.844 

