ddG: description total fa_atr fa_rep fa_sol fa_intra_rep fa_elec pro_close hbond_sr_bb hbond_lr_bb hbond_bb_sc hbond_sc dslf_fa13 rama omega fa_dun p_aa_pp yhh_planarity ref 
ddG: R43A     0.191     4.424     0.362    -4.952    -0.016     0.520    -0.014     0.840    -0.127     0.166    -1.169     0.008     0.328    -0.664    -0.828     0.413     0.006     0.894 

ddG: R43C     1.063     3.093     0.557    -3.452    -0.015     0.466    -0.014     0.871    -0.141     0.161    -1.167     0.003     0.484    -0.501    -0.622     0.733     0.000     0.607 

ddG: R43D     4.601     2.082     0.685    -0.724    -0.005     1.375     0.001     0.222    -0.189     0.737    -1.170    -0.017     0.476    -0.409     2.331     0.565     0.011    -1.371 

ddG: R43E     1.943     1.727     0.594    -1.771    -0.013     1.518     0.007     0.351    -0.153     0.550    -1.237     0.006     0.301    -0.442     1.751     0.408     0.036    -1.692 

ddG: R43F    -0.442    -3.288     1.582    -3.060     0.016     1.883     0.000    -0.365    -0.036     0.508    -0.138    -0.062     0.291     0.088     1.053     0.399    -0.012     0.698 

ddG: R43G     1.990     7.340     0.488    -6.721    -0.019     0.841     0.007     0.288    -0.160     0.571    -1.761    -0.034     0.750    -0.419    -0.508     0.968     0.010     0.349 

ddG: R43H     2.611     4.044     0.333    -5.644    -0.001     2.144     0.030     0.524    -0.120     0.126    -0.983    -0.033     0.813    -0.631     0.671     0.731    -0.004     0.610 

ddG: R43H     2.082     1.007     0.367    -2.307    -0.014     1.092    -0.014     0.818    -0.138    -0.009     0.228    -0.003     0.498    -0.322    -0.229     0.494     0.002     0.610 

ddG: R43I    -0.289     0.771     1.198    -3.671     0.006     0.435    -0.003     0.022    -0.186     0.732    -1.684    -0.037     0.764    -0.336    -0.169     0.674     0.011     1.182 

ddG: R43K    -0.910     0.653     0.567    -1.651    -0.014    -0.423    -0.014     0.820    -0.124     0.154    -1.168    -0.005     0.315    -0.566     0.182     0.512     0.019    -0.167 

ddG: R43L     0.603     0.452     1.418    -3.467     0.000     1.015     0.004     0.228    -0.144     0.594    -1.244     0.054     0.494    -0.231     0.140     0.400    -0.015     0.905 

ddG: R43M     0.134     1.833     0.756    -4.184    -0.016     0.709     0.005     0.231    -0.155     0.567    -1.758    -0.037     0.546    -0.426     1.232     0.442     0.018     0.371 

ddG: R43N     1.450    -0.055     1.224    -0.857    -0.009     0.753     0.001     0.343    -0.190     0.633    -1.689    -0.029     0.572    -0.226     1.330     0.610    -0.005    -0.955 

ddG: R43P    14.204     1.854     8.315    -5.469    -0.012     1.519     0.156     3.069    -0.355     1.090    -1.442     0.122     2.607     0.455     2.024     0.446    -0.093    -0.084 

ddG: R43Q     0.576    -0.455     0.252    -2.009    -0.001     1.150     0.001     0.354    -0.345     0.606    -1.281    -0.015     0.329    -0.759     3.482     0.488     0.018    -1.240 

ddG: R43R    -0.327    -0.502     0.877    -0.432     0.004    -0.805     0.002    -0.399    -0.008     0.683    -1.926     0.042     0.315    -0.284     1.829     0.289    -0.011     0.000 

ddG: R43S     2.038     3.336     0.165    -3.635    -0.010     0.881     0.002     0.260    -0.319     0.758    -1.806     0.028     0.473    -0.763     1.657     0.630    -0.012     0.392 

ddG: R43T     1.311     2.917     0.869    -2.857    -0.005     0.509     0.003    -0.539    -0.049     0.912    -1.564    -0.037     0.541    -0.349    -0.040     0.624    -0.003     0.378 

ddG: R43V     0.629     2.342     0.845    -4.162     0.002     0.805     0.006     0.278    -0.152     0.559    -1.234     0.003     0.553    -0.369    -0.617     0.656     0.038     1.077 

ddG: R43W     0.014    -2.626     1.289    -1.729     0.020     0.532    -0.002     0.062    -0.207     0.751    -1.697    -0.032     0.673    -0.201     1.251     0.636    -0.007     1.299 

ddG: R43Y     0.660     0.285     0.722    -2.992     0.011     0.906     0.009     0.269    -0.164     0.582    -1.248     0.000     0.534    -0.428     1.056     0.753     0.027     0.338 

