ddG: description total fa_atr fa_rep fa_sol fa_intra_rep fa_elec pro_close hbond_sr_bb hbond_lr_bb hbond_bb_sc hbond_sc dslf_fa13 rama omega fa_dun p_aa_pp yhh_planarity ref 
ddG: N71A    -0.162     8.210    -1.138    -8.506    -0.053     1.214    -0.042     0.623    -0.196     0.000     0.827    -0.131    -0.279    -0.653    -2.084     0.226    -0.030     1.849 

ddG: N71C     1.126     5.782    -0.651    -4.964    -0.023     0.982    -0.016     0.466     0.001    -0.680     2.776    -0.111    -0.201    -0.082    -3.310    -0.403    -0.004     1.563 

ddG: N71D     4.068     3.354    -0.144     1.350    -0.038    -0.161     0.019     0.106    -0.052    -0.296     0.782    -0.123     0.123    -0.238    -0.120    -0.066    -0.013    -0.415 

ddG: N71E     4.469     0.918     0.122     0.148    -0.018     1.430    -0.005     0.012    -0.259     0.386     0.814    -0.128     0.587    -0.781     2.206    -0.204    -0.022    -0.737 

ddG: N71F    11.471    -3.387    11.570    -7.203    -0.021     1.597     0.330     0.611     0.152     1.085     1.256     0.939    -0.292     0.170     2.867     0.176    -0.033     1.654 

ddG: N71G     2.047    12.483    -2.263    -9.653    -0.056     1.683    -0.013     0.438    -0.241    -0.256     2.271    -0.202     0.246    -0.528    -3.730     0.583    -0.019     1.304 

ddG: N71H     3.512    -1.817     3.423    -3.041    -0.056     0.737     0.005     0.342    -0.047    -0.203     1.312    -0.078     0.085     0.370     0.781     0.088     0.044     1.566 

ddG: N71H     3.948    -2.739     3.852    -2.576    -0.053     0.724     0.003     0.216    -0.088    -0.074     1.357    -0.080     0.183     0.542     1.004     0.067     0.044     1.566 

ddG: N71I     0.735     2.272     3.292    -7.339    -0.013     0.380     0.068    -0.181    -0.078     0.001     0.825    -0.154     0.091    -0.460    -0.177     0.080    -0.008     2.137 

ddG: N71K     6.282    -0.657     3.011     2.810    -0.034    -2.310    -0.009     0.468     0.046     0.230     0.899    -0.137     0.252    -0.107     1.261    -0.211    -0.018     0.789 

ddG: N71L     0.231     1.828     1.967    -6.058    -0.037     1.159     0.034    -0.601     0.190     0.095     1.398    -0.041    -0.129     0.445    -1.958     0.104    -0.023     1.861 

ddG: N71M    -1.408     2.458     1.060    -5.975    -0.045     0.429     0.009     0.207    -0.069    -0.606     1.299    -0.030    -0.028    -0.426    -1.126     0.114    -0.005     1.326 

ddG: N71N    -0.524    -0.250    -0.468    -0.267    -0.002    -0.141     0.000    -0.024    -0.155    -0.039    -0.554    -0.051    -0.005    -0.339     1.667     0.109    -0.005     0.000 

ddG: N71P    11.166     7.228     7.636    -9.207    -0.051     2.161     1.079     0.807    -0.138    -0.113     2.839    -0.088     0.713     0.212    -2.456    -0.336     0.007     0.871 

ddG: N71Q    -1.564     0.738    -0.237    -2.142    -0.051    -0.190     0.014     0.261    -0.113    -0.583     0.460    -0.078     0.043    -0.168     0.715     0.046     0.004    -0.284 

ddG: N71R     8.692    -1.928     2.312     3.434     0.046    -0.347     0.045    -0.159     0.291     0.133    -0.067    -0.057     0.103     0.506     3.725    -0.274    -0.026     0.955 

ddG: N71S     2.282     7.576    -0.928    -6.082    -0.046     0.910     0.017     0.243    -0.283    -0.041     1.262    -0.114     0.014    -0.606    -1.228     0.236     0.005     1.348 

ddG: N71T    -0.043     3.949     0.086    -3.247    -0.005     0.286     0.000     0.071    -0.132    -0.004    -0.284    -0.094    -0.024    -0.169    -1.870     0.041     0.019     1.333 

ddG: N71V    -0.362     4.935     0.957    -7.433    -0.028     0.803     0.107     0.796     0.004    -0.685     2.811    -0.080    -0.293    -0.157    -3.968    -0.160    -0.003     2.032 

ddG: N71W    11.690    -8.802     7.606    -1.729    -0.019     1.465    -0.038     0.262     0.114     0.132     0.909     0.160     0.511     1.697     6.912     0.238     0.018     2.255 

ddG: N71Y    11.798    -6.186    12.730    -2.663    -0.015     0.867     0.037     0.096     0.238    -0.969     1.399     0.409     0.291     2.375     1.314     0.377     0.204     1.294 

