ddG: description total fa_atr fa_rep fa_sol fa_intra_rep fa_elec pro_close hbond_sr_bb hbond_lr_bb hbond_bb_sc hbond_sc dslf_fa13 rama omega fa_dun p_aa_pp yhh_planarity ref 
ddG: E112A     0.799     3.129    -0.153    -4.639    -0.003     1.673     0.001     0.140     0.000     0.008     0.813     0.000    -0.117    -0.112    -2.640     0.111     0.000     2.586 

ddG: E112C    -0.198     2.804    -0.267    -4.003    -0.003     1.842     0.000    -1.155     0.158    -0.013     0.828     0.000    -0.094     0.043    -2.602    -0.036     0.000     2.300 

ddG: E112D     2.933    -2.940    -0.489     4.327     0.002     0.834    -0.001     0.268    -0.106     0.089     0.599     0.000     0.226    -0.110    -0.806     0.717     0.000     0.322 

ddG: E112E     0.118     0.029    -0.009     0.001     0.000     0.108     0.003    -0.010    -0.003     0.002     0.013     0.000     0.010     0.016    -0.032    -0.008     0.000     0.000 

ddG: E112F    -1.451    -5.473     0.820    -1.545     0.028     1.463     0.013     0.058     0.009    -0.015     0.849     0.000    -0.061    -0.204    -0.055     0.272     0.000     2.391 

ddG: E112G     2.305     5.076    -0.271    -5.064    -0.004     1.646     0.005     0.121     0.013     0.032     0.725     0.000     0.196    -0.066    -2.659     0.516     0.000     2.041 

ddG: E112H     1.311    -6.584     0.644     2.016     0.001     1.068     0.006     0.183     0.018    -0.049     0.891     0.000    -0.173    -0.288     0.950     0.324     0.000     2.303 

ddG: E112H     1.354    -6.580     0.663     2.020     0.002     1.079     0.009     0.173     0.023    -0.048     0.895     0.000    -0.157    -0.281     0.933     0.321     0.000     2.303 

ddG: E112I     0.290    -3.375     0.258    -0.519     0.020     1.190     0.007     0.192    -0.007    -0.040     0.823     0.000    -0.148    -0.180    -1.027     0.221     0.000     2.874 

ddG: E112K     2.504    -3.411     0.074     3.415     0.000     0.856     0.012     0.141     0.033     0.048    -0.078     0.000    -0.259    -0.199     0.238     0.110     0.000     1.526 

ddG: E112L    -0.420     0.385    -0.156    -3.374     0.003     1.773     0.001     0.112    -0.002     0.009     0.801     0.000    -0.012    -0.099    -2.510     0.051     0.000     2.598 

ddG: E112M     1.028    -2.442    -0.168    -0.180    -0.001     1.172     0.007     0.166     0.011    -0.014     0.810     0.000    -0.114    -0.221    -0.123     0.063     0.000     2.063 

ddG: E112N     1.099    -1.797    -0.308     0.583    -0.001     0.871     0.004     0.191     0.006    -0.014     0.799     0.000    -0.038    -0.168    -0.009     0.242     0.000     0.737 

ddG: E112P     8.688    -1.250     7.987    -3.207    -0.001     1.182     0.184     0.983     0.013     0.027     0.829     0.000     0.622     0.415    -0.665    -0.041     0.000     1.608 

ddG: E112Q    -1.060    -4.297     0.083     3.583    -0.001    -1.159     0.007     0.181     0.035     0.058    -1.502     0.000    -0.183    -0.189     1.818     0.053     0.000     0.453 

ddG: E112R     3.551    -4.037     0.123     4.416     0.005     0.947     0.013     0.129     0.024     0.033    -0.098     0.000    -0.209    -0.185     0.640     0.058     0.000     1.692 

ddG: E112S     0.678     3.189    -0.158    -3.695    -0.003     1.864     0.001    -1.172     0.158    -0.015     0.816     0.000    -0.193    -0.010    -1.977    -0.212     0.000     2.085 

ddG: E112T     1.382     1.592     0.109    -2.860     0.009     1.683     0.007     0.138     0.008     0.012     0.795     0.000    -0.088    -0.122    -2.322     0.350     0.000     2.070 

ddG: E112V     0.248     0.674     0.175    -3.700     0.017     1.670     0.006     0.080    -0.004     0.011     0.809     0.000     0.000    -0.128    -2.317     0.187     0.000     2.769 

ddG: E112W     1.298    -9.856    -0.059     5.104     0.026     2.529     0.006    -1.114     0.168    -0.029     1.608     0.000    -0.390    -0.031     0.621    -0.277     0.000     2.992 

ddG: E112Y    -0.696    -3.979    -0.241     0.020     0.022     1.183     0.000    -1.113     0.161    -0.036     0.786     0.000    -0.066    -0.059     0.635    -0.041     0.001     2.031 

