ddG: description total fa_atr fa_rep fa_sol fa_intra_rep fa_elec pro_close hbond_sr_bb hbond_lr_bb hbond_bb_sc hbond_sc dslf_fa13 rama omega fa_dun p_aa_pp yhh_planarity ref 
ddG: E5A    -1.133     0.622     1.792    -1.278    -0.018    -2.181    -0.008     0.111     0.085    -0.382    -2.931     0.000    -0.094     0.055     0.231     0.278    -0.002     2.586 

ddG: E5C    -0.304     0.622     0.064    -1.459     0.003     0.008     0.002     0.039    -0.001    -0.141    -0.077     0.000     0.078    -0.033    -2.021     0.312     0.000     2.300 

ddG: E5D    -0.758     0.734    -0.023     0.203     0.000    -1.351     0.006     0.247    -0.186    -0.166    -0.133     0.000     0.120    -0.485    -0.259     0.223    -0.010     0.322 

ddG: E5E    -1.097     1.034    -0.035    -0.774     0.002    -1.333     0.006     0.233    -0.190    -0.155    -0.115     0.000     0.087    -0.441     0.464     0.131    -0.011     0.000 

ddG: E5F    -0.662    -0.621     1.678    -0.097     0.004    -3.224    -0.005     0.288    -0.157    -0.558    -2.804     0.000     0.034    -0.239     2.210     0.440    -0.001     2.391 

ddG: E5G     1.114     2.208    -0.953    -0.418    -0.015    -0.817     0.010     0.645    -0.261     1.014    -0.467     0.000     0.190    -0.094    -2.601     0.633    -0.001     2.041 

ddG: E5H     1.000    -2.800    -0.632     1.899    -0.003    -0.665     0.011     0.705    -0.265     0.951    -0.590     0.000    -0.032     0.036     0.035     0.051    -0.003     2.303 

ddG: E5H     0.737    -3.053    -1.144     1.811    -0.004    -1.182     0.003     0.239    -0.085    -0.334    -0.299     0.000    -0.112    -0.194     2.614     0.171     0.002     2.303 

ddG: E5I    -0.538     0.214     0.109    -0.964     0.018    -1.366     0.005     0.203    -0.211    -0.136    -0.028     0.000     0.377    -0.327    -1.876     0.582    -0.013     2.874 

ddG: E5K    -0.993     0.862    -0.157    -0.352    -0.008    -1.135     0.004     0.206    -0.210    -0.037    -0.023     0.000     0.056    -0.433    -1.463     0.183    -0.011     1.526 

ddG: E5L    -0.727     0.023     0.097    -1.329     0.011    -0.006     0.002     0.036     0.004    -0.148    -0.081     0.000     0.065     0.010    -2.083     0.076     0.000     2.598 

ddG: E5M    -0.177     0.092     0.069    -1.281     0.007     0.212     0.002     0.039     0.006    -0.151    -0.085     0.000     0.056    -0.032    -1.286     0.110     0.000     2.063 

ddG: E5N    -0.333    -0.600     0.121     0.370     0.002    -0.149     0.003     0.024     0.009    -0.115    -0.076     0.000     0.176     0.022    -1.068     0.210     0.000     0.737 

ddG: E5P    -2.677    -0.635     0.513    -1.120    -0.001    -1.619     0.054     0.224    -0.180    -0.161    -0.128     0.000     0.307    -0.267    -1.774     0.498     0.004     1.608 

ddG: E5Q    -1.108    -1.846     1.956     1.703    -0.014    -2.523    -0.004     0.098     0.034    -0.521    -2.775     0.000    -0.154     0.337     1.904     0.250    -0.005     0.453 

ddG: E5R    -0.522     0.068     1.737     0.885    -0.018    -3.486    -0.003     0.280    -0.153    -0.564    -2.782     0.000    -0.071    -0.290     1.853     0.328     0.000     1.692 

ddG: E5S    -0.657     1.320     0.922     0.443    -0.022    -3.726     0.002     0.753    -0.217     0.547    -3.286     0.000    -0.305     0.138     0.508     0.197    -0.016     2.085 

ddG: E5T     0.301     1.883    -1.066    -0.600    -0.008    -0.535     0.009     0.657    -0.299     1.035    -0.442     0.000    -0.084    -0.036    -2.329     0.048    -0.002     2.070 

ddG: E5V    -0.573     0.294     0.157    -1.028     0.017    -1.325     0.004     0.226    -0.196    -0.155    -0.117     0.000     0.295    -0.308    -1.698     0.505    -0.012     2.769 

ddG: E5W     0.044    -0.153    -0.145    -0.925     0.021    -0.949     0.002     0.191    -0.133    -0.030    -0.057     0.000     0.041    -0.392    -0.612     0.190     0.003     2.992 

ddG: E5Y     1.644    -0.534    -0.869     0.495     0.019    -0.288     0.007     0.670    -0.255     0.911    -0.853     0.000     0.129     0.106    -0.310     0.388    -0.003     2.031 

