ddG: description total fa_atr fa_rep fa_sol fa_intra_rep fa_elec pro_close hbond_sr_bb hbond_lr_bb hbond_bb_sc hbond_sc dslf_fa13 rama omega fa_dun p_aa_pp yhh_planarity ref 
ddG: L103A     5.975     7.843    -0.239    -0.378    -0.004     0.376     0.011     0.467    -0.108     1.202    -0.333     0.000     0.058     0.059    -2.763    -0.182    -0.023    -0.011 

ddG: L103C     6.351     6.247     1.411     1.980    -0.020    -1.606     0.003     0.526    -0.059     0.942    -3.057     0.000    -0.004     0.158    -0.214     0.353    -0.011    -0.298 

ddG: L103D    10.555     2.632    -0.299    10.059    -0.001     0.247     0.011     0.459    -0.099     1.205    -0.336     0.000     0.071     0.042    -1.169     0.020    -0.010    -2.276 

ddG: L103E     8.685    -0.882     1.116    10.018     0.012     0.876     0.006    -0.206     0.083     0.156     0.165     0.000     0.027     0.167    -0.003    -0.244    -0.009    -2.598 

ddG: L103F     0.981    -2.762     3.776    -2.090     0.028     0.375     0.031     0.369    -0.080     1.166    -0.639     0.000    -0.146     0.120     1.058     0.029    -0.047    -0.207 

ddG: L103G     8.582    10.512     0.580    -0.621     0.005     0.220     0.006     0.020    -0.043     0.157     0.092     0.000     0.570    -0.265    -2.520     0.431    -0.005    -0.556 

ddG: L103H     6.612    -3.550     1.554     4.966     0.008     2.071     0.008     0.187    -0.004     1.306    -0.359     0.000    -0.140     0.583     0.375    -0.087    -0.012    -0.295 

ddG: L103H     5.041    -3.258     2.061     4.503     0.009     0.801     0.006    -0.049    -0.045     0.352     0.141     0.000     0.158    -0.057     0.643     0.074    -0.002    -0.295 

ddG: L103I     0.749     1.411     1.325    -1.692     0.033     0.218     0.001    -0.023    -0.083     0.290     0.202     0.000     0.402    -0.138    -1.495     0.035    -0.015     0.276 

ddG: L103K    13.973     0.661     0.492     9.581     0.000     1.524     0.008    -0.003    -0.110    -0.026     0.024     0.000    -0.082     0.249     2.663     0.073    -0.008    -1.072 

ddG: L103L    -0.978    -0.221     1.377    -0.320     0.006     0.181     0.002     0.030    -0.111     0.187     0.153     0.000     0.281    -0.086    -2.419    -0.037    -0.001     0.000 

ddG: L103M     4.686     1.904     1.818     0.227     0.003     0.840     0.005    -0.002    -0.066     0.147     0.158     0.000     0.315    -0.006    -0.033    -0.083    -0.005    -0.535 

ddG: L103N     5.605     0.749     0.860     4.831     0.011     1.397     0.002    -0.189     0.156     0.170     0.176     0.000     0.332     0.189    -1.304     0.095    -0.009    -1.861 

ddG: L103P    24.778     6.241     7.848    -2.220     0.015     1.127     0.474     2.243     0.247     0.114     0.344     0.000     1.428     4.621     2.823     0.478    -0.015    -0.990 

ddG: L103Q     5.461    -1.001     1.609     5.599     0.016     1.384     0.003    -0.194     0.053     0.164     0.176     0.000     0.075     0.164    -0.169    -0.265    -0.009    -2.145 

ddG: L103R    17.560    -3.315     3.131    13.569     0.017     2.537     0.001    -0.001     0.292     1.751     0.371     0.000     0.181    -0.180     0.660    -0.535    -0.017    -0.905 

ddG: L103S     6.756     6.348     2.377     2.550    -0.018    -2.079    -0.004     0.065    -0.014    -0.225    -2.538     0.000     0.100    -0.050     0.423     0.341    -0.008    -0.513 

ddG: L103T     6.577     5.283    -0.305     2.690     0.000    -0.010     0.010     0.492    -0.122     1.205    -0.365     0.000     0.063     0.545    -2.397     0.040    -0.024    -0.527 

ddG: L103V     2.641     3.456    -0.066    -0.641     0.017    -0.085     0.001    -0.068     0.035    -0.074    -0.022     0.000     0.135    -0.086    -0.189     0.061    -0.004     0.172 

ddG: L103W     8.689    -8.113     9.488     2.702     0.022     0.518    -0.001     0.533     0.106     1.114    -3.194     0.000    -0.365     0.990     4.652    -0.138    -0.020     0.394 

ddG: L103Y     5.712    -5.986     5.808     1.974     0.061     0.945     0.003    -0.022    -0.088     0.444     0.269     0.000     0.083     0.257     2.313     0.094     0.124    -0.567 

