ddG: description total fa_atr fa_rep fa_sol fa_intra_rep fa_elec pro_close hbond_sr_bb hbond_lr_bb hbond_bb_sc hbond_sc dslf_fa13 rama omega fa_dun p_aa_pp yhh_planarity ref 
ddG: S16A    -0.847     0.970    -0.101    -3.881     0.000     0.726     0.003    -0.128    -0.035    -0.023     1.394     0.000     0.050    -0.076    -0.181    -0.068     0.000     0.502 

ddG: S16C     7.058     1.940     2.562    -4.722     0.013     2.741    -0.002     0.378     0.246     0.401     2.587     0.000    -0.327     1.146    -0.562     0.443    -0.001     0.215 

ddG: S16D     7.023    -5.097     2.569     6.865     0.008    -0.013     0.000     0.173    -0.243     0.148     2.374     0.000     0.002     1.260     0.918    -0.179     0.001    -1.763 

ddG: S16E    11.142   -12.890     7.625    12.156     0.122    -1.788     0.014    -0.385    -0.173    -1.395     2.570     0.000     0.290     1.077     6.291    -0.284    -0.002    -2.085 

ddG: S16F    50.730    -9.167    31.209    -3.348     0.059     3.732    -0.037    -0.090     0.546     1.320     2.857     0.000     1.423     1.735    20.300    -0.122     0.008     0.306 

ddG: S16G     2.345     2.356    -0.668    -1.869    -0.001     0.046     0.004    -0.142    -0.183     0.006     1.429     0.000     0.300    -0.145     0.814     0.441     0.000    -0.043 

ddG: S16H    32.133   -12.964    18.823     3.020     0.962     4.472    -0.002    -0.198     0.123     0.766     4.227     0.000     1.174     2.231     9.062     0.217     0.001     0.218 

ddG: S16H    31.868   -13.810    19.173     4.662     0.919     2.894     0.005    -0.051     0.442     1.722     2.478     0.000     0.624     1.724    11.024    -0.155     0.000     0.218 

ddG: S16I    13.257    -0.779    12.244    -8.124     0.026     3.634    -0.013     0.022    -0.276     2.076     3.439     0.000     0.749     2.541    -2.740    -0.345     0.014     0.789 

ddG: S16K    43.766   -11.496    21.632    12.294     0.084     1.367    -0.009    -0.014     0.450     1.585     3.040     0.000     0.817     1.774    13.369    -0.578     0.011    -0.559 

ddG: S16L    41.307    -2.187    25.861    -5.918     0.271     3.484    -0.005     0.814     0.171     0.191     2.855     0.000     0.221     4.762    10.260     0.015    -0.001     0.513 

ddG: S16M    26.582    -6.285    16.814     0.077     0.024     2.642    -0.009    -0.209     0.350     1.190     4.290     0.000     0.978     2.511     4.742    -0.526     0.014    -0.022 

ddG: S16N     8.396    -3.682     3.586     0.876     0.009     4.795    -0.004     0.059    -0.360     0.434     4.367     0.000     0.738     1.501    -2.657     0.081     0.000    -1.348 

ddG: S16P     0.903    -2.532     4.345    -4.698     0.008     2.320     0.462    -0.839     0.124     0.037     2.613     0.000     0.212     0.520    -1.212     0.021     0.000    -0.477 

ddG: S16Q    13.910    -6.703     9.982     0.887     0.147     4.382     0.006    -0.519     0.110    -0.727     4.222     0.000     0.878     1.726     1.232    -0.080    -0.003    -1.632 

ddG: S16R    33.349   -12.709    14.953    12.950     0.047     1.285    -0.011     0.397    -0.166     1.828     3.036     0.000     0.487     2.704     7.520     1.419    -0.001    -0.392 

ddG: S16S     0.792     4.113    -0.130    -4.966     0.003     2.298    -0.002    -0.181    -0.018    -0.049     1.555     0.000     0.216     0.200    -2.248     0.000     0.000     0.000 

ddG: S16T     8.602    -0.745     3.954    -1.277     0.007     3.310     0.004    -0.500    -0.460     0.551     4.567     0.000     0.799     0.783    -2.776     0.400     0.000    -0.015 

ddG: S16V    12.815    -6.710    10.197     0.191     0.013     1.871     0.013    -0.153     0.716     0.692     3.547     0.000     0.606     0.340     0.379     0.427     0.003     0.685 

ddG: S16W    48.935   -18.511    34.958     3.704     0.044     6.443    -0.025    -2.173     0.639     4.345     4.290     0.000     1.548     6.296     6.427     0.033     0.010     0.907 

ddG: S16Y    46.239   -13.841    29.040     3.220     0.084     3.406    -0.028    -0.264     0.798     3.184     2.932     0.000     1.071     3.924    12.507     0.218     0.044    -0.054 

