ddG: description total fa_atr fa_rep fa_sol fa_intra_rep fa_elec pro_close hbond_sr_bb hbond_lr_bb hbond_bb_sc hbond_sc dslf_fa13 rama omega fa_dun p_aa_pp yhh_planarity ref 
ddG: I96A     2.573     5.976    -0.464    -3.092    -0.015    -0.383     0.003     0.105    -0.095    -0.045     0.001     0.000     0.375     0.124    -0.314     0.681     0.005    -0.288 

ddG: I96C     3.407     3.039    -0.009     0.086    -0.016     1.164     0.001    -0.475    -0.047    -1.469     0.785     0.000     0.106     0.059     0.173     0.586    -0.004    -0.574 

ddG: I96D     5.065     0.524    -0.125     5.807    -0.009    -0.860     0.005     0.083     0.064    -0.112     0.066     0.000     0.151     0.138     1.814     0.082    -0.009    -2.553 

ddG: I96E     5.136    -0.243    -0.260     5.644    -0.014     0.791     0.000    -0.589     0.083    -1.447     0.790     0.000     0.337     0.096     2.259     0.562     0.001    -2.874 

ddG: I96F     6.163     1.495     1.137    -3.549     0.024     0.503     0.000     0.107    -0.145    -0.099     0.164     0.000     0.189     0.595     5.656     0.565     0.004    -0.483 

ddG: I96G     5.151     6.818    -0.395    -2.224    -0.019     0.109     0.000     0.057     0.016    -0.167     0.060     0.000     0.907     0.070    -0.466     1.239    -0.021    -0.833 

ddG: I96H     4.888    -3.733     1.163     2.875    -0.013     0.482    -0.001    -0.017     0.334    -0.070     0.016     0.000     0.045     1.120     2.970     0.293    -0.005    -0.571 

ddG: I96H     5.287    -3.262     1.154     1.685    -0.010     0.660     0.002     0.036     0.334     0.001     0.758     0.000     0.034     1.215     3.089     0.230    -0.067    -0.571 

ddG: I96I     0.575    -0.888     0.481     0.418     0.004     1.488     0.001    -0.456    -0.046    -1.430     0.784     0.000    -0.036    -0.091     0.091     0.255     0.001     0.000 

ddG: I96K     3.962     0.370     0.045     2.287    -0.009     0.794     0.000    -0.570    -0.065    -1.445     0.779     0.000     0.225     0.107     2.107     0.690    -0.006    -1.348 

ddG: I96L     2.324     0.282     0.852    -0.118    -0.018     0.011    -0.001    -0.015     0.412     0.026     0.012     0.000     0.054     0.629     0.348     0.133    -0.005    -0.276 

ddG: I96M     4.034     0.728    -0.132     0.802    -0.013     1.636     0.004    -0.528     0.029    -1.382     1.523     0.000     0.360     0.085     1.230     0.564    -0.061    -0.811 

ddG: I96N     3.297     0.508     0.010     3.262    -0.016    -0.788     0.000    -0.018     0.021     0.048    -0.080     0.000     0.209     0.155     1.649     0.477    -0.005    -2.137 

ddG: I96P     3.838     5.537     0.462    -3.764    -0.010     0.713     0.551     0.008     0.097     0.451     0.761     0.000     0.279     0.310    -0.205    -0.028    -0.060    -1.266 

ddG: I96Q     1.704    -0.654    -0.326     2.785    -0.012    -0.340    -0.001     0.024     0.004    -0.045    -0.619     0.000     0.115     0.218     2.615     0.363    -0.001    -2.421 

ddG: I96R     4.574    -0.667    -0.181     4.343    -0.010     1.226    -0.002    -0.640    -0.003    -1.449     0.780     0.000     0.249     0.096     1.357     0.654     0.001    -1.182 

ddG: I96S     5.076     4.825    -0.367     0.057    -0.018     0.144     0.000     0.045    -0.004    -0.156     0.052     0.000     0.333     0.164     0.239     0.574    -0.024    -0.789 

ddG: I96T     3.517     1.955     0.115     1.426    -0.011     1.369     0.001    -0.463    -0.019    -1.464     0.788     0.000     0.230    -0.036    -0.130     0.558     0.002    -0.804 

ddG: I96V     0.836     1.313     0.187    -0.311    -0.011    -0.140     0.000     0.010     0.023    -0.097     0.053     0.000     0.065     0.034    -0.276     0.106    -0.017    -0.105 

ddG: I96W     6.774    -0.702     0.729     0.407     0.014     1.707    -0.002    -0.449    -0.037    -1.623     0.808     0.000     0.064     0.409     4.884     0.469    -0.020     0.118 

ddG: I96Y     5.745     0.826     0.928    -1.438     0.017     1.711    -0.001    -0.449    -0.071    -1.630     0.807     0.000     0.072     0.357     4.801     0.659     0.001    -0.844 

