ddG: description total fa_atr fa_rep fa_sol fa_intra_rep fa_elec pro_close hbond_sr_bb hbond_lr_bb hbond_bb_sc hbond_sc dslf_fa13 rama omega fa_dun p_aa_pp yhh_planarity ref 
ddG: R32A    -1.642     2.268    -0.166    -2.881    -0.014     0.143     0.000    -0.115     0.162    -0.233     0.043     0.003    -0.035    -0.352    -1.231    -0.090    -0.037     0.894 

ddG: R32C    -1.367     1.754    -0.173    -1.900    -0.017     0.149    -0.003    -0.124     0.180    -0.205     0.078     0.001    -0.026    -0.315    -1.312    -0.025    -0.035     0.607 

ddG: R32D    -0.960     1.188    -0.213    -0.349    -0.011    -0.112     0.002    -0.084     0.169    -0.235     0.061    -0.001    -0.122    -0.390     0.856    -0.318    -0.030    -1.371 

ddG: R32E    -2.143    -0.145    -0.054     1.277    -0.013    -1.572    -0.008    -0.065     0.151    -0.071    -0.423     0.001    -0.038    -0.343     0.988    -0.120    -0.019    -1.692 

ddG: R32F    -1.571    -1.050    -0.247    -1.067     0.010     0.202     0.002    -0.031     0.122    -0.156     0.135     0.000    -0.014    -0.300     0.213    -0.051    -0.038     0.698 

ddG: R32G    -1.005     3.467    -0.252    -3.297    -0.015     0.152    -0.001    -0.058     0.192    -0.233     0.056     0.000     0.160    -0.373    -1.243     0.130    -0.040     0.349 

ddG: R32H    -2.565    -6.326     0.397     3.139    -0.008    -0.171    -0.014    -0.052     0.126    -0.203    -0.570     0.000     0.110    -0.487     0.994    -0.089    -0.022     0.610 

ddG: R32H    -2.621    -6.368     0.402     3.156    -0.008    -0.180    -0.010    -0.059     0.117    -0.229    -0.647    -0.002     0.122    -0.434     1.007    -0.083    -0.015     0.610 

ddG: R32I    -1.359    -1.606    -0.186     0.139     0.003     0.196    -0.011    -0.089     0.174    -0.148     0.091    -0.001     0.241    -0.316    -1.427     0.439    -0.038     1.182 

ddG: R32K    -1.484     1.021    -0.224    -1.845    -0.008     0.192     0.002    -0.076     0.146    -0.202     0.139     0.000    -0.048    -0.363     0.112    -0.120    -0.043    -0.167 

ddG: R32L    -2.387     0.432    -0.193    -1.471    -0.010     0.161    -0.005    -0.119     0.148    -0.176     0.101     0.000    -0.049    -0.387    -1.463    -0.228    -0.033     0.905 

ddG: R32M    -1.169    -0.268     0.074    -0.425    -0.009    -0.147     0.000    -0.065    -0.004     0.004     0.012     0.000     0.042    -0.071    -0.666    -0.014    -0.004     0.371 

ddG: R32N    -0.951    -1.156    -0.203     1.221    -0.008     0.140     0.000     0.025     0.134    -0.236     0.116     0.000    -0.078    -0.337     0.755    -0.332    -0.038    -0.955 

ddG: R32P    -1.036    -0.839     2.361    -1.537    -0.011    -0.405     0.093     0.029    -0.016    -0.056    -0.022     0.000     0.730     0.124    -1.430     0.021     0.005    -0.084 

ddG: R32Q    -2.217     0.278    -0.194    -1.003    -0.012     0.183     0.001    -0.105     0.142    -0.233     0.104     0.000    -0.136    -0.344     0.555    -0.175    -0.038    -1.240 

ddG: R32R    -0.070    -0.049     0.032     0.011     0.000    -0.017     0.002    -0.002     0.010    -0.022    -0.075     0.001     0.019    -0.001    -0.008     0.028     0.001     0.000 

ddG: R32S    -1.415     2.008    -0.125    -1.512    -0.006    -0.117    -0.004    -0.152     0.169    -0.227     0.038     0.002    -0.072    -0.389    -1.120    -0.254    -0.046     0.392 

ddG: R32T    -1.258     1.597    -0.233    -1.209    -0.008    -0.037    -0.002    -0.102     0.161    -0.216     0.067     0.000    -0.041    -0.336    -1.162    -0.084    -0.029     0.378 

ddG: R32V    -1.405     0.001    -0.079    -1.284    -0.001     0.162    -0.004    -0.135     0.171    -0.119    -0.025     0.002     0.280    -0.342    -1.467     0.375    -0.018     1.077 

ddG: R32W    -3.596   -10.266     1.211     3.574     0.027    -0.401    -0.013    -0.089    -0.094     0.446    -0.373     0.001     0.243    -0.261     1.286    -0.203     0.016     1.299 

ddG: R32Y    -2.088    -1.165    -0.156    -0.882     0.010     0.036     0.003    -0.078     0.121    -0.112    -0.020     0.002     0.058    -0.325     0.194    -0.090    -0.021     0.338 

