ddG: description total fa_atr fa_rep fa_sol fa_intra_rep fa_elec pro_close hbond_sr_bb hbond_lr_bb hbond_bb_sc hbond_sc dslf_fa13 rama omega fa_dun p_aa_pp yhh_planarity ref 
ddG: F94A     7.673    16.830    -1.156    -4.678    -0.039    -1.561     0.001     0.539     0.015     1.497    -0.790     0.000     0.204    -0.114    -3.447     0.200    -0.025     0.196 

ddG: F94C     7.531    14.852    -1.273    -2.029    -0.043    -1.355     0.000     0.470     0.023     1.502    -0.792     0.000    -0.110    -0.111    -3.340    -0.146    -0.025    -0.091 

ddG: F94D    11.045    11.692    -1.439     5.651    -0.031    -1.444    -0.001     0.441    -0.013     1.582    -0.849     0.000    -0.145    -0.061    -1.820    -0.431    -0.016    -2.069 

ddG: F94E    10.714     8.420    -1.082     6.396    -0.033    -1.818     0.002     0.530    -0.007     1.508    -0.793     0.000    -0.023    -0.046     0.188    -0.096    -0.042    -2.391 

ddG: F94F     0.414    -0.182    -0.178     0.831    -0.004     0.163    -0.002    -0.078     0.062     0.000    -0.005     0.000     0.015    -0.001    -0.211     0.006    -0.001     0.000 

ddG: F94G    10.610    19.763    -1.567    -4.833    -0.042    -1.305    -0.002     0.426     0.034     1.718    -0.846     0.000     0.640    -0.107    -3.630     0.718    -0.010    -0.349 

ddG: F94H     4.521     3.157    -0.831     3.303    -0.035    -0.029    -0.001    -0.028     0.143     0.216    -0.056     0.000    -0.166    -0.222    -0.979     0.102     0.035    -0.088 

ddG: F94H     4.972     2.935    -1.028     4.140    -0.038     0.209    -0.003    -0.100     0.208     0.216    -0.059     0.000    -0.150    -0.232    -1.171     0.109     0.023    -0.088 

ddG: F94I     7.883    10.105     2.807    -2.258    -0.025    -1.038    -0.003     0.547    -0.183     1.756    -0.796     0.000    -0.109     0.165    -3.289    -0.254    -0.025     0.483 

ddG: F94K     9.288     6.916    -0.651     7.135    -0.028    -1.901     0.000     0.502    -0.117     1.566    -2.146     0.000    -0.035     0.151    -1.056    -0.130    -0.053    -0.865 

ddG: F94L     6.829     9.086     1.630    -1.936    -0.029     0.310    -0.001    -0.034    -0.074     0.115    -0.084     0.000     0.034     0.013    -2.508     0.112    -0.014     0.207 

ddG: F94M     3.987     8.824    -1.189    -1.099    -0.035    -1.223    -0.001     0.468     0.006     1.582    -0.847     0.000    -0.008    -0.044    -2.031    -0.079    -0.009    -0.328 

ddG: F94N     8.312    11.891    -1.396     0.212    -0.026    -0.710     0.001     0.514    -0.041     1.656    -0.111     0.000    -0.102    -0.059    -1.499    -0.306    -0.057    -1.654 

ddG: F94P     8.296    15.613    -1.390    -4.936    -0.036    -0.045     0.363    -0.311     1.339     1.273    -0.585     0.000     0.158    -0.215    -2.467     0.338    -0.019    -0.783 

ddG: F94Q     7.126     6.522    -0.524     3.835    -0.033    -0.121     0.000    -0.036     0.079     0.047    -0.010     0.000    -0.049     0.043    -0.819     0.148    -0.018    -1.938 

ddG: F94R    14.026     0.500     0.602    14.472    -0.033    -0.091    -0.003    -0.104     0.045     0.100    -1.154     0.000     0.091     0.124    -0.281     0.179     0.278    -0.698 

ddG: F94S     9.246    16.643    -1.526    -2.054    -0.035    -1.642    -0.002     0.423    -0.017     1.623    -0.848     0.000     0.145    -0.069    -3.257     0.180    -0.011    -0.306 

ddG: F94T     7.851    12.720    -0.834     0.256    -0.034    -0.122     0.000    -0.044    -0.001    -0.001    -0.001     0.000    -0.039    -0.180    -3.574     0.055    -0.031    -0.321 

ddG: F94V     5.207    12.142    -0.600    -2.748    -0.030    -1.223    -0.002     0.429     0.022     1.724    -0.829     0.000    -0.154    -0.002    -3.620    -0.275    -0.005     0.379 

ddG: F94W     2.833    -4.872     3.110     2.889    -0.001    -1.173    -0.004     0.472     0.263     1.622    -0.774     0.000     0.014     0.178     0.652    -0.135    -0.009     0.601 

ddG: F94Y     1.533    -1.855     0.042     3.288    -0.004    -1.075     0.000     0.493    -0.031     1.507    -1.764     0.000     0.110     0.183     0.809     0.054     0.138    -0.360 

