ddG: description total fa_atr fa_rep fa_sol fa_intra_rep fa_elec pro_close hbond_sr_bb hbond_lr_bb hbond_bb_sc hbond_sc dslf_fa13 rama omega fa_dun p_aa_pp yhh_planarity ref 
ddG: I45A     3.441     6.566    -2.039    -0.551    -0.030    -1.193     0.005     0.250     0.108    -0.108     0.186     0.000     0.595    -0.336    -0.831     1.098     0.009    -0.288 

ddG: I45C     4.637     5.444    -2.950     1.606    -0.037    -0.722     0.013     0.640     0.047     1.095    -0.250     0.000     0.109    -0.023    -0.569     0.799     0.011    -0.574 

ddG: I45D     9.579     1.833    -2.978    10.302    -0.034    -1.838     0.008     0.579     0.139     0.740    -0.292     0.000     0.076    -0.090     2.349     1.333     0.006    -2.553 

ddG: I45E    10.395    -1.867    -1.300    11.538    -0.037    -0.102    -0.001     0.342     0.248     0.789    -0.069     0.000    -0.027     0.323     2.545     0.898    -0.010    -2.874 

ddG: I45F     3.516    -5.749     4.174     2.640    -0.001    -0.607    -0.007     0.040     0.309     0.693    -0.945     0.000     0.371     0.566     2.324     0.196    -0.005    -0.483 

ddG: I45G     6.879     8.104    -1.791    -0.841    -0.026     0.211     0.001     0.004     0.353    -0.180     0.413     0.000     0.890     0.137    -0.987     1.425    -0.001    -0.833 

ddG: I45H     4.337    -4.058    -0.677     6.068    -0.036    -1.141     0.008     0.648     0.152     1.117     0.022     0.000    -0.086     0.116     1.874     0.910    -0.009    -0.571 

ddG: I45H     3.887    -5.045     0.470     5.366    -0.025    -0.074     0.000     0.001     0.405     0.071     0.364     0.000     0.016     0.227     1.843     0.847    -0.006    -0.571 

ddG: I45I    -1.075    -0.289    -0.558    -0.002    -0.008    -0.913     0.005     0.210     0.073     0.034     0.399     0.000     0.221    -0.487    -0.134     0.365     0.008     0.000 

ddG: I45K    14.503    -2.059     0.059    11.141    -0.014    -0.449     0.009     0.262     0.247    -0.143     0.307     0.000     0.020     0.222     5.265     0.991    -0.006    -1.348 

ddG: I45L     2.293     1.382    -0.441     0.363    -0.028    -0.786     0.008     0.748    -0.159     0.851    -0.047     0.000     0.009    -0.171     0.148     0.702    -0.009    -0.276 

ddG: I45M     4.682    -0.244    -0.665     2.334    -0.023    -1.276     0.008     0.308     0.236    -0.131     0.230     0.000     0.183    -0.201     3.853     0.869     0.011    -0.811 

ddG: I45N     3.889    -0.984     0.320     6.341    -0.044    -2.269    -0.009     0.098     0.380    -0.453    -2.543     0.000     0.282     0.138     3.928     0.844    -0.001    -2.137 

ddG: I45P     7.087     3.629    -0.055     0.423    -0.028    -0.606     0.495     0.100     2.032    -0.478     0.387     0.000     1.392    -0.023     0.446     0.626     0.013    -1.266 

ddG: I45Q     5.729    -3.001    -0.401     7.748    -0.019    -0.785     0.007     0.217     0.095    -0.310     0.196     0.000     0.189    -0.582     3.773     1.010     0.013    -2.421 

ddG: I45R    17.590    -7.735     2.395    17.782    -0.005    -1.687     0.000     0.660     0.355     2.094    -2.867     0.000     0.189    -0.065     7.192     0.476    -0.013    -1.182 

ddG: I45S     4.248     5.940    -2.061     1.829    -0.027    -1.541     0.005     0.251     0.109    -0.094     0.179     0.000     0.514    -0.368    -0.578     0.873     0.008    -0.789 

ddG: I45T     2.301     3.581    -2.014     2.390    -0.019    -1.160     0.007     0.246     0.115    -0.111     0.205     0.000     0.403    -0.383    -0.780     0.615     0.009    -0.804 

ddG: I45V    -1.240     1.905    -1.764     0.146    -0.013    -1.238     0.007     0.243     0.176    -0.038     0.196     0.000     0.105    -0.334    -0.725     0.189     0.009    -0.105 

ddG: I45W     7.454   -12.057     7.125     6.503    -0.002    -1.202     0.000    -0.019     0.523     1.602    -3.049     0.000     0.381     0.389     6.729     0.411     0.003     0.118 

ddG: I45Y     7.807    -8.240     4.867     6.328     0.005    -0.471    -0.008     0.051     0.733     0.974    -0.539     0.000     0.446     0.799     2.794     0.416     0.497    -0.844 

