ddG: description total fa_atr fa_rep fa_sol fa_intra_rep fa_elec pro_close hbond_sr_bb hbond_lr_bb hbond_bb_sc hbond_sc dslf_fa13 rama omega fa_dun p_aa_pp yhh_planarity ref 
ddG: L91A     3.416     1.870    -0.931     4.483    -0.004    -2.343     0.035    -0.042     0.148     0.207    -1.559     0.000    -0.303    -0.375     2.103     0.142    -0.004    -0.011 

ddG: L91C     4.097     0.371    -0.865     6.157    -0.004    -2.151     0.035    -0.039     0.141     0.182    -1.558     0.000    -0.205    -0.396     2.362     0.368    -0.004    -0.298 

ddG: L91D     7.021     0.809    -0.714     8.580     0.003     0.229     0.021    -1.076     0.181     0.093    -0.263     0.000     0.002    -0.285     1.949    -0.231    -0.001    -2.276 

ddG: L91E     6.953    -1.142    -0.764     9.085     0.005    -0.473     0.013    -0.201     0.115     0.120     0.006     0.000    -0.129    -0.039     2.577     0.382    -0.004    -2.598 

ddG: L91F     2.129    -6.094     1.798     1.551     0.041     0.042     0.134     0.052    -0.156     0.026     0.071     0.000     0.482     0.109     4.036     0.243     0.000    -0.207 

ddG: L91G     6.462    10.016    -0.828    -1.992     0.005     0.219     0.051     0.016     0.162     0.209    -0.378     0.000     0.122    -0.256    -0.975     0.651    -0.004    -0.556 

ddG: L91H     2.780    -3.340     0.426     4.780    -0.002     0.281     0.054    -1.240     0.099     0.026     0.049     0.000    -0.071     0.401     1.908    -0.296    -0.001    -0.295 

ddG: L91H     3.741    -7.591     0.629     9.949    -0.005    -1.963     0.060     0.193    -0.042     0.074    -1.530     0.000    -0.187     0.094     4.307     0.049     0.000    -0.295 

ddG: L91I     3.179     3.643    -0.279    -1.062     0.029     0.262     0.034     0.015     0.344     0.264    -0.342     0.000    -0.249    -0.223    -0.094     0.563    -0.005     0.276 

ddG: L91K     6.796     3.720    -0.430     2.652     0.013     0.170     0.104     0.001     0.102     0.161    -0.373     0.000    -0.164    -0.194     1.734     0.374    -0.004    -1.072 

ddG: L91L    -0.014     2.080     0.300    -1.450     0.007     0.293     0.002     0.204     0.060     0.082    -0.384     0.000    -0.156    -0.105    -0.941    -0.006     0.000     0.000 

ddG: L91M     3.050    -3.577     0.610     6.225    -0.001    -2.295     0.052     0.039     0.237     0.285    -1.514     0.000    -0.595    -0.016     3.771     0.369    -0.004    -0.535 

ddG: L91N     2.844     1.256    -0.935     4.109    -0.003     0.084     0.010    -1.311     0.188     0.038     0.044     0.000     0.174    -0.028     1.214    -0.135    -0.001    -1.861 

ddG: L91P     0.940     4.511    -0.618    -0.633     0.001     0.138     0.115    -1.453     0.294     0.132     0.019     0.000    -0.114     0.030     0.023    -0.511    -0.004    -0.990 

ddG: L91Q     4.206     1.549    -0.375     2.946     0.005     0.498     0.026    -0.270     0.119     0.152     0.004     0.000    -0.113     0.030     1.358     0.427    -0.004    -2.145 

ddG: L91R     5.585    -0.775    -0.835     6.209     0.015    -0.633     0.036    -0.222     0.102    -0.305     0.003     0.000    -0.036    -0.137     2.761     0.311    -0.004    -0.905 

ddG: L91S     4.355     1.663    -1.008     6.067    -0.003    -2.663     0.075    -0.005     0.168     0.154    -1.557     0.000    -0.319    -0.346     2.589     0.055    -0.004    -0.513 

ddG: L91T     4.157     4.118    -0.931     1.272     0.004    -0.317     0.070    -0.168     0.158     0.199     0.034     0.000    -0.138    -0.142     0.139     0.392    -0.004    -0.527 

ddG: L91V     2.713    -1.123    -0.765     5.021     0.016    -2.343     0.047    -0.016     0.185     0.161    -1.554     0.000    -0.121    -0.376     2.741     0.673    -0.004     0.172 

ddG: L91W     7.048    -9.225     6.459     3.796     0.039     0.631     0.281     0.077     0.354     0.459    -0.277     0.000     0.358     1.153     2.199     0.354    -0.004     0.394 

ddG: L91Y     2.582    -8.367     1.860     5.801     0.047    -0.046     0.167    -0.835     0.308     0.069    -0.226     0.000    -0.192    -0.143     4.539     0.169    -0.001    -0.567 

