ddG: description total fa_atr fa_rep fa_sol fa_intra_rep fa_elec pro_close hbond_sr_bb hbond_lr_bb hbond_bb_sc hbond_sc dslf_fa13 rama omega fa_dun p_aa_pp yhh_planarity ref 
ddG: R48A    -3.234    11.025     1.098   -13.265    -0.015     1.236     0.006     0.015    -0.214     1.841     0.212     0.000     0.414    -0.667    -5.593    -0.206    -0.015     0.894 

ddG: R48C    -3.062     8.661     1.961   -12.655    -0.005     2.379    -0.004    -0.662     0.052     0.911     0.763     0.000     0.678    -0.541    -5.403     0.196     0.001     0.607 

ddG: R48D    -0.712     5.689     2.004    -4.410    -0.010     0.926    -0.009    -0.490    -0.205     0.676     0.670     0.000     0.836    -0.962    -4.175     0.116     0.003    -1.371 

ddG: R48E    -3.061     4.721     1.532    -5.152    -0.005     1.232    -0.035     0.023    -0.419    -0.338     0.204     0.000     0.606    -0.253    -3.512     0.043    -0.016    -1.692 

ddG: R48F   -10.054    -2.319     1.759    -8.477     0.008     0.147    -0.002    -0.518    -0.339    -1.375     0.504     0.000     0.706    -0.604    -0.759     0.513     0.004     0.698 

ddG: R48G    -1.948    12.160     2.807   -12.955    -0.030    -0.623    -0.004     0.083    -0.202     1.441    -2.475     0.000     0.687    -0.565    -3.041     0.425    -0.003     0.349 

ddG: R48H    -5.394     0.113     2.646    -6.895    -0.013     1.638    -0.003    -0.210    -0.401    -0.038    -0.214     0.000     0.633    -0.032    -3.416     0.191    -0.004     0.610 

ddG: R48H    -6.382    -0.582     3.598    -7.186    -0.005     1.425     0.011    -0.618    -0.218    -1.135     0.283     0.000     0.908    -0.507    -3.299     0.331     0.005     0.610 

ddG: R48I    -8.362     5.609     2.612   -11.553     0.028     0.363     0.004    -0.352    -0.373    -1.329     0.659     0.000     1.069    -0.696    -5.819     0.245    -0.010     1.182 

ddG: R48K    -1.703     5.763     2.286    -9.139     0.009     1.480     0.034    -0.610     0.002     0.196     0.744     0.000     0.335    -0.126    -2.447    -0.062     0.000    -0.167 

ddG: R48L    -8.030     5.336     1.672   -10.706    -0.008     0.603     0.007     0.026    -0.475    -0.291     0.194     0.000     0.732    -0.323    -5.772     0.086    -0.015     0.905 

ddG: R48M    -7.754     3.006     3.005   -10.610     0.001     1.580    -0.042    -0.632    -0.132    -1.287     0.724     0.000     0.875    -0.058    -4.552    -0.005     0.001     0.371 

ddG: R48N    -3.678     5.829     2.780    -7.367    -0.031    -1.238     0.007     0.047    -0.219     1.379    -2.494     0.000     0.560    -0.561    -1.763     0.366    -0.017    -0.955 

ddG: R48P    -8.917     7.100     2.233   -12.489    -0.012     0.605     0.057     0.105    -0.420    -0.276     0.281     0.000     0.735    -0.418    -6.020    -0.313    -0.002    -0.084 

ddG: R48Q    -6.946     5.076     1.677    -8.105    -0.012     0.506     0.003     0.046    -0.409    -1.491     0.291     0.000     0.717    -0.283    -3.742     0.021    -0.001    -1.240 

ddG: R48R    -1.232    -0.456     0.882    -0.401     0.004    -0.485    -0.008    -0.429     0.071    -1.018     0.499     0.000     0.178    -0.314     0.175     0.064     0.005     0.000 

ddG: R48S    -2.157    10.607     0.569   -11.953    -0.014     0.764    -0.003    -0.452    -0.077     0.556     0.519     0.000     0.217    -0.777    -2.603     0.095     0.004     0.392 

ddG: R48T    -2.583     8.816     0.528   -11.187    -0.008     0.799     0.000    -0.474    -0.063     0.595     0.508     0.000     0.348    -0.632    -2.598     0.404     0.005     0.378 

ddG: R48V    -5.189     7.478     1.264   -11.627     0.009     0.399     0.004    -0.407    -0.286    -1.537     0.505     0.000     0.538    -0.268    -2.790     0.449     0.004     1.077 

ddG: R48W   -12.239   -10.105     5.281    -4.026     0.017     0.177     0.026    -0.500    -0.310    -0.987     0.720     0.000     0.541    -0.697    -3.962     0.296    -0.010     1.299 

ddG: R48Y    -7.896    -3.393     0.970    -4.838     0.004     0.120    -0.001    -0.071    -0.391    -0.335     0.057     0.000     0.525    -0.293    -0.899     0.308     0.004     0.338 

