ddG: description total fa_atr fa_rep fa_sol fa_intra_rep fa_elec pro_close hbond_sr_bb hbond_lr_bb hbond_bb_sc hbond_sc dslf_fa13 rama omega fa_dun p_aa_pp yhh_planarity ref 
ddG: G21A     4.870    -8.504     4.415     7.416    -0.001    -2.597    -0.001    -0.255     0.011     0.147    -1.305     0.000    -0.359     0.349     5.240    -0.231     0.000     0.545 

ddG: G21C    17.531    -5.238     7.925     5.277     0.008    -1.310     0.004     0.816    -0.030     0.215    -1.326     0.000    -0.758     3.544     7.859     0.286     0.000     0.258 

ddG: G21D    22.880    -8.142     8.607    12.585     0.043    -0.557    -0.002    -0.814     0.023     0.176    -0.485     0.000    -0.178     3.405    10.121    -0.181     0.000    -1.720 

ddG: G21E    25.069    -8.766     9.492    10.565     0.046     0.043    -0.010     0.237    -0.023     0.174     0.098     0.000     0.116     4.331    10.313     0.496     0.000    -2.041 

ddG: G21F    29.272   -15.606    21.013     4.175     0.077     0.611    -0.004    -0.599    -0.100     0.309     0.089     0.000     0.329     6.761    11.934    -0.068     0.002     0.349 

ddG: G21G     0.548    -2.879    -0.169     2.863    -0.003    -0.441     0.001     0.066    -0.012    -0.025     0.011     0.000    -0.098    -0.071     1.273     0.033     0.000     0.000 

ddG: G21H    23.136   -11.168    12.341     5.021     0.029     1.930    -0.006    -0.822    -0.053     0.225     0.294     0.000     0.399     7.421     7.340    -0.078     0.001     0.261 

ddG: G21H    26.477    -9.395    12.197     2.584     0.029     4.863    -0.007    -0.780    -0.011     0.217     1.508     0.000     0.319     7.066     7.716    -0.091     0.000     0.261 

ddG: G21I    27.792   -12.941    14.208     8.726     0.079    -2.891    -0.003    -0.071    -0.063     0.279    -1.577     0.000    -0.319     3.369    18.074     0.091    -0.001     0.833 

ddG: G21K    24.132    -8.745     9.890     8.611     0.092    -0.029    -0.008     0.300    -0.074     0.241     0.162     0.000     0.065     3.372    10.271     0.498     0.000    -0.516 

ddG: G21L    23.579    -8.333     8.754     2.752     0.073    -0.094    -0.016     0.801    -0.111     0.159    -0.094     0.000    -0.183     5.082    14.102     0.130     0.000     0.556 

ddG: G21M    19.222   -10.746     9.630     6.864     0.267    -0.388    -0.009     0.155    -0.063     0.231     0.164     0.000     0.238     2.948     9.384     0.526     0.000     0.022 

ddG: G21N    19.360    -6.242     7.637     5.813     0.031     0.214    -0.009     0.634    -0.077     0.138     0.364     0.000    -0.239     3.783     8.708    -0.089     0.000    -1.304 

ddG: G21P    17.963   -12.613    13.479     7.008     0.008    -1.421     0.476     0.261     0.171     0.695    -1.371     0.000     0.762     2.427     8.925    -0.408    -0.001    -0.434 

ddG: G21Q    19.977   -15.287     9.808    14.905     0.011    -2.349    -0.003     0.496    -0.104     0.226    -1.491     0.000    -0.226     3.408    11.709     0.463     0.001    -1.589 

ddG: G21R    22.445   -15.276     9.866    15.805     0.019    -1.995    -0.013     0.409    -0.051     0.073    -0.648     0.000     0.056     3.284    10.685     0.580     0.001    -0.349 

ddG: G21S    11.545    -4.810     5.131     5.652     0.010    -0.829    -0.008    -1.105     0.086     0.103     0.121     0.000    -0.035     1.314     6.147    -0.276     0.000     0.043 

ddG: G21T    18.291    -5.605     9.427     6.335     0.014    -1.180    -0.008    -0.875     0.049     0.093     0.279     0.000     0.044     2.010     7.637     0.043     0.000     0.029 

ddG: G21V    25.446    -3.574    13.530     0.736     0.070    -0.152    -0.007    -0.375    -0.066     0.186    -0.144     0.000     0.000     3.617    10.929    -0.032     0.000     0.728 

ddG: G21W    35.509   -18.501    29.140     1.803     0.445     4.598    -0.003    -1.293    -0.186     0.308     1.652     0.000     0.731     5.679     9.945     0.239     0.002     0.950 

ddG: G21Y    29.193   -16.944    20.628     6.987     0.074     1.318    -0.009    -0.932    -0.126    -0.806     0.506     0.000     0.742     6.902    10.910    -0.048     0.002    -0.011 

