ddG: description total fa_atr fa_rep fa_sol fa_intra_rep fa_elec pro_close hbond_sr_bb hbond_lr_bb hbond_bb_sc hbond_sc dslf_fa13 rama omega fa_dun p_aa_pp yhh_planarity ref 
ddG: Q73A     1.465     5.850    -0.179    -6.285    -0.002     2.265    -0.007    -0.251    -0.038    -0.039     1.557     0.000     0.332     0.238    -4.136     0.026     0.000     2.134 

ddG: Q73C     2.055     2.571    -0.140    -2.747    -0.003     1.548    -0.008    -0.420     0.022    -0.040     1.553     0.000     0.482     0.128    -2.771     0.034     0.000     1.847 

ddG: Q73D     2.174     4.941    -0.111    -3.086     0.000     1.601    -0.003    -0.049     0.115     0.059     1.185     0.000    -0.297    -0.119    -2.031     0.100     0.000    -0.131 

ddG: Q73E     1.795     5.000     0.061    -4.222     0.003     1.816    -0.002    -0.075     0.041     0.029     1.179     0.000     0.088    -0.018    -1.852     0.199     0.000    -0.453 

ddG: Q73F     1.034    -4.276     0.170     2.851     0.020    -0.830     0.003    -0.207     0.157     0.046     0.001     0.000    -0.034    -0.079     1.081     0.194     0.000     1.938 

ddG: Q73G     1.920     0.349    -0.027     1.114    -0.008    -0.712     0.000    -0.143     0.049     0.052    -0.009     0.000     0.314    -0.106    -0.750     0.210     0.000     1.589 

ddG: Q73H     1.731     2.498     0.125    -3.253     0.005     1.738    -0.004    -0.156     0.163     0.080     1.185     0.000    -0.061     0.004    -2.472     0.029     0.000     1.850 

ddG: Q73H     1.065    -3.652    -0.026     3.137    -0.004    -0.794     0.002    -0.187     0.145     0.034     0.005     0.000    -0.105    -0.076     0.705     0.029     0.000     1.850 

ddG: Q73I    -0.360     1.606     0.631    -3.983     0.024     2.114    -0.003    -1.137     0.215     0.010     1.187     0.000     0.306     0.084    -3.954     0.117     0.000     2.421 

ddG: Q73K     1.457     3.720     0.060    -3.605     0.007     1.897    -0.007     0.005     0.040     0.028     1.181     0.000     0.085     0.019    -3.031    -0.013     0.000     1.073 

ddG: Q73L     1.004     1.216    -0.318    -2.618     0.003     1.732    -0.007    -0.077    -0.060    -0.061     1.571     0.000     0.148     0.211    -2.820    -0.062     0.000     2.145 

ddG: Q73M     0.794    -3.400    -0.098     2.498    -0.004    -0.551    -0.002    -0.045    -0.006    -0.035     0.007     0.000     0.018    -0.002     0.713     0.090     0.000     1.610 

ddG: Q73N     0.856     3.524     0.137    -3.111     0.006     1.430    -0.006    -0.095     0.076     0.043     1.180     0.000     0.030     0.002    -2.251    -0.394     0.000     0.284 

ddG: Q73P     9.227     3.525     5.915    -5.203     0.002     1.526     0.233     0.570    -0.167     0.601     1.127     0.000     0.316     0.871    -1.403     0.159     0.000     1.155 

ddG: Q73Q     1.138     3.276     0.035    -3.564     0.008     1.937    -0.008     0.099     0.018     0.022     1.181     0.000    -0.038     0.025    -1.876     0.022     0.000     0.000 

ddG: Q73R     2.395     4.359    -0.147    -4.487     0.006     2.456    -0.006    -0.311    -0.028    -0.035     1.547     0.000     0.313     0.184    -2.764     0.068     0.000     1.240 

ddG: Q73S     1.914    -2.068    -0.276     3.784    -0.005    -0.957     0.002    -0.175    -0.064     1.104     0.000     0.000    -0.513    -0.003    -0.623     0.077     0.000     1.632 

ddG: Q73T    -0.642     4.278    -0.227    -3.628     0.002     1.988    -0.008    -1.354     0.207    -0.881     1.578     0.000    -0.106     0.250    -4.255    -0.103    -0.001     1.617 

ddG: Q73V     0.582     0.853     0.338    -2.809     0.014     1.710    -0.005    -1.453     0.179    -0.063     1.562     0.000     0.540     0.207    -3.022     0.214     0.000     2.317 

ddG: Q73W     0.528    -5.895     0.024     2.077     0.022     0.159    -0.001    -0.029     0.039     0.037     0.035     0.000    -0.241     0.140     1.176     0.447     0.001     2.539 

ddG: Q73Y     1.020     2.637     0.107    -4.798     0.024     2.031    -0.002    -0.449     0.136     0.041     1.556     0.000     0.169     0.236    -2.432     0.186     0.000     1.578 

