ddG: description total fa_atr fa_rep fa_sol fa_intra_rep fa_elec pro_close hbond_sr_bb hbond_lr_bb hbond_bb_sc hbond_sc dslf_fa13 rama omega fa_dun p_aa_pp yhh_planarity ref 
ddG: Q17A     2.457    16.946    -0.670   -16.846     0.000     4.028    -0.004    -0.369    -0.021     1.632     1.549     0.000     0.420     0.355    -6.722     0.025     0.000     2.134 

ddG: Q17C     2.174    11.071    -0.635   -10.273     0.004     3.219    -0.006    -1.265     0.163     1.657     1.259     0.000     0.100     0.216    -5.163    -0.019     0.000     1.847 

ddG: Q17D     6.687     6.243    -0.454    -0.408    -0.001     2.123    -0.002    -0.106    -0.093     1.718     0.072     0.000     0.159     0.222    -2.856     0.200     0.000    -0.131 

ddG: Q17E     5.758     7.135    -0.454    -4.454     0.009     3.909    -0.006    -0.246    -0.044     1.669     1.186     0.000     0.272     0.398    -3.219     0.057     0.000    -0.453 

ddG: Q17F     5.203     0.722     6.270   -10.493     0.039     3.739     0.008    -0.450     0.104     0.425     1.748     0.000     1.220     2.062    -2.744     0.615     0.000     1.938 

ddG: Q17G     4.983    13.131    -0.648    -9.683    -0.005     1.240    -0.002    -0.103    -0.012     1.695     0.046     0.000     0.424     0.062    -3.299     0.548     0.000     1.589 

ddG: Q17H     3.901     3.211     3.111    -7.267     0.003     2.815    -0.006    -0.361     0.203    -0.144     1.896     0.000     0.748     0.524    -3.007     0.323     0.000     1.850 

ddG: Q17H     3.314    -0.300     3.129    -3.216     0.007     2.114     0.000    -1.300     0.425    -0.100     1.532     0.000     0.363     0.347    -1.565     0.029     0.000     1.850 

ddG: Q17I     2.329     6.889     1.707   -11.450     0.022     3.514    -0.014    -0.191    -0.094     1.718     1.573     0.000     0.363     0.402    -4.567     0.035     0.001     2.421 

ddG: Q17K     7.065     6.417     1.560    -3.626     0.071     1.229    -0.009    -0.088    -0.187     1.231     1.176     0.000     0.239     0.259    -2.246    -0.035    -0.001     1.073 

ddG: Q17L     1.800     5.488     2.173    -8.455     0.008     1.684     0.003     0.096    -0.182     1.855     0.147     0.000     0.222     0.573    -4.160     0.203     0.000     2.145 

ddG: Q17M     3.572     6.386     0.646    -9.646     0.005     3.687    -0.007    -0.112    -0.102     1.713     1.623     0.000     0.378     0.603    -3.248     0.035     0.001     1.610 

ddG: Q17N     2.918     9.787    -0.187    -8.876     0.003     3.911    -0.007    -0.181    -0.084     0.910     1.541     0.000     0.560     0.433    -5.434     0.257     0.000     0.284 

ddG: Q17P    12.544    11.944     7.522   -16.069     0.003     3.949     0.799    -0.153    -0.417     1.625     3.106     0.000     0.750     1.329    -3.919     0.920     0.001     1.155 

ddG: Q17Q    -0.013    -0.003    -0.016    -0.004    -0.001     0.010    -0.001    -0.002    -0.005     0.015     0.000     0.000    -0.010    -0.002     0.007    -0.001     0.000     0.000 

ddG: Q17R    11.144     0.448     4.563     1.941     0.017     1.566    -0.007    -1.306     0.076     1.045     0.075     0.000    -0.105     0.426     1.014     0.152     0.000     1.240 

ddG: Q17S     3.711    13.615    -0.850   -11.425    -0.001     3.563    -0.004    -1.520     0.152     1.599     1.569     0.000     0.329     0.356    -5.263    -0.039     0.000     1.632 

ddG: Q17T     5.032     8.011     1.100    -6.015     0.002     1.164    -0.003    -0.058    -0.061     1.730     0.032     0.000     0.185     0.179    -3.065     0.215     0.001     1.617 

ddG: Q17V     2.229    12.782     1.562   -15.751     0.014     4.142    -0.012    -0.320    -0.105     1.695     1.603     0.000     0.452     0.512    -6.733     0.069     0.001     2.317 

ddG: Q17W    14.830    -9.501    10.863    -1.749     0.035     4.896    -0.011     0.134    -0.240     2.191     1.711     0.000     0.451     1.106     1.976     0.432     0.000     2.539 

ddG: Q17Y    14.657    -2.137    10.053    -4.621     0.031     4.030     0.007    -0.051     0.206     1.872     1.823     0.000     0.255     1.728    -0.345     0.195     0.032     1.578 

