ddG: description total fa_atr fa_rep fa_sol fa_intra_rep fa_elec pro_close hbond_sr_bb hbond_lr_bb hbond_bb_sc hbond_sc dslf_fa13 rama omega fa_dun p_aa_pp yhh_planarity ref 
ddG: D119A    -1.826     3.021    -0.094    -4.086    -0.003    -0.104    -0.007    -0.087     0.000     0.019    -0.529    -0.029    -0.029     0.038    -2.181     0.021    -0.038     2.265 

ddG: D119C    -1.804     1.907     0.040    -3.058    -0.011    -0.271    -0.007    -0.159    -0.014    -0.056    -0.604    -0.046     0.211     0.154    -1.706    -0.123    -0.040     1.978 

ddG: D119D    -0.684     0.414     0.089    -0.438     0.001    -0.430    -0.007    -0.107    -0.002    -0.049    -0.606    -0.037     0.100     0.012     0.386     0.039    -0.050     0.000 

ddG: D119E    -2.434     0.332    -0.373    -0.356    -0.008    -1.556    -0.018     0.471     0.091    -0.606    -0.088     0.092    -0.098    -0.149     0.214    -0.021    -0.040    -0.322 

ddG: D119F    -0.846    -0.397     0.056    -2.134     0.025    -0.306    -0.008    -0.186    -0.009     0.002    -0.524    -0.034    -0.050     0.049     0.538     0.084    -0.020     2.069 

ddG: D119G    -0.025     3.680    -0.319    -4.685     0.017     0.249    -0.023    -0.035    -0.142     0.414    -0.579    -0.018     0.763    -0.429    -0.949     0.365    -0.053     1.720 

ddG: D119H     0.275    -0.940    -0.753    -1.495     0.005     0.645    -0.015    -0.505    -0.003    -0.003    -1.052     0.043    -0.217    -0.174     2.854    -0.042    -0.055     1.981 

ddG: D119H     0.090     0.739    -0.584    -1.865    -0.002    -0.077    -0.022     0.564     0.052    -0.691     0.949    -0.034    -0.161     0.079    -0.593    -0.194    -0.050     1.981 

ddG: D119I    -1.933    -0.183     0.097    -3.144     0.017    -0.131    -0.009    -0.085     0.005     0.009    -0.528    -0.040     0.124    -0.037    -0.735     0.189    -0.034     2.553 

ddG: D119K    -1.612     2.200    -0.463    -2.720    -0.007    -0.492    -0.018     0.586     0.068    -0.608    -0.092     0.096    -0.048     0.035    -1.256    -0.064    -0.034     1.204 

ddG: D119L    -2.950     0.691    -0.040    -2.840    -0.006    -0.836    -0.018     0.412     0.030    -0.559    -0.532    -0.043     0.243     0.169    -1.634    -0.214    -0.049     2.276 

ddG: D119M    -1.540     1.136     0.087    -3.007    -0.005    -0.164    -0.006    -0.175    -0.012    -0.048    -0.607    -0.046     0.160     0.150    -0.690    -0.006    -0.047     1.742 

ddG: D119N    -1.362    -0.202     0.002    -0.836    -0.003    -0.178    -0.004    -0.062    -0.017    -0.461    -0.083    -0.010     0.243     0.202    -0.203    -0.141    -0.024     0.415 

ddG: D119P    -3.145    -0.409     0.173    -2.645    -0.003     0.280     0.073     0.064     0.032     0.009    -0.010     0.094    -0.045     0.060    -1.481    -0.600    -0.023     1.286 

ddG: D119Q    -0.980     0.608    -0.469    -1.650    -0.009     0.334    -0.019     0.574     0.038    -0.698     1.468    -0.014    -0.013     0.274    -1.126    -0.377    -0.033     0.131 

ddG: D119R     0.181    -0.642    -0.188    -0.354     0.002     0.487    -0.008    -0.031    -0.023    -0.051    -0.084    -0.009     0.045     0.093    -0.249    -0.135    -0.043     1.371 

ddG: D119S    -1.459     2.613    -0.572    -2.983     0.001    -1.139    -0.039     0.530    -0.043    -0.252    -0.499     0.057     0.374    -0.611    -0.498    -0.114    -0.047     1.763 

ddG: D119T    -1.078     1.672     0.131    -2.813    -0.002     0.276    -0.005    -0.111     0.036    -0.060    -0.084     0.083     0.266     0.215    -2.267    -0.142    -0.023     1.749 

ddG: D119V    -2.185     1.158    -0.353    -2.928    -0.002    -0.504    -0.021     0.377    -0.095    -0.797    -0.672     0.028     0.144    -0.126    -0.643    -0.142    -0.056     2.448 

ddG: D119W    -0.872    -0.617     0.044    -1.782     0.021    -0.320    -0.006    -0.143    -0.008    -0.053    -0.606    -0.042    -0.013     0.050    -0.055     0.041    -0.051     2.670 

ddG: D119Y    -0.773    -0.208     0.010    -2.134     0.022    -0.136    -0.006    -0.132     0.002     0.027    -0.526    -0.038    -0.046     0.053     0.656     0.017    -0.042     1.709 

