ddG: description total fa_atr fa_rep fa_sol fa_intra_rep fa_elec pro_close hbond_sr_bb hbond_lr_bb hbond_bb_sc hbond_sc dslf_fa13 rama omega fa_dun p_aa_pp yhh_planarity ref 
ddG: G26A     8.488    -3.678     5.848     0.585     0.011     1.772     0.023    -0.996    -0.020     1.706     0.048    -0.189     0.569     0.039     1.077     1.166    -0.017     0.545 

ddG: G26C    16.618    -5.365     9.893     3.283     0.010     1.446    -0.005     0.410    -0.151     1.466    -0.059    -0.104     1.598     0.523     2.096     1.210     0.108     0.258 

ddG: G26D    24.481   -11.209    10.920    13.385     0.019     2.187     0.006    -0.554    -0.144     2.757     0.091    -0.162     1.052     0.383     5.968     1.352     0.150    -1.720 

ddG: G26E    24.216   -11.753    12.481    12.038     0.048     1.676     0.006    -0.439    -0.334     1.776    -0.471    -0.255     1.763     0.717     7.618     1.374     0.013    -2.041 

ddG: G26F    22.730   -10.075    14.490    -3.675     0.036     6.313     0.027     0.177    -0.012     2.597     2.545    -0.239     2.204     1.416     6.268     0.387    -0.079     0.349 

ddG: G26G     0.520    -0.698    -0.016    -0.341     0.007     0.687     0.014    -0.530    -0.270     0.534    -0.559    -0.139     0.079     0.008     1.647     0.108    -0.010     0.000 

ddG: G26H    25.431   -10.104    14.492     0.863     0.036     5.098    -0.017     0.435    -0.267     2.611     1.081    -0.180     1.213    -0.124     7.821     2.361    -0.150     0.261 

ddG: G26H    25.436   -10.376    15.006     1.122     0.028     5.281     0.007     0.250    -0.231     2.986     1.192    -0.189     1.076    -0.297     6.966     2.505    -0.149     0.261 

ddG: G26I    34.051    -8.575    20.832     2.351     0.078     1.572    -0.006     0.947    -0.322     2.986    -0.066    -0.166     1.511     0.730    10.231     1.120    -0.006     0.833 

ddG: G26K    31.797    -6.230    11.383     4.563     0.037     7.716     0.008    -0.186    -0.014     2.345     2.000    -0.182     1.538     0.384     8.441     0.589    -0.080    -0.516 

ddG: G26L    25.419    -8.095    10.715     2.205     0.021     4.172     0.034    -0.173    -0.039     2.775     0.854    -0.204     1.496     0.284     9.851     0.981    -0.014     0.556 

ddG: G26M    23.798    -1.106    10.593    -6.623     0.041     8.107     0.054    -0.234     0.046     2.530     2.697    -0.187     1.172    -0.072     6.305     0.585    -0.131     0.022 

ddG: G26N    19.379   -10.105     9.761     9.659     0.278     1.297     0.001    -0.354    -0.019     1.277     0.939    -0.218     1.069     0.972     5.194     0.765     0.168    -1.304 

ddG: G26P   120.152    -8.270    86.288     0.032     0.050     1.906    15.407    -0.344     0.410     2.520    -0.398    -0.156     2.815     0.154    17.880     2.221     0.070    -0.434 

ddG: G26Q    20.687   -11.720    16.357     8.099     0.055     0.619     0.000    -0.803    -0.158     1.771    -1.171    -0.220     1.295     0.289     6.518     1.182     0.164    -1.589 

ddG: G26R    31.904   -13.091    13.044    10.877     0.044     6.360    -0.015     0.550    -0.038     1.532     1.662    -0.054     1.477     0.618     8.872     0.472    -0.057    -0.349 

ddG: G26S    12.539    -3.068     6.020     4.084     0.019     0.699     0.014    -0.250    -0.030     1.011     0.855    -0.153     0.634     0.482     1.849     0.383    -0.054     0.043 

ddG: G26T    18.231    -7.389    11.818     5.159     0.011     1.332     0.012    -0.470    -0.170     1.904    -0.705    -0.228     1.765     0.792     1.895     2.247     0.228     0.029 

ddG: G26V    24.566    -8.745    20.241     2.025     0.018     1.359     0.012    -0.356     0.042     1.970    -0.537    -0.245     1.190     1.472     3.519     1.710     0.161     0.728 

ddG: G26W    24.156   -15.957    17.506    -0.495     0.084     5.204     0.004     0.367    -0.739     1.263     1.987    -0.158     0.786     1.991     9.023     2.403    -0.064     0.950 

ddG: G26Y    24.759   -12.174    13.620    -0.176     0.039     6.085    -0.009     1.040    -0.186     1.795     3.948    -0.225     1.496     2.461     6.740     0.272     0.043    -0.011 

