ddG: description total fa_atr fa_rep fa_sol fa_intra_rep fa_elec pro_close hbond_sr_bb hbond_lr_bb hbond_bb_sc hbond_sc dslf_fa13 rama omega fa_dun p_aa_pp yhh_planarity ref 
ddG: R77A    -0.772     2.361     0.285    -2.512    -0.015     1.940    -0.004    -0.551    -0.099    -1.418     0.771     0.000    -0.013    -0.215    -2.190     0.003    -0.008     0.894 

ddG: R77C    -0.903     3.525     0.145    -3.208    -0.013     0.228    -0.003     0.033     0.200    -0.003    -0.022     0.000    -0.093    -0.144    -2.018    -0.130    -0.005     0.607 

ddG: R77D     3.944     1.980    -0.126    -0.648    -0.012     2.197    -0.002    -0.013    -0.041     0.051     1.147     0.000     0.454    -0.414     0.469     0.348    -0.074    -1.371 

ddG: R77E    -0.261     1.365     0.360    -1.169    -0.007     0.320    -0.002     0.040    -0.014    -0.121     0.050     0.000     0.070    -0.057     0.401     0.217    -0.022    -1.692 

ddG: R77F    -0.986    -2.796     0.882    -0.731     0.012     1.853    -0.004    -0.506     0.108    -1.556     0.857     0.000    -0.004    -0.236     0.036     0.430    -0.030     0.698 

ddG: R77G     0.198     4.931    -0.070    -3.907    -0.013     0.722    -0.002     0.015    -0.133     0.001    -0.006     0.000     0.355    -0.188    -2.000     0.155    -0.011     0.349 

ddG: R77H    -1.367    -0.539     0.351    -1.997    -0.007     0.587     0.003     0.097     0.024    -0.115     0.059     0.000    -0.157     0.014    -0.160    -0.120    -0.016     0.610 

ddG: R77H    -2.338    -0.597     0.332    -2.586    -0.006     0.335    -0.001     0.133    -0.001    -0.012    -0.001     0.000    -0.247    -0.093    -0.185    -0.017    -0.004     0.610 

ddG: R77I    -0.199     3.451     0.463    -4.544     0.015     0.362     0.003     0.082     0.116    -0.001     0.052     0.000     0.213    -0.109    -1.692     0.250    -0.041     1.182 

ddG: R77K    -0.283     2.379     0.144    -3.833    -0.005     0.955     0.000     0.098     0.006     0.062     0.728     0.000     0.042    -0.059    -0.855     0.287    -0.066    -0.167 

ddG: R77L    -1.143    -0.007     0.891    -2.484    -0.003     1.702     0.000    -0.441    -0.033    -1.555     0.829     0.000     0.099    -0.042    -1.602     0.620    -0.021     0.905 

ddG: R77M    -1.491     1.559     0.243    -3.521    -0.005     0.613    -0.004     0.041     0.000     0.000    -0.002     0.000    -0.141    -0.079    -0.685     0.125    -0.007     0.371 

ddG: R77N     0.462     1.367     0.109    -1.586    -0.009     0.571    -0.003     0.024     0.041     0.000    -0.009     0.000     0.122    -0.105     0.389     0.517    -0.010    -0.955 

ddG: R77P    14.994     3.876     8.233    -5.000     0.000     0.964     2.242     0.015     1.386    -0.028     0.036     0.000     1.166     1.091     1.811    -0.704    -0.011    -0.084 

ddG: R77Q    -0.897     1.998    -0.039    -2.381    -0.006     0.229     0.000    -0.001     0.021     0.001    -0.012     0.000     0.013     0.038     0.491    -0.009     0.001    -1.240 

ddG: R77R     0.186    -1.613     0.466     1.145    -0.003     1.519    -0.004    -0.528     0.009    -1.432     0.781     0.000    -0.122    -0.129    -0.238     0.338    -0.004     0.000 

ddG: R77S    -0.555     2.393     0.463    -2.228    -0.010     1.276    -0.001    -0.460    -0.098    -1.438     0.773     0.000    -0.050    -0.262    -1.404     0.107    -0.009     0.392 

ddG: R77T     0.446     2.837     0.361    -2.872    -0.003     1.088    -0.003     0.033    -0.168    -0.013    -0.003     0.000    -0.020     0.066    -1.447     0.218    -0.006     0.378 

ddG: R77V     0.192     2.242     0.814    -3.049     0.002     0.514     0.001    -0.005    -0.142    -0.122     0.055     0.000     0.054     0.271    -1.469    -0.034    -0.018     1.077 

ddG: R77W    -2.547    -4.470     0.892    -0.987     0.015     0.268    -0.003     0.046     0.285    -0.132     0.061     0.000    -0.028    -0.117     0.561    -0.212    -0.025     1.299 

ddG: R77Y    -1.375    -0.999     0.281    -2.355     0.013     0.836    -0.003     0.017     0.127     0.052     0.749     0.000     0.004    -0.211    -0.209     0.052    -0.070     0.338 

