ddG: description total fa_atr fa_rep fa_sol fa_intra_rep fa_elec pro_close hbond_sr_bb hbond_lr_bb hbond_bb_sc hbond_sc dslf_fa13 rama omega fa_dun p_aa_pp yhh_planarity ref 
ddG: D57A    -2.037    -1.122     2.749    -1.413    -0.011    -1.120    -0.017    -0.572     0.325    -1.463    -2.314     0.000    -0.166     0.196     0.654    -0.044     0.014     2.265 

ddG: D57C     0.391    -1.072     0.581    -0.916     0.000     1.313    -0.003    -0.240     0.093    -0.001    -0.028     0.000    -0.159     0.329    -1.481    -0.008     0.004     1.978 

ddG: D57D     0.447     0.017    -0.013     0.004     0.000     0.423     0.001     0.007    -0.013     0.009    -0.009     0.000     0.003    -0.012     0.020    -0.003     0.014     0.000 

ddG: D57E    -0.983    -3.490     1.260     1.723     0.010     0.373    -0.013    -0.637     0.229    -1.091     0.467     0.000     0.043     0.074     0.417    -0.039     0.012    -0.322 

ddG: D57F    -1.045    -8.622     1.956     2.779     0.045     0.555    -0.013    -0.424     0.245     0.427     0.582     0.000     0.216    -0.290    -0.290    -0.281     0.001     2.069 

ddG: D57G    -0.427     1.189     0.893    -2.210     0.001    -0.043    -0.006    -0.455     0.071    -1.078     0.446     0.000     0.489    -0.308    -1.642     0.487     0.019     1.720 

ddG: D57H    -5.226    -7.005     1.158     2.602     0.010    -0.839    -0.006    -0.441     0.048    -2.018     0.446     0.000     0.206    -0.361    -1.057     0.047     0.006     1.981 

ddG: D57H    -4.651    -6.863     3.285     3.080    -0.004    -1.711    -0.020    -0.565     0.009    -2.411    -2.723     0.000    -0.114     0.226     1.383    -0.217     0.010     1.981 

ddG: D57I     0.609    -0.678    -1.021    -0.822     0.008     0.022    -0.002     0.071     0.060    -0.328    -0.206     0.000    -0.112     0.103     0.905     0.042     0.012     2.553 

ddG: D57K    -1.506    -4.687    -0.163     2.812     0.002    -0.155    -0.008    -0.450     0.085    -1.334     0.251     0.000    -0.026    -0.331     1.196     0.080     0.016     1.204 

ddG: D57L    -2.990    -2.431     2.764    -0.507    -0.010    -2.461    -0.014    -0.332     0.069    -1.524    -2.326     0.000     0.114    -0.276     1.404     0.263     0.001     2.276 

ddG: D57M    -1.193    -4.862     2.125     1.939    -0.015    -0.751    -0.011    -0.151     0.179    -0.302    -2.885     0.000    -0.205     0.416     1.533     0.047     0.008     1.742 

ddG: D57N    -1.278    -3.547     1.180     1.199     0.010     0.544    -0.008    -0.615     0.218    -1.830     0.470     0.000     0.328     0.026     0.168     0.150     0.014     0.415 

ddG: D57P    -3.173    -0.667     0.363    -1.783    -0.003     0.082     0.096    -0.005    -0.022    -0.021    -0.011     0.000    -0.171    -0.004    -1.586    -0.725    -0.002     1.286 

ddG: D57Q    -1.706    -4.864    -0.130     2.523     0.004    -0.237    -0.007    -0.474     0.114    -1.340     0.266     0.000    -0.001    -0.325     2.483     0.135     0.017     0.131 

ddG: D57R     0.410    -2.120     0.109     0.965     0.006     0.236    -0.002     0.033    -0.020    -0.020    -0.011     0.000     0.000    -0.022    -0.185     0.071    -0.002     1.371 

ddG: D57S    -1.194    -0.134     1.804     0.121    -0.024    -2.805    -0.008     0.072     0.041    -0.396    -2.709     0.000    -0.210     0.123     1.060     0.111    -0.002     1.763 

ddG: D57T    -0.534    -1.021     0.366     0.432    -0.001    -0.209    -0.002     0.023    -0.057    -0.048     0.010     0.000     0.080     0.011    -1.948     0.082    -0.001     1.749 

ddG: D57V    -1.229    -1.712     1.270    -1.888     0.022     0.499    -0.012    -0.341     0.119    -1.139     0.142     0.000     0.315    -0.015    -1.126     0.178     0.013     2.448 

ddG: D57W    -1.246    -7.100     0.767     0.830     0.026     0.052     0.001     0.077    -0.008    -0.023    -0.010     0.000     0.116     0.083     1.228     0.052    -0.007     2.670 

ddG: D57Y    -1.768    -4.848    -0.052     0.129     0.025    -0.097    -0.007    -0.426     0.140    -1.313     0.331     0.000    -0.075    -0.251     2.765     0.181     0.021     1.709 

