ddG: description total fa_atr fa_rep fa_sol fa_intra_rep fa_elec pro_close hbond_sr_bb hbond_lr_bb hbond_bb_sc hbond_sc dslf_fa13 rama omega fa_dun p_aa_pp yhh_planarity ref 
ddG: S63A    -1.231     0.594    -0.038    -1.708    -0.002    -0.050     0.000    -0.017    -0.304    -0.017    -0.018     0.000    -0.067     0.283    -0.049    -0.338    -0.003     0.502 

ddG: S63C    -1.393    -0.748     0.035    -0.420     0.002     0.148    -0.001    -0.002    -0.299     0.015     0.008     0.000    -0.020     0.125     0.022    -0.473     0.000     0.215 

ddG: S63D     0.115    -4.019    -0.414     4.517     0.013    -0.251    -0.009    -0.494     0.022    -1.224     0.298     0.000    -0.122    -0.170     3.973    -0.260     0.019    -1.763 

ddG: S63E    -1.940    -7.244     3.040     6.997    -0.010    -3.897    -0.021    -0.390     0.443    -1.483    -3.982     0.000    -0.011     0.076     6.147     0.466     0.014    -2.085 

ddG: S63F    -1.615    -8.843     1.466     0.648     0.129     0.568    -0.010    -0.468     0.038     0.493     0.564     0.000     0.373    -0.229     3.610    -0.265     0.006     0.306 

ddG: S63G     2.169     2.603    -0.039    -2.871    -0.002     1.597    -0.006    -0.257     0.141     0.085     0.039     0.000     0.243     0.472    -0.278     0.473     0.011    -0.043 

ddG: S63H    -1.916    -7.074    -0.425     1.731     0.021    -0.260    -0.012    -0.487     0.184    -1.243     0.302     0.000    -0.337    -0.224     5.558     0.114     0.019     0.218 

ddG: S63H    -2.607    -8.273     1.043     2.542     0.025    -0.135    -0.007    -0.437     0.118    -1.058     0.457     0.000    -0.031    -0.316     3.144     0.083     0.019     0.218 

ddG: S63I    -1.992    -5.841     1.517    -0.072     0.030     1.375    -0.010    -0.632     1.851    -1.010     0.491     0.000    -0.057    -0.388     0.053    -0.105     0.016     0.789 

ddG: S63K     0.812    -5.222     1.191     2.676     0.010     1.879    -0.009    -0.629     0.730    -1.113     0.471     0.000     0.006    -0.143     1.342     0.166     0.015    -0.559 

ddG: S63L    -0.373    -3.720    -1.038     0.782    -0.004     0.260    -0.003    -0.044     0.613    -0.239    -0.214     0.000    -0.266    -0.130     2.779     0.321     0.017     0.513 

ddG: S63M    -0.445    -3.900    -1.123     1.374    -0.008     0.271    -0.004    -0.050     0.332    -0.314    -0.205     0.000    -0.434     0.052     3.718    -0.148     0.016    -0.022 

ddG: S63N    -2.499    -5.097     1.039     3.198     0.018    -0.193    -0.009    -0.482     0.231    -1.058     0.495     0.000    -0.071    -0.299     1.370    -0.312     0.019    -1.348 

ddG: S63P     2.306    -2.659     3.561    -2.994     0.002     0.797     0.076    -0.483     1.455     0.048     0.490     0.000     1.043    -0.843     0.480     1.790     0.019    -0.477 

ddG: S63Q    -1.922    -6.523     0.475     4.427     0.001    -0.537    -0.004     0.007     0.120    -0.071    -1.822     0.000    -0.115     0.318     3.317     0.106     0.011    -1.632 

ddG: S63R     1.563    -6.812     0.287     5.759     0.006     0.685    -0.004    -0.003     0.837    -0.005     0.001     0.000    -0.160    -0.260     1.432     0.192     0.000    -0.392 

ddG: S63S     0.356    -0.571     0.018     1.220    -0.008    -0.023    -0.001    -0.022    -0.015    -0.004     0.044     0.000     0.006     0.022    -0.325     0.016     0.000     0.000 

ddG: S63T    -0.370    -1.853     0.932     0.381     0.015     0.168    -0.007    -0.451     0.691    -1.061     0.459     0.000     0.288    -0.534     0.343     0.256     0.019    -0.015 

ddG: S63V    -0.565    -3.453     2.216     1.538    -0.010    -1.624    -0.010     0.041     1.102    -0.265    -2.699     0.000    -0.195    -0.203     1.922     0.377     0.013     0.685 

ddG: S63W    -4.318    -9.423    -0.397    -0.106     0.021     0.260     0.000    -0.021     0.629     1.206    -1.297     0.000    -0.181     0.524     3.616    -0.081     0.025     0.907 

ddG: S63Y    -3.668    -8.663     1.813     2.967     0.091    -2.470    -0.009     0.037    -0.187    -0.441    -2.647     0.000    -0.275     0.224     5.521     0.427     0.000    -0.054 

