ddG: description total fa_atr fa_rep fa_sol fa_intra_rep fa_elec pro_close hbond_sr_bb hbond_lr_bb hbond_bb_sc hbond_sc dslf_fa13 rama omega fa_dun p_aa_pp yhh_planarity ref 
ddG: Y42A     7.077    13.453    -2.156    -3.665    -0.039     0.406     0.008     0.457    -0.285     0.998    -0.658     0.000    -0.069     0.555    -2.755     0.292    -0.022     0.556 

ddG: Y42C     6.646    11.998    -2.030    -1.986    -0.038     0.323     0.008     0.452    -0.187     1.046    -0.664     0.000    -0.222     0.433    -2.651    -0.083    -0.021     0.269 

ddG: Y42D     8.564     8.162    -1.215     4.706    -0.028    -1.321     0.005     0.016    -0.014    -0.043    -0.224     0.000     0.215     0.157    -0.507     0.380    -0.015    -1.709 

ddG: Y42E     8.628     4.899    -1.915     6.037    -0.027    -0.654    -0.002    -0.047    -0.028    -0.202    -0.280     0.000    -0.130     0.330     2.455     0.240    -0.017    -2.031 

ddG: Y42F     0.368     0.321     0.884     0.995    -0.030    -2.170    -0.001     0.509    -0.008     0.692    -3.206     0.000    -0.366     0.478     1.990    -0.058    -0.022     0.360 

ddG: Y42G     8.128    16.027    -1.394    -4.371    -0.032    -0.022    -0.002    -0.002    -0.118    -0.158    -0.176     0.000     0.418     0.170    -2.557     0.350    -0.017     0.011 

ddG: Y42H     2.464     2.489    -0.966     1.889    -0.032    -0.468    -0.001    -0.036     0.056     0.100    -0.044     0.000     0.012     0.142    -1.079     0.147    -0.016     0.272 

ddG: Y42H     2.094     2.740    -0.851     1.015    -0.024    -0.463     0.002    -0.011     0.065    -0.024    -0.132     0.000     0.004     0.118    -0.731     0.132    -0.016     0.272 

ddG: Y42I     8.446     8.162     1.723    -3.613    -0.015     0.123     0.007     0.017     0.319     0.027    -0.286     0.000    -0.223     0.783     0.686    -0.087    -0.020     0.844 

ddG: Y42K     9.975     6.056    -1.742     3.379    -0.030     0.928     0.011     0.447    -0.134     1.019    -0.650     0.000    -0.231     0.423     0.982     0.045    -0.022    -0.505 

ddG: Y42L     5.858     7.187    -0.604    -2.913    -0.028    -0.146     0.009    -0.054     0.190    -0.182    -0.276     0.000    -0.005     0.581     1.874    -0.329    -0.014     0.567 

ddG: Y42M     7.204     4.213    -0.598     0.112    -0.016     1.720    -0.006    -0.018     0.237     1.614    -0.126     0.000     0.125     0.443    -0.234    -0.280    -0.016     0.033 

ddG: Y42N     5.949     7.706    -0.269     2.343    -0.056    -2.070     0.000     0.495    -0.163     0.647    -3.455     0.000    -0.163     0.576     1.358     0.317    -0.023    -1.294 

ddG: Y42P     7.419    10.427     0.567    -3.621    -0.028     0.504     0.102     0.006     1.483    -0.355    -0.185     0.000    -0.036     0.570    -1.221    -0.353    -0.018    -0.423 

ddG: Y42Q     4.951     3.941    -0.926     2.511    -0.022     1.667     0.000    -0.206    -0.017     0.005     0.035     0.000     0.020     0.537    -0.829    -0.170    -0.016    -1.578 

ddG: Y42R     8.488     0.227    -0.472     8.821    -0.026     0.282     0.008    -0.038    -0.080    -0.090    -0.191     0.000    -0.051     0.273     0.060     0.123    -0.018    -0.338 

ddG: Y42S     8.425    12.491    -2.213    -1.778    -0.035    -0.055    -0.002    -0.052     0.059    -0.153    -0.202     0.000    -0.178     0.217     0.232     0.056    -0.017     0.054 

ddG: Y42T     5.776    11.343    -1.730    -0.914    -0.030    -0.239     0.002     0.001    -0.085     0.004    -0.220     0.000    -0.207     0.341    -2.458    -0.054    -0.017     0.040 

ddG: Y42V     3.880     9.569    -0.969    -3.506    -0.014     0.184    -0.001     0.003     0.192     0.002    -0.201     0.000    -0.254     0.405    -2.367     0.116    -0.018     0.739 

ddG: Y42W     1.892    -4.379    -0.130     2.303    -0.008    -0.111    -0.003    -0.086     0.127    -0.115    -0.153     0.000    -0.200     0.257     3.526    -0.080    -0.017     0.961 

ddG: Y42Y     1.339     0.957     0.282    -0.726     0.001     1.301    -0.006    -0.245    -0.087     0.203    -0.280     0.000    -0.217     0.475     0.056    -0.366    -0.008     0.000 

