ddG: description total fa_atr fa_rep fa_sol fa_intra_rep fa_elec pro_close hbond_sr_bb hbond_lr_bb hbond_bb_sc hbond_sc dslf_fa13 rama omega fa_dun p_aa_pp yhh_planarity ref 
ddG: N112A     1.522     2.708    -0.002    -2.927     0.003     0.286    -0.021     0.425     0.037    -0.178     1.108     0.004     0.423    -0.259    -2.505     0.547     0.025     1.849 

ddG: N112C     1.072     2.551     0.211    -2.721    -0.002     0.051     0.002    -0.127     0.004    -0.008     0.509    -0.039     0.250     0.047    -1.478     0.254     0.005     1.563 

ddG: N112D     2.296     2.024    -0.887    -0.846     0.015     2.095    -0.003     0.232    -0.199    -0.494     1.976    -0.056    -0.213    -0.093    -0.637    -0.160    -0.039    -0.415 

ddG: N112E     2.111     0.047    -0.136     0.519     0.000     0.440    -0.006    -0.188     0.026    -0.481     0.505    -0.027     0.282     0.262     1.068     0.531     0.006    -0.737 

ddG: N112F    -1.434    -4.198     0.879    -0.546     0.028    -0.100    -0.023    -0.246     0.006     0.128     0.641    -0.043     0.369    -0.081    -0.217     0.262     0.053     1.654 

ddG: N112G     2.835     4.250    -0.239    -3.528     0.005     1.389    -0.005    -0.518    -0.039     0.128     2.630    -0.006     0.532    -0.045    -3.690     0.658     0.007     1.304 

ddG: N112H     0.323    -3.136     0.385     0.308     0.003    -0.022    -0.005    -0.116     0.028     0.091     1.115     0.076     0.220    -0.039    -0.320     0.130     0.041     1.566 

ddG: N112H    -0.669    -2.817     0.532    -0.058     0.005    -0.627    -0.006    -0.212    -0.003     0.041     0.521    -0.041     0.316    -0.024    -0.050     0.182     0.005     1.566 

ddG: N112I     0.876     1.564    -0.632    -4.253     0.027     2.760    -0.002    -0.491    -0.051    -0.016     2.099    -0.059    -0.320    -0.081    -1.508    -0.261    -0.039     2.137 

ddG: N112K     2.145    -0.877     0.318     0.560     0.010     0.517    -0.007    -0.099    -0.013     0.219     1.097    -0.001     0.265    -0.025    -1.082     0.446     0.027     0.789 

ddG: N112L     0.732    -1.461    -0.063    -0.998     0.013     0.864    -0.004    -0.151    -0.163     0.104     0.489    -0.050     0.280    -0.111    -0.093     0.224    -0.010     1.861 

ddG: N112M     1.537     0.554     0.258    -2.700     0.013     0.881    -0.004    -0.065    -0.020     0.211     1.105    -0.003     0.227    -0.177    -0.379     0.282     0.029     1.326 

ddG: N112N    -0.323    -0.409     0.387    -0.075    -0.001    -0.331    -0.008    -0.267     0.011     0.074    -0.521     0.050     0.194     0.044     0.513     0.037    -0.021     0.000 

ddG: N112P     6.406     2.776     0.811    -7.678     0.082     3.857     0.323     0.609    -0.224     0.443     2.465     0.002     0.504    -0.223     1.865     0.012    -0.088     0.871 

ddG: N112Q     1.063    -0.892     0.421    -0.391     0.005     0.655    -0.004    -0.274    -0.014     0.080     0.508    -0.037     0.322     0.121     0.454     0.390     0.003    -0.284 

ddG: N112R     2.588    -1.633     0.404     1.721     0.007     0.099    -0.010    -0.273    -0.015     0.154     0.502    -0.034     0.462     0.096    -0.352     0.492     0.013     0.955 

ddG: N112S     2.132     3.039     0.243    -1.936    -0.006    -0.392    -0.020     0.299     0.058    -0.581     0.490     0.047     0.569    -0.112    -1.412     0.502    -0.005     1.348 

ddG: N112T     2.277     4.779    -0.191    -4.219     0.000     0.881    -0.019     0.611    -0.003    -0.503     2.053    -0.030     0.311     0.044    -3.073     0.320    -0.017     1.333 

ddG: N112V     1.529     2.154    -0.448    -4.387     0.021     2.411    -0.001     0.135    -0.203     0.128     1.089    -0.017    -0.083    -0.498    -0.993     0.197    -0.007     2.032 

ddG: N112W     1.023    -1.281    -0.535    -1.494     0.039     1.753     0.043    -0.065     0.037    -0.514     1.758     0.010     0.132     0.046    -1.417     0.219     0.038     2.255 

ddG: N112Y    -0.963    -4.236     0.511     0.076     0.024     0.810    -0.019    -0.706     0.139    -0.015     2.176    -0.045     0.022     0.248    -1.201    -0.079     0.038     1.294 

