ddG: description total fa_atr fa_rep fa_sol fa_intra_rep fa_elec pro_close hbond_sr_bb hbond_lr_bb hbond_bb_sc hbond_sc dslf_fa13 rama omega fa_dun p_aa_pp yhh_planarity ref 
ddG: G23A    -2.951    -6.903     1.970     3.500    -0.004    -1.651     0.006    -0.229     0.148    -0.007    -1.290     0.000    -0.430     0.191     1.843    -0.641     0.003     0.545 

ddG: G23C     3.056    -6.461     3.770     3.807    -0.004     0.115     0.001    -0.449     0.067    -0.064     0.372     0.000    -0.421     0.625     1.287     0.147     0.004     0.258 

ddG: G23D    10.362   -10.826     4.819    13.888    -0.002    -0.164     0.001    -0.506     0.051    -0.055     0.330     0.000    -0.300     0.950     3.797     0.094     0.005    -1.720 

ddG: G23E    11.625   -10.407     7.810    12.578     0.004    -0.416    -0.004    -1.752     0.306    -0.125     0.252     0.000    -0.425     0.696     5.765    -0.623     0.005    -2.041 

ddG: G23F     9.391    -6.638     9.227    -5.237     0.079     4.358     0.000    -1.137     0.110    -0.022     1.533     0.000    -0.523     0.958     6.238     0.089     0.009     0.349 

ddG: G23G     0.075    -2.059    -0.291     1.448    -0.006    -0.261     0.002    -0.210    -0.047    -0.084     0.384     0.000     0.169     0.109     0.918     0.003     0.000     0.000 

ddG: G23H    11.256   -14.022     5.512    10.168     0.073     1.171     0.004    -1.578     0.363    -0.067    -0.121     0.000    -0.264     0.325    10.010    -0.588     0.007     0.261 

ddG: G23H    10.789   -11.081     5.715     7.298     0.076     1.611     0.004    -1.677     0.364    -0.073    -0.127     0.000    -0.171     0.380     8.827    -0.626     0.007     0.261 

ddG: G23I     8.862   -10.081    10.511     1.008     0.043     0.158    -0.002    -0.706     0.299    -0.029     0.269     0.000     0.055     1.621     5.013    -0.141     0.010     0.833 

ddG: G23K    13.560    -9.313     6.232     9.953     0.025     2.266     0.006    -0.916     0.536     0.019    -0.001     0.000    -0.826     0.724     5.548    -0.182     0.005    -0.516 

ddG: G23L     6.382   -10.401    11.107     0.836     0.005     0.367    -0.009    -1.913     0.595     0.046     0.229     0.000    -0.077     1.333     4.139    -0.445     0.012     0.556 

ddG: G23M     4.445   -13.698     6.570     6.899     0.009    -1.316     0.007    -0.699     0.444     0.013    -1.169     0.000    -0.763     0.849     7.527    -0.257     0.005     0.022 

ddG: G23N     6.362   -10.696     5.462     8.703     0.000     0.556     0.000    -1.844     0.201    -0.038     0.317     0.000    -0.112     0.864     4.439    -0.190     0.005    -1.304 

ddG: G23P    13.718    -7.318    11.867    -0.682     0.005     0.417     0.523    -0.716     0.229    -0.067     0.386     0.000     1.439     5.295     3.549    -0.778     0.004    -0.434 

ddG: G23Q     9.053   -11.197     7.869     7.857     0.054     0.701    -0.001    -1.835     0.228     0.023     0.362     0.000    -0.506     0.549     7.132    -0.601     0.005    -1.589 

ddG: G23R    18.895   -15.253     8.247    16.403     0.034     1.865     0.006    -1.266     0.276    -0.033     0.407     0.000    -0.760     1.042     8.612    -0.340     0.005    -0.349 

ddG: G23S     1.045    -6.456     1.900     5.231    -0.002    -0.825     0.000    -0.324     0.061    -0.096     0.318     0.000    -0.253     0.462     1.236    -0.254     0.003     0.043 

ddG: G23T     2.363   -11.619     4.292     9.902     0.006    -2.680     0.000    -0.404     0.208    -0.082    -1.370     0.000    -0.377     0.752     3.954    -0.253     0.006     0.029 

ddG: G23V     5.943   -12.134     8.594     6.138     0.015    -1.979     0.000    -0.749     0.334    -0.006    -1.344     0.000    -0.107     1.712     4.687     0.044     0.008     0.728 

ddG: G23W    13.026   -13.710     9.396     3.653     0.064     2.163    -0.002    -0.788     0.122    -0.146     0.191     0.000    -0.322     0.769    11.434    -0.750     0.001     0.950 

ddG: G23Y    11.945   -14.478     7.028     5.577     0.060     1.609     0.003    -0.285    -0.045    -0.047     0.147     0.000    -0.798     1.050    11.976     0.148     0.011    -0.011 

