ddG: description total fa_atr fa_rep fa_sol fa_intra_rep fa_elec pro_close hbond_sr_bb hbond_lr_bb hbond_bb_sc hbond_sc dslf_fa13 rama omega fa_dun p_aa_pp yhh_planarity ref 
ddG: E38A     1.791     2.528    -0.139    -3.602    -0.005     2.560     0.007     0.020    -0.014    -0.124     0.558     0.001    -0.063    -0.193    -2.374     0.045    -0.001     2.586 

ddG: E38C     2.186     2.411    -0.359    -3.108    -0.004     2.627     0.008     0.017     0.009    -0.141     0.586     0.002    -0.026    -0.106    -2.209     0.174     0.008     2.300 

ddG: E38D     1.195    -0.295     0.219     1.089    -0.002     0.594     0.003    -0.054    -0.031    -0.112    -0.192     0.001     0.035    -0.106    -0.398     0.205    -0.084     0.322 

ddG: E38E     0.004     0.364    -0.187    -0.252     0.000    -0.004     0.006     0.001     0.005    -0.052     0.122     0.002    -0.034    -0.008     0.065    -0.038     0.012     0.000 

ddG: E38F     0.944    -2.330    -0.121    -1.332     0.025     2.447     0.003    -0.013    -0.007    -0.150     0.620     0.000     0.078     0.044    -0.627     0.005    -0.088     2.391 

ddG: E38G     2.727     4.382    -0.361    -4.276    -0.006     2.552     0.005     0.012    -0.002    -0.248     0.501     0.001     0.226    -0.173    -2.385     0.442     0.017     2.041 

ddG: E38H     1.843    -1.348    -0.297    -0.986    -0.002     2.456     0.007    -0.002    -0.007    -0.136     0.595     0.001    -0.050    -0.040    -0.716     0.076    -0.010     2.303 

ddG: E38H     1.833    -1.344    -0.290    -0.986    -0.001     2.460     0.007     0.000    -0.016    -0.144     0.597     0.000    -0.034    -0.025    -0.747     0.063    -0.011     2.303 

ddG: E38I     2.527     0.342    -0.074    -2.890     0.027     2.581     0.004     0.007     0.020    -0.015     0.610     0.000     0.327    -0.225    -1.333     0.262     0.009     2.874 

ddG: E38K     2.126     1.923    -0.359    -2.816     0.000     2.681     0.008     0.002     0.002    -0.133     0.603     0.001    -0.091    -0.148    -1.072    -0.008     0.007     1.526 

ddG: E38L     1.117     0.681     0.083    -2.976     0.007     2.486     0.003    -0.043     0.006    -0.121     0.546     0.001     0.085    -0.110    -1.964    -0.077    -0.087     2.598 

ddG: E38M     1.250    -0.259    -0.217    -1.722     0.003     2.675     0.005     0.018    -0.005    -0.133     0.553     0.000    -0.014    -0.124    -1.599     0.014    -0.009     2.063 

ddG: E38N     1.753     0.145    -0.175    -1.054    -0.003     2.671     0.004     0.007    -0.024    -0.128     0.577     0.001     0.030    -0.223    -0.994     0.191    -0.010     0.737 

ddG: E38P    -0.976     0.428    -0.063    -3.647    -0.004     2.218     0.028    -0.035     0.005    -0.107     0.600     0.002     0.268    -0.094    -2.371     0.199    -0.011     1.608 

ddG: E38Q     1.633     0.394    -0.310    -0.800     0.005     1.717     0.003    -0.020    -0.013    -0.102     0.383     0.001    -0.056    -0.206     0.212    -0.028     0.001     0.453 

ddG: E38R     3.187     1.603    -0.305    -2.232     0.006     2.838     0.004     0.022     0.008    -0.132     0.550     0.001    -0.051    -0.178    -0.635    -0.024     0.017     1.692 

ddG: E38S     2.279     2.031     0.346    -1.905    -0.003     1.936     0.001     0.007     0.014    -0.102     0.554     0.001    -0.051    -0.363    -2.117    -0.088    -0.067     2.085 

ddG: E38T     2.041     1.513     0.221    -1.581     0.000     2.028     0.000     0.010     0.031    -0.091     0.563     0.001     0.018    -0.235    -2.367    -0.057    -0.083     2.070 

ddG: E38V     2.401     0.943     0.129    -2.893     0.018     2.552     0.005     0.027     0.001     0.032     0.575     0.001     0.317    -0.247    -2.107     0.277     0.001     2.769 

ddG: E38W    -0.546    -4.594     0.019    -0.915     0.015     2.275     0.007    -0.050    -0.007    -0.137     0.585     0.001    -0.123    -0.107    -0.620     0.145    -0.028     2.992 

ddG: E38Y     0.804    -2.544    -0.331    -0.958     0.024     2.401     0.007     0.005    -0.001    -0.147     0.591    -0.001     0.087     0.090    -0.589     0.152    -0.013     2.031 

