ddG: description total fa_atr fa_rep fa_sol fa_intra_rep fa_elec pro_close hbond_sr_bb hbond_lr_bb hbond_bb_sc hbond_sc dslf_fa13 rama omega fa_dun p_aa_pp yhh_planarity ref 
ddG: M61A     2.270     9.511    -0.815    -3.770    -0.001    -1.417     0.001     0.532    -0.093     1.551    -0.846     0.000    -0.069    -0.003    -2.498    -0.357     0.021     0.523 

ddG: M61C     4.727     8.077    -0.545    -1.877     0.002    -1.723     0.006     0.568    -0.100     1.425    -0.780     0.000     0.254     0.053    -0.925     0.050     0.008     0.237 

ddG: M61D     9.444     4.744    -0.867     7.210     0.000    -1.917     0.002     0.464    -0.007     1.517    -0.830     0.000     0.111     0.128     0.826    -0.224     0.028    -1.742 

ddG: M61E     5.876     1.214    -0.371     7.205     0.009    -1.845     0.000     0.606    -0.011     1.407    -0.779     0.000    -0.105     0.015     0.831    -0.236    -0.001    -2.063 

ddG: M61F    -0.427    -4.845     4.152    -1.165     0.028    -0.514     0.004    -0.010     0.110    -0.070     0.038     0.000     0.222     0.388     0.742     0.153     0.010     0.328 

ddG: M61G     5.605    13.340    -1.216    -4.380     0.002    -1.613     0.005     0.564    -0.134     1.512    -0.841     0.000     0.379     0.089    -2.230     0.125     0.023    -0.022 

ddG: M61H     1.060    -2.514     0.575     2.497     0.002    -1.430    -0.001     0.481     0.000     1.503    -0.825     0.000     0.163     0.087     0.300    -0.039     0.019     0.240 

ddG: M61H     0.959    -2.874     0.770     2.858    -0.001    -1.633     0.001     0.480     0.028     1.377    -0.772     0.000     0.164     0.111     0.250    -0.040     0.001     0.240 

ddG: M61I     4.034     2.956     3.848    -4.782     0.023    -1.600    -0.001     1.013     0.040     1.483    -0.796     0.000     0.188     0.509     0.080     0.253     0.010     0.811 

ddG: M61K     5.466    -0.251    -0.443     6.414     0.012    -1.436     0.002     0.633    -0.101     1.489    -0.836     0.000    -0.110     0.028     0.684    -0.153     0.071    -0.537 

ddG: M61L     1.759     2.383     1.867    -3.413     0.011    -1.116     0.005     0.582     0.085     1.525    -0.824     0.000     0.145     0.232    -0.076    -0.202     0.020     0.535 

ddG: M61M    -1.105     1.486    -0.514    -1.644     0.002    -1.637     0.001     0.551    -0.045     1.545    -0.838     0.000     0.025     0.044     0.142    -0.243     0.022     0.000 

ddG: M61N     5.934     4.451    -0.445     1.078     0.006    -1.021     0.002     0.578    -0.068     1.569    -0.097     0.000     0.190     0.010     1.069    -0.023    -0.041    -1.326 

ddG: M61P    23.463     8.452    10.003    -4.186     0.013    -0.501     0.695     2.856    -0.245     1.606    -1.047     0.000     1.232     3.815     1.284    -0.065     0.007    -0.455 

ddG: M61Q     2.272    -0.443     0.609     3.621     0.007     0.140     0.001     0.121    -0.097    -0.061     0.009     0.000    -0.004    -0.128     0.107     0.002    -0.003    -1.610 

ddG: M61R    13.634    -6.160     4.129    13.339     0.016     0.489     0.003    -0.057    -0.153     0.060    -0.016     0.000    -0.030     0.042     2.160     0.151     0.030    -0.371 

ddG: M61S     5.073     9.393    -0.755    -1.506     0.005    -2.060     0.005     0.539    -0.123     1.538    -0.837     0.000     0.183     0.036    -1.318    -0.076     0.027     0.022 

ddG: M61T     6.145     8.408     0.610    -1.878     0.009    -1.326     0.005     0.617    -0.183     1.594    -0.116     0.000     0.242    -0.104    -1.928     0.232    -0.044     0.007 

ddG: M61V     6.418     4.443     3.161    -3.564     0.020     0.213     0.000     0.343     0.071     0.093    -0.020     0.000     0.107     0.613    -0.261     0.478     0.016     0.706 

ddG: M61W     5.057    -9.999    10.849     1.321     0.048    -3.400     0.000     0.880     0.331     1.219    -1.617     0.000     0.283     0.825     3.217     0.197    -0.024     0.928 

ddG: M61Y     2.855    -3.861     5.279     0.567     0.028    -2.516     0.003     0.508     0.154     1.548    -0.779     0.000     0.312     0.483     1.189    -0.036     0.009    -0.033 

