ddG: description total fa_atr fa_rep fa_sol fa_intra_rep fa_elec pro_close hbond_sr_bb hbond_lr_bb hbond_bb_sc hbond_sc dslf_fa13 rama omega fa_dun p_aa_pp yhh_planarity ref 
ddG: V71A     6.054     6.218    -0.316    -0.732    -0.011     0.064    -0.001    -0.005    -0.014     0.019     0.015     0.000     0.379     0.122    -0.093     0.563     0.029    -0.183 

ddG: V71C     5.521     4.075    -0.253     1.556    -0.011     0.083    -0.002    -0.009    -0.021     0.005     0.009     0.000     0.103     0.127     0.114     0.186     0.030    -0.470 

ddG: V71D    10.707    -0.421    -0.078    10.688    -0.008    -0.587    -0.006     0.015     0.112     0.052    -0.071     0.003     0.435     0.102     2.087     0.747     0.084    -2.448 

ddG: V71E    12.027    -1.435     1.211    11.028    -0.001     0.447    -0.013    -0.042    -0.378     0.264     0.110     0.000     0.255     0.028     2.883     0.204     0.235    -2.769 

ddG: V71F     7.306    -4.810     4.587     0.422     0.039     2.415    -0.010    -0.121    -0.771     1.121    -0.624     0.001     0.272     0.744     4.576     0.031    -0.186    -0.379 

ddG: V71G     9.658     9.592    -0.368    -0.731    -0.012     0.081    -0.001    -0.001    -0.033     0.018     0.062     0.000     0.750     0.083    -0.102     1.016     0.031    -0.728 

ddG: V71H     6.447    -2.665     2.159     4.877     0.003     0.238    -0.019    -0.082    -0.384     0.510    -0.805     0.001     0.320    -0.023     2.589     0.071     0.124    -0.467 

ddG: V71H     6.464    -2.644     2.154     4.854     0.003     0.257    -0.022    -0.058    -0.384     0.516    -0.816    -0.001     0.293    -0.033     2.626     0.073     0.113    -0.467 

ddG: V71I     2.019    -0.874     1.163    -0.345     0.019     0.663    -0.010    -0.014    -0.236     0.034     0.470     0.002     0.126    -0.198     0.977     0.002     0.136     0.105 

ddG: V71K    18.018    -1.883     2.093    10.805     0.062     1.852     0.006     0.002    -0.412     0.513     0.501     0.003     0.119     0.129     5.143     0.117     0.211    -1.244 

ddG: V71L     5.569     2.685     2.707    -1.717     0.007     0.760    -0.011    -0.004    -0.138     0.086     0.509     0.002     0.114    -0.097     0.450     0.281     0.109    -0.172 

ddG: V71M     8.606    -0.083     2.223     1.241    -0.006     0.335    -0.011     0.036    -0.311     0.175     0.175     0.001     0.144    -0.178     5.217     0.103     0.252    -0.706 

ddG: V71N     7.748    -6.821     0.010    14.025    -0.016    -0.143    -0.002    -0.037    -0.029    -0.140    -0.867     0.001     0.374    -0.431     3.043     0.717     0.098    -2.032 

ddG: V71P     9.052    -2.561     2.608     6.968    -0.006    -0.923     0.768     0.256     2.056     0.170    -2.114    -0.002     0.621    -0.002     2.211     0.260    -0.097    -1.162 

ddG: V71Q     7.986    -1.785     1.259     6.247     0.008     0.931    -0.006    -0.073    -0.345     0.048     0.341     0.003     0.281    -0.326     3.230     0.286     0.203    -2.317 

ddG: V71R    19.675    -4.514     6.041    14.141     0.003     0.114    -0.009    -0.071     0.144     1.085    -1.180     0.001     0.110     0.333     3.661     0.700     0.193    -1.077 

ddG: V71S     7.418     5.342    -0.416     2.252    -0.008    -0.570     0.000    -0.008    -0.034     0.059     0.057     0.001     0.283     0.045     0.434     0.635     0.031    -0.685 

ddG: V71T     4.565     2.169    -0.144     2.566    -0.002    -0.023     0.001     0.005     0.032     0.103     0.077     0.001     0.199     0.008    -0.003     0.278    -0.002    -0.699 

ddG: V71V     0.101     0.412    -0.140    -0.321     0.000     0.034    -0.001     0.003     0.005     0.008     0.105     0.000    -0.011     0.008     0.027    -0.037     0.008     0.000 

ddG: V71W    14.475   -11.230    12.311     4.969     0.025     1.498     0.192    -0.030    -0.557     1.471     0.009     0.009     0.451     2.750     3.875    -1.128    -0.363     0.222 

ddG: V71Y    10.564    -5.847     5.943     3.571     0.155     0.992     0.007    -0.054    -0.926     1.118    -0.103     0.003     0.545     0.876     5.666    -0.954     0.311    -0.739 

