ddG: description total fa_atr fa_rep fa_sol fa_intra_rep fa_elec pro_close hbond_sr_bb hbond_lr_bb hbond_bb_sc hbond_sc dslf_fa13 rama omega fa_dun p_aa_pp yhh_planarity ref 
ddG: S78A    -0.442    -0.916    -0.643     0.243    -0.001    -0.336    -0.008     0.569    -0.104    -0.446    -0.924     0.048    -0.087    -0.863     1.970     0.532     0.025     0.502 

ddG: S78C    -1.809    -0.695    -0.606    -0.221     0.003    -0.212     0.012    -0.504     0.037     0.046    -1.381    -0.001    -0.449    -0.618     2.524     0.029     0.011     0.215 

ddG: S78D     2.245    -0.754    -0.200     1.444     0.003     0.266     0.006     0.139     0.043    -0.089    -0.003     0.104     0.016     0.142     2.546     0.327     0.018    -1.763 

ddG: S78E     0.135    -1.908    -0.609     0.951     0.014    -0.380    -0.032     0.569    -0.250    -0.165    -1.518     0.108     0.441    -1.099     5.814     0.265     0.017    -2.085 

ddG: S78F    -1.605    -6.971     0.860     2.566     0.036    -0.823     0.003    -0.202    -0.032     0.112    -1.480     0.039     0.128    -0.101     3.410     0.515     0.031     0.306 

ddG: S78G     1.090     1.355    -0.310    -0.850    -0.012    -0.219    -0.013     0.527     0.092    -0.526     0.077     0.099     0.440    -0.252    -0.120     0.835     0.010    -0.043 

ddG: S78H     1.100    -5.805    -0.414     3.239     0.007     0.127     0.013     0.094    -0.133    -0.011    -0.999     0.046    -0.329    -0.721     5.517     0.227     0.024     0.218 

ddG: S78H     0.465    -5.608     0.626     2.931     0.009    -0.770    -0.002    -0.302     0.040     0.107    -1.475     0.104    -0.033    -0.271     4.631     0.212     0.049     0.218 

ddG: S78I    -1.281    -1.351    -0.369     0.434     0.016    -0.393     0.000     0.026     0.025    -0.548    -0.002     0.019    -0.100     0.017    -0.007     0.133     0.028     0.789 

ddG: S78K    -0.028    -0.878    -0.003     0.180     0.001     0.249     0.001    -0.006    -0.009    -0.001    -0.002     0.001     0.028     0.006     0.739     0.213     0.013    -0.559 

ddG: S78L    -1.185    -1.684     0.260     0.306     0.010    -0.700     0.003    -0.100    -0.006     0.105    -1.478     0.014     0.153    -0.272     1.201     0.471     0.020     0.513 

ddG: S78M     0.382    -2.568    -0.712     0.427     0.018    -0.094    -0.032     0.508    -0.258     0.037    -1.408     0.019     0.182    -1.287     5.540     0.015     0.015    -0.022 

ddG: S78N    -0.400    -2.324    -0.522     1.099     0.012     0.235     0.005     0.272    -0.153     0.112    -1.445    -0.016    -0.038    -0.697     4.144     0.246     0.018    -1.348 

ddG: S78P     4.215    -1.785     1.220    -0.289     0.014    -0.831     1.116     1.152    -0.099    -0.542    -1.535     0.568     0.455     2.518     2.388     0.337     0.007    -0.477 

ddG: S78Q    -0.287    -0.640    -0.058     0.453     0.001    -0.516    -0.014     0.462     0.076    -0.708    -0.028     0.105    -0.008    -0.072     2.042     0.226     0.023    -1.632 

ddG: S78R     0.137    -1.050    -0.140     0.627     0.006    -0.113     0.010     0.148     0.026     0.033    -0.960     0.042    -0.079    -0.336     2.051     0.234     0.029    -0.392 

ddG: S78S    -0.395    -0.659     0.180     0.432    -0.002    -0.228     0.003     0.010     0.000     0.117    -0.957     0.047    -0.013    -0.329     0.793     0.172     0.038     0.000 

ddG: S78T    -0.367    -1.282     0.360     0.538     0.015    -0.834     0.002    -0.213    -0.007     0.173    -1.401     0.015     0.192    -0.284     1.694     0.647     0.032    -0.015 

ddG: S78V    -0.842    -1.889     0.466     0.229     0.021    -0.550     0.003    -0.251    -0.005     0.106    -1.475     0.022     0.119    -0.228     1.424     0.446     0.036     0.685 

ddG: S78W    -2.408   -10.027     0.500     5.748     0.025    -1.813    -0.014     0.400     0.049    -0.351    -2.482     0.010    -0.007    -0.521     5.012     0.138     0.018     0.907 

ddG: S78Y    -1.458    -7.489     0.536     3.827     0.036    -0.837     0.001    -0.169     0.045     0.094    -1.581     0.164    -0.036    -0.347     3.877     0.316     0.159    -0.054 

