ddG: description total fa_atr fa_rep fa_sol fa_intra_rep fa_elec pro_close hbond_sr_bb hbond_lr_bb hbond_bb_sc hbond_sc dslf_fa13 rama omega fa_dun p_aa_pp yhh_planarity ref 
ddG: L65A     0.642    -3.529    -1.125     5.785    -0.016    -1.968     0.003     0.039     0.092     0.071    -0.968     0.000    -0.071     0.098     1.699     0.545    -0.002    -0.011 

ddG: L65C     1.789     0.120    -0.499     1.502    -0.013    -0.330     0.001    -0.203    -0.015    -0.064     0.420     0.000     0.140     0.078     1.004    -0.053     0.000    -0.298 

ddG: L65D     0.026    -3.890     0.022     9.331    -0.004    -2.679    -0.001    -0.072     0.093    -0.908    -1.572     0.000    -0.157    -0.049     1.888     0.301    -0.001    -2.276 

ddG: L65E     1.527    -5.017    -0.816     7.833    -0.011    -2.434     0.003     0.056     0.292     0.081    -1.106     0.000    -0.363    -0.188     5.660     0.136    -0.002    -2.598 

ddG: L65F    -1.160    -2.878     0.330     1.760     0.024     0.321    -0.008    -0.218     0.188    -0.958     0.457     0.000     0.132     0.242    -0.601     0.258    -0.002    -0.207 

ddG: L65G     0.260    -2.404    -1.100     5.633    -0.016    -2.126    -0.001     0.064     0.115     0.033    -1.036     0.000    -0.138     0.060     1.705     0.031    -0.003    -0.556 

ddG: L65H     0.183    -9.162     0.671    10.369    -0.005    -2.969    -0.001    -0.053    -0.055    -0.986    -1.123     0.000     0.171     0.044     3.397     0.180     0.000    -0.295 

ddG: L65H     0.433    -9.157     0.688    10.366    -0.005    -2.738     0.002    -0.059    -0.055    -0.981    -1.132     0.000     0.179     0.030     3.405     0.185     0.000    -0.295 

ddG: L65I     1.207    -5.213    -0.725     6.453     0.005    -2.441     0.002     0.054     0.281     0.080    -1.121     0.000    -0.125    -0.209     3.239     0.652    -0.002     0.276 

ddG: L65K     0.290    -1.826    -0.804     3.346    -0.005    -0.079    -0.005    -1.121     0.415     0.072     0.047     0.000    -0.504    -0.081     1.934    -0.026    -0.002    -1.072 

ddG: L65L     0.009    -2.095    -0.309     1.459    -0.007    -0.294    -0.003    -0.200    -0.062    -0.083     0.381     0.000     0.153     0.109     0.949     0.009     0.000     0.000 

ddG: L65M     0.491    -5.216    -0.356     6.392    -0.012    -2.353     0.008    -0.036     0.038     0.001    -1.152     0.000    -0.066    -0.140     4.024    -0.105     0.000    -0.535 

ddG: L65N    -0.129    -2.670    -0.324     5.454    -0.003    -0.621    -0.004    -0.184     0.100    -0.959    -0.004     0.000     0.082     0.026     0.494     0.347    -0.001    -1.861 

ddG: L65P    -1.105    -0.895    -0.715     0.827    -0.010    -0.161     0.420    -0.133     0.051     0.022     0.610     0.000     0.093     0.349    -0.397    -0.172    -0.003    -0.990 

ddG: L65Q     1.446    -1.318    -0.959     2.111    -0.010    -0.141    -0.002    -0.130     0.218     0.041     0.450     0.000    -0.268    -0.009     3.362     0.248    -0.002    -2.145 

ddG: L65R     1.253    -5.020    -0.765     7.090    -0.007    -2.337    -0.004     0.064     0.212     0.084    -1.121     0.000    -0.394    -0.181     4.466     0.074    -0.002    -0.905 

ddG: L65S    -0.853    -0.864    -0.998     3.845    -0.013    -2.000    -0.003    -0.008     0.094     0.093    -1.008     0.000    -0.186     0.187     0.512     0.010    -0.002    -0.513 

ddG: L65T    -0.486    -4.303    -0.777     6.756    -0.012    -2.756     0.002     0.069     0.285     0.090    -1.132     0.000    -0.637    -0.190     3.077    -0.427    -0.002    -0.527 

ddG: L65V     1.174     2.028    -0.796    -1.512     0.004     0.385    -0.004    -0.189     0.244     0.055     0.435     0.000     0.066     0.083    -0.368     0.574    -0.002     0.172 

ddG: L65W    -0.753    -5.046     0.428     3.365     0.027     0.136    -0.008    -0.213     0.215    -0.936     0.421     0.000     0.097     0.214    -0.101     0.259    -0.002     0.394 

ddG: L65Y    -0.226    -6.772     0.338     6.741     0.028    -0.561    -0.005     0.146     0.329    -0.936     0.082     0.000    -0.233    -0.103     1.075     0.216    -0.002    -0.567 

