ddG: description total fa_atr fa_rep fa_sol fa_intra_rep fa_elec pro_close hbond_sr_bb hbond_lr_bb hbond_bb_sc hbond_sc dslf_fa13 rama omega fa_dun p_aa_pp yhh_planarity ref 
ddG: V54A     1.803     4.711    -0.601    -1.847    -0.008    -0.097     0.000     0.011    -0.024     0.014     0.047     0.000    -0.109    -0.033    -0.263     0.184     0.000    -0.183 

ddG: V54C     1.026    -0.977    -0.437     5.146    -0.010    -2.320     0.007    -0.010     0.019     0.043    -1.477     0.000    -0.418    -0.285     2.306    -0.092     0.000    -0.470 

ddG: V54D     3.389    -5.319    -0.415    12.704    -0.012    -3.291     0.006     0.204     0.022     0.055    -1.386     0.000    -0.579    -0.329     4.744    -0.567     0.000    -2.448 

ddG: V54E     1.774    -6.023    -0.390    11.181    -0.010    -3.006     0.007     0.202     0.018     0.051    -1.407     0.000    -0.441    -0.345     4.839    -0.133     0.000    -2.769 

ddG: V54F     4.756    -4.126    -0.365     5.007     0.027    -0.849     0.003     0.331    -0.018     0.089     0.660     0.000    -0.288     0.029     5.072    -0.438     0.000    -0.379 

ddG: V54G     3.396     4.429    -0.843     0.365    -0.011    -0.744     0.000     0.097    -0.027    -0.027     0.015     0.000    -0.132    -0.139     1.030     0.112     0.000    -0.728 

ddG: V54H     2.940    -2.331     0.014     4.266     0.002    -0.285     0.006     0.355     0.055     0.199     0.318     0.000    -0.438    -0.273     1.884    -0.366     0.000    -0.467 

ddG: V54H     2.566    -1.315    -0.234     2.651    -0.004     0.219     0.008     0.116     0.002     0.131     0.633     0.000    -0.288    -0.098     1.633    -0.422     0.000    -0.467 

ddG: V54I     2.629    -8.462     2.741     7.964     0.007    -2.757     0.003     0.292     0.091     0.097    -1.397     0.000    -0.295     0.080     4.279    -0.119     0.000     0.105 

ddG: V54K     2.547     0.208    -0.615     3.306    -0.001    -0.127     0.002    -0.015    -0.017    -0.003     0.158     0.000    -0.096    -0.081     1.290    -0.219     0.000    -1.244 

ddG: V54L     3.190    -0.940    -0.393     3.381     0.006    -0.525    -0.001     0.022     0.006     0.069     0.001     0.000    -0.068     0.207     1.846    -0.250     0.000    -0.172 

ddG: V54M     1.114     0.400    -0.524     1.355    -0.004     0.318     0.001    -0.079    -0.010     0.024     0.067     0.000    -0.237    -0.074     0.756    -0.172     0.000    -0.706 

ddG: V54N     2.712    -1.407    -0.342     5.101    -0.008    -0.982     0.002     0.025    -0.018     0.027     0.214     0.000    -0.480    -0.134     3.310    -0.564     0.000    -2.032 

ddG: V54P     8.747    -4.967     6.284     6.708    -0.012    -3.090     0.956     1.292     0.278    -0.117    -1.082     0.000     0.390     0.264     3.355    -0.350     0.000    -1.162 

ddG: V54Q     0.330    -7.410    -0.584    10.447    -0.007    -2.939     0.005     0.195     0.010     0.037    -1.472     0.000    -0.548    -0.349     5.452    -0.190     0.000    -2.317 

ddG: V54R     4.431    -0.205    -0.860     4.670     0.008    -0.492     0.001     0.060    -0.023     0.032     0.080     0.000    -0.244    -0.108     2.853    -0.264     0.000    -1.077 

ddG: V54S     2.274     3.242    -1.056     1.602    -0.004    -0.544     0.001    -0.043    -0.173     0.064     0.266     0.000     0.166     0.091    -1.077     0.422     0.000    -0.685 

ddG: V54T     0.618    -4.678    -0.305     9.613    -0.010    -3.406     0.006     0.083     0.016     0.041    -1.452     0.000    -0.544    -0.321     2.488    -0.212     0.000    -0.699 

ddG: V54V    -0.004    -0.023     0.013     0.006     0.000     0.003     0.000    -0.002    -0.002     0.000     0.000     0.000    -0.001    -0.001     0.002     0.003     0.000     0.000 

ddG: V54W     2.989    -4.684     0.087     5.476     0.024    -0.528     0.003     0.094    -0.034     0.082     0.265     0.000    -0.223     0.036     2.552    -0.383     0.000     0.222 

ddG: V54Y     5.090    -4.835    -0.333     5.845     0.026    -0.838     0.005     0.366    -0.032     0.012     1.004     0.000    -0.334     0.028     5.283    -0.373     0.005    -0.739 

