ddG: description total fa_atr fa_rep fa_sol fa_intra_rep fa_elec pro_close hbond_sr_bb hbond_lr_bb hbond_bb_sc hbond_sc dslf_fa13 rama omega fa_dun p_aa_pp yhh_planarity ref 
ddG: N138A     3.578     3.237    -1.572    -4.888     0.022     4.511     0.006    -0.310     0.129     0.342     3.201     0.000     0.657     0.123    -4.462     0.723     0.011     1.849 

ddG: N138C     1.977     1.723    -0.970    -4.147     0.029     4.372    -0.002    -0.680     0.261    -0.730     3.706     0.000     0.702    -0.143    -4.270     0.545     0.016     1.563 

ddG: N138D     2.574     1.213    -1.818    -0.252     0.024     2.250     0.008    -0.039    -0.029     0.409     2.714     0.000     0.377    -0.153    -2.003     0.274     0.016    -0.415 

ddG: N138E     2.352     1.623    -1.125    -2.572     0.028     3.481     0.002    -0.444     0.067    -0.765     3.677     0.000     0.793    -0.571    -1.888     0.762     0.020    -0.737 

ddG: N138F     1.833     3.685    -0.528   -10.196     0.057     5.335     0.000    -0.643     0.262     0.470     3.691     0.000     0.674    -0.203    -2.778     0.335     0.017     1.654 

ddG: N138G    -0.974     4.632    -1.401    -5.749     0.021     2.997     0.002    -0.493    -0.247    -0.741     3.683     0.000     0.315    -0.570    -4.222    -0.525     0.019     1.304 

ddG: N138H     2.250     6.721    -2.186    -9.062     0.023     3.954     0.009     0.141    -0.025     1.508     3.207     0.000     0.340    -0.150    -3.746    -0.053     0.002     1.566 

ddG: N138H     2.152    -1.719    -2.409    -1.498     0.038     3.121     0.001    -0.497     0.209    -0.964     3.523     0.000     0.298    -0.603     0.848     0.220     0.021     1.566 

ddG: N138I     4.313     1.376    -1.156    -3.548     0.168     3.325     0.004    -0.485     0.062    -0.757     3.697     0.000     1.519    -0.601    -3.701     2.268     0.005     2.137 

ddG: N138K     1.717     0.913    -0.992    -3.479     0.028     4.556    -0.004    -0.731     0.260    -0.612     3.769     0.000     0.542    -0.192    -3.551     0.404     0.017     0.789 

ddG: N138L     3.660    -2.092    -0.865     0.568     0.045     1.686     0.002    -0.490     0.029    -0.803     2.886     0.000     0.749    -0.383    -0.576     1.037     0.005     1.861 

ddG: N138M     1.602     5.921    -0.837    -9.454     0.031     3.848     0.002    -0.301     0.054     0.466     3.680     0.000     0.793    -0.505    -3.948     0.504     0.021     1.326 

ddG: N138N     0.615    -0.597     0.168    -0.231     0.004     1.377    -0.003    -0.237     0.161     0.043    -0.074     0.000    -0.090     0.376    -0.185    -0.106     0.010     0.000 

ddG: N138P     7.180     2.861     0.255    -4.418     0.021     3.200     0.143    -0.591     0.714    -1.725     3.479     0.000     2.372     0.383    -0.051    -0.348     0.017     0.871 

ddG: N138Q     2.328     0.949    -0.055    -2.421     0.006     2.503    -0.002    -0.209     0.195    -0.014     0.438     0.000     0.221     0.240     0.236     0.516     0.009    -0.284 

ddG: N138R     1.871     0.109     0.779    -0.373     0.010     0.971    -0.005    -0.429     0.101    -1.177     1.033     0.000     0.489    -0.465    -0.841     0.709     0.004     0.955 

ddG: N138S     3.052     2.504    -0.951    -4.002     0.029     4.510    -0.002    -0.681     0.265    -0.726     3.708     0.000     0.826    -0.102    -4.250     0.560     0.016     1.348 

ddG: N138T     5.452     3.048    -2.021    -2.797     0.032     3.909     0.007    -0.031    -0.021     0.298     3.237     0.000     1.332    -0.279    -3.897     1.301     0.001     1.333 

ddG: N138V     4.693     1.378    -1.905    -3.181     0.054     3.067    -0.003    -0.524     0.169    -0.937     3.528     0.000     1.290    -0.543    -1.357     1.602     0.023     2.032 

ddG: N138W     0.599    -2.742    -1.601    -7.531     0.057     3.767     0.001    -0.256     0.084     0.266     3.479     0.000     0.660    -0.317     1.571     0.882     0.023     2.255 

ddG: N138Y     2.788     6.830     0.613   -11.823     0.025     3.805    -0.004    -0.082     0.120    -0.091     1.734     0.000     0.408    -0.650    -0.106     0.694     0.020     1.294 

