ddG: description total fa_atr fa_rep fa_sol fa_intra_rep fa_elec pro_close hbond_sr_bb hbond_lr_bb hbond_bb_sc hbond_sc dslf_fa13 rama omega fa_dun p_aa_pp yhh_planarity ref 
ddG: I58A     4.454    14.604    -0.941    -9.394    -0.006     2.693    -0.004    -0.324    -0.015    -0.049     1.544     0.000     0.305     0.290    -4.128     0.164     0.000    -0.288 

ddG: I58C     3.257     8.334    -0.867    -2.180    -0.011     0.721     0.001    -0.069     0.015     0.023    -0.037     0.000    -0.102     0.008    -1.711    -0.294     0.000    -0.574 

ddG: I58D     8.739     6.053    -0.503     3.573     0.007     1.781    -0.007    -0.023    -0.030    -0.066     1.533     0.000    -0.036     0.163    -0.679    -0.474     0.000    -2.553 

ddG: I58E    11.182     3.194     1.801     5.217    -0.003     1.218    -0.002    -0.480    -0.014     0.043     1.756     0.000     0.261     0.718     0.162     0.186     0.000    -2.874 

ddG: I58F    18.777     4.092     9.964    -5.356     0.027     3.230    -0.002     0.761    -0.167    -0.004     1.215     0.000     0.730     2.351     2.292     0.129    -0.001    -0.483 

ddG: I58G     6.323    11.167    -1.337    -2.217    -0.011     0.076     0.004    -0.206     0.055     0.002    -0.069     0.000     0.110    -0.038    -0.527     0.146     0.000    -0.833 

ddG: I58H    12.309     0.847     6.385    -0.318    -0.003     2.512    -0.010    -1.444     0.119     0.239     1.913     0.000     0.139     2.035     0.659    -0.191     0.000    -0.571 

ddG: I58H    12.482     2.977     6.877    -1.788     0.004     2.804    -0.007    -1.325     0.214     0.287     1.532     0.000     0.087     1.956    -0.299    -0.266     0.000    -0.571 

ddG: I58I     0.013     0.001    -0.026     0.022    -0.001     0.015     0.003    -0.011     0.009     0.021     0.000     0.000    -0.003     0.006    -0.015    -0.009     0.000     0.000 

ddG: I58K    10.849     5.688     2.182    -0.247     0.025     3.012    -0.008    -1.658     0.137     1.869    -0.009     0.000     0.046     0.637     0.344     0.179     0.000    -1.348 

ddG: I58L     7.062     8.059     3.485    -7.710     0.006     2.287    -0.003    -0.278    -0.070     0.137     1.389     0.000     0.199     0.663    -1.055     0.229     0.000    -0.276 

ddG: I58M     3.298     6.653     0.674    -6.569    -0.001     2.724    -0.005    -0.239    -0.029    -0.022     1.599     0.000     0.119     0.283    -0.938    -0.140     0.000    -0.811 

ddG: I58N     5.100     7.555    -0.318    -1.684     0.007     2.310    -0.003     0.285     0.033    -0.005     1.164     0.000    -0.267     0.058    -1.346    -0.550     0.000    -2.137 

ddG: I58P     4.771    11.197     1.258    -9.710     0.000     2.179     1.632    -0.397     0.041     0.039     1.747     0.000     1.054     0.655    -3.775     0.118     0.000    -1.266 

ddG: I58Q     7.873     1.515     2.225     3.203     0.010     0.031     0.002    -0.225    -0.006     0.112     0.257     0.000     0.020     0.540     2.585     0.025     0.000    -2.421 

ddG: I58R    13.910    -0.534     2.373     6.695     0.022     1.043    -0.003    -0.462    -0.065     0.895     0.160     0.000    -0.033     0.459     3.970     0.574    -0.001    -1.182 

ddG: I58S     5.252     7.008    -0.973     0.864    -0.008    -0.213     0.004    -0.070     0.024     0.015    -0.030     0.000    -0.068    -0.032    -0.365    -0.115     0.000    -0.789 

ddG: I58T     4.711     7.781    -0.751    -1.813     0.000     2.034    -0.001     0.053     0.036     0.029     1.165     0.000    -0.221    -0.009    -2.490    -0.298     0.000    -0.804 

ddG: I58V     2.101     8.951    -0.270    -6.847     0.013     2.588    -0.003     0.110     0.032     0.005     1.142     0.000     0.082     0.029    -3.652     0.027     0.000    -0.105 

ddG: I58W    14.714    -8.510     8.533     7.454     0.020     0.382     0.004     0.154     0.027     0.019    -0.170     0.000    -0.009     1.818     4.820     0.054    -0.001     0.118 

ddG: I58Y    28.399     0.955    14.353     1.021     0.035     2.170    -0.002    -0.358    -0.007     0.134     1.405     0.000     0.374     2.298     7.128    -0.261    -0.001    -0.844 

