ddG: description total fa_atr fa_rep fa_sol fa_intra_rep fa_elec pro_close hbond_sr_bb hbond_lr_bb hbond_bb_sc hbond_sc dslf_fa13 rama omega fa_dun p_aa_pp yhh_planarity ref 
ddG: A1A    -1.794     0.805    -0.303    -0.408    -0.001    -1.144     0.001     0.029     0.054    -0.499    -0.517    -0.023    -0.109     0.080     0.114     0.149    -0.021     0.000 

ddG: A1C     0.765     1.966    -1.212    -2.081     0.021     2.263     0.050    -0.287    -0.149     1.501    -0.020     0.035     0.050    -0.370    -0.988     0.311    -0.040    -0.287 

ddG: A1D     1.711     2.939    -1.162     1.174     0.047     1.051     0.063    -0.309    -0.152    -0.636     0.673    -0.031     0.113     0.156    -0.063     0.065     0.049    -2.265 

ddG: A1E     3.563    -1.446     1.065     3.187     0.037     1.256     0.062    -0.198     0.514     0.380    -0.511    -0.022    -0.306    -0.056     2.178     0.030    -0.021    -2.586 

ddG: A1F    -0.110     1.125     0.543    -7.049     0.053     2.287     0.057    -1.194     0.162     0.469     0.378    -0.042    -0.093     0.674     2.578     0.164    -0.029    -0.196 

ddG: A1G     0.453     3.031    -0.459    -0.944     0.008    -0.020     0.004    -0.663     0.115     0.079     0.208     0.007    -0.352    -0.251     0.257     0.004    -0.026    -0.545 

ddG: A1H     0.579    -7.289     0.961     3.877     0.013    -0.104    -0.027     0.167     0.010    -1.248     1.014    -0.054    -0.041    -0.194     3.695     0.122    -0.039    -0.284 

ddG: A1H     0.377    -7.027     1.637     3.219     0.019    -1.034    -0.043     0.372     0.016    -0.934    -0.503     0.043     0.530    -0.455     4.897    -0.036    -0.041    -0.284 

ddG: A1I     2.509     2.236     1.189    -6.181     0.073     2.237     0.006    -0.782     0.275     2.176     0.131     0.034     0.532    -0.584     1.075    -0.172    -0.025     0.288 

ddG: A1K     1.780     2.128    -0.401    -1.757     0.006     2.118     0.038    -0.646    -0.033     1.517     0.365    -0.035     0.287    -0.181    -0.608     0.068    -0.025    -1.061 

ddG: A1L     2.968    -4.202     1.035     1.501     0.014     0.324     0.017     0.122     0.810    -0.418     1.633     0.061    -0.542     0.475     2.374    -0.248     0.002     0.011 

ddG: A1M     1.923     5.922    -0.073    -6.071     0.021     1.571     0.040    -0.636     0.165     0.120     0.153    -0.029     0.322    -0.219     1.133     0.039    -0.012    -0.523 

ddG: A1N     0.339     1.192    -0.822    -0.164     0.031     1.808     0.040    -0.504    -0.040     0.757     0.748     0.090     0.141    -0.269    -0.880     0.061    -0.001    -1.849 

ddG: A1P    -1.613    -2.354     2.199    -0.192     0.007     0.596     0.304    -0.935     0.789     1.511     0.208    -0.028    -0.269     0.414    -3.031     0.133     0.014    -0.979 

ddG: A1Q     1.801     4.459    -0.169    -3.844     0.018     0.570     0.031    -0.186     0.143     0.258    -1.255     0.045     0.278    -0.468     4.010     0.073    -0.029    -2.134 

ddG: A1R     3.175     0.868    -0.364     0.282     0.024     2.468     0.048    -0.188     0.024     1.239     0.726     0.001     0.093    -0.251    -0.975     0.053     0.021    -0.894 

ddG: A1S    -0.395     0.586    -0.610     1.574     0.000    -1.079     0.006     0.014    -0.024     0.004    -1.813    -0.041    -0.219    -0.448     1.886     0.299    -0.027    -0.502 

ddG: A1T    -1.835    -0.882    -0.177     1.911     0.011    -1.415     0.008    -0.021    -0.037     0.306     1.476    -0.005    -0.043     0.216    -2.707     0.024     0.016    -0.516 

ddG: A1V    -1.454    -0.511     0.886    -1.232     0.016     0.671     0.016    -0.118     0.379     1.030     0.866    -0.062    -0.298     0.390    -3.489    -0.150    -0.030     0.183 

ddG: A1W     1.412    -3.299    -0.095    -2.364     0.052     1.821     0.004    -0.446     0.040     0.066     0.808     0.075     0.685    -0.912     4.616    -0.032    -0.012     0.405 

ddG: A1Y     0.878     1.093     0.920    -6.504     0.050     2.482     0.054    -1.073     0.183     1.551    -0.435     0.028    -0.076     0.956     1.834     0.300     0.071    -0.556 

