ddG: description total fa_atr fa_rep fa_sol fa_intra_rep fa_elec pro_close hbond_sr_bb hbond_lr_bb hbond_bb_sc hbond_sc dslf_fa13 rama omega fa_dun p_aa_pp yhh_planarity ref 
ddG: I90A     0.462    -2.148    -0.084     2.715    -0.016    -0.733    -0.007     0.080    -0.007    -0.024     0.008     0.000    -0.134    -0.110     1.076     0.133     0.000    -0.288 

ddG: I90C    -0.569    -6.617     0.059     7.970    -0.015    -2.972     0.000     0.231    -0.001     0.029    -1.544     0.000    -0.348    -0.299     3.454     0.059     0.000    -0.574 

ddG: I90D     1.090    -1.251     0.228     3.060    -0.003     0.252    -0.017     0.285     0.036     0.046    -0.373     0.000    -0.306    -0.052     2.032    -0.295     0.000    -2.553 

ddG: I90E     0.177    -0.654     0.223     1.927    -0.006    -0.372    -0.002     0.284     0.053     0.048    -0.366     0.000    -0.312    -0.220     2.495    -0.048     0.000    -2.874 

ddG: I90F     0.039    -4.879    -0.088     3.460     0.011    -0.469     0.007     0.078    -0.012    -0.035     0.003     0.000    -0.104    -0.183     2.805    -0.071     0.000    -0.483 

ddG: I90G     0.209    -6.120    -0.297     7.795    -0.021    -2.536     0.000     0.248    -0.129     0.016    -1.357     0.000     0.441    -0.148     2.131     1.018     0.000    -0.833 

ddG: I90H     0.610    -4.467    -0.043     3.882    -0.010    -0.374    -0.005     0.065     0.008    -0.022     0.007     0.000    -0.154    -0.102     2.561    -0.165     0.000    -0.571 

ddG: I90H     0.295    -1.597     0.000     1.004    -0.011     0.473    -0.004     0.010     0.000     0.002     0.000     0.000    -0.097    -0.041     1.312    -0.186     0.000    -0.571 

ddG: I90I    -0.299    -6.935     0.031     7.775    -0.005    -2.874     0.003     0.251     0.023     0.023    -1.561     0.000    -0.292    -0.276     3.510     0.028     0.000     0.000 

ddG: I90K    -0.819    -6.847     0.022     8.047    -0.017    -2.896     0.001     0.251     0.026     0.028    -1.557     0.000    -0.388    -0.324     4.154     0.031     0.000    -1.348 

ddG: I90L    -0.190    -0.260     0.071     0.252    -0.008     0.047    -0.001    -0.007    -0.012    -0.006     0.000     0.000     0.139    -0.068     0.030    -0.091     0.000    -0.276 

ddG: I90M     0.864    -2.959    -0.104     3.115    -0.013    -0.633    -0.002     0.075    -0.010    -0.027     0.007     0.000    -0.024    -0.113     2.331     0.029     0.000    -0.811 

ddG: I90N     0.805    -3.307    -0.046     3.673    -0.009    -0.168    -0.013     0.068    -0.007    -0.026     0.008     0.000    -0.052     0.002     2.784     0.034     0.000    -2.137 

ddG: I90P    -1.743     0.156     0.266    -0.323    -0.016     0.031     0.100     0.013    -0.003     0.006    -0.005     0.000    -0.018    -0.052    -0.101    -0.529     0.000    -1.266 

ddG: I90Q    -1.556    -8.043     0.051     8.990    -0.011    -3.505     0.015     0.255     0.039    -0.578    -1.555     0.000    -0.355    -0.380     5.789     0.155     0.000    -2.421 

ddG: I90R     0.177    -6.940     0.090     8.343    -0.012    -2.954     0.001     0.241     0.021     0.028    -1.551     0.000    -0.252    -0.331     4.713    -0.038     0.000    -1.182 

ddG: I90S     0.435    -2.280    -0.112     3.152    -0.011    -0.983    -0.004     0.070    -0.004    -0.023     0.006     0.000    -0.013    -0.117     1.309     0.234     0.000    -0.789 

ddG: I90T    -0.824    -6.656     0.022     8.011    -0.015    -2.904     0.005     0.249     0.028     0.011    -1.547     0.000    -0.257    -0.324     3.312     0.046     0.000    -0.804 

ddG: I90V     0.235    -2.706    -0.130     2.792    -0.006    -0.632    -0.001     0.078     0.008    -0.025     0.006     0.000    -0.111    -0.064     1.050     0.083     0.000    -0.105 

ddG: I90W    -2.183    -9.551     0.439     6.345     0.009    -2.016     0.031     0.196     0.059     0.045    -1.557     0.000    -0.332    -0.313     4.234     0.111     0.000     0.118 

ddG: I90Y    -1.395    -6.417     0.248     5.984     0.009    -2.043     0.014     0.175     0.029     0.031    -1.535     0.000    -0.184    -0.305     3.639    -0.197     0.001    -0.844 

