ddG: description total fa_atr fa_rep fa_sol fa_intra_rep fa_elec pro_close hbond_sr_bb hbond_lr_bb hbond_bb_sc hbond_sc dslf_fa13 rama omega fa_dun p_aa_pp yhh_planarity ref 
ddG: S143A     0.584     2.656    -0.421    -4.307    -0.007     0.169     0.003     0.196    -0.181     2.078     0.002     0.000     0.182    -0.369     0.078     0.014    -0.010     0.502 

ddG: S143C     3.685     0.757    -0.409    -0.425    -0.012     0.008     0.007     0.645    -0.259     3.090    -0.470     0.000     0.208    -0.236     0.516     0.064    -0.016     0.215 

ddG: S143D     5.451    -3.317     0.200     4.088     0.007     2.020     0.000     0.024     0.007     1.356     0.033     0.000     0.411    -0.134     2.358     0.160    -0.001    -1.763 

ddG: S143E     5.887    -1.571     0.036     1.953     0.005     0.554     0.004     0.675    -0.280     1.924    -0.448     0.000     0.776    -0.207     4.502     0.052    -0.002    -2.085 

ddG: S143F     9.481    -5.084     3.573     0.018     0.036     0.914    -0.008     0.209     0.329     3.213    -1.127     0.000     0.644    -0.400     6.669     0.200    -0.012     0.306 

ddG: S143G     2.866     5.229     1.735    -4.433    -0.019    -0.786    -0.013     0.077    -0.222     1.640    -3.221     0.000     0.191     0.087     2.670    -0.018    -0.008    -0.043 

ddG: S143H     8.166    -2.384    -0.136    -1.032    -0.019     3.927     0.004     0.406    -0.001     2.748     0.931     0.000     0.059     0.087     3.433    -0.069    -0.006     0.218 

ddG: S143H     6.525    -2.997     2.505    -1.281    -0.019     1.035    -0.012     0.142     0.069     1.288    -1.714     0.000     0.164    -0.208     7.112     0.225    -0.003     0.218 

ddG: S143I     7.524    -2.962     2.398     0.572     0.020    -0.121     0.006     0.189    -0.131     1.967    -0.186     0.000     0.525    -0.472     4.297     0.628     0.005     0.789 

ddG: S143K     5.127    -1.858     1.127    -0.637     0.008     1.759     0.001     0.012     0.259     2.033    -0.076     0.000     0.275     0.396     1.813     0.573     0.000    -0.559 

ddG: S143L     5.486    -2.034     0.601    -0.863     0.003     1.935     0.014     0.372     0.064     3.295    -0.398     0.000     0.679    -0.102     0.824     0.584    -0.001     0.513 

ddG: S143M     4.563    -2.209    -0.259    -0.131     0.012     0.893    -0.002     0.178     0.122     1.748    -0.249     0.000     0.050    -0.226     4.150     0.504     0.004    -0.022 

ddG: S143N     3.755    -2.147    -1.435     1.558    -0.003     0.041    -0.001     0.186    -0.080     1.048    -0.212     0.000     0.093    -0.376     5.868     0.559     0.004    -1.348 

ddG: S143P    25.501    -1.991    10.314    -1.130     0.360     1.528     1.210    -0.099     1.699     3.420    -1.825     0.000     0.863     5.432     6.778    -0.577    -0.004    -0.477 

ddG: S143Q     4.057    -2.245     0.887     0.860    -0.001     0.480     0.004     0.193    -0.017     1.991    -0.075     0.000     0.294    -0.006     2.827     0.495     0.003    -1.632 

ddG: S143R     6.450    -3.249    -0.174     3.193     0.016     1.045     0.005     0.660    -0.217     2.251    -0.855     0.000     0.377    -0.017     3.753     0.055    -0.002    -0.392 

ddG: S143S     0.544     1.569    -1.134     0.184    -0.019    -0.803     0.007     0.614    -0.275     1.121    -0.420     0.000    -0.091    -0.112    -0.159     0.078    -0.015     0.000 

ddG: S143T     3.060    -0.521     2.998    -0.197     0.008    -0.583     0.008     0.265    -0.324     1.030    -0.148     0.000     0.148    -0.386     0.284     0.490     0.003    -0.015 

ddG: S143V     6.436    -1.348     2.407    -1.280     0.015    -0.163     0.005     0.264    -0.103     1.956    -0.196     0.000     0.688    -0.423     3.107     0.817     0.004     0.685 

ddG: S143W    10.574    -5.482     2.960     0.514     0.023     1.424     0.003     0.273     0.539     3.262    -1.220     0.000     0.324    -0.393     7.413     0.027     0.001     0.907 

ddG: S143Y     9.364    -3.503     1.458    -1.737     0.047     3.070     0.003     0.215     0.240     3.612     1.453     0.000     0.628    -0.668     4.768    -0.160    -0.009    -0.054 

