ddG: description total fa_atr fa_rep fa_sol fa_intra_rep fa_elec pro_close hbond_sr_bb hbond_lr_bb hbond_bb_sc hbond_sc dslf_fa13 rama omega fa_dun p_aa_pp yhh_planarity ref 
ddG: D33A    -0.693     7.548    -0.449   -11.265    -0.002     2.566     0.029     0.082     0.091     1.169    -0.055     0.000     0.119    -0.177    -2.721     0.051     0.056     2.265 

ddG: D33C    -0.316     4.958    -0.191    -8.644    -0.002     2.378     0.026     0.098     0.107     1.182    -0.049     0.001    -0.046    -0.169    -1.831    -0.143     0.031     1.978 

ddG: D33D    -0.017     0.024    -0.010    -0.010     0.000     0.011    -0.002    -0.002    -0.006    -0.011     0.011    -0.001    -0.002     0.000    -0.020    -0.001     0.001     0.000 

ddG: D33E     1.931    -2.058     1.623    -0.024     0.000     0.970    -0.040     0.089     0.358     0.305    -0.182     0.002     0.075    -0.005     0.999     0.101     0.040    -0.322 

ddG: D33F     3.228    -5.045     6.497    -9.374     0.024     2.861    -0.070     0.111     0.447     1.038     0.194    -0.002    -0.232     0.796     3.657     0.331    -0.073     2.069 

ddG: D33G     2.131    10.206    -0.577   -11.121    -0.003     2.449     0.027    -0.005     0.093     1.186    -0.053     0.000     0.583    -0.169    -2.738     0.488     0.046     1.720 

ddG: D33H     2.680    -4.269     2.699    -4.627    -0.001     2.919    -0.056    -0.065     0.399     0.952     0.133     0.004    -0.185     0.053     2.837     0.027    -0.121     1.981 

ddG: D33H     2.663    -4.144     2.607    -4.621    -0.003     2.814    -0.061    -0.053     0.395     0.944     0.252     0.001    -0.262     0.100     2.879    -0.011    -0.155     1.981 

ddG: D33I    -1.610     0.613     3.270   -10.637     0.027     2.509    -0.045     0.065     0.246     1.219    -0.265     0.000     0.040     0.317    -1.323    -0.257     0.059     2.553 

ddG: D33K     5.263    -1.946     1.662    -0.715     0.007     2.964    -0.062    -0.063     0.107     1.198    -0.135     0.002     0.197     0.119     0.568     0.163    -0.006     1.204 

ddG: D33L     0.558     0.516     2.271   -10.795     0.002     2.802    -0.063     0.054     0.347     0.982     0.016     0.001    -0.105    -0.429     2.790     0.022    -0.129     2.276 

ddG: D33M    -3.127    -1.065     1.532    -8.485    -0.001     2.356    -0.039    -0.025     0.257     1.196    -0.123     0.000     0.043     0.122    -0.552    -0.015    -0.069     1.742 

ddG: D33N    -1.031    -0.370     0.052    -3.511     0.004     1.954     0.018     0.059    -0.010     0.335    -0.013    -0.001     0.077    -0.014     0.004    -0.017    -0.013     0.415 

ddG: D33P     7.277     3.691     7.245   -11.261     0.002     2.660     0.884     1.127     0.066     1.201     0.040     0.001     1.347     0.590    -1.728     0.113     0.014     1.286 

ddG: D33Q    -0.183    -1.771     1.607    -4.147    -0.005     2.666    -0.036     0.031     0.501     0.026    -0.024     0.000    -0.080    -0.307     1.295    -0.111     0.040     0.131 

ddG: D33R     6.594    -7.518     1.709     4.274     0.016     3.097    -0.015    -0.045     0.448     1.016    -0.007     0.000     0.003    -0.432     2.747     0.020    -0.091     1.371 

ddG: D33S     1.613     6.219    -0.352    -7.963     0.000     2.414     0.031     0.064     0.118     1.186    -0.102     0.000     0.202    -0.194    -1.889     0.065     0.052     1.763 

ddG: D33T     2.204     4.504     0.901    -7.657     0.001     2.124     0.031     0.241     0.315     1.101    -0.006     0.001    -0.027     0.051    -1.275     0.093     0.059     1.749 

ddG: D33V    -1.234     2.951     1.998   -10.711     0.016     2.335    -0.015     0.017     0.103     1.515    -0.177     0.001     0.159     0.148    -1.790    -0.151    -0.082     2.448 

ddG: D33W    -1.281   -13.700     6.234    -5.460     0.042     2.546    -0.095    -0.150     0.430     0.094     0.358     0.001     0.176     0.764     4.506     0.534    -0.232     2.670 

ddG: D33Y     4.381    -6.884     6.570    -5.806     0.025     2.468    -0.072     0.098     0.389     1.087     0.261     0.001    -0.220     0.956     3.427     0.401    -0.030     1.709 

