ddG: description total fa_atr fa_rep fa_sol fa_intra_rep fa_elec pro_close hbond_sr_bb hbond_lr_bb hbond_bb_sc hbond_sc dslf_fa13 rama omega fa_dun p_aa_pp yhh_planarity ref 
ddG: Y28A     6.615    12.936    -0.802    -4.812    -0.028     0.035    -0.002     0.022    -0.004    -0.110     0.176     0.000     0.215     0.009    -1.838     0.373    -0.110     0.556 

ddG: Y28C     6.124    11.533    -0.614    -3.376    -0.028     0.000     0.019     0.013    -0.021    -0.090     0.123     0.000     0.006    -0.015    -1.621     0.041    -0.114     0.269 

ddG: Y28D     8.937     9.172    -0.799     2.099    -0.030    -0.780    -0.009     0.027    -0.017    -0.111     0.142    -0.001     0.233     0.012     0.191     0.642    -0.125    -1.709 

ddG: Y28E     8.796     5.886    -0.716     4.243    -0.021    -0.393     0.009     0.007    -0.029    -0.051     0.187     0.001     0.059     0.095     1.328     0.338    -0.118    -2.031 

ddG: Y28F    -1.688     1.136    -0.160    -2.960    -0.002    -0.024    -0.019     0.025    -0.005    -0.020     0.124     0.001    -0.071    -0.016     0.076    -0.037    -0.098     0.360 

ddG: Y28G     7.738    14.743    -1.071    -5.427    -0.029     0.175     0.010    -0.032    -0.006    -0.189     0.189     0.001     0.609    -0.046    -1.690     0.614    -0.122     0.011 

ddG: Y28H     3.181     3.552    -0.564    -0.055    -0.027    -0.256    -0.024    -0.011    -0.027    -0.058     0.125     0.001     0.005     0.056     0.081     0.208    -0.099     0.272 

ddG: Y28H     3.109     3.629    -0.569    -0.099    -0.026    -0.250    -0.020    -0.007    -0.028    -0.131     0.141     0.001     0.013     0.023     0.045     0.217    -0.100     0.272 

ddG: Y28I     6.203     8.769    -0.424    -3.173    -0.012    -0.089     0.122    -0.043    -0.053    -0.011     0.105     0.000     0.076    -0.061     0.141     0.127    -0.114     0.844 

ddG: Y28K     9.194     4.573    -0.104     3.983    -0.021     0.421     0.012     0.029     0.070    -0.064     0.079     0.000     0.005    -0.083     0.685     0.220    -0.106    -0.505 

ddG: Y28L     3.011     7.561    -0.425    -3.637    -0.022     0.090    -0.039     0.038    -0.077    -0.096     0.173     0.000     0.015     0.234    -1.452     0.214    -0.134     0.567 

ddG: Y28M     3.381     6.052    -0.192    -2.551    -0.022     0.170    -0.037     0.015    -0.001     0.360     0.041     0.002     0.113    -0.168    -0.471     0.139    -0.103     0.033 

ddG: Y28N     5.728     8.943    -0.795    -0.845    -0.030    -0.607     0.005     0.015    -0.025    -0.084     0.120     0.000     0.134    -0.023    -0.131     0.462    -0.119    -1.294 

ddG: Y28P     5.622    11.297    -0.662    -4.793    -0.024     0.242     0.397     0.082    -0.021     0.225     0.099     0.002     0.587    -0.068    -1.782     0.588    -0.123    -0.423 

ddG: Y28Q     5.437     5.608    -0.739     1.072    -0.027     0.297     0.035     0.013    -0.074    -0.046     0.178     0.000     0.002    -0.019     0.561     0.284    -0.130    -1.578 

ddG: Y28R     8.411     6.699    -0.364     1.440    -0.014    -0.553    -0.040    -0.057    -0.083    -0.265     0.177    -0.001     0.118     0.359     1.177     0.278    -0.124    -0.338 

ddG: Y28S     7.659    12.063    -0.658    -2.964    -0.028     0.029    -0.014     0.002    -0.014    -0.107     0.150    -0.001     0.125     0.007    -1.265     0.409    -0.127     0.054 

ddG: Y28T     6.819    11.885    -0.884    -3.048    -0.029    -0.014     0.055     0.022    -0.058    -0.064     0.116     0.001     0.079     0.017    -1.405     0.196    -0.089     0.040 

ddG: Y28V     5.740    10.267    -0.600    -3.960    -0.016     0.261     0.058    -0.017    -0.094    -0.017     0.055     0.002     0.111     0.066    -1.119     0.118    -0.113     0.739 

ddG: Y28W    -0.892   -12.917     2.716     8.680    -0.014    -0.742     0.072     0.050     0.129     0.194    -1.853     0.005     0.158     0.413     1.399    -0.020    -0.122     0.961 

ddG: Y28Y     0.063     0.062    -0.110     0.002     0.000     0.019     0.003     0.029    -0.003    -0.031     0.158    -0.001    -0.080    -0.007     0.064    -0.034    -0.007     0.000 

