ddG: description total fa_atr fa_rep fa_sol fa_intra_rep fa_elec pro_close hbond_sr_bb hbond_lr_bb hbond_bb_sc hbond_sc dslf_fa13 rama omega fa_dun p_aa_pp yhh_planarity ref 
ddG: T87A     0.896     1.122    -0.178    -2.334    -0.004     0.926     0.001     0.080     0.042    -0.019     0.653    -0.001     0.191    -0.187    -0.294     0.391    -0.010     0.516 

ddG: T87C     0.544     0.642     0.056    -1.753    -0.003     0.675     0.011     0.032     0.024    -0.190     0.491    -0.002     0.158     0.023    -0.102     0.247     0.006     0.229 

ddG: T87D     3.282    -0.586    -0.131     0.741    -0.001     1.105     0.001     0.084     0.032    -0.238     0.578    -0.001     0.505     0.181     2.027     0.711     0.023    -1.749 

ddG: T87E     2.221    -0.842    -0.143     0.669     0.003     0.993    -0.002     0.078     0.027    -0.141     0.626    -0.001     0.119    -0.063     2.649     0.314     0.007    -2.070 

ddG: T87F     1.479     2.273    -0.328    -5.260     0.025     2.290    -0.002    -0.082    -0.094     0.611     0.692     0.000     0.002    -0.177     1.206    -0.010     0.011     0.321 

ddG: T87G     1.766     2.476    -0.117    -2.906    -0.004     0.887     0.001     0.093     0.063    -0.309     0.600    -0.001     0.625    -0.166    -0.271     0.833    -0.010    -0.029 

ddG: T87H    -0.091    -2.158    -0.010     0.420    -0.001    -0.284    -0.002     0.050     0.006     0.028    -0.113    -0.001    -0.016    -0.114     1.732     0.146    -0.007     0.232 

ddG: T87H    -0.095    -2.196    -0.016     0.465    -0.001    -0.297    -0.001     0.039     0.015     0.031    -0.123     0.000    -0.022    -0.091     1.732     0.141    -0.005     0.232 

ddG: T87I     0.757     2.665    -0.146    -5.846     0.018     2.415    -0.004    -0.136    -0.098     0.600     0.561    -0.001     0.169    -0.139    -0.289     0.182     0.003     0.804 

ddG: T87K     0.835    -0.389    -0.130    -0.653    -0.002     0.975     0.000     0.066     0.014    -0.127     0.672    -0.002     0.039    -0.088     0.748     0.249     0.007    -0.544 

ddG: T87L     0.458    -0.663    -0.170    -0.828     0.003     0.844     0.000     0.071     0.013    -0.193     0.588    -0.002     0.112     0.022    -0.083     0.206     0.010     0.527 

ddG: T87M     0.219    -1.212    -0.165    -1.327     0.002     0.747     0.004     0.110     0.069     0.021     0.650    -0.001    -0.022    -0.155     1.269     0.232     0.003    -0.007 

ddG: T87N    -0.460    -0.890    -0.121    -0.023    -0.001    -0.487     0.000     0.051     0.026    -0.048    -0.119     0.000     0.303    -0.058     1.659     0.572     0.011    -1.333 

ddG: T87P     8.206     1.108     2.720    -5.589     0.003     2.295     2.339     0.076     0.099     0.899     0.326     0.003     0.899     2.117     0.983     0.317     0.075    -0.462 

ddG: T87Q     0.625    -1.019    -0.152    -0.248     0.001     0.811     0.002     0.070     0.014    -0.209     0.622    -0.002     0.043    -0.004     2.079     0.228     0.007    -1.617 

ddG: T87R     1.466    -1.914    -0.175     1.663     0.008     0.846    -0.001     0.070     0.047    -0.393     0.716    -0.002    -0.107    -0.229     1.119     0.198    -0.005    -0.378 

ddG: T87S     0.533     0.765    -0.053    -0.807    -0.003    -0.085     0.000    -0.008    -0.009     0.096     0.060    -0.001     0.070    -0.124     0.446     0.181    -0.008     0.015 

ddG: T87T    -0.076    -0.030     0.017     0.044     0.000     0.001    -0.002    -0.012    -0.018    -0.033    -0.070    -0.001     0.015     0.018    -0.023     0.026    -0.008     0.000 

ddG: T87V     0.881     3.465    -0.255    -6.034     0.014     2.394    -0.009    -0.101    -0.081     0.551     0.699     0.000     0.004    -0.149    -0.288    -0.034     0.005     0.699 

ddG: T87W     2.399     1.988    -0.331    -4.506     0.022     2.243    -0.003    -0.081    -0.081     0.640     0.689    -0.001     0.085    -0.220     1.021     0.007     0.004     0.921 

ddG: T87Y     1.075     2.201    -0.283    -5.101     0.025     2.275    -0.010    -0.096    -0.080     0.613     0.625     0.000    -0.011    -0.159     1.147    -0.040     0.008    -0.040 

