ddG: description total fa_atr fa_rep fa_sol fa_intra_rep fa_elec pro_close hbond_sr_bb hbond_lr_bb hbond_bb_sc hbond_sc dslf_fa13 rama omega fa_dun p_aa_pp yhh_planarity ref 
ddG: Q78A     0.361     4.892    -0.486    -3.795    -0.005    -0.012     0.003     0.054     0.052    -0.058     0.020     0.000     0.191    -0.024    -2.862     0.220     0.036     2.134 

ddG: Q78C     0.872     3.530    -0.467    -1.961    -0.005     0.398     0.006     0.039     0.055    -0.038     0.107     0.000    -0.152    -0.099    -2.312    -0.114     0.036     1.847 

ddG: Q78D     4.712     1.136    -0.367     3.465    -0.001     0.051     0.007     0.088     0.022    -0.111     0.136    -0.003     0.095    -0.082     0.113     0.267     0.027    -0.131 

ddG: Q78E     2.819     0.228    -0.024     2.905     0.000    -0.030     0.019    -0.046    -0.024    -0.036    -0.031    -0.004     0.103     0.019     0.116     0.111    -0.034    -0.453 

ddG: Q78F    -3.174    -2.742     0.644    -2.494     0.024     0.371     0.006    -0.047     0.213    -0.047     0.047    -0.001    -0.161     0.170    -0.868    -0.262     0.037     1.938 

ddG: Q78G     2.970     6.791    -0.405    -3.362     0.001    -0.089     0.013     0.062     0.082    -0.043     0.056    -0.002     0.577    -0.014    -2.857     0.541     0.031     1.589 

ddG: Q78H    -1.069    -2.004    -0.048    -0.067    -0.001     0.116     0.003    -0.007     0.090     0.011     0.052     0.001    -0.063     0.091    -1.085    -0.056     0.049     1.850 

ddG: Q78H    -1.085    -2.045     0.005    -0.087     0.001     0.165    -0.003     0.004     0.095     0.013    -0.042     0.000    -0.015     0.121    -1.137    -0.031     0.021     1.850 

ddG: Q78I     0.890    -0.364     2.470    -2.692     0.015     0.186     0.002     0.058    -0.098     0.115     0.189     0.009    -0.104     0.434    -1.254    -0.416    -0.081     2.421 

ddG: Q78K     1.895    -0.545     0.005     2.060     0.000    -0.153     0.008    -0.004     0.000    -0.034     0.082    -0.006     0.000     0.091    -0.593    -0.065    -0.023     1.073 

ddG: Q78L    -2.414     0.741     0.110    -3.597     0.002    -0.018     0.003     0.027     0.269    -0.099     0.067    -0.004    -0.088     0.022    -1.901    -0.139     0.045     2.145 

ddG: Q78M    -1.708     0.330    -0.084    -2.128    -0.001     0.104     0.004     0.021     0.080    -0.014     0.063     0.001    -0.130    -0.036    -1.294    -0.243     0.009     1.610 

ddG: Q78N     1.101     1.098    -0.379     0.564    -0.001     0.036     0.000    -0.018    -0.003     0.008     0.054    -0.001     0.136    -0.084    -0.855     0.239     0.023     0.284 

ddG: Q78P     2.259     0.893     0.083    -2.958    -0.001     0.775     0.166     0.968     0.568     0.297     0.220     0.003     0.791     0.171    -0.362    -0.556     0.046     1.155 

ddG: Q78Q    -0.059     0.303    -0.176    -0.227     0.000    -0.018     0.007     0.005     0.018    -0.088     0.074    -0.001    -0.034     0.050     0.073    -0.054     0.007     0.000 

ddG: Q78R     3.444    -2.167     0.333     4.333     0.004     0.123     0.013    -0.003    -0.099     0.037     0.090     0.001    -0.031     0.207    -0.421    -0.179    -0.036     1.240 

ddG: Q78S     2.039     4.045    -0.337    -1.593    -0.005     0.129     0.009     0.086     0.088    -0.036     0.110     0.000    -0.074    -0.052    -2.000     0.005     0.032     1.632 

ddG: Q78T     1.759     2.146     0.226    -0.679    -0.001     0.112     0.001     0.040     0.278    -0.013    -0.011     0.001    -0.086     0.150    -1.758    -0.288     0.023     1.617 

ddG: Q78V     1.092     0.541     2.589    -2.682     0.011     0.005     0.007     0.032    -0.043     0.103     0.021     0.009    -0.111     0.469    -1.616    -0.506    -0.053     2.317 

ddG: Q78W    -3.618    -8.036     0.451     0.452     0.025     0.328     0.008     0.103     0.297    -0.102     0.124     0.003    -0.270     0.071     0.847    -0.526     0.071     2.539 

ddG: Q78Y    -3.274    -3.095     0.590    -1.612     0.024     0.039     0.002    -0.011     0.262    -0.050     0.032    -0.001    -0.140     0.193    -0.848    -0.280     0.042     1.578 

