ddG: description total fa_atr fa_rep fa_sol fa_intra_rep fa_elec pro_close hbond_sr_bb hbond_lr_bb hbond_bb_sc hbond_sc dslf_fa13 rama omega fa_dun p_aa_pp yhh_planarity ref 
ddG: G85A     3.526     2.230     1.492    -2.677    -0.013    -0.749     0.002     0.565    -0.031     0.866    -2.386     0.000     0.660     0.890     0.781     1.362    -0.009     0.545 

ddG: G85C     3.982     1.722     2.010    -2.190    -0.016    -0.312     0.003     0.566    -0.042     1.023    -2.338     0.000     0.719     0.633     0.749     1.192     0.004     0.258 

ddG: G85D     3.820     0.297    -0.691     0.204     0.008     0.248     0.042     0.034     0.100    -0.090     0.682     0.000     0.423     0.535     2.851     0.884     0.012    -1.720 

ddG: G85E     4.590    -0.783     0.446     1.470     0.013    -0.455     0.124     0.486    -0.070     1.227     0.251     0.000     0.761     0.611     1.337     1.222    -0.008    -2.041 

ddG: G85F     3.037    -2.504     1.764    -0.835     0.017     0.526    -0.004     0.335     0.137     0.899    -2.386     0.000     0.386     1.348     2.115     0.890     0.000     0.349 

ddG: G85G    -1.090     2.874     1.662    -3.767    -0.013    -0.694    -0.006     0.053     0.056    -0.112    -1.916     0.000     0.094    -0.050     0.737    -0.016     0.009     0.000 

ddG: G85H     2.959    -2.678     0.700    -0.363     0.011     2.393     0.007    -0.178     0.187     0.119     0.919     0.000     0.530     0.990    -0.628     0.685     0.004     0.261 

ddG: G85H     4.139    -0.704    -1.705    -0.654     0.002     1.426     0.014     0.446     0.029     0.912     0.174     0.000     0.143     0.930     2.057     0.800     0.007     0.261 

ddG: G85I     6.270    -1.076     1.520    -2.935     0.164     2.603    -0.004    -0.204     0.199     0.223     0.872     0.000     1.845     0.652    -0.893     2.464     0.007     0.833 

ddG: G85K     2.396     0.461     0.630    -1.622     0.007     1.311    -0.003     0.038    -0.031     0.166     0.890     0.000     0.723     0.439    -1.043     0.951    -0.004    -0.516 

ddG: G85L     2.094    -0.879     2.624    -0.813    -0.009    -1.012    -0.006     0.073     0.023    -0.239    -1.890     0.000     0.924     0.453     0.766     1.528    -0.005     0.556 

ddG: G85M     2.194    -0.151     0.813    -2.432     0.015     1.223     0.007     0.093    -0.007     0.119     0.851     0.000     0.910     0.343    -0.780     1.172    -0.004     0.022 

ddG: G85N     1.142    -0.445     0.597    -0.405     0.011     0.582     0.016     0.048    -0.009     0.106     0.871     0.000     0.419     0.520    -0.277     0.417    -0.004    -1.304 

ddG: G85P   103.400    -0.588    69.676    -2.872     0.042     2.739     5.884     1.057     0.033     1.314     0.362     0.000     2.186     9.505    12.235     2.258     0.002    -0.434 

ddG: G85Q     3.434    -0.044     0.560    -1.828     0.013     2.123    -0.054     0.089    -0.010     0.280     0.928     0.000     0.812     0.268     0.835     1.040     0.011    -1.589 

ddG: G85R     4.097     0.157     0.767    -2.562     0.026     3.011    -0.017    -0.112     0.182     0.198     0.871     0.000     0.694     0.813    -0.405     0.816     0.007    -0.349 

ddG: G85S     3.133     1.457     2.507    -2.144    -0.008    -0.383    -0.005     0.112     0.032    -0.324    -1.855     0.000     0.841     0.495     1.064     1.292     0.008     0.043 

ddG: G85T     6.173     1.855    -0.540    -2.247     0.034     2.163     0.006     0.568    -0.082     1.171     0.386     0.000     1.437     0.906    -1.282     1.763     0.006     0.029 

ddG: G85V     4.534     0.757     0.794    -3.141     0.087     1.396     0.001     0.059    -0.005     0.158     0.849     0.000     1.713     0.432    -1.261     1.972    -0.004     0.728 

ddG: G85W     2.095    -4.633     2.950    -0.364     0.021     0.105     0.006    -0.069     0.268    -0.096    -1.957     0.000     0.663     0.830     2.110     1.305     0.005     0.950 

ddG: G85Y     1.567    -3.334     2.483    -0.673     0.025    -0.056    -0.015    -0.048     0.246    -0.203    -1.932     0.000     0.560     1.064     2.410     1.017     0.034    -0.011 

