ddG: description total fa_atr fa_rep fa_sol fa_intra_rep fa_elec pro_close hbond_sr_bb hbond_lr_bb hbond_bb_sc hbond_sc dslf_fa13 rama omega fa_dun p_aa_pp yhh_planarity ref 
ddG: V121A     0.859    -2.029     0.400     2.674    -0.018    -0.252     0.008    -0.125    -0.075    -0.172    -0.444     0.000     0.391     0.250     0.025     0.346     0.064    -0.183 

ddG: V121C     0.206    -0.531     1.701     2.298    -0.041    -2.146    -0.005     0.024    -0.054    -0.527    -2.796     0.000    -0.129     0.414     2.353     0.092     0.021    -0.470 

ddG: V121D     0.339    -4.541     0.788     8.732    -0.017    -2.533     0.003    -0.402     0.191    -0.073    -1.953     0.000    -0.245     0.484     2.540    -0.232     0.047    -2.448 

ddG: V121E    -0.017    -4.117     0.090     5.889    -0.021    -1.153     0.006    -0.357    -0.016    -0.009    -0.717     0.000     0.007     0.244     2.462     0.016     0.428    -2.769 

ddG: V121F    -1.870    -7.536     2.539     1.111     0.017     1.159    -0.004    -0.750     0.381    -1.096     0.465     0.000     0.184     0.592     1.860    -0.432     0.018    -0.379 

ddG: V121G     2.214    -0.314    -0.682     3.059    -0.024    -0.495     0.009    -0.382     0.024    -0.389    -1.762     0.000     0.399     0.442     2.280     0.665     0.113    -0.728 

ddG: V121H    -3.353    -7.746     1.584     4.288    -0.009    -1.191    -0.003    -0.732     0.179    -1.178    -0.350     0.000     0.143    -0.009     1.917     0.154     0.067    -0.467 

ddG: V121H    -3.364    -7.908     1.595     4.341    -0.009    -1.246     0.003    -0.731     0.182    -1.195    -0.340     0.000     0.142     0.013     2.004     0.161     0.093    -0.467 

ddG: V121I    -0.608    -2.679     1.059     0.230     0.023     0.689    -0.007    -0.512     0.257    -1.117     0.419     0.000     0.059     0.088     0.852    -0.089     0.016     0.105 

ddG: V121K     0.291    -3.494     0.275     4.350    -0.016     0.054     0.009    -0.317    -0.122    -0.140    -0.195     0.000    -0.039     0.403     0.904    -0.187     0.047    -1.244 

ddG: V121L     1.092    -3.003     0.795     1.743    -0.013     0.286     0.009     0.484     0.027     0.044    -0.046     0.000    -0.436     1.340     0.155    -0.144     0.024    -0.172 

ddG: V121M    -0.902    -3.329     0.760     1.489    -0.011    -0.061     0.002    -0.422    -0.020    -1.201     0.397     0.000     0.281    -0.124     1.949     0.088     0.007    -0.706 

ddG: V121N    -0.209    -3.870     1.286     4.202    -0.010    -0.531     0.008    -0.272     0.137    -1.204     0.400     0.000     0.267     0.165     1.509    -0.273     0.009    -2.032 

ddG: V121P     7.350    -5.550     4.838     3.473    -0.014    -1.084     1.582     1.330     0.713    -0.080    -0.207     0.000    -0.046     0.346     3.290    -0.103     0.025    -1.162 

ddG: V121Q    -2.017    -4.606     1.228     4.611    -0.013    -0.876    -0.001    -0.711    -0.079    -1.199    -0.731     0.000     0.200     0.017     2.124    -0.073     0.408    -2.317 

ddG: V121R     2.355    -3.764    -0.393     5.155    -0.010    -0.011     0.005    -0.636     0.032    -1.413     0.189     0.000    -0.149    -0.103     4.347     0.147     0.036    -1.077 

ddG: V121S     2.538    -3.239     0.563     4.761    -0.010     0.497     0.009    -0.376     0.099    -0.107    -0.453     0.000     0.287     0.666     0.353     0.102     0.069    -0.685 

ddG: V121T    -0.254    -1.627     0.055     3.897    -0.024    -0.509     0.012    -0.298    -0.105    -0.062    -0.014     0.000    -0.125     0.434    -0.813    -0.377    -0.001    -0.699 

ddG: V121V    -0.224    -0.357     0.169     0.351     0.004    -0.317    -0.001     0.009     0.010    -0.081    -0.058     0.000    -0.007     0.020     0.032     0.004    -0.001     0.000 

ddG: V121W    -1.260   -10.047     1.940     4.950     0.015     0.262    -0.010    -0.492     0.170    -1.240     0.378     0.000     0.066     0.291     2.505    -0.299     0.029     0.222 

ddG: V121Y    -3.842    -8.086     4.224     3.926    -0.004    -2.595    -0.007    -0.482     0.280    -1.624    -3.379     0.000    -0.087     0.235     4.491    -0.020     0.024    -0.739 

