ddG: description total fa_atr fa_rep fa_sol fa_intra_rep fa_elec pro_close hbond_sr_bb hbond_lr_bb hbond_bb_sc hbond_sc dslf_fa13 rama omega fa_dun p_aa_pp yhh_planarity ref 
ddG: A93A     0.433     0.105     0.071    -0.054    -0.008    -0.121    -0.003     0.593    -0.150    -0.026    -0.131    -0.003     0.184    -0.079    -0.134     0.176     0.012     0.000 

ddG: A93C     1.984    -0.127    -0.117     1.360    -0.012    -0.487    -0.022     1.122    -0.108    -0.831     1.319    -0.018     0.368     0.142    -0.670     0.327     0.023    -0.287 

ddG: A93D     3.570    -2.482     0.195     5.109    -0.001    -0.131    -0.001    -0.084     0.002    -0.006     0.002    -0.010     0.083     0.017     2.877     0.258     0.005    -2.265 

ddG: A93E     2.724    -1.558    -0.464     3.423     0.006     0.986     0.006     0.243     0.044    -0.200     1.992     0.016    -0.278     0.305     0.953    -0.189     0.027    -2.586 

ddG: A93F    -0.629    -6.577     0.274     2.832     0.024     0.027     0.000    -0.081    -0.016     0.091     0.065     0.020     0.148     0.033     2.336     0.387     0.005    -0.196 

ddG: A93G     2.507     2.306     0.137    -0.647    -0.005    -0.295    -0.004     0.582    -0.127    -0.027    -0.187     0.084     0.605     0.054    -0.028     0.592     0.014    -0.545 

ddG: A93H     1.459    -5.221    -1.039     3.793     0.000     0.764    -0.005     0.959    -0.317    -0.694     1.880     0.035     0.032     0.043     1.243     0.252     0.016    -0.284 

ddG: A93H     0.338    -4.134    -0.438     3.057    -0.006    -0.145    -0.008     0.681    -0.098    -0.674     1.336     0.081     0.208     0.225     0.288     0.227     0.019    -0.284 

ddG: A93I     2.210    -4.943     0.968     2.162     0.023     0.123    -0.002     1.326    -0.137     0.060     0.506     0.094     0.102     0.445     0.819     0.355     0.022     0.288 

ddG: A93K     1.084    -1.545    -0.201     1.897    -0.002     0.283     0.005     0.772    -0.124    -0.106     0.392     0.027     0.012    -0.109     0.548     0.276     0.021    -1.061 

ddG: A93L     0.176    -2.781    -0.230     1.643     0.001     0.307     0.002     0.718    -0.121    -0.099     0.391     0.029     0.111    -0.101     0.100     0.183     0.013     0.011 

ddG: A93M     0.824    -4.034     0.145     2.339    -0.003     0.277    -0.003     0.599    -0.120    -0.132     1.349     0.080     0.155     0.229     0.393     0.057     0.014    -0.523 

ddG: A93N     2.718    -2.850     0.075     3.130     0.003     0.201    -0.003     0.619    -0.109    -0.034     0.377     0.116     0.372    -0.107     2.220     0.528     0.032    -1.849 

ddG: A93P    21.137    -2.499    10.317    -0.656    -0.008     1.785     0.045     2.477    -0.273     0.608     0.363     0.094     2.654     1.967     5.518    -0.295     0.017    -0.979 

ddG: A93Q     0.878    -4.932    -0.308     4.996     0.004    -0.338     0.002     0.821    -0.101    -0.125    -0.155     0.044     0.013     0.090     2.720     0.249     0.033    -2.134 

ddG: A93R     3.038    -7.213     0.151     8.441     0.013    -0.621    -0.005     0.674    -0.128    -0.254     0.403     0.109     0.262    -0.081     2.083     0.069     0.029    -0.894 

ddG: A93S     1.614    -0.200     0.234     1.267     0.004    -0.473    -0.005    -0.105     0.010     0.064     0.084    -0.006     0.152     0.047     0.644     0.368     0.030    -0.502 

ddG: A93T     1.644    -2.117     0.146     3.886     0.015    -0.333     0.000     0.003    -0.007     0.062     0.607     0.034     0.072    -0.030    -0.424     0.224     0.023    -0.516 

ddG: A93V     2.041    -3.970     1.045     2.046     0.024    -0.078    -0.002     0.714    -0.328    -0.064    -0.173    -0.013     0.418    -0.017     1.546     0.706     0.006     0.183 

ddG: A93W     0.581    -8.610    -0.128     3.672     0.026     1.599    -0.003     0.192    -0.183    -1.178     3.036     0.016    -0.197    -0.095     1.933     0.086     0.011     0.405 

ddG: A93Y     0.236    -6.702     0.426     3.449     0.022    -0.116    -0.006     0.582    -0.179     0.112     0.007     0.021     0.318     0.135     2.170     0.537     0.015    -0.556 

