ddG: description total fa_atr fa_rep fa_sol fa_intra_rep fa_elec pro_close hbond_sr_bb hbond_lr_bb hbond_bb_sc hbond_sc dslf_fa13 rama omega fa_dun p_aa_pp yhh_planarity ref 
ddG: N69A     3.689     8.077    -0.216    -6.680    -0.011     0.003     0.002     0.206    -0.162     2.748     0.088     0.000    -0.149    -0.484    -1.418    -0.168     0.005     1.849 

ddG: N69C     4.103     2.898    -0.857    -1.651     0.006     0.306     0.003    -0.307    -0.167     1.974     2.418     0.000     0.092    -0.787    -1.718     0.319     0.010     1.563 

ddG: N69D     2.447     0.617    -2.341     3.362     0.009    -0.861    -0.001    -0.292    -0.044    -0.932     3.063     0.000     0.097    -0.480     0.614     0.041     0.011    -0.415 

ddG: N69E     2.935     3.989    -1.991    -1.843     0.032     0.042     0.011     0.075    -0.262     2.256     2.763     0.000     0.098    -0.470    -0.759    -0.261    -0.009    -0.737 

ddG: N69F     2.882     1.494    -0.721    -5.301     0.046     1.564     0.003    -0.248    -0.150     2.141     3.287     0.000     0.381    -0.680    -0.669     0.084    -0.002     1.654 

ddG: N69G     4.678    10.579    -1.335    -8.717     0.010     1.809     0.002    -0.310    -0.042     2.148     3.246     0.000     0.405    -0.925    -3.740     0.233     0.012     1.304 

ddG: N69H     3.248     2.767    -2.393    -4.839     0.014     1.103     0.001    -0.306    -0.023     1.826     3.054     0.000    -0.036    -0.689     1.246    -0.055     0.013     1.566 

ddG: N69H     2.695     2.095    -0.943    -5.503     0.024     2.188     0.001    -0.409     0.025     2.037     3.236     0.000     0.181    -0.412    -1.256    -0.144     0.009     1.566 

ddG: N69I     2.276     3.376    -0.649    -6.144     0.037     1.846     0.004    -0.287    -0.196     2.032     3.209     0.000     0.484    -0.817    -3.104     0.338     0.010     2.137 

ddG: N69K     4.451     6.621     0.408    -6.680    -0.005     0.923    -0.007    -0.027    -0.057     1.510     0.586     0.000    -0.105    -0.833     1.343    -0.024     0.009     0.789 

ddG: N69L     4.849     1.998     0.999    -4.793     0.025     1.423     0.005     0.029    -0.125     2.074     3.310     0.000     0.389    -0.765    -1.620     0.030     0.009     1.861 

ddG: N69M     2.827     3.114    -0.745    -5.469     0.019     1.850     0.004    -0.224    -0.081     2.043     3.266     0.000     0.412    -0.785    -1.766    -0.147     0.011     1.326 

ddG: N69N    -0.217     0.776    -2.403    -0.648     0.015     0.456     0.002    -0.316    -0.041    -0.919     3.069     0.000     0.164    -0.758     0.284     0.089     0.011     0.000 

ddG: N69P     3.750     6.490    -0.344    -7.953     0.012     0.643     0.396     0.483    -0.059     0.989     2.996     0.000     0.391    -0.394    -1.005     0.224     0.011     0.871 

ddG: N69Q     2.383     3.226    -2.256    -3.777     0.030     0.751     0.000    -0.379    -0.035     1.128     3.061     0.000    -0.046    -0.647     1.744    -0.144     0.011    -0.284 

ddG: N69R     5.962     5.186    -1.882    -3.759     0.023     1.922     0.010     0.147    -0.230     3.156     2.762     0.000     0.005    -0.520    -1.546    -0.259    -0.008     0.955 

ddG: N69S     4.390     6.823    -0.847    -5.572     0.017     2.344     0.015    -0.429     0.090     2.050     3.240     0.000     0.150    -0.616    -4.011    -0.223     0.011     1.348 

ddG: N69T     4.039     5.842    -1.828    -5.014     0.013     1.844     0.010     0.187    -0.235     3.166     2.764     0.000     0.197    -0.550    -3.773     0.078     0.006     1.333 

ddG: N69V     3.556     5.131    -1.710    -6.432     0.022     2.123     0.008     0.115    -0.233     3.238     2.825     0.000     0.279    -0.559    -3.510     0.221     0.006     2.032 

ddG: N69W     4.671    -0.451    -0.891    -3.134     0.045     1.789     0.010     0.349    -0.306     3.190     2.717     0.000     0.072    -0.286    -0.672    -0.009    -0.005     2.255 

ddG: N69Y     2.762     1.720     0.223    -4.824     0.026    -0.199     0.002     0.273    -0.191     2.757     0.060     0.000     0.023    -0.383     1.846     0.143    -0.008     1.294 

