ddG: description total fa_atr fa_rep fa_sol fa_intra_rep fa_elec pro_close hbond_sr_bb hbond_lr_bb hbond_bb_sc hbond_sc dslf_fa13 rama omega fa_dun p_aa_pp yhh_planarity ref 
ddG: M8A     1.757     9.797    -0.981    -4.013    -0.003    -0.266     0.006    -0.601     0.092     0.130    -0.389    -0.163    -0.173     0.040    -2.027    -0.233     0.017     0.523 

ddG: M8C     2.714     7.258    -1.220    -1.260    -0.003     0.108     0.005    -0.574     0.141     0.057     0.132    -0.033    -0.172     0.078    -2.231     0.168     0.024     0.237 

ddG: M8D     6.971     4.411    -0.846     6.429     0.000    -0.118    -0.002    -0.138     0.010     0.034    -0.525    -0.157     0.049     0.204    -0.880     0.221     0.021    -1.742 

ddG: M8E     6.260    -1.098    -1.474     9.078     0.000     0.866     0.007     0.188    -0.173    -0.052    -0.070    -0.064    -0.305    -0.330     1.696     0.020     0.033    -2.063 

ddG: M8F     1.542    -4.107     3.733    -1.771     0.087    -0.292    -0.011    -0.135    -0.008     0.067    -0.375    -0.088     0.173     1.366     2.448     0.128    -0.003     0.328 

ddG: M8G     4.275    13.531    -1.419    -3.956    -0.007    -1.148    -0.015     0.404     0.020    -0.628    -0.471    -0.154     0.291    -0.302    -2.280     0.437    -0.005    -0.022 

ddG: M8H     1.491    -2.845    -0.654     3.040     0.013     0.825    -0.003    -0.608     0.013    -0.193     0.981    -0.161    -0.296     0.636     0.674    -0.165    -0.007     0.240 

ddG: M8H     1.888    -1.665    -0.057     2.758     0.003    -0.063     0.000     0.028     0.068    -0.094     0.067    -0.115    -0.107     0.620     0.071     0.105     0.031     0.240 

ddG: M8I     2.527     1.722     2.338    -2.252     0.020    -1.265    -0.021     0.600     0.074    -0.165    -0.491    -0.099     0.265    -0.113     0.699     0.372     0.032     0.811 

ddG: M8K     6.404    -1.274     2.184     9.683     0.003    -1.846    -0.029     0.197    -0.094    -0.154    -1.276     0.151     0.261    -0.093    -0.823     0.034     0.016    -0.537 

ddG: M8L    -0.972     2.600     0.729    -2.846     0.012     0.034     0.011    -0.545     0.156     0.041    -0.413    -0.159    -0.056     0.637    -1.675    -0.036     0.003     0.535 

ddG: M8M    -0.705     0.294     0.210    -0.370    -0.006    -0.397    -0.003    -0.122    -0.034     0.009    -0.520    -0.115     0.093    -0.020     0.234     0.048    -0.006     0.000 

ddG: M8N     2.991     3.327    -1.033     2.845     0.005     0.075     0.002     0.041    -0.003     0.032     0.015    -0.119     0.076     0.133    -1.390     0.285     0.026    -1.326 

ddG: M8P    11.683    10.822     2.892    -5.826    -0.002     0.766     0.237     1.694     0.014    -0.140    -0.034    -0.120     0.827     1.674     0.315    -0.989     0.010    -0.455 

ddG: M8Q     0.472    -0.930    -0.440     4.371     0.001    -0.684     0.000    -0.077    -0.048    -0.006    -0.525    -0.172     0.004     0.053     0.540    -0.003    -0.001    -1.610 

ddG: M8R    17.482    -3.146     5.396    12.273     0.017     0.802     0.018     0.516     0.004    -1.147     2.041     0.006    -0.202     0.812     0.815    -0.314    -0.037    -0.371 

ddG: M8S     3.993     9.191    -1.521    -0.548    -0.010    -0.736    -0.009     0.650     0.024    -0.599    -0.106    -0.114    -0.138    -0.320    -2.016     0.217     0.007     0.022 

ddG: M8T     3.745     7.486    -1.135    -0.025    -0.004    -0.740    -0.007     0.891     0.008    -0.711     0.941    -0.163    -0.105     0.392    -3.041    -0.018    -0.032     0.007 

ddG: M8V     4.871     4.085     2.275    -3.031     0.027    -0.452    -0.007    -0.625     0.124     0.409    -0.454    -0.084     0.253     0.125     1.178     0.318     0.024     0.706 

ddG: M8W     9.125    -8.795     8.710     1.603     0.048     0.948    -0.003     0.160     0.241    -0.904     0.228     0.050    -0.462     2.336     4.270    -0.328     0.094     0.928 

ddG: M8Y     5.481    -4.077     3.885     0.925     0.090     0.154    -0.001    -0.654     0.221    -0.099    -0.396     0.270     0.136     1.811     2.888    -0.084     0.444    -0.033 

