ddG: description total fa_atr fa_rep fa_sol fa_intra_rep fa_elec pro_close hbond_sr_bb hbond_lr_bb hbond_bb_sc hbond_sc dslf_fa13 rama omega fa_dun p_aa_pp yhh_planarity ref 
ddG: R59A     1.378     3.994     0.227    -5.445    -0.017     2.559     0.000     0.033    -0.023     0.000     0.778     0.000     0.043     0.006    -1.762     0.089     0.003     0.894 

ddG: R59C     1.894     2.821     0.228    -3.991    -0.017     2.372     0.000     0.013    -0.040    -0.001     0.775     0.000     0.190     0.036    -1.683     0.580     0.005     0.607 

ddG: R59D     5.047     0.784     0.323     0.888    -0.015     3.309     0.000    -0.030    -0.071    -0.014     0.786     0.000     0.137    -0.004    -0.141     0.465     0.000    -1.371 

ddG: R59E     1.579     0.567     0.072    -0.669    -0.009     2.432    -0.001    -0.504    -0.011    -0.006     0.777     0.000    -0.079    -0.006     0.584     0.122     0.001    -1.692 

ddG: R59F    -1.028    -3.864     0.429    -2.659     0.037     2.184     0.000     0.011    -0.065    -0.009     0.777     0.000     0.083    -0.067     1.088     0.338    -0.011     0.698 

ddG: R59G     2.926     5.831     0.292    -6.062    -0.018     2.496     0.000     0.005    -0.018    -0.001     0.778     0.000     0.416     0.006    -1.775     0.623     0.004     0.349 

ddG: R59H     0.357    -3.970     0.752    -0.024    -0.014     1.847     0.000    -0.069    -0.147     0.002     0.097     0.000     0.383    -0.037     0.319     0.614    -0.005     0.610 

ddG: R59H     0.246    -3.966     0.760    -0.028    -0.015     1.737     0.000    -0.069    -0.150    -0.010     0.097     0.000     0.384    -0.039     0.332     0.612    -0.008     0.610 

ddG: R59I    -1.307     0.744     0.131    -4.037     0.013     1.923     0.000    -0.088    -0.066    -0.013     0.778     0.000     0.176    -0.130    -2.048     0.126     0.003     1.182 

ddG: R59K    -0.570     0.750     0.791    -1.391    -0.011    -0.055     0.002    -0.036     0.002    -0.123     0.158     0.000    -0.001     0.173    -0.653     0.011    -0.021    -0.167 

ddG: R59L    -1.043     0.962     0.068    -4.142     0.000     2.106    -0.001     0.001    -0.047    -0.013     0.776     0.000     0.108    -0.109    -1.691     0.039    -0.005     0.905 

ddG: R59M    -0.335     1.491    -0.054    -3.837    -0.011     2.005     0.000    -0.019    -0.059    -0.011     0.777     0.000     0.070    -0.115    -1.014     0.069     0.003     0.371 

ddG: R59N     2.126     0.382     0.217    -1.273    -0.015     2.582     0.000    -0.013    -0.026    -0.003     0.783     0.000     0.288     0.015    -0.405     0.548     0.000    -0.955 

ddG: R59P     8.261     1.372     3.698    -6.269    -0.016     2.996     0.139     1.059     1.888    -0.021     0.757     0.000     1.512     2.564    -1.693     0.369    -0.008    -0.084 

ddG: R59Q    -0.877     0.273    -0.092    -2.293    -0.011     1.696    -0.001    -0.006    -0.072    -0.013     0.779     0.000     0.022    -0.117     0.171     0.025     0.001    -1.240 

ddG: R59R     0.446    -0.207    -0.137     0.801    -0.004     0.185    -0.002    -0.062     0.046    -0.014     0.001     0.000     0.013    -0.006    -0.175     0.009    -0.002     0.000 

ddG: R59S     3.033     3.643     0.239    -3.769    -0.018     2.523     0.000    -0.019    -0.022    -0.001     0.779     0.000     0.150     0.015    -1.325     0.445     0.002     0.392 

ddG: R59T     2.621     2.456     0.517    -2.669    -0.005     2.187     0.001     0.016     0.011    -0.120     0.833     0.000     0.228     0.049    -1.718     0.474    -0.016     0.378 

ddG: R59V     1.330     1.578     0.748    -3.859     0.006     2.307     0.000    -0.107    -0.113    -0.013     0.777     0.000     0.333    -0.076    -1.761     0.431     0.002     1.077 

ddG: R59W     0.745    -8.624     1.061     3.673     0.008     1.571    -0.001    -0.103    -0.124    -0.537     0.178     0.000     0.317    -0.049     1.641     0.439    -0.004     1.299 

ddG: R59Y    -4.393    -6.161     1.084     0.655     0.039     0.147    -0.002    -0.652     0.075    -1.185    -0.402     0.000     0.065     0.059     1.146     0.396     0.004     0.338 

