ddG: description total fa_atr fa_rep fa_sol fa_intra_rep fa_elec pro_close hbond_sr_bb hbond_lr_bb hbond_bb_sc hbond_sc dslf_fa13 rama omega fa_dun p_aa_pp yhh_planarity ref 
ddG: A60A    -0.891     0.300    -0.671     0.121    -0.003    -1.740    -0.004    -0.243     0.014    -1.293     0.335     0.000     0.032    -0.659     2.685     0.227     0.010     0.000 

ddG: A60C     0.255    -0.880    -0.258     2.514    -0.008    -1.660    -0.005    -0.296    -0.040    -0.907     0.385     0.000    -0.063    -0.806     2.485     0.075     0.004    -0.287 

ddG: A60D     2.117    -4.716     1.196     7.155     0.008    -0.760    -0.006    -0.466     0.088    -1.052     0.497     0.000     0.267    -0.179     2.246     0.103     0.001    -2.265 

ddG: A60E    -0.503    -6.006     1.465     8.077     0.005    -3.441    -0.002    -0.268    -0.069    -1.748     0.494     0.000     0.393    -0.843     3.881     0.154    -0.010    -2.586 

ddG: A60F    -2.092    -9.578     1.580     5.619     0.045    -2.392    -0.003    -0.236    -0.061    -1.872     0.487     0.000     0.414    -0.694     4.602     0.187     0.006    -0.196 

ddG: A60G    -0.088     2.226     0.654    -1.531     0.004    -0.321    -0.010    -0.444     0.295    -0.933     0.572     0.000     0.365    -0.306    -0.035    -0.083     0.005    -0.545 

ddG: A60H    -1.005    -8.673     1.668     5.268     0.016    -1.191    -0.003    -0.436     0.161    -1.805     0.448     0.000     0.393    -0.422     3.871    -0.017     0.002    -0.284 

ddG: A60H    -0.305    -7.651     0.153     5.718     0.004    -2.303    -0.004    -0.272     0.036    -1.992     0.249     0.000     0.210    -0.766     6.432     0.160     0.005    -0.284 

ddG: A60I     3.215    -3.891     1.636     2.254     0.027    -1.656    -0.006    -0.111    -0.272    -0.700     0.546     0.000     0.137    -0.439     4.564     0.828     0.008     0.288 

ddG: A60K     0.442    -5.085     1.454     5.848     0.007    -1.704    -0.002    -0.294    -0.047    -1.044     0.523     0.000     0.315    -0.695     2.179     0.061    -0.013    -1.061 

ddG: A60L    -2.131    -5.834     1.967     3.196     0.018    -0.955    -0.005    -0.469     0.021    -1.489     0.589     0.000     0.111    -0.428     1.190    -0.050    -0.004     0.011 

ddG: A60M    -0.999    -3.344    -0.214     2.432     0.002    -1.715    -0.005    -0.303     0.020    -1.267     0.276     0.000    -0.088    -0.442     4.041     0.126     0.005    -0.523 

ddG: A60N     0.663    -7.226     1.326     7.778     0.004    -1.979    -0.006    -0.471     0.095    -1.123    -0.342     0.000     0.086    -0.215     4.403     0.181     0.001    -1.849 

ddG: A60P     7.130    -3.409     6.462     2.507     0.001    -0.768     0.339     1.148     0.089     0.593     0.266     0.000     0.133    -0.076     1.386    -0.561    -0.002    -0.979 

ddG: A60Q    -0.916    -3.898     0.343     4.179    -0.001    -1.742     0.001     0.200    -0.054    -0.519    -0.014     0.000     0.124    -0.207     2.861    -0.059     0.003    -2.134 

ddG: A60R     0.940    -5.714     1.767     5.894     0.010    -1.780    -0.004    -0.280    -0.038    -1.000     0.307     0.000     0.363    -0.596     2.680     0.219     0.007    -0.894 

ddG: A60S     0.126    -0.871    -0.074     4.258    -0.005    -2.165     0.003     0.212    -0.062     0.023     0.084     0.000     0.047    -0.476    -0.068    -0.280     0.003    -0.502 

ddG: A60T     0.773    -1.371    -0.948     4.185    -0.004    -2.278     0.001     0.107     0.005    -0.202    -0.164     0.000    -0.317    -0.202     2.743    -0.264    -0.002    -0.516 

ddG: A60V     1.981    -2.789     3.336     0.385     0.028     0.426    -0.006    -0.256     0.187    -0.557     0.631     0.000     0.402    -0.280     0.166     0.110     0.015     0.183 

ddG: A60W    -1.064    -9.897     2.684     4.518     0.039    -0.007    -0.013    -0.504    -0.372    -0.560     0.230     0.000     0.199     0.123     2.207    -0.105    -0.011     0.405 

ddG: A60Y    -0.703    -9.244     0.790     5.025     0.048    -0.757     0.002    -0.002     0.025    -0.813    -0.018     0.000     0.068     0.055     4.683    -0.010     0.002    -0.556 

