ddG: description total fa_atr fa_rep fa_sol fa_intra_rep fa_elec pro_close hbond_sr_bb hbond_lr_bb hbond_bb_sc hbond_sc dslf_fa13 rama omega fa_dun p_aa_pp yhh_planarity ref 
ddG: I124A     6.247     7.266    -0.329     0.775    -0.009    -0.508    -0.003     0.285     0.028     0.009    -0.365     0.000    -0.396    -0.177     0.103    -0.143     0.000    -0.288 

ddG: I124C     6.246     5.942    -0.523     1.409    -0.014    -0.069    -0.002     0.051    -0.006    -0.029     0.009     0.000    -0.080     0.011    -0.107     0.228     0.000    -0.574 

ddG: I124D    10.569    -0.070    -0.497    12.497    -0.004    -1.330    -0.001     0.128    -0.056    -0.001    -0.005     0.000    -0.314    -0.106     2.794     0.087     0.000    -2.553 

ddG: I124E     9.962    -8.075     0.376    19.327    -0.001    -3.132     0.005     0.510    -0.002     0.049    -1.539     0.000    -0.478    -0.143     6.114    -0.177     0.000    -2.874 

ddG: I124F     4.298    -7.875     4.929     3.324     0.018    -0.886     0.004     0.057    -0.081    -0.032    -0.014     0.000    -0.183     0.351     4.601     0.570     0.000    -0.483 

ddG: I124G     9.232    11.047    -0.596    -0.743    -0.015     0.083     0.000    -0.018    -0.011    -0.013    -0.002     0.000     0.177    -0.010    -0.195     0.361     0.000    -0.833 

ddG: I124H     3.633    -8.441     1.241    10.694    -0.015    -2.611     0.006     0.241    -0.025    -0.015    -1.563     0.000    -0.251     0.056     4.800     0.089    -0.001    -0.571 

ddG: I124H     4.257   -11.293     1.221    13.556    -0.003    -3.244     0.006     0.414    -0.032    -0.010    -1.561     0.000    -0.352    -0.020     6.008     0.139    -0.001    -0.571 

ddG: I124I    -0.402    -6.947     0.050     7.802    -0.004    -3.032     0.007     0.240     0.028     0.025    -1.553     0.000    -0.274    -0.260     3.496     0.021     0.000     0.000 

ddG: I124K    14.663    -4.055     1.938    14.869    -0.003    -1.851     0.005     0.230    -0.187    -0.025    -1.438     0.000    -0.547     0.003     7.166    -0.093    -0.001    -1.348 

ddG: I124L     2.837    -4.962     1.626     7.354    -0.003    -3.101     0.006     0.586    -0.071     0.003    -1.552     0.000    -0.416     0.053     3.755    -0.163    -0.001    -0.276 

ddG: I124M     3.032     2.689     1.565     0.304    -0.008     0.194     0.006    -1.433    -0.007    -0.087     0.074     0.000    -0.189     0.326     0.916    -0.506    -0.001    -0.811 

ddG: I124N     6.341    -0.719    -0.485     8.103    -0.004    -1.163     0.002     0.179    -0.066     0.001    -0.022     0.000    -0.131    -0.079     2.666     0.196     0.000    -2.137 

ddG: I124P    20.971     4.734     7.288    -0.342     0.052     0.158     0.642     3.000     0.117    -0.489    -0.133     0.000     0.446     1.842     4.451     0.472     0.000    -1.266 

ddG: I124Q     4.853    -7.026     0.220    12.891     0.006    -2.793     0.004    -1.111     0.141     0.015    -1.497     0.000    -0.496    -0.106     7.541    -0.516     0.000    -2.421 

ddG: I124R    13.883    -1.258     0.026    15.903     0.016    -1.476     0.002    -1.071     0.157    -0.066    -0.804     0.000    -0.450    -0.064     4.675    -0.523    -0.002    -1.182 

ddG: I124S     7.011     3.321    -0.428     6.799    -0.017    -2.661     0.008     0.205     0.024     0.000    -1.549     0.000    -0.320    -0.198     2.465     0.152     0.000    -0.789 

ddG: I124T     5.435     5.011    -0.406     2.084    -0.006    -0.481     0.002    -0.015    -0.004    -0.008     0.009     0.000    -0.029     0.018    -0.093     0.156     0.000    -0.804 

ddG: I124V     1.824    -1.025     0.151     4.825    -0.009    -2.397     0.002     0.166     0.002     0.043    -1.553     0.000    -0.200    -0.216     2.106     0.033     0.000    -0.105 

ddG: I124W     6.018   -10.878     2.976     9.736     0.046    -1.662     0.007     0.374    -0.014     0.012    -1.162     0.000    -0.395     0.249     6.564     0.047    -0.002     0.118 

ddG: I124Y     6.618   -13.688     5.219    11.337     0.093    -3.340     0.010     0.730    -0.092     0.028    -1.467     0.000    -0.233     0.913     7.815     0.122     0.013    -0.844 

