ddG: description total fa_atr fa_rep fa_sol fa_intra_rep fa_elec pro_close hbond_sr_bb hbond_lr_bb hbond_bb_sc hbond_sc dslf_fa13 rama omega fa_dun p_aa_pp yhh_planarity ref 
ddG: E34A     1.881     2.334    -1.341    -3.073     0.019     3.792    -0.002    -0.286    -0.147     0.508     2.340     0.000     0.027     0.322    -4.655    -0.551     0.008     2.586 

ddG: E34C     1.141     1.534    -1.946    -2.382     0.010     2.642     0.007    -0.041    -0.052     0.522     2.745     0.000     0.344    -0.153    -4.632     0.241     0.003     2.300 

ddG: E34D     1.964    -0.414    -1.753     1.498     0.014     2.473     0.008    -0.063    -0.061     0.408     2.719     0.000     0.322    -0.108    -3.471     0.069     0.002     0.322 

ddG: E34E     1.329    -0.098    -1.721     0.439     0.015     2.499     0.008    -0.059    -0.081     0.422     2.715     0.000     0.176    -0.119    -2.774    -0.109     0.016     0.000 

ddG: E34F     2.691    -0.787    -1.549    -4.853     0.067     4.031     0.004    -0.160     0.183     0.172     1.940     0.000     0.150     0.113     0.920     0.056     0.014     2.391 

ddG: E34G     4.046     3.718    -4.059    -2.268     0.001     2.759     0.011     0.402    -0.024     1.242     2.019     0.000     0.074     0.234    -2.502     0.384     0.012     2.041 

ddG: E34H     1.882    -2.436    -1.743     0.372     0.016     2.517     0.007    -0.013    -0.074     0.415     2.716     0.000     0.358    -0.113    -2.677     0.217     0.016     2.303 

ddG: E34H     2.646    -2.463    -0.777     0.183    -0.002     1.866     0.004     0.278     0.082     1.133    -0.568     0.000    -0.089     0.723    -0.197     0.166     0.006     2.303 

ddG: E34I     1.208     0.330    -0.722    -1.324     0.009     0.721     0.004     0.324    -0.086     1.228    -0.501     0.000     0.225     0.355    -2.291     0.052     0.010     2.874 

ddG: E34K     2.695     0.709    -3.960    -0.399     0.005     2.838     0.011     0.346    -0.017     1.243     2.014     0.000    -0.254     0.248    -1.592    -0.035     0.012     1.526 

ddG: E34L     1.266     0.248    -3.076    -1.738     0.018     2.664     0.005    -0.094     0.035     0.227     2.525     0.000     0.093    -0.069    -2.161    -0.025     0.017     2.598 

ddG: E34M     1.836    -0.171    -1.176    -2.144     0.021     3.962    -0.001    -0.273    -0.145     0.526     2.332     0.000     0.159     0.310    -3.141    -0.493     0.008     2.063 

ddG: E34N     0.825    -0.563    -1.795     0.210     0.015     2.433     0.008    -0.007    -0.075     0.413     2.723     0.000     0.415    -0.100    -3.741     0.152     0.001     0.737 

ddG: E34P     8.540     1.200     0.418    -3.364     0.008     3.011     0.104     2.927     0.123     0.322     2.547     0.000     0.867     1.459    -1.688    -1.018     0.016     1.608 

ddG: E34Q    -0.098     0.169    -1.666    -1.679     0.019     2.262     0.009    -0.077    -0.054     0.416     2.689     0.000     0.329    -0.149    -2.697    -0.124     0.002     0.453 

ddG: E34R     2.355    -1.729    -1.589     0.672     0.024     3.678     0.005    -0.253     0.144     0.427     2.757     0.000     0.142     0.310    -3.781    -0.156     0.012     1.692 

ddG: E34S     2.293    -2.325    -1.705     4.374     0.004     0.649     0.005     0.045    -0.082     0.359     1.903     0.000    -0.172     0.049    -3.162     0.250     0.015     2.085 

ddG: E34T     2.220     0.601    -1.428    -1.652     0.028     3.519     0.021    -0.313     0.206     0.428     2.690     0.000     0.534     0.187    -4.767     0.079     0.016     2.070 

ddG: E34V     1.131     1.145    -1.602    -2.664     0.027     2.477     0.007    -0.234    -0.041     0.554     2.754     0.000     0.551    -0.126    -4.645     0.156     0.002     2.769 

ddG: E34W     0.855    -5.625    -2.303     0.551     0.043     2.967     0.013     0.406    -0.137     1.507     2.221     0.000     0.104     0.168    -2.107     0.058    -0.003     2.992 

ddG: E34Y     1.865    -3.606    -2.450     0.720     0.046     2.845     0.013     0.377    -0.143     1.502     2.257     0.000     0.165     0.184    -2.257     0.171     0.012     2.031 

