ddG: description total fa_atr fa_rep fa_sol fa_intra_rep fa_elec pro_close hbond_sr_bb hbond_lr_bb hbond_bb_sc hbond_sc dslf_fa13 rama omega fa_dun p_aa_pp yhh_planarity ref 
ddG: E2A    -2.754    -2.578     0.745     1.752    -0.002    -1.421    -0.003    -0.500    -0.003    -0.191    -1.595     0.000    -0.203     0.156    -1.295    -0.256     0.052     2.586 

ddG: E2C    -1.506    -4.773     1.147     4.820    -0.001    -1.539    -0.008    -0.175    -0.062    -0.061    -2.492     0.000    -0.333     0.223    -0.226    -0.390     0.064     2.300 

ddG: E2D    -2.104    -3.812     0.958     3.898     0.023    -1.077    -0.002    -0.646     0.073    -0.191    -1.595     0.000    -0.282     0.279     0.571    -0.676     0.054     0.322 

ddG: E2E     0.206    -1.810     0.276     2.656    -0.004     1.083    -0.004    -0.635     0.062    -1.487     0.044     0.000    -0.008    -0.068    -0.224     0.259     0.067     0.000 

ddG: E2F    -0.967    -2.786     0.154     1.625     0.027     1.464    -0.002    -0.397    -0.088    -1.450     0.046     0.000    -0.393    -0.073    -1.196    -0.353     0.065     2.391 

ddG: E2G    -2.848    -3.908     1.069     4.135    -0.001    -1.677    -0.007    -0.746     0.044    -0.052    -2.495     0.000    -0.076     0.301    -1.017    -0.520     0.061     2.041 

ddG: E2H    -0.817    -7.840     1.514     6.800    -0.001    -1.402    -0.007    -0.164    -0.045    -0.190    -2.441     0.000    -0.218     0.203     0.955    -0.323     0.042     2.303 

ddG: E2H    -0.853    -7.839     1.516     6.799    -0.001    -1.438    -0.007    -0.165    -0.047    -0.197    -2.442     0.000    -0.217     0.205     0.960    -0.325     0.042     2.303 

ddG: E2I    -1.013    -5.186     1.576     4.851     0.016    -1.382    -0.008    -0.177    -0.103    -0.053    -2.491     0.000    -0.054     0.168    -1.038    -0.072     0.063     2.874 

ddG: E2K    -1.005    -3.464     0.926     2.878     0.003    -1.180    -0.003    -0.563    -0.012    -0.062    -1.664     0.000     0.163     0.509    -0.226     0.095     0.069     1.526 

ddG: E2L    -1.293    -4.083     1.083     2.361     0.005    -1.073    -0.002    -0.045    -0.133    -0.051    -1.665     0.000     0.078     0.203    -0.888     0.250     0.069     2.598 

ddG: E2M    -0.778    -5.345     1.355     4.907     0.002    -1.344    -0.008    -0.173    -0.074    -0.046    -2.489     0.000    -0.012     0.163     0.186    -0.028     0.063     2.063 

ddG: E2N    -3.370    -5.603     1.017     5.469     0.013    -1.665    -0.009    -0.697     0.008    -0.057    -2.487     0.000    -0.395     0.231     0.582    -0.570     0.056     0.737 

ddG: E2P     3.006     0.183     1.694    -0.440    -0.006     2.395     0.133    -0.043    -0.110    -0.057     0.018     0.000     0.004     0.301    -2.180    -0.565     0.072     1.608 

ddG: E2Q    -0.541    -6.210     0.998     5.333     0.005    -1.051    -0.002    -0.025    -0.048    -0.048    -1.652     0.000     0.135     0.249     1.269    -0.013     0.067     0.453 

ddG: E2R     0.109    -7.087     1.017     8.024     0.013    -1.401    -0.002    -0.034    -0.081    -0.517    -1.615     0.000    -0.165     0.149     0.062    -0.021     0.074     1.692 

ddG: E2S    -3.233    -4.455     1.004     4.680     0.001    -1.685    -0.008    -0.681     0.003    -0.045    -2.487     0.000    -0.431     0.172    -0.885    -0.550     0.049     2.085 

ddG: E2T    -2.147    -2.854     1.003     2.542     0.005    -1.238    -0.003    -0.050    -0.062    -0.049    -1.653     0.000    -0.377     0.220    -1.159    -0.609     0.066     2.070 

ddG: E2V    -1.378    -3.160     1.000     2.245     0.015    -1.139    -0.002    -0.049    -0.067    -0.057    -1.652     0.000    -0.056     0.248    -1.339    -0.198     0.064     2.769 

ddG: E2W    -2.151    -7.075     0.973     5.951     0.030    -1.528    -0.008    -0.563    -0.063    -0.045    -2.420     0.000    -0.386     0.176     0.137    -0.374     0.053     2.992 

ddG: E2Y    -1.599    -6.093     1.050     4.025     0.027    -1.167    -0.003    -0.051    -0.096    -0.048    -1.673     0.000    -0.183     0.150     0.703    -0.331     0.060     2.031 

