ddG: description total fa_atr fa_rep fa_sol fa_intra_rep fa_elec pro_close hbond_sr_bb hbond_lr_bb hbond_bb_sc hbond_sc dslf_fa13 rama omega fa_dun p_aa_pp yhh_planarity ref 
ddG: D4A     0.458    -0.059     0.419    -1.401    -0.001     1.854     0.001    -0.415    -0.079    -1.426     0.782     0.000     0.086    -0.084    -2.029     0.543     0.002     2.265 

ddG: D4C     0.111     0.987    -0.074    -1.799    -0.001     0.315     0.000     0.012    -0.011    -0.011     0.011     0.000     0.267     0.025    -1.804     0.218    -0.001     1.978 

ddG: D4D     0.297     0.054    -0.012    -0.061     0.001     0.273    -0.001     0.019    -0.013    -0.011     0.000     0.000     0.001    -0.023     0.058     0.012    -0.001     0.000 

ddG: D4E     0.989     0.761    -0.048    -1.711     0.000     1.128     0.000    -0.006    -0.014     0.051     0.733     0.000     0.052     0.005     0.241     0.180    -0.062    -0.322 

ddG: D4F     0.029    -0.127     0.064    -2.648     0.031     0.275     0.002     0.082     0.045    -0.002    -0.006     0.000     0.294     0.068    -0.235     0.116     0.000     2.069 

ddG: D4G     1.586     1.032     0.299    -2.046    -0.004     2.344     0.001    -0.534    -0.001    -1.419     1.520     0.000     0.300    -0.054    -2.148     0.636    -0.060     1.720 

ddG: D4H     0.922    -0.074    -0.050    -0.854     0.001     0.165     0.003    -0.037     0.117    -0.121     0.055     0.000     0.331     0.142    -0.562    -0.156    -0.020     1.981 

ddG: D4H     0.349    -1.230     0.466    -0.898     0.003     1.554     0.002    -0.585     0.031    -1.427     0.784     0.000     0.157     0.001    -0.675     0.182     0.003     1.981 

ddG: D4I     1.096     0.353    -0.005    -1.764     0.018     0.832     0.000     0.027     0.066     0.002    -0.012     0.000     0.426    -0.035    -1.953     0.585     0.003     2.553 

ddG: D4K     0.139     1.071    -0.226    -1.576     0.002     0.455     0.002    -0.016     0.034    -0.007    -0.001     0.000     0.198     0.065    -1.124     0.056     0.005     1.204 

ddG: D4L    -1.164     0.202     0.161    -2.525     0.007     0.317     0.002     0.090    -0.072     0.001     0.001     0.000     0.054    -0.016    -1.823     0.159     0.002     2.276 

ddG: D4M    -0.994    -0.106     0.061    -2.356     0.006     0.194     0.002     0.090    -0.040    -0.012     0.002     0.000     0.148     0.060    -1.008     0.228    -0.006     1.742 

ddG: D4N    -0.224    -0.959     0.277     0.194     0.000     1.592    -0.002    -0.612     0.046    -1.440     0.782     0.000    -0.022    -0.056    -0.530     0.090    -0.001     0.415 

ddG: D4P    -1.560    -0.144     0.567    -2.481    -0.001     0.131     0.083     0.109    -0.104    -0.132     0.053     0.000     0.373     0.078    -1.666     0.306    -0.018     1.286 

ddG: D4Q    -0.581    -0.564     0.160    -1.318     0.012     0.654     0.002     0.098    -0.058    -0.012    -0.006     0.000     0.027    -0.027     0.137     0.182     0.002     0.131 

ddG: D4R     0.572     0.170     0.164    -1.283     0.005     0.558     0.000     0.029    -0.006    -0.121     0.059     0.000     0.047     0.011    -0.674     0.258    -0.017     1.371 

ddG: D4S    -0.194     0.394     0.219    -1.069    -0.004     0.181     0.000     0.028    -0.018    -0.134     0.061     0.000     0.025     0.011    -1.746     0.111    -0.016     1.763 

ddG: D4T     0.006     1.019    -0.234    -1.136     0.003     0.181     0.002    -0.033     0.061     0.004    -0.009     0.000     0.223     0.072    -1.971     0.074     0.002     1.749 

ddG: D4V     0.306     0.572     0.155    -2.584     0.018     0.350     0.002     0.090     0.026     0.003    -0.011     0.000     0.421    -0.060    -1.806     0.684    -0.001     2.448 

ddG: D4W     0.413    -1.062    -0.052    -2.041     0.030     0.315     0.005     0.084     0.014     0.001    -0.002     0.000     0.382     0.110    -0.196     0.152     0.004     2.670 

ddG: D4Y     0.392    -0.071     0.100    -2.057     0.029     0.212     0.007     0.079     0.117    -0.134     0.044     0.000     0.321     0.140    -0.140     0.041    -0.005     1.709 

