ddG: description total fa_atr fa_rep fa_sol fa_intra_rep fa_elec pro_close hbond_sr_bb hbond_lr_bb hbond_bb_sc hbond_sc dslf_fa13 rama omega fa_dun p_aa_pp yhh_planarity ref 
ddG: V78A     4.210     5.883    -2.014    -1.262    -0.002     0.966     0.014     0.104    -0.146     0.314     2.776     0.000     0.533    -0.567    -2.640     0.442    -0.009    -0.183 

ddG: V78C     4.595     5.010    -3.000     0.186    -0.002     1.314     0.014     0.520    -0.356     1.441     2.332     0.000     0.096    -0.281    -2.364     0.153     0.002    -0.470 

ddG: V78D     7.120     0.229    -3.228     9.157     0.002     0.329     0.006     0.097     0.086     0.150     0.996     0.000    -0.174    -0.521     2.553    -0.123     0.009    -2.448 

ddG: V78E     7.559    -1.977    -2.402    10.089     0.015     0.406     0.034     0.242    -0.406     1.913    -0.673     0.000     0.239    -0.055     2.901     0.004    -0.003    -2.769 

ddG: V78F    14.472    -2.881     5.858     1.434     0.027     1.660     0.017     0.519    -0.376     1.511     2.074     0.000    -0.294     0.936     4.023     0.332     0.010    -0.379 

ddG: V78G     6.551     8.139    -0.259    -2.556    -0.012     0.065     0.001    -0.008     0.032     0.062     0.095     0.000     0.777    -0.049     0.046     0.947     0.000    -0.728 

ddG: V78H     8.781    -5.429    -1.299     6.767    -0.010     0.946    -0.045     2.394    -0.172     0.380     0.280     0.000    -0.295     0.822     4.943    -0.038     0.003    -0.467 

ddG: V78H     8.155    -5.237     0.178     6.410    -0.009     0.960    -0.039     2.453    -0.298     0.605     0.516     0.000     0.053     0.830     2.313    -0.100    -0.013    -0.467 

ddG: V78I     1.357    -1.137    -0.758    -0.431     0.025     2.449     0.015    -0.050     0.054     0.362     2.761     0.000     0.137    -0.208    -1.737    -0.229     0.000     0.105 

ddG: V78K     9.922     4.023    -0.023     2.483     0.145    -0.448     0.063     0.481    -0.661     0.357    -0.351     0.000     0.331    -0.086     4.525     0.329    -0.002    -1.244 

ddG: V78L     7.378    -1.633     1.926    -0.501     0.016     2.563     0.021    -0.052     0.202     0.981     2.822     0.000     1.093     0.410    -0.507     0.209     0.000    -0.172 

ddG: V78M     3.983     4.847    -0.132    -4.654     0.022     2.596     0.011    -0.018    -0.490     1.441     2.861     0.000     1.007    -0.726    -1.872    -0.195    -0.010    -0.706 

ddG: V78N     4.241    -0.843    -1.248     5.249     0.006     1.954     0.003    -0.143     0.035     0.372     1.256     0.000     0.141    -0.141    -0.196    -0.172     0.000    -2.032 

ddG: V78P    14.028     3.231     1.051    -1.373    -0.008     2.315     0.332     1.338     0.174     2.536     2.264     0.000     1.053     1.456     0.303     0.521    -0.003    -1.162 

ddG: V78Q     2.030    -2.993    -1.622     7.128     0.016    -0.885     0.021     0.075    -0.455     0.732    -0.093     0.000     0.434    -0.719     2.488     0.228    -0.009    -2.317 

ddG: V78R     9.374    -1.667    -0.583     5.181     0.072     1.177    -0.120    -0.046    -0.472     1.329     2.767     0.000     0.633    -0.754     2.891     0.055    -0.010    -1.077 

ddG: V78S     6.646     6.601    -3.045     0.272     0.001     1.248     0.012     0.545    -0.437     1.485     2.357     0.000     0.318    -0.307    -2.149     0.429     0.002    -0.685 

ddG: V78T     5.075     3.973    -2.914     1.841     0.004     1.123     0.019     0.561    -0.341     1.470     2.302     0.000     0.185    -0.200    -2.481     0.245    -0.013    -0.699 

ddG: V78V     0.619     1.023    -1.924     0.178     0.006     1.095     0.006     0.103    -0.279     0.492     2.858     0.000     0.223    -0.504    -2.671     0.020    -0.009     0.000 

ddG: V78W     6.583    -5.722     2.591    -0.088     0.041     1.689    -0.029     0.472    -0.829     1.269     2.248     0.000     0.861     1.713     2.184    -0.028    -0.014     0.222 

ddG: V78Y    18.084    -3.340     5.788     5.137     0.030     0.765     0.021     0.738    -0.241     1.586     1.910     0.000    -0.200     1.061     4.672     0.458     0.438    -0.739 

