ddG: description total fa_atr fa_rep fa_sol fa_intra_rep fa_elec pro_close hbond_sr_bb hbond_lr_bb hbond_bb_sc hbond_sc dslf_fa13 rama omega fa_dun p_aa_pp yhh_planarity ref 
ddG: Y30A     4.123     8.839    -0.438    -3.741    -0.027    -0.066    -0.004    -0.009     0.017    -0.094    -0.077    -0.001     0.364    -0.006    -1.713     0.516     0.008     0.556 

ddG: Y30C     3.715     7.832    -0.435    -2.549    -0.027    -0.019    -0.009     0.007     0.024    -0.124    -0.026    -0.001     0.102    -0.065    -1.492     0.204     0.025     0.269 

ddG: Y30D     6.754     5.996    -0.476     1.739    -0.024    -0.367    -0.037    -0.003     0.010    -0.171    -0.036    -0.002     0.465    -0.019     0.518     0.830     0.043    -1.709 

ddG: Y30E     4.439     5.094    -0.546     1.191    -0.024    -1.285    -0.005     0.013     0.174    -0.345    -0.456     0.000     0.201    -0.203     2.323     0.377    -0.038    -2.031 

ddG: Y30F    -0.365     0.329     0.197    -1.168     0.000    -0.098    -0.019     0.009     0.006     0.049    -0.068    -0.001     0.028    -0.024    -0.087     0.120     0.001     0.360 

ddG: Y30G     5.164    11.536    -0.758    -5.502    -0.034     0.196    -0.009     0.091     0.126    -0.302     0.025    -0.002     0.690    -0.421    -1.225     0.734     0.006     0.011 

ddG: Y30H     3.137     2.241    -0.395     0.204    -0.025     0.149     0.016     0.014     0.029    -0.062    -0.011     0.000     0.073    -0.009     0.350     0.288     0.003     0.272 

ddG: Y30H     3.046     2.156    -0.325     0.220    -0.025     0.142     0.017    -0.015     0.023    -0.076    -0.116     0.002     0.136     0.027     0.299     0.312    -0.002     0.272 

ddG: Y30I     3.298     5.364     0.315    -2.566    -0.008     0.035     0.014    -0.306     0.163    -0.221    -0.153     0.001     0.274    -0.324    -0.414     0.263     0.018     0.844 

ddG: Y30K     4.509     5.250    -0.439    -0.337    -0.021     0.300    -0.023     0.050    -0.020     0.232    -0.002     0.000     0.069    -0.164    -0.257     0.382    -0.006    -0.505 

ddG: Y30L     2.764     5.180    -0.063    -2.022    -0.020    -0.047    -0.049     0.061    -0.029    -0.109    -0.034     0.001     0.121     0.013    -1.245     0.409     0.026     0.567 

ddG: Y30M     3.632     6.300    -0.531    -3.019    -0.029     0.176    -0.012     0.081     0.168    -0.293     0.044     0.000     0.099    -0.428     0.698     0.347    -0.003     0.033 

ddG: Y30N     3.689     5.734    -0.373    -0.487    -0.028    -0.599    -0.015    -0.002     0.102    -0.162    -0.598     0.000     0.277    -0.451     1.104     0.477     0.002    -1.294 

ddG: Y30P    16.032     6.417     5.038    -3.259    -0.027     0.725     2.312     0.698     0.481    -0.209     0.131     0.001     0.257     0.007     3.123     0.589     0.171    -0.423 

ddG: Y30Q     2.761     6.034    -0.561    -1.837    -0.027     0.060    -0.019     0.075     0.160    -0.281    -0.047    -0.001     0.080    -0.338     0.692     0.349     0.001    -1.578 

ddG: Y30R     4.790     4.944    -0.531     1.215    -0.020     0.003     0.069    -0.146     0.150    -0.530     0.105     0.001    -0.024    -0.216     0.177    -0.004    -0.065    -0.338 

ddG: Y30S     4.952     9.345    -0.620    -3.157    -0.032     0.129     0.002    -0.043     0.138    -0.241     0.059     0.000     0.174    -0.312    -0.836     0.318    -0.026     0.054 

ddG: Y30T     4.175     7.941     0.085    -1.321    -0.028    -0.820    -0.033    -0.021     0.229    -0.509    -0.355     0.001     0.017    -0.190    -1.000     0.209    -0.070     0.040 

ddG: Y30V     3.171     5.843     0.311    -2.270    -0.012    -0.127     0.042    -0.264     0.027     0.012    -0.044    -0.001     0.144     0.098    -1.433     0.069     0.036     0.739 

ddG: Y30W     1.113    -4.817    -0.035     4.381    -0.002     0.285    -0.009    -0.090     0.139    -0.211    -0.114    -0.001     0.100    -0.338     0.670     0.189     0.004     0.961 

ddG: Y30Y    -0.082     0.015     0.042    -0.045     0.000    -0.001     0.000    -0.017     0.001     0.019    -0.096     0.000     0.066    -0.023    -0.079     0.041    -0.006     0.000 

