ddG: description total fa_atr fa_rep fa_sol fa_intra_rep fa_elec pro_close hbond_sr_bb hbond_lr_bb hbond_bb_sc hbond_sc dslf_fa13 rama omega fa_dun p_aa_pp yhh_planarity ref 
ddG: K128A    -0.654     5.836     0.137    -6.085     0.001     1.877     0.000    -0.979     0.199     0.727    -0.359     0.000    -0.369     0.029    -2.264    -0.463     0.000     1.061 

ddG: K128C     1.375     5.060     0.185    -4.975     0.003     1.895     0.002    -1.162     0.210     0.725    -0.363     0.000     0.072     0.036    -1.125     0.039    -0.001     0.774 

ddG: K128D     3.352     3.731     0.118    -1.280     0.004     2.068    -0.001    -1.085     0.199     0.721    -0.362     0.000    -0.193     0.058     0.729    -0.151     0.000    -1.204 

ddG: K128E     0.972    -0.462     0.267     2.300     0.001     0.301     0.009    -1.237     0.183     0.702    -1.536     0.000    -0.171     0.058     2.428    -0.345     0.000    -1.526 

ddG: K128F    -2.014     1.821     0.134    -6.055     0.027     2.190     0.000    -1.417     0.167     0.669    -0.008     0.000     0.285     0.333    -0.849    -0.174    -0.001     0.865 

ddG: K128G     2.856     8.957    -0.161    -7.769    -0.005     2.377     0.003     0.045     0.002     0.680    -0.012     0.000     0.216     0.107    -2.535     0.436     0.000     0.516 

ddG: K128H    -0.699     1.731     0.164    -3.844     0.005     1.710     0.001    -1.118     0.222     0.727    -0.372     0.000    -0.040     0.086    -0.619    -0.129    -0.001     0.777 

ddG: K128H    -1.386    -4.339     0.017     2.532    -0.004    -0.840     0.006    -1.137     0.203     0.712    -1.549     0.000    -0.091    -0.016     2.465    -0.120     0.000     0.777 

ddG: K128I     0.288    -3.604     1.898     0.645     0.014    -0.708     0.007    -0.082     0.184     0.699    -1.538     0.000    -0.355     0.096     1.912    -0.228    -0.001     1.348 

ddG: K128K    -0.440     2.869     0.113    -2.856     0.001     0.616    -0.001    -0.066     0.001     0.016    -0.009     0.000     0.072     0.073    -1.246    -0.024     0.000     0.000 

ddG: K128L    -1.675     0.576     0.021    -3.847     0.005     1.521     0.002    -1.278     0.160     0.672     0.007     0.000     0.117     0.226    -0.632    -0.298     0.000     1.072 

ddG: K128M    -1.046     2.561     0.182    -4.792     0.010     1.862    -0.001    -1.126     0.194     0.719    -0.366     0.000    -0.023     0.135    -0.657    -0.281     0.000     0.537 

ddG: K128N     0.362    -2.632    -0.017     2.789    -0.005    -0.623     0.009    -1.126     0.191     0.708    -1.541     0.000    -0.056    -0.052     3.540    -0.033     0.000    -0.789 

ddG: K128P    14.275     3.709     7.481    -6.617     0.015     2.162     0.149     2.180     0.053     0.614     0.194     0.000     0.639     1.839     1.946    -0.170     0.000     0.082 

ddG: K128Q    -1.141    -1.108     0.095     0.651    -0.001    -0.111     0.007    -1.157     0.182     0.720    -1.553     0.000    -0.124     0.027     2.651    -0.347     0.000    -1.073 

ddG: K128R     1.030    -5.577     0.233     6.430     0.003    -2.304     0.006     0.231     0.040     0.715    -1.767     0.000    -0.198    -0.237     3.234     0.055     0.000     0.167 

ddG: K128S     0.159     2.252     0.181    -1.085    -0.005    -0.206     0.009    -1.261     0.190     0.703    -1.541     0.000    -0.067     0.022     0.583    -0.175    -0.001     0.559 

ddG: K128T     1.086    -1.457     0.339     3.385     0.000    -1.062     0.008    -1.114     0.166     0.711    -1.522     0.000    -0.024     0.088     1.070    -0.047     0.000     0.544 

ddG: K128V     2.901     1.731     1.946    -3.058     0.019     1.178     0.004    -0.707     0.175     0.728    -0.296     0.000    -0.131     0.369    -0.339     0.038     0.000     1.244 

ddG: K128W    -2.798    -5.275     0.325    -1.405     0.023     1.414    -0.001    -1.228     0.198     0.664     0.007     0.000     0.007     0.213     1.112    -0.316    -0.001     1.466 

ddG: K128Y    -1.541    -1.015     0.014    -2.913     0.026     1.723     0.002    -1.357     0.156     0.677     0.007     0.000     0.197     0.297     0.382    -0.244     0.001     0.505 

