ddG: description total fa_atr fa_rep fa_sol fa_intra_rep fa_elec pro_close hbond_sr_bb hbond_lr_bb hbond_bb_sc hbond_sc dslf_fa13 rama omega fa_dun p_aa_pp yhh_planarity ref 
ddG: A89A     0.003    -0.014     0.005    -0.009     0.000     0.004     0.000    -0.002     0.002     0.006     0.004     0.000     0.000     0.001     0.003     0.002     0.000     0.000 

ddG: A89C     1.960    -2.458     1.472     2.070     0.018    -0.574    -0.006    -0.393     0.061    -1.150     0.485     0.000     0.156    -0.273     2.560     0.273     0.004    -0.287 

ddG: A89D     7.490    -5.358     2.137     8.636     0.030     0.921     0.001    -0.459     0.104    -1.039     1.268     0.000    -0.058     0.065     3.847    -0.358     0.019    -2.265 

ddG: A89E    11.577    -6.921     4.223    10.562     0.031     0.793     0.023    -0.511     0.093    -0.794     0.661     0.000     0.076     0.602     5.055     0.253     0.017    -2.586 

ddG: A89F     7.259   -12.151     8.585     3.236     0.246    -0.440     0.030    -0.227     0.266    -3.291     1.533     0.000     0.178     1.679     7.143     0.647     0.020    -0.196 

ddG: A89G     2.900     3.057     0.722    -0.762     0.004     0.212    -0.008    -0.435     0.094    -1.141     1.171     0.000     0.508    -0.144    -0.326     0.484     0.009    -0.545 

ddG: A89H     4.394   -10.474     6.828     6.884     0.030    -1.172     0.038    -0.128    -0.025    -3.295     0.958     0.000     0.374     0.557     3.846     0.254     0.001    -0.284 

ddG: A89H     5.679   -10.521     7.382     8.262     0.008    -2.700     0.034     0.325    -0.042    -2.631    -1.608     0.000     0.018     1.263     5.952     0.224    -0.004    -0.284 

ddG: A89I    11.041    -4.689     3.762     2.605     0.122    -0.360     0.028    -0.338     0.197    -1.044     0.586     0.000    -0.051     0.669     8.607     0.639     0.019     0.288 

ddG: A89K    11.403    -6.459     2.837     8.777     0.177    -0.154     0.004    -0.454     0.150    -1.954     1.235     0.000    -0.051     1.203     6.701     0.429     0.021    -1.061 

ddG: A89L     6.882    -7.024     8.056     2.440     0.110    -0.988     0.019    -0.500     0.322    -1.376    -1.419     0.000    -0.264     1.406     5.782     0.291     0.015     0.011 

ddG: A89M     5.539    -7.301     8.036     2.466     0.019     0.193     0.012    -0.516     0.220    -3.069     0.583     0.000     0.233     1.220     3.809     0.142     0.016    -0.523 

ddG: A89N     7.672    -5.222     2.622     6.726     0.016     0.889     0.003     0.128    -0.009    -0.049     0.779     0.000    -0.177     0.579     3.418    -0.181     0.000    -1.849 

ddG: A89P     5.518    -2.451     5.022    -0.107     0.002     0.489     0.520    -0.402     0.115     0.631     1.228     0.000     0.422     0.808     0.544    -0.341     0.018    -0.979 

ddG: A89Q     8.924    -6.515     6.735     7.883     0.006    -1.080    -0.001    -0.501    -0.115    -1.278    -2.529     0.000    -0.233     0.816     7.845     0.017     0.007    -2.134 

ddG: A89R    21.823   -11.484     6.316    18.016     0.065    -0.281     0.014     0.421     0.084    -2.163     0.886     0.000     0.261     1.585     8.456     0.528     0.013    -0.894 

ddG: A89S     1.726    -1.008     0.290     3.375     0.001    -0.830    -0.003     0.086     0.004    -0.103    -1.421     0.000     0.095     0.130     1.143     0.468     0.000    -0.502 

ddG: A89T     9.359    -3.111     9.730     3.523    -0.016    -1.500     0.006    -0.596     0.804    -1.068    -3.591     0.000     0.059     1.041     3.426     1.158     0.011    -0.516 

ddG: A89V    10.457    -3.023     8.192    -1.093     0.081     1.579    -0.004    -0.782     0.660    -0.080     0.613     0.000     0.124     0.722     2.722     0.546     0.017     0.183 

ddG: A89W    11.327   -20.092    17.205     5.719     0.099    -0.942    -0.038    -0.275    -0.129    -2.797     0.521     0.000     0.361     1.841     9.765    -0.335     0.019     0.405 

ddG: A89Y     9.636   -13.014    13.225     5.602     0.061    -0.878     0.053    -0.091     0.166    -3.278     1.389     0.000     0.538     1.169     4.673     0.573     0.003    -0.556 

