ddG: description total fa_atr fa_rep fa_sol fa_intra_rep fa_elec pro_close hbond_sr_bb hbond_lr_bb hbond_bb_sc hbond_sc dslf_fa13 rama omega fa_dun p_aa_pp yhh_planarity ref 
ddG: K32A    -0.981     3.350    -0.643    -3.507    -0.002    -1.196     0.002     0.662    -0.038     1.427    -0.789     0.000     0.006     0.055    -0.935    -0.444     0.010     1.061 

ddG: K32C     0.228     2.422    -0.665    -1.767    -0.005    -1.057     0.000     0.598     0.019     1.422    -0.788     0.000     0.150     0.045    -0.917    -0.005     0.002     0.774 

ddG: K32D     0.670     1.972    -0.924     0.094     0.002    -1.388     0.003     0.579    -0.017     1.544    -0.840     0.000     0.201     0.123     0.792    -0.298     0.031    -1.204 

ddG: K32E     1.444     0.130    -0.190     0.716     0.002     0.627    -0.001     0.009    -0.033     0.105    -0.055     0.000    -0.037    -0.031     1.792    -0.090     0.025    -1.526 

ddG: K32F    -0.591    -1.391    -0.445    -1.572     0.037    -1.721     0.005     0.595    -0.003     1.416    -0.784     0.000     0.302     0.179     2.027    -0.112     0.013     0.865 

ddG: K32G     1.645     3.567    -0.538    -1.839    -0.008     0.351    -0.003     0.098     0.052    -0.007    -0.004     0.000     0.326    -0.017    -1.229     0.377     0.004     0.516 

ddG: K32H     0.428    -0.726    -0.782    -0.616    -0.001    -0.970    -0.002     0.615     0.005     1.534    -0.840     0.000     0.202     0.030     1.232    -0.048     0.019     0.777 

ddG: K32H     0.642    -0.752    -0.789    -0.603     0.001    -0.739    -0.002     0.605     0.009     1.545    -0.839     0.000     0.214     0.013     1.217    -0.027     0.012     0.777 

ddG: K32I    -0.062    -0.032     0.004    -1.199     0.023     0.127    -0.001    -0.131    -0.042     0.118    -0.055     0.000     0.304     0.008    -0.671     0.114     0.022     1.348 

ddG: K32K     0.508     1.710    -0.713    -1.280    -0.003    -0.745    -0.001     0.467     0.005     1.610    -0.111     0.000     0.044     0.037    -0.221    -0.245    -0.045     0.000 

ddG: K32L    -0.541     1.688    -0.782    -1.588     0.003    -1.464     0.001     0.428     0.031     1.538    -0.838     0.000     0.300     0.120    -0.661    -0.415     0.025     1.072 

ddG: K32M     0.935     0.246    -0.301    -0.226    -0.001     0.500    -0.004    -0.117     0.026     0.123    -0.056     0.000     0.167    -0.036     0.113    -0.054     0.019     0.537 

ddG: K32N    -0.719     0.132    -0.434     0.001     0.001    -0.394    -0.001     0.089    -0.012     0.124    -0.055     0.000     0.239     0.014     0.220     0.124     0.022    -0.789 

ddG: K32P    10.392     2.244     4.876    -4.308    -0.003    -1.180     0.402     2.045    -0.131     1.452    -0.791     0.000     1.662     3.345     0.785    -0.098     0.012     0.082 

ddG: K32Q     0.068     0.648    -0.598    -0.617     0.000    -0.797    -0.002     0.467    -0.002     1.549    -0.841     0.000     0.135     0.000     1.493    -0.312     0.019    -1.073 

ddG: K32R    -0.486    -0.104    -0.515     1.101     0.005    -2.586    -0.001     0.425     0.012     1.514    -1.394     0.000     0.123     0.224     0.811    -0.286     0.018     0.167 

ddG: K32S     0.879     1.713    -0.348    -0.698    -0.002    -0.204     0.000     0.130    -0.008     0.009    -0.001     0.000     0.068    -0.011    -0.450     0.120     0.000     0.559 

ddG: K32T    -0.020     1.652    -0.533    -0.432     0.006    -0.874    -0.001     0.046    -0.021     0.121    -0.061     0.000     0.230     0.013    -0.913     0.182     0.022     0.544 

ddG: K32V     0.494     2.386    -0.144    -2.401     0.017    -1.778     0.004     0.326    -0.027     1.414    -0.787     0.000     0.459     0.170    -0.349    -0.052     0.010     1.244 

ddG: K32W    -2.402    -4.286    -0.289    -0.622     0.025    -1.618    -0.001     0.566    -0.035     1.546    -0.839     0.000     0.088     0.012     1.681    -0.119     0.023     1.466 

ddG: K32Y    -1.065    -1.883    -0.608    -0.962     0.035    -1.444    -0.002     0.529     0.019     1.543    -0.840     0.000     0.186     0.070     1.787    -0.019     0.021     0.505 

