ddG: description total fa_atr fa_rep fa_sol fa_intra_rep fa_elec pro_close hbond_sr_bb hbond_lr_bb hbond_bb_sc hbond_sc dslf_fa13 rama omega fa_dun p_aa_pp yhh_planarity ref 
ddG: G15A    13.260    -2.102     8.768     0.514     0.000     0.193     0.004    -0.296     0.255     0.038     0.042     0.000     1.814     0.753     0.215     2.521    -0.005     0.545 

ddG: G15C    17.361    -2.575     8.179     0.776     0.001     0.858    -0.001    -0.556     1.471     0.052     0.059     0.000     1.446     1.600     3.304     2.493    -0.008     0.258 

ddG: G15D    21.069    -5.813     7.915     6.606     0.001     1.581    -0.005    -0.985     1.886     0.064     0.056     0.000     1.028     2.324     4.952     3.190    -0.010    -1.720 

ddG: G15E    22.738    -6.256     7.566     5.010     0.007     2.540    -0.006    -1.214     1.898    -1.371     0.860     0.000     1.147     2.229     9.618     2.742     0.009    -2.041 

ddG: G15F    41.532   -17.417    33.315     5.007     0.044     1.307    -0.006    -0.244     3.939     0.337    -0.138     0.000     1.720     5.260     5.376     2.666     0.016     0.349 

ddG: G15G     0.804     0.465    -0.181     0.177     0.002     0.210     0.003    -0.017     0.011     0.008     0.000     0.000     0.095     0.078     0.039    -0.086     0.001     0.000 

ddG: G15H    34.875   -14.742    23.945     9.698     0.024     0.584    -0.003    -0.169     2.914     0.304    -0.071     0.000     1.232     2.457     5.729     2.714    -0.002     0.261 

ddG: G15H    35.627   -14.905    24.082    10.563     0.018     0.483    -0.007    -0.340     3.002     0.308    -0.066     0.000     1.256     2.571     5.566     2.839    -0.004     0.261 

ddG: G15I    50.561    -5.628    30.522     2.324     0.068     3.416    -0.016    -0.579     2.471    -1.465     0.905     0.000     3.060     2.047    10.459     2.172    -0.027     0.833 

ddG: G15K    24.339    -2.985     8.558     1.268     0.025     2.352    -0.010    -0.466     3.164     0.202     0.068     0.000     1.941     5.223     5.321     0.198    -0.005    -0.516 

ddG: G15L    20.883    -6.971     6.811     2.392     0.010     2.318    -0.004    -0.661     0.145    -1.497     0.917     0.000     2.351     8.102     2.938     3.500    -0.024     0.556 

ddG: G15M    35.945    -7.121    18.737     3.434     0.026     2.917    -0.007    -0.330     2.765    -1.020     0.801     0.000     1.514     5.129     6.251     2.836    -0.008     0.022 

ddG: G15N    21.083    -5.719     7.781     3.576     0.026     1.719    -0.003    -0.680     1.816     0.061     0.067     0.000     1.787     2.053     7.092     2.816    -0.005    -1.304 

ddG: G15P   123.578    -5.647   103.050     0.807     0.007     2.123     8.623    -1.218     2.677    -1.307     0.873     0.000     2.724     1.597     6.188     3.522    -0.009    -0.434 

ddG: G15Q    20.004    -6.317     7.434     3.736     0.002     3.094    -0.006    -1.132     1.940    -1.355     0.866     0.000     0.900     2.287     7.632     2.519    -0.008    -1.589 

ddG: G15R    54.499   -13.897    26.018    17.653     0.044     1.101     0.037     0.257     3.070    -0.271     0.081     0.000     2.214     5.186    11.266     2.103    -0.013    -0.349 

ddG: G15S    12.050    -3.643     6.531     4.377     0.001    -2.137     0.002    -0.078     0.190     0.005    -0.337     0.000     1.626     1.342     1.538     2.601    -0.010     0.043 

ddG: G15T    26.913    -5.024    14.884     5.748     0.013    -1.065    -0.017     0.217     2.411     0.181    -0.352     0.000     2.246     3.425     0.620     3.614    -0.016     0.029 

ddG: G15V    55.593    -5.838    14.114     2.907     0.027     2.137    -0.005    -0.860     3.999     0.032     0.163     0.000     2.102    19.596    13.236     3.282    -0.028     0.728 

ddG: G15W    41.895   -24.876    37.255    10.326     0.050     2.474    -0.016    -0.944     4.064    -1.069     0.900     0.000     2.134     2.097     5.651     2.914    -0.017     0.950 

ddG: G15Y    41.387   -18.953    33.676     7.653     0.047     1.481    -0.005    -0.217     3.862     0.269    -0.104     0.000     2.140     5.122     4.730     1.669     0.027    -0.011 

