ddG: description total fa_atr fa_rep fa_sol fa_intra_rep fa_elec pro_close hbond_sr_bb hbond_lr_bb hbond_bb_sc hbond_sc dslf_fa13 rama omega fa_dun p_aa_pp yhh_planarity ref 
ddG: A86A     0.084     0.064    -0.024    -0.041     0.000     0.014    -0.003     0.009    -0.002     0.029     0.067     0.000    -0.017     0.008     0.002    -0.022    -0.001     0.000 

ddG: A86C     0.543    -0.585     0.023     0.830     0.000    -0.264    -0.004     0.021     0.000    -0.018    -0.054     0.000     0.072     0.132     0.124     0.552     0.001    -0.287 

ddG: A86D     1.968    -2.010    -0.016     3.822     0.003     0.443    -0.007    -0.016    -0.005     0.041    -0.059     0.000     0.013     0.107     1.526     0.392    -0.001    -2.265 

ddG: A86E     1.404    -2.047    -0.062     2.938     0.005     0.498    -0.002     0.008    -0.010    -0.005     0.052     0.000    -0.127     0.072     2.560     0.108     0.001    -2.586 

ddG: A86F     1.359    -3.833     0.139     1.973     0.031     0.103    -0.011     0.179    -0.104     0.199    -0.190     0.000    -0.156     0.271     2.848     0.092     0.014    -0.196 

ddG: A86G     0.779     1.733    -0.136    -0.986    -0.001    -0.087    -0.003    -0.038     0.005    -0.153     0.029     0.001     0.430    -0.032    -0.064     0.671    -0.046    -0.545 

ddG: A86H     1.446    -3.251    -0.063     2.156     0.006     0.183    -0.011     0.205    -0.087     0.182    -0.141    -0.001    -0.209     0.238     2.611    -0.095     0.006    -0.284 

ddG: A86H     1.446    -3.243    -0.063     2.151     0.006     0.182    -0.010     0.205    -0.086     0.183    -0.140    -0.001    -0.210     0.238     2.609    -0.096     0.004    -0.284 

ddG: A86I     0.138    -2.123    -0.106     1.731     0.025    -0.198    -0.005     0.005     0.017    -0.079     0.060     0.000     0.159     0.165     0.104     0.086     0.008     0.288 

ddG: A86K     0.163    -1.658    -0.064     1.902     0.003    -0.071    -0.003     0.004    -0.003    -0.004     0.050     0.001    -0.085     0.046     0.922     0.187    -0.002    -1.061 

ddG: A86L     0.347    -2.125    -0.056     1.916     0.007     0.069    -0.002     0.009    -0.014     0.051     0.072     0.001     0.017     0.014     0.268     0.105     0.003     0.011 

ddG: A86M     0.682    -1.731     0.045     1.489     0.003    -0.009    -0.001    -0.026     0.001     0.060    -0.008     0.001     0.102     0.061     1.051     0.177    -0.010    -0.523 

ddG: A86N     0.150    -2.068    -0.103     2.502     0.004    -0.321     0.001     0.017     0.002     0.025     0.054     0.001     0.164    -0.022     1.299     0.444     0.000    -1.849 

ddG: A86P    15.379    -4.741     9.108     2.250     0.000     0.331     0.320     0.938     1.026     0.965     0.824     0.001     0.386     2.426     1.405     1.409    -0.289    -0.979 

ddG: A86Q     0.341    -1.897    -0.157     1.838     0.003     0.245    -0.006    -0.014     0.008    -0.035     0.032    -0.001     0.006     0.086     2.228     0.135     0.002    -2.134 

ddG: A86R     0.979    -1.941    -0.040     2.532     0.008    -0.279    -0.007     0.017     0.018     0.022    -0.002    -0.002    -0.073     0.022     1.424     0.171     0.003    -0.894 

ddG: A86S     1.283     0.111    -0.074     1.101     0.000    -0.220    -0.006    -0.035    -0.008     0.023     0.020     0.001     0.101    -0.005     0.392     0.388    -0.005    -0.502 

ddG: A86T     0.682    -0.904     0.031     2.149     0.013    -0.658    -0.004    -0.005     0.019    -0.015    -0.025     0.000     0.160     0.069     0.011     0.355     0.003    -0.516 

ddG: A86V     0.674    -1.955     0.045     1.876     0.020     0.015    -0.008     0.003    -0.001    -0.012     0.023     0.001     0.119     0.122     0.011     0.218     0.012     0.183 

ddG: A86W     0.942    -6.213     0.084     3.445     0.029     0.088    -0.005    -0.014    -0.027     0.046     0.075     0.001    -0.022     0.080     2.746     0.214     0.009     0.405 

ddG: A86Y     0.828    -4.034     0.159     2.245     0.031     0.050    -0.007     0.207    -0.103     0.210    -0.206     0.000    -0.163     0.282     2.646     0.057     0.012    -0.556 

