ddG: description total fa_atr fa_rep fa_sol fa_intra_rep fa_elec pro_close hbond_sr_bb hbond_lr_bb hbond_bb_sc hbond_sc dslf_fa13 rama omega fa_dun p_aa_pp yhh_planarity ref 
ddG: S62A     0.064     1.061    -0.223    -2.839     0.000     1.392    -0.025    -0.339     0.017    -0.025     0.301     0.001     0.196     0.193    -0.507     0.355     0.003     0.502 

ddG: S62C    -0.002     0.216    -0.158    -1.621    -0.001     1.503    -0.025    -0.340     0.007    -0.010     0.325     0.001    -0.074     0.211    -0.266     0.000     0.016     0.215 

ddG: S62D     2.243    -0.947    -0.232     0.969     0.003     1.502    -0.025    -0.321     0.021    -0.037     0.324     0.001     0.180     0.364     1.632     0.566     0.007    -1.763 

ddG: S62E     1.271    -1.389    -0.089     0.275     0.006     1.931    -0.031    -0.365     0.011    -0.054     0.252     0.002     0.064     0.187     2.257     0.308    -0.008    -2.085 

ddG: S62F     0.169    -2.854     0.361    -0.789     0.028     1.446    -0.023    -0.332     0.016     0.002     0.280     0.002    -0.266     0.316     1.703    -0.025    -0.001     0.306 

ddG: S62G     1.250     2.773    -0.158    -3.439    -0.002     1.363    -0.021    -0.331     0.004     0.069     0.297     0.001     0.409     0.242    -0.433     0.522    -0.002    -0.043 

ddG: S62H    -0.025    -2.305     0.086    -0.563     0.001     0.954    -0.023    -0.268     0.015    -0.037     0.248     0.001    -0.135     0.150     1.496     0.134     0.004     0.218 

ddG: S62H    -0.032    -2.261     0.095    -0.616     0.001     0.971    -0.023    -0.257     0.008    -0.040     0.246     0.002    -0.130     0.113     1.487     0.147     0.007     0.218 

ddG: S62I    -0.070    -2.189     0.816    -3.072     0.011     1.906    -0.009    -0.200     0.005     0.083     0.203     0.002    -0.055     0.447     1.205    -0.020     0.009     0.789 

ddG: S62K     0.312    -1.625    -0.090     0.577     0.003     1.357    -0.025    -0.321     0.009     0.010     0.278     0.002    -0.081     0.164     0.520     0.116    -0.020    -0.559 

ddG: S62L    -0.901    -1.791    -0.116    -1.085     0.010     1.718    -0.027    -0.353     0.014    -0.014     0.339     0.000    -0.136     0.320    -0.343     0.047     0.003     0.513 

ddG: S62M    -0.135    -1.539    -0.077    -1.042     0.002     1.534    -0.015    -0.334     0.020    -0.050     0.179     0.000     0.079     0.140     0.880     0.124    -0.017    -0.022 

ddG: S62N     0.406    -1.200    -0.095    -0.216     0.003     1.058    -0.024    -0.331     0.016     0.019     0.205     0.003     0.198     0.302     1.371     0.440     0.006    -1.348 

ddG: S62P     0.580    -1.147     1.149    -1.877     0.001     2.004     0.010     0.320     0.035     0.039     0.291     0.001     0.046     0.295     0.009    -0.132     0.013    -0.477 

ddG: S62Q    -0.604    -1.391    -0.215    -0.844     0.004     1.594    -0.026    -0.363     0.018    -0.066     0.302     0.001    -0.016     0.327     1.434     0.262     0.005    -1.632 

ddG: S62R    -0.145    -1.749     0.094     0.355     0.012     0.262    -0.016     0.317     0.035    -0.240     0.283     0.001     0.211    -0.111     0.782     0.001     0.009    -0.392 

ddG: S62S    -0.059     0.339    -0.115    -0.257     0.000    -0.001     0.001    -0.012     0.021    -0.043    -0.024     0.002     0.007     0.025    -0.002    -0.012     0.014     0.000 

ddG: S62T    -0.643    -0.722    -0.105     0.588     0.004     0.220    -0.011    -0.230     0.022    -0.037     0.034     0.002    -0.182     0.253    -0.237    -0.239     0.011    -0.015 

ddG: S62V    -0.880    -2.413     0.617    -0.852     0.016     1.386    -0.006    -0.162     0.017    -0.037     0.213    -0.001    -0.118     0.273    -0.370    -0.131     0.004     0.685 

ddG: S62W     0.640    -3.844     0.275     0.325     0.026     1.417    -0.024    -0.330     0.015    -0.011     0.237     0.001    -0.099     0.226     1.350     0.171    -0.001     0.907 

ddG: S62Y    -0.299    -2.781     0.391    -0.759     0.028     1.446    -0.025    -0.301     0.012     0.006     0.257     0.001    -0.229     0.290     1.595    -0.176    -0.001    -0.054 

