ddG: description total fa_atr fa_rep fa_sol fa_intra_rep fa_elec pro_close hbond_sr_bb hbond_lr_bb hbond_bb_sc hbond_sc dslf_fa13 rama omega fa_dun p_aa_pp yhh_planarity ref 
ddG: D17A    -1.289     2.575    -0.055    -4.192    -0.003     0.110    -0.002    -0.067    -0.015     0.037    -0.095    -0.001     0.008    -0.002    -1.593    -0.253    -0.005     2.265 

ddG: D17C    -0.913     1.610    -0.034    -3.180    -0.002    -0.158     0.001     0.070     0.005    -0.007    -0.012    -0.002     0.043     0.003    -1.407     0.178     0.003     1.978 

ddG: D17D    -0.083     0.364    -0.130    -0.257     0.000     0.003     0.000    -0.006     0.002    -0.052    -0.039     0.000     0.021     0.030    -0.030     0.001     0.009     0.000 

ddG: D17E    -0.194     0.490    -0.022    -1.227     0.008    -0.328     0.001     0.040     0.009    -0.011    -0.032    -0.001    -0.123     0.035     1.490    -0.203     0.003    -0.322 

ddG: D17F    -2.860    -2.744     0.549    -2.979     0.029    -0.115    -0.011    -0.142     0.001    -0.036    -0.054     0.000     0.143     0.155     0.322    -0.056     0.009     2.069 

ddG: D17G     0.120     4.197     0.000    -4.609    -0.004    -0.138     0.002    -0.067    -0.001     0.000     0.005    -0.001     0.319     0.026    -1.569     0.241    -0.002     1.720 

ddG: D17H    -1.793    -1.484     0.191    -2.081     0.002    -0.310    -0.001    -0.176    -0.001    -0.035    -0.035     0.000     0.123     0.093    -0.091     0.028     0.001     1.981 

ddG: D17H    -1.782    -1.516     0.207    -2.060     0.002    -0.325    -0.001    -0.178    -0.005    -0.042    -0.035    -0.001     0.127     0.128    -0.094     0.029     0.003     1.981 

ddG: D17I    -2.473    -1.065     0.282    -2.573     0.024    -0.218     0.015    -0.158    -0.001     0.050    -0.096     0.001     0.219     0.011    -1.447    -0.061    -0.007     2.553 

ddG: D17K    -1.253    -0.497     0.021    -1.437     0.001     0.117     0.007     0.066     0.000     0.011     0.010    -0.002    -0.145     0.026    -0.514    -0.121    -0.001     1.204 

ddG: D17L    -2.318    -0.047     0.159    -3.234     0.008    -0.197     0.003    -0.216    -0.003    -0.014     0.004     0.000     0.121     0.096    -1.084    -0.183    -0.005     2.276 

ddG: D17M    -1.226    -2.416     0.570    -1.680     0.012     0.039     0.002    -0.127    -0.015    -0.012    -0.118     0.001     0.204     0.110     0.534    -0.066    -0.005     1.742 

ddG: D17N    -1.653    -0.180    -0.029    -1.528     0.001    -0.326    -0.004     0.040    -0.004    -0.007    -0.011     0.000     0.160     0.013    -0.281     0.087     0.001     0.415 

ddG: D17P     6.989     0.509     5.547    -4.818    -0.002     0.021     0.425     1.215     0.007     0.022     0.003     0.002     1.625     2.999    -1.830     0.006    -0.028     1.286 

ddG: D17Q    -1.703     0.660    -0.182    -2.827     0.005    -0.175     0.000     0.047     0.003    -0.038     0.017     0.000    -0.024     0.078     0.838    -0.254     0.017     0.131 

ddG: D17R    -1.050    -1.106     0.218     0.041     0.010    -0.877    -0.001    -0.194    -0.015    -0.054    -1.002     0.000     0.073     0.179     0.471    -0.168     0.005     1.371 

ddG: D17S    -0.428     2.109    -0.020    -2.783    -0.002    -0.403     0.001    -0.018    -0.010    -0.041    -0.025     0.000     0.020     0.049    -1.130     0.064    -0.001     1.763 

ddG: D17T    -1.155     1.325     0.011    -2.350     0.009    -0.519     0.004    -0.091     0.001    -0.005    -0.012     0.001     0.123     0.063    -1.534     0.068     0.002     1.749 

ddG: D17V    -1.838     0.262     0.425    -3.302     0.019    -0.262     0.002    -0.155    -0.004     0.043    -0.111    -0.001     0.250     0.032    -1.509     0.021     0.004     2.448 

ddG: D17W    -4.235    -6.700     0.819    -1.656     0.027    -0.060    -0.008     0.058    -0.010    -0.063    -0.020     0.001    -0.024     0.202     0.583    -0.065     0.011     2.670 

ddG: D17Y    -2.640    -2.717     0.348    -2.449     0.028     0.123    -0.009    -0.141    -0.010    -0.046     0.009     0.001     0.107     0.077     0.341    -0.024     0.015     1.709 

