ddG: description total fa_atr fa_rep fa_sol fa_intra_rep fa_elec pro_close hbond_sr_bb hbond_lr_bb hbond_bb_sc hbond_sc dslf_fa13 rama omega fa_dun p_aa_pp yhh_planarity ref 
ddG: L11A     6.852     7.820    -0.316    -0.415    -0.008    -0.041     0.012     0.007    -0.035    -0.056     0.048     0.001    -0.066    -0.099     0.053    -0.053     0.010    -0.011 

ddG: L11C     7.283     5.867    -0.402     1.736    -0.008     0.286     0.034    -0.038    -0.033    -0.077     0.095     0.002    -0.021    -0.173     0.330    -0.034     0.019    -0.298 

ddG: L11D    11.095     2.070    -0.187     9.632    -0.006    -0.147     0.008    -0.010    -0.019     0.007     0.008     0.000     0.098    -0.059     1.814     0.156     0.005    -2.276 

ddG: L11E     9.975    -0.568    -0.046     9.906     0.002    -0.216    -0.002     0.007     0.073    -0.076     0.045     0.000     0.004     0.088     3.190     0.143     0.023    -2.598 

ddG: L11F     7.226    -8.276     7.813     5.161     0.033     0.298     0.031     0.173    -0.057     0.245    -0.435     0.016     0.236    -0.074     2.085     0.226    -0.042    -0.207 

ddG: L11G     9.104    10.502    -0.458    -0.733    -0.009     0.014     0.001    -0.009    -0.051     0.169     0.044     0.005     0.163    -0.170     0.086     0.098     0.009    -0.556 

ddG: L11H     8.141    -3.791     2.633     5.478     0.002     0.205     0.030     0.132     0.283     0.037     0.151     0.003     0.056     0.606     2.495     0.113     0.004    -0.295 

ddG: L11H     8.150    -3.765     2.635     5.436     0.001     0.225     0.029     0.140     0.283     0.041     0.148     0.002     0.060     0.591     2.495     0.120     0.003    -0.295 

ddG: L11I     8.013     4.956     0.707    -2.900     0.018     0.738     0.054     0.508     0.877     0.869     0.110     0.007     0.288    -0.238     1.227     0.484     0.030     0.276 

ddG: L11K    13.950    -1.592     1.019    10.734     0.005     0.354     0.002     0.204    -0.049     0.052     0.128     0.001     0.034     0.241     3.858     0.032    -0.001    -1.072 

ddG: L11L     0.549    -0.055     0.010     0.215    -0.001     0.458     0.005    -0.026    -0.061    -0.036     0.066    -0.001     0.001    -0.090     0.040     0.031    -0.007     0.000 

ddG: L11M     3.209    -0.310     0.809     1.635    -0.004    -0.027     0.047     0.108    -0.035    -0.097     0.025     0.006    -0.059    -0.031     1.735    -0.062     0.003    -0.535 

ddG: L11N     6.812     1.233    -0.204     5.888    -0.006    -0.071     0.024    -0.009     0.001     0.009     0.040    -0.001     0.168    -0.105     1.621     0.069     0.016    -1.861 

ddG: L11P    18.195     4.896     7.497    -0.915     0.001     0.002     2.099     0.588     1.532     0.160     0.073     0.011     0.337     0.323     2.602    -0.026     0.004    -0.990 

ddG: L11Q     6.330    -1.549     0.130     6.702     0.000    -0.252     0.004     0.005    -0.080     0.115     0.004     0.003     0.088     0.011     3.279     0.027    -0.013    -2.145 

ddG: L11R    13.885    -6.079     1.041    17.238     0.031    -1.061     0.026     0.022    -0.127    -0.740    -0.756     0.005     0.078    -0.184     5.631    -0.356     0.021    -0.905 

ddG: L11S     9.394     7.048    -0.297     2.349    -0.008     0.230     0.021    -0.039    -0.022    -0.034     0.061     0.002    -0.114    -0.180     1.084    -0.206     0.010    -0.513 

ddG: L11T     5.696     4.831    -0.093     2.634    -0.004    -0.731     0.023    -0.044    -0.051     0.043     0.035     0.004    -0.051    -0.221     0.097    -0.261     0.013    -0.527 

ddG: L11V     9.784     7.386     1.166    -2.817     0.016     0.462     0.000     0.304     0.155     0.868     0.031     0.007     0.380    -0.016     1.009     0.650     0.009     0.172 

ddG: L11W    12.668   -14.588    10.307    10.182     0.048     0.679     0.146     0.090     0.111     0.264    -0.358    -0.040     0.008     0.409     4.513     0.571    -0.067     0.394 

ddG: L11Y    10.057   -10.466     8.243     9.552     0.034     0.437     0.018     0.171     0.059     0.258    -0.546     0.011     0.115     0.077     2.445     0.251    -0.035    -0.567 

