ddG: description total fa_atr fa_rep fa_sol fa_intra_rep fa_elec pro_close hbond_sr_bb hbond_lr_bb hbond_bb_sc hbond_sc dslf_fa13 rama omega fa_dun p_aa_pp yhh_planarity ref 
ddG: E54A    -2.502     7.432    -0.555    -8.937    -0.014     2.247    -0.015    -0.105    -0.029    -0.231     0.859     0.001     0.157    -0.462    -4.887    -0.182    -0.368     2.586 

ddG: E54C    -0.441     5.852    -0.378    -7.046    -0.010     2.196    -0.006    -0.102     0.060    -0.231     0.830     0.001     0.021    -0.336    -2.825    -0.398    -0.368     2.300 

ddG: E54D     3.121     2.037    -0.191     0.481     0.025     1.419    -0.010    -0.078     0.109    -0.212    -0.168     0.000     0.334    -0.328    -0.797    -0.022     0.199     0.322 

ddG: E54E     0.010     0.024     0.000    -0.019     0.000     0.026    -0.002    -0.002    -0.017    -0.011     0.013    -0.001     0.003    -0.005    -0.001     0.005    -0.004     0.000 

ddG: E54F    -3.961    -4.682     1.423    -4.827     0.047     1.806    -0.002    -0.115     0.144    -0.070     0.872    -0.001    -0.165     0.213    -0.284    -0.373    -0.339     2.391 

ddG: E54G    -0.118    10.146    -0.619    -9.383    -0.015     2.163    -0.012    -0.113    -0.062    -0.119     0.824     0.001     0.610    -0.516    -4.955     0.276    -0.386     2.041 

ddG: E54H     3.201    -3.562     2.935    -1.124     0.013     0.901    -0.009    -0.004    -0.005     0.101    -0.372     0.000     0.007     0.082     2.669    -0.381    -0.352     2.303 

ddG: E54H     3.151    -3.636     2.993    -1.130     0.013     0.863    -0.004    -0.028     0.001     0.085    -0.392     0.002     0.077     0.087     2.636    -0.358    -0.362     2.303 

ddG: E54I    -0.993     2.267     1.877    -7.464     0.010     1.941    -0.014     0.065     0.395    -0.014     0.754     0.003     0.246     0.377    -3.821    -0.096    -0.392     2.874 

ddG: E54K     2.344     0.929     0.680    -2.542     0.006     2.719    -0.012    -0.023    -0.127    -0.024     1.189     0.001     0.008     0.100    -1.627    -0.081    -0.379     1.526 

ddG: E54L     1.240     3.091     3.462    -7.408     0.001     2.132    -0.020     0.057     0.254     0.551     0.774    -0.001     0.033    -0.039    -3.545    -0.313    -0.388     2.598 

ddG: E54M    -2.431     1.943     0.034    -6.462    -0.006     2.136    -0.018    -0.040     0.126    -0.246     0.896     0.001    -0.090    -0.257    -1.865    -0.271    -0.372     2.063 

ddG: E54N     0.383     2.004    -0.477    -3.175     0.024     2.280    -0.008    -0.091     0.012    -0.220     0.835     0.002     0.168    -0.346    -0.943    -0.027    -0.392     0.737 

ddG: E54P     2.343     3.189     3.221    -8.949    -0.011     2.694     1.734     0.030     0.997    -0.144     0.789     0.001     1.362     0.017    -4.081     0.266    -0.380     1.608 

ddG: E54Q    -3.289    -0.636     0.360    -2.667     0.002     0.268    -0.005    -0.067    -0.142    -0.589    -0.033     0.000     0.109     0.036    -0.360     0.133    -0.151     0.453 

ddG: E54R     3.509    -0.820    -0.224     1.089     0.010     2.810    -0.010    -0.052    -0.003    -0.213     0.278     0.003     0.002    -0.428    -0.195    -0.074    -0.355     1.692 

ddG: E54S    -1.981     6.531    -0.297    -5.708    -0.005     0.826    -0.023    -0.097    -0.209     0.066    -0.476     0.000     0.217    -0.144    -4.205    -0.146    -0.394     2.085 

ddG: E54T    -2.788     5.330    -0.515    -5.830     0.000     0.989    -0.005    -0.129    -0.030    -0.205    -0.620    -0.001     0.146    -0.322    -2.868    -0.414    -0.382     2.070 

ddG: E54V    -2.149     4.798     0.312    -8.618     0.011     1.842    -0.016    -0.155    -0.136     0.054     0.840     0.002     0.012    -0.283    -2.470    -0.736    -0.377     2.769 

ddG: E54W    -4.163    -9.735     2.064    -1.131     0.033     2.042    -0.017    -0.178     0.267    -0.221     0.827     0.000    -0.115     0.086    -0.352    -0.363    -0.362     2.992 

ddG: E54Y    -3.357    -5.594     1.274    -2.792     0.046     1.961    -0.014    -0.049     0.142    -0.037     0.862     0.001    -0.189     0.165    -0.484    -0.384    -0.297     2.031 

