ddG: description total fa_atr fa_rep fa_sol fa_intra_rep fa_elec pro_close hbond_sr_bb hbond_lr_bb hbond_bb_sc hbond_sc dslf_fa13 rama omega fa_dun p_aa_pp yhh_planarity ref 
ddG: N94A     0.926     8.279     0.178    -8.429     0.001     2.531    -0.017    -0.051    -0.013     0.047     1.180     0.000     0.125     0.041    -5.280     0.484     0.000     1.849 

ddG: N94C     1.155     6.027    -0.106    -6.687    -0.004     2.316    -0.016    -0.189    -0.034    -0.029     1.566     0.000     0.422     0.163    -4.256     0.420     0.000     1.563 

ddG: N94D    -0.353     4.186     0.115    -3.370    -0.005     0.314    -0.010    -0.140    -0.021     0.043    -0.005     0.000     0.036     0.021    -1.265     0.163     0.000    -0.415 

ddG: N94E     0.860     1.311    -0.005    -1.010    -0.005     0.408    -0.009    -0.105    -0.039     0.019     0.000     0.000     0.053    -0.053     0.492     0.539     0.000    -0.737 

ddG: N94F     0.539     7.497    -0.053    -9.702     0.023     2.861    -0.003    -0.292    -0.032    -0.006     1.554     0.000     0.388     0.250    -3.961     0.361     0.000     1.654 

ddG: N94G     1.305     6.800    -0.108    -6.975    -0.007     2.220    -0.020    -0.239    -0.051    -0.033     1.561     0.000     0.476     0.147    -4.380     0.611     0.000     1.304 

ddG: N94H    -0.004     3.156     0.239    -6.776     0.005     3.214    -0.038    -0.320    -0.062    -0.018     1.557     0.000     0.373     0.233    -3.715     0.581     0.000     1.566 

ddG: N94H     0.644     0.320     0.129    -3.929     0.004     2.765    -0.036    -0.260    -0.065    -0.036     1.564     0.000     0.320     0.149    -2.460     0.613     0.000     1.566 

ddG: N94I     0.226     0.251     0.065    -1.774     0.012     0.217     0.001    -0.085    -0.051     0.016    -0.008     0.000     0.356    -0.039    -1.883     1.012     0.000     2.137 

ddG: N94K     0.009     8.634    -0.029    -9.656    -0.001     2.926    -0.008    -0.312    -0.046    -0.007     1.553     0.000     0.344     0.231    -4.822     0.413     0.000     0.789 

ddG: N94L    -0.304     1.461     0.029    -1.924    -0.001     0.046    -0.006    -0.089    -0.037     0.002    -0.005     0.000     0.035    -0.039    -2.077     0.439     0.000     1.861 

ddG: N94M     0.499     8.398    -0.019    -9.499     0.000     2.926    -0.013    -0.314    -0.044    -0.005     1.553     0.000     0.353     0.214    -4.871     0.495     0.000     1.326 

ddG: N94N     0.698     4.048    -0.148    -4.945     0.003     2.222    -0.007    -0.167    -0.035    -0.031     1.559     0.000     0.200     0.204    -2.208     0.003     0.000     0.000 

ddG: N94P     1.021     7.001     2.176   -10.118    -0.003     2.616     0.440    -0.194     0.047     0.013     1.562     0.000     0.677     0.215    -5.222     0.943     0.000     0.871 

ddG: N94Q     0.046     8.023    -0.027    -9.164     0.001     3.018    -0.005    -0.339    -0.049    -0.008     1.554     0.000     0.266     0.232    -3.635     0.463     0.000    -0.284 

ddG: N94R     0.095     4.476     0.132    -4.516     0.001     0.656    -0.011    -0.140    -0.028     0.037    -0.005     0.000     0.123     0.017    -2.066     0.464     0.000     0.955 

ddG: N94S    -0.640     8.043     0.165    -7.640     0.003     2.529    -0.025    -1.294     0.126     0.028     1.188     0.000    -0.022     0.169    -5.257    -0.001     0.000     1.348 

ddG: N94T     0.466     7.675     0.167    -7.521     0.006     2.223    -0.010    -0.062    -0.016     0.046     1.183     0.000     0.125     0.051    -5.259     0.525     0.000     1.333 

ddG: N94V     0.280     7.649     0.055    -9.780     0.012     2.814    -0.012    -0.319    -0.085    -0.010     1.553     0.000     0.631     0.246    -5.487     0.980     0.000     2.032 

ddG: N94W    -4.092    -1.420     0.445    -5.467     0.034     1.763    -0.037    -0.040     0.062    -0.477     1.188     0.000    -0.040    -0.072    -3.024     0.739     0.000     2.255 

ddG: N94Y    -1.607    -4.277     0.334     0.035     0.029    -0.084    -0.018    -0.101    -0.025    -0.030    -0.004     0.000     0.098     0.001     0.622     0.517     0.002     1.294 

