ddG: description total fa_atr fa_rep fa_sol fa_intra_rep fa_elec pro_close hbond_sr_bb hbond_lr_bb hbond_bb_sc hbond_sc dslf_fa13 rama omega fa_dun p_aa_pp yhh_planarity ref 
ddG: V25A     0.749     1.624    -0.347     2.563    -0.019    -1.380    -0.009    -0.087    -0.204    -0.208    -1.299     0.000    -0.487     0.121     1.099    -0.430    -0.006    -0.183 

ddG: V25C    -0.310     0.053     1.429     3.100    -0.031    -2.582    -0.003     0.104     0.060    -0.571    -2.856     0.000     0.037     0.024     1.216     0.182    -0.003    -0.470 

ddG: V25D     4.282    -0.922    -1.637     6.927    -0.007    -1.620     0.005     0.274    -0.143     0.832    -2.844     0.000    -0.234    -0.208     6.347    -0.043     0.004    -2.448 

ddG: V25E     0.088    -4.350    -1.325    10.130    -0.021    -4.459     0.007     0.217    -0.061    -0.379    -2.989     0.000    -0.397    -0.425     7.084    -0.181     0.005    -2.769 

ddG: V25F     3.688     2.757    -0.190    -3.004    -0.015     1.051     0.006     1.056    -0.184     1.540    -2.595     0.000    -0.265    -0.128     3.878     0.162    -0.001    -0.379 

ddG: V25G    -0.745     6.145     0.574    -0.783    -0.040    -3.726     0.001     0.304    -0.097    -0.432    -3.016     0.000     0.436    -0.340     0.719     0.237     0.003    -0.728 

ddG: V25H     2.219     1.423    -1.078     1.340    -0.045     0.128     0.007     0.460    -0.180    -0.008    -0.115     0.000    -0.447    -0.391     1.575     0.014     0.004    -0.467 

ddG: V25H     0.867     0.487     0.158     2.247    -0.047    -2.635     0.008     0.925    -0.155     0.610    -3.911     0.000    -0.408    -0.132     4.197    -0.009    -0.001    -0.467 

ddG: V25I     1.002    -0.776     1.357     3.007    -0.025    -2.889     0.003     0.763    -0.275     0.667    -3.265     0.000    -0.252     0.027     2.395     0.166    -0.004     0.105 

ddG: V25K     1.448    -0.154    -0.363     4.814    -0.038    -3.450     0.001     0.733    -0.133     0.363    -3.610     0.000    -0.445    -0.061     5.176    -0.140    -0.001    -1.244 

ddG: V25L    -1.156    -3.376     3.863     1.846    -0.026    -3.063     0.000     0.498    -0.092    -0.564    -2.972     0.000     0.563    -0.106     2.356     0.088     0.001    -0.172 

ddG: V25M     1.693    -0.415    -0.256     3.285    -0.035    -3.094     0.003     0.717    -0.104     0.375    -3.512     0.000    -0.284    -0.015     6.084    -0.350     0.000    -0.706 

ddG: V25N     2.279    -0.470    -1.479     4.306    -0.030    -1.777     0.003     0.202    -0.106    -0.206    -0.224     0.000     0.023    -0.447     4.438     0.074     0.004    -2.032 

ddG: V25P    -0.875     2.920     1.188    -3.468    -0.037    -1.554     0.014     0.395    -0.047     0.652    -2.982     0.000     0.210    -0.455     3.602    -0.156     0.003    -1.162 

ddG: V25Q     0.644    -3.828    -2.223     8.726    -0.027    -3.375     0.013     0.709    -0.142     0.632    -2.864     0.000    -0.522     0.009     6.115    -0.261    -0.001    -2.317 

ddG: V25R    -0.418    -2.689     0.653     6.505    -0.027    -4.464    -0.005     0.248    -0.110    -1.868    -3.037     0.000    -0.175    -0.352     6.085    -0.109     0.003    -1.077 

ddG: V25S    -1.753     2.498     0.386     2.969    -0.043    -5.178    -0.003     0.256    -0.066    -0.520    -3.869     0.000    -0.189    -0.364     3.106    -0.054     0.004    -0.685 

ddG: V25T    -0.108     0.466     1.993     2.409    -0.020    -3.746    -0.008     0.271     0.069     1.194    -3.518     0.000    -0.027    -0.369     2.041    -0.154    -0.011    -0.699 

ddG: V25V     0.383     0.670    -1.370     0.805    -0.009    -1.450     0.003     0.193    -0.106    -0.342    -0.248     0.000    -0.184    -0.340     2.580     0.177     0.004     0.000 

ddG: V25W     1.395    -0.136    -0.786    -1.788    -0.013     1.161     0.004     0.502    -0.157     0.813    -0.919     0.000    -0.360    -0.580     3.408     0.019     0.004     0.222 

ddG: V25Y     3.205    -0.319    -1.456     1.792    -0.008     1.380     0.014     1.076    -0.217     0.697    -0.846     0.000    -0.628    -0.026     2.426     0.013     0.046    -0.739 

