ddG: description total fa_atr fa_rep fa_sol fa_intra_rep fa_elec pro_close hbond_sr_bb hbond_lr_bb hbond_bb_sc hbond_sc dslf_fa13 rama omega fa_dun p_aa_pp yhh_planarity ref 
ddG: D43A     0.997     0.323     0.737    -1.740     0.003    -0.874     0.004     0.611    -0.075     1.303    -0.526     0.000     0.248     0.178    -1.604     0.157    -0.012     2.265 

ddG: D43C    -0.630     1.951    -0.065    -3.435     0.003    -1.206     0.003     0.661    -0.098     1.413    -0.774     0.000     0.198     0.053    -1.478     0.168     0.001     1.978 

ddG: D43D    -0.427     1.097    -0.200    -1.303     0.002    -1.172     0.001     0.565    -0.056     1.430    -0.779     0.000     0.044     0.007     0.139    -0.201    -0.001     0.000 

ddG: D43E    -0.105     0.513     0.201    -1.696     0.006     0.313     0.003     0.101    -0.075     0.039     0.000     0.000     0.048    -0.040     0.593     0.208     0.004    -0.322 

ddG: D43F    -0.121     1.021    -0.245    -3.256     0.027    -1.258     0.004     0.620    -0.134     1.469    -0.801     0.000     0.245     0.169    -0.180     0.125     0.004     2.069 

ddG: D43G    -0.824     2.200     0.098    -3.449    -0.001    -1.244     0.004     0.657    -0.074     1.237    -0.780     0.000     0.302     0.088    -1.719     0.149    -0.012     1.720 

ddG: D43H     0.892    -0.273     0.193    -1.518     0.001     0.475     0.004     0.063    -0.075    -0.065     0.036     0.000     0.142     0.145    -0.513     0.310    -0.013     1.981 

ddG: D43H     1.803     0.811    -0.417    -1.948     0.001     0.534     0.005     0.004    -0.017     0.122     0.721     0.000     0.236     0.231    -0.583     0.179    -0.055     1.981 

ddG: D43I     0.674     0.456     0.607    -2.787     0.022    -1.474     0.004     0.276    -0.070     2.398    -0.589     0.000     0.434    -0.110    -1.395     0.362    -0.013     2.553 

ddG: D43K    -0.014     0.993    -0.056    -1.846     0.004     0.230     0.005     0.050    -0.058     0.023     0.007     0.000     0.178     0.069    -1.010     0.186     0.009     1.204 

ddG: D43L    -0.726     0.297     0.160    -1.992     0.010     0.092     0.003     0.076    -0.067     0.031    -0.003     0.000     0.062    -0.024    -1.832     0.185     0.001     2.276 

ddG: D43M    -0.276     1.259    -0.242    -2.421     0.005    -0.835     0.002     0.564    -0.044     1.429    -0.778     0.000     0.122     0.059    -1.174     0.035     0.001     1.742 

ddG: D43N    -1.186     1.603    -0.241    -2.451     0.004    -1.670     0.008     0.606    -0.057     1.325    -0.733     0.000     0.155     0.218    -0.058    -0.303    -0.008     0.415 

ddG: D43P    -0.566     0.231     1.386    -2.500     0.000    -1.694     0.088    -0.129    -0.033     2.606    -0.755     0.000     0.295    -0.109    -1.176    -0.057    -0.003     1.286 

ddG: D43Q    -1.158     0.956    -0.376    -2.042     0.004    -1.217     0.002     0.544    -0.028     1.467    -0.792     0.000     0.073     0.074     0.009     0.035     0.002     0.131 

ddG: D43R    -0.626     1.723    -0.139    -3.307     0.011    -1.271     0.004     0.640    -0.090     1.433    -0.782     0.000     0.095     0.068    -0.424     0.041     0.002     1.371 

ddG: D43S    -0.789     1.727    -0.337    -1.427     0.000    -1.778     0.003     0.542    -0.003     1.471    -1.186     0.000     0.111     0.170    -1.541    -0.310     0.007     1.763 

ddG: D43T    -0.938     0.950    -0.124    -1.395     0.002    -1.446     0.001     0.584    -0.028     1.356    -1.095     0.000     0.171     0.017    -1.786     0.128    -0.021     1.749 

ddG: D43V     0.191     1.575    -0.240    -3.097     0.019    -1.310     0.006     0.642    -0.068     1.492    -0.780     0.000     0.459     0.084    -1.472     0.423     0.012     2.448 

ddG: D43W     0.812    -3.145     0.396    -0.445     0.035     0.124     0.002     0.097    -0.059     0.046     0.028     0.000     0.207    -0.079     0.779     0.156     0.001     2.670 

ddG: D43Y     0.189     0.382    -0.144    -1.988     0.024    -1.033     0.001     0.578    -0.033     1.329    -0.736     0.000     0.187     0.063    -0.214     0.080    -0.016     1.709 

