ddG: description total fa_atr fa_rep fa_sol fa_intra_rep fa_elec pro_close hbond_sr_bb hbond_lr_bb hbond_bb_sc hbond_sc dslf_fa13 rama omega fa_dun p_aa_pp yhh_planarity ref 
ddG: K24A    -0.281     1.458     0.108    -1.479    -0.008    -0.309    -0.004    -0.005    -0.020     0.014    -0.001     0.000    -0.027    -0.083    -0.970    -0.004    -0.013     1.061 

ddG: K24C     0.680     1.848    -0.307    -0.908    -0.005    -0.289    -0.002    -0.036    -0.016     0.135    -0.056     0.000     0.139    -0.004    -0.823     0.215     0.016     0.774 

ddG: K24D     0.709     0.746    -0.208     1.449     0.000    -1.103     0.001     0.074    -0.072     0.142    -0.054     0.000     0.051    -0.033     0.827     0.082     0.011    -1.204 

ddG: K24E    -0.802    -0.319     0.105     0.120     0.006    -0.741    -0.002     0.105    -0.096     0.125    -0.056     0.000    -0.135    -0.104     1.754    -0.043     0.005    -1.526 

ddG: K24F    -1.297    -2.002    -0.101    -1.198     0.021    -0.222    -0.005     0.132    -0.027     0.124    -0.054     0.000     0.045    -0.079     0.950     0.247     0.007     0.865 

ddG: K24G     0.763     3.691    -0.006    -2.792    -0.004    -0.677    -0.002     0.079    -0.095     0.130    -0.056     0.000     0.264    -0.087    -0.742     0.531     0.014     0.516 

ddG: K24H    -0.781    -1.055     0.046    -1.202    -0.001    -0.493    -0.001     0.261    -0.095     0.128    -0.057     0.000     0.038    -0.056     0.777     0.139     0.012     0.777 

ddG: K24H     0.069    -0.933     0.084    -0.711    -0.001    -0.429     0.003     0.256    -0.069    -0.005     0.000     0.000     0.136     0.038     0.873     0.044     0.006     0.777 

ddG: K24I    -1.126    -2.013     0.728    -0.564     0.024     1.182    -0.001    -0.500    -0.067    -1.414     0.784     0.000     0.033    -0.124    -0.797     0.261    -0.006     1.348 

ddG: K24K     0.078    -0.585     0.244     0.167     0.003     1.171     0.001    -0.471    -0.052    -1.309     0.726     0.000    -0.045    -0.075     0.046     0.239     0.018     0.000 

ddG: K24L    -1.955    -0.160     0.288    -2.397     0.008    -0.315    -0.001     0.134    -0.110     0.130    -0.053     0.000    -0.002    -0.116    -0.448     0.010     0.005     1.072 

ddG: K24M    -1.512    -0.893     0.112    -1.269     0.000    -0.527    -0.002    -0.076    -0.038     0.126    -0.056     0.000     0.031    -0.061     0.507     0.084     0.010     0.537 

ddG: K24N     0.174     0.554    -0.035    -1.042    -0.003     0.011    -0.001     0.085    -0.081     0.199     0.672     0.000     0.171    -0.097     0.271     0.307    -0.049    -0.789 

ddG: K24P     1.959    -0.533     3.507    -2.552    -0.006    -0.923     0.356     0.446    -0.023     0.236    -0.053     0.000     0.201     0.014     0.785     0.411     0.010     0.082 

ddG: K24Q    -0.419    -1.231     0.320     0.360     0.003     0.864    -0.003    -0.456    -0.062    -1.291     0.729     0.000    -0.095    -0.161     1.426     0.243     0.008    -1.073 

ddG: K24R    -0.382    -0.914    -0.040     0.362     0.005    -0.274    -0.004     0.027    -0.031     0.115    -0.054     0.000    -0.068    -0.114     0.406     0.025     0.009     0.167 

ddG: K24S     1.461     0.601     0.157     0.462    -0.006     1.110    -0.006    -0.547    -0.005    -1.300     0.727     0.000     0.002    -0.143    -0.706     0.547     0.007     0.559 

ddG: K24T     1.152    -0.370     0.412     0.961     0.004     1.490    -0.005    -0.565    -0.008    -1.406     0.785     0.000     0.058    -0.149    -1.105     0.515    -0.010     0.544 

ddG: K24V    -0.694    -0.235     0.155    -0.754     0.015     0.722     0.000    -0.546    -0.042    -1.298     0.726     0.000     0.125    -0.067    -0.971     0.215     0.018     1.244 

ddG: K24W    -1.039    -2.551    -0.167    -0.122     0.018    -0.440    -0.002     0.099    -0.005     0.118    -0.054     0.000     0.089     0.019     0.391     0.099     0.003     1.466 

ddG: K24Y    -1.085    -3.531     0.591    -0.119     0.021     1.046    -0.003    -0.338    -0.046    -1.436     0.785     0.000     0.010    -0.110     1.029     0.502     0.007     0.505 

