ddG: description total fa_atr fa_rep fa_sol fa_intra_rep fa_elec pro_close hbond_sr_bb hbond_lr_bb hbond_bb_sc hbond_sc dslf_fa13 rama omega fa_dun p_aa_pp yhh_planarity ref 
ddG: I10A     6.438     6.875    -1.230    -0.218    -0.010     0.176     0.001     0.015    -0.057    -0.020    -0.011     0.000     0.487     0.235    -0.454     0.948    -0.010    -0.288 

ddG: I10C     5.063     4.770     0.189     1.557    -0.003     0.231     0.003     0.047    -0.183     0.198     0.195     0.000     0.429     0.116    -2.342     0.440    -0.010    -0.574 

ddG: I10D    11.344     1.753    -0.532    10.789    -0.007    -0.441     0.012     0.488    -0.216     1.227    -0.261     0.000     0.334     0.374    -0.333     0.739    -0.028    -2.553 

ddG: I10E    10.611    -1.811    -0.233    11.865    -0.006    -0.379     0.000    -0.100     0.085     0.012     0.022     0.000     0.361     0.059     2.943     0.676    -0.007    -2.874 

ddG: I10F     3.314    -6.587     5.423     2.415     0.025     0.229     0.008    -0.164     0.020     0.128     0.385     0.000     0.325     0.491     0.425     0.715    -0.041    -0.483 

ddG: I10G    10.536     8.288     0.551     0.430     0.008     0.947    -0.003     0.045     0.046     1.696     0.205     0.000     1.118     0.178    -2.874     0.760    -0.026    -0.833 

ddG: I10H     5.601    -7.494     3.838     7.901    -0.002     0.026    -0.014    -0.158     0.450     1.375    -2.496     0.000     0.251     0.619     1.811     0.106    -0.040    -0.571 

ddG: I10H     3.370    -5.825     1.692     7.682    -0.005    -0.193     0.001    -0.036    -0.051     0.187     0.277     0.000     0.446     0.093    -0.792     0.516    -0.049    -0.571 

ddG: I10I    -0.598    -0.776     1.424     0.859     0.003     0.120     0.001     0.020    -0.117     0.195     0.195     0.000     0.276    -0.053    -2.713    -0.029    -0.002     0.000 

ddG: I10K    13.379    -0.150     0.752     9.645     0.029     0.674     0.002    -0.149    -0.104     0.310     0.264     0.000     0.534     0.173     2.294     0.461    -0.008    -1.348 

ddG: I10L     0.582    -0.997     1.130     0.777     0.006     0.197     0.003     0.008     0.079     0.192     0.257     0.000     0.398     0.383    -1.716     0.152    -0.009    -0.276 

ddG: I10M     6.506    -1.523     1.805     2.990     0.005     1.387     0.002    -0.314     0.100     0.135     0.359     0.000     0.470     1.027     0.681     0.211    -0.017    -0.811 

ddG: I10N     7.632     0.502    -0.352     7.810    -0.009     0.199     0.006     0.461    -0.205     1.230    -0.206     0.000     0.229     0.395    -0.805     0.530    -0.015    -2.137 

ddG: I10P    11.116     2.480     1.783    -0.003     0.006     0.657     1.364    -0.010     2.117    -0.147     0.053     0.000     0.208     1.528     2.748    -0.387    -0.013    -1.266 

ddG: I10Q     5.286    -2.584     2.486     7.229    -0.015    -2.065    -0.004     0.053    -0.040    -0.240    -2.423     0.000     0.317     0.700     3.724     0.602    -0.033    -2.421 

ddG: I10R    14.892    -7.132     1.637    15.801     0.030     1.175    -0.002    -0.180     0.244     1.771     0.324     0.000     0.639     0.468     1.298     0.024    -0.023    -1.182 

ddG: I10S     8.868     6.593    -2.076     3.067    -0.015    -0.006     0.008     0.461    -0.162     1.010    -0.469     0.000     0.175     0.450    -0.243     0.879    -0.014    -0.789 

ddG: I10T     4.917     3.930     1.275     3.131    -0.024    -1.602    -0.001     0.577    -0.147     0.850    -2.962     0.000     0.075     0.539    -0.346     0.439    -0.015    -0.804 

ddG: I10V    -0.428     2.217     0.265    -0.999     0.001     0.101     0.002     0.075    -0.138     0.326     0.264     0.000     0.231     0.120    -2.826     0.057    -0.020    -0.105 

ddG: I10W    13.913   -13.693    13.641     7.586     0.010    -1.339    -0.002    -0.022     0.033    -0.217    -2.342     0.000     0.732     2.000     6.842     0.604    -0.035     0.118 

ddG: I10Y     8.867   -10.395     6.020     7.641     0.039     0.526    -0.007    -0.135     0.281     1.653     0.288     0.000     0.386     0.717     2.563     0.182    -0.048    -0.844 

