ddG: description total fa_atr fa_rep fa_sol fa_intra_rep fa_elec pro_close hbond_sr_bb hbond_lr_bb hbond_bb_sc hbond_sc dslf_fa13 rama omega fa_dun p_aa_pp yhh_planarity ref 
ddG: F87A     4.366     7.490    -0.453    -1.890    -0.029     1.318     0.005    -0.084     0.151     1.679     0.120     0.000    -0.112    -0.091    -3.506    -0.427     0.001     0.196 

ddG: F87C     5.129     5.465     1.752     1.464    -0.048    -1.238    -0.014    -0.006     0.169     1.217    -2.657     0.000    -0.231     0.250    -0.711    -0.190    -0.001    -0.091 

ddG: F87D     9.107     4.747    -0.248     3.477    -0.024     1.016    -0.012    -0.029     0.152     1.641     0.065     0.000     0.012    -0.019     0.791    -0.407     0.014    -2.069 

ddG: F87E     6.683     3.617     1.607     2.306    -0.018    -0.212    -0.017    -0.164     0.502     1.403    -2.723     0.000    -0.253     0.462     2.948    -0.393     0.010    -2.391 

ddG: F87F     1.184     0.197    -1.366     0.352    -0.005     0.030    -0.003    -0.048     0.112    -0.183    -0.161     0.000    -0.270     0.053     2.413     0.046     0.017     0.000 

ddG: F87G     6.075     7.105     1.537    -0.074    -0.045    -0.006    -0.007    -0.196     0.411     1.159    -2.674     0.000     0.093     0.538    -1.480     0.051     0.009    -0.349 

ddG: F87H     4.252     0.130     1.636     2.643    -0.025    -1.538    -0.010     0.045     0.302     1.188    -2.628     0.000    -0.155     0.207     2.801    -0.255    -0.002    -0.088 

ddG: F87H     4.450     0.130     1.615     2.646    -0.026    -1.337    -0.011     0.052     0.297     1.190    -2.631     0.000    -0.158     0.217     2.813    -0.258    -0.002    -0.088 

ddG: F87I     7.305     2.155     2.730     0.598    -0.014     1.175    -0.013    -0.132     0.536     1.196    -2.046     0.000     0.003     0.713     0.106    -0.191     0.006     0.483 

ddG: F87K     7.470     2.321     2.305     2.611    -0.035     0.598    -0.021    -0.204     0.350     1.314    -2.781     0.000    -0.206     0.723     1.654    -0.302     0.009    -0.865 

ddG: F87L     8.805     2.364     4.464     0.129    -0.035    -0.500    -0.055    -0.105     0.522     1.210    -2.754     0.000    -0.167     3.086     0.570    -0.141     0.009     0.207 

ddG: F87M     2.872     2.169     0.609     0.730    -0.018     0.336    -0.003    -0.073     0.032    -0.108     0.000     0.000     0.030     0.213    -0.917     0.186     0.014    -0.328 

ddG: F87N     4.671     3.869    -0.207     1.998    -0.025     0.122    -0.009    -0.059     0.064     1.550    -1.318     0.000     0.140    -0.004     0.341    -0.137     0.000    -1.654 

ddG: F87P     1.570     4.987     1.757     0.260    -0.048    -1.210     0.001    -0.024     0.229     1.143    -2.607     0.000    -0.261     0.142    -1.047    -0.968    -0.002    -0.783 

ddG: F87Q     5.445     4.149     1.248     1.024    -0.029    -0.992    -0.017     0.017     0.263     1.265    -2.019     0.000    -0.221     0.166     2.816    -0.300     0.013    -1.938 

ddG: F87R     8.675    -0.226     0.225     7.409    -0.037     1.065    -0.025    -0.052     0.072     1.733     0.127     0.000    -0.037     0.180    -0.733    -0.327     0.000    -0.698 

ddG: F87S     5.117     7.001     1.490     0.014    -0.045    -1.188    -0.016     0.067     0.298     1.387    -2.659     0.000    -0.203     0.054    -0.386    -0.404     0.013    -0.306 

ddG: F87T     6.596     6.256     0.194    -0.054    -0.020     0.918    -0.002    -0.030     0.162     1.675     0.009     0.000     0.150     0.229    -2.392    -0.179     0.000    -0.321 

ddG: F87V     6.624     5.830     0.212    -1.387    -0.011     1.470    -0.005    -0.037     0.172     1.794     0.080     0.000     0.112     0.147    -1.961    -0.172     0.001     0.379 

ddG: F87W    -1.396    -3.777     0.672     1.780    -0.007     0.086    -0.003    -0.029    -0.043    -0.056     0.058     0.000     0.095    -0.075    -0.720     0.023     0.000     0.601 

ddG: F87Y    -0.047    -1.499     1.735     1.356    -0.013    -0.886    -0.010    -0.130     0.258    -0.377    -2.770     0.000    -0.224     0.542     2.395    -0.077     0.012    -0.360 

