ddG: description total fa_atr fa_rep fa_sol fa_intra_rep fa_elec pro_close hbond_sr_bb hbond_lr_bb hbond_bb_sc hbond_sc dslf_fa13 rama omega fa_dun p_aa_pp yhh_planarity ref 
ddG: P29A     2.580     3.263    -0.571    -0.626     0.000     0.248    -0.126    -0.062     0.027    -0.130     0.082     0.000    -0.181    -0.131    -0.142    -0.026    -0.023     0.979 

ddG: P29C     2.731     3.002    -0.596    -0.157     0.002     0.251    -0.129    -0.075     0.027    -0.155     0.075     0.000    -0.140    -0.172     0.119     0.017    -0.028     0.692 

ddG: P29D     3.708     1.936    -0.516     2.380     0.004     0.017    -0.124    -0.069     0.033    -0.037     0.074     0.000    -0.194    -0.196     1.748    -0.045    -0.017    -1.286 

ddG: P29E     3.166     2.139    -0.564     1.056     0.006     0.253    -0.125    -0.113     0.026    -0.137    -0.012    -0.001    -0.076    -0.143     2.587    -0.086    -0.037    -1.608 

ddG: P29F     1.614     0.300    -0.673    -0.273     0.028     0.136    -0.127    -0.140     0.010    -0.199    -0.010     0.001     0.055    -0.118     1.841     0.061    -0.060     0.783 

ddG: P29G     3.840     4.375    -0.506    -0.688    -0.001     0.359    -0.132    -0.084     0.013    -0.141     0.080     0.000     0.146    -0.213    -0.029     0.251    -0.025     0.434 

ddG: P29H     2.591     0.944    -0.622     0.452     0.003     0.203    -0.130    -0.110     0.036    -0.115    -0.002    -0.001    -0.091    -0.101     1.492    -0.020    -0.042     0.695 

ddG: P29H     2.624     0.962    -0.641     0.449     0.003     0.203    -0.129    -0.103     0.037    -0.116     0.057    -0.002    -0.124    -0.156     1.557    -0.027    -0.040     0.695 

ddG: P29I     1.764     1.202    -0.496    -0.407     0.032     0.251    -0.119    -0.076     0.018    -0.243     0.120     0.000     0.027     0.017     0.178     0.004    -0.013     1.266 

ddG: P29K     2.636     2.248    -0.637     0.211     0.007     0.237    -0.130    -0.112     0.028    -0.146     0.035    -0.001    -0.138    -0.139     1.284     0.001    -0.031    -0.082 

ddG: P29L     1.385     1.746    -0.553    -0.343     0.009     0.244    -0.130    -0.093     0.039    -0.123     0.082     0.000    -0.139    -0.130    -0.098    -0.082    -0.034     0.990 

ddG: P29M     2.282     2.310    -0.590    -0.194     0.005     0.257    -0.127    -0.073     0.029    -0.149     0.079     0.000    -0.149    -0.127     0.622    -0.033    -0.031     0.455 

ddG: P29N     2.427     1.887    -0.497     0.835     0.004     0.284    -0.127    -0.081     0.013    -0.132     0.079     0.000    -0.099    -0.227     1.450    -0.072    -0.019    -0.871 

ddG: P29P    -0.054     0.329    -0.126    -0.250     0.000     0.002     0.002    -0.012     0.015    -0.022    -0.049     0.002     0.011     0.011     0.006    -0.019     0.045     0.000 

ddG: P29Q     2.083     1.672    -0.578     0.509     0.007     0.249    -0.133    -0.078     0.030    -0.052     0.067     0.001    -0.179    -0.159     1.934    -0.019    -0.031    -1.155 

ddG: P29R     3.692     1.584    -0.523     1.283     0.011     0.256    -0.127    -0.082     0.032    -0.144     0.075    -0.001    -0.135    -0.156     1.564    -0.019    -0.010     0.084 

ddG: P29S     3.012     2.848    -0.305     1.012     0.003    -0.236    -0.116    -0.085    -0.009    -0.148    -0.039     0.000    -0.079    -0.143    -0.008    -0.130    -0.030     0.477 

ddG: P29T     2.555     2.510    -0.473     1.125     0.005    -0.221    -0.129    -0.095     0.006    -0.113     0.076    -0.001    -0.114    -0.077    -0.182    -0.179    -0.045     0.462 

ddG: P29V     2.012     1.888    -0.612    -0.496     0.026     0.197    -0.119    -0.065     0.005    -0.197     0.083    -0.002     0.034    -0.008     0.048     0.077    -0.008     1.162 

ddG: P29W     2.478    -0.008    -0.718     0.671     0.026     0.192    -0.127    -0.111     0.015    -0.188     0.063     0.000    -0.132    -0.073     1.601    -0.076    -0.041     1.384 

ddG: P29Y     1.649     0.143    -0.726     0.083     0.028     0.162    -0.128    -0.111     0.013    -0.193     0.054     0.000     0.009    -0.095     1.895     0.130    -0.040     0.423 

