ddG: description total fa_atr fa_rep fa_sol fa_intra_rep fa_elec pro_close hbond_sr_bb hbond_lr_bb hbond_bb_sc hbond_sc dslf_fa13 rama omega fa_dun p_aa_pp yhh_planarity ref 
ddG: M59A     1.815     0.336    -1.717     1.369     0.005     0.916     0.006    -0.053    -0.124     0.262     1.870     0.000    -0.091     0.118    -1.606     0.000     0.002     0.523 

ddG: M59C     2.342     1.794    -1.613    -2.041     0.020     3.698     0.003    -0.205     0.041     0.415     2.681     0.000     0.030     0.631    -3.121    -0.236     0.010     0.237 

ddG: M59D     4.139     1.563    -2.573     2.456     0.007     2.394     0.011     0.377    -0.191     1.533     2.326     0.000    -0.119     0.335    -1.821    -0.428     0.009    -1.742 

ddG: M59E     1.838    -1.465    -1.436     1.748     0.027     3.568     0.005    -0.220     0.037     0.442     2.679     0.000     0.040     0.471    -1.603    -0.402     0.011    -2.063 

ddG: M59F     1.998    -1.577    -0.612     0.290     0.020     1.964     0.002     0.216     0.090     1.159    -0.560     0.000    -0.179     0.591     0.491    -0.242     0.016     0.328 

ddG: M59G     1.434     0.650    -2.971     1.044     0.009     1.619     0.005    -0.075    -0.004    -0.723     2.395     0.000     0.171    -0.035    -0.709     0.065     0.016    -0.022 

ddG: M59H     0.121    -3.326     0.308     2.429     0.004     0.090    -0.003    -0.173     0.187    -0.775    -0.144     0.000    -0.002     0.229     1.272    -0.232     0.015     0.240 

ddG: M59H     1.359    -1.889    -2.865     2.056     0.012     1.032     0.005    -0.085     0.026    -0.585     2.459     0.000    -0.047    -0.240     1.391    -0.172     0.021     0.240 

ddG: M59I     3.004     0.058    -2.601    -0.835     0.033     2.694     0.010     0.461    -0.268     1.975     2.410     0.000     0.018     0.632    -2.494     0.109    -0.008     0.811 

ddG: M59K     1.208     0.082    -0.764     2.037    -0.007    -0.447     0.006     0.483    -0.134     0.294    -0.539     0.000    -0.157     0.283     0.746    -0.134    -0.003    -0.537 

ddG: M59L     1.596     0.348    -0.833     1.243    -0.008     0.425     0.004     0.476    -0.137     1.137    -0.476     0.000    -0.268     0.510    -1.172    -0.198     0.010     0.535 

ddG: M59M     1.306     0.517    -0.879     0.414    -0.007     0.322     0.004     0.461    -0.081     1.106    -0.472     0.000    -0.182     0.336    -0.165    -0.064    -0.004     0.000 

ddG: M59N     0.395    -3.483    -0.507     6.319    -0.004    -0.785     0.004     0.444    -0.169     0.288    -0.528     0.000    -0.196     0.288     0.485    -0.431    -0.006    -1.326 

ddG: M59P     0.971     0.794     0.425    -1.587     0.006     1.752     0.063    -0.098    -0.040     0.346     2.812     0.000     0.578    -0.065    -3.559    -0.008     0.006    -0.455 

ddG: M59Q     0.320    -0.038    -1.867     0.554     0.018     1.869     0.009    -0.094    -0.068     0.616     2.298     0.000     0.083    -0.041    -1.186    -0.215    -0.008    -1.610 

ddG: M59R     1.359    -4.172    -3.493     7.109     0.020    -0.563     0.010     0.429    -0.280     0.860     0.513     0.000    -0.266     0.597     1.160    -0.198     0.004    -0.371 

ddG: M59S    -0.827     0.541     0.495     1.898     0.001    -1.300    -0.009    -0.146    -0.196    -0.657    -1.774     0.000    -0.243     0.664     0.434    -0.558     0.002     0.022 

ddG: M59T    -0.530    -0.996    -1.474     2.079     0.025     1.118     0.004    -0.216     0.072    -0.380     1.434     0.000     0.104     0.320    -2.326    -0.315     0.014     0.007 

ddG: M59V     1.578     1.467    -1.847    -1.998     0.027     2.503     0.006    -0.048    -0.129     0.580     2.742     0.000     0.427     0.051    -3.200     0.288     0.002     0.706 

ddG: M59W     1.613    -3.822    -1.340     0.568     0.044     3.586     0.003    -0.243     0.139     0.401     2.672     0.000     0.085     0.448    -1.620    -0.248     0.012     0.928 

ddG: M59Y     0.926    -2.567     0.176     1.351     0.022     1.336    -0.008    -0.199     0.189     0.217    -0.076     0.000    -0.035     0.376     0.251    -0.105     0.031    -0.033 

