ddG: description total fa_atr fa_rep fa_sol fa_intra_rep fa_elec pro_close hbond_sr_bb hbond_lr_bb hbond_bb_sc hbond_sc dslf_fa13 rama omega fa_dun p_aa_pp yhh_planarity ref 
ddG: Y25A    11.047    17.266    -1.806    -7.694    -0.015     3.021     0.025    -0.949     0.067     1.933     2.138     0.018    -0.066    -0.139    -3.395     0.199    -0.111     0.556 

ddG: Y25C    10.349    16.817    -1.957    -6.518    -0.031     2.204     0.005     0.229    -0.068     1.407     1.557    -0.095     0.207    -0.759    -2.733    -0.051    -0.133     0.269 

ddG: Y25D    15.505    12.667    -2.120     1.988    -0.023     2.985     0.005     0.615     0.128     1.434     2.083    -0.006     0.280    -0.966    -1.340    -0.399    -0.118    -1.709 

ddG: Y25E    14.742     8.860    -1.057     2.979    -0.006     3.157     0.024    -0.672    -0.088     1.963     2.191    -0.057    -0.220    -0.145     0.032    -0.089    -0.100    -2.031 

ddG: Y25F     2.831     0.747    -0.383    -3.338     0.011     2.653     0.016    -0.555    -0.012     1.910     2.035     0.031    -0.108    -0.158    -0.260    -0.012    -0.103     0.360 

ddG: Y25G    13.363    19.813    -2.829    -8.045    -0.023     3.158     0.007     0.344    -0.164     1.252     1.899     0.005     0.207    -0.584    -2.161     0.603    -0.131     0.011 

ddG: Y25H     7.384     4.364    -1.330    -0.664    -0.022     2.563     0.020    -0.384    -0.123     1.919     1.498    -0.098    -0.021    -0.338    -0.420     0.272    -0.124     0.272 

ddG: Y25H     7.929     3.600    -2.048    -0.215    -0.006     3.133     0.017    -0.152    -0.270     1.864     1.926    -0.079    -0.276    -0.538     0.557     0.239    -0.095     0.272 

ddG: Y25I    10.522    10.934    -0.924    -6.151     0.004     3.851     0.021     0.346    -0.374     1.886     2.170    -0.052     0.044     0.016    -1.232    -0.752    -0.107     0.844 

ddG: Y25K    15.629     7.852    -1.200     3.564    -0.018     3.141     0.010     0.506    -0.333     1.347     2.045    -0.077    -0.171    -0.923     0.692    -0.192    -0.111    -0.505 

ddG: Y25L     8.499    10.471    -1.108    -5.979     0.001     3.260     0.026    -0.738     0.008     1.868     2.117    -0.067     0.077    -0.299    -1.263    -0.326    -0.115     0.567 

ddG: Y25M     9.365     9.755    -0.966    -4.779    -0.011     2.552     0.019    -0.373    -0.086     1.892     1.498    -0.100     0.020    -0.484     0.623    -0.096    -0.132     0.033 

ddG: Y25N    11.654    12.293    -2.192    -1.841    -0.016     2.923     0.006     0.702     0.114     1.370     2.075    -0.081     0.402    -1.025    -1.131    -0.531    -0.122    -1.294 

ddG: Y25P    25.913    14.655     7.449    -7.652    -0.011     3.734     2.976     2.218     0.059     1.798     3.433     0.073     0.127     1.339    -3.741    -0.037    -0.085    -0.423 

ddG: Y25Q    11.853     9.550    -1.879    -0.762    -0.017     2.462     0.003     0.302    -0.010     1.115     2.965    -0.014    -0.052    -0.192    -0.037     0.123    -0.128    -1.578 

ddG: Y25R    14.141     5.699    -0.138     3.683     0.010     1.891    -0.034     0.545    -0.257     1.029     1.599    -0.023     0.256    -0.473     0.774    -0.123     0.042    -0.338 

ddG: Y25S    12.361    17.180    -1.511    -6.020    -0.026     2.247     0.020    -0.447    -0.109     1.901     1.494    -0.010     0.108    -0.128    -2.639     0.375    -0.128     0.054 

ddG: Y25T    10.250    14.480    -2.877    -4.299    -0.015     3.168     0.023    -0.052    -0.222     1.301     1.892     0.009    -0.334    -0.469    -2.098    -0.183    -0.112     0.040 

ddG: Y25V     6.268    12.215    -2.700    -6.081    -0.008     2.991     0.022    -0.036    -0.242     1.354     1.891    -0.070    -0.556    -0.544    -2.147    -0.453    -0.106     0.739 

ddG: Y25W     5.209    -0.951     0.894    -5.590     0.002     6.115     0.017    -0.291    -0.209     1.153     4.004    -0.053     0.159    -0.417    -0.531     0.072    -0.127     0.961 

ddG: Y25Y     1.044    -0.711    -0.012    -0.703     0.025     0.981    -0.003    -0.526    -0.224     1.142     0.057    -0.080     0.443    -0.330     1.348    -0.352    -0.014     0.000 

