ddG: description total fa_atr fa_rep fa_sol fa_intra_rep fa_elec pro_close hbond_sr_bb hbond_lr_bb hbond_bb_sc hbond_sc dslf_fa13 rama omega fa_dun p_aa_pp yhh_planarity ref 
ddG: Q52A     6.307     6.772     0.243    -5.747    -0.005     3.531    -0.004    -0.535     0.147    -0.308     3.430     0.000    -0.086    -0.364    -3.324     0.367     0.057     2.134 

ddG: Q52C     7.640     5.041     0.435    -3.722    -0.001     4.039    -0.004    -0.518    -0.134    -0.284     3.455     0.000    -0.174    -0.280    -2.551     0.472     0.019     1.847 

ddG: Q52D     9.972     1.253     0.902     4.284    -0.007     1.652    -0.002    -0.530     0.011    -0.301     2.370     0.000     0.132    -0.408    -0.197     0.917     0.027    -0.131 

ddG: Q52E     6.224    -0.809     0.389     3.994    -0.002     1.134    -0.005    -0.041    -0.001    -0.448     2.665     0.000    -0.020     0.022    -0.409     0.250    -0.042    -0.453 

ddG: Q52F     2.385    -5.273     1.154    -2.639     0.025     3.061     0.002    -0.085     0.157     1.166     3.388     0.000    -0.050     0.147    -0.613     0.062    -0.054     1.938 

ddG: Q52G     9.142    11.159    -0.749    -6.979    -0.009     2.228     0.000     0.004     0.031     1.114     2.671     0.000     0.684    -0.189    -3.050     0.623     0.014     1.589 

ddG: Q52H     4.550    -3.316     1.275     0.315    -0.004     2.076    -0.003    -0.067    -0.020     1.130     2.645     0.000    -0.250    -0.123    -1.237     0.193     0.088     1.850 

ddG: Q52H     5.047    -4.331     1.653     0.872    -0.003     3.449    -0.001    -0.531    -0.050    -0.300     3.442     0.000    -0.222    -0.171    -1.173     0.486     0.078     1.850 

ddG: Q52I     7.016     3.001     2.103    -4.627     0.017     2.309    -0.003    -0.107    -0.065     1.133     2.615     0.000     0.167    -0.040    -1.698    -0.133    -0.076     2.421 

ddG: Q52K     4.886     1.173     0.218     0.300     0.004     0.484    -0.001     0.020    -0.013     1.159     1.306     0.000     0.092    -0.261    -0.621     0.021    -0.068     1.073 

ddG: Q52L     4.197     0.542     1.224    -4.809     0.011     2.694    -0.004    -0.044    -0.084     1.140     2.613     0.000    -0.091    -0.293    -1.213     0.214     0.150     2.145 

ddG: Q52M     4.641     1.831    -0.002    -4.120    -0.003     2.578    -0.002     0.014    -0.079     1.175     3.385     0.000    -0.150    -0.183    -1.383     0.038    -0.069     1.610 

ddG: Q52N     4.101     0.884     0.450     0.084     0.000     1.300     0.001     0.007    -0.201     1.157     0.151     0.000     0.389    -0.066    -0.497     0.215    -0.057     0.284 

ddG: Q52P    15.953     3.777     5.774    -5.750    -0.002     5.120     0.550    -0.592     3.545    -0.209     3.245     0.000     0.316     1.052    -2.352     0.274     0.051     1.155 

ddG: Q52Q     0.560    -0.981     0.292     0.851    -0.003     0.739    -0.006    -0.020     0.033    -0.119     0.056     0.000    -0.071    -0.105    -0.226     0.142    -0.023     0.000 

ddG: Q52R    10.030    -3.861     0.559     5.330     0.009     4.310    -0.003    -0.526    -0.024    -0.255     4.158     0.000    -0.181    -0.213    -0.864     0.417    -0.065     1.240 

ddG: Q52S     8.853     7.250    -0.259    -3.687    -0.010     2.515    -0.006    -0.059     0.060     1.126     2.679     0.000    -0.037    -0.149    -2.387     0.177     0.008     1.632 

ddG: Q52T     9.751     5.141     1.251    -2.464     0.001     2.329    -0.004    -0.065     0.478     1.233     2.711     0.000    -0.157     0.446    -2.710    -0.059     0.004     1.617 

ddG: Q52V     6.069     4.278     1.672    -5.317     0.006     2.971    -0.003    -0.052     0.008     1.135     2.667     0.000    -0.043    -0.311    -3.012    -0.250     0.005     2.317 

ddG: Q52W     2.491   -12.551     3.885     2.514     0.028     3.777     0.002    -0.500    -0.202    -0.347     3.385     0.000    -0.156    -0.111    -0.120     0.266     0.082     2.539 

ddG: Q52Y     3.840    -5.677     1.324    -0.430     0.027     3.101     0.004    -0.115     0.178     1.166     3.146     0.000     0.087     0.733    -1.154    -0.056    -0.071     1.578 

