ddG: description total fa_atr fa_rep fa_sol fa_intra_rep fa_elec pro_close hbond_sr_bb hbond_lr_bb hbond_bb_sc hbond_sc dslf_fa13 rama omega fa_dun p_aa_pp yhh_planarity ref 
ddG: Q35A    -0.145     3.446    -0.187    -2.637    -0.008    -1.065     0.002     0.224    -0.193    -0.038     0.042     0.000     0.034    -0.578    -1.530     0.220    -0.011     2.134 

ddG: Q35C     0.114     2.644    -0.174    -1.752    -0.007    -1.029     0.000     0.278    -0.188    -0.029     0.037     0.000     0.028    -0.490    -1.344     0.306    -0.011     1.847 

ddG: Q35D     2.852     0.701    -1.755     1.170     0.017     2.517     0.009    -0.029    -0.048     0.405     2.795     0.000     0.000    -0.311    -2.205    -0.284     0.001    -0.131 

ddG: Q35E     2.732     1.975    -3.266     0.148     0.005     1.174     0.005     0.137    -0.160     0.192     2.593     0.000    -0.089    -0.604     0.816     0.252     0.007    -0.453 

ddG: Q35F     1.339    -0.360    -2.424    -1.301     0.034     1.529     0.016     0.576    -0.323     1.479     2.283     0.000    -0.046    -0.183    -2.044     0.179    -0.014     1.938 

ddG: Q35G     2.727     5.793    -2.850    -3.282     0.002     1.548     0.016     0.657    -0.303     1.465     2.269     0.000     0.178    -0.362    -4.217     0.239    -0.014     1.589 

ddG: Q35H     0.617     0.171    -1.626    -1.403     0.015     1.344     0.007     0.054    -0.217     0.381     2.735     0.000     0.172    -0.529    -2.353     0.010     0.005     1.850 

ddG: Q35H     1.246    -0.519    -1.521    -1.560     0.019     2.600     0.007    -0.137    -0.058     0.405     2.763     0.000     0.125    -0.155    -2.477    -0.097     0.003     1.850 

ddG: Q35I     0.582     0.080    -2.138    -1.803     0.025     1.437     0.017     0.767    -0.275     1.410     2.257     0.000     0.358    -0.272    -4.114     0.428    -0.016     2.421 

ddG: Q35K     1.464     0.655    -1.769    -0.398     0.015     2.422     0.007    -0.006    -0.052     0.387     2.790     0.000     0.106    -0.268    -3.605     0.104     0.001     1.073 

ddG: Q35L     0.971     2.159    -2.730    -2.102     0.013     1.732     0.016     0.605    -0.324     1.458     2.270     0.000    -0.021    -0.292    -4.129     0.170     0.001     2.145 

ddG: Q35M     0.874    -0.859    -0.661    -0.014    -0.010     0.487     0.006     0.448    -0.118     1.048    -0.482     0.000    -0.368     0.275    -0.646     0.165    -0.006     1.610 

ddG: Q35N     0.953     0.572    -1.789    -0.300     0.016     2.194     0.006    -0.008    -0.044     0.386     2.799     0.000     0.016    -0.284    -2.709    -0.188     0.002     0.284 

ddG: Q35P     5.674     1.412     2.855    -2.798     0.003    -0.077     0.201     2.329     0.154    -0.068    -0.602     0.000     1.344     0.099     0.332    -0.664    -0.001     1.155 

ddG: Q35Q     0.979     2.602    -2.862    -1.818     0.008     1.509     0.013     0.552    -0.308     1.529     2.336     0.000     0.040    -0.258    -2.288    -0.063    -0.013     0.000 

ddG: Q35R     2.723     1.455    -2.792     0.051     0.016     1.462     0.016     0.677    -0.314     1.469     2.276     0.000    -0.010    -0.341    -2.621     0.154    -0.014     1.240 

ddG: Q35S     1.676     2.350    -1.839    -1.139     0.019     1.875     0.007     0.041    -0.055     0.390     2.760     0.000     0.136    -0.356    -3.984    -0.162     0.001     1.632 

ddG: Q35T     2.522     1.594    -3.183     1.264     0.011     0.701     0.006     0.112    -0.176     0.192     2.582     0.000     0.021    -0.591    -1.865     0.228     0.007     1.617 

ddG: Q35V     1.697     0.163    -0.993    -2.494     0.034     2.489     0.007     0.092     0.036     0.410     2.756     0.000     0.567    -0.084    -4.193     0.586     0.003     2.317 

ddG: Q35W    -2.471    -7.342     0.378     1.045     0.026    -0.942     0.003     0.212    -0.214    -0.093     0.141     0.000     0.017    -0.164     1.750     0.183    -0.010     2.539 

ddG: Q35Y     1.116    -0.346    -2.436    -1.160     0.033     1.501     0.014     0.495    -0.320     1.461     2.286     0.000    -0.024    -0.212    -1.983     0.243    -0.014     1.578 

