ddG: description total fa_atr fa_rep fa_sol fa_intra_rep fa_elec pro_close hbond_sr_bb hbond_lr_bb hbond_bb_sc hbond_sc dslf_fa13 rama omega fa_dun p_aa_pp yhh_planarity ref 
ddG: Q89A     1.233     3.963    -0.075    -2.922    -0.003     0.232    -0.002    -0.029    -0.010    -0.042     0.017     0.000     0.322    -0.115    -2.468     0.243    -0.012     2.134 

ddG: Q89C     0.799     3.464    -0.140    -2.033    -0.003     0.145    -0.003    -0.014    -0.067    -0.038    -0.017     0.000     0.061     0.012    -2.338    -0.090     0.012     1.847 

ddG: Q89D     3.734     1.068    -0.116     2.832    -0.001    -0.346    -0.006    -0.021    -0.096    -0.036    -0.012     0.001     0.397     0.020    -0.331     0.503     0.007    -0.131 

ddG: Q89E     2.075     0.085    -0.023     2.441     0.002     0.014    -0.003    -0.033    -0.038    -0.023    -0.021     0.000     0.108    -0.098     0.044     0.082    -0.008    -0.453 

ddG: Q89F    -3.733    -3.019     0.055    -1.564     0.026     0.037    -0.005    -0.012    -0.055    -0.027    -0.115     0.002     0.053    -0.131    -0.841    -0.078     0.003     1.938 

ddG: Q89G     3.539     6.467    -0.067    -3.116    -0.004     0.060     0.000    -0.017     0.094    -0.079    -0.062    -0.001     0.671    -0.172    -2.449     0.632    -0.005     1.589 

ddG: Q89H    -0.864    -1.531    -0.080    -0.171     0.000     0.064    -0.002    -0.016     0.004    -0.046    -0.127     0.001     0.141    -0.201    -0.766     0.040    -0.024     1.850 

ddG: Q89H    -0.680    -1.919     0.021     0.170    -0.001     0.153     0.000     0.007     0.020    -0.052    -0.021     0.000     0.070    -0.257    -0.744     0.026    -0.002     1.850 

ddG: Q89I    -0.220    -0.324     1.321    -1.760     0.012     0.112    -0.013    -0.028     0.220    -0.032    -0.062    -0.001     0.083    -0.069    -1.878    -0.242     0.018     2.421 

ddG: Q89K     0.206     0.849    -0.035    -0.438     0.000     0.225     0.000     0.009    -0.006    -0.030    -0.032     0.000     0.044    -0.028    -1.536     0.114    -0.001     1.073 

ddG: Q89L    -1.040    -0.090     0.105    -2.393     0.005     0.120    -0.003    -0.018    -0.037     0.002    -0.124     0.002     0.151    -0.084    -0.829     0.000     0.008     2.145 

ddG: Q89M    -1.054     0.074     0.087    -1.526    -0.001     0.087     0.001     0.001     0.129    -0.039    -0.039     0.000    -0.010    -0.212    -1.047    -0.171     0.000     1.610 

ddG: Q89N     1.066     0.161     0.003     0.902    -0.001    -0.084    -0.004     0.001     0.083     0.015    -0.057    -0.001     0.235    -0.296    -0.525     0.350    -0.002     0.284 

ddG: Q89P     8.206    -0.196     3.774    -2.073     0.000     0.482     0.533     0.180     1.978     0.266    -0.103    -0.004     0.085     1.134     0.866     0.052     0.077     1.155 

ddG: Q89Q    -0.019     0.059     0.003    -0.040     0.000     0.007     0.000    -0.005    -0.009    -0.011     0.005     0.000     0.007    -0.034    -0.015     0.014     0.001     0.000 

ddG: Q89R     1.378     0.212    -0.054     0.856     0.005     0.111     0.001     0.002     0.038    -0.029    -0.041     0.001     0.030    -0.061    -0.874    -0.057     0.000     1.240 

ddG: Q89S     2.410     3.723    -0.058    -1.271    -0.003     0.211    -0.001     0.004     0.023    -0.027    -0.036     0.000     0.136    -0.120    -1.929     0.128    -0.002     1.632 

ddG: Q89T     2.217     2.039     0.351     0.445     0.001    -0.081    -0.008    -0.016     0.035     0.081     0.000     0.003     0.043     0.054    -2.257    -0.092     0.003     1.617 

ddG: Q89V    -0.050     0.277     1.374    -1.676     0.007    -0.039    -0.009    -0.007     0.219    -0.004    -0.102    -0.001     0.008    -0.109    -2.027    -0.291     0.014     2.317 

ddG: Q89W    -2.890    -4.887     0.388    -0.180     0.025    -0.050    -0.002    -0.008    -0.185    -0.081    -0.016    -0.002     0.048    -0.008    -0.370    -0.106     0.005     2.539 

ddG: Q89Y    -3.592    -3.500     0.155    -0.804     0.026     0.116    -0.001     0.000    -0.104    -0.027     0.010     0.000     0.006    -0.069    -0.829    -0.146    -0.004     1.578 

