ddG: description total fa_atr fa_rep fa_sol fa_intra_rep fa_elec pro_close hbond_sr_bb hbond_lr_bb hbond_bb_sc hbond_sc dslf_fa13 rama omega fa_dun p_aa_pp yhh_planarity ref 
ddG: R15A    -3.202    20.033    -0.532   -19.544     0.003     3.707    -0.015    -1.553    -0.190     0.492     1.053     0.000     0.052     0.404    -7.605    -0.402     0.000     0.894 

ddG: R15C    -2.063    12.022    -0.550   -11.114    -0.007     0.632    -0.007    -0.315    -0.389     0.526    -0.113     0.000     0.221     0.157    -3.985     0.252     0.000     0.607 

ddG: R15D     0.853    15.795    -0.713   -11.909    -0.001     2.672     0.001    -0.579    -0.436     0.533     1.480     0.000     0.433     0.379    -5.549     0.116     0.000    -1.371 

ddG: R15E     0.005     7.484    -0.487    -5.454    -0.002     1.522     0.007    -0.187    -0.018     0.457     0.054     0.000     0.159     0.141    -1.860    -0.118     0.000    -1.692 

ddG: R15F     3.412     1.716     5.575   -10.853     0.044     0.730     0.078    -0.429    -0.118     0.481     0.605     0.000     1.650     1.237     2.462    -0.466     0.002     0.698 

ddG: R15G     0.100    22.939    -0.524   -20.593    -0.005     3.446    -0.006    -0.706    -0.403     0.480     1.492     0.000     0.865     0.312    -7.713     0.166     0.001     0.349 

ddG: R15H     0.088     6.426     1.117   -12.138    -0.001     2.653     0.074    -0.716    -0.248     0.240     1.712     0.000     1.187     0.658    -1.431    -0.056     0.001     0.610 

ddG: R15H    -0.343     9.328     1.225   -15.007     0.000     3.293     0.075    -0.783    -0.243     0.265     1.699     0.000     1.260     0.723    -2.705    -0.083     0.001     0.610 

ddG: R15I    -4.474     7.049     1.641   -12.693     0.024     0.647     0.023    -0.330    -0.184     0.451    -0.279     0.000     0.000     1.194    -3.358     0.158     0.000     1.182 

ddG: R15K     1.498     8.342     0.092    -8.995     0.003     3.011    -0.019    -0.292    -0.055     0.410     1.552     0.000     0.368     0.114    -2.870     0.004     0.000    -0.167 

ddG: R15L    -4.442    10.119     0.356   -16.326     0.005     2.947    -0.008    -0.347    -0.063     0.470     1.736     0.000     0.372     0.217    -4.807    -0.018     0.000     0.905 

ddG: R15M    -4.105     8.508    -0.063   -12.137    -0.006     1.446    -0.008    -0.005    -0.034     0.457    -0.017     0.000     0.056     0.325    -3.035     0.037     0.000     0.371 

ddG: R15N    -2.924    14.094    -0.402   -13.757     0.005     2.285    -0.021    -0.186    -0.433    -0.170     1.027     0.000     0.310     0.624    -5.634     0.290     0.000    -0.955 

ddG: R15P     6.378    16.165     5.954   -18.691     0.004     3.488     0.574    -0.337    -0.104     0.455     1.464     0.000     0.971     0.698    -3.978    -0.202     0.000    -0.084 

ddG: R15Q    -4.587     4.891    -0.103    -5.796    -0.004     0.143     0.001    -0.359    -0.398    -0.079    -0.091     0.000     0.135     0.019    -1.628    -0.078     0.001    -1.240 

ddG: R15R     0.006     0.021    -0.003    -0.020     0.000     0.002    -0.002     0.007    -0.005    -0.001    -0.003     0.000     0.001     0.001     0.006     0.002     0.000     0.000 

ddG: R15S    -0.236    19.499    -0.717   -17.577     0.002     2.735    -0.010    -0.298    -0.304     0.357     1.046     0.000     0.306     0.392    -6.316     0.257     0.000     0.392 

ddG: R15T    -0.437    17.958     0.395   -19.383     0.008     3.158     0.015    -0.493    -0.137     0.276     1.244     0.000     0.512     1.295    -5.937     0.276     0.000     0.378 

ddG: R15V    -2.835     9.595     1.147   -13.219     0.017     0.680     0.004    -0.183    -0.231     0.494    -0.256     0.000    -0.017     1.339    -3.559     0.277     0.000     1.077 

ddG: R15W     2.629     1.478     4.394   -11.092     0.028     3.112     0.050    -0.061    -0.019     0.219     1.493     0.000     1.993     1.440    -1.698    -0.008     0.001     1.299 

ddG: R15Y    13.652    10.287    10.542   -14.920     0.034     3.080     0.084    -0.782    -0.235     0.363     1.860     0.000     1.267     2.101    -1.143     0.194     0.580     0.338 

