ddG: description total fa_atr fa_rep fa_sol fa_intra_rep fa_elec pro_close hbond_sr_bb hbond_lr_bb hbond_bb_sc hbond_sc dslf_fa13 rama omega fa_dun p_aa_pp yhh_planarity ref 
ddG: D1A    -0.962    -1.565    -0.333     0.738    -0.003    -0.986     0.001     0.071     0.004    -0.067    -0.035     0.000    -0.063    -0.065    -0.941     0.017     0.000     2.265 

ddG: D1C    -1.057    -1.546    -0.319     0.805    -0.003    -1.051    -0.001     0.068     0.001    -0.068    -0.032     0.000    -0.067    -0.069    -0.771     0.019     0.000     1.978 

ddG: D1D     0.425    -2.866    -0.125     2.873    -0.002    -0.643     0.002     0.058     0.004    -0.022     0.009     0.000    -0.073    -0.071     1.260     0.019     0.000     0.000 

ddG: D1E    -1.505    -5.712    -0.177     5.966    -0.002    -3.141     0.005     0.245     0.024    -0.043    -1.599     0.000    -0.259    -0.281     3.772     0.019     0.000    -0.322 

ddG: D1F    -0.869    -4.355    -0.018     2.907     0.031    -0.631    -0.001    -0.927     0.165     0.022    -0.364     0.000    -0.424    -0.139     1.063    -0.266     0.000     2.069 

ddG: D1G    -2.461    -2.456    -0.088     2.802    -0.005    -2.757     0.007     0.188     0.026     0.021    -1.568     0.000    -0.191    -0.192     0.042    -0.008     0.000     1.720 

ddG: D1H    -1.137    -4.559     0.012     3.979    -0.002    -2.271     0.003     0.182     0.003     0.046    -1.554     0.000    -0.231    -0.202     1.466     0.010     0.000     1.981 

ddG: D1H     0.043    -1.253     0.079     0.406     0.007    -0.342     0.001     0.277     0.031     0.057    -0.370     0.000    -0.245    -0.176    -0.446     0.037     0.000     1.981 

ddG: D1I    -0.478    -2.383    -0.177     1.244     0.017    -0.955    -0.001     0.071     0.000    -0.026     0.004     0.000    -0.062    -0.078    -0.694     0.009     0.000     2.553 

ddG: D1K    -0.983     0.134    -0.111    -0.881     0.003    -0.201    -0.002     0.001    -0.006    -0.006    -0.002     0.000     0.007     0.000    -1.114    -0.010     0.000     1.204 

ddG: D1L    -1.141    -6.735    -0.048     6.250     0.003    -3.011     0.007     0.248     0.024    -0.001    -1.559     0.000    -0.263    -0.285     1.942     0.010     0.000     2.276 

ddG: D1M    -1.177    -3.190     0.079     3.236    -0.002    -2.296     0.006     0.182     0.032     0.050    -1.562     0.000    -0.195    -0.231     0.981    -0.008     0.000     1.742 

ddG: D1N    -1.230    -5.807    -0.166     6.097    -0.003    -2.795     0.005     0.247     0.019     0.008    -1.555     0.000    -0.275    -0.277     2.847     0.009     0.000     0.415 

ddG: D1P    -1.418     0.970    -0.167    -1.742     0.014    -0.258     0.027     0.003    -0.003     0.002    -0.003     0.000     0.001    -0.013    -1.520    -0.017     0.000     1.286 

ddG: D1Q    -2.113    -5.897    -0.162     5.913    -0.001    -3.308     0.008     0.235     0.040    -0.017    -1.593     0.000    -0.264    -0.269     3.058     0.012     0.000     0.131 

ddG: D1R     0.446    -0.974     0.027     0.432     0.011     0.179     0.000     0.000     0.016    -0.006    -0.030     0.000     0.033    -0.044    -0.554    -0.016     0.000     1.371 

ddG: D1S    -1.774    -2.037    -0.190     1.699    -0.003    -2.368     0.000     0.069    -0.006    -0.047     0.006     0.000    -0.067    -0.074    -0.538     0.020     0.000     1.763 

ddG: D1T    -2.864    -6.086    -0.115     6.629    -0.002    -4.575     0.005     0.250     0.019    -0.089    -1.560     0.000    -0.269    -0.277     1.438     0.021     0.000     1.749 

ddG: D1V    -1.856    -3.049    -0.040     2.454     0.017    -1.086     0.001    -0.912     0.214     0.009    -0.353     0.000    -0.352    -0.160    -0.723    -0.323     0.000     2.448 

ddG: D1W    -2.606    -6.338     0.539     1.649     0.025    -0.244    -0.001    -1.312     0.245    -0.419     0.018     0.000     0.019     0.359     0.391    -0.207     0.000     2.670 

ddG: D1Y    -2.397    -7.595    -0.082     6.534     0.023    -2.738     0.005    -1.005     0.132    -0.018    -1.543     0.000    -0.379    -0.153     2.998    -0.286     0.000     1.709 

