ddG: description total fa_atr fa_rep fa_sol fa_intra_rep fa_elec pro_close hbond_sr_bb hbond_lr_bb hbond_bb_sc hbond_sc dslf_fa13 rama omega fa_dun p_aa_pp yhh_planarity ref 
ddG: G7A    -0.358    -0.933     0.089    -0.184     0.021    -0.051    -0.019    -0.501     0.277     0.076     0.156     0.124    -0.046     0.298     0.999    -1.204    -0.004     0.545 

ddG: G7C     2.215    -2.146     0.095     1.384     0.005     0.741     0.008     0.406     0.069     0.061     0.041     0.093    -0.388     0.327     1.448    -0.175    -0.013     0.258 

ddG: G7D     3.559    -3.306     0.345     5.085     0.007    -0.056     0.014    -0.088     0.277     0.209    -0.451     0.082    -0.169     0.926     2.494    -0.333     0.243    -1.720 

ddG: G7E     1.541    -3.218     0.895     3.472     0.013    -0.902     0.002     0.764     0.259    -0.381    -0.538     0.072    -0.278     0.478     3.584    -0.615    -0.025    -2.041 

ddG: G7F     2.255    -7.193     1.476     1.996     0.066     0.483    -0.001     0.265     0.136     0.146     0.947     0.052    -0.174     0.965     3.139    -0.383    -0.015     0.349 

ddG: G7G    -0.533    -0.381    -0.019     0.581     0.008    -0.613    -0.020     0.452     0.027    -0.437     0.073     0.001     0.019    -0.204     0.013    -0.018    -0.012     0.000 

ddG: G7H    -1.326    -5.810     0.576     3.037     0.010    -1.507    -0.001     0.157     0.256    -0.370    -0.849     0.003    -0.195     0.895     2.370    -0.286     0.127     0.261 

ddG: G7H     1.054    -6.330     1.098     3.119     0.007    -0.422    -0.003     0.078     0.210     0.360    -0.758     0.000    -0.085     1.136     2.526    -0.273     0.131     0.261 

ddG: G7I     1.207    -0.525     0.762    -2.094     0.054     0.228    -0.001    -0.789     0.181     0.822     0.239     0.101     0.332    -0.126     2.183    -0.982    -0.010     0.833 

ddG: G7K     2.073    -3.045     0.725     1.801     0.015    -0.441    -0.034     0.721     0.096     0.113    -0.392    -0.006     0.146    -0.059     3.797    -0.814    -0.033    -0.516 

ddG: G7L     1.967    -4.327     0.107     1.459     0.024     0.803    -0.016     1.253    -0.158     0.051     0.153     0.014     0.060     0.173     2.425    -0.652     0.040     0.556 

ddG: G7M     0.342    -3.413     1.119     1.318     0.007    -0.225    -0.004     0.056     0.175     0.240    -0.404    -0.016    -0.169     0.708     1.462    -0.516    -0.019     0.022 

ddG: G7N     1.196    -4.026     0.404     2.818     0.016    -0.222    -0.011     0.286     0.088     0.572    -0.765     0.073     0.397     0.158     3.369    -0.635    -0.021    -1.304 

ddG: G7P     6.939    -2.409     5.671    -0.290     0.007    -0.065     0.590    -0.186     0.308    -0.327     1.019     0.084     1.214     2.483     0.023    -0.737    -0.011    -0.434 

ddG: G7Q     1.173     1.470    -0.159    -2.215     0.019     0.786    -0.012    -0.170     0.042     0.778     0.997    -0.005     0.156     0.503     1.628    -1.029    -0.027    -1.589 

ddG: G7R     4.340    -2.014     0.176     2.123     0.022     0.150     0.032     0.658     0.253    -0.386     0.870     0.100    -0.384     0.500     3.184    -0.583    -0.011    -0.349 

ddG: G7S     1.950     1.704     0.019    -0.705     0.020     1.504     0.033    -0.056     0.263    -0.425    -0.071     0.048    -0.227     0.776    -0.682    -0.323     0.029     0.043 

ddG: G7T     2.839     0.059     0.600     0.171     0.012     0.591     0.018     0.530     0.212    -0.305     0.346     0.071     0.058     0.064     0.661    -0.257    -0.020     0.029 

ddG: G7V     3.021    -1.160     1.097    -1.372     0.049     1.393     0.013     0.616     0.026     0.103     0.346    -0.022     0.526    -0.444     1.837    -0.684    -0.033     0.728 

ddG: G7W     3.476    -4.389     1.114     0.386     0.045     1.785     0.036    -0.085     0.211     0.140     0.219     0.062    -0.082     0.738     2.715    -0.346    -0.025     0.950 

ddG: G7Y     1.475    -7.849     1.857     2.538     0.064    -0.164     0.000     0.136     0.094     0.337    -0.413    -0.023    -0.062     0.751     4.462    -0.220    -0.022    -0.011 

