ddG: description total fa_atr fa_rep fa_sol fa_intra_rep fa_elec pro_close hbond_sr_bb hbond_lr_bb hbond_bb_sc hbond_sc dslf_fa13 rama omega fa_dun p_aa_pp yhh_planarity ref 
ddG: K3A    -0.001    -1.827     0.193     2.969    -0.006    -2.356     0.006     0.165     0.166     0.079    -1.566     0.000    -0.222    -0.224     1.425     0.135     0.000     1.061 

ddG: K3C    -1.189     4.928     0.314    -4.253     0.004     0.775     0.001    -1.411     0.073     0.047     0.000     0.000    -0.126     0.283    -2.097    -0.501    -0.001     0.774 

ddG: K3D     0.456    -4.154     0.197     7.020     0.002    -1.864     0.007    -1.160     0.255     0.033    -1.551     0.000    -0.167    -0.003     3.346    -0.301     0.000    -1.204 

ddG: K3E     1.403     2.136     0.563    -0.888     0.003     0.521     0.001    -0.047    -0.046     0.035    -0.007     0.000     0.048     0.199     0.405     0.005     0.000    -1.526 

ddG: K3F    -2.371     1.800     0.427    -3.832     0.032     0.753     0.000    -1.408     0.053     0.049     0.012     0.000    -0.133     0.237    -0.646    -0.579     0.000     0.865 

ddG: K3G     0.621     7.800    -0.437    -5.368    -0.003     0.720     0.002    -0.107    -0.160     0.126     0.001     0.000     0.081     0.103    -2.344    -0.307     0.000     0.516 

ddG: K3H    -1.540    -5.740     0.067     5.147     0.001    -1.793     0.007    -1.175     0.271     0.036    -1.554     0.000    -0.165    -0.036     2.939    -0.322    -0.001     0.777 

ddG: K3H    -1.365    -5.771     0.060     5.168     0.001    -1.640     0.009    -1.180     0.268     0.056    -1.552     0.000    -0.179    -0.033     2.967    -0.315    -0.001     0.777 

ddG: K3I     4.343     3.378     1.746    -3.970     0.027     1.671     0.000     0.252    -0.478     1.340    -0.451     0.000    -0.372     0.382    -0.938     0.408     0.000     1.348 

ddG: K3K    -0.018    -0.011     0.005     0.021     0.000    -0.027     0.001    -0.008     0.001     0.001     0.004     0.000     0.003    -0.001    -0.003    -0.005     0.000     0.000 

ddG: K3L    -1.354     2.157     0.358    -3.271     0.005     0.451    -0.001    -0.056     0.017     0.030    -0.007     0.000    -0.008     0.074    -2.049    -0.127     0.000     1.072 

ddG: K3M    -2.008    -1.099     0.183    -0.336     0.005    -0.060     0.001    -1.332     0.289     0.004     0.009     0.000    -0.165     0.196     0.074    -0.315     0.000     0.537 

ddG: K3N    -0.133    -4.344     0.047     5.617    -0.003    -2.216     0.009     0.158     0.040     0.043    -1.560     0.000    -0.148    -0.217     3.242    -0.010     0.000    -0.789 

ddG: K3P     1.114    -4.889     3.347     4.352    -0.005    -2.327     0.162    -0.525     0.685    -0.602    -1.494     0.000     0.074     0.440     2.354    -0.538    -0.001     0.082 

ddG: K3Q    -1.174     1.232     0.311    -1.125     0.007     0.429    -0.001    -1.064     0.221     0.072    -0.353     0.000    -0.293    -0.013     0.854    -0.377    -0.001    -1.073 

ddG: K3R    -0.163    -1.871     0.140     3.049     0.004    -1.651     0.008     0.107     0.023     0.064    -1.564     0.000    -0.057    -0.127     1.485     0.061     0.000     0.167 

ddG: K3S     0.187     2.250     0.040    -0.797     0.002    -0.203     0.000    -1.341     0.155     0.003     0.015     0.000    -0.151     0.239     0.026    -0.609     0.000     0.559 

ddG: K3T     0.485     3.218     0.893    -1.002     0.008     0.275    -0.002    -1.375     0.205    -0.001     0.023     0.000    -0.083     0.594    -2.050    -0.763    -0.001     0.544 

ddG: K3V     1.245     2.844     2.265    -3.489     0.019     0.499    -0.004    -1.317    -0.179     0.063     0.039     0.000     0.033     1.548    -1.860    -0.459    -0.001     1.244 

ddG: K3W    -1.220    -3.639     0.307     0.298     0.028     0.238     0.002    -1.374     0.056     0.029     0.020     0.000    -0.021     0.064     1.739    -0.433     0.000     1.466 

ddG: K3Y    -2.533     1.743     0.315    -3.653     0.032     0.827    -0.002    -1.425     0.088     0.013     0.024     0.000    -0.056     0.246    -0.674    -0.518     0.000     0.505 

