ddG: description total fa_atr fa_rep fa_sol fa_intra_rep fa_elec pro_close hbond_sr_bb hbond_lr_bb hbond_bb_sc hbond_sc dslf_fa13 rama omega fa_dun p_aa_pp yhh_planarity ref 
ddG: D130A     0.264     5.160    -0.258    -8.037    -0.004     1.258    -0.004    -0.078    -0.024     0.817     0.058     0.000     0.371     0.095    -2.080     0.726     0.001     2.265 

ddG: D130C    -0.553     3.268     0.129    -5.919    -0.004     0.560    -0.001     0.000    -0.093     0.717     0.014     0.000     0.197     0.053    -1.815     0.375    -0.014     1.978 

ddG: D130D     0.885     0.010     0.992    -0.214    -0.018    -0.512    -0.005     0.293     0.152     0.718    -3.264     0.000    -0.446     0.825     2.427    -0.062    -0.010     0.000 

ddG: D130E     1.250    -0.108     1.298    -2.821     0.011     0.993    -0.007    -0.254    -0.062     0.869    -0.023     0.000     0.155     0.467     0.698     0.359    -0.003    -0.322 

ddG: D130F     1.776    -4.804     4.526    -2.910     0.015    -1.223    -0.014    -0.103     0.340     0.262    -2.689     0.000     0.084     1.009     4.978     0.251    -0.016     2.069 

ddG: D130G     2.148     7.895    -0.118    -9.484    -0.003     1.274     0.003    -0.098     0.072     0.678    -0.030     0.000     0.899     0.026    -1.754     1.069     0.000     1.720 

ddG: D130H    -0.148    -3.081     0.532    -2.931     0.000     1.103    -0.002     0.311     0.101     0.414    -0.473     0.000     0.035     0.678     1.178     0.023    -0.019     1.981 

ddG: D130H    -0.643    -3.531     2.287    -2.166    -0.019    -1.093    -0.009     0.379     0.146     0.033    -3.174     0.000    -0.109     0.785     3.703     0.149    -0.007     1.981 

ddG: D130I     0.809    -0.063     5.171    -5.691     0.000    -0.961     0.002     0.208    -0.063     0.327    -2.758     0.000    -0.125     0.170     2.063    -0.023    -0.002     2.553 

ddG: D130K     1.998     0.924     0.294    -3.103    -0.006     1.314    -0.001     0.488    -0.325     1.865    -0.485     0.000     0.104     0.333    -1.030     0.441    -0.018     1.204 

ddG: D130L     2.797    -0.527     2.095    -6.315     0.019     2.223    -0.009    -0.368     0.135     0.786    -0.052     0.000     0.187     0.998     1.349     0.004    -0.004     2.276 

ddG: D130M    -0.979     0.258     2.966    -4.446    -0.020    -1.743    -0.016     0.129    -0.263     0.393    -2.703     0.000     0.056     0.154     1.924     0.606    -0.016     1.742 

ddG: D130N    -0.800     0.111    -1.258    -3.033     0.009     0.868    -0.008    -0.047     0.080    -0.284    -0.188     0.000    -0.248     0.123     2.503     0.156     0.001     0.415 

ddG: D130P     4.686     2.081     5.811    -8.564    -0.018    -1.452     0.622    -0.061     0.863     0.278    -2.702     0.000     0.769     1.121     3.934     0.720    -0.002     1.286 

ddG: D130Q     0.257    -0.147     1.294    -5.072     0.010     1.980    -0.010    -0.124    -0.140     0.870    -0.022     0.000     0.125     0.422     0.627     0.316    -0.004     0.131 

ddG: D130R     3.706    -0.052    -0.271    -2.274     0.004     1.467    -0.006    -0.019    -0.123     0.618    -0.210     0.000    -0.014     0.097     2.483     0.634     0.001     1.371 

ddG: D130S     0.590     5.069    -0.181    -6.766     0.001     0.531    -0.001     0.041    -0.090     0.708    -0.029     0.000     0.362     0.003    -1.468     0.647     0.000     1.763 

ddG: D130T     2.478     2.602     1.583    -4.301     0.002     0.915    -0.004     0.203    -0.300     0.775    -0.012     0.000     0.406     0.006    -1.935     0.790     0.000     1.749 

ddG: D130V     1.322     0.322     3.034    -5.903     0.013     2.006     0.000    -0.034     0.000     0.791    -0.021     0.000    -0.007     0.530    -1.656    -0.195    -0.004     2.448 

ddG: D130W     1.393    -5.076     1.295    -2.163     0.045     1.399    -0.001     0.356    -0.093     1.754    -0.466     0.000     0.002     0.683     1.273    -0.266    -0.019     2.670 

ddG: D130Y     2.522    -3.804     2.605    -4.478     0.035     1.499    -0.009    -0.157     0.326     0.755     0.030     0.000     0.249     0.841     2.709     0.210     0.001     1.709 

