ddG: description total fa_atr fa_rep fa_sol fa_intra_rep fa_elec pro_close hbond_sr_bb hbond_lr_bb hbond_bb_sc hbond_sc dslf_fa13 rama omega fa_dun p_aa_pp yhh_planarity ref 
ddG: M96A     2.895     8.119    -2.476    -2.469     0.012     1.933     0.001    -0.107    -0.040     0.275     2.735     0.000     0.157    -0.621    -4.958    -0.178    -0.013     0.523 

ddG: M96C     2.480     5.999    -1.709    -1.221     0.018     2.055    -0.005    -0.504    -0.002    -0.801     3.173     0.000     0.441    -0.921    -4.611     0.326     0.006     0.237 

ddG: M96D     4.654     1.973     0.193     6.024     0.008     0.396    -0.011    -0.687     0.252    -1.061     0.399     0.000     0.180    -0.451    -0.979     0.159     0.001    -1.742 

ddG: M96E     5.450    -1.509    -1.165     7.383     0.030     2.838    -0.006    -0.728     0.253    -0.709     3.198     0.000     0.149    -0.285    -1.695    -0.244     0.002    -2.063 

ddG: M96F     1.839    -3.024    -0.538    -1.230     0.040     2.162    -0.004     0.304    -0.077    -0.101     2.712     0.000    -0.056     0.987     0.250     0.089    -0.002     0.328 

ddG: M96G     4.201     9.492    -1.519    -2.120     0.014     1.285    -0.005    -0.592    -0.005    -0.765     3.192     0.000     0.728    -0.917    -4.986     0.430    -0.008    -0.022 

ddG: M96H     1.431    -4.018    -0.551     2.818     0.028     2.951    -0.010    -0.435     0.133    -0.781     3.278     0.000     0.240     0.218    -2.684     0.004     0.000     0.240 

ddG: M96H     1.555    -4.598    -0.486     4.043     0.025     2.662    -0.013    -0.450     0.117    -0.779     3.317     0.000     0.242     0.251    -3.009    -0.005    -0.001     0.240 

ddG: M96I     2.169     1.445    -0.387    -0.350     0.037     1.717    -0.016    -0.214     0.044    -0.596     3.215     0.000     0.521    -0.327    -4.060     0.324     0.006     0.811 

ddG: M96K     5.208     1.951    -3.477     3.490     0.014     2.086     0.001    -0.187     0.005    -0.023     2.497     0.000    -0.174    -0.426    -0.027     0.013     0.002    -0.537 

ddG: M96L    -0.607     1.793    -2.010    -1.656     0.022     2.292    -0.001    -0.074    -0.079     0.176     2.711     0.000     0.167    -0.268    -4.078    -0.138     0.001     0.535 

ddG: M96M    -0.969    -0.110    -0.831    -1.177     0.026     1.661     0.004    -0.520     0.023    -0.706     3.178     0.000     0.352    -0.448    -2.368    -0.045    -0.008     0.000 

ddG: M96N     2.792     2.910    -2.983     2.224     0.017     1.664    -0.005    -0.518     0.066    -1.122     3.014     0.000     0.255    -0.729    -0.969     0.289     0.007    -1.326 

ddG: M96P     9.997     3.777     4.985    -2.245     0.014     1.357     0.832     1.345     0.060     0.219     2.712     0.000     0.543     0.720    -3.695    -0.170    -0.001    -0.455 

ddG: M96Q     2.672    -0.583    -2.150     3.721     0.013     2.635    -0.003    -0.093    -0.010     0.428     2.760     0.000     0.102    -0.397    -1.973    -0.171     0.002    -1.610 

ddG: M96R     5.477    -5.186    -1.202     9.553     0.026     1.790     0.012    -0.710     0.146    -0.690     2.425     0.000    -0.012    -0.226    -0.158     0.076     0.003    -0.371 

ddG: M96S     3.620     7.765    -1.606    -1.264     0.013     1.138     0.012    -0.424     0.052    -0.624     3.248     0.000     0.329    -0.809    -4.354     0.132    -0.008     0.022 

ddG: M96T     3.507     5.788    -2.498    -0.025     0.018     1.664     0.015     0.101    -0.037     0.381     2.732     0.000     0.230    -0.425    -4.598     0.153     0.001     0.007 

ddG: M96V     3.619     1.584     1.051     0.803     0.013    -0.780    -0.033     0.208     0.039     0.154    -0.736     0.000     0.248    -0.034    -0.035     0.437    -0.006     0.706 

ddG: M96W    -0.760    -9.876     4.353     1.520     0.063     1.946     0.041    -0.239    -0.059    -1.105     3.361     0.000     0.453    -0.030    -2.414     0.310    -0.012     0.928 

ddG: M96Y     0.434    -5.443     3.931     1.922     0.032    -0.617    -0.010    -0.015    -0.090    -1.134     0.650     0.000     0.303     0.611     0.107     0.227    -0.009    -0.033 

