ddG: description total fa_atr fa_rep fa_sol fa_intra_rep fa_elec pro_close hbond_sr_bb hbond_lr_bb hbond_bb_sc hbond_sc dslf_fa13 rama omega fa_dun p_aa_pp yhh_planarity ref 
ddG: Q14A     0.422     4.379    -0.021    -3.313    -0.004    -0.103    -0.001    -0.087     0.013    -0.019    -0.045     0.000    -0.006    -0.088    -2.386    -0.034     0.003     2.134 

ddG: Q14C     1.077     3.063    -0.006    -1.697    -0.004    -0.132    -0.001    -0.034     0.005    -0.020    -0.023    -0.001     0.097    -0.038    -2.305     0.330    -0.003     1.847 

ddG: Q14D     1.715     1.693    -0.607     2.698     0.001    -0.660     0.045     0.290     0.108     0.224     0.011    -0.001    -0.292    -0.252    -1.252    -0.168     0.008    -0.131 

ddG: Q14E     2.000     0.091     0.023     2.023     0.001     0.079    -0.001    -0.004     0.006     0.014    -0.078     0.000    -0.025     0.016     0.337    -0.020    -0.008    -0.453 

ddG: Q14F    -2.611    -1.711    -0.297    -1.769     0.023    -0.045     0.030     0.347     0.071     0.291     0.013     0.000    -0.204    -0.340    -0.809    -0.151     0.003     1.938 

ddG: Q14G     2.693     7.005    -0.126    -3.991    -0.005    -0.125     0.003    -0.038     0.005     0.118    -0.012     0.000     0.311    -0.056    -2.467     0.482     0.004     1.589 

ddG: Q14H    -0.520    -0.944    -0.600    -0.053    -0.001     0.109     0.045     0.337     0.064     0.268     0.020     0.000    -0.224    -0.310    -0.889    -0.189    -0.002     1.850 

ddG: Q14H    -0.525    -0.920    -0.599    -0.062    -0.001     0.115     0.046     0.333     0.061     0.269     0.018     0.000    -0.223    -0.330    -0.895    -0.187    -0.001     1.850 

ddG: Q14I     1.504     0.263     1.361    -1.877     0.025     0.039     0.005    -0.018     0.067     0.160    -0.031    -0.005     0.142     0.096    -1.294     0.132     0.016     2.421 

ddG: Q14K    -0.100     1.580    -0.663    -0.507     0.002    -0.206     0.023     0.317     0.044     0.218     0.011     0.001    -0.318    -0.254    -1.236    -0.193     0.009     1.073 

ddG: Q14L    -0.839     1.210     0.075    -2.213     0.004    -0.100     0.090     0.371     0.127     0.331    -0.046    -0.004    -0.197     0.335    -2.807    -0.151    -0.008     2.145 

ddG: Q14M    -0.491     1.916    -0.651    -2.358    -0.001    -0.089     0.025     0.285     0.044     0.216    -0.091     0.002    -0.123    -0.274    -0.781    -0.230     0.009     1.610 

ddG: Q14N     1.216     1.851    -0.759    -0.012    -0.001     0.039     0.040     0.340     0.066     0.316     0.006     0.000    -0.142    -0.286    -0.413    -0.121     0.008     0.284 

ddG: Q14P     2.934     3.254     3.441    -4.832    -0.004    -0.255     0.299     0.275     0.022     0.689     0.005     0.003     0.212     0.466    -1.934     0.122     0.015     1.155 

ddG: Q14Q    -0.007     0.016    -0.005    -0.009     0.000     0.007     0.001    -0.001    -0.005    -0.002     0.006     0.000     0.003    -0.016    -0.002     0.003    -0.004     0.000 

ddG: Q14R     0.480     0.715    -0.654     1.097     0.010    -1.089     0.026     0.262     0.046     0.240    -0.520     0.000    -0.282    -0.213    -0.128    -0.274     0.004     1.240 

ddG: Q14S     2.351     4.096    -0.083    -1.424    -0.003    -0.069    -0.001    -0.073     0.015    -0.021    -0.044     0.000     0.045    -0.063    -1.856     0.196     0.004     1.632 

ddG: Q14T     2.155     2.150    -0.067     0.656     0.000    -0.329     0.003    -0.001     0.010     0.058     0.006     0.000     0.076     0.042    -2.333     0.268    -0.004     1.617 

ddG: Q14V     1.868     3.426     0.569    -4.050     0.012     0.074     0.019     0.104    -0.039     0.832    -0.154    -0.003     0.137     0.102    -1.748     0.267     0.003     2.317 

ddG: Q14W    -2.987    -4.124    -0.404     0.052     0.022     0.146     0.045     0.319     0.062     0.273     0.003     0.000    -0.302    -0.317    -1.175    -0.131     0.005     2.539 

ddG: Q14Y    -2.313    -2.143    -0.303    -0.954     0.023     0.148     0.027     0.306     0.050     0.319     0.076     0.000    -0.212    -0.423    -0.679    -0.125    -0.001     1.578 

