ddG: description total fa_atr fa_rep fa_sol fa_intra_rep fa_elec pro_close hbond_sr_bb hbond_lr_bb hbond_bb_sc hbond_sc dslf_fa13 rama omega fa_dun p_aa_pp yhh_planarity ref 
ddG: R145A     0.652     2.924     0.693    -4.486    -0.010     2.561    -0.004    -0.452     0.088    -1.136     1.923     0.000     0.260    -0.281    -2.271    -0.056     0.005     0.894 

ddG: R145C     0.578     2.494     0.694    -3.996    -0.007     2.310    -0.007    -0.471     0.135    -0.812     1.930     0.000     0.270    -0.202    -2.181    -0.193     0.005     0.607 

ddG: R145D     3.817    -0.862     2.382     1.660    -0.022    -0.123    -0.014    -0.021     0.094    -0.867    -2.004     0.000     0.227     0.166     3.853     0.715     0.007    -1.371 

ddG: R145E     2.205     1.324     0.869    -3.232    -0.010     3.900    -0.008    -0.663     0.309    -1.005     1.954     0.000     0.327     0.115    -0.029     0.029     0.016    -1.692 

ddG: R145F     1.911    -0.360    -0.409    -1.799     0.007     2.336    -0.007    -0.492     0.216    -1.388     1.763     0.000    -0.134     0.124     1.435    -0.098     0.020     0.698 

ddG: R145G     2.034     4.273    -0.655    -5.062    -0.017     2.669    -0.006    -0.491     0.193    -1.910     1.720     0.000     0.376    -0.177     0.111     0.641     0.020     0.349 

ddG: R145H     0.608    -1.376     2.440    -0.915    -0.025     0.621    -0.016    -0.399     0.127    -1.450    -0.781     0.000    -0.076    -0.136     1.897     0.071     0.016     0.610 

ddG: R145H     2.464    -1.255    -0.639    -0.182    -0.015     2.532    -0.008    -0.507     0.162    -1.215     1.796     0.000    -0.173    -0.169     1.507     0.001     0.020     0.610 

ddG: R145I     2.943     1.821    -0.091    -2.450     0.004     2.966    -0.001    -0.009     0.021    -0.014     1.469     0.000     0.156    -0.011    -2.334     0.220     0.015     1.182 

ddG: R145K     1.615     1.857     0.613    -3.197    -0.007     2.848    -0.006    -0.467     0.076    -1.070     1.972     0.000     0.259    -0.299    -1.134     0.317     0.020    -0.167 

ddG: R145L     2.926     1.059    -0.665    -2.196    -0.009     2.686    -0.006    -0.457     0.170    -1.101     1.763     0.000     0.255    -0.270     0.398     0.375     0.020     0.905 

ddG: R145M     1.489    -0.648     2.488    -1.175    -0.023     0.732    -0.012    -0.365     0.126    -1.390    -0.783     0.000     0.024    -0.249     2.132     0.244     0.016     0.371 

ddG: R145N     2.597     1.036    -0.117    -0.735    -0.026     2.283    -0.002    -0.048     0.011    -0.027     1.048     0.000     0.177     0.018    -0.519     0.441     0.015    -0.955 

ddG: R145P    15.657    -0.122     6.512    -2.525    -0.020     2.752     1.944    -0.477     0.405     0.222     1.928     0.000     0.767     2.969     0.913     0.467     0.004    -0.084 

ddG: R145Q     1.667     1.020     0.833    -3.401     0.000     3.556    -0.008    -0.656     0.291    -0.979     1.951     0.000     0.196     0.138     0.029    -0.079     0.016    -1.240 

ddG: R145R     0.069     0.016    -0.016     0.029    -0.001     0.059    -0.001    -0.009     0.000    -0.020    -0.015     0.000    -0.017     0.019     0.037    -0.012     0.000     0.000 

ddG: R145S     0.536     3.132     0.567    -4.084    -0.012     2.028    -0.005    -0.482     0.096    -0.979     1.990     0.000     0.238    -0.284    -2.052    -0.014     0.006     0.392 

ddG: R145T     0.313     1.162     2.520    -0.954    -0.029    -0.474    -0.016    -0.409     0.131    -1.594    -0.747     0.000     0.019    -0.055     0.111     0.270     0.003     0.378 

ddG: R145V     2.486     1.821    -0.542    -2.827    -0.010     2.390    -0.009    -0.481     0.193    -1.301     1.751     0.000     0.064    -0.221     0.323     0.237     0.021     1.077 

ddG: R145W     0.116    -5.129     2.483     0.630    -0.002     0.875    -0.018    -0.379     0.092    -1.090    -0.821     0.000     0.131    -0.182     2.287    -0.076     0.017     1.299 

ddG: R145Y     2.180    -1.171    -0.687    -0.891     0.012     2.515    -0.011    -0.481     0.179    -1.103     1.758     0.000     0.040    -0.253     1.735     0.123     0.076     0.338 

