ddG: description total fa_atr fa_rep fa_sol fa_intra_rep fa_elec pro_close hbond_sr_bb hbond_lr_bb hbond_bb_sc hbond_sc dslf_fa13 rama omega fa_dun p_aa_pp yhh_planarity ref 
ddG: V40A    -0.531     6.325    -0.988    -1.516    -0.034    -1.398    -0.005    -0.168    -0.053    -1.271     0.320     0.000    -0.061    -0.624    -0.761    -0.123     0.010    -0.183 

ddG: V40C    -0.124     2.331     0.228     1.847    -0.032    -1.596    -0.004    -0.218    -0.109    -1.169     0.484     0.000     0.269    -0.765    -1.068     0.140     0.008    -0.470 

ddG: V40D     3.820    -3.214     0.037    11.423    -0.022    -2.483    -0.006     0.086    -0.200    -1.374    -0.702     0.000     0.249    -0.564     3.055    -0.017    -0.001    -2.448 

ddG: V40E     3.497    -3.865     1.725    11.561    -0.047    -4.300    -0.005     0.275    -0.196    -0.470    -2.734     0.000    -0.104    -0.239     4.663    -0.001     0.002    -2.769 

ddG: V40F     6.645    -8.020     6.295     1.470     0.020     0.258    -0.023    -0.148     0.241     1.096     0.912     0.000     0.434     0.217     4.390    -0.117    -0.002    -0.379 

ddG: V40G     1.786     7.348    -0.123     0.565    -0.052    -3.467    -0.004     0.387    -0.196    -0.244    -2.636     0.000     0.123    -0.113     0.322     0.602     0.003    -0.728 

ddG: V40H     4.223    -6.959     3.679     5.456    -0.024    -0.881    -0.002     0.257    -0.478     0.553     0.074     0.000     0.545     0.153     1.894     0.430    -0.007    -0.467 

ddG: V40H     3.726    -7.235     5.204     5.431    -0.030    -0.290    -0.025    -0.343     0.097    -2.385     0.569     0.000    -0.118    -0.129     3.440     0.009    -0.002    -0.467 

ddG: V40I    -4.154    -2.252     0.757    -0.507     0.002    -1.371    -0.004    -0.218    -0.145    -1.064     0.521     0.000     0.306    -0.726     0.172     0.276    -0.005     0.105 

ddG: V40K     8.741    -1.760     1.970     7.807    -0.034    -1.565    -0.003     0.227    -0.076     0.211    -0.316     0.000     0.304    -0.216     3.463    -0.034     0.006    -1.244 

ddG: V40L     1.514    -1.247     2.275    -0.549    -0.026     0.480    -0.002    -0.042    -0.012     0.011     0.073     0.000    -0.001     0.201     0.738    -0.216     0.003    -0.172 

ddG: V40M     0.607    -4.675     3.034     4.550    -0.030    -2.685    -0.005    -0.188    -0.092    -1.070    -0.301     0.000    -0.162    -0.117     2.866     0.193    -0.006    -0.706 

ddG: V40N    -0.692    -2.689     0.527     5.233    -0.018    -0.804    -0.013    -0.228    -0.078    -2.517     0.204     0.000     0.458    -0.490     1.564     0.181     0.009    -2.032 

ddG: V40P     5.025     0.891     4.090     0.390    -0.016    -1.916     0.055    -0.144    -0.070     0.517     0.538     0.000     0.563    -0.114     1.689    -0.282    -0.005    -1.162 

ddG: V40Q     2.656    -5.110     0.862     7.667    -0.031    -0.083    -0.001    -0.070    -0.021     0.031     0.023     0.000    -0.057     0.187     1.697    -0.122    -0.001    -2.317 

ddG: V40R    11.533    -5.554     2.207    10.768    -0.019     0.386    -0.004     0.250     0.182     0.753     0.217     0.000     0.257    -0.037     3.641    -0.429    -0.008    -1.077 

ddG: V40S     0.814     2.198     0.060     4.517    -0.036    -3.143    -0.007    -0.182    -0.107    -2.025    -0.481     0.000     0.033    -0.545     1.142     0.067     0.008    -0.685 

ddG: V40T     1.856     1.708     1.455     2.841    -0.028    -1.112    -0.008    -0.204    -0.070    -1.104     0.510     0.000     0.472    -0.797    -1.132     0.016     0.010    -0.699 

ddG: V40V     0.568     0.158    -1.500     1.803    -0.013    -1.473    -0.003     0.185    -0.053    -0.299    -0.142     0.000    -0.177    -0.289     2.213     0.154     0.004     0.000 

ddG: V40W    14.553   -13.381    12.699     5.090    -0.004     0.498    -0.019     0.196     0.675     0.779     0.269     0.000    -0.228     1.976     5.594     0.192    -0.006     0.222 

ddG: V40Y     9.459    -9.612     7.872     3.337     0.034    -0.263    -0.020    -0.041     0.449     0.339     0.864     0.000     0.121     0.993     5.797     0.330    -0.002    -0.739 

