ddG: description total fa_atr fa_rep fa_sol fa_intra_rep fa_elec pro_close hbond_sr_bb hbond_lr_bb hbond_bb_sc hbond_sc dslf_fa13 rama omega fa_dun p_aa_pp yhh_planarity ref 
ddG: Q114A     2.208     4.815    -0.560    -4.316    -0.011     0.694     0.001    -0.181    -0.057    -0.075     1.081     0.000     0.047     0.193    -1.439    -0.117     0.000     2.134 

ddG: Q114C     1.839    -1.610    -0.486     2.925    -0.013    -1.540     0.006     0.041    -0.009    -0.011    -0.411     0.000    -0.030     0.016     0.757     0.358     0.000     1.847 

ddG: Q114D     5.301     1.500    -0.609     1.976    -0.006     2.398     0.000    -0.202    -0.050    -0.029     1.096     0.000     0.196     0.243    -1.209     0.129     0.000    -0.131 

ddG: Q114E     4.093     0.511    -0.108     1.501     0.002     1.620    -0.001    -0.025     0.003     0.017     0.874     0.000    -0.104     0.023     0.226     0.007     0.000    -0.453 

ddG: Q114F     3.346    -4.373     0.522    -0.231     0.027     0.651     0.000     0.269    -0.005    -0.121     1.142     0.000     0.286    -0.343     3.183     0.400     0.000     1.938 

ddG: Q114G     3.580    10.332    -0.410    -8.283    -0.010     1.259     0.003    -0.319    -0.036    -0.035     1.016     0.000     0.529     0.258    -2.691     0.380     0.000     1.589 

ddG: Q114H     3.639    -6.586     0.204     3.140    -0.018     0.070     0.000     0.237    -0.023    -0.056     0.932     0.000    -0.008    -0.206     3.876     0.228     0.000     1.850 

ddG: Q114H     4.374    -2.337     0.150    -2.011    -0.014     2.270    -0.007     0.042    -0.061    -0.108     2.412     0.000     0.206    -0.013     1.822     0.174     0.000     1.850 

ddG: Q114I     1.191    -0.702     0.469     0.545     0.004    -0.987     0.005    -0.185    -0.011     0.133     0.203     0.000     0.310    -0.135    -0.872    -0.007     0.000     2.421 

ddG: Q114K     2.923    -1.158    -0.455     1.172    -0.003     0.407     0.000    -0.200    -0.055    -0.068     1.181     0.000     0.011     0.177     0.789     0.051     0.000     1.073 

ddG: Q114L     1.352     2.690     0.138    -4.906    -0.001     1.810    -0.004    -0.146    -0.036    -0.051     1.882     0.000     0.261     0.149    -2.549    -0.029     0.000     2.145 

ddG: Q114M     1.605    -0.953    -0.383    -0.236    -0.007     0.765     0.001    -0.256    -0.046    -0.057     1.156     0.000     0.163     0.173    -0.320    -0.004     0.000     1.610 

ddG: Q114N     1.003    -6.473    -0.527     7.562    -0.010    -1.765     0.004     0.103    -0.004    -0.004    -0.523     0.000     0.053     0.063     2.008     0.231     0.000     0.284 

ddG: Q114P    17.773     3.822     6.630    -6.521     0.026     1.892     0.863     1.821    -0.034    -0.021     1.465     0.000     1.782     2.451     1.802     0.639     0.000     1.155 

ddG: Q114Q     0.014    -2.073    -0.311     1.456    -0.007    -0.294    -0.002    -0.204    -0.056    -0.081     0.381     0.000     0.155     0.105     0.938     0.007     0.000     0.000 

ddG: Q114R     2.324    -4.006     0.004     5.703     0.003    -2.526     0.006    -0.025    -0.006    -0.031    -0.878     0.000    -0.037     0.069     2.751     0.058     0.000     1.240 

ddG: Q114S     3.732     0.098    -0.407     3.097    -0.014    -1.552     0.005    -0.027    -0.017    -0.005    -0.416     0.000    -0.046    -0.038     1.185     0.237     0.000     1.632 

ddG: Q114T     2.616     4.572    -0.522    -3.528    -0.005     0.816     0.000     0.239    -0.055    -0.051     1.053     0.000     0.182     0.629    -2.561     0.228     0.000     1.617 

ddG: Q114V     2.453     4.483     0.442    -4.870     0.009     1.177     0.003    -0.442    -0.032     0.083     1.515     0.000     0.489     0.204    -2.953     0.028     0.000     2.317 

ddG: Q114W     2.386    -8.317     0.038     2.959     0.016     0.898     0.002    -0.043    -0.056    -0.163     1.581     0.000     0.352    -0.091     2.526     0.145     0.000     2.539 

ddG: Q114Y     1.816    -2.929     0.781    -0.560     0.027    -0.063     0.000     0.145    -0.001    -0.083     0.452     0.000     0.365    -0.356     1.637     0.298     0.524     1.578 

