ddG: description total fa_atr fa_rep fa_sol fa_intra_rep fa_elec pro_close hbond_sr_bb hbond_lr_bb hbond_bb_sc hbond_sc dslf_fa13 rama omega fa_dun p_aa_pp yhh_planarity ref 
ddG: A65A     0.562     0.146     2.125     0.452    -0.014    -0.993    -0.016    -0.149    -0.026    -0.310    -3.152     0.000    -0.347     0.589     2.505    -0.253     0.004     0.000 

ddG: A65C    -0.093    -2.163    -0.049     1.467     0.001     1.361    -0.005    -0.230     0.190     0.208     0.117     0.000    -0.562     0.451     0.066    -0.671     0.012    -0.287 

ddG: A65D     2.759    -7.176     0.258     9.409     0.014     1.775    -0.004    -0.190     0.094     0.083     0.033     0.000    -0.550     0.308     1.738    -0.782     0.013    -2.265 

ddG: A65E     3.894    -7.892    -0.146     9.924    -0.006     0.559     0.011     0.369    -0.066     1.100    -0.428     0.000    -0.385     0.156     3.762    -0.474    -0.007    -2.586 

ddG: A65F    -0.291   -14.152     3.303     3.945     0.045     1.644     0.023     0.395    -0.400     1.313    -0.542     0.000    -0.764     1.256     4.180    -0.358     0.018    -0.196 

ddG: A65G     2.973     2.740     1.878     1.410    -0.022    -2.418    -0.009     0.081     0.053    -0.289    -2.686     0.000    -0.019     0.017     2.247     0.535    -0.001    -0.545 

ddG: A65H     0.655   -11.550     1.599     6.579     0.002     1.313     0.014     0.305    -0.212     0.638    -0.564     0.000    -0.859     0.846     3.658    -0.842     0.012    -0.284 

ddG: A65H    -0.623   -11.319     3.332     7.469    -0.023    -2.234     0.011     0.579    -0.349     0.271    -3.217     0.000    -0.928     0.557     6.196    -0.684    -0.002    -0.284 

ddG: A65I     3.012    -8.789     5.427     5.597     0.005    -1.244    -0.019     0.210    -0.191     0.275    -0.809     0.000    -0.697     0.675     2.798    -0.519     0.006     0.288 

ddG: A65K     3.821    -7.469     1.075     8.737    -0.011    -0.347     0.013     0.514    -0.227     0.559    -0.440     0.000    -0.648     0.296     3.278    -0.442    -0.005    -1.061 

ddG: A65L    -0.024    -6.064     0.645     2.345     0.026    -0.362     0.002     0.613    -0.362     1.031    -1.601     0.000    -0.857     0.355     4.566    -0.387     0.015     0.011 

ddG: A65M     0.221    -7.959     1.622     2.915     0.006     1.402     0.006     0.310     0.021     1.238    -0.542     0.000    -0.701     0.302     2.582    -0.461     0.005    -0.523 

ddG: A65N     0.138    -5.907    -0.664     6.715    -0.007     0.423     0.004     0.385    -0.200     1.144    -0.443     0.000    -0.679     0.252     1.756    -0.793     0.001    -1.849 

ddG: A65P    24.224    -2.950     8.511     0.988     0.403     0.306     2.845     1.215    -0.330     2.529    -0.273     0.000     0.400     0.096    10.171     1.293    -0.001    -0.979 

ddG: A65Q    -2.168    -9.356     1.195     7.698     0.005    -1.073    -0.002     0.038    -0.049    -0.903     0.062     0.000    -0.191     0.036     2.721    -0.213    -0.002    -2.134 

ddG: A65R     8.929   -16.122     4.581    15.633     0.255    -1.893    -0.016     0.118     0.383    -0.007    -2.588     0.000    -0.517     0.116    10.576    -0.711     0.014    -0.894 

ddG: A65S     1.475    -0.547    -1.446     2.959    -0.006    -0.445    -0.002    -0.024     0.096    -0.184    -0.163     0.000    -0.449     0.082     2.540    -0.448     0.015    -0.502 

ddG: A65T    -1.566    -3.228     0.320     3.674     0.003     0.072     0.000    -0.042     0.032     0.051    -1.397     0.000    -0.310    -0.079     0.245    -0.390     0.000    -0.516 

ddG: A65V    -0.433    -4.357     1.012     1.276     0.001     0.128     0.002    -0.026     0.278    -0.046    -0.254     0.000    -0.841     0.293     2.728    -0.823     0.014     0.183 

ddG: A65W     5.067   -17.551     6.539     6.270     0.092     0.924     0.010     1.011     0.078     0.247     0.635     0.000    -0.807     1.438     6.936    -1.160    -0.001     0.405 

ddG: A65Y     8.337   -14.286     9.125     5.878     0.023     0.454     0.019     0.460    -0.256     0.398    -0.006     0.000    -0.414     2.075     5.790    -0.363    -0.004    -0.556 

