ddG: description total fa_atr fa_rep fa_sol fa_intra_rep fa_elec pro_close hbond_sr_bb hbond_lr_bb hbond_bb_sc hbond_sc dslf_fa13 rama omega fa_dun p_aa_pp yhh_planarity ref 
ddG: Y51A     5.283    12.524    -1.248    -5.050    -0.031     1.448    -0.004     0.182    -0.015     0.006     1.071     0.002     0.113    -0.251    -3.303    -0.667    -0.048     0.556 

ddG: Y51C     7.135    10.959    -1.074    -3.449    -0.031     1.347    -0.005     0.059    -0.011     0.004     1.055     0.002     0.200    -0.135    -2.079     0.077    -0.054     0.269 

ddG: Y51D     8.937     8.205    -1.218     2.165    -0.029     0.930     0.000     0.212     0.001     0.069     1.055     0.001     0.140    -0.328    -0.113    -0.390    -0.053    -1.709 

ddG: Y51E     7.156     8.873    -0.730    -0.199    -0.020     0.490    -0.001     0.263    -0.004    -0.242     0.985     0.001    -0.115    -0.010     0.254    -0.324    -0.035    -2.031 

ddG: Y51F     0.409     0.741     0.143    -2.481     0.000     1.294    -0.002    -0.071     0.054     0.081     1.052     0.001     0.041    -0.087    -0.615    -0.059    -0.043     0.360 

ddG: Y51G     7.538    15.348    -1.543    -5.722    -0.034     1.540    -0.001     0.270     0.011    -0.006     1.083     0.002     0.407    -0.240    -3.354    -0.184    -0.050     0.011 

ddG: Y51H     4.443     2.128    -0.550     0.601    -0.026     1.403     0.001    -0.096     0.035     0.139     1.010    -0.001     0.095    -0.093    -0.467     0.025    -0.034     0.272 

ddG: Y51H     4.287     2.010    -0.536     0.709    -0.026     1.249    -0.001    -0.094     0.016     0.137     1.030     0.000     0.089    -0.131    -0.425     0.022    -0.035     0.272 

ddG: Y51I     5.079     8.867    -0.934    -4.159     0.001     1.567     0.001     0.419     0.031     0.080     1.021     0.001     0.369    -0.386    -2.204    -0.387    -0.050     0.844 

ddG: Y51K     8.244     8.943    -0.942    -1.634    -0.018     1.879     0.000     0.151    -0.011     0.145     1.060     0.002     0.167    -0.332    -0.284    -0.370    -0.006    -0.505 

ddG: Y51L     7.468    10.170     0.424    -5.368    -0.021     1.216     0.006    -0.077     0.067     0.283     0.997    -0.001     0.571     0.179    -1.831     0.306    -0.019     0.567 

ddG: Y51M     5.188     8.523    -0.740    -3.395    -0.026     1.491     0.000     0.042    -0.017     0.187     0.973     0.001     0.376    -0.284    -1.514    -0.413    -0.049     0.033 

ddG: Y51N     7.162     7.239    -0.973    -0.116    -0.026     1.324    -0.001     0.004    -0.015    -0.634     0.896     0.004     0.228    -0.193     0.625     0.143    -0.051    -1.294 

ddG: Y51P    10.632     9.032     3.915    -4.028    -0.027     0.907     0.521     0.849    -0.073     0.064     1.029     0.001     1.317    -0.290    -1.446    -0.656    -0.060    -0.423 

ddG: Y51Q     6.372     8.468    -0.734    -2.081    -0.022     1.451     0.001     0.074    -0.026     0.239     1.006     0.000     0.307    -0.154    -0.025    -0.509    -0.044    -1.578 

ddG: Y51R     8.517     6.374    -0.729     0.802    -0.014     1.803    -0.007     0.026     0.001     0.136     0.901     0.001     0.072    -0.152    -0.208    -0.118    -0.033    -0.338 

ddG: Y51S     6.962    12.083    -1.322    -3.221    -0.030     1.373    -0.002     0.278    -0.011     0.005     1.062     0.002     0.187    -0.317    -2.678    -0.455    -0.046     0.054 

ddG: Y51T     5.610    10.207    -1.201    -2.605    -0.020     1.346    -0.004     0.116    -0.011     0.044     1.054     0.003     0.363    -0.276    -3.252    -0.126    -0.067     0.040 

ddG: Y51V     4.295     9.493    -0.935    -4.292    -0.011     1.496    -0.003     0.348     0.022     0.085     1.044     0.001     0.359    -0.361    -3.241    -0.401    -0.050     0.739 

ddG: Y51W     2.888    -0.934     0.252     0.110    -0.001     1.211    -0.003     0.060     0.084    -0.057     1.038     0.000    -0.147     0.227     0.486    -0.358    -0.041     0.961 

ddG: Y51Y    -0.029     0.431    -0.142    -0.314     0.000     0.022    -0.001    -0.002     0.000    -0.028     0.038    -0.001     0.005    -0.013    -0.022    -0.012     0.011     0.000 

