ddG: description total fa_atr fa_rep fa_sol fa_intra_rep fa_elec pro_close hbond_sr_bb hbond_lr_bb hbond_bb_sc hbond_sc dslf_fa13 rama omega fa_dun p_aa_pp yhh_planarity ref 
ddG: N32A     1.216     3.600    -0.012    -3.921    -0.002     0.650     0.002     0.006    -0.028     0.011     0.871     0.000    -0.031     0.042    -1.902     0.081     0.000     1.849 

ddG: N32C     1.115     2.690     0.035    -2.758    -0.002     0.680     0.002     0.007    -0.073     0.009     0.870     0.000    -0.225    -0.034    -1.420    -0.228     0.000     1.563 

ddG: N32D     3.986     5.399    -0.125    -4.129     0.004     2.533    -0.007    -0.160    -0.183     0.003     2.427     0.000     0.088     0.247    -1.840     0.144     0.000    -0.415 

ddG: N32E     1.954     6.473     0.239    -5.675     0.020     2.241    -0.005     0.059    -0.061     0.056     1.106     0.000    -0.054     0.148    -1.819    -0.047     0.011    -0.737 

ddG: N32F    -0.704     3.666     0.678    -7.968     0.035     3.282    -0.006    -1.229     0.189     0.043     2.091     0.000    -0.124     0.359    -2.890    -0.483     0.000     1.654 

ddG: N32G     3.056     5.548     0.013    -4.340    -0.003     0.686     0.001     0.000    -0.109     0.037     0.872     0.000     0.506    -0.001    -1.917     0.458     0.000     1.304 

ddG: N32H    -0.017     5.054     0.499    -7.555     0.009     3.118    -0.005    -1.199     0.079     0.036     2.052     0.000    -0.180     0.191    -3.173    -0.508     0.000     1.566 

ddG: N32H    -1.175     1.746     0.474    -3.961     0.001     1.153     0.001    -1.304     0.064     0.010     0.874     0.000    -0.141     0.174    -1.296    -0.536     0.000     1.566 

ddG: N32I     0.727     7.412     0.408   -10.382     0.013     3.392    -0.009    -0.172    -0.115     0.005     2.436     0.000    -0.056     1.012    -4.642    -0.713     0.001     2.137 

ddG: N32K     2.004     5.144    -0.167    -6.131     0.004     2.982    -0.005    -0.172    -0.108    -0.022     2.437     0.000     0.063     0.221    -2.905    -0.125     0.000     0.789 

ddG: N32L    -0.103     7.492    -0.074   -10.232     0.011     3.588    -0.005    -0.242    -0.069     0.009     2.426     0.000     0.100     0.304    -4.863    -0.407     0.000     1.861 

ddG: N32M     0.834     7.910    -0.062   -10.049     0.007     3.486    -0.004    -0.241    -0.062    -0.001     2.424     0.000     0.133     0.248    -4.104    -0.178     0.000     1.326 

ddG: N32N     0.254     6.908    -0.073    -7.768     0.004     2.839    -0.006    -0.239    -0.025    -0.005     1.558     0.000     0.277     0.278    -3.471    -0.022     0.000     0.000 

ddG: N32P    10.055     9.724     5.625   -12.699     0.005     4.998     0.624    -1.231     0.928     0.483     2.406     0.000     0.444     1.459    -2.736    -0.849     0.003     0.871 

ddG: N32Q     1.292     3.469     0.033    -4.193     0.015     1.917    -0.004     0.081     0.042     0.059     0.947     0.000    -0.128     0.097    -0.714    -0.057     0.011    -0.284 

ddG: N32R     0.951    -0.440    -0.031     1.874     0.013    -0.188     0.000     0.014    -0.038     0.017    -1.378     0.000    -0.144    -0.185     0.634    -0.168     0.015     0.955 

ddG: N32S     3.322     7.388    -0.074    -7.449     0.001     2.986    -0.003    -0.169    -0.112    -0.023     2.436     0.000     0.210     0.164    -3.417     0.034     0.000     1.348 

ddG: N32T     3.108     6.572     0.309    -7.085     0.003     2.720    -0.010    -0.101    -0.184    -0.021     2.440     0.000     0.147     0.922    -3.627    -0.312     0.002     1.333 

ddG: N32V     0.979     8.317     0.417   -10.800     0.008     3.495    -0.008    -0.162    -0.135     0.007     2.438     0.000    -0.049     0.993    -4.891    -0.684     0.002     2.032 

ddG: N32W     0.135     0.213     0.611    -3.512     0.031     2.499    -0.005    -1.153     0.159     0.005     2.039     0.000    -0.229     0.230    -2.339    -0.667    -0.001     2.255 

ddG: N32Y    -2.723    -0.482     0.833    -4.001     0.029     1.006    -0.008    -1.458     0.130    -0.548     1.786     0.000     0.055     0.545    -1.613    -0.395     0.104     1.294 

