ddG: description total fa_atr fa_rep fa_sol fa_intra_rep fa_elec pro_close hbond_sr_bb hbond_lr_bb hbond_bb_sc hbond_sc dslf_fa13 rama omega fa_dun p_aa_pp yhh_planarity ref 
ddG: E120A     0.120     4.694    -0.546    -5.656    -0.009     1.296    -0.001     0.093     0.012     0.633     0.062     0.000    -0.047     0.003    -3.017     0.015     0.002     2.586 

ddG: E120C     0.506     2.405    -0.684    -3.134    -0.012     1.297     0.004     0.040     0.116     1.105     0.003     0.000    -0.154     0.089    -2.785    -0.083     0.001     2.300 

ddG: E120D     1.931     0.466    -0.209     1.230     0.001     0.627     0.001     0.104     0.000     0.525     0.002     0.000    -0.070    -0.004    -1.013    -0.064     0.014     0.322 

ddG: E120E     1.793     0.021     0.463     0.883     0.001     1.248    -0.011    -0.227    -0.100     0.097    -0.312     0.000    -0.214     0.514    -0.212    -0.364     0.006     0.000 

ddG: E120F     1.288    -0.313     1.018    -3.161     0.012     0.315    -0.004     0.744     0.233     0.128    -2.778     0.000    -0.123     1.036     1.322     0.459     0.010     2.391 

ddG: E120G     1.943     5.222    -0.146    -5.852     0.000     2.419     0.000    -0.149     0.208     0.543    -0.047     0.000     0.199     0.408    -3.042     0.128     0.011     2.041 

ddG: E120H     0.275    -3.466     2.485    -0.102    -0.017    -1.346    -0.012     0.168    -0.014    -0.071    -2.638     0.000    -0.175     0.082     2.893     0.186     0.000     2.303 

ddG: E120H     1.643    -3.748     0.787    -0.945     0.005     2.224    -0.012    -0.066     0.120     0.337    -0.003     0.000    -0.117     0.409     0.409    -0.071     0.011     2.303 

ddG: E120I     0.744     2.483    -0.214    -4.833     0.022     1.299     0.008     0.600     0.037     0.570     0.038     0.000     0.081     0.266    -2.789     0.302     0.000     2.874 

ddG: E120K     1.002    -1.271     1.529     2.000    -0.020    -1.150    -0.009     0.213     0.090     0.097    -2.709     0.000    -0.238     0.143     0.584     0.203     0.012     1.526 

ddG: E120L    -1.348    -1.038     1.445    -2.593    -0.021     0.565    -0.003    -0.174     0.348     0.879    -2.814     0.000    -0.286     0.551    -0.681    -0.129     0.007     2.598 

ddG: E120M     0.410    -1.835    -0.589    -2.356    -0.007     2.581     0.008     0.182     0.251     1.075    -0.022     0.000    -0.169     0.707    -1.390    -0.097     0.009     2.063 

ddG: E120N    -0.037     0.080    -0.268    -0.340    -0.009     0.729     0.000     0.029     0.014     0.630     0.097     0.000     0.001    -0.004    -1.711    -0.022     0.001     0.737 

ddG: E120P     9.666     0.941     6.326    -5.335    -0.009     0.836     1.114     1.689     1.663     0.105    -2.768     0.000    -0.677     0.941     3.181     0.043     0.009     1.608 

ddG: E120Q    -1.166    -0.159    -0.504    -1.546    -0.007     1.102     0.005     0.091     0.067     0.001    -0.002     0.000    -0.171     0.057    -0.408    -0.140    -0.006     0.453 

ddG: E120R     1.532    -5.000    -0.554     5.566    -0.001     0.193     0.004     0.166     0.173     1.112    -0.012     0.000    -0.147     0.091    -1.699    -0.061     0.008     1.692 

ddG: E120S    -0.012     3.721    -0.503    -3.373    -0.008     0.302     0.003     0.113    -0.009     0.635     0.070     0.000    -0.036    -0.001    -2.875    -0.137     0.001     2.085 

ddG: E120T    -0.003     1.545     0.122    -1.232    -0.005     0.094     0.002     0.047    -0.035     0.501     0.017     0.000     0.044    -0.035    -3.031    -0.106     0.000     2.070 

ddG: E120V     0.568     2.215    -0.495    -4.451     0.014     1.283     0.010     0.643    -0.035     0.447    -0.002     0.000     0.133     0.266    -2.636     0.394     0.014     2.769 

ddG: E120W    -1.419    -8.837     0.237     1.564     0.016     1.741    -0.002     0.356    -0.013     1.204     0.066     0.000    -0.203     0.464    -1.067     0.054     0.009     2.992 

ddG: E120Y     0.965    -0.060    -0.963    -2.396     0.022     1.055     0.012     1.007     0.004     0.489     0.055     0.000     0.115     0.779    -1.467     0.280     0.001     2.031 

