ddG: description total fa_atr fa_rep fa_sol fa_intra_rep fa_elec pro_close hbond_sr_bb hbond_lr_bb hbond_bb_sc hbond_sc dslf_fa13 rama omega fa_dun p_aa_pp yhh_planarity ref 
ddG: A2A     0.046     0.050     0.022    -0.052     0.000     0.019    -0.006    -0.002    -0.003     0.053    -0.055    -0.001     0.032     0.024    -0.056     0.033    -0.012     0.000 

ddG: A2C    -1.451    -4.795     0.210     2.274    -0.001     0.161     0.007    -0.035    -0.051    -0.068     0.000     0.002     0.388     0.072     0.426     0.280    -0.037    -0.287 

ddG: A2D     0.378    -0.598    -0.012     1.331     0.003    -0.211     0.000     0.009    -0.002    -0.007     0.015     0.000     0.118     0.004     1.811     0.184    -0.001    -2.265 

ddG: A2E    -1.325    -5.292     0.267     2.774     0.004    -0.023     0.000     0.000    -0.033    -0.118     0.032     0.000     0.330     0.143     2.816     0.375    -0.015    -2.586 

ddG: A2F    -0.858    -6.047     0.308     2.857     0.027    -0.135     0.017    -0.001    -0.059    -0.112     0.026     0.001     0.332     0.235     1.768     0.134    -0.015    -0.196 

ddG: A2G    -0.611     0.512     0.144    -0.420    -0.001     0.020     0.001     0.016    -0.018     0.044     0.042     0.000     0.324    -0.020    -0.011    -0.687    -0.011    -0.545 

ddG: A2H    -0.503    -6.811     0.374     3.457     0.004    -0.089    -0.001    -0.010     0.007    -0.006    -0.101     0.001     0.363     0.182     2.199     0.223    -0.013    -0.284 

ddG: A2H    -0.489    -6.771     0.288     3.488     0.004    -0.095     0.000     0.015     0.022    -0.058     0.006     0.000     0.290     0.178     2.254     0.186    -0.011    -0.284 

ddG: A2I     0.348    -1.097     0.182     0.617     0.019    -0.096     0.000     0.006    -0.006    -0.017     0.015     0.000     0.279     0.012     0.100     0.056    -0.010     0.288 

ddG: A2K    -1.731    -5.275     0.286     2.559     0.003    -0.054    -0.003     0.010    -0.017    -0.114    -0.009     0.000     0.343     0.094     1.216     0.302    -0.012    -1.061 

ddG: A2L    -1.498    -5.871     0.312     3.006     0.007     0.183     0.008    -0.007    -0.053    -0.099     0.046     0.000     0.290     0.121     0.358     0.205    -0.016     0.011 

ddG: A2M    -0.661   -11.669     0.144    10.468    -0.004    -0.087     0.001    -0.037     0.109    -0.280    -1.015     0.001     0.314    -0.180     1.948     0.142     0.006    -0.523 

ddG: A2N    -1.864    -5.589     0.282     2.919     0.003    -0.248     0.006     0.004    -0.044    -0.112     0.017     0.002     0.476     0.144     1.733     0.408    -0.014    -1.849 

ddG: A2P    -0.966    -0.655     0.613     0.297     0.001    -0.070     0.036     0.012    -0.018     0.040     0.016    -0.001     0.145    -0.033     0.096    -0.454    -0.012    -0.979 

ddG: A2Q    -0.259    -1.785     0.116     1.495     0.005    -0.083    -0.002     0.008    -0.009    -0.054    -0.006    -0.001     0.219     0.015     1.892     0.076    -0.013    -2.134 

ddG: A2R    -0.543    -5.415     0.293     2.917     0.008     0.221    -0.006    -0.002    -0.022    -0.094     0.041     0.001     0.255     0.062     1.781     0.329    -0.016    -0.894 

ddG: A2S    -0.418     0.030     0.001     0.336     0.001    -0.350     0.001     0.011    -0.002     0.027     0.068     0.001     0.084    -0.030     0.090    -0.186     0.000    -0.502 

ddG: A2T    -0.546    -0.107    -0.028     0.602     0.004    -0.308    -0.001     0.002    -0.008    -0.013     0.015     0.000     0.111     0.006     0.004    -0.309    -0.001    -0.516 

ddG: A2V    -0.009    -0.508     0.055     0.144     0.015    -0.102     0.000     0.009    -0.003    -0.050     0.045     0.000     0.218    -0.005     0.054    -0.065     0.002     0.183 

ddG: A2W    -0.651    -6.119     0.255     3.173     0.025    -0.116    -0.006     0.005    -0.020    -0.108     0.015     0.001     0.302     0.096     1.402     0.052    -0.013     0.405 

ddG: A2Y    -1.105    -6.156     0.281     2.992     0.027    -0.102     0.008     0.007    -0.052    -0.120     0.027     0.001     0.329     0.181     1.802     0.243    -0.015    -0.556 

