ddG: description total fa_atr fa_rep fa_sol fa_intra_rep fa_elec pro_close hbond_sr_bb hbond_lr_bb hbond_bb_sc hbond_sc dslf_fa13 rama omega fa_dun p_aa_pp yhh_planarity ref 
ddG: V85A     1.045     2.677    -0.168    -1.350    -0.012    -1.301     0.002     0.574     0.074     1.310    -0.724     0.000     0.028    -0.008     0.080     0.055    -0.009    -0.183 

ddG: V85C     1.519     1.829    -0.333     0.265    -0.016    -1.167    -0.001     0.492     0.101     1.309    -0.730     0.000     0.103     0.038     0.106     0.009    -0.015    -0.470 

ddG: V85D     3.539     0.260    -0.212     3.787    -0.011    -1.255    -0.001     0.508     0.120     1.311    -0.721     0.000     0.164    -0.030     1.867     0.215    -0.016    -2.448 

ddG: V85E     1.751     0.895    -0.536     1.650    -0.010    -1.337    -0.001     0.481     0.111     1.429    -0.777     0.000     0.088     0.025     2.431     0.065     0.005    -2.769 

ddG: V85F     1.774    -5.265     0.527     3.014     0.021     0.151    -0.001    -0.064    -0.023    -0.126     0.058     0.000     0.155     0.186     3.374     0.159    -0.013    -0.379 

ddG: V85G     3.093     4.206    -0.704    -0.590    -0.014    -1.191     0.001     0.441     0.126     1.389    -0.859     0.000     0.574     0.075    -0.034     0.392     0.008    -0.728 

ddG: V85H     2.211    -2.216    -0.210     3.060     0.002    -1.625     0.001     0.564    -0.052     1.431    -0.766     0.000     0.262     0.184     2.177    -0.144     0.010    -0.467 

ddG: V85H     2.934    -4.183     0.200     5.061    -0.004     0.173    -0.005    -0.124     0.061     0.002     0.000     0.000     0.211     0.091     1.716     0.204    -0.002    -0.467 

ddG: V85I     0.261     0.753    -0.629    -0.140     0.002    -1.246     0.000     0.459     0.058     1.432    -0.778     0.000     0.114     0.109     0.358    -0.340     0.005     0.105 

ddG: V85K     1.815     1.344    -0.552     0.042    -0.008    -1.111    -0.002     0.477     0.105     1.431    -0.782     0.000     0.095     0.006     2.003     0.012     0.000    -1.244 

ddG: V85L     1.910    -0.943     0.300     0.438    -0.002     0.203     0.001     0.014     0.044    -0.120     0.054     0.000     0.035     0.069     1.956     0.045    -0.013    -0.172 

ddG: V85M     3.277    -0.006    -0.155     2.085    -0.006     0.228    -0.005    -0.089     0.047     0.000    -0.020     0.000     0.360     0.268     1.107     0.172    -0.003    -0.706 

ddG: V85N     1.454     0.252    -0.171     1.898    -0.013    -1.405    -0.001     0.491     0.095     1.310    -0.736     0.000     0.210    -0.006     1.433     0.147    -0.018    -2.032 

ddG: V85P     0.963     0.277     0.144     0.740    -0.016     0.224     0.460    -0.058     0.343    -0.076     0.179     0.000     0.041    -0.024     0.018    -0.112    -0.014    -1.162 

ddG: V85Q     2.116     1.013    -0.497     0.960    -0.011    -1.095     0.002     0.464     0.126     1.302    -0.726     0.000     0.170     0.129     2.701    -0.092    -0.014    -2.317 

ddG: V85R     2.768     0.047     0.151     1.185    -0.002     0.702     0.000     0.032     0.099    -0.114     0.066     0.000     0.018    -0.058     1.467     0.264    -0.012    -1.077 

ddG: V85S     2.387     1.226    -0.221     1.794    -0.014    -0.335    -0.003    -0.071     0.095    -0.009     0.005     0.000     0.111    -0.069     0.245     0.322    -0.004    -0.685 

ddG: V85T     1.555     0.878    -0.179     1.172    -0.008    -0.163     0.002    -0.035     0.018    -0.006     0.010     0.000     0.191     0.012     0.176     0.180     0.006    -0.699 

ddG: V85V     0.185     0.052     0.003    -0.074     0.000     0.160     0.000     0.025    -0.007    -0.013     0.000     0.000    -0.001    -0.015     0.031     0.019     0.006     0.000 

ddG: V85W     1.928    -5.441     0.152     3.867     0.025    -1.152    -0.004     0.484     0.000     1.430    -0.784     0.000     0.206     0.162     2.893    -0.134     0.002     0.222 

ddG: V85Y     1.523    -3.755    -0.304     3.352     0.013    -1.739     0.000     0.426    -0.023     1.428    -0.786     0.000     0.245     0.140     3.321    -0.064     0.008    -0.739 

