ddG: description total fa_atr fa_rep fa_sol fa_intra_rep fa_elec pro_close hbond_sr_bb hbond_lr_bb hbond_bb_sc hbond_sc dslf_fa13 rama omega fa_dun p_aa_pp yhh_planarity ref 
ddG: K62A    -0.101     4.293    -0.370    -4.062     0.001     0.349    -0.001     0.048     0.021     0.015    -0.004     0.001     0.005    -0.196    -1.198    -0.087     0.022     1.061 

ddG: K62C    -0.318     3.259    -0.449    -2.449    -0.003    -0.297     0.000     0.174     0.006    -0.644    -0.037     0.015     0.213     0.067    -1.191     0.228     0.014     0.774 

ddG: K62D     3.692     0.048    -0.887     2.065     0.018     2.305     0.005     0.195    -0.169    -0.053     0.484    -0.070    -0.154    -0.642     1.486     0.245     0.020    -1.204 

ddG: K62E     0.358     0.368    -1.234     0.625     0.002     0.998     0.001     0.265    -0.143    -0.574    -0.042    -0.091    -0.253    -0.579     2.545    -0.019     0.016    -1.526 

ddG: K62F     0.139     1.889    -0.152    -3.244     0.030     0.429    -0.002    -0.177     0.008     0.061     0.075     0.016     0.155    -0.166     0.352    -0.026     0.027     0.865 

ddG: K62G     2.887     6.069    -0.680    -4.124    -0.004     1.579     0.000     0.217    -0.027    -0.128     1.995    -0.043     0.110     0.031    -2.802     0.145     0.033     0.516 

ddG: K62H     0.452     2.410    -0.205    -2.981     0.008     0.350    -0.004    -0.134    -0.025    -0.003     0.000    -0.072     0.128    -0.187     0.250     0.139     0.001     0.777 

ddG: K62H     0.883     3.044    -0.201    -3.197     0.006     0.308     0.002     0.061    -0.053    -0.164    -0.039    -0.068     0.188     0.024     0.039     0.133     0.024     0.777 

ddG: K62I    -1.219     0.703     0.045    -2.348     0.028     0.161    -0.001    -0.003    -0.030     0.012    -0.008    -0.078     0.148    -0.091    -1.089    -0.030     0.013     1.348 

ddG: K62K    -0.300     0.212    -0.084    -0.154    -0.001     0.022     0.001    -0.047     0.022    -0.020     0.003    -0.002    -0.059    -0.156    -0.101     0.044     0.021     0.000 

ddG: K62L    -1.130     0.840    -0.151    -2.293     0.010     0.423    -0.002     0.102    -0.012    -0.003    -0.001    -0.085     0.016    -0.199    -0.828    -0.035     0.016     1.072 

ddG: K62M    -0.714     1.070    -0.825    -1.654     0.004     0.154    -0.015     0.675    -0.134    -0.734    -0.069    -0.092    -0.032    -0.730     1.011     0.105     0.016     0.537 

ddG: K62N     0.614     0.633    -0.257    -0.379     0.001     0.774    -0.002     0.093     0.032    -0.003     0.000    -0.009     0.218    -0.244     0.225     0.317     0.006    -0.789 

ddG: K62P     8.859     1.899     4.352    -4.037    -0.006     0.768     0.281     1.880     0.135    -0.704     0.520     0.202     1.692     1.915    -0.428     0.292     0.016     0.082 

ddG: K62Q    -1.314     0.671    -0.347    -0.872    -0.003     0.277     0.003     0.310     0.033    -0.899    -0.001    -0.082    -0.105    -0.342     1.124    -0.028     0.020    -1.073 

ddG: K62R    -0.275    -0.859    -0.326     1.604     0.002    -0.207     0.003     0.375     0.039    -0.829     0.001    -0.099    -0.156    -0.282     0.269     0.000     0.021     0.167 

ddG: K62S     1.264     3.453    -0.587    -1.969     0.003     0.642     0.004    -0.359     0.126     0.095     0.723    -0.042    -0.228    -0.170    -1.062     0.050     0.026     0.559 

ddG: K62T     1.299     3.321    -0.430    -1.724     0.018     0.353    -0.003     0.160    -0.008     0.070     0.608    -0.044    -0.002    -0.171    -1.586     0.139     0.054     0.544 

ddG: K62V    -0.228     2.348    -0.380    -2.405     0.020     0.069    -0.013     0.596     0.095    -0.529     0.595     0.031     0.010    -0.482    -1.458     0.005     0.025     1.244 

ddG: K62W     0.687     1.717    -0.265    -2.968     0.027     0.311    -0.002    -0.043    -0.021     0.002    -0.001    -0.082     0.033    -0.166     0.595     0.074     0.012     1.466 

ddG: K62Y    -0.415     1.924    -0.195    -3.234     0.035     0.280    -0.001    -0.165     0.008    -0.003    -0.004     0.009     0.171    -0.154     0.385     0.011     0.013     0.505 

