ddG: description total fa_atr fa_rep fa_sol fa_intra_rep fa_elec pro_close hbond_sr_bb hbond_lr_bb hbond_bb_sc hbond_sc dslf_fa13 rama omega fa_dun p_aa_pp yhh_planarity ref 
ddG: N44A     1.344     2.294    -0.750    -2.933    -0.014     0.393    -0.008    -0.172    -0.004     0.945     0.369     0.000     0.172     0.073    -1.063     0.193     0.000     1.849 

ddG: N44C     0.557     3.533    -0.420    -4.137    -0.012     0.698    -0.013    -0.234    -0.043     1.005     0.396     0.000     0.131     0.118    -2.049     0.021     0.000     1.563 

ddG: N44D     1.556     0.387    -0.020     1.658     0.004    -0.034     0.006    -0.299    -0.012     0.176     0.346     0.000     0.216     0.114    -0.289    -0.282     0.000    -0.415 

ddG: N44E     0.718    -7.572     0.702     8.005    -0.005    -3.195     0.062    -0.071     0.007    -0.259    -1.158     0.000     0.029    -0.183     4.858     0.235     0.000    -0.737 

ddG: N44F     0.925    -3.319     0.397    -2.269     0.034     0.028     0.008     0.005     0.196     0.862    -0.047     0.000     0.045     0.350     2.927     0.055     0.000     1.654 

ddG: N44G     3.137     7.849    -0.877    -6.329    -0.013     0.985    -0.024    -0.206    -0.026     0.962     0.320     0.000     0.711     0.084    -2.304     0.702     0.000     1.304 

ddG: N44H    -2.083    -9.966     0.301     6.186    -0.005    -3.853     0.010     0.112    -0.023    -0.397    -1.142     0.000    -0.119     0.232     4.889     0.127     0.000     1.566 

ddG: N44H    -2.123    -9.970     0.272     6.186    -0.006    -3.829     0.009     0.119    -0.030    -0.430    -1.151     0.000    -0.125     0.236     4.907     0.124     0.000     1.566 

ddG: N44I    -0.149     0.604     0.515    -4.805     0.012     0.355     0.008    -0.326     0.024     0.680     0.383     0.000     0.250     0.789    -0.636    -0.138     0.000     2.137 

ddG: N44K     2.046    -0.134    -0.202    -1.064    -0.001     1.137    -0.008     0.058     0.018     1.021    -0.003     0.000    -0.052    -0.053     0.442     0.099     0.000     0.789 

ddG: N44L     0.050     1.009     1.049    -5.032    -0.005     1.166     0.020    -0.248     0.052     1.033     0.325     0.000     0.281     0.113    -1.609     0.035     0.000     1.861 

ddG: N44M    -0.020    -1.851    -0.323    -1.255    -0.007     0.247    -0.008    -0.186    -0.045     0.980     0.410     0.000     0.164     0.033     0.374     0.121     0.000     1.326 

ddG: N44N    -0.989    -3.345    -0.049     3.580    -0.009    -1.751     0.008    -0.091    -0.025    -0.013    -1.191     0.000     0.011    -0.035     1.924    -0.006     0.000     0.000 

ddG: N44P     4.800     0.057     4.123    -3.356    -0.011    -0.240     0.289    -0.168     1.440     0.790     0.375     0.000     0.529     0.304    -0.619     0.414     0.000     0.871 

ddG: N44Q    -0.253    -7.134     0.059     5.374    -0.008    -1.664     0.010    -0.007    -0.010     1.027    -1.169     0.000    -0.026    -0.161     3.646     0.095     0.000    -0.284 

ddG: N44R     4.166    -3.393    -0.521     2.429    -0.001     1.343    -0.008    -0.158    -0.054     0.983     0.405     0.000     0.188     0.041     1.779     0.180     0.000     0.955 

ddG: N44S     1.059    -3.484    -0.575     4.853    -0.010    -3.643    -0.010     0.074    -0.002     1.006    -1.190     0.000    -0.011    -0.029     2.478     0.254     0.000     1.348 

ddG: N44T     0.933    -4.126    -0.309     4.419    -0.008    -2.388    -0.004    -0.007     0.066     0.866    -1.192     0.000     0.157    -0.018     1.898     0.246     0.000     1.333 

ddG: N44V    -0.626    -5.127     0.580     2.653    -0.001    -2.488     0.010    -0.093     0.048     0.679    -1.183     0.000    -0.010     0.487     1.906    -0.118     0.000     2.032 

ddG: N44W     0.698    -4.777     0.904    -1.889     0.020    -0.328     0.043    -0.187    -0.041     1.020     0.434     0.000     0.149     0.764     2.150     0.181     0.000     2.255 

ddG: N44Y     0.073    -3.403     0.876    -3.502     0.023    -0.242     0.061    -0.203    -0.053     1.022     0.415     0.000     0.214     0.618     2.710     0.245     0.000     1.294 

