ddG: description total fa_atr fa_rep fa_sol fa_intra_rep fa_elec pro_close hbond_sr_bb hbond_lr_bb hbond_bb_sc hbond_sc dslf_fa13 rama omega fa_dun p_aa_pp yhh_planarity ref 
ddG: L44A     8.472     8.973    -0.543    -0.109    -0.007     0.033    -0.002    -0.005    -0.010     0.062    -0.034    -0.001     0.047    -0.009    -0.150     0.209     0.028    -0.011 

ddG: L44C     8.019     6.378    -0.397     2.192    -0.006     0.038     0.006     0.002    -0.015     0.073     0.014    -0.001    -0.059     0.027    -0.003     0.054     0.013    -0.298 

ddG: L44D    11.634     2.399    -0.599     9.867    -0.004    -0.093    -0.004    -0.007    -0.013     0.118     0.030     0.000     0.178     0.025     1.827     0.163     0.022    -2.276 

ddG: L44E     9.848    -1.062    -0.455    11.251    -0.002    -0.152    -0.003    -0.005    -0.055     0.122     0.008    -0.001     0.071    -0.108     2.646     0.181     0.009    -2.598 

ddG: L44F     4.327    -6.018     4.324     0.961     0.020     0.016     0.156     0.118     0.164     0.127    -0.116    -0.001    -0.025     1.238     3.394     0.018     0.157    -0.207 

ddG: L44G    10.517    12.195    -0.812    -0.730    -0.008     0.128     0.002    -0.030    -0.028     0.334    -0.043     0.000     0.151    -0.086    -0.166     0.147     0.019    -0.556 

ddG: L44H     6.376    -4.856     1.270     6.656    -0.004    -0.027     0.045     0.098     0.040    -0.090     0.036    -0.002     0.024     0.487     2.901     0.043     0.049    -0.295 

ddG: L44H     6.292    -5.001     1.359     6.694    -0.004    -0.033     0.042     0.065     0.036    -0.101    -0.020     0.000     0.087     0.439     2.850     0.154     0.018    -0.295 

ddG: L44I     4.390     1.575     2.283     0.227     0.014    -1.134     0.204    -0.028    -0.058    -0.961    -0.217     0.000     0.328     0.580     1.518    -0.303     0.084     0.276 

ddG: L44K    13.242    -0.142     1.999    10.806     0.003    -0.113    -0.005     0.108     0.171    -1.202     0.034    -0.002    -0.126    -0.538     3.220    -0.066     0.167    -1.072 

ddG: L44L     0.351     0.226    -0.102    -0.024    -0.001     0.235    -0.004    -0.007    -0.011    -0.018     0.061    -0.001    -0.010    -0.018     0.025    -0.005     0.005     0.000 

ddG: L44M     5.639     1.558     0.659     1.753     0.000     0.134    -0.004    -0.020     0.060     0.268    -0.086     0.001    -0.068     0.001     1.525     0.313     0.080    -0.535 

ddG: L44N     7.113     1.042    -0.380     6.645    -0.004    -0.214     0.001    -0.001    -0.013     0.079     0.018    -0.001     0.156     0.083     1.419     0.133     0.011    -1.861 

ddG: L44P    12.328     6.216     2.713     0.197     0.009     0.430     0.859     0.272     0.012     1.866     0.028     0.000     0.386     0.009     1.007    -0.735     0.049    -0.990 

ddG: L44Q     6.187    -1.122    -0.044     7.000    -0.003     0.024     0.003     0.010     0.017     0.016     0.035    -0.001    -0.020    -0.180     2.511     0.060     0.025    -2.145 

ddG: L44R    15.174    -7.945     4.046    17.388     0.007    -1.742    -0.012    -0.030     0.220    -0.980    -1.456     0.003     0.221    -0.035     5.651     0.279     0.466    -0.905 

ddG: L44S    10.229     8.314    -0.548     2.247    -0.007     0.148    -0.010    -0.023    -0.013     0.042    -0.082     0.000     0.023    -0.023     0.704    -0.071     0.040    -0.513 

ddG: L44T     7.456     4.215     0.183     4.078    -0.001    -0.227    -0.017    -0.025    -0.046     0.303    -0.116     0.000     0.100    -0.078    -0.290    -0.112     0.017    -0.527 

ddG: L44V     7.629     4.154     1.110     0.282     0.014     0.144     0.070     0.007    -0.060     1.316    -0.184     0.002     0.224     0.333    -0.160     0.214    -0.008     0.172 

ddG: L44W    12.331   -11.246     9.411     4.379     0.024     0.176     0.012     0.264     0.387     0.484     0.315    -0.001     0.232     0.977     5.955     0.295     0.272     0.394 

ddG: L44Y     7.902    -7.627     5.339     4.445     0.021     0.006     0.155     0.224     0.207     0.148    -0.156    -0.002    -0.081     1.624     4.071    -0.112     0.206    -0.567 

