ddG: description total fa_atr fa_rep fa_sol fa_intra_rep fa_elec pro_close hbond_sr_bb hbond_lr_bb hbond_bb_sc hbond_sc dslf_fa13 rama omega fa_dun p_aa_pp yhh_planarity ref 
ddG: G41A     3.796    -1.224     1.607    -1.026     0.001     0.909    -0.007    -0.066     0.038     0.353    -0.111     0.000    -0.420     1.748     1.426     0.010     0.013     0.545 

ddG: G41C     6.229    -3.188     1.398     2.519    -0.003     0.156    -0.007    -0.082     0.009     0.267    -0.136     0.000    -0.599     1.368     4.073     0.188     0.006     0.258 

ddG: G41D     9.494    -6.766     0.694     9.970    -0.011     0.386     0.000     0.348    -0.216     1.737    -0.306     0.000    -0.613     1.885     4.121    -0.007    -0.007    -1.720 

ddG: G41E     8.904    -8.842     2.541     9.279     0.002     0.145    -0.005    -0.096    -0.129     0.643     0.073     0.000    -0.376     1.562     6.353    -0.213     0.008    -2.041 

ddG: G41F     7.560   -14.030     8.842     5.690     0.011    -1.458    -0.007     0.323     0.423     1.418    -2.983     0.000    -0.426     1.603     7.382     0.428    -0.006     0.349 

ddG: G41G     0.012     0.011     0.000    -0.003     0.000    -0.004     0.000     0.000     0.005    -0.003    -0.001     0.000    -0.003     0.010     0.001     0.000     0.000     0.000 

ddG: G41H    10.811   -12.235     3.572     7.431     0.008     0.713    -0.001     0.247     0.270     1.347    -0.511     0.000    -0.702     1.213     9.080     0.129    -0.012     0.261 

ddG: G41H     8.525   -13.445     5.898     7.931     0.014     0.214    -0.004    -0.155     0.250     0.426     0.135     0.000    -0.279     0.723     6.496     0.069    -0.008     0.261 

ddG: G41I     5.107    -7.673     2.715     2.295     0.015     0.707    -0.002     0.349    -0.165     1.893    -0.354     0.000    -0.249     1.574     2.723     0.440     0.006     0.833 

ddG: G41K     7.525    -9.037     5.185     8.157    -0.020    -2.326    -0.012    -0.049    -0.030     0.443    -2.483     0.000    -0.421     1.488     7.042     0.027     0.076    -0.516 

ddG: G41L     7.389    -5.138     3.675     2.389    -0.004     0.362    -0.008    -0.110     0.283     1.784     0.130     0.000    -0.294     0.660     3.135    -0.025    -0.007     0.556 

ddG: G41M     4.990    -4.973     1.274     3.873    -0.011     0.815    -0.002     0.371    -0.151     1.803    -0.393     0.000    -0.423     1.240     1.668    -0.126     0.003     0.022 

ddG: G41N     5.015    -7.655     1.795     6.700    -0.003    -0.371    -0.007    -0.086    -0.119     0.612     0.058     0.000    -0.381     1.599     4.062     0.094     0.020    -1.304 

ddG: G41P     3.050    -2.364     3.547    -0.106    -0.029    -1.562     0.041     0.718     0.084     2.296    -3.216     0.000    -0.524     2.246     2.219     0.143    -0.010    -0.434 

ddG: G41Q     7.587    -8.282     1.770     6.026    -0.006     0.733    -0.001     0.340    -0.182     1.740    -0.353     0.000    -0.626     1.651     6.442    -0.099     0.023    -1.589 

ddG: G41R     6.238   -10.186     3.239     8.958     0.010    -0.896    -0.003    -0.083    -0.090     0.743    -1.418     0.000    -0.286     1.215     5.375    -0.176     0.187    -0.349 

ddG: G41S     5.042    -2.118     1.726     2.910     0.002     0.110    -0.004    -0.032    -0.111     0.404     0.031     0.000    -0.452     1.446     1.213    -0.128     0.003     0.043 

ddG: G41T     7.876    -4.432     1.424     4.840    -0.004     1.592    -0.003     0.134    -0.079     1.665    -0.457     0.000    -0.717     1.726     1.965     0.200    -0.007     0.029 

ddG: G41V     5.134    -6.064     3.048     2.142     0.008     0.408    -0.008    -0.121    -0.083     0.887     0.224     0.000    -0.088     1.068     2.293     0.684     0.008     0.728 

ddG: G41W     8.150   -15.524     6.290     8.223     0.026     0.861    -0.002     0.365     0.264     1.723    -0.315     0.000    -0.338     1.597     3.777     0.233     0.019     0.950 

ddG: G41Y     6.372   -15.468     9.167     5.471     0.029    -0.773    -0.021    -0.229     1.001     0.697    -2.524     0.000    -0.379     1.660     7.631     0.125    -0.006    -0.011 

