ddG: description total fa_atr fa_rep fa_sol fa_intra_rep fa_elec pro_close hbond_sr_bb hbond_lr_bb hbond_bb_sc hbond_sc dslf_fa13 rama omega fa_dun p_aa_pp yhh_planarity ref 
ddG: A125A    -0.957    -0.435     1.472    -1.668     0.012     1.262     0.001    -0.178     0.127     0.214     0.172     0.000     0.210     0.296    -2.266    -0.170    -0.004     0.000 

ddG: A125C    -1.069    -0.488     1.248    -0.359     0.007     0.244     0.003     0.026    -0.074     0.230     0.123     0.000     0.364    -0.080    -1.892    -0.134    -0.001    -0.287 

ddG: A125D     0.801    -3.398     1.393     3.390     0.014     1.146     0.004    -0.184     0.140     0.254     0.144     0.000     0.187     0.369    -0.053    -0.335    -0.004    -2.265 

ddG: A125E     1.007    -3.827     2.574     3.653    -0.003    -0.989     0.006     0.292     0.063     0.952    -3.107     0.000    -0.256     0.612     3.822    -0.186    -0.012    -2.586 

ddG: A125F    -2.664    -9.775     4.612     1.800     0.031    -1.725     0.037     0.068     0.112    -0.231    -2.499     0.000     0.258    -0.159     5.067    -0.059    -0.005    -0.196 

ddG: A125G    -0.137     2.055     0.698    -1.671     0.001     0.379     0.013     0.018    -0.033     0.377     0.272     0.000     0.585    -0.180    -2.282     0.177    -0.001    -0.545 

ddG: A125H    -1.851    -4.879     3.375     1.822    -0.006    -2.312    -0.006     0.068    -0.019    -0.185    -2.565     0.000     0.110    -0.038     3.096    -0.024    -0.003    -0.284 

ddG: A125H    -1.451    -4.440     1.651     1.037     0.013    -0.293     0.001     0.006    -0.066     0.228     0.143     0.000     0.277    -0.150     0.579    -0.138    -0.015    -0.284 

ddG: A125I    -1.257    -4.097     2.385    -0.755     0.033     0.225    -0.027     0.001    -0.072     0.204     0.072     0.000     0.581    -0.009    -0.209     0.123    -0.001     0.288 

ddG: A125K    -1.300    -2.893     1.451     1.224     0.009     0.254     0.013     0.040    -0.022     0.213     0.124     0.000     0.272     0.025    -0.915    -0.020    -0.015    -1.061 

ddG: A125L    -0.574    -4.200     3.564     1.211    -0.002    -2.224     0.007     0.070     0.089    -0.150    -2.507     0.000     0.118     0.124     3.380    -0.064    -0.003     0.011 

ddG: A125M    -2.100    -4.243     1.845    -0.213     0.014     1.276     0.005    -0.163     0.162     0.224     0.133     0.000     0.191     0.355    -0.914    -0.243    -0.004    -0.523 

ddG: A125N    -1.079    -3.384     1.474     2.803     0.006    -0.191     0.007    -0.008    -0.034     0.250     0.225     0.000     0.294    -0.126    -0.423    -0.107    -0.015    -1.849 

ddG: A125P    -0.568    -2.436     2.736     0.206     0.016     0.209     0.169     0.031     0.105     1.837     0.259     0.000     0.335    -0.360    -2.227    -0.452    -0.016    -0.979 

ddG: A125Q    -1.370    -3.505     1.389     1.163     0.018    -0.150     0.008     0.009    -0.046     0.224     0.129     0.000     0.297    -0.059     1.382    -0.079    -0.015    -2.134 

ddG: A125R     0.833    -4.185     2.337     4.790    -0.014    -1.744     0.005     0.553    -0.072     0.914    -2.993     0.000    -0.044     0.586     1.682    -0.067    -0.021    -0.894 

ddG: A125S     1.508     0.438     0.341     0.441     0.000     0.697     0.014     0.487    -0.140     1.321    -0.327     0.000     0.084     0.258    -1.366    -0.232    -0.006    -0.502 

ddG: A125T     1.210    -1.547     0.981     0.444     0.011     0.588    -0.014     0.422    -0.157     1.443    -0.280     0.000     0.145     0.263    -0.153    -0.401    -0.019    -0.516 

ddG: A125V    -1.683    -3.437     3.964    -0.094     0.006    -1.873    -0.034     0.065    -0.039    -0.183    -2.587     0.000     0.436     0.053     1.643     0.217    -0.004     0.183 

ddG: A125W    -4.358   -13.789     4.337     3.918     0.030    -1.446     0.035     0.558     0.013     0.845    -2.887     0.000     0.182     0.063     3.263     0.125    -0.008     0.405 

ddG: A125Y    -0.832    -5.649     2.054    -0.065     0.053     1.290     0.005    -0.206     0.152     0.244     0.116     0.000     0.368     0.365     1.105    -0.107     0.001    -0.556 

