ddG: description total fa_atr fa_rep fa_sol fa_intra_rep fa_elec pro_close hbond_sr_bb hbond_lr_bb hbond_bb_sc hbond_sc dslf_fa13 rama omega fa_dun p_aa_pp yhh_planarity ref 
ddG: I56A     6.734    10.588    -0.562    -6.146    -0.011     2.374    -0.004    -0.184    -0.027    -0.002     1.556     0.000     0.742     0.192    -2.395     0.903     0.000    -0.288 

ddG: I56C     6.936     8.188    -0.296    -3.027    -0.006     2.155    -0.006     0.051     0.043     0.061     1.245     0.000     0.190    -0.006    -1.506     0.424     0.000    -0.574 

ddG: I56D     9.889     7.985    -0.137     0.054    -0.002     2.834    -0.007    -0.021     0.077     0.050     1.170     0.000     0.342     0.057    -0.675     0.715     0.000    -2.553 

ddG: I56E     8.229     2.004    -0.501     4.500     0.006     0.952    -0.004    -0.532     0.000     0.043     0.031     0.000     0.372     0.114     3.477     0.641     0.000    -2.874 

ddG: I56F     5.330     0.016     2.746    -4.333     0.040     2.397    -0.006    -0.251     0.233     0.023     1.532     0.000     0.503     0.316     1.918     0.680     0.000    -0.483 

ddG: I56G     8.091    13.180    -0.743    -5.780     0.001     2.409    -0.006    -1.326     0.226     0.057     1.245     0.000     0.848     0.120    -2.141     0.835     0.000    -0.833 

ddG: I56H     4.243     3.671     0.915    -2.794     0.000     2.599    -0.002    -1.194     0.212     0.037     1.194     0.000     0.275     0.293    -0.669     0.278     0.000    -0.571 

ddG: I56H     5.038    -2.651     0.787     3.802    -0.010    -0.090     0.001     0.052     0.030     0.049    -0.008     0.000     0.270     0.080     2.648     0.648     0.000    -0.571 

ddG: I56I    -0.472     2.831     0.115    -2.831     0.001     0.594     0.002    -0.061    -0.004     0.023    -0.009     0.000     0.073     0.074    -1.253    -0.027     0.000     0.000 

ddG: I56K     6.041     3.762     0.153     1.700     0.007    -0.047    -0.004    -0.418     0.008     0.057     0.105     0.000     0.449     0.262     0.833     0.523     0.000    -1.348 

ddG: I56L     2.217     7.769    -0.165    -7.789     0.003     2.705    -0.007    -0.665    -0.051     0.014     1.620     0.000     0.374     0.305    -2.550     0.930     0.000    -0.276 

ddG: I56M     4.900     5.520    -0.175    -4.240    -0.001     1.940    -0.003    -0.690     0.081    -0.006     1.545     0.000     0.587     0.323     0.175     0.655     0.000    -0.811 

ddG: I56N     4.784     5.285    -0.373     0.451     0.005     1.385    -0.004    -0.621     0.009    -0.015     0.850     0.000     0.381     0.490    -1.248     0.328     0.000    -2.137 

ddG: I56P    19.533     8.924     8.957    -6.105     0.000     2.836     0.551    -0.228     1.073     0.126     1.446     0.000     2.336     2.929    -1.946    -0.098     0.000    -1.266 

ddG: I56Q     4.674     5.078    -0.464    -2.136     0.003     2.053    -0.005    -0.649    -0.009     0.003     1.545     0.000     0.592     0.345     0.061     0.678     0.000    -2.421 

ddG: I56R     6.994    -1.701     0.230     7.219    -0.004    -0.834     0.001    -0.095     0.097    -0.708     0.025     0.000     0.320    -0.034     3.155     0.504     0.000    -1.182 

ddG: I56S     7.104     9.803    -0.762    -3.759    -0.010     1.969    -0.004    -0.135     0.091     0.005     1.564     0.000     0.693     0.280    -2.294     0.453     0.000    -0.789 

ddG: I56T     5.630     8.054    -0.481    -3.496    -0.004     2.322    -0.004    -0.200    -0.024     0.003     1.558     0.000     0.428     0.200    -2.374     0.452     0.000    -0.804 

ddG: I56V     2.038     2.807    -0.243    -0.552     0.004     0.157     0.001    -0.115     0.001     0.037     0.004     0.000    -0.045     0.003     0.067     0.014     0.000    -0.105 

ddG: I56W     4.997    -2.982     1.161     1.825     0.023     2.531    -0.003    -0.764    -0.073     0.029     1.671     0.000     0.669     0.827    -0.555     0.521     0.000     0.118 

ddG: I56Y     5.010     0.265     1.319    -2.321     0.029     2.155    -0.002    -0.052    -0.021     0.007     1.636     0.000     0.447     0.567     1.327     0.496     0.000    -0.844 

