ddG: description total fa_atr fa_rep fa_sol fa_intra_rep fa_elec pro_close hbond_sr_bb hbond_lr_bb hbond_bb_sc hbond_sc dslf_fa13 rama omega fa_dun p_aa_pp yhh_planarity ref 
ddG: N88A     1.947     7.038     0.260    -7.183    -0.002     1.066    -0.008    -0.088    -0.079     1.502     0.080    -0.086    -0.146    -0.028    -1.914    -0.336     0.021     1.849 

ddG: N88C     2.375     4.063    -0.166    -4.569     0.006     1.274    -0.005    -0.030    -0.248     1.375    -0.040    -0.093    -0.181    -0.353    -0.162    -0.070     0.011     1.563 

ddG: N88D     3.566    -0.442     0.380     3.966     0.009     0.131    -0.005     0.048    -0.103     0.017     0.492    -0.052    -0.045     0.224    -0.433    -0.230     0.025    -0.415 

ddG: N88E     7.642    -1.234     2.243     2.734     0.016     1.087    -0.003    -0.060    -0.186     1.355     0.557    -0.017     0.145     0.140     1.899    -0.319     0.024    -0.737 

ddG: N88F    25.468    -4.887    15.105    -7.814     0.077     3.798    -0.020    -0.090     0.862     1.589     2.227    -0.218     1.915     4.989     6.157     0.086     0.035     1.654 

ddG: N88G     4.244    10.831    -0.129    -8.233    -0.011     1.060    -0.001     0.048    -0.062     1.309     0.000    -0.076     0.148    -0.158    -1.907     0.121     0.000     1.304 

ddG: N88H     8.323    -3.443     4.318     0.184     0.002    -0.696     0.000     0.501    -0.209     1.759    -0.797     0.062     0.529     4.366     0.428    -0.261     0.016     1.566 

ddG: N88H     6.835    -2.650     4.124    -0.137    -0.007    -1.751    -0.018     0.890    -0.117     1.168    -1.302     0.035     0.506     4.016     0.713    -0.198    -0.002     1.566 

ddG: N88I     5.997    -0.383     4.581    -4.551     0.023     0.305    -0.019     0.929    -0.040     0.546    -0.038    -0.032     0.318     0.472     1.860    -0.107    -0.004     2.137 

ddG: N88K     8.169     0.436     2.398    -0.500     0.112     0.407     0.006     0.109    -0.096     1.387     0.516    -0.014    -0.019     0.095     2.636    -0.102     0.010     0.789 

ddG: N88L     3.660    -0.357     4.210    -4.226     0.004     0.857    -0.019     0.984    -0.166     0.912     0.533    -0.070     0.319     0.340    -1.202    -0.361     0.044     1.861 

ddG: N88M     2.997    -0.513     1.751    -3.190     0.014     1.521     0.001    -0.659    -0.137     1.497     0.171    -0.053    -0.196    -0.230     1.971    -0.272    -0.006     1.326 

ddG: N88N     0.187    -1.384    -0.315     0.601     0.010     0.423    -0.005    -0.031    -0.186     0.036    -0.039    -0.018    -0.035    -0.328     1.399     0.068    -0.007     0.000 

ddG: N88P    11.159     5.433     5.598    -6.697    -0.009     0.973     1.180     1.487     0.207     0.880     1.548     0.012     1.124     0.488    -1.226    -0.683    -0.028     0.871 

ddG: N88Q     4.400    -1.040     1.783     0.260     0.009     1.386    -0.020     0.482    -0.120     0.724     0.489    -0.012     0.127    -0.008     0.778    -0.153     0.000    -0.284 

ddG: N88R     6.608    -2.223     2.415     3.039     0.012    -1.259    -0.019     0.402    -0.054     1.868    -1.794     0.051     0.163     0.181     3.286    -0.379    -0.036     0.955 

ddG: N88S     4.140     5.316    -0.348    -3.858     0.005     1.016    -0.005     0.002    -0.247     1.356    -0.040    -0.097    -0.186    -0.448     0.517    -0.180    -0.009     1.348 

ddG: N88T     2.093     3.676     0.565    -3.352    -0.002     0.254    -0.007    -0.123    -0.089     1.394    -0.002    -0.074     0.092    -0.068    -1.477    -0.029     0.001     1.333 

ddG: N88V     4.987     2.050     3.562    -4.922     0.019     1.330    -0.006    -0.048    -0.138     1.170    -0.043    -0.069     0.378     0.316    -0.765     0.120     0.000     2.032 

ddG: N88W    14.437    -7.395     6.439     0.718     0.025    -0.009     0.009     0.933    -0.103     0.742     0.505     0.059     0.330     7.785     2.245    -0.114     0.015     2.255 

ddG: N88Y    30.054    -7.578    15.943     1.194     0.067     0.976    -0.009     0.668     0.854     0.045     1.609     0.755     0.667     6.785     6.477     0.137     0.170     1.294 

