ddG: description total fa_atr fa_rep fa_sol fa_intra_rep fa_elec pro_close hbond_sr_bb hbond_lr_bb hbond_bb_sc hbond_sc dslf_fa13 rama omega fa_dun p_aa_pp yhh_planarity ref 
ddG: P37A     3.528     3.105    -1.106    -1.126     0.014     0.518    -0.022    -0.281    -0.161     0.616    -0.055     0.024     0.295    -0.235     0.577     0.368     0.019     0.979 

ddG: P37C     7.289     1.705     0.380     1.638    -0.001     1.486    -0.001    -0.370    -0.026     0.453     1.407     0.000    -0.136     0.247    -0.921     0.740    -0.004     0.692 

ddG: P37D    13.586    -3.893     1.908    11.276     0.008     0.898    -0.021     0.114    -0.009    -0.009     0.551     0.037     0.029    -0.228     3.541     0.689    -0.020    -1.286 

ddG: P37E     7.008    -2.029    -0.624     5.756     0.043    -0.153    -0.003    -0.513    -0.170     0.847    -1.468     0.085     0.066    -0.260     6.087     0.926     0.025    -1.608 

ddG: P37F    21.376    -7.459     4.606     4.290     0.066     1.601    -0.006    -0.391    -0.058     0.985     0.389     0.172     0.519     2.767    12.282     0.825     0.003     0.783 

ddG: P37G     6.845     7.095    -1.195    -1.930     0.002     0.735     0.008    -0.294     0.016     0.467     0.429     0.124     0.180     0.097    -0.556     1.199     0.033     0.434 

ddG: P37H    18.155    -3.767     3.054     3.302     0.029     2.752    -0.012    -0.475    -0.097     0.716     1.935     0.011     0.538     0.319     8.604     0.536     0.014     0.695 

ddG: P37H    17.982    -3.767     3.052     3.296     0.031     2.568    -0.013    -0.464    -0.097     0.712     1.935     0.013     0.536     0.320     8.619     0.531     0.014     0.695 

ddG: P37I     8.926    -2.150     1.780     2.126     0.026     1.335    -0.005    -0.687    -0.043     0.669     0.219    -0.003     0.503     0.622     2.292     0.972     0.003     1.266 

ddG: P37K    15.176    -1.312     1.099     4.116     0.020     0.754     0.012    -0.250     0.171     0.660    -0.689     0.149    -0.210     1.475     8.867     0.282     0.114    -0.082 

ddG: P37L    17.563    -2.641     6.423     2.016     0.043     1.956    -0.010    -1.166     0.029     0.952     0.690     0.014     0.277     0.603     6.707     0.681    -0.001     0.990 

ddG: P37M     9.594    -1.850     1.422     1.327     0.034     1.147    -0.005    -0.541    -0.096     0.521    -0.057     0.005     0.202     0.064     6.131     0.857    -0.023     0.455 

ddG: P37N     9.391    -0.853    -1.588     4.068     0.012     2.360    -0.004    -0.306    -0.186     0.142     1.642     0.006    -0.053     0.139     4.014     0.862     0.009    -0.871 

ddG: P37P     0.461    -0.189     0.210    -0.329     0.010     0.643     0.011    -0.617    -0.039     0.563     0.007    -0.008     0.011     0.066     0.061     0.041     0.023     0.000 

ddG: P37Q     7.625    -1.915    -0.194     3.807     0.037     1.637    -0.002    -0.526    -0.045     0.756     0.806     0.051    -0.003     0.191     3.238     0.893     0.049    -1.155 

ddG: P37R    15.413    -1.816     2.282     5.128     0.024     0.407     0.000     0.208    -0.074     0.781    -2.027     0.019     0.681     1.752     7.448     0.531    -0.017     0.084 

ddG: P37S     5.618     1.045    -0.524     2.634     0.031     0.835    -0.017    -1.037    -0.053     1.080    -1.037     0.015     0.292    -0.279     1.891     0.281    -0.016     0.477 

ddG: P37T     8.346    -0.987     0.651     3.322     0.023     1.363    -0.006    -0.331    -0.227     0.545     0.432     0.033     0.068    -0.230     2.212     1.018    -0.003     0.462 

ddG: P37V     7.747     0.274     0.548     0.536     0.034     1.983     0.004    -0.393    -0.030     0.484     0.725     0.043     0.056    -0.126     1.374     1.077    -0.004     1.162 

ddG: P37W     5.249    -8.568     0.504     4.836     0.040     1.537    -0.004    -0.725    -0.061     0.824     0.214     0.002     0.113     0.419     3.668     1.010     0.058     1.384 

ddG: P37Y     3.947    -5.913     0.296     4.177     0.045     0.734    -0.019     0.032     0.030     0.277    -0.322     0.053     0.067    -0.038     2.850     1.146     0.110     0.423 

