ddG: description total fa_atr fa_rep fa_sol fa_intra_rep fa_elec pro_close hbond_sr_bb hbond_lr_bb hbond_bb_sc hbond_sc dslf_fa13 rama omega fa_dun p_aa_pp yhh_planarity ref 
ddG: Y11A    11.186    16.027    -0.524    -4.269    -0.034     2.061    -0.002    -0.535    -0.017    -1.368     0.856     0.000     0.090    -0.190    -1.821     0.431    -0.074     0.556 

ddG: Y11C    10.203    15.374    -0.857    -3.755    -0.033     0.404    -0.001     0.024     0.057     0.025    -0.089     0.000     0.087    -0.086    -1.376     0.233    -0.072     0.269 

ddG: Y11D    16.955    10.378    -0.423     5.766    -0.013     1.772    -0.001    -0.530     0.018    -1.495     0.825     0.000     0.312    -0.057     1.164     1.043    -0.095    -1.709 

ddG: Y11E    15.505     8.958    -0.712     5.715    -0.021     0.607    -0.004    -0.090    -0.069     0.016     0.000     0.000     0.116    -0.192     2.877     0.411    -0.075    -2.031 

ddG: Y11F     0.440     2.204    -0.077    -3.638    -0.009     1.003     0.001    -0.016    -0.010     0.056     0.721     0.000     0.016     0.033    -0.019    -0.047    -0.136     0.360 

ddG: Y11G    13.695    19.600    -1.124    -4.924    -0.038     0.913    -0.004    -0.091     0.059     0.013    -0.046     0.000     0.513    -0.156    -1.701     0.744    -0.073     0.011 

ddG: Y11H     7.358     3.820    -0.137     1.811    -0.038     2.120    -0.001    -0.524     0.100    -1.419     0.773     0.000     0.059    -0.114     0.335     0.374    -0.073     0.272 

ddG: Y11H     7.015     4.694    -0.599     1.367    -0.040     0.830    -0.003    -0.078     0.136    -0.001    -0.009     0.000     0.104    -0.041     0.328     0.127    -0.073     0.272 

ddG: Y11I    10.464     9.862     0.481    -3.173    -0.008     2.294    -0.002    -0.512    -0.243    -1.392     0.715     0.000     0.050     0.177     0.927     0.523    -0.079     0.844 

ddG: Y11K    17.067     7.045    -0.410     6.407    -0.021     2.804    -0.002    -0.542     0.013    -1.387     0.797     0.000     0.037    -0.240     2.524     0.623    -0.074    -0.505 

ddG: Y11L     8.487     9.754    -0.327    -3.857    -0.037     0.767    -0.001    -0.104     0.408     0.050     0.017     0.000     0.465     0.074     0.269     0.514    -0.071     0.567 

ddG: Y11M     8.782     7.817    -0.442    -1.105    -0.042     2.163    -0.004    -0.639     0.116    -1.411     0.774     0.000     0.053    -0.174     1.316     0.403    -0.073     0.033 

ddG: Y11N    11.716    10.875    -0.875     0.987    -0.038     0.869    -0.003    -0.066     0.113     0.010    -0.007     0.000     0.223    -0.044     0.502     0.534    -0.072    -1.294 

ddG: Y11P    15.248    15.408     0.540    -6.062    -0.039     1.113     0.602    -0.075     1.197     0.037    -0.075     0.000     0.756     1.544     1.036    -0.221    -0.092    -0.423 

ddG: Y11Q    11.978     8.819    -0.422     1.347    -0.022     0.676     0.003    -0.022     0.027    -0.035     0.057     0.000     0.142    -0.047     2.999     0.129    -0.095    -1.578 

ddG: Y11R    17.729     2.962     0.160    10.514    -0.011     1.000     0.000     0.073     0.220    -0.114     0.110     0.000    -0.052    -0.059     3.104     0.260    -0.097    -0.338 

ddG: Y11S    11.685    16.725    -0.867    -3.455    -0.031     0.711    -0.001     0.030    -0.002     0.029    -0.006     0.000     0.022    -0.120    -1.358     0.028    -0.073     0.054 

ddG: Y11T    10.108    13.758    -0.927    -1.329    -0.039    -0.026    -0.003    -0.071     0.049     0.008    -0.004     0.000    -0.023    -0.122    -1.280     0.152    -0.074     0.040 

ddG: Y11V     8.577    12.080     0.541    -4.066    -0.030     0.497    -0.002    -0.031    -0.078    -0.057     0.128     0.000     0.074    -0.125    -1.418     0.422    -0.095     0.739 

ddG: Y11W     0.318    -5.237     2.585     0.905    -0.006     0.579     0.000    -0.009     0.004    -0.012     0.093     0.000     0.050     0.012     0.522    -0.057    -0.071     0.961 

ddG: Y11Y     0.895    -1.214     0.305     1.378    -0.002     1.585    -0.001    -0.566     0.027    -1.416     0.786     0.000    -0.026    -0.058    -0.164     0.251     0.010     0.000 

