ddG: description total fa_atr fa_rep fa_sol fa_intra_rep fa_elec pro_close hbond_sr_bb hbond_lr_bb hbond_bb_sc hbond_sc dslf_fa13 rama omega fa_dun p_aa_pp yhh_planarity ref 
ddG: R26A     1.387     3.022    -1.665    -3.336    -0.024     1.641    -0.001     0.076     0.092    -0.401    -0.150     0.000    -0.282    -0.096     1.642    -0.041     0.015     0.894 

ddG: R26C     1.119     2.113     0.802    -2.987    -0.019     2.035    -0.004    -0.435     0.041    -1.191     1.201     0.000     0.226    -0.283    -1.329     0.337     0.004     0.607 

ddG: R26D     2.133     1.391    -0.222    -1.411    -0.009     2.792     0.000    -0.090     0.147    -0.138    -0.018     0.000    -0.234     0.249     0.942     0.095     0.011    -1.371 

ddG: R26E     1.802     1.967    -0.171    -2.122    -0.014     2.554     0.002     0.067    -0.023    -0.099     0.710     0.000    -0.244    -0.046     0.894     0.018     0.000    -1.692 

ddG: R26F    -0.932    -1.999     2.565    -1.254    -0.005     0.086    -0.012    -0.337     0.099    -1.580    -1.494     0.000     0.000    -0.221     2.442     0.064     0.017     0.698 

ddG: R26G     1.259     3.340     0.562    -4.693    -0.008     2.938    -0.008    -0.451     0.252    -1.257     1.234     0.000     0.197     0.021    -1.611     0.381     0.016     0.349 

ddG: R26H     2.194    -1.240     0.155    -1.543    -0.013     3.679     0.000    -0.188     0.135    -0.060     0.732     0.000    -0.177     0.321    -0.296     0.067     0.011     0.610 

ddG: R26H     1.610    -0.615    -0.057    -1.348    -0.017     2.511     0.002     0.068    -0.045    -0.118     0.713     0.000    -0.084    -0.046    -0.130     0.167     0.000     0.610 

ddG: R26I     0.707     1.326     1.597    -1.968    -0.019     0.038    -0.005     0.167     0.032    -0.484    -1.940     0.000    -0.175     0.038     0.846     0.073    -0.001     1.182 

ddG: R26K     0.802     0.531     0.863    -2.966    -0.005     3.471    -0.007    -0.627     0.247    -1.168     1.192     0.000    -0.040     0.146    -0.594    -0.090     0.016    -0.167 

ddG: R26L    -0.333    -0.132     2.536    -0.967    -0.029    -0.284    -0.013    -0.385     0.097    -1.593    -1.449     0.000    -0.012    -0.151     0.989     0.153     0.003     0.905 

ddG: R26M     2.061     0.925    -0.669    -1.624    -0.021     2.088    -0.009    -0.270     0.136    -1.390     1.078     0.000    -0.186    -0.353     1.860     0.105     0.020     0.371 

ddG: R26N     1.178     0.488    -0.060    -0.941    -0.010     1.815     0.001     0.256    -0.045    -0.184    -0.139     0.000    -0.065    -0.093     0.709     0.401     0.000    -0.955 

ddG: R26P     1.376     1.260     2.860    -3.615    -0.019     1.686     0.062    -0.507     0.083    -1.358     1.187     0.000     0.323     0.363    -0.724    -0.146     0.005    -0.084 

ddG: R26Q     0.240    -0.524     2.548    -1.866    -0.022     1.045    -0.015    -0.483     0.311    -1.568    -1.560     0.000    -0.087     0.167     3.459     0.061     0.014    -1.240 

ddG: R26R     0.180    -0.253    -0.508    -0.057    -0.001    -0.114    -0.007    -0.463     0.152    -1.275     0.284     0.000    -0.087    -0.246     2.633     0.103     0.020     0.000 

ddG: R26S     2.064     3.508    -0.122    -3.712    -0.021     2.210     0.001     0.083    -0.015    -0.128     0.703     0.000    -0.017    -0.027    -0.965     0.173     0.000     0.392 

ddG: R26T     1.657     2.753     1.125    -3.611    -0.002     3.192    -0.014    -0.585    -0.038    -1.114     0.807     0.000    -0.063     0.120    -1.210    -0.093     0.011     0.378 

ddG: R26V     1.048     1.696    -0.632    -3.119    -0.005     1.968    -0.007    -0.377     0.149    -1.378     1.055     0.000    -0.045    -0.353     0.866     0.134     0.020     1.077 

ddG: R26W     0.088    -3.021     2.533    -0.062    -0.007    -0.022    -0.011    -0.390     0.110    -1.578    -1.518     0.000     0.017    -0.070     2.663     0.146    -0.001     1.299 

ddG: R26Y     0.721    -1.861    -0.503    -0.858     0.008     2.103    -0.008    -0.428     0.147    -1.355     1.057     0.000    -0.045    -0.264     2.355     0.008     0.027     0.338 

