ddG: description total fa_atr fa_rep fa_sol fa_intra_rep fa_elec pro_close hbond_sr_bb hbond_lr_bb hbond_bb_sc hbond_sc dslf_fa13 rama omega fa_dun p_aa_pp yhh_planarity ref 
ddG: T67A     0.548    -0.130     0.415    -1.051    -0.019     1.618     0.004    -0.560     0.015    -1.412     0.786     0.000     0.052    -0.051    -0.221     0.584    -0.001     0.516 

ddG: T67C     0.077    -0.448     0.240    -0.474    -0.018     1.484     0.002    -0.556    -0.025    -1.297     0.730     0.000    -0.062    -0.072    -0.014     0.339     0.019     0.229 

ddG: T67D     1.350    -1.419    -0.075     2.251    -0.013     0.336    -0.002     0.006    -0.003     0.127    -0.054     0.000     0.013     0.035     1.849     0.034     0.014    -1.749 

ddG: T67E     0.353    -0.125    -0.254     0.465    -0.011    -0.204     0.007     0.009    -0.013     0.131    -0.055     0.000    -0.029    -0.020     2.482     0.017     0.024    -2.070 

ddG: T67F     0.293    -6.174     1.299     2.457     0.008     1.958    -0.004    -0.429    -0.152    -1.407     0.767     0.000     0.187    -0.573     1.577     0.461    -0.002     0.321 

ddG: T67G     1.689     0.726     0.139    -0.238    -0.021     1.337    -0.003    -0.496     0.032    -1.316     0.726     0.000     0.241    -0.019    -0.259     0.851     0.017    -0.029 

ddG: T67H     0.518    -4.036     0.198     1.954    -0.019     1.886    -0.002    -0.469     0.003    -1.309     0.727     0.000    -0.055    -0.216     1.582     0.026     0.016     0.232 

ddG: T67H     0.520    -4.035     0.197     1.949    -0.019     1.887    -0.002    -0.468     0.001    -1.311     0.727     0.000    -0.055    -0.215     1.586     0.029     0.016     0.232 

ddG: T67I    -0.991    -2.266     0.382    -0.092     0.019     1.336     0.001    -0.366    -0.048    -1.311     0.727     0.000    -0.191    -0.221     0.150     0.066     0.019     0.804 

ddG: T67K     0.067    -2.117     0.464     1.230    -0.016     1.263     0.004    -0.460     0.010    -1.416     0.784     0.000    -0.125    -0.152     0.825     0.319    -0.001    -0.544 

ddG: T67L    -0.947    -1.998     0.271     0.001    -0.008     1.365     0.003    -0.447    -0.009    -1.312     0.728     0.000    -0.046    -0.222    -0.068     0.249     0.019     0.527 

ddG: T67M     0.588    -1.740     0.155     0.836    -0.017     1.753    -0.001    -0.543     0.033    -1.296     0.730     0.000    -0.044    -0.243     0.669     0.291     0.013    -0.007 

ddG: T67N     0.042    -1.864     0.279     1.006    -0.013     1.396     0.001    -0.499    -0.059    -1.299     0.730     0.000     0.023    -0.093     1.320     0.428     0.018    -1.333 

ddG: T67P    22.960    -2.018     9.991    -0.590    -0.005    -0.917     0.897     3.094    -0.588     0.106    -0.643     0.000     1.715     2.394     7.808     2.160     0.019    -0.462 

ddG: T67Q    -1.465    -2.389     0.331     0.769    -0.010     0.705     0.003    -0.553    -0.001    -1.300     0.098     0.000    -0.159    -0.015     2.304     0.351     0.019    -1.617 

ddG: T67R     0.919    -2.072     0.229     1.680    -0.009     1.093     0.004    -0.532     0.029    -1.314     0.729     0.000    -0.134    -0.124     1.302     0.397     0.019    -0.378 

ddG: T67S     1.182    -0.241     0.451    -0.036    -0.018     1.132     0.001    -0.515    -0.042    -1.419     0.789     0.000     0.077     0.127     0.493     0.371    -0.002     0.015 

ddG: T67T     0.198     1.078    -0.226    -1.009     0.007    -0.020     0.005     0.055    -0.060     0.132    -0.052     0.000     0.077     0.059     0.229    -0.101     0.024     0.000 

ddG: T67V    -0.991    -0.888     0.087    -0.642     0.009     0.128     0.000     0.063    -0.003    -0.001    -0.001     0.000    -0.123    -0.138    -0.183     0.006    -0.004     0.699 

ddG: T67W    -0.001    -7.764     0.479     3.682     0.009     1.655    -0.001    -0.501     0.049    -1.297     0.726     0.000    -0.022    -0.267     2.128     0.183     0.016     0.921 

ddG: T67Y    -0.036    -5.596     0.506     2.430     0.008     1.688    -0.001    -0.397     0.016    -1.298     0.726     0.000    -0.063    -0.388     1.763     0.540     0.070    -0.040 

