ddG: description total fa_atr fa_rep fa_sol fa_intra_rep fa_elec pro_close hbond_sr_bb hbond_lr_bb hbond_bb_sc hbond_sc dslf_fa13 rama omega fa_dun p_aa_pp yhh_planarity ref 
ddG: L6A     3.042     6.184    -0.689    -1.493    -0.007    -2.127     0.002     0.533     0.032     1.428    -0.780     0.000     0.229     0.085    -0.195    -0.155     0.007    -0.011 

ddG: L6C     3.791     5.155    -0.819     0.482    -0.009    -2.027     0.000     0.434     0.095     1.416    -0.783     0.000     0.168     0.080     0.129    -0.225    -0.006    -0.298 

ddG: L6D     5.290     2.756    -0.500     3.984    -0.004    -1.920     0.003     0.570    -0.020     1.405    -0.779     0.000     0.275    -0.026     1.956    -0.132     0.000    -2.276 

ddG: L6E     4.993     1.927    -0.574     3.385    -0.002    -1.430     0.001     0.547     0.015     1.481    -0.045     0.000     0.151    -0.011     2.425    -0.218    -0.061    -2.598 

ddG: L6F     0.055    -0.527    -0.522    -1.258     0.022    -0.957     0.002     0.538    -0.020     1.486    -0.049     0.000     0.037    -0.007     1.775    -0.189    -0.068    -0.207 

ddG: L6G     6.353     6.578    -0.383     0.304    -0.011    -0.091    -0.005    -0.076     0.059    -0.008    -0.002     0.000     0.543    -0.076    -0.570     0.653    -0.003    -0.556 

ddG: L6H     2.422    -1.148    -0.304     3.009    -0.010    -0.443    -0.002    -0.070     0.058    -0.013    -0.002     0.000     0.055    -0.056     1.506     0.140    -0.003    -0.295 

ddG: L6H     2.644    -0.473    -0.316     2.356    -0.005    -0.597     0.004    -0.010     0.009    -0.014    -0.004     0.000     0.135     0.018     1.789     0.043     0.004    -0.295 

ddG: L6I     0.495     1.822     0.310    -1.057     0.015    -1.984     0.007     0.586    -0.009     1.410    -0.770     0.000    -0.064    -0.015     0.350    -0.382     0.000     0.276 

ddG: L6K     2.815     2.246    -0.415     1.542    -0.003    -1.549     0.000     0.581    -0.009     1.420    -0.787     0.000     0.067    -0.091     1.082    -0.196    -0.001    -1.072 

ddG: L6L     0.018    -0.223    -0.185     0.875    -0.005    -0.217    -0.003    -0.084     0.076    -0.012    -0.001     0.000     0.012     0.012    -0.209    -0.013    -0.004     0.000 

ddG: L6M     2.833     1.657    -0.304     1.445    -0.006    -0.369    -0.003    -0.083     0.072    -0.011    -0.004     0.000     0.105    -0.048     0.895     0.023    -0.003    -0.535 

ddG: L6N     3.623     3.241    -0.687     0.714     0.003    -1.321     0.001     0.555     0.024     1.484    -0.033     0.000     0.275     0.058     1.344    -0.113    -0.063    -1.861 

ddG: L6P     2.683     2.723     0.628    -0.791    -0.006     0.067     0.066    -0.042     0.102    -0.008     0.041     0.000     0.781     0.045    -0.023     0.090     0.000    -0.990 

ddG: L6Q     1.977     1.426    -0.439     1.474    -0.003    -2.159     0.000     0.562    -0.009     1.412    -0.789     0.000     0.043    -0.017     2.778    -0.155    -0.001    -2.145 

ddG: L6R     3.866     0.152    -0.263     4.316    -0.002    -1.919    -0.002     0.498     0.067     1.043    -0.730     0.000     0.010    -0.059     1.764    -0.084    -0.018    -0.905 

ddG: L6S     4.665     5.356    -0.645     0.575    -0.010    -1.780    -0.002     0.482     0.064     1.415    -0.780     0.000     0.255    -0.021     0.323    -0.048    -0.005    -0.513 

ddG: L6T     3.580     3.787    -0.167     1.083    -0.001    -1.791     0.008     0.453     0.076     1.421    -0.769     0.000     0.271     0.037    -0.064    -0.238     0.001    -0.527 

ddG: L6V     1.815     3.054     0.111    -1.580     0.008    -1.453     0.008     0.551     0.014     1.486    -0.034     0.000    -0.008     0.013    -0.102    -0.360    -0.064     0.172 

ddG: L6W    -1.312    -4.557    -0.148     1.782     0.025    -1.852     0.001     0.472     0.059     1.425    -0.786     0.000     0.176    -0.064     2.228    -0.464    -0.004     0.394 

ddG: L6Y    -0.468    -2.370    -0.060     0.958     0.020    -0.309     0.000     0.018    -0.032     0.002    -0.003     0.000     0.007    -0.049     1.843     0.080    -0.006    -0.567 

