ddG: description total fa_atr fa_rep fa_sol fa_intra_rep fa_elec pro_close hbond_sr_bb hbond_lr_bb hbond_bb_sc hbond_sc dslf_fa13 rama omega fa_dun p_aa_pp yhh_planarity ref 
ddG: L31A     0.234     0.246    -0.012     0.157    -0.019     0.024     0.004    -0.017     0.031     0.011     0.001     0.087     0.068    -0.155    -0.433     0.244     0.007    -0.011 

ddG: L31C     1.012    -0.188    -0.061     0.673    -0.004     0.099     0.005     0.164     0.006     0.010     0.515     0.134    -0.021     0.119    -0.222     0.053     0.029    -0.298 

ddG: L31D     0.962    -1.245     0.143     1.739    -0.004     0.290    -0.001    -0.021     0.000     0.128     0.596     0.119    -0.020    -0.102     1.492     0.105     0.019    -2.276 

ddG: L31E     0.112    -0.687     0.229     0.831    -0.007    -0.209    -0.004    -0.145    -0.002     0.138     0.073     0.093     0.188    -0.060     2.133     0.134     0.003    -2.598 

ddG: L31F     1.099    -1.683     0.132     0.835     0.021     0.145    -0.001    -0.064    -0.053     0.061     0.517     0.052     0.067     0.118     1.081     0.054     0.025    -0.207 

ddG: L31G     0.535    -0.844     0.120     0.030     0.019     0.265    -0.017    -0.699    -0.033     0.571     0.160     0.013     0.873    -0.477     0.923     0.195    -0.007    -0.556 

ddG: L31H     1.637    -2.628    -0.421     1.722     0.001     1.192    -0.006     0.044    -0.165     0.017     0.488     0.106    -0.183    -0.456     2.056     0.140     0.024    -0.295 

ddG: L31H     1.249    -1.711     0.025     1.613    -0.006     0.936    -0.003    -0.639     0.109     0.000     1.610     0.000    -0.270     0.266    -0.140    -0.244     0.000    -0.295 

ddG: L31I     0.767    -1.065     0.091     0.982     0.004     0.324    -0.002    -0.002     0.009     0.152     0.596     0.126    -0.051    -0.036    -0.452    -0.204     0.019     0.276 

ddG: L31K     0.320    -0.809     0.365     0.630    -0.010     0.064    -0.004    -0.102    -0.058     0.146     0.070     0.005     0.173     0.094     0.774     0.052     0.002    -1.072 

ddG: L31L    -0.121    -1.543    -0.740     1.316     0.000     0.125    -0.014     0.619    -0.144    -0.493     0.552     0.023    -0.176    -0.615     0.955     0.017    -0.001     0.000 

ddG: L31M     0.385    -1.597    -0.341     0.697    -0.005     0.563    -0.003    -0.055    -0.209     0.025    -0.043    -0.010     0.043    -0.397     2.075     0.182    -0.008    -0.535 

ddG: L31N     0.484    -0.444    -0.159     0.833    -0.010     0.277     0.005     0.126    -0.011     0.011     0.514     0.043     0.022    -0.153     1.124     0.160     0.009    -1.861 

ddG: L31P    -0.536    -2.440     0.335     0.937     0.014     0.473     0.123    -0.105    -0.185     0.537     0.023     0.007     0.643    -0.584     1.330    -0.639    -0.016    -0.990 

ddG: L31Q     0.057    -1.157     0.260     0.826    -0.009    -0.083    -0.003    -0.156    -0.040     0.147     0.074     0.010     0.139    -0.020     2.088     0.127    -0.002    -2.145 

ddG: L31R     0.849    -0.645     0.290     0.544     0.002     0.131    -0.003    -0.133    -0.044     0.126     0.074    -0.003     0.055    -0.047     1.316     0.092    -0.002    -0.905 

ddG: L31S     0.647    -0.923     0.212     1.148    -0.012     0.316    -0.006    -0.056    -0.033     0.138     0.601     0.041     0.109    -0.108    -0.515     0.221     0.029    -0.513 

ddG: L31T    -0.273    -0.432     0.275     0.431    -0.006    -0.103    -0.003    -0.151    -0.041     0.145     0.074     0.006     0.279    -0.012    -0.352     0.139     0.007    -0.527 

ddG: L31V     0.465    -0.440    -0.005     0.548    -0.005     0.571    -0.004    -0.022    -0.043    -0.028     1.474     0.005    -0.052     0.198    -1.614    -0.283    -0.005     0.172 

ddG: L31W    -2.393    -5.551    -0.411     1.331     0.011    -0.064     0.001    -0.106    -0.174    -0.499    -0.052     0.098    -0.024     0.407     2.373    -0.105    -0.021     0.394 

ddG: L31Y     0.079    -1.778    -0.171     1.207     0.012    -0.566    -0.015     0.486     0.041    -0.510     0.510     0.145     0.088     0.032     1.178    -0.020     0.007    -0.567 

