ddG: description total fa_atr fa_rep fa_sol fa_intra_rep fa_elec pro_close hbond_sr_bb hbond_lr_bb hbond_bb_sc hbond_sc dslf_fa13 rama omega fa_dun p_aa_pp yhh_planarity ref 
ddG: P93A     1.888    -0.491    -0.357     1.663    -0.006    -0.518    -0.085     0.047    -0.009    -0.016    -0.029     0.000    -0.410    -0.022     0.637     0.504     0.000     0.979 

ddG: P93C     2.356    -0.647    -0.354     1.868    -0.006    -0.524    -0.085     0.052    -0.004    -0.017    -0.029     0.000    -0.237    -0.026     0.921     0.753     0.000     0.692 

ddG: P93D     1.743     1.675    -0.244     0.163    -0.002     0.021    -0.085    -0.030    -0.005     0.020    -0.031     0.000    -0.067    -0.027     0.958     0.683     0.000    -1.286 

ddG: P93E     2.386     0.622    -0.239     0.596     0.005     0.244    -0.086     0.078    -0.014     0.002    -0.032     0.000    -0.325     0.098     2.652     0.392     0.000    -1.608 

ddG: P93F     3.598    -0.970    -0.312    -0.974     0.036     1.744    -0.092    -0.105    -0.039    -0.057     1.534     0.000     0.071     0.124     0.985     0.872     0.000     0.783 

ddG: P93G     3.267     5.386    -0.380    -4.802     0.002     2.374    -0.093    -0.149    -0.041    -0.073     1.525     0.000     0.283     0.243    -2.273     0.831     0.000     0.434 

ddG: P93H     3.313     2.200    -0.320    -3.277     0.008     2.277    -0.093    -0.163    -0.048    -0.041     1.524     0.000     0.143     0.208    -0.483     0.685     0.000     0.695 

ddG: P93H     2.997    -4.718    -0.280     4.537     0.004    -0.614    -0.089     0.072    -0.014    -0.006    -0.027     0.000    -0.131    -0.083     2.954     0.699     0.000     0.695 

ddG: P93I     3.705     2.625    -0.361    -2.826     0.038     1.570    -0.092    -0.120    -0.032    -0.058     1.532     0.000     0.286     0.109    -1.144     0.910     0.000     1.266 

ddG: P93K     1.586    -0.833    -0.393     1.813    -0.003    -0.606    -0.088     0.071    -0.022    -0.005    -0.030     0.000    -0.395     0.011     1.558     0.589     0.000    -0.082 

ddG: P93L     2.685     3.022    -0.535    -3.092     0.004     1.609    -0.093    -0.094    -0.054    -0.057     1.533     0.000    -0.057     0.250    -1.446     0.703     0.000     0.990 

ddG: P93M     2.250    -1.058    -0.356     1.965    -0.001    -0.599    -0.086     0.071    -0.010    -0.021    -0.031     0.000    -0.239    -0.014     1.490     0.685     0.000     0.455 

ddG: P93N     2.547     5.057    -0.257    -4.158     0.007     1.960    -0.092     0.106    -0.003     0.025     1.152     0.000    -0.191     0.154    -1.117     0.774     0.000    -0.871 

ddG: P93P     0.444    -2.878    -0.090     2.846    -0.001    -0.616     0.000     0.072    -0.003    -0.024    -0.032     0.000    -0.084    -0.081     1.292     0.043     0.000     0.000 

ddG: P93Q     2.049    -1.290    -0.313     2.204     0.009    -0.755    -0.087     0.055    -0.008    -0.022    -0.030     0.000    -0.241    -0.077     3.141     0.618     0.000    -1.155 

ddG: P93R     2.569    -0.858    -0.367     1.934     0.002    -0.585    -0.088     0.078    -0.016    -0.005    -0.033     0.000    -0.342    -0.023     2.133     0.655     0.000     0.084 

ddG: P93S     2.265    -2.054    -0.379     3.550    -0.001    -0.800    -0.085     0.124    -0.012    -0.006    -0.031     0.000    -0.410     0.083     1.359     0.450     0.000     0.477 

ddG: P93T     2.486     5.781    -0.281    -5.426     0.020     2.067    -0.092    -0.263    -0.034    -0.032     1.524     0.000     0.461     0.220    -2.756     0.835     0.000     0.462 

ddG: P93V     3.100     4.793    -0.142    -4.321     0.040     1.808    -0.090     0.052     0.016     0.023     1.155     0.000     0.034     0.006    -2.119     0.686     0.000     1.162 

ddG: P93W     1.226    -2.667    -0.163     0.809     0.038     1.606    -0.093    -1.086     0.163    -0.013     1.167     0.000    -0.436     0.097     0.320     0.101     0.000     1.384 

ddG: P93Y     2.544    -4.894    -0.217     4.060     0.032    -0.531    -0.086     0.095    -0.015    -0.024    -0.028     0.000    -0.154    -0.025     3.103     0.804     0.000     0.423 

