ddG: description total fa_atr fa_rep fa_sol fa_intra_rep fa_elec pro_close hbond_sr_bb hbond_lr_bb hbond_bb_sc hbond_sc dslf_fa13 rama omega fa_dun p_aa_pp yhh_planarity ref 
ddG: F22A     6.954    14.798    -1.209    -3.372    -0.028    -1.570     0.005     0.553    -0.048     1.410    -0.808     0.000     0.018     0.073    -2.392    -0.675     0.004     0.196 

ddG: F22C     8.451    12.508    -1.068    -0.831    -0.031    -1.519    -0.001     0.439     0.001     1.421    -0.776     0.000     0.209    -0.036    -1.586    -0.184    -0.004    -0.091 

ddG: F22D    13.248    10.296    -1.357     6.987    -0.029    -1.876     0.005     0.437     0.039     1.417    -0.777     0.000     0.074     0.155     0.364    -0.424     0.007    -2.069 

ddG: F22E     7.701     6.901    -0.870     7.373    -0.019    -2.944     0.013     0.575    -0.058    -0.299    -0.752     0.000    -0.180     0.080     0.770    -0.489    -0.009    -2.391 

ddG: F22F    -0.832     1.218    -0.293    -1.378     0.002    -1.539     0.001     0.558    -0.031     1.427    -0.784     0.000     0.022     0.058     0.148    -0.240    -0.001     0.000 

ddG: F22G     9.595    15.636    -0.830    -2.461    -0.031    -0.144     0.000    -0.024    -0.036    -0.017    -0.021     0.000     0.279    -0.063    -2.488     0.144     0.001    -0.349 

ddG: F22H     6.116     4.360    -1.091     3.294    -0.028    -1.499     0.002     0.421     0.030     1.425    -0.778     0.000     0.169     0.064     0.191    -0.357     0.001    -0.088 

ddG: F22H     5.581     3.987    -0.895     3.013    -0.028    -1.466    -0.002     0.468     0.013     1.410    -0.781     0.000     0.062    -0.009     0.152    -0.254    -0.001    -0.088 

ddG: F22I     6.303     7.201     0.974    -1.195    -0.004     0.075     0.001     0.203     0.012    -0.054    -0.119     0.000     0.044     0.205    -1.472    -0.051     0.000     0.483 

ddG: F22K     9.743     6.472    -0.968     6.958    -0.012    -1.853     0.002     0.578    -0.034     1.435    -1.982     0.000    -0.112    -0.025     0.542    -0.396     0.001    -0.865 

ddG: F22L     5.254     7.117     0.197    -1.083    -0.020    -1.350    -0.007     0.535     0.151     1.352    -0.679     0.000     0.016     0.250    -0.925    -0.490    -0.015     0.207 

ddG: F22M     5.148     7.144    -0.788    -0.402    -0.026    -1.237     0.000     0.534     0.065     1.311    -0.719     0.000     0.002    -0.009     0.059    -0.435    -0.024    -0.328 

ddG: F22N    10.362     9.813    -1.035     1.332    -0.024    -0.754     0.001     0.517    -0.052     1.481    -0.074     0.000     0.206    -0.020     0.859    -0.171    -0.065    -1.654 

ddG: F22P    15.179    11.940     3.168    -3.304    -0.031    -1.890     1.353     0.838     0.233     1.339    -0.830     0.000     0.647     0.979     0.433     1.111    -0.022    -0.783 

ddG: F22Q     4.557     6.492    -1.100     3.826    -0.022    -0.913     0.001     0.505     0.003    -0.128    -1.584     0.000    -0.076     0.070    -0.037    -0.538    -0.005    -1.938 

ddG: F22R    12.411    -0.416     0.152    14.027    -0.001    -0.073    -0.002    -0.096    -0.069    -0.955    -0.313     0.000    -0.114    -0.066     1.260    -0.219    -0.006    -0.698 

ddG: F22S     7.886    14.281    -1.247    -1.528    -0.027    -1.891     0.001     0.698    -0.026     0.463    -0.068     0.000    -0.087     0.122    -2.113    -0.323    -0.063    -0.306 

ddG: F22T     6.830    12.083    -1.017     1.012    -0.019    -2.185     0.005     0.453     0.070     0.103    -0.812     0.000     0.246     0.120    -2.555    -0.357     0.002    -0.321 

ddG: F22V     7.940    10.775     0.311    -2.050    -0.007    -1.145    -0.003     0.215     0.240     1.560    -0.790     0.000     0.189     0.458    -2.244     0.060    -0.007     0.379 

ddG: F22W     1.181    -6.093     2.390     4.160     0.006    -0.156    -0.006    -0.031    -0.068    -0.016    -0.029     0.000     0.054    -0.075     0.382     0.085    -0.024     0.601 

ddG: F22Y     1.092    -1.439    -0.017     2.968     0.001     0.015     0.000     0.000    -0.053    -0.020    -0.009     0.000    -0.057    -0.049     0.074     0.041    -0.004    -0.360 

