ddG: description total fa_atr fa_rep fa_sol fa_intra_rep fa_elec pro_close hbond_sr_bb hbond_lr_bb hbond_bb_sc hbond_sc dslf_fa13 rama omega fa_dun p_aa_pp yhh_planarity ref 
ddG: C126A     0.732     1.249    -0.150    -1.226     0.001     1.331    -0.024    -0.182     0.123     0.082     0.058     0.000    -0.308     0.332    -0.701    -0.152     0.014     0.287 

ddG: C126C     0.175    -2.110     1.992     2.231    -0.014    -1.177    -0.010    -0.119     0.249    -0.491    -2.798     0.000    -0.235     0.582     2.078    -0.012     0.007     0.000 

ddG: C126D     2.673    -6.032     0.681     9.930    -0.010    -1.127     0.017     0.042     0.194    -1.929     0.031     0.000    -0.027     0.281     2.358     0.239     0.004    -1.978 

ddG: C126E     2.888    -5.780     0.146     9.227     0.004    -1.368    -0.010     0.055    -0.026    -0.187    -0.857     0.000    -0.486    -0.055     4.222     0.290     0.013    -2.300 

ddG: C126F    -1.216    -7.567     1.413    -0.090     0.023     1.502     0.092    -0.034     0.162    -0.035     0.001     0.000    -0.170     0.525     2.737     0.122     0.012     0.091 

ddG: C126G     4.525     2.785     1.901    -1.209    -0.001     0.242    -0.036    -0.091     0.401     1.095    -2.812     0.000     0.031     0.317     1.943     0.207     0.012    -0.258 

ddG: C126H     1.180    -6.983     0.956     3.515    -0.014     1.312     0.096    -0.164    -0.044     0.104    -0.294     0.000    -0.151     0.630     2.490    -0.283     0.006     0.003 

ddG: C126H     0.592    -5.777     0.454     2.040    -0.012     0.537     0.096     0.107    -0.056    -0.052    -0.050     0.000    -0.047     0.031     3.208     0.095     0.014     0.003 

ddG: C126I    -2.570    -3.609     0.471    -0.858     0.031     0.181     0.017     0.060     0.023    -0.138    -0.086     0.000     0.071     0.029     0.360     0.294     0.012     0.574 

ddG: C126K     0.034    -1.917    -0.136     1.905     0.007     0.231    -0.033     0.096    -0.068    -0.067    -0.074     0.000    -0.193    -0.020     0.923     0.155    -0.001    -0.774 

ddG: C126L    -0.601    -3.471     2.559    -0.193    -0.020    -1.065     0.074    -0.003     0.202    -0.467    -2.831     0.000    -0.215     0.776     3.534     0.214     0.008     0.298 

ddG: C126M    -0.542    -2.760     0.922     1.157    -0.017    -1.722     0.019     0.611     0.015     0.631    -3.260     0.000    -0.471     0.315     3.874     0.392    -0.010    -0.237 

ddG: C126N     1.668    -1.390    -0.064     1.180     0.009     1.278     0.018    -0.187     0.123     0.061     0.030     0.000    -0.017     0.477     1.616     0.083     0.013    -1.563 

ddG: C126P     2.367    -0.550     3.404    -2.009    -0.003     0.130     0.159     0.012    -0.053    -0.360    -0.254     0.000    -0.358     0.564     3.362    -1.000     0.015    -0.692 

ddG: C126Q    -0.898    -2.689    -0.038     1.552     0.001    -0.115     0.007     0.074    -0.094    -1.012    -0.075     0.000    -0.096    -0.188     3.386     0.236    -0.002    -1.847 

ddG: C126R     2.631    -4.398     0.372     4.497     0.019     1.776    -0.036    -0.139    -0.104     0.100    -0.369     0.000    -0.303     0.501     1.501    -0.181     0.003    -0.607 

ddG: C126S     1.819     0.359     0.416     1.434     0.000     0.710    -0.021    -0.139    -0.068    -0.031    -0.414     0.000    -0.254     0.506    -0.227    -0.245     0.006    -0.215 

ddG: C126T     1.074    -0.698    -0.550     0.770     0.010     0.344     0.039     0.506    -0.009     0.921    -0.536     0.000    -0.043     0.399    -0.121     0.277    -0.006    -0.229 

ddG: C126V    -2.188    -4.205     2.801     1.337     0.008    -1.380    -0.014    -0.025     0.058    -0.494    -3.216     0.000    -0.301     0.779     1.804     0.186     0.003     0.470 

ddG: C126W    -0.601   -11.671     2.411     6.601     0.029    -1.261     0.009     0.078     0.156     1.231    -2.686     0.000    -0.312    -0.002     4.309    -0.201     0.016     0.692 

ddG: C126Y    -1.523    -8.421     3.055     1.662     0.000    -0.685     0.116     0.006     0.222    -0.419    -2.778     0.000    -0.191     0.516     5.384     0.267     0.012    -0.269 

