ddG: description total fa_atr fa_rep fa_sol fa_intra_rep fa_elec pro_close hbond_sr_bb hbond_lr_bb hbond_bb_sc hbond_sc dslf_fa13 rama omega fa_dun p_aa_pp yhh_planarity ref 
ddG: L19A     4.361     6.678    -0.497    -1.101    -0.001     0.036    -0.002    -0.034     0.038    -0.025    -0.014     0.000    -0.105    -0.029    -0.496    -0.117     0.043    -0.011 

ddG: L19C     4.827     5.056    -0.409     0.556    -0.001    -0.071     0.001    -0.016     0.005    -0.039    -0.150     0.000     0.144     0.006    -0.389     0.397     0.036    -0.298 

ddG: L19D     8.453     0.993    -0.304     9.003     0.001    -0.176    -0.010    -0.083    -0.016    -0.005    -0.045    -0.003     0.027    -0.011     1.115     0.223     0.020    -2.276 

ddG: L19E     2.841    -0.678    -0.160     7.919     0.015    -2.898     0.001    -0.112     0.020    -0.002    -3.035    -0.003    -0.091    -0.023     4.472     0.012     0.003    -2.598 

ddG: L19F     1.593    -2.170     0.375     2.954     0.037    -0.626    -0.008    -0.201     0.362    -0.728     0.034     0.001    -0.036     0.086     1.641    -0.009     0.088    -0.207 

ddG: L19G     5.768     8.949    -0.390    -1.590     0.003    -0.585    -0.011    -0.120    -0.030    -0.059    -0.073     0.002     0.372    -0.034    -0.535     0.396     0.030    -0.556 

ddG: L19H     4.853    -2.321     1.300     3.853    -0.006     0.010     0.019     0.123     0.071    -0.112    -0.020    -0.015     0.027     0.181     1.771     0.219     0.049    -0.295 

ddG: L19H     4.849    -2.325     1.328     3.825    -0.006     0.039     0.022     0.127     0.070    -0.097    -0.030    -0.014     0.036     0.127     1.773     0.223     0.048    -0.295 

ddG: L19I     1.055     0.405    -0.049     0.771     0.019    -0.105     0.004    -0.087     0.015     0.001    -0.008    -0.001     0.119    -0.091    -0.301     0.058     0.026     0.276 

ddG: L19K     7.044     3.028    -0.128     2.772     0.024    -0.499    -0.006    -0.186    -0.062    -0.057    -0.012     0.002     0.015     0.042     3.128     0.015     0.040    -1.072 

ddG: L19L     0.333     0.243    -0.119    -0.015    -0.001     0.248    -0.005    -0.015    -0.006    -0.011     0.052    -0.002    -0.010    -0.049     0.023    -0.008     0.006     0.000 

ddG: L19M     2.616     0.696     0.413     1.210    -0.003    -0.130     0.004    -0.143    -0.058    -0.001    -0.125     0.001     0.282     0.015     0.940     0.052    -0.002    -0.535 

ddG: L19N     4.622     1.125    -0.534     4.597    -0.004     0.102    -0.002     0.030     0.074     0.024    -0.003    -0.001     0.112    -0.085     0.732     0.267     0.048    -1.861 

ddG: L19P    10.984     3.607     4.799    -1.481    -0.001    -0.144     0.212     1.819    -0.005    -0.094    -0.025     0.002     1.001     1.805     0.381     0.048     0.050    -0.990 

ddG: L19Q     3.609    -0.517     0.146     5.260    -0.005    -0.745     0.009    -0.020     0.043    -0.041    -1.164     0.004     0.064    -0.065     2.746    -0.023     0.062    -2.145 

ddG: L19R     4.441     0.469    -0.115     6.361     0.021    -1.270    -0.002    -0.149    -0.062    -0.108    -1.511    -0.002     0.053    -0.070     1.768    -0.054     0.017    -0.905 

ddG: L19S     4.481     6.138    -0.275     1.014     0.003    -1.070    -0.004    -0.009     0.051    -0.076    -1.329     0.004     0.006    -0.043     0.352     0.141     0.092    -0.513 

ddG: L19T     5.476     5.342    -0.348     1.419     0.013    -0.358    -0.001    -0.095    -0.015    -0.020    -0.002     0.002     0.156     0.005    -0.385     0.260     0.030    -0.527 

ddG: L19V     2.787     3.140    -0.205     0.163     0.021    -0.197    -0.002    -0.150    -0.021    -0.033    -0.129     0.000     0.240    -0.010    -0.413     0.195     0.015     0.172 

ddG: L19W     1.185    -4.872     0.318     5.053     0.037    -0.776    -0.014    -0.190     0.318    -0.728     0.031     0.000    -0.215     0.140     1.635    -0.004     0.059     0.394 

ddG: L19Y     1.477    -2.608     0.380     3.784     0.037    -0.817    -0.011    -0.205     0.355    -0.792     0.051    -0.002     0.000     0.135     1.644     0.010     0.083    -0.567 

