ddG: description total fa_atr fa_rep fa_sol fa_intra_rep fa_elec pro_close hbond_sr_bb hbond_lr_bb hbond_bb_sc hbond_sc dslf_fa13 rama omega fa_dun p_aa_pp yhh_planarity ref 
ddG: V33A     3.906     9.008    -0.924    -5.595    -0.008     2.411    -0.003    -1.376     0.202    -0.031     1.602     0.000     0.302     0.018    -1.609     0.093    -0.001    -0.183 

ddG: V33C     4.815     0.046    -0.712     4.468    -0.012    -0.566     0.002     0.066     0.036     0.014    -0.040     0.000    -0.065    -0.405     2.242     0.212    -0.001    -0.470 

ddG: V33D     9.450    -4.400    -0.159    13.349     0.004    -0.518    -0.001     0.030    -0.098     0.037    -0.067     0.000     0.185     0.241     2.906     0.387     0.001    -2.448 

ddG: V33E    10.319     0.358     0.684     6.051    -0.003     1.942    -0.007    -0.176     0.132    -0.016     1.406     0.000     0.414     0.481     1.286     0.533     0.004    -2.769 

ddG: V33F     6.592   -10.751     8.248     4.903     0.020     0.004    -0.007    -1.526     0.111     0.060     0.022     0.000     0.110     0.901     4.496     0.374     0.007    -0.379 

ddG: V33G     8.334     9.118    -1.014    -3.183    -0.011     1.633    -0.003    -0.102     0.034    -0.057     1.576     0.000     0.815    -0.137    -0.602     0.994     0.000    -0.728 

ddG: V33H     5.373    -7.287     2.953     6.883    -0.005     0.107    -0.005    -0.191     0.040    -0.026    -0.037     0.000     0.208    -0.045     2.714     0.528     0.003    -0.467 

ddG: V33H     5.638    -7.266     2.957     6.875    -0.005     0.324    -0.002    -0.195     0.046    -0.027    -0.038     0.000     0.230    -0.057     2.731     0.529     0.003    -0.467 

ddG: V33I     0.132    -3.278     0.416     0.810     0.010    -0.080     0.002    -0.018    -0.094    -0.001    -0.011     0.000    -0.033    -0.189     2.622    -0.128    -0.002     0.105 

ddG: V33K    13.171    -7.548     4.037    11.314     0.026    -0.908     0.000     0.008     0.083     0.107    -0.539     0.000    -0.015    -0.196     7.790     0.255     0.000    -1.244 

ddG: V33L     8.926     0.819     2.980    -2.354    -0.003     1.896    -0.003    -0.126    -0.124    -0.069     1.952     0.000     0.216     0.599     2.496     0.824    -0.003    -0.172 

ddG: V33M     9.658     1.815     3.645    -1.522     0.004     2.262    -0.009     0.107     0.354    -0.028     1.098     0.000    -0.070     0.272     1.579     0.856     0.001    -0.706 

ddG: V33N     5.421     1.542    -0.360     2.260    -0.001     1.464    -0.004     0.118    -0.004     0.064     1.042     0.000     0.195     0.176     0.393     0.565     0.002    -2.032 

ddG: V33P     6.430     9.902    -0.648    -9.613    -0.001     5.521     0.450    -1.289     0.574    -0.033     2.878     0.000     0.377     0.680    -0.561    -0.645    -0.001    -1.162 

ddG: V33Q     5.895    -7.196     0.284     9.509    -0.003    -0.590     0.001     0.007     0.114     0.033    -0.025     0.000     0.101    -0.201     5.659     0.517     0.003    -2.317 

ddG: V33R    22.812    -9.049     8.093    14.710     0.038     1.813    -0.015     0.001     0.345     0.050     1.364     0.000    -0.104     1.581     4.571     0.478     0.012    -1.077 

ddG: V33S     5.832     5.138    -0.939     0.965     0.007     0.865    -0.005    -1.102     0.241     0.005     1.224     0.000     0.137    -0.108    -0.371     0.461     0.000    -0.685 

ddG: V33T     4.347     5.786    -0.606    -2.517     0.000     2.337    -0.003    -0.172    -0.044     0.000     1.570     0.000     0.340    -0.064    -1.801     0.219    -0.001    -0.699 

ddG: V33V     1.202     3.331     0.045    -3.592     0.008     1.929    -0.004     0.108     0.005     0.015     1.182     0.000    -0.022     0.041    -1.870     0.026     0.000     0.000 

ddG: V33W    11.461    -6.831     6.605     1.436     0.037     3.599     0.002     0.002     0.271    -0.110     1.550     0.000     0.033     0.519     3.293     0.830     0.001     0.222 

ddG: V33Y    10.662    -6.181     5.288     0.602     0.024     3.111    -0.002    -0.203     0.287     0.589     1.484     0.000    -0.132     0.945     5.026     0.309     0.253    -0.739 

