ddG: description total fa_atr fa_rep fa_sol fa_intra_rep fa_elec pro_close hbond_sr_bb hbond_lr_bb hbond_bb_sc hbond_sc dslf_fa13 rama omega fa_dun p_aa_pp yhh_planarity ref 
ddG: L41A     4.733     7.780    -1.007    -1.526     0.003     0.320     0.000     0.430    -0.208     0.473    -0.564    -0.057     0.459    -0.564    -1.060     0.188     0.079    -0.011 

ddG: L41C     6.219     6.460    -1.093     0.151     0.004    -0.069     0.005     0.585    -0.201     0.397    -0.603    -0.033     0.685    -0.497     0.198     0.450     0.078    -0.298 

ddG: L41D     9.657     2.144    -1.289     8.804     0.005    -0.189    -0.016     1.060    -0.118    -0.027    -0.503     0.033     0.475    -0.766     1.993     0.294     0.033    -2.276 

ddG: L41E     8.267    -0.915    -0.612     9.103     0.013     0.197     0.006     0.467    -0.194     0.449    -0.504    -0.051     0.411    -0.601     2.879     0.231    -0.014    -2.598 

ddG: L41F     1.962    -5.969     1.234     0.563     0.026     1.293     0.056     0.312    -0.248     0.516     1.034    -0.057     0.067     0.158     2.860     0.159     0.166    -0.207 

ddG: L41G     7.710    10.522    -1.816    -2.266     0.004     0.813     0.004     0.572    -0.327     0.490    -0.581     0.020     0.680    -0.880     0.114     0.749     0.170    -0.556 

ddG: L41H     5.306    -3.203     0.276     4.481     0.002     0.326     0.043     0.614    -0.168     0.418     0.932     0.026     0.372     0.324     0.837     0.204     0.117    -0.295 

ddG: L41H     4.490    -4.928     1.145     5.625     0.048    -0.435    -0.021     0.813    -0.157    -0.258    -0.643     0.051     0.832    -0.379     2.814     0.287    -0.009    -0.295 

ddG: L41I     5.785     1.032     2.024    -0.025     0.040     0.795    -0.039    -0.332     0.017     0.646    -0.992    -0.072     0.754    -0.107     1.780     0.033    -0.045     0.276 

ddG: L41K     9.846    -2.751     0.316     9.428     0.024     0.180    -0.008     0.536    -0.226     0.506     0.004    -0.020     0.300    -0.647     2.843     0.370     0.063    -1.072 

ddG: L41L     2.185     0.529    -0.083     0.009    -0.007     0.537    -0.019     1.159    -0.136    -0.095     1.502    -0.009     0.078    -0.040    -1.238    -0.003     0.001     0.000 

ddG: L41M     3.392    -0.316    -0.396     1.285     0.014     0.815    -0.008     0.510    -0.173     0.287     0.902    -0.049     0.287    -0.216     0.742     0.199     0.044    -0.535 

ddG: L41N     7.611     1.035    -1.801     4.817     0.012     1.326    -0.002     0.691    -0.386     0.339     0.852    -0.081     0.459    -0.542     2.438     0.304     0.012    -1.861 

ddG: L41P     7.854     2.368     3.187     0.449     0.002     0.547     0.122     0.506    -0.166     1.038     0.030     0.004     0.521     0.161    -0.397     0.403     0.067    -0.990 

ddG: L41Q     4.569    -2.283    -1.167     6.311     0.020     0.186    -0.021     1.013    -0.316    -0.097    -0.540    -0.069     0.314    -1.079     4.274     0.210    -0.043    -2.145 

ddG: L41R     9.124    -6.976    -0.059    13.468     0.027     0.011     0.035     0.865    -0.323    -0.245     0.860     0.014     0.202    -0.127     2.219     0.029     0.029    -0.905 

ddG: L41S     7.019     6.982    -0.889     0.899     0.006    -0.313     0.001     0.345    -0.190     0.542    -0.525     0.017     0.654    -0.574     0.021     0.484     0.070    -0.513 

ddG: L41T     7.223     7.607    -0.682    -0.808     0.025     1.973     0.033     0.267    -0.200     0.299     0.053    -0.058     0.881    -0.577    -1.457     0.322     0.075    -0.527 

ddG: L41V     4.999     3.381     0.516     0.015     0.017     0.535    -0.005     0.440    -0.149    -0.073     0.885    -0.069     0.689     0.031    -1.627     0.242    -0.002     0.172 

ddG: L41W     4.230   -12.910     5.933     3.842     0.104     1.225     0.004     0.236    -0.081     0.624     0.883     0.059     0.315     0.059     3.458     0.034     0.051     0.394 

ddG: L41Y     4.774    -8.281     2.486     5.445     0.040     0.589     0.073     0.311    -0.086     0.143     1.635    -0.019     0.036     0.716     1.878     0.078     0.295    -0.567 

