ddG: description total fa_atr fa_rep fa_sol fa_intra_rep fa_elec pro_close hbond_sr_bb hbond_lr_bb hbond_bb_sc hbond_sc dslf_fa13 rama omega fa_dun p_aa_pp yhh_planarity ref 
ddG: N49A    -0.475     0.756     0.146    -0.830    -0.009    -0.217     0.003    -0.068     0.017    -0.004    -0.001     0.000    -0.288    -0.126    -1.851     0.141     0.007     1.849 

ddG: N49C    -0.671     0.632     0.028    -0.661    -0.008    -0.342     0.002    -0.040     0.001    -0.012     0.011    -0.001    -0.219    -0.094    -1.613     0.080     0.003     1.563 

ddG: N49D     0.338     0.370    -0.142     0.695     0.003     0.029     0.001    -0.037     0.005    -0.055     0.009     0.000    -0.005    -0.011     0.121    -0.238     0.009    -0.415 

ddG: N49E    -0.663     0.243     0.341    -0.081    -0.002    -0.468    -0.003    -0.074     0.017     0.005     0.004     0.000    -0.233    -0.236     0.565     0.057    -0.063    -0.737 

ddG: N49F    -1.034    -2.047     0.011    -0.055     0.020    -0.359     0.003    -0.061     0.012    -0.007    -0.021     0.000    -0.261    -0.002    -0.116     0.188     0.007     1.654 

ddG: N49G     0.222     1.109     0.281    -0.865    -0.009    -0.317     0.000    -0.038     0.020    -0.003     0.001     0.000     0.276    -0.257    -1.841     0.625    -0.063     1.304 

ddG: N49H     0.868    -0.849    -0.066     0.205     0.002     0.524     0.002    -0.054    -0.003    -0.043     0.276    -0.001    -0.240    -0.304    -0.242     0.082     0.013     1.566 

ddG: N49H     0.771    -1.258     0.265     0.635     0.003     0.411    -0.006    -0.067    -0.002    -0.119     0.276    -0.002    -0.227    -0.456    -0.214     0.032    -0.067     1.566 

ddG: N49I    -0.655     0.674    -0.102    -1.059     0.010    -0.327    -0.001    -0.012     0.019    -0.032     0.021    -0.001    -0.215    -0.064    -1.634    -0.086     0.016     2.137 

ddG: N49K    -0.836     0.692    -0.059    -0.713    -0.004    -0.294     0.000    -0.051     0.008    -0.036     0.037    -0.001    -0.221    -0.124    -0.907     0.032     0.016     0.789 

ddG: N49L    -0.722    -0.011    -0.032    -0.607    -0.001    -0.027     0.001    -0.072    -0.010    -0.018    -0.024     0.002    -0.096    -0.150    -1.601     0.072    -0.009     1.861 

ddG: N49M    -0.227    -0.327     0.014    -0.232    -0.004    -0.270     0.002    -0.012     0.019    -0.008    -0.005    -0.001    -0.210    -0.050    -0.599     0.124     0.006     1.326 

ddG: N49N    -0.081    -0.015     0.011     0.020     0.000     0.006     0.002     0.002     0.009    -0.029    -0.053    -0.002     0.015    -0.050    -0.013     0.015     0.001     0.000 

ddG: N49P    -1.873     0.373     0.716    -0.779    -0.008    -0.317     0.014    -0.095     0.015     0.065    -0.002    -0.002    -0.195    -0.293    -1.712    -0.462    -0.062     0.871 

ddG: N49Q     0.658    -1.123     0.016     1.125     0.002     0.259     0.003    -0.042     0.000    -0.071     0.258     0.000    -0.150    -0.234     0.782     0.117    -0.001    -0.284 

ddG: N49R     0.294     0.208     0.304     0.007     0.002    -0.383     0.000    -0.046     0.011    -0.001     0.005     0.000    -0.187    -0.297    -0.269     0.046    -0.062     0.955 

ddG: N49S    -0.553     0.691     0.111    -0.514    -0.008    -0.534     0.002    -0.045     0.004     0.049     0.005     0.000    -0.168    -0.109    -1.570     0.180     0.005     1.348 

ddG: N49T    -1.072     0.856    -0.030    -0.915    -0.002    -0.331     0.002    -0.056     0.010    -0.027     0.034    -0.001    -0.143    -0.139    -1.811     0.130     0.017     1.333 

ddG: N49V    -0.912     0.365     0.026    -0.807     0.005    -0.331     0.000    -0.008     0.007    -0.006    -0.002     0.000    -0.220    -0.078    -1.831    -0.069     0.005     2.032 

ddG: N49W    -0.226    -2.355     0.110     0.519     0.016    -0.244     0.000    -0.037     0.014    -0.018     0.007    -0.001    -0.260    -0.029    -0.294     0.092     0.000     2.255 

ddG: N49Y    -1.404    -2.110     0.043     0.270     0.020    -0.423     0.002    -0.048     0.007    -0.008    -0.009     0.000    -0.274    -0.085    -0.202     0.111     0.007     1.294 

