ddG: description total fa_atr fa_rep fa_sol fa_intra_rep fa_elec pro_close hbond_sr_bb hbond_lr_bb hbond_bb_sc hbond_sc dslf_fa13 rama omega fa_dun p_aa_pp yhh_planarity ref 
ddG: G36A     4.908    -1.709     1.325     0.626     0.013     0.800     0.000     0.007     0.160    -0.175    -0.026     0.000     0.867     1.507     0.037     0.922     0.010     0.545 

ddG: G36C     4.676    -1.118    -0.117     0.521     0.005    -0.204     0.000     0.168     0.115    -0.352    -0.258     0.000     0.711     1.103     2.896     0.933     0.015     0.258 

ddG: G36D     6.030    -2.135    -1.166     3.926    -0.003    -0.104     0.003     0.668     0.017     0.625    -0.749     0.000     0.234     1.479     4.512     0.431     0.011    -1.720 

ddG: G36E     4.012    -2.624     3.064     1.256     0.002    -1.022    -0.008     0.041     0.245    -0.557    -2.670     0.000     0.614     1.518     5.145     1.043     0.008    -2.041 

ddG: G36F     4.159    -4.192     1.278     1.503     0.040     0.853    -0.002     0.038     0.162    -0.192    -0.034     0.000     0.661     1.642     1.621     0.421     0.011     0.349 

ddG: G36G     0.704    -0.301     1.111     0.161    -0.015    -0.732    -0.005     0.318     0.141     0.589    -3.413     0.000    -0.466     0.844     2.551    -0.082     0.004     0.000 

ddG: G36H     3.325    -3.551     1.222     2.072     0.010    -0.509     0.003     0.169    -0.021    -0.170    -0.064     0.000     0.783     1.043     1.511     0.564     0.000     0.261 

ddG: G36H     3.957    -4.350     1.388     1.984     0.015     0.700     0.000    -0.039     0.179    -0.137    -0.033     0.000     0.694     1.477     1.381     0.426     0.010     0.261 

ddG: G36I     8.199    -1.226     0.631     0.286     0.295     0.195     0.005     0.486    -0.075     0.979    -0.492     0.000     1.686     1.368     0.887     2.344    -0.004     0.833 

ddG: G36K     2.787    -1.259     1.020     0.079     0.014    -0.085     0.002     0.258    -0.030    -0.215    -0.101     0.000     0.697     1.114     1.257     0.552     0.001    -0.516 

ddG: G36L     5.130    -2.419     2.287     1.859    -0.008    -0.897    -0.003     0.402     0.121     0.658    -3.128     0.000     0.606     1.760     2.260     1.072     0.004     0.556 

ddG: G36M     3.482    -2.400     2.837     0.392    -0.001    -1.055    -0.012     0.110     0.254    -0.402    -2.714     0.000     0.605     1.580     3.390     0.865     0.009     0.022 

ddG: G36N     3.165    -1.228     0.207     1.210     0.008    -0.147     0.008     0.668    -0.086     0.870    -0.558     0.000     0.264     1.374     1.809     0.077    -0.005    -1.304 

ddG: G36P   107.086    -3.696    74.363     0.027     0.019    -0.743     7.413     1.865     0.198    -0.404    -0.288     0.000     2.558     7.464    16.625     2.100     0.018    -0.434 

ddG: G36Q     3.717    -2.935     1.362     0.600     0.022     0.923    -0.002    -0.032     0.172    -0.149    -0.062     0.000     0.761     1.472     2.444     0.718     0.011    -1.589 

ddG: G36R     4.878    -1.816    -0.290     1.879     0.012    -0.392    -0.002     0.226     0.123    -0.380    -0.229     0.000     0.443     1.303     3.764     0.570     0.016    -0.349 

ddG: G36S     5.036    -0.503    -0.325     0.574     0.005    -0.077    -0.003     0.225     0.081    -0.385    -0.273     0.000     0.682     1.196     2.945     0.832     0.016     0.043 

ddG: G36T     5.972    -1.801     2.747     1.545     0.116    -1.752    -0.008     0.179     0.050    -0.564    -2.692     0.000     1.289     0.883     3.877     2.062     0.013     0.029 

ddG: G36V     7.299    -2.565     1.741     0.044     0.226     0.554    -0.003     0.194     0.216    -0.123    -0.384     0.000     1.965     1.469     1.042     2.184     0.011     0.728 

ddG: G36W     4.311    -5.535     1.473     1.650     0.037    -0.301     0.003     0.160     0.065    -0.164    -0.099     0.000     1.009     1.212     2.830     1.022     0.000     0.950 

ddG: G36Y     3.484    -3.731     1.205     0.372     0.043     0.986    -0.002     0.064     0.170    -0.181    -0.062     0.000     0.678     1.578     1.890     0.473     0.011    -0.011 

