ddG: description total fa_atr fa_rep fa_sol fa_intra_rep fa_elec pro_close hbond_sr_bb hbond_lr_bb hbond_bb_sc hbond_sc dslf_fa13 rama omega fa_dun p_aa_pp yhh_planarity ref 
ddG: P45A     2.680     2.113    -0.350    -0.410    -0.001    -0.037    -0.110     0.014     0.005    -0.008     0.070     0.000     0.087    -0.022    -0.298     0.629     0.019     0.979 

ddG: P45C     2.913     1.173    -0.007     0.853     0.000    -0.242    -0.108     0.015    -0.007    -0.013    -0.015     0.000     0.077    -0.113     0.128     0.480    -0.002     0.692 

ddG: P45D     4.195     1.150    -0.353     2.551     0.003    -0.291    -0.109     0.024    -0.012    -0.003     0.017     0.000     0.044    -0.044     1.733     0.770     0.001    -1.286 

ddG: P45E     3.460     0.603    -0.303     2.616     0.006    -1.162    -0.110     0.069    -0.030     0.034     0.036     0.000     0.284    -0.126     2.708     0.450    -0.007    -1.608 

ddG: P45F     1.799    -8.192    -0.022     5.501     0.028    -0.191    -0.123     0.019    -0.021    -0.150     0.029     0.001     0.238     0.212     2.473     1.197     0.016     0.783 

ddG: P45G     4.483     3.355    -0.249    -0.574    -0.002     0.255    -0.113     0.004    -0.007    -0.012     0.098     0.000     0.532    -0.167    -0.300     1.230     0.000     0.434 

ddG: P45H     4.510    -0.922    -0.150     1.933     0.002    -0.197    -0.111     0.026     0.019    -0.051     0.047     0.000     0.179    -0.111     2.494     0.649     0.009     0.695 

ddG: P45H     4.626    -0.516    -0.071     1.518     0.002    -0.069    -0.105    -0.002    -0.001     0.006    -0.044     0.003     0.222    -0.097     2.374     0.718    -0.008     0.695 

ddG: P45I     3.322     0.580    -0.265     0.625     0.023    -0.036    -0.107    -0.017     0.006    -0.019    -0.018     0.002     0.193     0.061     0.240     0.803    -0.018     1.266 

ddG: P45K     3.708     0.932    -0.257     1.289     0.003     0.165    -0.113    -0.007     0.001     0.024    -0.064     0.000     0.081    -0.070     1.007     0.780     0.020    -0.082 

ddG: P45L     3.474     0.510    -0.298     0.952     0.008    -0.007    -0.110     0.024    -0.005     0.019     0.054     0.001     0.173    -0.060     0.307     0.907     0.010     0.990 

ddG: P45M     3.706    -1.082    -0.028     1.912     0.003     0.111    -0.111     0.012    -0.019     0.051     0.078     0.000     0.310    -0.218     1.343     0.894    -0.002     0.455 

ddG: P45N     3.488     0.694    -0.153     1.288     0.004    -0.038    -0.109    -0.008    -0.009     0.018    -0.099     0.002     0.289    -0.153     1.664     0.948     0.021    -0.871 

ddG: P45P    -0.012     0.002     0.074    -0.058     0.000     0.025    -0.002    -0.022    -0.024     0.054    -0.102     0.001     0.076    -0.015    -0.059     0.037     0.001     0.000 

ddG: P45Q     2.397    -0.763     0.005     2.053     0.012    -0.326    -0.111    -0.022    -0.013    -0.481    -0.061     0.000     0.203    -0.122     2.453     0.752    -0.027    -1.155 

ddG: P45R     5.431     1.071    -0.324     1.846     0.008     0.477    -0.112    -0.015    -0.065     0.017     0.081    -0.001     0.009    -0.035     1.569     0.815     0.005     0.084 

ddG: P45S     3.968     1.850    -0.243     0.547     0.001     0.054    -0.112     0.016    -0.010     0.008     0.061     0.001     0.163    -0.054     0.455     0.759    -0.005     0.477 

ddG: P45T     2.966     1.153    -0.194     0.980     0.009    -0.098    -0.112     0.009    -0.023    -0.001     0.057     0.000     0.154    -0.077    -0.049     0.707    -0.011     0.462 

ddG: P45V     3.059     0.589    -0.200     0.661     0.018    -0.071    -0.110    -0.002    -0.014     0.022    -0.029     0.000     0.111     0.067     0.022     0.831     0.002     1.162 

ddG: P45W     1.632    -9.646     0.035     7.330     0.026    -0.332    -0.126     0.016    -0.034    -0.174     0.016     0.000     0.287     0.162     1.601     1.074     0.014     1.384 

ddG: P45Y     3.959    -0.914    -0.236     1.480     0.027    -0.091    -0.111     0.037     0.034    -0.058     0.038    -0.001     0.110    -0.061     2.424     0.803     0.053     0.423 

