ddG: description total fa_atr fa_rep fa_sol fa_intra_rep fa_elec pro_close hbond_sr_bb hbond_lr_bb hbond_bb_sc hbond_sc dslf_fa13 rama omega fa_dun p_aa_pp yhh_planarity ref 
ddG: G66A     3.647    -2.779     1.355     1.417     0.002     0.220    -0.005    -0.011     0.067     0.022     0.091    -0.003     0.885     0.687     0.248     0.900     0.006     0.545 

ddG: G66C     5.911    -4.029     2.450     3.296     0.002    -0.606     0.011    -0.141     0.219    -0.419     0.104    -0.002     0.796     1.371     1.404     1.198     0.000     0.258 

ddG: G66D     8.616    -7.645     1.387     9.366     0.002     0.737    -0.028    -0.289     0.097    -1.071     0.082    -0.002     1.016     1.391     3.744     1.553    -0.003    -1.720 

ddG: G66E     5.066    -4.404     2.101     3.239     0.001    -0.809    -0.021     0.293     0.172    -0.875    -0.593    -0.004     1.116     2.376     3.349     1.167     0.001    -2.041 

ddG: G66F    11.450   -14.943    10.102     5.594     0.028     1.381     0.131     0.389     0.265     0.530     0.412    -0.006     1.926     1.822     3.107     0.357     0.006     0.349 

ddG: G66G     0.047    -0.017    -0.061     0.081     0.000     0.001    -0.008     0.021     0.018    -0.046     0.079    -0.002    -0.085     0.055     0.063    -0.059     0.008     0.000 

ddG: G66H     6.084   -10.408     2.218     6.906     0.003    -0.449     0.003    -0.065     0.102    -1.009     0.111    -0.004     0.717     1.285     4.385     2.033    -0.008     0.261 

ddG: G66H     5.911   -10.434     2.290     6.844     0.003    -0.426     0.001    -0.051     0.115    -1.099    -0.016    -0.002     0.770     1.294     4.321     2.060    -0.022     0.261 

ddG: G66I    11.524    -5.300     5.647     0.367     0.018     1.411    -0.009    -0.306     0.237    -0.459     0.452    -0.002     1.166     3.582     2.261     1.657    -0.029     0.833 

ddG: G66K    10.314    -5.805     2.771     3.814     0.012     1.244    -0.036    -0.292     0.163    -0.419     0.474    -0.002     1.002     2.898     2.957     2.059    -0.011    -0.516 

ddG: G66L    10.013    -4.482     3.422     0.513     0.006     0.261    -0.053     0.295     0.249    -1.095     0.384    -0.002     1.719     5.946     1.778     0.503     0.012     0.556 

ddG: G66M     8.195    -7.029     3.772     4.309     0.006    -0.094    -0.011    -0.259     0.260    -0.456     0.125    -0.003     0.694     2.132     2.695     2.049    -0.016     0.022 

ddG: G66N     7.319    -7.432     1.450     7.101     0.003    -0.257    -0.011    -0.103     0.103    -0.652    -0.232    -0.002     1.208     1.353     4.961     1.137    -0.004    -1.304 

ddG: G66P    94.904    -6.063    76.379     2.427     0.008     0.640     4.922    -0.004     0.241    -0.210     0.089    -0.002     2.074     3.537     9.165     2.142    -0.009    -0.434 

ddG: G66Q    10.330    -7.695     3.750     5.964     0.009     0.182    -0.006    -0.264     0.262    -0.432    -0.748     0.000     1.148     2.012     5.119     2.649    -0.032    -1.589 

ddG: G66R    10.280   -11.620     2.133    11.126     0.004     0.299    -0.017     0.303     0.251    -0.927    -0.562    -0.003     2.052     2.233     4.010     1.339     0.007    -0.349 

ddG: G66S     1.863    -3.686     1.460     4.393     0.002    -1.612     0.005    -0.099     0.073    -0.334    -0.865    -0.001     0.711     0.714     0.360     0.718    -0.017     0.043 

ddG: G66T     9.497    -4.751     2.463     4.132     0.003     2.003    -0.055    -0.316     0.240     0.005    -0.697    -0.002     1.691     2.691     0.453     1.607     0.002     0.029 

ddG: G66V    13.093    -5.404     7.380     2.051     0.013     0.987    -0.006    -0.341     0.274    -0.561     0.449    -0.003     2.040     2.969     0.845     1.702    -0.030     0.728 

ddG: G66W     8.338   -11.726     3.634     7.574     0.026    -0.018    -0.008    -0.094     0.147    -0.407     0.027    -0.001     0.754     1.224     4.381     1.881    -0.008     0.950 

ddG: G66Y     8.063   -10.705     3.423     5.648     0.028    -0.428     0.010    -0.158     0.252    -0.495     0.115    -0.002     0.913     1.421     5.523     2.539    -0.009    -0.011 

