ddG: description total fa_atr fa_rep fa_sol fa_intra_rep fa_elec pro_close hbond_sr_bb hbond_lr_bb hbond_bb_sc hbond_sc dslf_fa13 rama omega fa_dun p_aa_pp yhh_planarity ref 
ddG: I46A     6.583     6.375     0.981    -0.042    -0.039    -0.795    -0.011    -0.102     0.126    -0.396    -2.738     0.000     0.315     0.411     2.076     0.699     0.010    -0.288 

ddG: I46C     5.900     4.953    -0.836     1.964    -0.023     0.035    -0.002     0.005    -0.146     0.014     0.028     0.000     0.201    -0.095     0.001     0.374     0.002    -0.574 

ddG: I46D    10.711    -0.967     0.944    12.062    -0.031     0.018    -0.011    -0.066     0.043    -0.308    -2.774     0.000    -0.081     0.476     3.723     0.227     0.010    -2.553 

ddG: I46E    12.352    -0.341    -1.383    11.318    -0.026    -0.326    -0.001     0.020     0.046    -0.244    -0.193     0.000     0.042     0.341     5.343     0.613     0.015    -2.874 

ddG: I46F     7.000    -4.657     3.953     1.545     0.015     1.347    -0.006    -0.357     0.168     0.027     0.166     0.000     0.284     0.818     3.929     0.253    -0.002    -0.483 

ddG: I46G    11.069    11.009    -1.885    -0.422    -0.032     0.625     0.003     0.452    -0.083     1.096    -0.442     0.000     0.739     0.306    -0.663     1.187     0.011    -0.833 

ddG: I46H     4.024    -4.710     2.859     7.636    -0.042    -3.080    -0.006     0.137    -0.130     1.207    -4.406     0.000     0.083     0.004     4.554     0.498    -0.009    -0.571 

ddG: I46H     4.977    -4.068     1.037     6.659    -0.020    -0.509     0.002     0.068    -0.203     1.707    -1.585     0.000     0.261    -0.171     1.970     0.394     0.007    -0.571 

ddG: I46I     1.191     0.456    -0.853     0.373    -0.006     0.328     0.006     0.426    -0.074     1.082    -0.445     0.000    -0.155     0.325    -0.213    -0.058    -0.001     0.000 

ddG: I46K    20.014     0.951     2.559    10.355    -0.021     1.604     0.012     0.725     0.372     1.152    -0.657     0.000     0.311     1.302     2.229     0.485    -0.015    -1.348 

ddG: I46L     4.442     1.022    -0.468    -0.157    -0.022     0.661     0.004     0.492    -0.145     1.124    -0.483     0.000     0.086     0.347     2.024     0.219     0.014    -0.276 

ddG: I46M    11.080    -0.312     2.457     2.910    -0.018     0.329     0.004    -0.070     0.162     0.073     0.087     0.000     0.351     0.718     4.715     0.465     0.020    -0.811 

ddG: I46N     6.545    -0.238    -0.787     7.373    -0.017     0.690    -0.001     0.087    -0.263     0.134     0.009     0.000     0.195    -0.070     1.302     0.268     0.002    -2.137 

ddG: I46P     7.527     2.896     2.084    -1.249    -0.013     2.293     0.205    -0.209     2.690    -1.917     0.042     0.000     0.758     0.173     1.069    -0.033     0.004    -1.266 

ddG: I46Q    11.612     0.746    -1.086     7.553    -0.036     0.062     0.011     0.611     0.174     0.810    -0.603     0.000    -0.155     1.005     4.472     0.462     0.008    -2.421 

ddG: I46R    22.358    -6.475     1.060    17.634     0.010     0.998     0.006    -0.248     0.692    -0.208    -0.100     0.000     0.196     0.604     8.662     0.688     0.021    -1.182 

ddG: I46S     8.759     5.995    -0.621     2.198    -0.013     0.952     0.011    -0.201     0.093     0.104     0.024     0.000     0.395     0.174    -0.292     0.714     0.017    -0.789 

ddG: I46T     5.170     4.019    -0.817     2.620    -0.020     0.013    -0.004    -0.011    -0.133     0.004     0.026     0.000     0.294    -0.082    -0.294     0.355     0.002    -0.804 

ddG: I46V     2.799     2.653    -1.830     0.404    -0.022     0.066    -0.003    -0.038    -0.081    -0.182    -0.148     0.000    -0.178    -0.015     2.155     0.105     0.019    -0.105 

ddG: I46W    14.962    -9.069     4.245     5.030     0.058     0.655     0.004     0.407     0.042     0.764    -0.569     0.000     0.069     0.760    11.868     0.587    -0.007     0.118 

ddG: I46Y    14.356    -1.712     4.698     3.434     0.012     1.905    -0.004     0.292    -0.212     1.311    -0.663     0.000    -0.124     1.139     4.951     0.061     0.113    -0.844 

