ddG: description total fa_atr fa_rep fa_sol fa_intra_rep fa_elec pro_close hbond_sr_bb hbond_lr_bb hbond_bb_sc hbond_sc dslf_fa13 rama omega fa_dun p_aa_pp yhh_planarity ref 
ddG: D144A     2.682     2.975     0.094    -5.598    -0.010     3.801    -0.003    -0.156     0.226    -0.113     1.532     0.000    -0.049     0.403    -2.869     0.187    -0.001     2.265 

ddG: D144C     2.285     3.015     0.015    -4.678    -0.017     2.286     0.004    -0.003     0.029    -0.064     1.475     0.000     0.152    -0.006    -2.380     0.494    -0.014     1.978 

ddG: D144D     0.079    -0.561     0.040     1.206    -0.004    -0.356     0.000    -0.018    -0.001    -0.006     0.044     0.000    -0.006     0.048    -0.299     0.007    -0.014     0.000 

ddG: D144E     3.249     2.616     1.022    -2.749    -0.039     0.776    -0.002     0.510    -0.022     0.714    -1.708     0.000    -0.462     0.315     2.232     0.374    -0.006    -0.322 

ddG: D144F     2.234    -2.520     1.289    -3.425     0.039     2.269     0.005    -0.017     0.034    -0.103     1.507     0.000    -0.037    -0.055     0.783     0.410    -0.015     2.069 

ddG: D144G     2.638     3.706     1.692    -4.908    -0.033     1.454    -0.010    -0.122     0.280    -0.546    -1.301     0.000    -0.030     0.559    -0.328     0.510    -0.006     1.720 

ddG: D144H     3.904    -1.453     2.207    -2.205    -0.022     1.207    -0.014     0.059     0.272     1.047    -1.140     0.000    -0.208     0.052     2.050     0.085    -0.016     1.981 

ddG: D144H     4.418    -2.245     2.290    -2.309    -0.012     2.510    -0.015    -0.126     0.491     1.081    -1.223     0.000    -0.263     0.448     1.853    -0.039    -0.005     1.981 

ddG: D144I     2.231     2.065    -0.012    -4.944     0.004     2.492     0.003     0.005     0.014    -0.066     1.477     0.000     0.181    -0.033    -2.124     0.630    -0.014     2.553 

ddG: D144K     1.740     0.197     2.014    -2.395    -0.031     1.408    -0.009    -0.146     0.271    -0.465    -1.263     0.000    -0.345     0.489     0.564     0.253    -0.005     1.204 

ddG: D144L     2.878     1.683     0.941    -5.003    -0.010     2.520     0.011     0.007     0.048    -0.016     1.492     0.000    -0.179    -0.038    -0.989     0.149    -0.014     2.276 

ddG: D144M     2.905     1.667     2.251    -3.216    -0.040     0.753    -0.016     0.016     0.179     1.125    -1.180     0.000    -0.224     0.345    -0.598     0.119    -0.016     1.742 

ddG: D144N     4.388     1.078     0.199    -3.363     0.007     3.509    -0.005    -0.002     0.244     1.529     1.564     0.000    -0.007     0.119    -0.418    -0.467    -0.014     0.415 

ddG: D144P     2.623     2.525     1.931    -4.353    -0.038     1.032     0.572     0.511    -0.049     0.746    -1.708     0.000     0.085     0.249    -0.516     0.356    -0.006     1.286 

ddG: D144Q     1.709     2.026     0.213    -4.483    -0.015     2.499     0.003     0.004     0.023    -0.099     1.456     0.000    -0.197    -0.082     0.022     0.220    -0.013     0.131 

ddG: D144R     3.382     1.507     0.084    -2.551    -0.016     2.601     0.000    -0.041     0.017     0.019     1.572     0.000    -0.102    -0.068    -1.372     0.376    -0.014     1.371 

ddG: D144S     2.704     3.544     0.844    -3.324    -0.042     0.290    -0.002     0.520    -0.007     0.580    -1.686     0.000    -0.386     0.432    -0.094     0.291    -0.020     1.763 

ddG: D144T     1.754     2.704     0.049    -4.366    -0.006     2.390     0.000    -0.011     0.059    -0.078     1.467     0.000    -0.138    -0.015    -2.291     0.240     0.000     1.749 

ddG: D144V     2.736     2.718     0.905    -4.272    -0.027     0.517    -0.002     0.514    -0.011     0.729    -1.710     0.000    -0.157     0.384    -0.083     0.802    -0.019     2.448 

ddG: D144W     1.473    -2.494     0.419    -2.713     0.017     2.650    -0.001    -0.013     0.054    -0.118     1.472     0.000     0.066    -0.004    -0.871     0.338     0.000     2.670 

ddG: D144Y     4.031    -1.857     0.433    -3.138     0.033     3.421    -0.010    -0.005     0.277     1.472     1.565     0.000    -0.034    -0.014     0.273    -0.086    -0.009     1.709 

