ddG: description total fa_atr fa_rep fa_sol fa_intra_rep fa_elec pro_close hbond_sr_bb hbond_lr_bb hbond_bb_sc hbond_sc dslf_fa13 rama omega fa_dun p_aa_pp yhh_planarity ref 
ddG: K16A    -0.102     0.673    -0.042    -0.758    -0.006     0.450    -0.005    -0.473     0.240     0.007    -0.010     0.000    -0.001    -0.195    -1.537     0.504    -0.009     1.061 

ddG: K16C    -0.748     0.334    -0.041    -0.714    -0.002     0.044    -0.003     0.015    -0.125     0.009     0.001     0.000    -0.064    -0.006    -0.952    -0.015    -0.003     0.774 

ddG: K16D     0.483    -1.538    -0.094     3.596     0.000     0.614    -0.006    -0.069     0.007    -0.008    -0.002     0.000    -0.374    -0.114     0.029    -0.351    -0.002    -1.204 

ddG: K16E     0.436    -1.311    -0.104     1.837    -0.001    -0.024    -0.006    -0.369     0.282     0.002    -0.012     0.000    -0.026    -0.138     1.440     0.398    -0.007    -1.526 

ddG: K16F    -1.743    -3.451     0.266    -0.682     0.027    -0.011    -0.004    -0.009    -0.061     0.122    -0.055     0.000    -0.090    -0.124     1.410     0.041     0.013     0.865 

ddG: K16G     1.123     2.606    -0.179    -1.275    -0.006     0.386    -0.007    -0.527     0.282     0.134    -0.151     0.000     0.359    -0.254    -1.584     0.813     0.009     0.516 

ddG: K16H    -0.808    -3.048    -0.098     0.523     0.004     0.355    -0.003     0.012    -0.124     0.129    -0.053     0.000    -0.074    -0.089     0.914    -0.048     0.014     0.777 

ddG: K16H    -0.578    -3.348    -0.257     1.453     0.000     0.360    -0.006    -0.094    -0.040     0.135    -0.053     0.000    -0.063    -0.051     0.663    -0.062     0.010     0.777 

ddG: K16I    -1.008    -2.830     0.295     0.773     0.009     1.381    -0.004    -0.580    -0.116    -1.297     0.730     0.000    -0.114    -0.093    -0.628     0.101     0.016     1.348 

ddG: K16K     0.477    -1.525     0.117     1.719    -0.004     1.677    -0.008    -0.636     0.066    -1.296     0.726     0.000    -0.108    -0.143    -0.437     0.319     0.009     0.000 

ddG: K16L    -0.287    -1.329     0.160     0.243     0.004     1.397    -0.002    -0.588     0.005    -1.294     0.727     0.000    -0.031    -0.033    -0.735     0.100     0.018     1.072 

ddG: K16M    -1.017    -1.099     0.219    -0.917     0.000     0.302    -0.003    -0.317     0.192     0.023    -0.005     0.000    -0.152    -0.241     0.372     0.079    -0.008     0.537 

ddG: K16N    -0.516    -2.157     0.140     1.825     0.003     2.032    -0.004    -0.552    -0.067    -1.310     0.728     0.000    -0.309    -0.172     0.121    -0.019     0.015    -0.789 

ddG: K16P     4.692    -0.561     3.692    -1.132    -0.001     0.335     0.316    -0.534     1.757     0.101     0.024     0.000    -0.123     0.907    -0.352     0.188    -0.008     0.082 

ddG: K16Q    -1.720    -1.706    -0.119     0.258     0.004    -0.179    -0.004     0.001    -0.082     0.139    -0.054     0.000    -0.064    -0.118     1.179     0.087     0.011    -1.073 

ddG: K16R     0.698    -3.346    -0.094     3.961     0.012    -0.832    -0.001    -0.011    -0.035    -0.447    -0.051     0.000     0.029     0.050     1.238     0.040     0.018     0.167 

ddG: K16S     1.149    -0.173    -0.049     1.452    -0.005     1.547    -0.007    -0.651     0.009    -1.299     0.727     0.000     0.115    -0.132    -1.426     0.467     0.012     0.559 

ddG: K16T    -0.388     0.018    -0.317     0.282    -0.002     0.193    -0.006    -0.094    -0.044     0.122    -0.052     0.000     0.212    -0.041    -1.473     0.256     0.014     0.544 

ddG: K16V    -1.610    -0.777    -0.264    -0.349     0.003     0.339    -0.005    -0.070    -0.076     0.137    -0.051     0.000    -0.045    -0.091    -1.565    -0.051     0.012     1.244 

ddG: K16W    -1.260    -5.819     0.393     1.980     0.024     0.183    -0.004    -0.317     0.334     0.145    -0.058     0.000    -0.145    -0.127     0.927    -0.258     0.015     1.466 

ddG: K16Y    -1.690    -3.690     0.024     0.527     0.023     0.164    -0.007    -0.100     0.005     0.126    -0.056     0.000    -0.091    -0.111     0.803     0.178     0.012     0.505 

