ddG: description total fa_atr fa_rep fa_sol fa_intra_rep fa_elec pro_close hbond_sr_bb hbond_lr_bb hbond_bb_sc hbond_sc dslf_fa13 rama omega fa_dun p_aa_pp yhh_planarity ref 
ddG: K24A     0.529     1.481     0.023    -1.213    -0.003    -0.002    -0.001    -0.049     0.004     0.002     0.000     0.001     0.070    -0.042    -0.820     0.019     0.000     1.061 

ddG: K24C     0.917     1.107     0.015    -0.626    -0.002     0.094     0.000    -0.099     0.009     0.003    -0.006     0.001     0.134     0.021    -0.596     0.090    -0.001     0.774 

ddG: K24D     1.494    -0.053     0.012     1.683     0.000     0.042     0.001    -0.017     0.002    -0.002     0.005     0.000    -0.061    -0.001     1.335    -0.244    -0.003    -1.204 

ddG: K24E     1.050     0.044     0.012     0.553     0.002     0.071     0.003    -0.003     0.003     0.007    -0.005     0.002     0.056     0.004     1.708     0.121    -0.003    -1.526 

ddG: K24F     0.342    -1.923     0.411    -0.384     0.025     0.098    -0.003    -0.056     0.012     0.029    -0.082     0.001     0.144     0.047     1.123     0.057    -0.022     0.865 

ddG: K24G     1.464     3.538    -0.148    -1.933    -0.005     0.028     0.001    -0.056     0.014    -0.055    -0.003     0.000     0.234    -0.011    -0.826     0.163     0.007     0.516 

ddG: K24H     0.469    -1.081     0.180     0.104    -0.001    -0.026     0.002    -0.020    -0.003    -0.033    -0.032     0.000    -0.023     0.034     0.632    -0.035    -0.005     0.777 

ddG: K24H     0.487    -1.068     0.187     0.074    -0.001    -0.005     0.001    -0.015    -0.001    -0.029    -0.035     0.001    -0.021     0.025     0.638    -0.037    -0.004     0.777 

ddG: K24I     0.505    -2.434     0.946    -0.085     0.018     0.141     0.044     0.062     0.010     0.066    -0.084     0.003     0.478     0.194    -0.738     0.516     0.018     1.348 

ddG: K24K     0.012    -0.017    -0.001     0.013     0.000    -0.002     0.003    -0.001     0.009     0.008    -0.006     0.002    -0.001    -0.004     0.010     0.000     0.000     0.000 

ddG: K24L    -0.473    -0.211     0.071    -0.572     0.004     0.207     0.006    -0.086    -0.011    -0.066    -0.076     0.002     0.108    -0.077    -0.853     0.032    -0.024     1.072 

ddG: K24M    -0.441    -0.614    -0.078    -0.797    -0.001     0.031    -0.004    -0.086    -0.003    -0.047    -0.058     0.000     0.054     0.011     0.519     0.086     0.009     0.537 

ddG: K24N    -0.250    -0.197     0.041     0.462     0.000    -0.285    -0.003     0.023     0.004     0.000    -0.003     0.001    -0.085     0.011     0.831    -0.246    -0.017    -0.789 

ddG: K24P     8.342    -0.348     5.170    -1.309    -0.002    -0.026     0.469     1.500     0.222     0.012     0.056     0.003     1.068     1.793    -0.563     0.277    -0.062     0.082 

ddG: K24Q    -0.192    -0.168     0.034    -0.119     0.002    -0.011     0.004     0.026     0.009     0.008    -0.006     0.001    -0.043    -0.053     1.153     0.043    -0.001    -1.073 

ddG: K24R     0.962    -0.248     0.009     0.537     0.006    -0.006    -0.001    -0.051     0.001    -0.005     0.009     0.001     0.012    -0.024     0.516     0.044    -0.003     0.167 

ddG: K24S     0.857    -0.052     0.173     1.944    -0.003    -0.585    -0.002    -0.034     0.026    -0.474     0.013     0.002    -0.022     0.012    -0.593    -0.096    -0.013     0.559 

ddG: K24T     0.468    -0.525     0.153     1.918     0.001    -0.664    -0.002     0.082     0.018    -0.501     0.004     0.000     0.051     0.039    -0.728     0.097    -0.018     0.544 

ddG: K24V     1.225    -1.048     0.868    -0.458     0.014     0.144     0.032     0.103     0.008    -0.017    -0.035     0.002     0.374     0.228    -0.788     0.535     0.020     1.244 

ddG: K24W    -0.861    -5.466     0.275     0.813     0.026    -0.007    -0.004    -0.144     0.006     0.002    -0.008     0.001     0.124    -0.024     2.033     0.045     0.001     1.466 

ddG: K24Y    -0.041    -2.006     0.370    -0.198     0.025    -0.030     0.001    -0.089     0.002    -0.034    -0.029     0.000     0.102     0.008     1.257     0.078    -0.003     0.505 

