ddG: description total fa_atr fa_rep fa_sol fa_intra_rep fa_elec pro_close hbond_sr_bb hbond_lr_bb hbond_bb_sc hbond_sc dslf_fa13 rama omega fa_dun p_aa_pp yhh_planarity ref 
ddG: F44A     7.847    10.363     0.367    -2.465    -0.027     0.704    -0.008    -0.143     0.203    -0.956     1.449     0.000     0.576    -0.718    -2.013     0.335    -0.017     0.196 

ddG: F44C     8.044    10.223    -2.121    -0.507    -0.011     1.243     0.009     0.169    -0.190     0.413     3.020     0.000     0.331    -0.611    -3.834     0.009    -0.008    -0.091 

ddG: F44D    13.158     6.152    -0.828     5.763     0.011     1.406    -0.007    -0.300     0.208     0.926     3.581     0.000     0.864    -1.066    -1.626     0.147    -0.004    -2.069 

ddG: F44E     9.801     5.319    -0.993     5.250    -0.005     1.702     0.001    -0.319    -0.138    -0.518     3.596     0.000     0.534    -0.975    -1.398     0.135     0.003    -2.391 

ddG: F44F    -0.727    -0.072    -0.972     0.260     0.018     0.642     0.000    -0.270    -0.164    -0.697     3.325     0.000     0.449    -0.803    -2.527     0.075     0.011     0.000 

ddG: F44G     9.042    13.562    -1.308    -2.387    -0.006     0.672     0.003    -0.287    -0.084    -0.713     3.395     0.000     1.237    -1.099    -4.318     0.728    -0.004    -0.349 

ddG: F44H     4.217     2.723    -2.122     1.489    -0.016     1.544     0.010     0.246    -0.211     0.583     2.578     0.000     0.131    -0.412    -2.232     0.023    -0.030    -0.088 

ddG: F44H     3.947     2.284    -2.636     1.529    -0.013     1.351     0.000    -0.230    -0.050    -0.815     2.873     0.000     0.040    -0.668     0.280     0.107    -0.015    -0.088 

ddG: F44I     7.944     6.359    -0.039    -1.385     0.019     1.080     0.007     0.087     0.028     0.428     2.972     0.000     0.376     0.198    -2.442    -0.215    -0.014     0.483 

ddG: F44K     7.382     6.082    -0.186     3.046    -0.025    -0.838     0.001     0.252    -0.195    -0.001     0.235     0.000     0.226    -0.456    -0.076     0.179     0.003    -0.865 

ddG: F44L     6.058     7.753     0.188    -2.308     0.003     1.053     0.007    -0.053     0.043    -0.681     3.504     0.000     0.772    -1.129    -3.499     0.197     0.003     0.207 

ddG: F44M     5.765     6.317    -1.098    -0.673    -0.003     1.045     0.003    -0.280    -0.109    -0.679     3.449     0.000     0.490    -0.938    -1.408    -0.032     0.010    -0.328 

ddG: F44N     8.463     6.532    -1.891     2.184    -0.005     2.303     0.005    -0.079     0.003     0.475     2.937     0.000     0.445    -0.301    -2.623     0.129     0.003    -1.654 

ddG: F44P    18.739     7.996     3.922    -1.102    -0.024     0.924     1.035     0.235     1.713     0.674     2.915     0.000     1.374     0.856    -1.041     0.031     0.012    -0.783 

ddG: F44Q     7.667     5.350    -1.781     1.677    -0.001     2.966     0.003    -0.102    -0.049     0.498     3.006     0.000     0.228    -0.215    -1.887    -0.096     0.006    -1.938 

ddG: F44R     7.432     2.921    -1.906     6.840     0.003     0.192     0.010     0.166    -0.157     0.448     2.927     0.000     0.370    -0.757    -2.903    -0.014    -0.009    -0.698 

ddG: F44S     9.628    10.257    -2.630     1.030    -0.013     0.759    -0.001    -0.336     0.018    -0.839     3.296     0.000     0.282    -0.836    -1.262     0.198     0.012    -0.306 

ddG: F44T     9.257     8.606     0.392     0.857    -0.005     1.162     0.001    -0.340     0.173    -0.555     3.452     0.000     0.709    -0.619    -4.279     0.030    -0.006    -0.321 

ddG: F44V     7.815     7.003     1.794    -0.369    -0.017     0.214    -0.003    -0.106     0.304     0.240     0.330     0.000     0.055     0.470    -2.187    -0.290     0.000     0.379 

ddG: F44W     0.793    -1.830    -1.837     2.501     0.016     0.782     0.009     0.168    -0.169     0.407     2.942     0.000     0.343    -0.569    -2.678     0.113    -0.006     0.601 

ddG: F44Y     0.294    -0.750    -0.668     0.342     0.029     2.249     0.002    -0.479     0.035    -0.663     3.423     0.000     0.428    -0.358    -2.710    -0.249     0.022    -0.360 

