ddG: description total fa_atr fa_rep fa_sol fa_intra_rep fa_elec pro_close hbond_sr_bb hbond_lr_bb hbond_bb_sc hbond_sc dslf_fa13 rama omega fa_dun p_aa_pp yhh_planarity ref 
ddG: Q3A    -0.824    -1.007    -0.689     1.000     0.018     0.957     0.002    -0.509    -0.045    -1.518     3.166     0.000     0.366    -0.452    -4.264     0.011     0.006     2.134 

ddG: Q3C    -1.251    -0.917    -0.759     0.368     0.022     1.285     0.001    -0.490    -0.026    -1.508     3.125     0.000     0.334    -0.522    -3.834    -0.196     0.019     1.847 

ddG: Q3D     1.685    -2.856     0.259     4.915    -0.001     0.236    -0.003    -0.209     0.083    -0.714    -0.150     0.000     0.132     0.356    -0.260     0.021     0.009    -0.131 

ddG: Q3E     0.591    -0.415    -0.895    -0.787     0.028     3.295    -0.006    -0.726     0.213    -0.543     3.259     0.000     0.255    -0.002    -2.525    -0.124     0.017    -0.453 

ddG: Q3F    -1.715    -4.527    -1.861     1.442     0.043     1.061    -0.001    -0.516     0.040    -1.715     2.931     0.000     0.096    -0.396    -0.011    -0.262     0.022     1.938 

ddG: Q3G     0.543    -0.484    -0.551     0.621     0.024     2.260     0.000    -0.709     0.293    -1.609     3.130     0.000     0.537    -0.039    -4.287    -0.248     0.017     1.589 

ddG: Q3H    -1.405    -4.429    -0.705     1.959     0.024     1.143     0.002    -0.471    -0.074    -1.519     3.111     0.000     0.466    -0.532    -2.233    -0.019     0.021     1.850 

ddG: Q3H    -1.704    -5.287     1.093     2.244     0.010     0.107    -0.010    -0.604     0.188    -1.770     0.293     0.000     0.243    -0.022    -0.035    -0.019     0.015     1.850 

ddG: Q3I    -0.899    -1.900    -0.780     0.229     0.043     1.372     0.002    -0.473     0.040    -1.519     3.133     0.000     0.686    -0.457    -3.760     0.059     0.005     2.421 

ddG: Q3K    -0.773    -2.234    -0.784     0.463     0.028     2.641    -0.002    -0.702     0.184    -1.387     3.172     0.000     0.306    -0.088    -3.258    -0.202     0.017     1.073 

ddG: Q3L    -1.771    -1.593     0.698    -0.796     0.005     0.702    -0.005    -0.227     0.015    -2.084     0.500     0.000     0.055    -0.545    -0.563    -0.082     0.004     2.145 

ddG: Q3M    -0.016    -3.581    -2.063     2.033     0.018     1.184    -0.001    -0.508     0.043    -1.727     2.927     0.000     0.083    -0.411     0.416    -0.061     0.021     1.610 

ddG: Q3N    -1.097    -2.273    -0.777     1.649     0.026     1.333     0.002    -0.484    -0.060    -1.539     3.123     0.000     0.546    -0.494    -2.419    -0.032     0.020     0.284 

ddG: Q3P    -0.665    -0.326    -1.228    -0.290     0.017     1.674     0.359    -0.070    -0.020    -0.361     2.689     0.000     0.264    -0.083    -3.814    -0.646     0.015     1.155 

ddG: Q3Q    -0.688    -0.043    -0.889    -1.196     0.025     1.893     0.003    -0.512     0.031    -0.701     3.161     0.000     0.352    -0.456    -2.311    -0.050     0.006     0.000 

ddG: Q3R     1.236     0.263    -2.253    -0.567     0.025     2.033     0.000    -0.549     0.094    -0.882     3.013     0.000     0.043    -0.395    -0.933     0.084     0.021     1.240 

ddG: Q3S    -1.252    -0.475    -0.764     0.539     0.024     0.857     0.002    -0.487     0.041    -1.534     3.096     0.000     0.374    -0.477    -3.763    -0.336     0.019     1.632 

ddG: Q3T    -1.228    -0.583     0.069     1.627     0.000    -1.085    -0.001     0.027     0.021    -0.736    -0.093     0.000     0.006    -0.060    -1.676    -0.360     0.000     1.617 

ddG: Q3V    -0.053    -1.070    -1.650     0.518     0.033     1.457     0.007    -0.025    -0.019    -0.425     2.669     0.000     0.398    -0.135    -4.034    -0.094     0.000     2.317 

ddG: Q3W     0.914    -3.565    -0.258    -0.581     0.057     3.177    -0.008    -0.684    -0.168    -0.594     2.761     0.000     0.079     0.292    -1.660    -0.484     0.011     2.539 

ddG: Q3Y    -3.584    -5.151     1.175     2.099     0.031    -1.064    -0.006    -0.431    -0.015    -1.896     0.363     0.000     0.159    -0.373     0.047    -0.106     0.005     1.578 

