ddG: description total fa_atr fa_rep fa_sol fa_intra_rep fa_elec pro_close hbond_sr_bb hbond_lr_bb hbond_bb_sc hbond_sc dslf_fa13 rama omega fa_dun p_aa_pp yhh_planarity ref 
ddG: Q95A     0.724     2.781    -0.558    -1.723     0.012     0.307     0.000    -0.086    -0.018     1.089     0.002     0.000     0.269     0.073    -3.449    -0.124     0.015     2.134 

ddG: Q95C     0.810     1.057     0.060     0.362    -0.008     1.306    -0.001    -0.572    -0.035    -1.358     0.778     0.000    -0.044    -0.119    -2.609     0.139     0.008     1.847 

ddG: Q95D     2.520     0.825    -0.129     2.328     0.000    -0.410     0.000    -0.013     0.023     0.048     0.022     0.000     0.309    -0.091    -0.572     0.297     0.016    -0.131 

ddG: Q95E     1.930     0.028     0.067     2.151    -0.003     1.277    -0.001    -0.575    -0.009    -1.339     0.782     0.000     0.041    -0.114    -0.341     0.401     0.018    -0.453 

ddG: Q95F    -2.333    -3.409     0.121    -0.048     0.024    -0.764     0.006     0.018     0.045     0.138    -0.037     0.000     0.034     0.155    -0.244    -0.339     0.030     1.938 

ddG: Q95G     2.738     5.072    -0.633    -2.031     0.013     0.486     0.002    -0.135     0.127     0.992     0.006     0.000     0.636     0.069    -3.357    -0.113     0.013     1.589 

ddG: Q95H     0.061    -1.816    -0.148     1.283    -0.004    -0.792     0.003    -0.071     0.021     0.112     0.012     0.000     0.103     0.094    -0.548    -0.050     0.011     1.850 

ddG: Q95H     0.332    -3.133     0.522     1.470    -0.002     1.020     0.002    -0.487    -0.057    -1.325     0.793     0.000    -0.034    -0.062    -0.561     0.313     0.022     1.850 

ddG: Q95I    -1.550    -0.729     0.069    -0.963     0.017    -0.160     0.000    -0.025     0.026     0.046     0.007     0.000     0.160    -0.093    -2.417     0.072     0.018     2.421 

ddG: Q95K     0.449     0.236     0.233     0.352    -0.001     1.125     0.001    -0.490    -0.072    -1.327     0.780     0.000    -0.073    -0.090    -1.629     0.312     0.018     1.073 

ddG: Q95L    -1.376     0.348     0.137    -1.187     0.012    -0.456     0.003     0.070    -0.073    -0.018     0.053     0.000    -0.069     0.005    -2.247    -0.102     0.005     2.145 

ddG: Q95M    -0.585     0.229     0.156    -1.563     0.001    -0.191     0.004     0.103    -0.083    -0.007     0.055     0.000     0.010     0.006    -0.881    -0.032    -0.002     1.610 

ddG: Q95N     1.021    -0.527     0.085     1.862    -0.002     1.066    -0.001    -0.553     0.037    -1.373     0.786     0.000     0.126    -0.089    -1.120     0.420     0.019     0.284 

ddG: Q95P     3.919    -0.237     3.723    -2.563     0.042     0.204     0.246     0.011     1.517     0.926     0.052     0.000     0.397     0.579    -0.802    -1.378     0.046     1.155 

ddG: Q95Q    -0.718     0.222     0.149    -0.824     0.003    -0.458     0.003     0.082    -0.046     0.003     0.000     0.000    -0.017     0.003     0.172    -0.012     0.002     0.000 

ddG: Q95R     1.774    -1.168    -0.206     2.764     0.008    -0.366     0.000    -0.039    -0.031     0.124    -0.001     0.000     0.008    -0.036    -0.599     0.062     0.014     1.240 

ddG: Q95S     1.141     3.150    -0.030    -1.801    -0.002    -0.235     0.002     0.097    -0.043     0.092     0.000     0.000     0.106    -0.093    -1.789     0.038     0.017     1.632 

ddG: Q95T     0.310     2.097    -0.196    -0.177     0.004    -0.665     0.005     0.028     0.030     0.050    -0.002     0.000     0.074    -0.028    -2.324    -0.222     0.019     1.617 

ddG: Q95V    -1.388     0.445     0.168    -1.977     0.019    -0.055     0.002     0.080    -0.061     0.034     0.001     0.000     0.043    -0.134    -2.254    -0.033     0.017     2.317 

ddG: Q95W     0.659    -4.509     0.290     2.167     0.018     1.587     0.002    -0.523    -0.017    -1.295     1.498     0.000    -0.016    -0.039    -1.118     0.118    -0.043     2.539 

ddG: Q95Y    -2.228    -4.469     0.469     1.266     0.022    -0.662     0.003     0.054     0.010     0.138    -0.071     0.000    -0.080    -0.103    -0.332    -0.115     0.063     1.578 

