ddG: description total fa_atr fa_rep fa_sol fa_intra_rep fa_elec pro_close hbond_sr_bb hbond_lr_bb hbond_bb_sc hbond_sc dslf_fa13 rama omega fa_dun p_aa_pp yhh_planarity ref 
ddG: Q46A    -0.185     4.755     0.629    -3.854    -0.007    -0.109     0.004    -0.229     0.131     0.201     0.738     0.021     0.013     0.328    -4.652    -0.285    -0.003     2.134 

ddG: Q46C     2.066     3.022     0.723    -1.720    -0.009     0.102     0.007    -0.135     0.109     0.212     1.258     0.055     0.196     0.465    -4.109     0.033     0.011     1.847 

ddG: Q46D     5.309     2.132     0.387     2.605    -0.017     0.691     0.010    -0.019     0.148    -0.068     2.142     0.014    -0.073     0.609    -2.923    -0.194    -0.005    -0.131 

ddG: Q46E     1.708     0.418     1.033     1.927    -0.002    -0.729     0.004    -0.348     0.132     0.281     0.656     0.014     0.071     0.417    -1.522    -0.176    -0.016    -0.453 

ddG: Q46F     0.605    -0.197     1.635    -2.920     0.022     0.028     0.009    -1.009     0.277     0.239     0.872     0.047     0.188     0.405    -0.649    -0.285     0.005     1.938 

ddG: Q46G     2.440     8.613    -0.023    -4.302    -0.018    -0.156     0.004     0.014     0.137    -0.504     2.094     0.029     0.250     0.781    -6.071    -0.002     0.006     1.589 

ddG: Q46H     0.753    -2.650     1.151     0.958     0.009    -0.169     0.008    -0.181     0.165     0.186     0.980     0.153     0.080     0.369    -2.147    -0.044     0.036     1.850 

ddG: Q46H     0.358    -1.743     1.143     0.311    -0.003    -0.394     0.014    -0.105     0.138     0.093     0.367     0.022     0.143     0.455    -1.898    -0.030    -0.005     1.850 

ddG: Q46I     5.428     0.459     5.693    -1.791     0.016    -0.175     0.042    -0.487     0.117     0.168     0.631    -0.006     0.393     1.023    -3.153     0.115    -0.038     2.421 

ddG: Q46K    -0.093     0.635     0.792     0.582    -0.009    -0.471    -0.009     0.291     0.189    -0.403     1.266     0.039    -0.106     0.134    -3.977    -0.147     0.028     1.073 

ddG: Q46L     0.569     0.835     1.791    -1.573    -0.008    -0.140    -0.008     0.333     0.187    -0.268     1.247     0.038     0.028     0.303    -4.130    -0.215     0.004     2.145 

ddG: Q46M    -0.962     0.611     1.112    -1.896    -0.003    -0.393     0.005    -0.348     0.132     0.202     0.744     0.028     0.199     0.376    -3.219    -0.128     0.006     1.610 

ddG: Q46N     2.219     0.662     0.981     0.412    -0.004    -0.057     0.006    -0.222     0.109     0.211     0.735     0.022     0.336     0.495    -1.917     0.173    -0.008     0.284 

ddG: Q46P    20.321     1.646    15.351    -3.555    -0.007    -0.106     0.464     3.623     0.100     0.629     0.750     0.012     1.192     3.508    -3.826    -0.608    -0.006     1.155 

ddG: Q46Q     0.368    -0.407     0.920     0.414     0.002    -0.214     0.006    -0.269     0.164     0.174     1.259     0.137     0.068     0.370    -2.120    -0.170     0.031     0.000 

ddG: Q46R     1.116    -0.309     1.056     1.212     0.008    -0.027     0.006    -0.974     0.314     0.143     0.816     0.088    -0.115     0.432    -2.465    -0.318     0.007     1.240 

ddG: Q46S     2.528     3.502     0.000    -1.258    -0.003     0.299     0.008    -0.082    -0.034     0.159     1.219     0.043    -0.044    -0.044    -3.016     0.139     0.009     1.632 

ddG: Q46T     1.868     2.129     1.247     0.704    -0.001    -0.563    -0.006    -0.253     0.130     0.253     0.658     0.040     0.143     0.298    -4.558     0.045    -0.016     1.617 

ddG: Q46V     1.988     1.791     2.904    -2.637     0.012    -0.118     0.011    -1.007     0.293     0.166     0.738     0.079     0.199     0.862    -3.457    -0.149    -0.016     2.317 

ddG: Q46W    -0.162    -5.211     1.111     0.618     0.023     0.319     0.007    -0.261    -0.004     0.088     0.626     0.085     0.001    -0.079    -0.055     0.022     0.010     2.539 

ddG: Q46Y     0.896    -0.176     1.633    -2.752     0.022    -0.152     0.007    -0.404     0.130     0.213     0.739     0.036     0.384     0.319    -0.628    -0.055     0.003     1.578 

