ddG: description total fa_atr fa_rep fa_sol fa_intra_rep fa_elec pro_close hbond_sr_bb hbond_lr_bb hbond_bb_sc hbond_sc dslf_fa13 rama omega fa_dun p_aa_pp yhh_planarity ref 
ddG: A1A    -0.202     0.016     0.012    -0.025     0.000    -0.202     0.001    -0.010     0.014     0.006     0.001     0.000     0.002    -0.017    -0.005     0.005     0.001     0.000 

ddG: A1C     2.155     0.387    -2.218     1.078    -0.010     0.023     0.002     0.388     0.049     0.826    -0.656     0.000    -0.464     0.375     2.678    -0.026     0.011    -0.287 

ddG: A1D     0.689    -1.263     0.047     2.566     0.033     0.206     0.000    -0.021     0.015     0.005     0.037     0.000     0.007     0.006     1.311     0.005     0.000    -2.265 

ddG: A1E     0.425    -0.108    -0.012     0.595     0.004    -0.032    -0.001     0.003     0.029     0.061    -0.014     0.000    -0.003    -0.016     2.502    -0.012     0.014    -2.586 

ddG: A1F     0.530    -9.683     0.866     7.314     0.040     0.420    -0.003    -0.181     0.093    -0.879    -0.021     0.000    -0.118     0.445     2.551    -0.126     0.010    -0.196 

ddG: A1G     0.140    -1.154     1.835     1.709    -0.017    -1.912    -0.012     0.037     0.153    -0.229    -2.862     0.000    -0.115     0.380     2.662     0.198     0.010    -0.545 

ddG: A1H     1.412    -6.857    -0.356     6.033     0.011     1.067     0.002     0.229     0.019     0.282    -0.527     0.000    -0.188     0.639     1.584    -0.247     0.005    -0.284 

ddG: A1H     0.481    -2.965     0.147     1.602     0.008    -0.051     0.000     0.000    -0.024    -0.005     0.004     0.000    -0.025     0.013     2.017     0.043     0.001    -0.284 

ddG: A1I     1.103    -1.096    -0.664     2.142     0.010    -0.225     0.005     0.441    -0.110     1.073    -0.425     0.000    -0.207     0.372    -0.415    -0.080    -0.005     0.288 

ddG: A1K    -0.091    -4.945     0.341     5.099     0.010    -0.805    -0.002    -0.003    -0.020    -0.850    -0.048     0.000     0.105    -0.099     2.244    -0.071     0.013    -1.061 

ddG: A1L    -1.079    -1.915     1.843     1.862    -0.016    -2.215    -0.010     0.032     0.037    -0.221    -2.701     0.000    -0.151     0.116     2.102     0.137     0.013     0.011 

ddG: A1M     0.651    -1.799     0.893     2.100    -0.022    -1.732    -0.002     0.532    -0.104     0.690    -3.158     0.000    -0.317     0.489     3.530     0.066     0.008    -0.523 

ddG: A1N    -0.454    -4.990     1.164     6.269     0.001    -2.229    -0.004     0.519    -0.078     0.004    -3.225     0.000    -0.248     0.353     3.869    -0.005    -0.006    -1.849 

ddG: A1P     0.469    -0.700    -0.668     2.013    -0.003    -0.065     0.116     0.435    -0.066     1.082    -0.425     0.000    -0.192     0.347    -0.342    -0.080    -0.005    -0.979 

ddG: A1Q     0.767    -0.570    -0.896     1.437     0.000     0.139     0.006     0.445    -0.040     1.089    -0.461     0.000    -0.198     0.329     1.689    -0.063    -0.005    -2.134 

ddG: A1R     0.889    -1.798    -1.229     2.680     0.005    -1.099    -0.003    -0.018     0.086    -1.029    -0.243     0.000    -0.208    -0.003     4.611     0.016     0.015    -0.894 

ddG: A1S     0.435    -6.778     0.108     8.232     0.004    -1.476    -0.002     0.342    -0.122     0.266    -1.254     0.000     0.020     0.164     1.423    -0.004     0.016    -0.502 

ddG: A1T     0.032    -3.169     0.057     4.568     0.004    -1.768    -0.004    -0.006     0.017    -0.141    -0.812     0.000    -0.296     0.204     1.771     0.123     0.000    -0.516 

ddG: A1V     0.462    -1.027     1.032     2.569    -0.014    -2.490    -0.003     0.498    -0.055     0.707    -3.114     0.000    -0.350     0.481     1.991     0.058    -0.006     0.183 

ddG: A1W    -0.505    -9.809     1.799     6.505     0.001    -2.330    -0.002     0.531    -0.165     0.009    -3.168     0.000    -0.286     0.527     5.307     0.160     0.009     0.405 

ddG: A1Y     0.342    -9.404     0.827     6.763     0.043     0.391    -0.002    -0.173     0.118    -0.852    -0.053     0.000    -0.121     0.400     3.090    -0.141     0.011    -0.556 

