ddG: description total fa_atr fa_rep fa_sol fa_intra_rep fa_elec pro_close hbond_sr_bb hbond_lr_bb hbond_bb_sc hbond_sc dslf_fa13 rama omega fa_dun p_aa_pp yhh_planarity ref 
ddG: D69A     0.522     8.213    -0.338   -10.149     0.005     4.156    -0.004     0.043     0.061     0.091     1.487     0.000    -0.227    -0.061    -5.164     0.143     0.000     2.265 

ddG: D69C     0.495     8.647    -0.500   -10.960     0.001     4.315    -0.005    -0.211     0.028    -0.002     1.856     0.000     0.104     0.107    -5.320     0.459     0.000     1.978 

ddG: D69D     0.655     4.056    -0.125    -4.949     0.003     2.163    -0.007    -0.170    -0.035    -0.049     1.558     0.000     0.211     0.207    -2.216     0.006     0.000     0.000 

ddG: D69E     1.096     8.105    -0.557    -9.947     0.004     4.886    -0.009    -0.185    -0.002    -0.005     1.846     0.000    -0.055     0.087    -2.848     0.096     0.000    -0.322 

ddG: D69F    -0.108     1.860    -0.315    -7.127     0.030     3.793    -0.007    -0.332    -0.003     0.087     1.867     0.000     0.130     0.270    -2.650     0.222     0.000     2.069 

ddG: D69G     0.406     6.828    -0.536    -8.090     0.003     3.660    -0.008    -1.128     0.240    -0.010     1.503     0.000    -0.048    -0.061    -3.981     0.314    -0.001     1.720 

ddG: D69H    -1.206    -1.021    -0.369    -1.992     0.001     1.700    -0.002    -1.369     0.176     0.071     0.322     0.000    -0.151     0.069    -0.635     0.011     0.000     1.981 

ddG: D69H     0.303    -1.201    -0.277    -1.761     0.001     1.500    -0.004    -0.125     0.024     0.086     0.312     0.000    -0.089    -0.025    -0.476     0.357     0.000     1.981 

ddG: D69I     0.078     0.322    -0.098    -2.476     0.019     1.516    -0.003    -0.116    -0.007     0.037     0.294     0.000     0.106    -0.090    -2.004     0.025     0.000     2.553 

ddG: D69K     0.611     5.397    -0.450    -7.783     0.003     3.881    -0.009    -0.178    -0.049    -0.044     1.862     0.000     0.155     0.117    -3.426    -0.070     0.000     1.204 

ddG: D69L     0.265     7.687    -0.570   -10.411     0.007     4.523    -0.008    -0.154     0.018    -0.011     1.850     0.000     0.060     0.104    -5.231     0.124     0.000     2.276 

ddG: D69M     0.086     0.315    -0.509    -2.371     0.001     1.647    -0.003     0.097     0.047    -0.013     0.289     0.000    -0.208    -0.174    -0.903     0.128     0.000     1.742 

ddG: D69N     0.065     4.666    -0.395    -6.829     0.003     2.973    -0.006    -0.181    -0.047    -0.061     1.865     0.000     0.385     0.175    -2.943     0.045     0.000     0.415 

ddG: D69P     3.237     1.968     1.996    -4.559    -0.016     2.267     0.085     0.361    -0.045     0.308     0.333     0.000     0.019     0.108    -1.539     0.659     0.006     1.286 

ddG: D69Q    -0.568     2.895    -0.496    -5.118     0.012     3.536    -0.008    -1.148     0.219     0.025     1.496     0.000    -0.366    -0.023    -1.527    -0.194     0.000     0.131 

ddG: D69R     0.905     8.181    -0.584   -10.288     0.009     4.356    -0.009    -0.153     0.012    -0.012     1.852     0.000    -0.022     0.111    -4.070     0.152     0.000     1.371 

ddG: D69S     1.212     8.089    -0.168    -9.380     0.006     3.775    -0.009     0.023     0.028     0.063     1.486     0.000     0.027    -0.017    -4.797     0.325     0.000     1.763 

ddG: D69T     0.253     8.282    -0.444   -10.292     0.011     4.061    -0.007    -0.310    -0.008     0.027     1.865     0.000     0.174     0.145    -5.388     0.391     0.000     1.749 

ddG: D69V     0.614     4.822    -0.514    -7.775     0.016     3.773    -0.008    -0.223     0.001    -0.022     1.858     0.000     0.083     0.059    -4.164     0.260     0.000     2.448 

ddG: D69W    -1.652     2.482    -0.145    -9.213     0.030     4.388    -0.006    -0.319    -0.011     0.076     1.866     0.000     0.063     0.231    -4.065     0.299     0.001     2.670 

ddG: D69Y    -0.228     3.852    -0.045    -8.242     0.037     4.070    -0.009    -0.119     0.053     0.144     1.489     0.000    -0.047     0.124    -3.523     0.278     0.000     1.709 

