ddG: description total fa_atr fa_rep fa_sol fa_intra_rep fa_elec pro_close hbond_sr_bb hbond_lr_bb hbond_bb_sc hbond_sc dslf_fa13 rama omega fa_dun p_aa_pp yhh_planarity ref 
ddG: H43A     6.343    14.240     1.340    -7.585    -0.028    -1.786    -0.006     0.252    -0.271     2.414    -2.702     0.000     0.013    -0.348     0.111     0.414     0.003     0.284 

ddG: H43C     7.981    12.924    -1.370    -4.887    -0.021     0.324     0.007     0.596    -0.394     3.974    -0.367     0.000    -0.011    -0.145    -2.873     0.240    -0.013    -0.003 

ddG: H43D     7.821     8.987    -0.503     2.033    -0.006    -0.821     0.005     0.193    -0.369     0.975    -0.045     0.000     0.116    -0.547    -0.325     0.121    -0.010    -1.981 

ddG: H43E    10.996     5.767     0.066     3.395    -0.002     0.713     0.004     0.235    -0.269     2.745    -0.033     0.000     0.128    -0.318     0.814     0.071    -0.016    -2.303 

ddG: H43F     1.219    -1.202     2.089    -2.253     0.065    -1.804     0.002     0.640     0.055     3.360    -3.133     0.000    -0.359    -0.157     3.341     0.527    -0.041     0.088 

ddG: H43G     7.325    18.531     0.205    -8.531    -0.045    -2.216     0.002     0.642    -0.244     3.379    -3.360     0.000    -0.019    -0.364    -1.288     0.939    -0.042    -0.261 

ddG: H43H     0.664     1.002    -1.504     0.447    -0.013    -1.109     0.002     0.175    -0.116    -0.213    -0.194     0.000    -0.191    -0.345     2.548     0.171     0.004     0.000 

ddG: H43H     0.090     1.231     0.720     0.867    -0.032    -3.039     0.001     0.715    -0.235     0.827    -3.215     0.000    -0.254    -0.005     2.319     0.206    -0.016     0.000 

ddG: H43I     6.219     6.427     2.922    -5.200     0.007    -0.750    -0.009     0.249     0.197     4.077    -2.559     0.000     0.120    -0.153     0.548    -0.241     0.013     0.571 

ddG: H43K    10.673    -2.543     3.003    11.736    -0.002    -2.879    -0.014     0.281     0.388     2.168    -2.823     0.000     0.210    -0.177     2.311    -0.204    -0.005    -0.777 

ddG: H43L     2.398     7.539     1.285    -6.648    -0.007    -0.288     0.001     0.104    -0.198     3.041    -0.175     0.000     0.204    -0.684    -2.174     0.146    -0.043     0.295 

ddG: H43M     4.621     5.349     2.181    -3.041    -0.026    -2.085    -0.005     0.262    -0.002     2.361    -2.802     0.000     0.057    -0.137     2.420     0.346    -0.015    -0.240 

ddG: H43N     6.515     8.477    -1.306    -1.135    -0.012    -0.457     0.008     0.636    -0.382     2.030    -0.501     0.000     0.094    -0.246     0.557     0.329    -0.013    -1.566 

ddG: H43P    13.455    11.799     3.021    -8.347    -0.012     1.670     0.471     0.539     2.586     4.118    -0.291     0.000    -0.318     0.946    -1.689    -0.342     0.000    -0.695 

ddG: H43Q     7.088     4.921     0.200     0.017     0.000     0.707     0.004     0.223    -0.143     2.793    -0.022     0.000     0.087    -0.308     0.444     0.032    -0.016    -1.850 

ddG: H43R    11.902    -2.874     1.573    10.637     0.005    -0.448    -0.005     0.173    -0.326     1.552    -0.480     0.000     0.475    -0.529     2.377     0.386    -0.005    -0.610 

ddG: H43S     8.247    15.628    -2.911    -6.168    -0.032    -0.073     0.007     0.540    -0.223     3.687    -0.768     0.000    -0.354    -0.474    -0.748     0.380    -0.026    -0.218 

ddG: H43T     7.123    11.380    -1.406    -3.746    -0.010    -0.682     0.000     0.142    -0.276     2.584    -0.216     0.000    -0.245    -0.379     0.088     0.114     0.006    -0.232 

ddG: H43V     5.101    10.906     0.378    -7.973     0.002     0.660     0.003     0.168    -0.272     2.943     0.103     0.000     0.275    -0.356    -2.409     0.193     0.014     0.467 

ddG: H43W     6.610   -12.483     7.957     5.314     0.079    -2.688    -0.006     0.469    -0.101     3.156    -4.820     0.000     0.483     0.665     6.993     0.872     0.031     0.689 

ddG: H43Y     2.199    -3.604     0.638     1.702     0.111     0.759     0.003     0.317     0.225     2.386    -0.261     0.000    -0.274     0.081     0.207     0.084     0.097    -0.272 

