ddG: description total fa_atr fa_rep fa_sol fa_intra_rep fa_elec pro_close hbond_sr_bb hbond_lr_bb hbond_bb_sc hbond_sc dslf_fa13 rama omega fa_dun p_aa_pp yhh_planarity ref 
ddG: A28A     0.175    -1.534     0.488     1.064    -0.002     1.471    -0.003    -0.510    -0.007    -1.444     0.781     0.000    -0.121    -0.154    -0.192     0.345    -0.006     0.000 

ddG: A28C     0.513    -1.477     0.386     1.011    -0.001     0.209    -0.002     0.056    -0.014    -0.133     0.055     0.000     0.083    -0.125     0.245     0.536    -0.031    -0.287 

ddG: A28D     1.574    -2.673     0.655     3.657     0.006     0.294     0.001     0.129    -0.094    -0.127     0.051     0.000    -0.040    -0.127     1.725     0.404    -0.020    -2.265 

ddG: A28E     1.299    -4.907     0.547     6.088     0.002     0.690    -0.003    -0.598    -0.005    -1.423     0.780     0.000    -0.160    -0.122     2.547     0.455    -0.006    -2.586 

ddG: A28F    -0.909    -6.800     0.412     1.661     0.038     0.100    -0.002    -0.002    -0.014     0.000     0.001     0.000     0.001    -0.049     3.584     0.361    -0.005    -0.196 

ddG: A28G     1.812     1.622     0.253    -0.328    -0.002     0.003     0.001     0.006    -0.007    -0.104     0.054     0.000     0.352    -0.008     0.031     0.507    -0.024    -0.545 

ddG: A28H     1.441    -5.375     0.528     3.026     0.008     1.491     0.002    -0.446    -0.047    -1.424     0.782     0.000     0.055    -0.086     2.686     0.531    -0.007    -0.284 

ddG: A28H     0.693    -4.203     0.202     1.687     0.008     0.056     0.003     0.103    -0.072     0.004    -0.002     0.000     0.081    -0.020     2.830     0.296     0.002    -0.284 

ddG: A28I    -1.516    -2.454     0.075     0.372     0.027    -0.307    -0.003    -0.032    -0.018     0.016    -0.003     0.000     0.126    -0.055     0.229     0.233    -0.008     0.288 

ddG: A28K    -0.051    -2.643     0.286     2.141     0.003     0.166    -0.003     0.071    -0.051    -0.009    -0.001     0.000    -0.153    -0.143     1.073     0.281    -0.007    -1.061 

ddG: A28L    -0.410    -4.007     0.584     2.127     0.005     1.631    -0.004    -0.514     0.004    -1.426     0.784     0.000    -0.064    -0.179     0.245     0.404    -0.011     0.011 

ddG: A28M    -0.592    -3.020     0.332     1.336     0.002     0.016    -0.002    -0.016    -0.025    -0.003    -0.002     0.000     0.026    -0.112     1.170     0.237    -0.007    -0.523 

ddG: A28N     0.321    -4.059     0.874     3.105     0.003     1.425     0.000    -0.409    -0.058    -1.555     0.841     0.000     0.074    -0.140     1.339     0.754    -0.024    -1.849 

ddG: A28P     7.938    -2.865     5.599    -0.487     0.004     0.570     0.331     2.410    -0.060    -0.156     0.046     0.000     0.644     2.957     0.063    -0.118    -0.021    -0.979 

ddG: A28Q    -0.773    -2.840     0.273     1.657     0.007    -0.422     0.003     0.087    -0.060     0.002    -0.002     0.000     0.005    -0.028     2.561     0.114     0.002    -2.134 

ddG: A28R     0.941    -4.142     0.275     4.001     0.008     0.120    -0.002     0.057    -0.045     0.001    -0.001     0.000    -0.128    -0.129     1.613     0.213    -0.005    -0.894 

ddG: A28S     0.249    -0.225     0.349    -0.004     0.005    -0.379     0.001     0.180    -0.109    -0.014    -0.004     0.000    -0.023    -0.099     0.607     0.470    -0.004    -0.502 

ddG: A28T    -0.235    -0.487    -0.123     1.040     0.013    -0.808    -0.003     0.061    -0.032     0.010    -0.002     0.000     0.118    -0.043     0.113     0.433    -0.009    -0.516 

ddG: A28V     0.089    -1.635     0.468     0.473     0.023     0.059    -0.003    -0.002    -0.024    -0.129     0.055     0.000     0.165    -0.092     0.220     0.355    -0.027     0.183 

ddG: A28W    -2.517   -11.878     1.221     3.859     0.031     1.569    -0.007    -0.448    -0.053    -1.523     0.840     0.000    -0.159    -0.144     3.228     0.568    -0.026     0.405 

ddG: A28Y    -0.966    -6.931     0.378     2.273     0.038     0.195    -0.002     0.034    -0.008     0.000    -0.001     0.000    -0.063    -0.056     3.340     0.393     0.001    -0.556 

