ddG: description total fa_atr fa_rep fa_sol fa_intra_rep fa_elec pro_close hbond_sr_bb hbond_lr_bb hbond_bb_sc hbond_sc dslf_fa13 rama omega fa_dun p_aa_pp yhh_planarity ref 
ddG: T36A     0.006     0.874    -0.124    -0.753    -0.003    -0.604    -0.004     0.036    -0.006    -0.126    -0.006     0.001     0.000     0.063    -0.041     0.166     0.016     0.516 

ddG: T36C    -0.326     0.064    -0.415     0.659    -0.001    -0.944    -0.010     0.703     0.058    -0.693     0.584     0.047    -0.280    -0.196    -0.098    -0.047     0.015     0.229 

ddG: T36D     0.160    -0.089    -0.888     0.792     0.015    -0.522    -0.020    -0.285     0.055    -0.210     0.602     0.056     0.180    -0.256     2.983    -0.546     0.041    -1.749 

ddG: T36E    -0.215     0.404    -0.262     0.252    -0.004    -0.710     0.005     0.158     0.020    -0.234     0.009     0.009    -0.126    -0.033     2.323     0.024     0.020    -2.070 

ddG: T36F     0.093    -3.836     0.397     1.153     0.020    -0.031     0.001     0.007    -0.005    -0.181    -0.020     0.010    -0.109     0.030     2.273     0.052     0.012     0.321 

ddG: T36G     1.960     0.608    -0.813    -0.468    -0.001     0.554     0.002     0.214    -0.128    -0.166     0.485     0.116     0.238    -0.301     1.022     0.562     0.065    -0.029 

ddG: T36H     1.229    -3.334    -0.017     1.887     0.004     0.246     0.008     0.147    -0.005    -0.099     0.498     0.050    -0.154    -0.015     1.780    -0.027     0.027     0.232 

ddG: T36H     0.729    -2.981    -0.319     2.102    -0.002    -0.315    -0.006     0.723     0.055    -0.619     0.573     0.048    -0.213    -0.269     1.745    -0.038     0.013     0.232 

ddG: T36I    -0.684    -0.406     0.111    -0.248     0.016    -0.588     0.016     0.019    -0.006    -0.128    -0.002     0.009    -0.238    -0.002     0.231    -0.282     0.009     0.804 

ddG: T36K     0.346    -0.142    -0.473     0.116     0.006    -0.611    -0.034     0.637    -0.085    -0.205     0.105     0.013     0.389    -0.635     2.190    -0.391     0.012    -0.544 

ddG: T36L    -0.148     0.483    -1.053    -0.080     0.006    -0.012    -0.004     0.381     0.025    -0.702     1.999     0.047    -0.345     0.318    -1.390    -0.392     0.044     0.527 

ddG: T36M     0.070    -0.213    -0.113    -0.208    -0.001    -0.342    -0.004     0.025    -0.007    -0.128     0.001    -0.001    -0.061     0.041     1.103    -0.024     0.009    -0.007 

ddG: T36N    -0.122     0.938    -0.475    -0.517    -0.008    -0.704     0.003     0.154     0.060    -0.135     0.003     0.095     0.030    -0.043     1.638     0.148     0.023    -1.333 

ddG: T36P    -0.653    -0.833    -0.569    -0.028    -0.003    -0.395     0.264     0.725    -0.086    -0.683     0.033     0.080    -0.041    -0.177     1.704    -0.227     0.046    -0.462 

ddG: T36Q    -0.168    -0.338    -0.149     0.096    -0.002    -0.435    -0.007     0.011     0.000    -0.077     0.010     0.008    -0.059     0.059     2.246     0.039     0.047    -1.617 

ddG: T36R     1.519    -0.779    -0.188     1.160     0.008    -0.082     0.011     0.121    -0.005    -0.069     0.605     0.044    -0.094     0.008     1.095     0.031     0.031    -0.378 

ddG: T36S     0.123     0.481    -0.065     0.179    -0.002    -0.904    -0.005     0.025    -0.008    -0.161    -0.008     0.006     0.068     0.058     0.300     0.126     0.018     0.015 

ddG: T36T    -0.674     0.027     0.011    -0.016     0.011    -0.580    -0.002     0.043    -0.002    -0.153    -0.003     0.007    -0.016     0.023    -0.033    -0.008     0.018     0.000 

ddG: T36V     0.325     0.098    -0.218    -0.352     0.005     0.396     0.010     0.139    -0.008    -0.230     1.473    -0.004    -0.294     0.300    -1.261    -0.429     0.000     0.699 

ddG: T36W    -0.711    -3.481     0.420     0.189     0.027    -0.501    -0.007     0.022    -0.005    -0.195    -0.199    -0.003     0.065     0.073     2.272    -0.320     0.012     0.921 

ddG: T36Y    -0.962    -2.467     0.334    -0.370     0.023    -0.432     0.006    -0.011     0.036    -0.183    -0.204     0.088    -0.083     0.054     2.288    -0.015     0.015    -0.040 

