ddG: description total fa_atr fa_rep fa_sol fa_intra_rep fa_elec pro_close hbond_sr_bb hbond_lr_bb hbond_bb_sc hbond_sc dslf_fa13 rama omega fa_dun p_aa_pp yhh_planarity ref 
ddG: Q50A     1.255     5.748    -0.460    -5.931    -0.004     1.545     0.004     0.055    -0.133     0.035     1.481     0.000     0.186    -0.089    -3.056    -0.218    -0.044     2.134 

ddG: Q50C     1.558     3.591    -0.178    -3.702    -0.002     1.129     0.004     0.052     0.075     0.059     1.480     0.000     0.217     0.142    -2.817    -0.288    -0.052     1.847 

ddG: Q50D     9.159    -0.268     0.166     4.330     0.003     2.724     0.001    -0.027     0.127    -0.040     1.620     0.000     0.530     0.546    -0.590     0.215    -0.046    -0.131 

ddG: Q50E     3.645    -0.345    -0.035     2.747    -0.001     0.710     0.004    -0.029     0.127    -0.187    -0.308     0.000     0.243     0.349     0.701     0.100     0.021    -0.453 

ddG: Q50F     7.423    -3.014     1.685    -0.888     0.029     4.174     0.001    -0.014     0.312    -0.062     1.487     0.000    -0.200     0.759     1.376    -0.103    -0.056     1.938 

ddG: Q50G     4.282     8.301    -0.773    -6.026    -0.004     1.977     0.000    -0.036    -0.013     0.090     1.486     0.000     0.588    -0.063    -3.220     0.436    -0.051     1.589 

ddG: Q50H     5.511    -3.829     1.413     1.085    -0.001     1.480     0.002    -0.017     0.091    -0.162     1.618     0.000     0.070     0.735     1.120     0.082    -0.025     1.850 

ddG: Q50H     5.759    -5.229     1.675     2.589    -0.004     2.443     0.001    -0.583     0.141    -1.592     2.403     0.000     0.037     0.734     1.025     0.296    -0.027     1.850 

ddG: Q50I     1.983     0.429     1.052    -2.760     0.021     1.939     0.001     0.016    -0.327    -0.059     0.736     0.000     0.267     0.604    -2.363     0.067    -0.064     2.421 

ddG: Q50K     3.224     0.771    -0.136    -0.345    -0.003     1.643     0.001    -0.034     0.054     0.040     1.646     0.000     0.031     0.076    -1.659     0.097    -0.033     1.073 

ddG: Q50L     4.865    -2.399     1.781    -0.871     0.012     2.963     0.003    -0.524     0.237    -1.431     2.365     0.000     0.196     0.495    -0.324     0.269    -0.051     2.145 

ddG: Q50M     0.902     0.431    -0.219    -2.883     0.004     1.739     0.004     0.044     0.006     0.055     1.531     0.000    -0.015     0.113    -1.243    -0.179    -0.095     1.610 

ddG: Q50N     4.778    -1.837     0.137     2.512    -0.005     2.345     0.002    -0.037     0.121    -0.150     0.544     0.000     0.306     0.288     0.039     0.270    -0.042     0.284 

ddG: Q50P    10.428     4.698     3.270    -6.237     0.016     2.377     1.608    -0.023     1.492    -0.059     0.558     0.000     0.364     2.311    -1.448     0.432    -0.085     1.155 

ddG: Q50Q    -0.130    -0.429     0.191     0.403    -0.004    -0.255     0.002    -0.006     0.024    -0.133     0.050     0.000    -0.002     0.046     0.008    -0.016    -0.008     0.000 

ddG: Q50R     0.952    -1.408    -0.227     2.957     0.010    -1.423     0.007     0.019    -0.088     0.008     0.393     0.000     0.152     0.321    -0.689    -0.279    -0.041     1.240 

ddG: Q50S     3.517     4.991    -0.503    -2.737    -0.004     1.849     0.001    -0.019    -0.030     0.037     1.497     0.000     0.076    -0.157    -2.874    -0.189    -0.053     1.632 

ddG: Q50T     1.522     4.080     0.411    -2.812     0.020     0.510     0.004     0.112    -0.231    -0.036    -0.095     0.000     0.017    -0.099    -1.779    -0.131    -0.066     1.617 

ddG: Q50V     2.187     2.479     0.962    -3.838     0.016     1.888     0.002    -0.002    -0.228    -0.052     0.851     0.000     0.109     0.186    -2.327    -0.112    -0.062     2.317 

ddG: Q50W     5.827    -9.106     1.735     2.728     0.025     3.736     0.008     0.030     0.417    -0.124     2.133     0.000     0.017     0.858     1.086    -0.212    -0.044     2.539 

ddG: Q50Y     6.670    -2.935     1.975    -0.476     0.033     2.448     0.006     0.029     0.108    -0.068     1.138     0.000    -0.088     0.728     1.864    -0.213     0.545     1.578 

