ddG: description total fa_atr fa_rep fa_sol fa_intra_rep fa_elec pro_close hbond_sr_bb hbond_lr_bb hbond_bb_sc hbond_sc dslf_fa13 rama omega fa_dun p_aa_pp yhh_planarity ref 
ddG: C81A     0.533     2.747    -0.537    -3.405    -0.007     0.268    -0.004     0.988    -0.189    -0.035     0.334     0.000     0.365    -0.045    -0.358     0.122     0.000     0.287 

ddG: C81C     1.046     0.644    -0.146    -1.210    -0.006     0.144    -0.003     0.998    -0.218    -0.047     0.361     0.000     0.295     0.080    -0.187     0.340     0.000     0.000 

ddG: C81D     1.157     1.795     0.346     0.714     0.000    -1.281    -0.009     0.904    -0.230    -0.715    -0.398     0.000     0.653     0.174     0.377     0.804     0.000    -1.978 

ddG: C81E    -1.398    -3.358     0.715     4.662     0.003    -3.581    -0.007     0.856    -0.248    -0.701    -2.547     0.000     0.584     0.021     4.093     0.409     0.000    -2.300 

ddG: C81F     2.439    -3.156     0.550     0.359     0.031     1.311    -0.009     1.122    -0.063     0.477     0.042     0.000     0.390     0.115     0.830     0.348     0.000     0.091 

ddG: C81G     2.966     7.230     0.123    -5.016     0.005     1.336    -0.034     1.124    -0.187    -0.032     0.000     0.000     0.865     0.129    -2.910     0.593     0.000    -0.258 

ddG: C81H    -1.833    -2.722     0.374    -0.126    -0.003    -0.358    -0.009     0.849    -0.101     0.217    -0.852     0.000     0.361     0.384     0.012     0.136     0.000     0.003 

ddG: C81H    -2.076    -9.672     0.379     7.698    -0.007    -3.194    -0.001     1.076    -0.072     0.200    -2.352     0.000     0.090     0.093     3.524     0.159     0.000     0.003 

ddG: C81I     1.695    -0.525     1.571    -2.624     0.016     1.242     0.005     0.711    -0.297    -0.081     0.252     0.000     0.832    -0.145    -0.288     0.452     0.000     0.574 

ddG: C81K     2.439    -4.275     1.016     5.550    -0.001    -1.948     0.002     0.967    -0.258     0.013    -1.231     0.000     0.419    -0.404     2.965     0.397     0.001    -0.774 

ddG: C81L     2.111    -4.039     1.752     2.913    -0.004    -1.386    -0.007     0.849    -0.226     0.042    -1.310     0.000     0.804    -0.359     2.218     0.566     0.001     0.298 

ddG: C81M     0.308    -7.830     0.623     6.048    -0.009    -2.012     0.002     1.007    -0.069     0.053    -1.229     0.000     0.136     0.441     3.147     0.236     0.000    -0.237 

ddG: C81N     1.250    -2.027    -0.431     1.813    -0.002    -0.006    -0.005     1.108    -0.263    -0.111    -0.727     0.000     0.460    -0.191     2.642     0.552     0.000    -1.563 

ddG: C81P     7.248     1.893     4.727    -5.843     0.000     1.583     2.548     1.151    -0.063     0.051     0.520     0.000     0.951     0.406    -0.497     0.512     0.000    -0.692 

ddG: C81Q     0.653    -9.074     0.276     8.464    -0.008    -2.536     0.005     1.206     0.271    -0.980    -1.258     0.000    -0.335     1.057     4.824     0.586     0.001    -1.847 

ddG: C81R     3.187    -2.239     0.942     2.997     0.008    -0.415    -0.002     0.997    -0.281    -0.016    -1.428     0.000     0.443     0.092     2.663     0.033     0.001    -0.607 

ddG: C81S     1.426     1.989    -0.632    -0.819    -0.006    -0.128    -0.006     1.023    -0.236    -0.015     0.346     0.000     0.263    -0.032    -0.161     0.053     0.000    -0.215 

ddG: C81T    -0.045     2.684    -0.007    -3.044     0.008     0.318     0.000     0.826    -0.213    -0.001     0.307     0.000     0.404     0.289    -1.593     0.206     0.000    -0.229 

ddG: C81V    -1.076    -1.651     0.518    -0.941     0.013     0.420     0.002    -0.460    -0.068    -0.072     0.279     0.000     0.572     0.153    -0.351     0.039     0.000     0.470 

ddG: C81W     3.015   -10.050     1.245     6.345     0.029     0.218    -0.012     1.144    -0.013     0.449    -0.025     0.000     0.453     0.460     1.978     0.101     0.000     0.692 

ddG: C81Y     0.176   -10.800     0.883     7.876     0.020    -2.628    -0.001     0.998    -0.037    -0.048    -1.266     0.000     0.455     0.069     4.561     0.330     0.032    -0.269 

