ddG: description total fa_atr fa_rep fa_sol fa_intra_rep fa_elec pro_close hbond_sr_bb hbond_lr_bb hbond_bb_sc hbond_sc dslf_fa13 rama omega fa_dun p_aa_pp yhh_planarity ref 
ddG: P18A     1.665     3.735    -1.466     0.188    -0.001     0.249    -0.203     0.094    -0.037     0.059    -0.037    -0.088     0.020    -0.266    -1.947     0.397    -0.012     0.979 

ddG: P18C     6.189     1.523     0.077     2.707     0.007     0.421    -0.198     0.106    -0.121     0.538    -0.059    -0.095     0.717    -0.645    -0.254     0.784    -0.010     0.692 

ddG: P18D    11.294    -1.881     0.188    10.784     0.017    -0.327    -0.188     0.354    -0.058    -0.618     0.436    -0.056     1.082    -1.020     3.257     0.597     0.013    -1.286 

ddG: P18E    10.313     0.353     0.004     5.590     0.069     3.179    -0.208     0.069    -0.034    -0.181     1.126    -0.085     0.254    -0.289     2.019     0.065    -0.010    -1.608 

ddG: P18F     1.158    -6.976     2.535     0.606     0.080     0.502    -0.205    -0.505     0.030     0.241     0.339    -0.100     1.028    -0.760     3.185     0.381    -0.005     0.783 

ddG: P18G     4.795     6.588    -1.413     0.012     0.005     0.007    -0.204     0.113    -0.056     0.132    -0.047    -0.084     0.509    -0.182    -1.893     0.895    -0.021     0.434 

ddG: P18H     5.415    -6.562     0.916     5.957     0.043     0.814    -0.210     0.185    -0.204     0.339     0.796    -0.086     0.301    -0.930     2.481     0.863     0.018     0.695 

ddG: P18H     4.007    -6.475     1.508     6.201     0.028     0.129    -0.201    -0.522     0.105     0.346     0.713    -0.069     0.209    -0.492     1.181     0.633     0.019     0.695 

ddG: P18I     6.180    -1.698     3.568     1.758     0.044    -0.860    -0.227     0.753     0.013    -0.262    -0.435    -0.084     0.818    -0.715     1.808     0.372     0.062     1.266 

ddG: P18K     7.084    -2.933     0.075     8.452     0.076    -1.228    -0.212     0.782    -0.003    -0.431     0.577    -0.109     0.092    -0.458     2.121     0.371    -0.006    -0.082 

ddG: P18L    10.435    -1.932     4.097     0.618     0.405     0.547    -0.220     0.087     0.019     0.440     0.942    -0.014     0.644    -0.118     3.317     0.609     0.004     0.990 

ddG: P18M     6.948    -1.856     0.977     1.493     0.029     0.602    -0.201     0.099    -0.233     0.189    -0.034    -0.120     0.457    -0.602     4.621     1.092    -0.021     0.455 

ddG: P18N     6.044    -1.559     0.687     6.426     0.021    -0.353    -0.206     0.157     0.019     0.228     0.152     0.021     0.654    -0.446     0.378     0.744    -0.008    -0.871 

ddG: P18P    -0.138    -0.025    -0.006     0.003     0.000    -0.114    -0.002    -0.003     0.001    -0.003     0.003    -0.004    -0.004     0.018    -0.013     0.006     0.006     0.000 

ddG: P18Q     4.436    -4.756    -0.392     7.901     0.062    -0.092    -0.223     0.767    -0.202    -0.464    -0.243    -0.080     0.553    -1.121     3.213     0.660     0.008    -1.155 

ddG: P18R    12.266    -7.358     0.715    10.310     0.071     0.935    -0.203     0.304    -0.205     0.574    -0.062    -0.101     0.695    -0.597     6.659     0.469    -0.026     0.084 

ddG: P18S     2.850     4.009    -1.796     2.645     0.009    -0.599    -0.210     0.307    -0.014    -0.017    -0.756    -0.090    -0.060    -0.313    -1.281     0.557    -0.019     0.477 

ddG: P18T     5.842     0.060    -0.096     3.839     0.015     0.143    -0.196     0.400    -0.216     0.136    -0.675    -0.118    -0.167     0.079     1.183     1.005    -0.013     0.462 

ddG: P18V     3.154    -1.373     0.346     1.474     0.037     0.761    -0.199     0.343    -0.106     0.521     0.408     0.034     0.505    -0.449    -0.985     0.649     0.029     1.162 

ddG: P18W     1.165   -11.462     2.293     5.237     0.052     0.200    -0.213    -0.043     0.145    -0.334     0.527     0.044     0.603    -0.068     2.573     0.216     0.012     1.384 

ddG: P18Y     2.209    -8.591     2.620     3.837     0.064     0.039    -0.218     0.068    -0.005     0.357    -0.550    -0.037     0.625    -0.434     3.182     0.825     0.005     0.423 

