ddG: description total fa_atr fa_rep fa_sol fa_intra_rep fa_elec pro_close hbond_sr_bb hbond_lr_bb hbond_bb_sc hbond_sc dslf_fa13 rama omega fa_dun p_aa_pp yhh_planarity ref 
ddG: N60A     0.544     9.386     0.298   -10.397    -0.006     2.638    -0.004    -0.287     0.121    -0.037     1.426     0.000     0.062     0.015    -4.667     0.147     0.000     1.849 

ddG: N60C     0.315     2.186     0.307    -2.198    -0.010    -0.273     0.002    -0.025     0.156    -0.039    -0.175     0.000    -0.121    -0.196    -0.973     0.110     0.000     1.563 

ddG: N60D     1.126     0.135     0.331     1.375     0.001    -0.274     0.003    -0.026     0.163    -0.043    -0.202     0.000    -0.269    -0.143     0.816    -0.325     0.000    -0.415 

ddG: N60E     0.916     1.322     0.314    -0.980    -0.005     0.135     0.001    -0.047     0.156    -0.021    -0.177     0.000    -0.167    -0.246     1.322     0.046     0.000    -0.737 

ddG: N60F     0.761     3.500     0.125    -5.740     0.021     1.841    -0.005    -0.195     0.124    -0.069     1.398     0.000     0.033     0.006    -1.730    -0.202     0.000     1.654 

ddG: N60G     0.815     7.254     0.157    -7.963    -0.009     1.897    -0.006    -0.212     0.122    -0.071     1.383     0.000     0.173    -0.019    -3.369     0.174     0.000     1.304 

ddG: N60H     1.053     6.687     0.430    -7.547     0.002     2.297    -0.007    -0.010     0.184     0.007     1.016     0.000    -0.202    -0.066    -2.989    -0.313     0.000     1.566 

ddG: N60H     1.048     6.648     0.417    -7.522     0.001     2.296    -0.004    -0.005     0.178     0.005     1.010     0.000    -0.228    -0.061    -2.955    -0.298     0.000     1.566 

ddG: N60I     0.102     4.126     0.297    -5.113     0.018     1.874    -0.003    -1.222     0.337    -0.033     1.014     0.000    -0.098    -0.125    -3.127     0.021     0.000     2.137 

ddG: N60K    -1.369     8.818     0.217    -9.688    -0.003     2.768    -0.005    -1.551     0.286    -0.063     1.404     0.000    -0.052     0.128    -4.001    -0.414     0.000     0.789 

ddG: N60L    -0.137     1.467     0.292    -1.748    -0.003    -0.340     0.002    -0.050     0.158    -0.041    -0.166     0.000    -0.169    -0.212    -1.152    -0.037     0.000     1.861 

ddG: N60M    -0.195     1.380    -0.036    -1.767    -0.006    -0.032     0.001    -0.037     0.004     0.032     0.030     0.000     0.100    -0.068    -1.571     0.449     0.000     1.326 

ddG: N60N     0.560     7.164     0.290    -7.956     0.004     2.622    -0.005    -0.239     0.122    -0.052     1.356     0.000    -0.046     0.116    -2.324    -0.492     0.000     0.000 

ddG: N60P     3.472     4.037     2.484    -6.853    -0.005     1.241     1.536     0.050     0.115    -0.016     1.490     0.000     0.775     0.222    -2.586     0.110     0.001     0.871 

ddG: N60Q    -0.660     7.759     0.255    -8.734    -0.001     2.257    -0.005    -0.289     0.118    -0.047     0.878     0.000    -0.033    -0.001    -2.549     0.016     0.000    -0.284 

ddG: N60R     1.454     5.937     0.128    -6.771     0.003     1.920    -0.004    -0.218     0.126    -0.078     1.391     0.000    -0.004     0.014    -1.900    -0.045     0.000     0.955 

ddG: N60S     0.081     2.121     0.327    -1.648    -0.010    -0.609    -0.001    -0.046     0.148    -0.014    -0.176     0.000    -0.308    -0.253    -0.873     0.074     0.000     1.348 

ddG: N60T     0.031     8.758     0.237    -9.101    -0.003     2.289    -0.007    -0.285     0.121    -0.055     1.381     0.000     0.031     0.070    -4.675    -0.064     0.000     1.333 

ddG: N60V     0.225     1.101     0.278    -1.753     0.005    -0.363     0.002    -0.046     0.161    -0.044    -0.167     0.000     0.067    -0.190    -1.166     0.308     0.000     2.032 

ddG: N60W    -0.457    -1.594     0.669    -3.119     0.035     0.933    -0.001    -1.751     0.305    -0.073     1.157     0.000    -0.020     0.322     0.847    -0.421    -0.001     2.255 

ddG: N60Y     0.311     3.480     0.131    -5.552     0.020     1.652    -0.005    -0.207     0.124    -0.042     1.403     0.000    -0.028     0.024    -1.752    -0.234     0.003     1.294 

