ddG: description total fa_atr fa_rep fa_sol fa_intra_rep fa_elec pro_close hbond_sr_bb hbond_lr_bb hbond_bb_sc hbond_sc dslf_fa13 rama omega fa_dun p_aa_pp yhh_planarity ref 
ddG: S42A    -0.354     0.177     0.122    -1.205     0.000    -0.143    -0.003    -0.017    -0.015     0.079    -0.059     0.001     0.028     0.202    -0.093     0.070     0.000     0.502 

ddG: S42C    -0.434    -0.643     0.097    -0.106     0.000     0.144    -0.001     0.001    -0.013     0.031     0.052     0.000    -0.165     0.003     0.021    -0.079     0.009     0.215 

ddG: S42D    -0.004    -2.492     0.036     3.351     0.003    -0.472     0.002    -0.004     0.003     0.007     0.020     0.000    -0.297     0.134     1.817    -0.353     0.004    -1.763 

ddG: S42E    -1.382    -3.073     0.376     2.619     0.005    -1.757     0.006    -0.014    -0.006     0.025    -0.225     0.001    -0.070     0.005     2.781     0.029    -0.001    -2.085 

ddG: S42F    -2.652    -6.033     0.474     1.062     0.028     0.056     0.002     0.086    -0.012     0.093     0.003     0.002    -0.216    -0.152     1.908    -0.245    -0.015     0.306 

ddG: S42G    -1.535     1.167     0.241    -1.428    -0.003     0.033     0.003     0.213    -0.022    -0.018    -0.002     0.002    -0.638    -0.065    -0.034    -0.941     0.001    -0.043 

ddG: S42H    -1.896    -5.022     0.003     2.015     0.003     0.065    -0.006     0.061    -0.021     0.057     0.040     0.000    -0.443     0.096     1.657    -0.620     0.001     0.218 

ddG: S42H    -2.188    -5.269     0.153     2.033     0.003    -0.185    -0.007     0.070    -0.018     0.105    -0.074     0.000    -0.433     0.209     1.627    -0.620    -0.001     0.218 

ddG: S42I     1.109    -3.085     0.183     0.013     0.371     0.005     0.001     0.010    -0.017     0.030    -0.045     0.000     0.572     0.294     0.567     1.423    -0.002     0.789 

ddG: S42K    -0.340    -2.078     0.200     0.620     0.007     0.073     0.002    -0.022    -0.016     0.075    -0.032     0.001    -0.273     0.002     2.031    -0.371    -0.001    -0.559 

ddG: S42L    -1.887    -3.406     0.394     0.244     0.008    -0.048    -0.004     0.059    -0.016     0.034    -0.024     0.000    -0.024     0.007     0.281     0.096    -0.003     0.513 

ddG: S42M    -0.445    -2.275     0.524     0.350     0.003    -0.110    -0.002     0.005    -0.033     0.101    -0.038     0.001    -0.057    -0.173     1.300    -0.006    -0.012    -0.022 

ddG: S42N    -2.301    -2.891     0.221     1.945     0.003    -0.415     0.002     0.031    -0.018     0.005    -0.017     0.000    -0.589     0.064     1.501    -0.796    -0.002    -1.348 

ddG: S42P    60.027    -5.870     1.819     1.113     0.033     0.411    14.442     0.899    -0.038    -0.026     0.258     0.000     1.558    30.857    15.275    -0.220    -0.008    -0.477 

ddG: S42Q    -1.247    -2.625     0.310     0.959     0.004    -0.098     0.010    -0.004    -0.033     0.093     0.002     0.001    -0.335    -0.028     2.291    -0.139    -0.023    -1.632 

ddG: S42R     0.399    -2.752     0.248     1.936     0.014     0.189     0.000     0.003    -0.065     0.039     0.045     0.000    -0.278     0.014     1.601    -0.183    -0.021    -0.392 

ddG: S42S     0.020    -0.376     0.167     0.229     0.000    -0.021     0.006    -0.005    -0.010     0.075    -0.068     0.001     0.045     0.008    -0.055     0.035    -0.013     0.000 

ddG: S42T     1.133    -1.613     0.418     0.745     0.044     0.206     0.000    -0.007    -0.026     0.058    -0.021     0.001     0.526    -0.135     0.392     0.574    -0.016    -0.015 

ddG: S42V     0.315    -1.940     0.198    -0.507     0.037     0.095    -0.001    -0.031    -0.024     0.003    -0.007     0.000     0.612     0.284     0.334     0.593    -0.014     0.685 

ddG: S42W    -0.294    -7.581     0.189     3.143     0.025     0.458    -0.004    -0.005    -0.030     0.176     0.000     0.001    -0.081    -0.010     2.369     0.139     0.010     0.907 

ddG: S42Y    -1.708    -6.291     0.307     1.352     0.031     0.019    -0.005     0.024    -0.028     0.148    -0.052     0.001    -0.229     0.027     3.145    -0.111     0.006    -0.054 

