ddG: description total fa_atr fa_rep fa_sol fa_intra_rep fa_elec pro_close hbond_sr_bb hbond_lr_bb hbond_bb_sc hbond_sc dslf_fa13 rama omega fa_dun p_aa_pp yhh_planarity ref 
ddG: V114A     1.511     3.088    -1.987    -2.091     0.002     2.317     0.007    -0.072    -0.013     0.419     2.752     0.000     0.028    -0.089    -2.695     0.028    -0.001    -0.183 

ddG: V114C     2.749     2.838    -2.753     0.485    -0.007     1.309     0.015     0.565    -0.302     1.419     2.344     0.000     0.066    -0.230    -2.587     0.052     0.005    -0.470 

ddG: V114D     2.783     1.264    -1.988     1.255     0.005     2.108     0.007    -0.075    -0.001     0.421     2.755     0.000     0.212    -0.122    -0.721     0.108     0.002    -2.448 

ddG: V114E    -0.326    -0.412    -2.464     3.706    -0.002    -0.964     0.014     0.247    -0.097     0.374     1.511     0.000     0.145    -0.270     0.587     0.076    -0.008    -2.769 

ddG: V114F     0.266     0.355    -2.177    -0.209     0.021     1.234     0.008     0.094    -0.182     0.500     2.804     0.000     0.034    -0.566    -1.066    -0.211     0.004    -0.379 

ddG: V114G     3.023     4.752    -1.111    -1.028    -0.024    -0.859     0.006     0.635    -0.237     1.032    -0.359     0.000     0.347    -0.125     0.095     0.635    -0.009    -0.728 

ddG: V114H     2.087     0.672    -2.079     0.242    -0.002     1.921     0.008     0.137    -0.215     0.378     2.737     0.000     0.023    -0.535    -0.756     0.032    -0.010    -0.467 

ddG: V114H     1.903    -0.101    -1.952     0.168     0.004     2.337     0.007    -0.089    -0.001     0.414     2.776     0.000    -0.025    -0.135    -0.973    -0.061    -0.001    -0.467 

ddG: V114I     0.785     0.257    -1.250     0.596     0.016     0.954     0.006     0.107    -0.461     0.380     2.804     0.000     0.216    -0.546    -2.454     0.054     0.002     0.105 

ddG: V114K     3.612     1.441    -1.696     0.628     0.012     2.120     0.000     0.153    -0.070     1.925     2.824     0.000     0.046    -0.567    -1.586    -0.363    -0.009    -1.244 

ddG: V114L     0.697     1.242    -1.972    -0.585     0.010     2.209     0.007    -0.069    -0.068     0.386     2.763     0.000    -0.108    -0.166    -2.519    -0.262     0.001    -0.172 

ddG: V114M     1.483     1.265    -2.133    -0.742     0.003     2.683     0.004    -0.110     0.000     0.529     2.826     0.000    -0.032    -0.135    -1.781    -0.189     0.001    -0.706 

ddG: V114N     1.820     2.186    -3.508     0.511    -0.006     0.829     0.008     0.100    -0.095     0.192     2.569     0.000    -0.030    -0.468     1.370     0.190     0.005    -2.032 

ddG: V114P     5.467     0.186     3.472    -0.994    -0.013     0.185     0.057     0.112     2.372     0.048    -0.077     0.000     0.255     0.740     0.754    -0.480     0.013    -1.162 

ddG: V114Q    -0.358     0.516    -1.863     0.265     0.003     1.342     0.003    -0.110     0.038     0.504     2.076     0.000    -0.042    -0.022    -0.663    -0.086    -0.002    -2.317 

ddG: V114R     2.628    -0.050    -2.635     2.723     0.001     1.523     0.015     0.300    -0.140     0.400     1.827     0.000     0.253    -0.386    -0.265     0.106     0.032    -1.077 

ddG: V114S     2.860     4.113    -3.474    -0.665    -0.008     0.885     0.008     0.097    -0.107     0.188     2.572     0.000    -0.116    -0.488     0.483     0.052     0.005    -0.685 

ddG: V114T     2.669     1.961    -2.637     1.313     0.002     1.250     0.015     0.559    -0.369     1.473     2.352     0.000     0.234    -0.227    -2.739     0.181     0.001    -0.699 

ddG: V114V     1.622     1.760    -2.707    -0.266     0.008     1.536     0.015     0.579    -0.337     1.471     2.301     0.000     0.041    -0.234    -2.482    -0.064     0.000     0.000 

ddG: V114W     0.744    -0.730    -2.027     1.134     0.024     0.920     0.009     0.112    -0.176     0.385     2.751     0.000     0.006    -0.476    -1.303    -0.094    -0.013     0.222 

ddG: V114Y     0.807    -1.266    -1.880     1.363     0.026     2.102     0.007    -0.102    -0.006     0.417     2.804     0.000    -0.095    -0.093    -1.457    -0.277     0.000    -0.739 

