ddG: description total fa_atr fa_rep fa_sol fa_intra_rep fa_elec pro_close hbond_sr_bb hbond_lr_bb hbond_bb_sc hbond_sc dslf_fa13 rama omega fa_dun p_aa_pp yhh_planarity ref 
ddG: R56A    -0.304    15.881    -2.630   -17.001    -0.009     3.193     0.010     0.407    -0.054     3.472     0.370     0.000    -0.202     0.048    -3.986    -0.693    -0.003     0.894 

ddG: R56C     1.036    14.629    -2.064   -14.848    -0.013     1.847     0.012     0.637    -0.178     3.570     0.358     0.000     0.002    -0.063    -3.248    -0.202    -0.010     0.607 

ddG: R56D     3.554    10.434    -1.583    -7.855    -0.006     2.863     0.005     0.154    -0.083     2.432     0.876     0.000     0.252    -0.408    -1.807    -0.355     0.006    -1.371 

ddG: R56E     4.814     9.018    -1.288    -7.516    -0.012     1.469     0.001     0.151    -0.054     2.228     0.609     0.000     0.013    -0.498     2.521    -0.138     0.002    -1.692 

ddG: R56F    -0.125     4.819     0.867   -11.889     0.020    -0.329     0.000     0.690    -0.148     3.177    -2.530     0.000    -0.002     0.386     4.240    -0.108    -0.016     0.698 

ddG: R56G     1.049    18.564    -2.837   -16.412    -0.017     1.679     0.010     0.633    -0.187     3.548     0.480     0.000     0.126    -0.349    -4.198    -0.330    -0.009     0.349 

ddG: R56H     3.441     4.938    -0.449    -9.815     0.005     3.011    -0.001    -0.022     0.010     2.240     0.878     0.000     0.227     0.355     1.792    -0.342     0.003     0.610 

ddG: R56H     2.868     6.271     1.498    -9.566    -0.020     0.822    -0.015     0.031    -0.239     2.400    -2.357     0.000    -0.069     0.317     3.630    -0.438    -0.007     0.610 

ddG: R56I    -1.247     6.203     2.986   -12.032    -0.007     0.269    -0.007     0.059     0.397     2.382    -1.894     0.000     0.400     0.135    -1.851     0.535    -0.004     1.182 

ddG: R56K     1.778    10.494    -0.604   -11.579     0.009     1.706    -0.007    -0.050    -0.225     2.676     0.415     0.000     0.121     0.225    -0.856    -0.382     0.001    -0.167 

ddG: R56L    -1.081     9.944    -0.434   -14.214    -0.007     1.330     0.003     0.141    -0.206     2.254     0.602     0.000     0.043    -0.415    -1.088     0.056     0.006     0.905 

ddG: R56M    -1.534     9.647     1.610   -13.551    -0.023     0.384    -0.007     0.081     0.127     2.474    -2.006     0.000     0.034     0.003    -0.371    -0.301    -0.005     0.371 

ddG: R56N    -0.381     9.106    -1.179   -11.117    -0.001     3.118     0.001    -0.019     0.076     1.752     0.836     0.000     0.359     0.125    -2.374    -0.114     0.005    -0.955 

ddG: R56P     6.633    12.847     2.531   -16.401    -0.012     2.331     0.508     0.101     2.479     2.454     0.642     0.000     0.011    -0.135     0.046    -0.683    -0.001    -0.084 

ddG: R56Q     2.398     9.333    -2.092   -10.091    -0.020     1.395     0.004     0.601    -0.132     3.306     0.117     0.000    -0.171    -0.100     1.666    -0.177    -0.002    -1.240 

ddG: R56R     0.383     3.564    -0.833    -3.801     0.001     1.532     0.008     0.415    -0.087     1.145     0.304     0.000     0.049     0.148    -1.863    -0.195    -0.005     0.000 

ddG: R56S    -0.841    15.115    -1.965   -14.310    -0.006     1.460     0.006     0.190    -0.077     2.423     0.880     0.000     0.077    -0.681    -3.636    -0.704    -0.006     0.392 

ddG: R56T     1.943    13.453    -3.209   -12.411    -0.020     1.774     0.007     0.591    -0.035     3.408     0.196     0.000    -0.225     0.004    -1.647    -0.329     0.008     0.378 

ddG: R56V    -1.016    10.779    -0.004   -15.086     0.005     1.909     0.002     0.176     0.110     2.652     0.786     0.000     0.500    -0.345    -3.816     0.235     0.006     1.077 

ddG: R56W    -0.122     1.567    -0.089   -10.231     0.016     2.048     0.001     0.166    -0.089     2.570     0.940     0.000     0.684     0.992     0.169    -0.164    -0.002     1.299 

ddG: R56Y     0.507     4.182     0.611   -10.217     0.018    -0.153     0.001     0.689    -0.149     3.268    -2.473     0.000     0.017     0.367     4.094    -0.090     0.003     0.338 

