ddG: description total fa_atr fa_rep fa_sol fa_intra_rep fa_elec pro_close hbond_sr_bb hbond_lr_bb hbond_bb_sc hbond_sc dslf_fa13 rama omega fa_dun p_aa_pp yhh_planarity ref 
ddG: F80A     7.934    12.039    -0.604    -2.293    -0.025     0.052    -0.004     0.069    -0.133    -0.011    -0.063     0.000     0.135    -0.276    -1.514     0.381    -0.015     0.196 

ddG: F80C     8.260     5.086     1.275     3.993    -0.024    -0.429    -0.007    -0.121    -0.254    -0.006    -1.657     0.000     0.096     0.079     0.069     0.277    -0.026    -0.091 

ddG: F80D    11.097     7.414    -0.534     5.488    -0.029     0.158    -0.007    -0.142    -0.040     0.002    -0.087     0.000     0.253    -0.138     0.263     0.570    -0.004    -2.069 

ddG: F80E    11.110     2.997     0.217     9.156    -0.026     1.163    -0.004    -0.574    -0.089    -1.562    -0.004     0.000    -0.039    -0.180     1.887     0.581    -0.023    -2.391 

ddG: F80F     0.850    -1.197     0.298     1.372    -0.002     1.547    -0.001    -0.563     0.027    -1.429     0.779     0.000    -0.026    -0.051    -0.142     0.237     0.000     0.000 

ddG: F80G    10.092     7.259     1.422     2.894    -0.026    -0.739    -0.007    -0.081    -0.258    -0.163    -1.711     0.000     0.702     0.185    -0.088     1.069    -0.016    -0.349 

ddG: F80H     5.636     2.846    -0.357     2.866    -0.026     0.068     0.000    -0.037    -0.089     0.004    -0.016     0.000     0.088     0.051     0.200     0.128     0.000    -0.088 

ddG: F80H     5.832     1.766    -0.121     3.830    -0.031     0.532    -0.006    -0.095    -0.042    -0.132     0.036     0.000     0.012    -0.015    -0.016     0.230    -0.029    -0.088 

ddG: F80I     7.741     8.022    -0.264    -0.154    -0.002     1.070    -0.006    -0.151    -0.034     0.008    -0.074     0.000     0.065    -0.241    -1.041     0.071    -0.012     0.483 

ddG: F80K     8.126     8.523    -0.347     2.372    -0.019    -1.584    -0.006    -0.010    -0.032    -0.147    -0.841     0.000    -0.047    -0.349     1.271     0.235    -0.026    -0.865 

ddG: F80L     5.271     0.675     1.707     4.716    -0.008    -0.681    -0.008    -0.039    -0.279    -0.004    -1.747     0.000     0.051     0.160     0.198     0.320     0.002     0.207 

ddG: F80M     5.188     4.892    -0.125    -0.122    -0.026     0.531    -0.004     0.002    -0.158    -0.012    -0.068     0.000    -0.064    -0.163     0.534     0.296     0.003    -0.328 

ddG: F80N     8.467     6.147    -0.258     3.761    -0.032     1.769    -0.007    -0.700     0.006    -1.439     0.703     0.000     0.067    -0.206    -0.416     0.737    -0.011    -1.654 

ddG: F80P     8.406     9.502    -0.427    -0.707    -0.027     1.239     0.440     0.002     1.431    -0.131    -0.070     0.000     0.240     0.244    -1.884    -0.647    -0.016    -0.783 

ddG: F80Q     8.722     0.875     1.439     7.086    -0.016    -0.380    -0.008    -0.173    -0.215     0.003    -1.728     0.000     0.094     0.084     3.125     0.500    -0.025    -1.938 

ddG: F80R    10.033    -1.273     1.320    12.051    -0.007    -1.573    -0.010    -0.031    -0.183    -0.014    -2.144     0.000     0.112     0.096     1.957     0.438    -0.007    -0.698 

ddG: F80S     9.655    11.064    -0.561    -0.142    -0.032     0.871    -0.006    -0.108    -0.105     0.002    -0.058     0.000     0.062    -0.142    -1.255     0.378    -0.005    -0.306 

ddG: F80T     7.754    10.346    -0.404    -0.608    -0.026     0.123     0.000    -0.084    -0.103     0.007    -0.077     0.000     0.121    -0.076    -1.136    -0.014     0.006    -0.321 

ddG: F80V     8.146     8.264     0.075    -0.275    -0.014     2.352    -0.004    -0.605    -0.104    -1.436     0.714     0.000    -0.097    -0.252    -1.054     0.210    -0.005     0.379 

ddG: F80W     3.223    -4.824     1.495     4.166    -0.008     2.185    -0.008    -0.831     0.129    -1.422     0.682     0.000    -0.129    -0.111     0.946     0.366    -0.013     0.601 

ddG: F80Y     1.445    -1.783     0.377     3.293    -0.002    -0.160    -0.005     0.016    -0.086    -0.019    -0.039     0.000    -0.098    -0.044     0.250     0.051     0.054    -0.360 

