ddG: description total fa_atr fa_rep fa_sol fa_intra_rep fa_elec pro_close hbond_sr_bb hbond_lr_bb hbond_bb_sc hbond_sc dslf_fa13 rama omega fa_dun p_aa_pp yhh_planarity ref 
ddG: P127A     0.682     5.959    -0.734    -1.090     0.020     0.851    -0.094    -0.284    -0.038    -0.312    -0.019     0.000    -0.298    -0.670    -2.906    -0.695     0.013     0.979 

ddG: P127C     0.963     2.855     0.661     0.812     0.025     0.666    -0.101    -0.673     0.060    -1.368     0.448     0.000    -0.075    -0.623    -1.635    -0.785     0.005     0.692 

ddG: P127D     4.765    -1.129     0.012    10.670     0.029     0.663    -0.093    -0.232    -0.020    -1.045     0.014     0.000    -0.495    -0.443    -0.791    -1.089     0.000    -1.286 

ddG: P127E     4.960    -4.859    -0.065    11.414     0.060    -0.038    -0.102    -0.654     0.164    -1.541     0.334     0.000    -0.307    -0.693     3.417    -0.582     0.020    -1.608 

ddG: P127F     9.735   -11.274     7.793     4.122     0.250    -0.963    -0.095     0.210     0.981     0.973    -2.411     0.000    -0.657     1.191     9.629    -0.800     0.002     0.783 

ddG: P127G     4.066     9.745     0.974    -1.734    -0.003    -0.141    -0.101    -0.491     0.150    -0.711    -2.867     0.000    -0.498    -0.267     0.287    -0.723     0.012     0.434 

ddG: P127H     3.835   -10.350     3.772     8.039     0.162    -0.196    -0.097    -0.338     0.074    -1.276     0.623     0.000    -0.200    -0.305     3.854    -0.641     0.020     0.695 

ddG: P127H     5.168    -9.060     1.389     7.672     0.138    -0.070    -0.093     0.089     0.141    -0.565    -0.077     0.000    -0.700    -0.119     6.307    -0.598     0.017     0.695 

ddG: P127I     8.079    -5.684     6.490     3.705     0.080    -0.128    -0.109    -0.414     1.058    -1.311    -0.081     0.000    -0.155     1.007     2.574    -0.251     0.031     1.266 

ddG: P127K    17.662    -3.422     8.513    10.280     0.027    -0.267    -0.115    -0.024     0.718    -1.611    -2.022     0.000    -0.200     0.163     5.468     0.213     0.022    -0.082 

ddG: P127L    15.456    -0.637     6.515     0.865     0.024     0.998    -0.093     0.012     0.384    -0.368     0.125     0.000    -0.055     2.741     4.370    -0.441     0.029     0.990 

ddG: P127M     3.268    -4.210     3.820     3.418     0.013    -1.964    -0.098     0.225     0.085    -0.638    -2.655     0.000    -0.630    -0.355     5.982    -0.194     0.013     0.455 

ddG: P127N     2.340    -1.075     1.896     5.978     0.010     0.046    -0.102    -0.386     0.199    -1.596    -2.905     0.000    -0.725     0.028     2.819    -0.988     0.012    -0.871 

ddG: P127P    -0.050    -0.612    -0.371     0.297     0.007    -0.450    -0.009    -0.447     0.159    -1.352     0.216     0.000    -0.103    -0.201     2.693     0.104     0.020     0.000 

ddG: P127Q     1.862    -4.737     2.699     8.033     0.031    -1.245    -0.097    -0.146     0.171    -0.613    -2.111     0.000    -0.467    -0.727     2.842    -0.616    -0.001    -1.155 

ddG: P127R    20.888    -8.562     8.181    18.216     0.019    -0.760    -0.100     0.336     0.401    -0.460    -2.578     0.000    -0.095     1.091     4.939     0.175     0.001     0.084 

ddG: P127S     2.677     3.827    -1.255     3.560     0.016    -0.342    -0.101    -0.572     0.138    -2.063     0.248     0.000    -0.331    -0.798     0.433    -0.580     0.021     0.477 

ddG: P127T     6.178     2.322     1.559     2.755     0.023     0.363    -0.107    -0.403     0.319    -2.326     0.243     0.000    -0.352     1.179    -0.296     0.417     0.022     0.462 

ddG: P127V     0.746    -1.503     3.949     1.328     0.118    -1.578    -0.105    -0.413     0.035    -1.638    -2.176     0.000    -0.065    -0.296     1.629     0.281     0.018     1.162 

ddG: P127W    31.636   -16.318    24.674     7.676     0.050     0.740    -0.095    -0.007     4.439    -0.397    -1.613     0.000     0.654     4.813     5.816    -0.184     0.005     1.384 

ddG: P127Y    19.208   -10.636    11.102     4.478     0.452     1.975    -0.102     0.880     1.487    -1.374     0.924     0.000    -0.262     2.866     7.406    -0.546     0.134     0.423 

