ddG: description total fa_atr fa_rep fa_sol fa_intra_rep fa_elec pro_close hbond_sr_bb hbond_lr_bb hbond_bb_sc hbond_sc dslf_fa13 rama omega fa_dun p_aa_pp yhh_planarity ref 
ddG: E12A     2.213     3.734     0.603    -5.833    -0.002     3.245     0.000    -0.461    -0.098    -1.429     2.053     0.000    -0.019    -0.127    -2.465     0.431    -0.004     2.586 

ddG: E12C     1.756     3.097     0.156    -4.651    -0.002     2.136    -0.003     0.054    -0.085     0.038     1.302     0.000    -0.218    -0.136    -2.406     0.188    -0.013     2.300 

ddG: E12D     4.032    -0.317     0.009     2.312     0.003     1.230     0.000     0.034     0.261     0.063     0.126     0.000     0.185    -0.134     0.042    -0.107     0.003     0.322 

ddG: E12E    -0.013    -1.359     0.671     0.247     0.003     1.526     0.000    -0.434    -0.071    -1.434     0.781     0.000    -0.134    -0.149     0.002     0.343    -0.005     0.000 

ddG: E12F    -0.149    -4.137     1.634    -3.265     0.027     3.430     0.000    -0.477    -0.287    -1.473     2.179     0.000    -0.326    -0.035    -0.183     0.393    -0.018     2.391 

ddG: E12G     5.483     5.547     0.644    -5.094    -0.007     3.718    -0.002    -0.501    -0.178    -1.506     2.056     0.000     0.418    -0.072    -2.622     1.073    -0.033     2.041 

ddG: E12H     0.937    -1.353     0.573    -3.335     0.004     1.427     0.003     0.073    -0.251     0.043     1.284     0.000    -0.144     0.056     0.199     0.054     0.001     2.303 

ddG: E12H     1.007    -2.386     0.839    -2.392    -0.003     1.704    -0.002     0.038    -0.194    -0.085     1.340     0.000    -0.218    -0.034    -0.042     0.166    -0.026     2.303 

ddG: E12I    -0.082    -0.568     0.832    -3.973     0.009     3.374    -0.003    -0.536    -0.183    -1.401     2.057     0.000    -0.339    -0.021    -2.387     0.206    -0.026     2.874 

ddG: E12K     2.303    -0.033     0.614    -2.879     0.005     3.334    -0.001    -0.429    -0.046    -1.448     2.071     0.000    -0.162    -0.213    -0.476     0.451    -0.010     1.526 

ddG: E12L     1.311    -0.092     0.928    -4.545     0.016     3.171    -0.001     0.072     0.440    -0.086     1.425     0.000    -0.036    -0.046    -2.605     0.103    -0.030     2.598 

ddG: E12M     0.133     0.227     0.525    -4.347    -0.002     1.992    -0.002     0.061    -0.049    -0.122     1.333     0.000    -0.252    -0.066    -1.277     0.087    -0.038     2.063 

ddG: E12N     1.861    -0.311     0.315    -2.012     0.008     2.065     0.001     0.141     0.069     0.012     1.307     0.000     0.040    -0.247    -0.291     0.026     0.002     0.737 

ddG: E12P    14.373     3.152     3.057    -6.549     0.130     4.075     1.574    -0.880     3.418    -1.342     2.030     0.000     0.625     0.636     2.665     0.186    -0.013     1.608 

ddG: E12Q    -0.736    -0.001     0.782    -3.685     0.007     1.742     0.001    -0.259    -0.116     1.134    -0.073     0.000    -0.174    -0.291    -0.298     0.058    -0.014     0.453 

ddG: E12R     2.102    -2.112     0.749     0.684     0.011     1.641     0.004    -0.246    -0.051     1.067     0.130     0.000    -0.146    -0.217    -1.031    -0.046    -0.026     1.692 

ddG: E12S     3.052     4.220     0.107    -3.714     0.000     1.524     0.002     0.003    -0.009    -0.099     1.351     0.000    -0.031    -0.033    -2.331    -0.001    -0.021     2.085 

ddG: E12T     1.752     1.203     0.902    -3.595     0.001     3.554     0.000    -0.446    -0.229    -1.510     2.133     0.000    -0.252    -0.045    -2.319     0.316    -0.034     2.070 

ddG: E12V    -0.737     1.384     0.481    -5.526     0.005     1.910    -0.001     0.027    -0.207     0.025     1.280     0.000    -0.380     0.024    -2.371    -0.141    -0.016     2.769 

ddG: E12W    -0.698    -7.295     1.745    -1.809     0.026     2.024    -0.002    -0.004    -0.251     0.050     1.476     0.000    -0.226    -0.202     0.456     0.334    -0.012     2.992 

ddG: E12Y    -0.583    -2.366     1.020    -4.859     0.029     2.185     0.001     0.065    -0.342     0.094     2.076     0.000    -0.335     0.119    -0.198    -0.036    -0.067     2.031 

