ddG: description total fa_atr fa_rep fa_sol fa_intra_rep fa_elec pro_close hbond_sr_bb hbond_lr_bb hbond_bb_sc hbond_sc dslf_fa13 rama omega fa_dun p_aa_pp yhh_planarity ref 
ddG: G32A     4.591    -1.550     0.851     1.441     0.001     0.677    -0.009     0.780    -0.097    -0.613     0.482     0.036     0.659    -0.557     0.652     1.291     0.002     0.545 

ddG: G32C     5.161    -2.089     1.438     1.464     0.011     0.871     0.003     0.124    -0.204    -0.080    -0.037    -0.089     0.829    -0.080     1.574     1.172    -0.006     0.258 

ddG: G32D     4.770    -3.755     1.784     5.095     0.004    -1.462     0.004     0.072     0.005     0.054     0.184     0.071     0.721     0.493     1.584     1.615     0.021    -1.720 

ddG: G32E     4.323    -2.714     1.468     4.509     0.000    -1.203    -0.012     0.752     0.003    -0.834     1.646    -0.055     0.618     0.657     0.304     1.216     0.010    -2.041 

ddG: G32F     6.690    -2.205     2.084    -1.775     0.032     0.490     0.002     0.025    -0.035    -0.004     0.006    -0.081     1.825     0.075     3.364     2.539    -0.002     0.349 

ddG: G32G     0.664     0.722    -0.224    -0.356    -0.008     0.581     0.010     0.120     0.031     0.058     0.007     0.007    -0.232    -0.077    -0.130     0.148     0.005     0.000 

ddG: G32H     5.522    -2.346     1.321     1.483    -0.003     0.466     0.013     0.158    -0.002    -0.117     0.005    -0.071     0.469    -0.048     1.581     2.341     0.010     0.261 

ddG: G32H     5.242    -2.369     0.883     1.912    -0.001     0.557     0.005     0.276    -0.001    -0.703     1.479    -0.063     0.355     0.291     0.266     2.092     0.003     0.261 

ddG: G32I     7.864    -2.916     2.946     1.641     0.034     0.523     0.009     0.218    -0.207    -0.035     0.479    -0.045     0.627    -0.405     1.657     2.498     0.006     0.833 

ddG: G32K     4.018    -1.535     1.588     1.938     0.000     0.055    -0.010     0.648    -0.002    -0.489     0.075    -0.065     1.143     0.128     0.452     0.625    -0.018    -0.516 

ddG: G32L     3.581     0.121     1.494    -1.632     0.010     0.929     0.005    -0.573     0.143    -0.010     0.136     0.014     1.022     0.146     0.046     1.188    -0.014     0.556 

ddG: G32M     3.402     0.198     1.753    -1.499     0.006     0.791     0.003    -0.013    -0.034     0.062     0.080    -0.062     0.740     0.114     0.460     0.775     0.005     0.022 

ddG: G32N     4.552    -2.557     1.695     2.199     0.006     0.017     0.002     0.078    -0.031    -0.008     0.000    -0.067     0.970    -0.083     2.232     1.416    -0.015    -1.304 

ddG: G32P   104.847    -2.896    76.438     1.297     0.023    -0.157     6.952     0.152    -0.058    -0.054     0.530    -0.026     2.641     5.737    12.092     2.606     0.002    -0.434 

ddG: G32Q     6.466    -2.433     1.536     1.928     0.013     1.128     0.007    -0.459     0.113    -0.006     0.645    -0.047     1.686     0.135     1.628     2.172     0.008    -1.589 

ddG: G32R     6.150    -1.741     0.673     2.087     0.019     1.187     0.003     0.386    -0.140    -0.711     1.440    -0.002     1.080     0.171     1.163     0.881     0.002    -0.349 

ddG: G32S     1.963    -1.183     0.978     1.414    -0.001    -0.857     0.004     0.018    -0.034    -0.072     0.079    -0.070     0.864     0.068    -0.188     0.883     0.016     0.043 

ddG: G32T     6.053     0.733     1.300    -0.482     0.014     0.995     0.011     0.325     0.002    -0.320     0.519    -0.021     1.278    -0.179    -0.106     1.925     0.031     0.029 

ddG: G32V     6.819    -1.119     2.958     0.777     0.022     0.335     0.007    -0.520     0.100    -0.064     1.617    -0.081     0.704     0.275    -0.838     1.918     0.000     0.728 

ddG: G32W     6.231    -3.625     2.083    -0.621     0.031     0.778     0.004     0.039    -0.020     0.059     0.078    -0.069     0.884    -0.026     3.361     2.326     0.000     0.950 

ddG: G32Y     6.923    -3.188     1.108     2.344     0.026     0.826    -0.007     0.891     0.040    -0.738     1.992     0.055     0.608     0.213     0.472     2.283     0.009    -0.011 

