ddG: description total fa_atr fa_rep fa_sol fa_intra_rep fa_elec pro_close hbond_sr_bb hbond_lr_bb hbond_bb_sc hbond_sc dslf_fa13 rama omega fa_dun p_aa_pp yhh_planarity ref 
ddG: E41A     1.390     2.340    -0.051    -3.397    -0.005     2.300    -0.001    -0.016    -0.005     0.073     0.629     0.002     0.014    -0.207    -2.801    -0.072     0.000     2.586 

ddG: E41C     1.758     2.397    -0.064    -3.213    -0.004     2.408     0.001    -0.027    -0.006     0.002     0.630     0.003     0.186    -0.134    -2.637    -0.088     0.006     2.300 

ddG: E41D     1.899     1.463    -0.003    -1.190    -0.002     1.862    -0.002    -0.029    -0.018     0.088     0.690     0.003    -0.091    -0.087    -0.773    -0.309    -0.024     0.322 

ddG: E41E     0.020     0.050     0.048    -0.089     0.000     0.004     0.002     0.002     0.002     0.048    -0.039     0.003     0.059    -0.007    -0.078     0.024    -0.009     0.000 

ddG: E41F     1.744     0.174     0.058    -2.501     0.022     2.297     0.001    -0.007    -0.014     0.103     0.626     0.004     0.093    -0.063    -1.273    -0.165    -0.002     2.391 

ddG: E41G     1.948     3.801    -0.137    -4.037    -0.007     2.252    -0.001    -0.017    -0.009     0.050     0.688     0.004     0.234    -0.136    -2.818     0.050    -0.013     2.041 

ddG: E41H     1.126   -14.121     0.647     9.356     0.022     1.868    -0.004    -0.037    -0.044     0.044    -0.222     0.005     0.496    -0.108     0.519     0.352     0.052     2.303 

ddG: E41H     1.710     0.822    -0.101    -2.531    -0.003     2.273     0.002    -0.023    -0.003     0.090     0.668     0.003     0.012    -0.044    -1.536    -0.223     0.001     2.303 

ddG: E41I     2.391     0.081     0.295    -3.169     0.019     2.968     0.002    -0.045    -0.023     0.325     0.721     0.004     0.393    -0.460    -2.004     0.428    -0.018     2.874 

ddG: E41K     2.043     1.953    -0.149    -2.420    -0.001     2.643     0.000    -0.022     0.003     0.030     0.653     0.001     0.054     0.011    -2.106    -0.155     0.022     1.526 

ddG: E41L     1.071     0.920    -0.234    -2.480     0.001     2.613    -0.003    -0.020    -0.017     0.123     0.681     0.002    -0.047    -0.202    -2.788    -0.082     0.005     2.598 

ddG: E41M     1.179    -0.168    -0.169    -2.159    -0.002     2.554    -0.003    -0.053    -0.041     0.172     0.746     0.004     0.022    -0.299    -1.401    -0.063    -0.025     2.063 

ddG: E41N     0.957     1.730    -0.110    -2.482    -0.002     2.223     0.000    -0.029    -0.006     0.047     0.655     0.003    -0.082    -0.013    -1.252    -0.466     0.004     0.737 

ddG: E41P     2.376     0.389     2.135    -3.255    -0.004     2.366     0.522     0.069    -0.033    -0.017     0.827     0.003     0.598    -0.256    -2.523    -0.013    -0.039     1.608 

ddG: E41Q     0.089     0.725    -0.207    -1.702    -0.001     1.183    -0.007    -0.017    -0.009     0.098     0.241     0.002    -0.086    -0.039    -0.463    -0.079    -0.005     0.453 

ddG: E41R     3.460     1.983    -0.157    -2.198     0.004     2.803    -0.006    -0.003     0.001     0.038     0.617     0.003     0.003     0.101    -1.390    -0.040     0.009     1.692 

ddG: E41S     1.861     2.322    -0.276    -2.136    -0.004     1.891    -0.003     0.065    -0.007     0.072     0.716     0.003    -0.074    -0.052    -2.542    -0.208     0.009     2.085 

ddG: E41T     1.727     1.889    -0.177    -1.814    -0.001     1.992    -0.006     0.002     0.006     0.049     0.611     0.003     0.041     0.019    -2.935    -0.025     0.002     2.070 

ddG: E41V     1.855     0.794    -0.043    -3.095     0.011     2.393    -0.005     0.037    -0.003     0.260     0.669     0.002     0.238    -0.149    -2.525     0.491     0.012     2.769 

ddG: E41W     0.182    -8.617     0.956     0.238     0.040     3.055    -0.006    -0.022    -0.050     0.428     0.736     0.003     0.138    -0.120     0.493    -0.048    -0.035     2.992 

ddG: E41Y     1.436     0.573    -0.177    -2.672     0.022     2.311    -0.002    -0.023    -0.004     0.055     0.638     0.003     0.049    -0.111    -1.170    -0.085    -0.001     2.031 

