ddG: description total fa_atr fa_rep fa_sol fa_intra_rep fa_elec pro_close hbond_sr_bb hbond_lr_bb hbond_bb_sc hbond_sc dslf_fa13 rama omega fa_dun p_aa_pp yhh_planarity ref 
ddG: N22A    -0.372     1.533    -0.905    -3.100     0.016     2.131     0.000    -0.457     0.029    -0.698     3.162     0.000     0.529    -0.436    -4.027    -0.004     0.005     1.849 

ddG: N22C     1.411     1.445    -0.435    -2.748     0.021     3.436    -0.011    -0.753    -0.063    -0.588     2.813     0.000     0.351     0.025    -3.583    -0.074     0.011     1.563 

ddG: N22D     2.394    -0.163    -1.522     0.756     0.025     3.504     0.002    -0.343     0.112     0.423     2.678     0.000    -0.011     0.287    -2.583    -0.367     0.011    -0.415 

ddG: N22E     1.378     0.281     0.047    -0.296    -0.001     0.504    -0.007    -0.019    -0.016     0.009    -0.010     0.000     0.242     0.040     0.925     0.404     0.013    -0.737 

ddG: N22F    -1.710    -3.553    -0.795    -1.332     0.043     2.068     0.007    -0.556     0.028    -0.602     3.155     0.000     0.513    -0.539    -2.262     0.457     0.006     1.654 

ddG: N22G     1.767     1.877    -2.067    -1.817     0.004     1.838    -0.011    -0.672     0.115    -0.881     3.028     0.000     0.624    -0.268    -1.886     0.558     0.020     1.304 

ddG: N22H    -0.622    -2.594    -1.008    -0.752     0.018     2.063     0.014    -0.372     0.034    -0.656     3.151     0.000     0.471    -0.508    -2.139     0.072     0.019     1.566 

ddG: N22H     0.412    -2.077    -1.910    -0.336     0.011     2.210     0.019     0.061    -0.028     0.424     2.686     0.000     0.263    -0.168    -2.290    -0.020     0.001     1.566 

ddG: N22I     1.442    -3.971    -1.637     2.509     0.027     1.188     0.020     0.169    -0.065     0.111     1.906     0.000     0.117     0.027    -1.840     0.742     0.001     2.137 

ddG: N22K    -0.362     0.191    -0.497    -2.089     0.019     1.937    -0.012    -0.682     0.028    -0.688     3.158     0.000     0.807    -0.295    -3.110     0.078     0.005     0.789 

ddG: N22L     1.632    -1.829    -0.401    -1.347     0.036     3.193     0.000    -0.483     0.235     0.810     3.254     0.000     0.536    -0.415    -3.780    -0.045     0.006     1.861 

ddG: N22M     0.197    -1.329    -1.601    -0.855     0.015     2.326     0.010    -0.027    -0.050     0.314     2.713     0.000     0.200    -0.077    -2.912     0.144     0.001     1.326 

ddG: N22N     0.246    -0.127    -0.032     0.786    -0.005    -0.061    -0.003    -0.021     0.007     0.107    -0.004     0.000    -0.004    -0.022    -0.387     0.011     0.002     0.000 

ddG: N22P     1.856     1.347    -0.111    -3.348     0.014     2.339    -0.057     0.765    -0.003     0.379     2.695     0.000     1.051     0.109    -4.174    -0.021     0.001     0.871 

ddG: N22Q     0.392    -3.066     0.253     2.232    -0.003     0.314     0.014    -0.006    -0.027    -0.349    -0.091     0.000     0.257     0.173     0.469     0.491     0.013    -0.284 

ddG: N22R     2.878    -3.516     0.304     4.377     0.004     0.041     0.005     0.010    -0.060    -0.085    -0.046     0.000     0.382     0.151    -0.108     0.466    -0.001     0.955 

ddG: N22S     0.979     0.695     0.875    -0.748    -0.008     0.198    -0.013    -0.467     0.072    -0.927     0.460     0.000     0.618    -0.287    -1.562     0.707     0.018     1.348 

ddG: N22T     1.596     0.794    -2.118    -1.759     0.013     2.107    -0.006    -0.653     0.123    -0.877     2.991     0.000     0.607    -0.327    -1.261     0.607     0.021     1.333 

ddG: N22V    -0.484    -0.735     0.847    -2.228     0.023     1.260    -0.003    -0.556     0.301    -0.903     0.377     0.000     0.558     0.008    -1.850     0.372     0.015     2.032 

ddG: N22W    -1.113    -6.835    -0.229     0.258     0.048     2.662    -0.021    -0.413     0.100    -0.716     2.879     0.000     0.456    -0.193    -1.511     0.130     0.018     2.255 

ddG: N22Y    -0.266    -3.409    -1.741    -0.373     0.038     2.531     0.021     0.013    -0.043     0.460     2.705     0.000     0.340    -0.227    -2.290     0.414     0.001     1.294 

