ddG: description total fa_atr fa_rep fa_sol fa_intra_rep fa_elec pro_close hbond_sr_bb hbond_lr_bb hbond_bb_sc hbond_sc dslf_fa13 rama omega fa_dun p_aa_pp yhh_planarity ref 
ddG: V47A     3.843     4.914    -0.735    -0.570    -0.021     0.433     0.002     0.017    -0.052    -0.140     0.009     0.000     0.364     0.112    -0.904     0.591     0.004    -0.183 

ddG: V47C     3.688     3.597    -0.827     1.149    -0.016     0.011     0.006     0.101    -0.107    -0.010    -0.033     0.000     0.246     0.147    -0.262     0.149     0.007    -0.470 

ddG: V47D    11.399    -2.691     0.359    11.615    -0.015     1.935     0.002    -0.344    -0.075    -1.415     0.804     0.000     0.412     0.010     2.090     1.133     0.026    -2.448 

ddG: V47E     8.222    -1.904    -0.821     9.352    -0.011    -0.691     0.004     0.017     0.038     0.034    -0.023     0.000     0.389     0.138     4.135     0.319     0.017    -2.769 

ddG: V47F     7.552    -0.890     5.022    -5.440     0.012     1.111     0.005     0.106     1.059    -0.113     0.042     0.000     0.441     2.020     4.301     0.280    -0.026    -0.379 

ddG: V47G     7.252     7.178    -0.377    -0.283    -0.020     1.603     0.003    -0.468    -0.119    -1.538     0.844     0.000     0.718     0.086    -0.912     1.260     0.002    -0.728 

ddG: V47H     7.250    -7.209     2.574     6.186     0.004     2.573     0.000    -0.471     0.575    -1.425     0.844     0.000     0.254     0.135     3.088     0.570     0.019    -0.467 

ddG: V47H     8.155    -7.107     3.058     5.416     0.012     1.595     0.003     0.150     0.472     0.004     0.256     0.000     0.401     0.300     3.509     0.524     0.029    -0.467 

ddG: V47I     1.137    -3.748     1.857     1.188     0.012     1.263     0.003    -0.448    -0.294    -1.432     0.860     0.000    -0.118     0.230     1.350     0.309     0.000     0.105 

ddG: V47K    10.234    -2.517     0.846     7.508     0.012     2.513     0.003     0.088     0.150     0.131     0.004     0.000     0.032     0.208     2.065     0.404     0.030    -1.244 

ddG: V47L     4.787    -2.683     1.379     0.204     0.005    -0.312    -0.002    -0.064     0.413     0.081     0.007     0.000     0.379     0.158     4.746     0.651    -0.002    -0.172 

ddG: V47M     4.044     1.892     0.277    -2.832    -0.001     0.471     0.004     0.253    -0.313    -0.179     0.028     0.000     0.052     0.290     4.241     0.561     0.007    -0.706 

ddG: V47N     5.584    -1.133     0.144     5.334    -0.006    -0.105     0.005     0.104     0.303    -0.080    -0.727     0.000     0.486     0.050     2.355     0.885     0.002    -2.032 

ddG: V47P    14.382     1.990     3.559    -1.241    -0.022     2.924     0.511    -0.815     1.820    -0.101     2.137     0.000     0.918     1.476     1.549     0.824     0.014    -1.162 

ddG: V47Q     3.074    -2.582    -0.274     4.063     0.024     0.240     0.003     0.179    -0.115    -1.324     0.000     0.000     0.146     0.056     4.495     0.460     0.019    -2.317 

ddG: V47R    10.914    -2.538     0.424     8.253     0.007     2.084     0.004    -0.210     0.096    -1.726    -0.104     0.000     0.100     0.120     5.198     0.262     0.020    -1.077 

ddG: V47S     5.869     3.779    -0.495     2.318    -0.004     1.265     0.002    -0.489    -0.111    -1.430     0.760     0.000     0.268    -0.105    -0.129     0.907     0.018    -0.685 

ddG: V47T     3.781     2.039     0.042     1.935    -0.002    -0.197     0.005     0.103    -0.030    -0.080     0.056     0.000     0.218    -0.029     0.064     0.366    -0.009    -0.699 

ddG: V47V     0.248     0.090     0.038    -0.082     0.002     0.231     0.001     0.020    -0.016    -0.002    -0.003     0.000    -0.006     0.005    -0.035     0.000     0.004     0.000 

ddG: V47W     5.031    -7.856     6.168    -0.456     0.023     0.810    -0.001    -0.078     0.499    -0.170    -0.122     0.000     0.162     0.498     5.041     0.272     0.020     0.222 

ddG: V47Y    10.537    -0.897     4.302    -2.609     0.016     0.598    -0.001    -0.362     0.333     0.452     0.031     0.000     0.456     0.904     7.603     0.323     0.128    -0.739 

