ddG: description total fa_atr fa_rep fa_sol fa_intra_rep fa_elec pro_close hbond_sr_bb hbond_lr_bb hbond_bb_sc hbond_sc dslf_fa13 rama omega fa_dun p_aa_pp yhh_planarity ref 
ddG: K98A     0.945    -0.364    -0.139     1.226    -0.009     1.108     0.001    -0.633     0.053    -1.287     0.728     0.000     0.068     0.051    -1.052     0.110     0.023     1.061 

ddG: K98C     0.346     0.197    -0.357     0.529    -0.008     0.098    -0.002    -0.102     0.045     0.135    -0.054     0.000     0.011     0.006    -0.927    -0.014     0.016     0.774 

ddG: K98D     0.457    -0.474    -0.028     1.252    -0.002    -0.249     0.001    -0.022     0.010     0.009    -0.002     0.000     0.004     0.036     1.138    -0.016     0.004    -1.204 

ddG: K98E     0.032     0.029    -0.388     0.767    -0.001    -0.093    -0.003    -0.121     0.062     0.127    -0.054     0.000     0.010     0.036     1.195    -0.024     0.016    -1.526 

ddG: K98F     2.648     0.206    -0.514     0.380     0.021     0.556    -0.003    -0.134     0.085     0.192     0.685     0.000     0.011     0.032     0.357    -0.041    -0.051     0.865 

ddG: K98G    -0.334     0.496    -0.397     0.320    -0.012    -0.079    -0.003    -0.120     0.062     0.095    -0.055     0.000     0.012     0.011    -1.171    -0.021     0.014     0.516 

ddG: K98H     1.001    -0.218    -0.035     0.184     0.004    -0.146     0.000    -0.025     0.011     0.020     0.002     0.000     0.005     0.020     0.407    -0.003    -0.001     0.777 

ddG: K98H     1.223    -0.117    -0.397     0.739     0.003    -0.025    -0.003    -0.116     0.057     0.142    -0.052     0.000     0.014     0.022     0.184    -0.021     0.015     0.777 

ddG: K98I     0.583     0.153    -0.231    -0.270     0.026     0.021    -0.001    -0.012    -0.011     0.156    -0.051     0.000     0.006    -0.011    -0.565     0.008     0.016     1.348 

ddG: K98K    -0.017     0.034    -0.387     0.629    -0.003    -0.099    -0.004    -0.121     0.062     0.123    -0.052     0.000     0.011     0.017    -0.224    -0.017     0.014     0.000 

ddG: K98L     0.346    -0.146    -0.043     0.182     0.005    -0.142     0.000    -0.022     0.011     0.017    -0.002     0.000    -0.002     0.022    -0.594    -0.013     0.000     1.072 

ddG: K98M     1.696    -1.437    -0.118     2.161    -0.006     1.455    -0.004    -0.681     0.088    -1.271     0.733     0.000    -0.005    -0.035     0.046     0.225     0.007     0.537 

ddG: K98N     0.838     0.318    -0.368    -0.227    -0.002     0.234     0.000    -0.055     0.031     0.206     0.681     0.000    -0.010     0.041     0.883    -0.054    -0.051    -0.789 

ddG: K98P     0.056    -2.291     1.322     1.228    -0.010     1.556     0.101    -0.589     0.048    -1.399     0.775     0.000    -0.041     0.041    -0.973     0.207    -0.001     0.082 

ddG: K98Q     0.570    -0.220    -0.371     0.985     0.004     0.000    -0.003    -0.120     0.060     0.132    -0.054     0.000     0.013     0.013     1.216    -0.023     0.013    -1.073 

ddG: K98R     1.838    -1.061    -0.063     1.926     0.001     1.640    -0.004    -0.657     0.073    -1.293     0.729     0.000    -0.013    -0.060     0.208     0.231     0.014     0.167 

ddG: K98S    -0.338     0.488    -0.256    -0.297    -0.006    -0.262    -0.001    -0.037     0.001     0.142    -0.053     0.000    -0.002     0.008    -0.623    -0.019     0.021     0.559 

ddG: K98T     0.043     0.048    -0.393     0.945     0.006    -0.060    -0.003    -0.118     0.057     0.124    -0.051     0.000     0.016     0.020    -1.091    -0.016     0.014     0.544 

ddG: K98V     0.418    -0.135    -0.407     0.682     0.015     0.002    -0.003    -0.119     0.057     0.156    -0.050     0.000     0.019     0.027    -1.069    -0.016     0.015     1.244 

ddG: K98W     2.391    -2.011     0.031     1.682     0.017     1.598    -0.002    -0.598     0.024    -1.229     0.733     0.000    -0.025    -0.025     0.483     0.228     0.017     1.466 

ddG: K98Y     1.190    -0.182    -0.378     0.782     0.022    -0.071    -0.003    -0.123     0.060     0.139    -0.051     0.000     0.018     0.015     0.459    -0.015     0.015     0.505 

