ddG: description total fa_atr fa_rep fa_sol fa_intra_rep fa_elec pro_close hbond_sr_bb hbond_lr_bb hbond_bb_sc hbond_sc dslf_fa13 rama omega fa_dun p_aa_pp yhh_planarity ref 
ddG: A113A     1.667     1.452    -2.382     0.899    -0.018    -0.865     0.007     0.612    -0.174     0.792    -0.701     0.000    -0.379    -0.031     2.346     0.109     0.000     0.000 

ddG: A113C     2.956    -1.963     0.559     2.560     0.000     0.269     0.001    -0.025     0.080    -0.007     0.023     0.000     0.155     0.119     1.274     0.202    -0.004    -0.287 

ddG: A113D     8.432    -5.878     1.189    10.769     0.021     0.722    -0.001    -0.060     0.339    -0.045     0.043     0.000     0.224     0.249     2.993     0.137    -0.006    -2.265 

ddG: A113E    11.680    -8.058     2.152    13.330     0.004    -1.541     0.009     0.547    -0.118     0.971    -0.449     0.000     0.244     1.332     5.482     0.390    -0.028    -2.586 

ddG: A113F    26.945    -6.234    21.861     2.102     0.098    -2.683     0.001     1.329     0.031     0.668    -1.631     0.000    -0.329     1.563     9.933     0.388     0.045    -0.196 

ddG: A113G     2.068     4.296     1.589     0.012    -0.029    -3.495    -0.007     0.254    -0.124    -0.308    -2.774     0.000     0.271    -0.349     2.518     0.774    -0.015    -0.545 

ddG: A113H    14.343   -10.133     8.306     9.293     0.018    -2.910     0.000     0.563    -0.552     0.556    -3.121     0.000     0.167     1.715    10.247     0.489    -0.010    -0.284 

ddG: A113H    14.323   -10.590     7.794     7.915     0.045    -0.225     0.000    -0.186    -0.384    -0.078     0.115     0.000     0.389     1.701     7.774     0.351    -0.015    -0.284 

ddG: A113I     6.854    -4.031     6.102    -0.495     0.017     0.353    -0.001    -0.025    -0.082     0.094     0.196     0.000     0.305     1.745     1.533     0.889    -0.033     0.288 

ddG: A113K    15.109    -6.139     8.847     7.275     0.058    -3.308    -0.014     0.316     0.051     1.119    -2.617     0.000    -0.412     1.815     8.772     0.453    -0.044    -1.061 

ddG: A113L     9.941    -2.278     3.435     0.649    -0.004    -0.443     0.009     1.220    -0.058     0.798    -0.521     0.000    -0.849     1.090     6.446     0.432     0.004     0.011 

ddG: A113M     6.121    -8.447     2.337     4.318     0.021    -0.437    -0.011     0.165     0.096     1.305    -0.090     0.000    -0.355    -0.304     7.709     0.350    -0.014    -0.523 

ddG: A113N     5.699    -5.322    -0.349     7.761     0.004    -0.837     0.001     0.180     0.009    -0.251    -0.200     0.000     0.089    -0.001     5.922     0.557    -0.016    -1.849 

ddG: A113P     7.885    -1.043     2.600     0.816    -0.016     0.204     0.426     2.053     0.061     0.786    -0.747     0.000    -0.460     0.839     2.843     0.261     0.242    -0.979 

ddG: A113Q     7.759    -8.810     1.567     9.233     0.007    -1.916     0.000     0.162     0.100    -0.321    -0.217     0.000     0.199     1.245     8.068     0.603    -0.027    -2.134 

ddG: A113R    12.953    -9.220     7.940    10.996     0.008    -2.885    -0.008     0.318    -0.207    -0.270    -2.782     0.000    -0.532     1.477     8.361     0.680    -0.029    -0.894 

ddG: A113S     2.085     0.417     0.778     4.002    -0.033    -3.539    -0.001     0.722    -0.068     0.769    -3.209     0.000    -0.219     0.049     2.756     0.162     0.001    -0.502 

ddG: A113T     3.496    -2.542     1.239     4.546     0.014    -1.597     0.000     0.169    -0.093    -0.044     0.012     0.000     0.356    -0.370     1.947     0.375     0.000    -0.516 

ddG: A113V     4.180    -3.441     3.326     1.570     0.014    -0.970     0.007     0.593    -0.175     0.994    -0.429     0.000     0.006    -0.034     1.879     0.668    -0.011     0.183 

ddG: A113W    31.633   -12.724    22.050     7.537     0.427     0.366     0.008     0.751    -0.123     1.900     0.827     0.000    -0.423     3.229     6.845     0.181     0.377     0.405 

ddG: A113Y    28.167    -6.870    20.048     3.510     0.139    -0.823     0.008     1.245    -0.012     1.071     1.166     0.000    -0.199     1.413     7.608     0.368     0.050    -0.556 

