ddG: description total fa_atr fa_rep fa_sol fa_intra_rep fa_elec pro_close hbond_sr_bb hbond_lr_bb hbond_bb_sc hbond_sc dslf_fa13 rama omega fa_dun p_aa_pp yhh_planarity ref 
ddG: D64A    -1.558    -1.727     0.066     0.588    -0.004    -0.884     0.003     0.156     0.017    -0.015    -0.925     0.000    -0.408    -0.086    -0.280    -0.323     0.000     2.265 

ddG: D64C    -1.853    -2.470     0.122     1.594    -0.004    -0.801     0.004     0.154     0.124     0.066    -0.913     0.000    -0.601    -0.223    -0.155    -0.729     0.000     1.978 

ddG: D64D    -0.026    -0.010     0.003     0.012     0.000    -0.031    -0.002     0.000    -0.001     0.002     0.000     0.000    -0.004     0.000     0.006    -0.002     0.000     0.000 

ddG: D64E    -1.636    -0.701     0.012    -0.312     0.006     0.451    -0.004    -0.035     0.179     0.006    -0.464     0.000    -0.305     0.145     0.268    -0.563     0.000    -0.322 

ddG: D64F     1.466     0.726     0.722    -5.213     0.048     2.333     0.001    -0.089     0.057     0.225     0.595     0.000    -0.273     0.059     0.945    -0.737     0.000     2.069 

ddG: D64G    -0.754    -0.130    -0.034     0.081    -0.005    -0.747     0.005     0.157     0.183    -0.015    -1.004     0.000    -0.060    -0.250    -0.338    -0.317    -0.001     1.720 

ddG: D64H    -1.043    -5.531     0.555     3.058    -0.004    -1.334     0.010     0.279     0.538     0.438    -1.446     0.000    -1.071    -0.152     2.154    -0.517    -0.001     1.981 

ddG: D64H    -0.563    -1.478     0.413    -1.859    -0.001     0.671     0.002     0.098     0.506     0.390     0.111     0.000    -0.876     0.070    -0.081    -0.508    -0.001     1.981 

ddG: D64I    -3.190    -2.164    -0.284    -2.229     0.017     1.595     0.001     0.063     0.332     0.112     0.657     0.000    -0.756    -0.117    -2.422    -0.548    -0.001     2.553 

ddG: D64K    -1.530     2.657     0.101    -4.862     0.006     2.028    -0.001    -0.082     0.057     0.002     0.636     0.000    -0.314     0.063    -2.374    -0.653     0.000     1.204 

ddG: D64L    -2.717    -4.461     0.127     2.259     0.003    -0.766     0.002     0.150     0.073     0.033    -0.905     0.000    -0.591    -0.120    -0.160    -0.638     0.000     2.276 

ddG: D64M    -3.369    -6.873    -0.246     3.132     0.002    -0.836     0.006     0.236     0.414     0.051    -0.907     0.000    -0.945    -0.247     1.590    -0.486    -0.002     1.742 

ddG: D64N    -1.777    -4.552     0.028     3.955    -0.002    -1.512     0.003     0.166     0.104     0.072    -1.330     0.000    -0.444    -0.138     1.701    -0.245     0.000     0.415 

ddG: D64P     4.175    -4.850     4.711     1.991     0.007    -0.532     0.611     0.102     0.108     0.667    -0.043     0.000     0.551     0.578    -0.272    -0.740    -0.001     1.286 

ddG: D64Q    -3.194    -6.263     0.048     4.347     0.004    -1.461     0.005     0.168     0.054    -0.827    -0.920     0.000    -0.579    -0.247     2.906    -0.561     0.001     0.131 

ddG: D64R    -1.070    -1.319    -0.017    -0.351     0.010     0.893     0.001    -0.042     0.067    -0.030    -0.275     0.000    -0.440     0.117    -0.466    -0.588     0.000     1.371 

ddG: D64S    -1.183     0.724     0.075    -0.453    -0.001    -0.320     0.007     0.096     0.124     0.062    -0.913     0.000    -0.427    -0.152    -1.179    -0.588     0.000     1.763 

ddG: D64T    -1.208     0.824    -0.054    -1.739     0.005     1.239     0.000    -0.012     0.116    -0.013     0.648     0.000    -0.471    -0.031    -2.495    -0.973    -0.001     1.749 

ddG: D64V    -3.915    -1.927     0.253    -0.779     0.013    -0.062     0.005     0.104     0.119     0.041    -0.922     0.000    -0.597    -0.159    -1.567    -0.883    -0.001     2.448 

ddG: D64W     0.497    -6.780     0.798     3.783     0.019    -0.967     0.012     0.242     0.284     0.413    -0.983     0.000    -0.902    -0.033     2.280    -0.339     0.000     2.670 

ddG: D64Y     0.845    -2.498     1.403    -0.813     0.025    -0.221     0.010     0.132    -0.074     0.427    -1.009     0.000    -0.483    -0.113     3.010    -0.660     0.000     1.709 

