ddG: description total fa_atr fa_rep fa_sol fa_intra_rep fa_elec pro_close hbond_sr_bb hbond_lr_bb hbond_bb_sc hbond_sc dslf_fa13 rama omega fa_dun p_aa_pp yhh_planarity ref 
ddG: E109A     0.017     3.830     0.069    -4.537     0.003     1.739    -0.009     0.089     0.026     0.007     1.191     0.000    -0.146    -0.007    -4.642    -0.183     0.000     2.586 

ddG: E109C     0.167     6.544     0.199    -7.117     0.005     2.398    -0.005     0.021     0.021     0.026     1.192     0.000     0.005     0.071    -5.580     0.085     0.000     2.300 

ddG: E109D    -0.348     6.849     0.015    -7.290     0.002     2.499    -0.010    -0.240    -0.043    -0.034     1.560     0.000     0.277     0.264    -4.512    -0.007     0.000     0.322 

ddG: E109E    -0.731     2.850     0.079    -2.841     0.001     0.388    -0.003    -0.055    -0.006     0.022    -0.004     0.000     0.047     0.072    -1.259    -0.022     0.000     0.000 

ddG: E109F    -1.003    -3.382     0.379     0.512     0.024    -0.373    -0.001    -0.036    -0.004    -0.019     0.035     0.000     0.114    -0.025    -0.611    -0.007     0.000     2.391 

ddG: E109G    -0.249     1.379    -0.028    -1.133    -0.006    -0.234    -0.004     0.020    -0.004    -0.055    -0.003     0.000     0.210     0.017    -2.752     0.301     0.000     2.041 

ddG: E109H    -1.850     0.391    -0.321    -3.693     0.006     1.910    -0.007    -0.183    -0.196    -0.600     1.800     0.000     0.611     0.253    -4.668     0.543     0.000     2.303 

ddG: E109H    -2.367    -3.539     0.149     1.169     0.003    -0.593     0.002    -0.006    -0.001    -0.591     0.049     0.000     0.048    -0.117    -1.308     0.068     0.000     2.303 

ddG: E109I    -0.215     5.071     0.072    -7.953     0.019     2.903    -0.011    -0.046    -0.024    -0.012     1.546     0.000     0.410     0.200    -5.613     0.348     0.000     2.874 

ddG: E109K    -0.208     6.285     0.200    -7.103     0.008     2.367    -0.010     0.018     0.020     0.023     1.204     0.000     0.093     0.089    -5.000     0.074     0.000     1.526 

ddG: E109L    -1.483     2.728     0.057    -3.494     0.004     0.422    -0.003    -0.057    -0.011     0.015     0.000     0.000     0.066     0.087    -3.884    -0.008     0.000     2.598 

ddG: E109M    -0.126     6.837    -0.036    -8.390     0.004     2.723    -0.006    -0.246    -0.028    -0.031     1.564     0.000     0.262     0.270    -5.052    -0.060     0.000     2.063 

ddG: E109N     0.026     6.117     0.112    -6.744     0.008     2.295    -0.010     0.059     0.001     0.027     1.178     0.000     0.161     0.123    -4.258     0.220     0.000     0.737 

ddG: E109P    -3.529    -0.835     0.548    -0.985    -0.005    -0.177    -0.003     0.010    -0.017    -0.013     0.027     0.000    -0.147    -0.091    -2.595    -0.856     0.000     1.608 

ddG: E109Q    -2.053    -0.057    -0.096    -0.588     0.000     0.015    -0.004    -1.256     0.159    -0.019     0.018     0.000    -0.033     0.108    -0.488    -0.263     0.000     0.453 

ddG: E109R     0.214     7.066    -0.074    -8.348     0.008     2.736    -0.009    -0.228    -0.039    -0.029     1.549     0.000     0.271     0.316    -4.706     0.011     0.000     1.692 

ddG: E109S    -0.221     6.405     0.261    -6.584     0.006     1.713    -0.005     0.008     0.020     0.026     1.201     0.000    -0.004     0.058    -5.301    -0.109     0.000     2.085 

ddG: E109T    -0.057     6.988    -0.216    -7.526     0.003     2.473    -0.010    -0.147    -0.031    -0.019     1.523     0.000     0.332     0.371    -6.017     0.148     0.000     2.070 

ddG: E109V    -0.784    -0.768     0.444    -0.410     0.009    -0.407     0.000    -0.034    -0.006    -0.007     0.041     0.000     0.230    -0.069    -2.632     0.055     0.000     2.769 

ddG: E109W     0.658    -0.065     0.188    -3.588     0.026     1.785    -0.007    -0.204    -0.032    -0.052     1.591     0.000     0.248     0.199    -2.360    -0.062     0.000     2.992 

ddG: E109Y    -1.050     3.458     0.344    -7.065     0.028     2.470    -0.007    -0.273    -0.036    -0.032     1.595     0.000     0.397     0.241    -4.238     0.035     0.000     2.031 

