ddG: description total fa_atr fa_rep fa_sol fa_intra_rep fa_elec pro_close hbond_sr_bb hbond_lr_bb hbond_bb_sc hbond_sc dslf_fa13 rama omega fa_dun p_aa_pp yhh_planarity ref 
ddG: L89A     3.449     3.825    -0.124     1.141    -0.013    -0.422    -0.004    -0.070     0.051    -0.056    -0.741     0.000     0.040    -0.059    -0.170     0.004     0.058    -0.011 

ddG: L89C     4.279     1.493     0.508     3.051    -0.012     0.962    -0.002    -0.536     0.035    -1.653     0.111     0.000     0.078    -0.097     0.146     0.452     0.041    -0.298 

ddG: L89D     6.724    -0.398     0.370     8.010    -0.006     0.754    -0.002    -0.524     0.007    -1.476     0.045     0.000     0.181    -0.133     1.726     0.388     0.059    -2.276 

ddG: L89E     4.828    -0.114     0.083     5.835    -0.005    -0.486    -0.001     0.034    -0.025    -0.027    -0.720     0.000     0.068    -0.081     2.663     0.141     0.062    -2.598 

ddG: L89F     1.670    -4.023     0.970     2.522     0.026    -0.765    -0.008    -0.116     0.062    -0.088    -0.734     0.000     0.197     0.238     3.451     0.085     0.059    -0.207 

ddG: L89G     6.133     4.521     0.155     2.243    -0.015     1.048    -0.005    -0.633     0.078    -1.450     0.039     0.000     0.383    -0.103    -0.357     0.729     0.056    -0.556 

ddG: L89H     2.515    -3.592     0.333     4.774    -0.006    -0.848    -0.004    -0.067     0.017    -0.099    -0.724     0.000     0.149     0.035     2.652     0.135     0.057    -0.295 

ddG: L89H     3.359    -4.729     0.597     6.081    -0.007     0.734    -0.006    -0.621     0.045    -1.516     0.062     0.000     0.119    -0.027     2.479     0.388     0.056    -0.295 

ddG: L89I     3.411     1.382     0.053    -0.243     0.019     0.325    -0.001     0.024    -0.012     0.011     0.077     0.000     0.410     0.031     0.675     0.382     0.000     0.276 

ddG: L89K     3.779    -0.365     0.093     5.268    -0.008    -0.436    -0.002    -0.053     0.015    -0.049    -0.750     0.000     0.101    -0.069     0.840     0.205     0.060    -1.072 

ddG: L89L    -0.574    -0.766     0.062     1.394    -0.005    -0.424    -0.004    -0.073     0.020    -0.053    -0.730     0.000     0.033    -0.051    -0.096     0.056     0.062     0.000 

ddG: L89M     3.136    -0.810     0.580     2.905    -0.007     1.287    -0.001    -0.514     0.004    -1.659     0.141     0.000     0.030    -0.072     1.374     0.376     0.037    -0.535 

ddG: L89N     3.001     0.613    -0.011     3.685    -0.006    -0.738    -0.002     0.028    -0.027    -0.074    -0.727     0.000     0.241    -0.031     1.570     0.282     0.058    -1.861 

ddG: L89P     0.857     3.187     0.154    -0.111    -0.006    -0.639     0.055     0.011    -0.010    -0.068    -0.735     0.000     0.207    -0.001     0.232    -0.489     0.059    -0.990 

ddG: L89Q     3.753    -2.076     0.588     5.177    -0.008     1.193    -0.002    -0.542     0.018    -1.655     0.123     0.000     0.070    -0.073     2.528     0.513     0.045    -2.145 

ddG: L89R     4.031     0.261     0.104     4.180     0.002    -0.453    -0.001     0.023    -0.027    -0.051    -0.752     0.000     0.050    -0.108     1.559     0.086     0.064    -0.905 

ddG: L89S     4.975     3.640    -0.101     2.467    -0.011    -0.414    -0.005    -0.050     0.028    -0.052    -0.751     0.000     0.091    -0.093     0.641     0.046     0.052    -0.513 

ddG: L89T     3.381     2.511    -0.105     2.899    -0.010    -0.998     0.001    -0.101     0.079    -0.277    -0.640     0.000     0.265     0.154    -0.027     0.112     0.046    -0.527 

ddG: L89V     3.512     2.167    -0.264     1.365     0.014    -0.252     0.000    -0.111     0.054    -0.090    -0.706     0.000     0.533     0.089     0.230     0.255     0.058     0.172 

ddG: L89W     1.416    -9.050     0.965     6.711     0.020     1.114    -0.011    -0.578     0.072    -1.513     0.038     0.000     0.122     0.149     2.470     0.458     0.057     0.394 

ddG: L89Y     2.078    -4.812     0.961     3.845     0.023    -0.642    -0.015    -0.026     0.047    -0.106    -0.748     0.000     0.140     0.275     3.336     0.313     0.054    -0.567 

