ddG: description total fa_atr fa_rep fa_sol fa_intra_rep fa_elec pro_close hbond_sr_bb hbond_lr_bb hbond_bb_sc hbond_sc dslf_fa13 rama omega fa_dun p_aa_pp yhh_planarity ref 
ddG: R100A     0.988     8.247     0.706    -8.585    -0.022     1.392     0.012    -0.744     0.080     0.741     1.154    -0.114     0.021     0.457    -3.170    -0.063    -0.019     0.894 

ddG: R100C     2.240     6.367     0.150    -6.789    -0.015     1.521     0.014    -0.678    -0.081     0.698     1.118    -0.136     0.164     0.078    -1.009     0.243    -0.011     0.607 

ddG: R100D     6.283     4.429     0.923    -1.104    -0.021     1.770     0.014    -0.796     0.075     0.729     1.152    -0.119     0.155     0.417    -0.181     0.217    -0.007    -1.371 

ddG: R100E     3.140     3.359     0.802    -2.278    -0.019     1.998     0.011    -0.822     0.083     0.734     1.161    -0.133     0.037     0.449    -0.543    -0.012     0.005    -1.692 

ddG: R100F     1.926     0.797     3.131    -6.354     0.005     1.480     0.028    -0.648     0.078     1.865     1.156    -0.165     0.149     0.375    -0.627    -0.097     0.055     0.698 

ddG: R100G     3.703    11.157     0.695    -9.082    -0.027     1.406     0.012    -0.759     0.084     0.791     1.202    -0.126     0.343     0.428    -3.178     0.425    -0.015     0.349 

ddG: R100H     1.608     1.089     0.780    -4.557     0.002     1.565     0.004    -0.354    -0.189     0.576     1.148    -0.145     0.334    -0.346     1.089    -0.012     0.013     0.610 

ddG: R100H     1.475     1.106     1.251    -3.998    -0.018     1.168     0.010     0.055    -0.027     0.117     1.194    -0.150     0.046    -0.004    -0.069     0.171     0.011     0.610 

ddG: R100I     2.152     2.351     4.192    -6.613     0.002     1.101     0.015    -0.839     0.143     0.127     1.202     0.079     0.349     1.626    -2.617    -0.089    -0.060     1.182 

ddG: R100K     0.854     3.255     0.966    -3.953    -0.021     1.012     0.013    -0.765     0.053     0.738     1.157    -0.099     0.076     0.583    -2.029     0.035    -0.001    -0.167 

ddG: R100L     0.557     3.860     2.183    -7.431    -0.021     1.463     0.011    -0.760     0.070     0.706     1.144    -0.114     0.216     0.464    -2.170     0.040    -0.010     0.905 

ddG: R100M    -0.791     4.019     0.427    -6.155    -0.026     0.792     0.000    -0.194     0.141     0.235     1.228    -0.110     0.120     0.200    -1.805    -0.016    -0.018     0.371 

ddG: R100N     3.055     3.587     0.291    -3.978    -0.013     1.594     0.014    -0.688    -0.082     0.690     1.113    -0.132     0.248     0.012     0.891     0.479    -0.016    -0.955 

ddG: R100P    22.131     5.682    14.478    -8.990    -0.013     3.359     0.601     0.912     0.376     0.635     2.860     0.266     0.606     3.975    -1.975    -0.535    -0.022    -0.084 

ddG: R100Q     1.474     3.571     0.580    -4.676    -0.014     1.780     0.014    -0.637     0.085     0.268     2.628    -0.116     0.033     0.730    -1.323    -0.202    -0.006    -1.240 

ddG: R100R    -0.385     1.458     0.590    -1.336    -0.008    -0.246     0.016    -0.629     0.115     0.661    -0.455    -0.105     0.081     0.423    -0.922    -0.020    -0.009     0.000 

ddG: R100S     2.743     8.569     0.425    -6.944    -0.029     0.932     0.021    -0.605     0.104     0.659     1.153    -0.119     0.084     0.401    -2.622     0.344    -0.022     0.392 

ddG: R100T     0.538     6.083     0.461    -4.799    -0.018     0.362     0.011    -0.587     0.084     0.080     1.120    -0.147     0.144     0.601    -3.407     0.195    -0.022     0.378 

ddG: R100V    -0.009     5.128     2.603    -7.415    -0.006     0.592     0.016    -0.809     0.095     0.119     1.181    -0.162     0.417     0.787    -3.655     0.041    -0.020     1.077 

ddG: R100W     0.881    -2.380     1.517    -3.377     0.023     1.576     0.029    -0.637     0.096     0.583     1.148    -0.111     0.074     0.561     0.390     0.084     0.005     1.299 

ddG: R100Y     1.067     0.433     2.718    -5.645     0.016     1.395     0.034    -1.207     0.245     1.910     1.291    -0.151    -0.026     0.429    -0.498    -0.279     0.063     0.338 

