ddG: description total fa_atr fa_rep fa_sol fa_intra_rep fa_elec pro_close hbond_sr_bb hbond_lr_bb hbond_bb_sc hbond_sc dslf_fa13 rama omega fa_dun p_aa_pp yhh_planarity ref 
ddG: I48A     4.358     6.615     0.352    -3.938    -0.015     2.387    -0.005    -0.176    -0.036    -0.045     1.485     0.000     0.160     0.155    -2.319     0.026     0.000    -0.288 

ddG: I48C     4.348     0.907     0.575     2.705    -0.017     0.328     0.000     0.040    -0.002    -0.032    -0.118     0.000     0.126    -0.046     0.223     0.234     0.000    -0.574 

ddG: I48D     7.854     1.209     0.808     5.523    -0.006     1.912    -0.006     0.040     0.014    -0.051     1.106     0.000     0.004     0.019    -0.377     0.212     0.000    -2.553 

ddG: I48E     5.117     1.738     0.396     1.950    -0.010     2.059    -0.007    -0.156    -0.038    -0.040     1.487     0.000     0.061     0.151     0.411    -0.009     0.000    -2.874 

ddG: I48F     3.175     1.782     0.504    -3.336     0.025     2.028    -0.006    -0.183    -0.014    -0.011     1.589     0.000     0.288     0.119     0.859     0.013     0.000    -0.483 

ddG: I48G     6.285     8.889     0.258    -4.322    -0.015     2.275    -0.001    -0.202    -0.035    -0.042     1.505     0.000     0.457     0.182    -2.339     0.506     0.000    -0.833 

ddG: I48H     4.191    -0.325     0.476     1.692     0.001     1.149    -0.008    -1.235     0.190     0.017     1.212     0.000    -0.047     0.060     1.665    -0.085     0.000    -0.571 

ddG: I48H     4.461    -3.785     0.482     5.458    -0.007    -1.001    -0.004    -0.057    -0.005    -0.030     0.015     0.000     0.041    -0.070     3.729     0.266     0.000    -0.571 

ddG: I48I     1.029     1.227    -0.241    -2.118     0.002     1.470    -0.006    -0.106    -0.033    -0.078     1.571     0.000     0.126     0.150    -0.966     0.030     0.000     0.000 

ddG: I48K     2.371     1.403     0.523     0.378    -0.012     2.487    -0.010    -1.477     0.137    -0.108     1.458     0.000     0.036     0.344    -1.191    -0.248     0.000    -1.348 

ddG: I48L     2.959    -1.521     2.071     0.005    -0.010     2.012    -0.013    -1.365     0.126    -0.175     1.530     0.000     0.068     0.264     0.663    -0.423     0.000    -0.276 

ddG: I48M     3.646     2.089     0.992    -2.335    -0.013     2.393    -0.002    -0.003    -0.038    -0.022     1.570     0.000     0.105     0.158    -0.496     0.060     0.000    -0.811 

ddG: I48N     4.738     1.644     0.619     1.022    -0.012     2.275    -0.010    -0.189    -0.036    -0.105     1.482     0.000     0.439     0.185    -0.846     0.407     0.000    -2.137 

ddG: I48P    14.636    -3.215    10.465     3.495    -0.016    -0.697     0.955     1.266     0.077    -0.171     0.100     0.000     0.598     1.838     1.201     0.005     0.000    -1.266 

ddG: I48Q     2.637    -5.589     0.439     7.590    -0.015    -0.737    -0.002     0.087     0.000    -0.049    -0.113     0.000    -0.096    -0.103     3.558     0.089     0.000    -2.421 

ddG: I48R     5.611    -1.631     0.657     5.036    -0.001     1.755    -0.006     0.166     0.016    -0.016     1.062     0.000    -0.152    -0.004    -0.149     0.060     0.000    -1.182 

ddG: I48S     6.232    -0.817     0.418     5.867    -0.019    -0.340     0.001     0.037    -0.008    -0.029    -0.080     0.000    -0.018    -0.107     1.725     0.393     0.000    -0.789 

ddG: I48T     3.791     2.949    -0.010     1.618    -0.006    -0.179     0.004    -0.047     0.002     0.007     0.042     0.000     0.049     0.001    -0.101     0.267     0.000    -0.804 

ddG: I48V     1.712     5.550    -0.116    -5.194     0.003     2.055    -0.006    -0.167    -0.032    -0.054     1.565     0.000     0.227     0.213    -2.320     0.093     0.000    -0.105 

ddG: I48W     2.167   -12.267     1.135     6.963     0.251    -0.857     0.002     0.110    -0.003     0.030     0.086     0.000    -0.189     0.030     6.614     0.143     0.000     0.118 

ddG: I48Y     3.902     0.775     0.651    -1.074     0.031     1.642    -0.006     0.051     0.040     0.044     1.196     0.000     0.108    -0.026     1.253     0.026     0.034    -0.844 

