ddG: description total fa_atr fa_rep fa_sol fa_intra_rep fa_elec pro_close hbond_sr_bb hbond_lr_bb hbond_bb_sc hbond_sc dslf_fa13 rama omega fa_dun p_aa_pp yhh_planarity ref 
ddG: G50A     3.778    -1.615     0.980     0.437    -0.002    -0.080    -0.002     0.203    -0.022     0.198    -0.017     0.000     0.657     0.313     0.491     1.705    -0.012     0.545 

ddG: G50C     3.372    -2.869     1.244     1.675    -0.002    -0.073    -0.002     0.083     0.001     0.196    -0.080     0.001     0.653     0.128     0.835     1.331    -0.007     0.258 

ddG: G50D     3.947    -4.809     1.449     4.859     0.000    -0.907    -0.005     0.114    -0.005     0.203    -0.088     0.002     0.599     0.016     2.861     1.385    -0.006    -1.720 

ddG: G50E     4.032    -3.732     1.364     2.574     0.003    -0.017    -0.006     0.177    -0.008     0.200    -0.065     0.001     0.615     0.200     3.201     1.584    -0.018    -2.041 

ddG: G50F     3.683    -6.833     2.538     2.650     0.026    -0.141    -0.002     0.184     0.017     0.010     0.018     0.001     0.762    -0.219     2.942     1.376     0.005     0.349 

ddG: G50G    -0.019    -0.369     0.119     0.286     0.000    -0.035    -0.002     0.012    -0.010     0.022    -0.030     0.001    -0.014     0.006     0.002     0.005    -0.010     0.000 

ddG: G50H     3.005    -6.705     1.649     3.617     0.001    -0.286     0.002     0.162     0.017     0.119    -0.003    -0.001     0.476    -0.126     2.813     1.016    -0.004     0.261 

ddG: G50H     3.297    -6.481     1.521     3.632     0.001    -0.052    -0.001     0.133     0.022     0.115     0.004     0.000     0.454    -0.185     2.849     1.018     0.006     0.261 

ddG: G50I     5.918    -3.863     1.677     1.163     0.239     0.012    -0.004     0.123     0.003     0.201    -0.073     0.002     1.495     0.100     1.325     2.711    -0.026     0.833 

ddG: G50K     2.950    -3.751     1.256     1.883     0.001     0.042     0.001     0.169    -0.012     0.194     0.012     0.000     0.504     0.197     1.646     1.335    -0.010    -0.516 

ddG: G50L     4.382    -4.303     2.379     1.648     0.005    -0.003     0.002     0.185     0.022     0.195    -0.009     0.001     0.886    -0.210     1.251     1.779    -0.003     0.556 

ddG: G50M     3.716    -3.654     1.410     1.477     0.001    -0.004     0.002     0.143     0.005     0.166    -0.046     0.001     0.561     0.063     2.176     1.404    -0.010     0.022 

ddG: G50N     2.498    -4.758     1.194     3.605     0.001    -0.480     0.002     0.176     0.000     0.203    -0.004     0.002     0.275     0.042     2.637     0.918    -0.009    -1.304 

ddG: G50P   104.463    -2.784    80.738    -0.149     0.010    -0.968     7.605     0.378     0.002     0.020     0.062     0.000     2.518     2.120    12.750     2.598    -0.003    -0.434 

ddG: G50Q     3.309    -3.950     1.291     1.855     0.002     0.034     0.001     0.181    -0.014     0.195    -0.124     0.002     0.550     0.223     3.321     1.331    -0.002    -1.589 

ddG: G50R     4.367    -4.082     1.534     2.540     0.008    -0.089     0.000     0.076    -0.006     0.199    -0.008     0.000     0.514     0.037     2.604     1.399    -0.010    -0.349 

ddG: G50S     3.391    -1.721     0.752     1.701    -0.001    -0.302    -0.002     0.241    -0.002     0.178    -0.476     0.002     0.649     0.431     0.623     1.273    -0.001     0.043 

ddG: G50T     5.315    -3.130     1.793     2.624     0.065    -0.117     0.001    -0.059     0.027     0.201    -0.491     0.001     1.017    -0.087     1.909     1.544    -0.011     0.029 

ddG: G50V     5.862    -3.735     1.815     1.454     0.146     0.358    -0.001     0.016     0.009     0.216     0.050     0.000     1.403    -0.124     0.997     2.542    -0.011     0.728 

ddG: G50W     4.613    -7.998     1.969     3.862     0.027    -0.163     0.002     0.087     0.003     0.127    -0.077     0.002     0.779    -0.185     3.828     1.418    -0.020     0.950 

ddG: G50Y     3.514    -6.656     2.588     2.814     0.026    -0.154    -0.001     0.108     0.029    -0.057     0.028     0.001     0.984    -0.170     2.917     1.052     0.017    -0.011 

