ddG: description total fa_atr fa_rep fa_sol fa_intra_rep fa_elec pro_close hbond_sr_bb hbond_lr_bb hbond_bb_sc hbond_sc dslf_fa13 rama omega fa_dun p_aa_pp yhh_planarity ref 
ddG: A55A     0.732     0.616     0.066    -1.260     0.002     0.525     0.003     0.061    -0.054     0.063     0.730     0.000    -0.007     0.002     0.057    -0.012    -0.058     0.000 

ddG: A55C     4.911    -3.531     2.086     4.415    -0.007     1.711    -0.004    -0.241    -0.239    -1.530     0.858     0.000     0.319     0.042     0.572     0.779    -0.032    -0.287 

ddG: A55D     7.608    -7.133     2.544    11.606     0.002     0.086     0.001    -0.773    -0.113    -0.868    -0.007     0.000     0.216     0.200     3.754     0.361    -0.003    -2.265 

ddG: A55E    10.022   -12.447     6.325    14.072     0.012    -1.258     0.000     0.115    -0.321    -0.189    -0.373     0.000     0.050     0.508     5.836     0.335    -0.057    -2.586 

ddG: A55F     2.765   -11.758     4.780     4.412     0.073     0.638     0.007    -0.301    -0.234    -0.005     0.204     0.000     0.479     0.868     3.441     0.353     0.004    -0.196 

ddG: A55G     2.153     3.412    -0.558    -0.536    -0.002    -0.386     0.001    -0.051    -0.166    -0.044    -0.075     0.000     0.741    -0.228    -0.058     0.644     0.003    -0.545 

ddG: A55H     3.696   -10.446     3.457     6.305     0.018     0.334     0.008    -0.365    -0.230    -0.004     0.146     0.000     0.372     0.738     3.237     0.404     0.005    -0.284 

ddG: A55H     3.888   -10.403     3.487     6.237     0.018     0.490     0.008    -0.343    -0.243    -0.013     0.151     0.000     0.373     0.706     3.283     0.419     0.003    -0.284 

ddG: A55I     7.177    -6.466     7.639     2.082     0.030     1.041     0.001    -0.409    -0.307    -0.999     0.806     0.000     0.587     1.262     1.326     0.312    -0.015     0.288 

ddG: A55K     7.067    -7.060     3.782     6.793     0.043    -1.347     0.001    -0.707     0.012    -0.590    -0.301     0.000     0.132     0.789     6.295     0.289    -0.003    -1.061 

ddG: A55L    14.303    -5.315     7.312     0.955     0.006     0.683     0.006     0.238    -0.209    -0.225    -0.076     0.000     0.585     1.766     7.746     0.836    -0.015     0.011 

ddG: A55M     8.459    -5.534     3.698     2.102     0.010     0.804     0.003     0.176     0.040    -0.202     0.674     0.000     0.187     1.646     5.164     0.276    -0.062    -0.523 

ddG: A55N     6.224    -7.091     3.043     7.616     0.007     1.142     0.004    -0.626    -0.203    -0.965     0.670     0.000     0.391     0.251     3.268     0.622    -0.057    -1.849 

ddG: A55P     6.981   -10.088     7.541     6.169     0.005    -1.074     0.074     0.068     0.538    -0.001    -1.692     0.000     1.670     1.900     2.286     0.578    -0.015    -0.979 

ddG: A55Q    10.129    -6.867     4.819     5.911     0.020     0.614     0.007     0.248    -0.025    -0.183    -0.027     0.000     0.418     1.676     5.446     0.237    -0.032    -2.134 

ddG: A55R    11.078   -11.742     5.106    12.272     0.048    -1.193     0.005    -0.860     0.023    -0.007    -0.571     0.000     0.373     2.640     5.756     0.121     0.001    -0.894 

ddG: A55S     2.742    -2.124     0.516     4.472    -0.001     0.447     0.001    -0.396    -0.144    -1.422     0.783     0.000     0.130    -0.108     0.544     0.546     0.001    -0.502 

ddG: A55T     4.115    -4.219     2.380     5.201     0.013     0.854     0.002    -0.675    -0.257    -1.178     0.751     0.000     0.310     0.541     0.399     0.505     0.002    -0.516 

ddG: A55V     5.530    -5.157     6.079     1.459     0.024     1.117    -0.003    -0.491    -0.428    -0.945     0.751     0.000     0.490     0.869     1.015     0.567     0.001     0.183 

ddG: A55W    -0.734   -19.536     5.812    11.691     0.049    -1.925    -0.008    -0.902    -0.220    -0.020    -1.873     0.000     0.188     0.915     4.395     0.306    -0.012     0.405 

ddG: A55Y     0.341   -12.100     4.304     5.444     0.079    -0.412     0.002    -0.688    -0.244    -0.010     0.173     0.000     0.529     0.540     2.998     0.232     0.049    -0.556 

