ddG: description total fa_atr fa_rep fa_sol fa_intra_rep fa_elec pro_close hbond_sr_bb hbond_lr_bb hbond_bb_sc hbond_sc dslf_fa13 rama omega fa_dun p_aa_pp yhh_planarity ref 
ddG: V23A     2.945     5.022    -1.470    -1.515    -0.024    -1.272     0.014     0.209    -0.092    -0.213    -0.250     0.000    -0.190    -0.370     2.876     0.400     0.005    -0.183 

ddG: V23C     2.548     4.058    -1.030     0.053    -0.024    -0.985     0.014     0.652    -0.256     1.043    -0.541     0.000    -0.185    -0.120     0.491    -0.136    -0.015    -0.470 

ddG: V23D     6.273     1.471    -2.335     5.307    -0.027    -1.166     0.016     0.646    -0.165     0.797    -0.764     0.000    -0.289    -0.067     5.050     0.246     0.000    -2.448 

ddG: V23E     6.613     1.471     1.837     2.851    -0.015    -1.205    -0.020     0.326     0.115     3.125    -4.535     0.000    -0.044    -0.232     5.691     0.029    -0.012    -2.769 

ddG: V23F    -0.807    -3.362     0.635     0.720     0.010    -1.369     0.028     0.131    -0.193     0.037    -0.039     0.000     0.151    -0.373     3.381    -0.176    -0.011    -0.379 

ddG: V23G     3.186     7.393    -1.640    -2.028    -0.032    -1.278     0.010     0.180    -0.090    -0.331    -0.439     0.000    -0.151    -0.390     2.963    -0.257     0.005    -0.728 

ddG: V23H     1.596    -1.482    -0.336     1.866    -0.021    -0.464     0.013     0.550    -0.237     2.052    -1.552     0.000    -0.069    -0.028     1.602     0.184    -0.015    -0.467 

ddG: V23H     1.339    -1.682    -0.945     1.710    -0.022    -0.885     0.004     0.084    -0.068     0.766    -1.264     0.000    -0.135    -0.292     4.243     0.287     0.006    -0.467 

ddG: V23I     0.065     0.506    -1.324    -0.505    -0.003    -1.081     0.007     0.195    -0.083    -0.259    -0.271     0.000     0.037    -0.299     2.783     0.253     0.003     0.105 

ddG: V23K     3.762     1.349    -0.668     2.425    -0.021    -0.258     0.001     0.618    -0.243     2.019    -1.119     0.000    -0.221     0.193     0.875     0.070    -0.015    -1.244 

ddG: V23L     1.592     1.557    -0.835    -0.098    -0.016    -1.193     0.010     0.138    -0.050    -0.153    -0.178     0.000    -0.453    -0.107     3.135     0.003     0.004    -0.172 

ddG: V23M     2.272     0.411     0.059     0.195    -0.015    -0.942     0.012     0.249    -0.198    -0.017    -0.041     0.000     0.084    -0.323     3.225     0.290    -0.011    -0.706 

ddG: V23N     3.021    -0.782     0.102     3.685    -0.014     0.079     0.012    -0.031     0.001     0.005     0.014     0.000     0.106    -0.004     1.831     0.049    -0.001    -2.032 

ddG: V23P     2.898     1.158     3.973    -0.139    -0.048    -3.082     0.106     2.168    -0.110    -0.342    -2.844     0.000    -0.141     0.029     3.481    -0.140    -0.010    -1.162 

ddG: V23Q     3.087    -0.771     0.415     2.398    -0.008    -0.469     0.008     0.257    -0.204     0.073    -0.035     0.000     0.066    -0.405     4.010     0.065     0.004    -2.317 

ddG: V23R     4.444    -2.358     0.497     4.069     0.006     0.482    -0.020     0.127     0.075     0.786    -0.631     0.000     0.033     0.426     1.872     0.159     0.001    -1.077 

ddG: V23S     3.411     4.654    -0.978     0.875    -0.021    -1.337     0.024     0.702    -0.269     1.028    -0.532     0.000    -0.181    -0.159     0.467    -0.163    -0.015    -0.685 

ddG: V23T     1.446     2.404     0.753     2.245    -0.037    -3.178     0.009     0.741    -0.219     0.690    -3.227     0.000    -0.443    -0.013     2.815    -0.378    -0.017    -0.699 

ddG: V23V    -0.218     0.873    -0.167    -1.551     0.000     0.276    -0.001    -0.014     0.017     0.120     0.026     0.000    -0.001    -0.039     0.246    -0.002     0.001     0.000 

ddG: V23W     2.210    -6.289     2.323     5.050    -0.003    -2.226     0.033     0.223    -0.161     0.306    -2.724     0.000    -0.127    -0.138     5.583     0.135     0.001     0.222 

ddG: V23Y    -0.009    -4.365     0.815     1.071     0.016    -0.019     0.020    -0.046     0.012     0.092    -0.025     0.000    -0.075     0.053     3.347    -0.165     0.000    -0.739 

