ddG: description total fa_atr fa_rep fa_sol fa_intra_rep fa_elec pro_close hbond_sr_bb hbond_lr_bb hbond_bb_sc hbond_sc dslf_fa13 rama omega fa_dun p_aa_pp yhh_planarity ref 
ddG: H41A    -0.191     4.864    -1.290    -3.176    -0.001     1.097     0.009    -0.015    -0.076    -0.048     0.990     0.000     0.349    -0.475    -3.063     0.360     0.000     0.284 

ddG: H41C     0.047    -0.043    -0.728     2.649    -0.004    -1.072     0.014     0.187     0.171     0.100    -0.555     0.000    -0.225    -0.399     0.000    -0.044     0.000    -0.003 

ddG: H41D     1.756     4.633    -0.822    -0.867     0.004     2.593     0.007    -0.090    -0.183     0.157     1.040     0.000     0.213    -0.459    -2.752     0.265     0.000    -1.981 

ddG: H41E     1.438     4.848    -0.885    -2.731     0.004     2.878     0.011    -0.080    -0.222     0.191     1.013     0.000     0.191    -0.504    -1.385     0.414     0.000    -2.303 

ddG: H41F    -0.474     2.473    -0.632    -3.841     0.034     1.710     0.010     0.254     0.061     0.090     0.650     0.000     0.075    -0.525    -1.385     0.465    -0.001     0.088 

ddG: H41G     1.281     5.615    -1.171    -2.287     0.002     0.860     0.006     0.283    -0.114     0.159     0.645     0.000     0.265    -0.763    -2.631     0.673     0.000    -0.261 

ddG: H41H     0.003     0.015    -0.004    -0.003     0.000     0.002     0.002    -0.012     0.007     0.007     0.007     0.000     0.009     0.008    -0.018    -0.017     0.000     0.000 

ddG: H41H    -0.713    -4.060     0.156     4.931    -0.003    -2.245     0.007     0.178     0.040     0.037    -1.569     0.000    -0.205    -0.204     2.225    -0.004     0.000     0.000 

ddG: H41I     0.705    -1.809    -0.756     3.002     0.033    -1.209     0.013     0.142    -0.143     0.122    -0.548     0.000     0.450    -0.599     0.782     0.653     0.000     0.571 

ddG: H41K    -0.088     0.615    -0.248     2.509     0.001    -0.636     0.008     0.079     0.084     0.200    -0.550     0.000    -0.210    -0.385    -0.841     0.064     0.000    -0.777 

ddG: H41L    -1.990    -2.616    -0.628     3.823     0.005    -0.831     0.011     0.162    -0.160     0.171    -0.544     0.000    -0.008    -0.720    -1.244     0.295     0.000     0.295 

ddG: H41M    -0.666     5.559    -0.969    -4.569     0.004     1.935     0.010    -0.064    -0.195     0.146     1.018     0.000     0.299    -0.506    -3.492     0.400     0.000    -0.240 

ddG: H41N    -1.443     3.972    -0.741    -1.897     0.004     1.660     0.006    -0.090    -0.180     0.168     0.301     0.000     0.151    -0.295    -3.078     0.141     0.000    -1.566 

ddG: H41P    11.692     0.770     6.404    -0.007     0.001     0.512     1.038     0.834     2.065     0.523    -0.615     0.000     1.026     1.657    -2.938     1.118    -0.001    -0.695 

ddG: H41Q    -2.263     3.584    -0.725    -2.223     0.005     1.159     0.003    -0.086    -0.163     0.154     0.076     0.000     0.210    -0.423    -2.357     0.373     0.000    -1.850 

ddG: H41R    -0.533    -0.131    -0.520     2.739     0.000    -0.726     0.001    -0.003     0.164     0.151     0.093     0.000    -0.061    -0.106    -1.542     0.019     0.000    -0.610 

ddG: H41S     1.200     6.361    -0.857    -2.784     0.006     1.701     0.004     0.201    -0.093     0.146     0.614     0.000     0.046    -0.646    -3.581     0.300     0.000    -0.218 

ddG: H41T     0.738     5.929    -0.256    -3.367     0.005     1.243     0.009    -0.065     0.007     0.013     0.973     0.000    -0.052    -0.020    -3.250    -0.198     0.000    -0.232 

ddG: H41V     0.837     2.975    -0.935    -2.278     0.025     1.069     0.010    -0.041    -0.073     0.133     1.016     0.000     0.694    -0.216    -2.516     0.506     0.000     0.467 

ddG: H41W    -2.511    -3.008    -0.888     0.617     0.026     0.760     0.004     0.077     0.157     0.120     0.279     0.000     0.049     0.052    -2.011     0.566     0.000     0.689 

ddG: H41Y    -1.798    -0.312    -0.464    -1.033     0.027    -0.089     0.010    -0.017    -0.101     0.055     0.426     0.000     0.305    -0.473    -0.086     0.119     0.105    -0.272 

