ddG: description total fa_atr fa_rep fa_sol fa_intra_rep fa_elec pro_close hbond_sr_bb hbond_lr_bb hbond_bb_sc hbond_sc dslf_fa13 rama omega fa_dun p_aa_pp yhh_planarity ref 
ddG: T92A     1.984     1.309     0.049    -2.156     0.001     0.814     0.003     0.096    -0.058     0.068     0.744     0.000     0.128    -0.004     0.039     0.496    -0.060     0.516 

ddG: T92C     1.756     0.813    -0.211    -0.283    -0.001     0.423     0.002    -0.039    -0.003     0.018     0.007     0.000     0.253     0.158     0.308     0.086    -0.005     0.229 

ddG: T92D     1.725     0.078    -0.158     1.280    -0.001     0.132     0.003    -0.033     0.010     0.009     0.002     0.000     0.123     0.083     1.933     0.008     0.004    -1.749 

ddG: T92E     1.279    -0.276     0.236     0.132     0.001     0.547     0.001     0.034    -0.018    -0.094     0.054     0.000     0.099     0.008     2.342     0.298    -0.017    -2.070 

ddG: T92F     1.858    -0.982    -0.211    -0.723     0.024     0.806     0.001    -0.007     0.010     0.146     0.738     0.000     0.083     0.133     1.456     0.127    -0.063     0.321 

ddG: T92G     1.988     0.582     0.214    -0.135    -0.001     1.358     0.004    -0.508    -0.032    -1.465     0.700     0.000     0.370     0.113     0.115     0.701     0.003    -0.029 

ddG: T92H     0.811    -1.114    -0.053     0.090    -0.001     0.162     0.000     0.005    -0.021     0.019     0.000     0.000     0.007     0.130     1.282     0.074    -0.002     0.232 

ddG: T92H     0.902    -1.364     0.176     0.341     0.002     0.190     0.001     0.016     0.005    -0.046     0.048     0.000     0.122     0.131     1.105    -0.033    -0.024     0.232 

ddG: T92I     2.136    -2.167     0.256     0.932     0.032     1.966     0.002    -0.547    -0.056    -0.495     0.787     0.000     0.291    -0.009    -0.289     0.628     0.003     0.804 

ddG: T92K     0.279    -0.009     0.350    -1.048     0.003     0.159     0.003     0.100    -0.067    -0.098     0.055     0.000     0.054     0.062     1.035     0.243    -0.017    -0.544 

ddG: T92L     0.928     0.071    -0.182    -0.267     0.006     0.230     0.002    -0.024    -0.003     0.024    -0.001     0.000     0.199     0.109     0.081     0.150     0.006     0.527 

ddG: T92M     0.964    -0.386     0.003    -0.263     0.002     0.538     0.000     0.007    -0.043     0.015    -0.001     0.000     0.036     0.028     0.800     0.234     0.001    -0.007 

ddG: T92N     0.403    -0.330     0.017     0.120     0.002     0.202     0.000     0.021    -0.037     0.009     0.000     0.000    -0.023     0.048     1.560     0.143     0.003    -1.333 

ddG: T92P    -0.115    -1.033     0.282    -0.880     0.016     0.030     0.335     0.012    -0.035     0.962    -0.103     0.000     0.390     0.144    -0.217     0.398     0.046    -0.462 

ddG: T92Q    -0.069    -1.115     0.361     0.033     0.008     0.134     0.003     0.098    -0.056    -0.099     0.051     0.000     0.159     0.014     1.868     0.102    -0.014    -1.617 

ddG: T92R     1.226     0.000     0.335    -0.898     0.008     0.145     0.003     0.103    -0.066    -0.029     0.055     0.000     0.032     0.089     1.581     0.263    -0.016    -0.378 

ddG: T92S     1.466     0.663    -0.257    -0.352     0.021     0.029     0.006     0.004    -0.071     0.963     0.005     0.000     0.209     0.088     0.005     0.130     0.010     0.015 

ddG: T92T     0.680    -1.299     0.671     0.810     0.000     1.468     0.002    -0.469    -0.022    -1.546     0.842     0.000    -0.039    -0.038     0.067     0.249    -0.015     0.000 

ddG: T92V     1.278    -1.054     0.141    -0.398     0.027     0.513     0.004     0.028    -0.059     0.839     0.055     0.000     0.256     0.090    -0.232     0.382    -0.012     0.699 

ddG: T92W     0.649    -4.678     0.000     0.835     0.032     0.390     0.000     0.029    -0.038     0.093    -0.052     0.000     0.160     0.236     2.432     0.284     0.002     0.921 

ddG: T92Y     0.489    -1.645     0.324    -0.659     0.027     0.385     0.004     0.104    -0.081    -0.064     0.048     0.000     0.072     0.134     1.827     0.067    -0.013    -0.040 

