ddG: description total fa_atr fa_rep fa_sol fa_intra_rep fa_elec pro_close hbond_sr_bb hbond_lr_bb hbond_bb_sc hbond_sc dslf_fa13 rama omega fa_dun p_aa_pp yhh_planarity ref 
ddG: G76A     3.893    -0.192     0.534    -0.046     0.002    -0.431    -0.002     0.559     0.059    -0.003    -0.082     0.000     0.862     0.707     0.004     1.375     0.001     0.545 

ddG: G76C     3.552    -0.837     0.785     0.573     0.001    -0.309     0.000     0.588     0.080     0.032    -0.057    -0.001     0.889     0.599    -0.053     0.998     0.005     0.258 

ddG: G76D     2.813    -0.813     0.282     1.562     0.004    -0.591    -0.003     0.818     0.117    -0.033    -0.076     0.001     0.460     0.698     1.979     0.095     0.032    -1.720 

ddG: G76E     3.880    -1.445     0.726     1.242     0.007    -0.206     0.001     0.532     0.051     0.040    -0.120    -0.001     0.751     0.714     2.406     1.234    -0.012    -2.041 

ddG: G76F     3.451    -2.223     0.440     0.632     0.029    -0.403    -0.002     0.612     0.062     0.076    -0.166     0.000     0.697     0.896     1.596     0.873    -0.016     0.349 

ddG: G76G    -0.368     0.341    -0.120    -0.303     0.000    -0.201     0.000     0.012     0.054    -0.053    -0.058     0.001    -0.006    -0.001    -0.031    -0.024     0.022     0.000 

ddG: G76H     2.918    -2.288     0.668     1.130     0.004    -0.653    -0.006     0.542     0.083     0.045    -0.184     0.002     0.683     0.673     1.212     0.743     0.002     0.261 

ddG: G76H     3.256    -2.326     0.638     1.388     0.003    -0.385    -0.003     0.537     0.055     0.006    -0.092    -0.001     0.637     0.561     1.243     0.739    -0.007     0.261 

ddG: G76I     6.517    -1.763     1.154     0.717     0.155    -0.302    -0.003     0.390     0.068     0.079    -0.104     0.000     1.658     0.606     0.555     2.476    -0.005     0.833 

ddG: G76K     2.783    -0.927     0.444     0.412     0.005    -0.315    -0.007     0.605     0.067     0.053    -0.169     0.000     0.640     0.825     0.795     0.874    -0.004    -0.516 

ddG: G76L     3.471    -1.311     0.592     0.502     0.009    -0.367    -0.002     0.537     0.065     0.064    -0.091     0.000     0.917     0.683     0.034     1.280     0.003     0.556 

ddG: G76M     2.658    -1.157     0.378     0.354     0.006    -0.149     0.000     0.807     0.149    -0.031    -0.181     0.001     0.622     0.718     0.641     0.435     0.043     0.022 

ddG: G76N     1.887    -1.412     0.514     1.142     0.005    -0.705     0.001     0.595     0.066     0.030    -0.085    -0.001     0.399     0.674     1.502     0.460     0.006    -1.304 

ddG: G76P    65.111    -1.259     1.254    -0.321     0.070    -0.224    15.190     0.854     0.332     0.026    -0.074    -0.002     1.710    31.920    16.440    -0.499     0.129    -0.434 

ddG: G76Q     3.099    -1.603     0.634     1.066     0.007    -0.357     0.000     0.593     0.076     0.033    -0.076    -0.001     0.719     0.638     1.959     0.994     0.006    -1.589 

ddG: G76R     4.341    -1.423     1.007     1.132     0.009    -0.086    -0.003     0.528     0.058     0.005    -0.069     0.000     0.785     0.513     1.072     1.174    -0.010    -0.349 

ddG: G76S     3.965    -0.786     0.605     0.863     0.002    -0.183    -0.002     0.669     0.068     0.075    -0.128     0.000     0.863     0.758     0.105     1.022    -0.008     0.043 

ddG: G76T     5.704    -0.957     0.484     0.941     0.104    -0.140    -0.002     0.542     0.080     0.030    -0.097     0.000     1.311     0.653     0.753     1.961     0.012     0.029 

ddG: G76V     6.417    -7.689     0.488     8.481     0.105    -0.195     0.004     0.598     0.174    -0.118    -1.117     0.000     1.579     0.578     1.094     1.696     0.011     0.728 

ddG: G76W     3.567    -3.035     0.378     1.079     0.026    -0.064    -0.002     0.823     0.213    -0.020    -0.113    -0.001     0.497     0.819     1.432     0.526     0.058     0.950 

ddG: G76Y     2.508    -1.814     0.288     0.387     0.029    -0.223    -0.002     0.814     0.130    -0.020    -0.097    -0.001     0.501     0.698     1.549     0.248     0.031    -0.011 

