ddG: description total fa_atr fa_rep fa_sol fa_intra_rep fa_elec pro_close hbond_sr_bb hbond_lr_bb hbond_bb_sc hbond_sc dslf_fa13 rama omega fa_dun p_aa_pp yhh_planarity ref 
ddG: S6A    -0.733     0.643     1.790    -1.943    -0.016    -1.680    -0.008     0.063     0.061    -0.425    -2.725     0.000    -0.072     0.194     2.637     0.263    -0.016     0.502 

ddG: S6C    -0.066    -0.171    -1.393    -0.976    -0.001     0.263    -0.006    -0.011     0.145    -0.173    -0.195     0.000    -0.358     0.081     2.680    -0.168     0.002     0.215 

ddG: S6D     2.020    -0.643    -1.162     1.266     0.000     0.295    -0.002    -0.012     0.104    -0.966    -0.182     0.000    -0.086    -0.021     5.130     0.062     0.001    -1.763 

ddG: S6E     2.296    -1.752     0.943     1.848    -0.014    -0.397    -0.001     0.530    -0.042     0.713    -3.164     0.000    -0.167     0.429     4.987     0.484    -0.017    -2.085 

ddG: S6F     2.864    -3.859    -0.439    -0.688     0.032     2.519     0.001     0.260    -0.069     1.231     1.150     0.000    -0.286     0.160     2.623    -0.077     0.000     0.306 

ddG: S6G     0.965     2.291    -1.474    -2.826    -0.005     0.582    -0.002    -0.009     0.100    -0.182    -0.190     0.000     0.044    -0.007     2.558     0.127     0.000    -0.043 

ddG: S6H    -0.506    -5.816     0.786     2.818     0.006    -0.098    -0.001     0.007    -0.028     0.054    -0.297     0.000     0.008     0.263     1.619    -0.047     0.004     0.218 

ddG: S6H    -0.018    -6.601     0.888     2.681     0.009     1.028    -0.003    -0.212     0.179     0.101    -0.254     0.000    -0.081     0.677     1.521    -0.169     0.001     0.218 

ddG: S6I     1.060    -1.853    -1.065    -0.409     0.018     0.318    -0.002    -0.027     0.082    -0.156    -0.227     0.000    -0.008     0.423     2.662     0.512     0.002     0.789 

ddG: S6K    -0.284    -2.186     0.257     0.637     0.008    -0.623    -0.003     0.022     0.069     0.038     0.199     0.000     0.314     0.169     0.951     0.433    -0.011    -0.559 

ddG: S6L     1.359    -2.660     1.089     0.477     0.012    -1.295    -0.004     0.510     0.026     0.713    -3.002     0.000     0.108     0.661     3.455     0.759    -0.004     0.513 

ddG: S6M    -0.404    -1.822     0.034    -0.874     0.009     0.852     0.001     0.001    -0.003     0.013    -0.033     0.000     0.049     0.038     1.171     0.181     0.000    -0.022 

ddG: S6N     1.302    -2.551    -0.791     2.690     0.006     0.791     0.005     0.442    -0.096     1.094    -0.475     0.000    -0.079     0.239     1.671    -0.276    -0.020    -1.348 

ddG: S6P     1.346    -1.874     2.635    -2.000     0.030     0.542     0.629    -0.019     0.075    -0.243    -0.274     0.000     0.604     0.517     1.080     0.115     0.007    -0.477 

ddG: S6Q     0.232    -2.087    -0.448     0.165     0.007     1.181     0.003     0.207     0.072     1.147    -1.508     0.000    -0.220     0.726     2.454     0.170    -0.006    -1.632 

ddG: S6R     0.494    -5.408     0.305     3.539     0.023     0.260    -0.003    -0.190     0.258     0.040    -0.605     0.000     0.039     0.585     2.019     0.027    -0.002    -0.392 

ddG: S6S     0.939     1.386    -1.053    -1.163    -0.005     0.607     0.005     0.433    -0.056     1.167    -0.427     0.000    -0.180     0.269     0.041    -0.082    -0.004     0.000 

ddG: S6T    -0.497    -0.438    -0.897    -0.105     0.007    -0.087     0.006     0.457    -0.012     0.523    -0.382     0.000     0.403    -0.083     0.543    -0.409    -0.007    -0.015 

ddG: S6V    -0.075    -1.486     0.460    -1.232     0.024     0.272     0.001     0.003    -0.027     0.038    -0.054     0.000     0.204     0.368     0.381     0.301    -0.013     0.685 

ddG: S6W     1.297    -9.545     3.462     4.496     0.030    -1.677    -0.014     0.028     0.230     1.241    -2.813     0.000    -0.196     0.908     4.540    -0.296    -0.002     0.907 

ddG: S6Y     1.458    -5.071    -0.805     0.598     0.036     1.382    -0.003    -0.095     0.067    -0.214     0.047     0.000    -0.369     0.039     5.722     0.035     0.144    -0.054 

