ddG: description total fa_atr fa_rep fa_sol fa_intra_rep fa_elec pro_close hbond_sr_bb hbond_lr_bb hbond_bb_sc hbond_sc dslf_fa13 rama omega fa_dun p_aa_pp yhh_planarity ref 
ddG: R23A    -1.485    10.054    -0.190    -9.728    -0.013     0.484     0.000    -0.024    -0.051    -0.139     0.031     0.000     0.010    -0.013    -2.701    -0.077    -0.023     0.894 

ddG: R23C    -0.770     7.976    -0.192    -7.606    -0.013     0.739     0.001    -0.004    -0.051    -0.129     0.032     0.000     0.099    -0.011    -2.549     0.348    -0.017     0.607 

ddG: R23D     2.075     5.584    -0.501    -0.553    -0.009    -0.233     0.002    -0.070    -0.030     0.001    -0.022     0.000     0.144     0.068    -0.970     0.041    -0.007    -1.371 

ddG: R23E    -0.132     3.393    -0.030    -1.585    -0.007    -0.209     0.000    -0.015    -0.037     0.019    -0.021     0.000    -0.052    -0.017     0.173    -0.050    -0.002    -1.692 

ddG: R23F    -1.034     5.513     0.141    -9.731     0.028     0.488     0.000     0.286    -0.041     0.012    -0.009     0.000     0.146     0.204     1.018     0.218    -0.006     0.698 

ddG: R23G     1.759    11.342     0.217    -9.190    -0.011     2.024     0.001    -0.471    -0.091    -1.549     0.820     0.000     0.311    -0.133    -2.568     0.732    -0.024     0.349 

ddG: R23H    -0.835     4.726     0.031    -7.577     0.003     0.713     0.002     0.298    -0.109     0.001    -0.020     0.000     0.074     0.013     0.285     0.115     0.000     0.610 

ddG: R23H    -0.901     4.742     0.016    -7.592     0.002     0.625     0.002     0.300    -0.109    -0.011    -0.021     0.000     0.076     0.003     0.335     0.124    -0.004     0.610 

ddG: R23I     0.125     6.353     0.238    -9.279     0.009     1.241     0.000     0.272     0.002    -0.147     0.797     0.000     0.220     0.107    -1.095     0.286    -0.061     1.182 

ddG: R23K     0.541     3.769     0.199    -4.334     0.003     0.799     0.002     0.058    -0.041     0.025    -0.002     0.000    -0.046    -0.022     0.212     0.083     0.002    -0.167 

ddG: R23L    -1.940     3.915     0.681    -9.053     0.010     0.344     0.005     0.105    -0.021     0.025     0.014     0.000     0.202     0.261     0.719    -0.067     0.013     0.905 

ddG: R23M    -1.821     3.422     0.426    -6.486    -0.003     2.037     0.001    -0.474    -0.058    -1.412     0.777     0.000     0.057    -0.060    -0.613     0.191     0.004     0.371 

ddG: R23N    -1.498     4.666     0.004    -4.893    -0.004     0.270     0.002     0.070    -0.110    -0.001    -0.013     0.000     0.220    -0.004    -1.000     0.245     0.005    -0.955 

ddG: R23P    -2.991     7.618     1.512   -10.373    -0.010     0.157     0.086     0.132    -0.078    -0.005    -0.023     0.000     0.270     0.379    -2.571    -0.001    -0.001    -0.084 

ddG: R23Q    -0.017     1.556     0.386    -2.824    -0.008     1.965    -0.001    -0.561     0.019    -1.538     0.827     0.000     0.002    -0.068     1.294     0.195    -0.021    -1.240 

ddG: R23R     0.322     0.044     0.007    -0.068     0.002     0.310    -0.001     0.023    -0.008     0.013     0.004     0.000     0.007    -0.044     0.012     0.027    -0.006     0.000 

ddG: R23S     0.077     9.247    -0.035    -7.915    -0.009     1.616     0.001    -0.417    -0.105    -1.454     0.762     0.000    -0.041    -0.036    -2.308     0.375     0.002     0.392 

ddG: R23T    -1.936     7.880    -0.047    -8.519    -0.005     0.271     0.003     0.186    -0.124    -0.133     0.036     0.000     0.092     0.053    -2.250     0.262    -0.018     0.378 

ddG: R23V    -2.231     5.676     0.123    -8.240     0.002     1.975    -0.001    -0.438    -0.042    -1.449     0.764     0.000     0.162     0.099    -2.418     0.479     0.000     1.077 

ddG: R23W    -0.762     2.069     0.798    -7.144     0.020     0.420    -0.006     0.360     0.119    -0.053     0.059     0.000    -0.003     0.284     0.942     0.100    -0.026     1.299 

ddG: R23Y    -0.631     3.401    -0.044    -7.335     0.019     0.981     0.002     0.073     0.088    -0.133     0.805     0.000     0.234     0.378     0.489     0.123    -0.051     0.338 

