ddG: description total fa_atr fa_rep fa_sol fa_intra_rep fa_elec pro_close hbond_sr_bb hbond_lr_bb hbond_bb_sc hbond_sc dslf_fa13 rama omega fa_dun p_aa_pp yhh_planarity ref 
ddG: K53A     0.183     1.421     0.017    -2.397     0.002     0.231    -0.016     0.377    -0.182    -0.220    -0.588    -0.046     0.207    -0.368     0.731    -0.030    -0.017     1.061 

ddG: K53C     1.020     1.348     0.534    -2.235     0.003     0.271    -0.002    -0.267    -0.005     0.573    -0.441     0.042     0.343    -0.044    -0.244     0.369     0.002     0.774 

ddG: K53D     2.995     0.241     0.414     1.247     0.002     0.705    -0.005    -0.160    -0.048     0.403     0.959    -0.040     0.177     0.304     0.054    -0.044    -0.011    -1.204 

ddG: K53E     1.587    -0.089     0.557     0.045     0.001     0.600    -0.003    -0.269    -0.045     0.587    -0.443    -0.034     0.182    -0.090     2.121     0.013    -0.020    -1.526 

ddG: K53F     0.925    -4.722     0.511     0.060     0.049     0.784     0.001    -0.123    -0.037     0.516     0.003    -0.009     0.253     0.034     2.500     0.243    -0.004     0.865 

ddG: K53G     1.716     3.558     0.537    -3.607     0.002     0.184    -0.002    -0.308    -0.004     0.574    -0.442     0.046     0.610    -0.062    -0.349     0.474    -0.010     0.516 

ddG: K53H     2.142    -3.263     0.445     0.410     0.010     1.213     0.002    -0.685     0.119     0.593     0.199     0.086     0.144     0.212     1.869     0.017    -0.006     0.777 

ddG: K53H     1.448    -2.708     0.576    -0.166     0.004     0.513    -0.002    -0.275    -0.005     0.502    -0.515     0.039     0.407     0.010     2.030     0.262     0.000     0.777 

ddG: K53I    -0.254    -0.872     0.671    -1.405     0.020     0.137    -0.003    -0.343    -0.044     0.582    -0.445    -0.040     0.426    -0.033    -0.319     0.082    -0.016     1.348 

ddG: K53K     0.776    -0.550    -0.623    -0.573     0.013     0.537    -0.018    -0.011    -0.330     0.428    -0.531    -0.039     0.467    -0.776     2.960    -0.165    -0.015     0.000 

ddG: K53L     0.511     0.113     0.152    -1.623     0.008     0.807     0.006    -0.013     0.021     0.420     0.002     0.080     0.155    -0.069    -0.577    -0.052     0.010     1.072 

ddG: K53M     0.466     0.067     0.139    -0.994     0.000     0.057    -0.014     0.384     0.053    -0.055    -0.003     0.087     0.169    -0.296     0.384    -0.045    -0.004     0.537 

ddG: K53N     0.110     0.444    -0.015    -0.405     0.005    -0.051    -0.003    -0.026    -0.012    -0.261     0.929     0.041     0.387     0.428    -0.544     0.002    -0.020    -0.789 

ddG: K53P     9.987     0.395     3.872    -3.951     0.015     1.994     0.232     2.574    -0.336     0.727    -0.558     0.013     1.053     0.660     4.364    -1.146    -0.004     0.082 

ddG: K53Q    -0.020    -0.366     0.608    -0.474     0.009    -0.319    -0.017     0.331    -0.021    -0.175    -0.549    -0.029     0.370     0.018     1.702    -0.019    -0.016    -1.073 

ddG: K53R     3.401    -0.708     0.134     1.162     0.011     1.420    -0.004    -0.011    -0.053     0.391     1.479    -0.009    -0.013     0.216    -0.615    -0.180     0.015     0.167 

ddG: K53S     1.717     1.202    -0.478    -1.074    -0.003     0.726    -0.014     0.514    -0.147    -0.091    -0.042    -0.019     0.030    -0.719     1.012     0.273    -0.012     0.559 

ddG: K53T     1.081     1.061     0.544    -1.286     0.005    -0.004    -0.002    -0.311    -0.009     0.574    -0.445     0.042     0.425    -0.080    -0.240     0.279    -0.014     0.544 

ddG: K53V    -0.531     0.361     0.401    -1.633     0.008    -0.443    -0.017     0.239     0.017    -0.004    -0.440    -0.033     0.397    -0.300    -0.475     0.168    -0.020     1.244 

ddG: K53W     0.181    -6.743     0.604     2.097     0.027     0.512    -0.013     0.458     0.003    -0.184    -0.023    -0.004     0.219    -0.128     1.634     0.205     0.052     1.466 

ddG: K53Y     0.553    -4.128     0.428     0.122     0.039     0.728     0.003    -0.149    -0.018     0.429    -0.516    -0.039     0.274    -0.059     2.657     0.285    -0.008     0.505 

