ddG: description total fa_atr fa_rep fa_sol fa_intra_rep fa_elec pro_close hbond_sr_bb hbond_lr_bb hbond_bb_sc hbond_sc dslf_fa13 rama omega fa_dun p_aa_pp yhh_planarity ref 
ddG: V97A     2.396     2.036    -0.027     0.040    -0.020     1.627    -0.007    -0.617     0.121    -1.266     0.713     0.000    -0.050    -0.181    -0.404     0.599     0.016    -0.183 

ddG: V97C     1.492     2.225    -0.372    -0.250    -0.014    -0.132     0.000    -0.010    -0.008     0.175    -0.068     0.000     0.060     0.016     0.150     0.169     0.021    -0.470 

ddG: V97D     4.680    -1.567    -0.261     5.828    -0.015     0.313    -0.006    -0.039     0.094     0.169    -0.057     0.000     0.174    -0.120     2.008     0.585     0.019    -2.448 

ddG: V97E     3.065    -2.487     0.446     5.092    -0.008     1.297    -0.004    -0.537     0.060    -1.275     0.759     0.000    -0.046    -0.209     2.118     0.621     0.007    -2.769 

ddG: V97F     0.008    -4.322     0.837     0.221     0.009     0.021    -0.004     0.035     0.013     0.059     0.188     0.000     0.027    -0.073     3.030     0.367    -0.022    -0.379 

ddG: V97G     3.395     4.566     0.324    -1.442    -0.018     1.813    -0.003    -0.506    -0.004    -1.490     0.796     0.000     0.030    -0.138    -0.096     0.299    -0.009    -0.728 

ddG: V97H     1.183    -5.544     0.236     3.530    -0.016     0.426    -0.006    -0.047     0.029     0.019     0.048     0.000     0.017    -0.103     2.599     0.466    -0.005    -0.467 

ddG: V97H     0.698    -4.506    -0.018     2.621    -0.012    -0.258     0.000    -0.012    -0.016     0.151    -0.008     0.000     0.087    -0.021     2.804     0.339     0.015    -0.467 

ddG: V97I     0.385    -3.215     0.605     2.344     0.009     1.526    -0.004    -0.542     0.017    -1.315     0.766     0.000    -0.164    -0.202     0.126     0.318     0.013     0.105 

ddG: V97K     1.560    -0.143    -0.141     1.443    -0.007     0.181    -0.003     0.043    -0.043     0.089    -0.034     0.000     0.034    -0.160     1.036     0.492     0.017    -1.244 

ddG: V97L    -0.333    -2.624     0.801     1.635    -0.007     0.214    -0.005    -0.051     0.019     0.027     0.050     0.000    -0.067    -0.112    -0.252     0.224    -0.014    -0.172 

ddG: V97M     0.257    -0.465    -0.446     0.324    -0.007    -0.274    -0.001    -0.010     0.001     0.104    -0.069     0.000     0.127     0.046     1.306     0.307     0.021    -0.706 

ddG: V97N     2.157    -2.095    -0.096     3.814    -0.014     0.168    -0.006    -0.032     0.040     0.183    -0.056     0.000     0.156    -0.087     1.719     0.478     0.017    -2.032 

ddG: V97P     6.252    -3.289     3.505     1.591    -0.010     2.074     0.317    -0.663     1.617    -1.326     0.728     0.000     0.454     0.097     2.013     0.274     0.033    -1.162 

ddG: V97Q     1.042    -3.161     0.515     3.674    -0.007     1.719    -0.005    -0.523     0.017    -1.299     0.756     0.000    -0.072    -0.239     1.264     0.709     0.012    -2.317 

ddG: V97R     1.647    -6.137    -0.294     8.053    -0.004    -0.864    -0.006    -0.040     0.110     0.156    -0.827     0.000     0.115     0.118     1.909     0.432     0.004    -1.077 

ddG: V97S     3.013     3.509    -0.220    -0.989    -0.009    -0.048    -0.003     0.026    -0.024     0.176     0.667     0.000     0.107    -0.174     0.260     0.459    -0.041    -0.685 

ddG: V97T     3.423     0.303     0.093     3.036    -0.009     1.769    -0.007    -0.625     0.058    -1.325     0.739     0.000     0.062    -0.206    -0.379     0.607     0.008    -0.699 

ddG: V97V    -0.304    -0.329    -0.163     0.302    -0.004     0.207    -0.006    -0.063     0.031     0.122    -0.054     0.000    -0.085    -0.097    -0.281     0.106     0.011     0.000 

ddG: V97W    -4.038   -11.205     0.708     3.360     0.014    -0.030    -0.002     0.042     0.000     0.029     0.051     0.000    -0.037    -0.103     2.638     0.272     0.003     0.222 

ddG: V97Y     0.132    -4.556     0.685     1.894     0.017    -0.176    -0.001     0.020     0.037     0.161     0.001     0.000     0.097    -0.082     2.533     0.210     0.030    -0.739 

