ddG: description total fa_atr fa_rep fa_sol fa_intra_rep fa_elec pro_close hbond_sr_bb hbond_lr_bb hbond_bb_sc hbond_sc dslf_fa13 rama omega fa_dun p_aa_pp yhh_planarity ref 
ddG: L2A     0.089     2.752    -0.027    -1.504    -0.014    -0.843     0.002     0.593    -0.150    -0.152    -0.731    -0.038     0.156    -0.094     0.020     0.159    -0.028    -0.011 

ddG: L2C     0.583     2.578    -0.099    -1.152    -0.013    -0.820     0.004     0.628    -0.144    -0.138    -0.730    -0.038     0.263    -0.131     0.110     0.589    -0.026    -0.298 

ddG: L2D     1.469     1.651    -0.085     1.586    -0.015    -1.001     0.003     0.620    -0.147    -0.140    -0.733    -0.040     0.215    -0.123     1.555     0.426    -0.026    -2.276 

ddG: L2E     1.288     1.654    -0.264     0.598    -0.007    -0.522     0.006     0.750    -0.149    -0.143    -0.209    -0.001    -0.011    -0.161     2.168     0.183    -0.006    -2.598 

ddG: L2F     0.079    -1.537    -0.052    -0.238     0.010    -0.376     0.008     0.816    -0.145    -0.171    -0.212     0.003     0.146    -0.061     1.635     0.466    -0.005    -0.207 

ddG: L2G     1.085     3.854    -0.037    -1.963    -0.016    -0.960     0.004     0.552    -0.125    -0.133    -0.733     0.047     0.544    -0.114     0.077     0.670    -0.025    -0.556 

ddG: L2H    -0.318    -0.659    -0.202     0.619    -0.012    -1.384    -0.006     0.745    -0.115    -0.614    -0.730     0.061     0.297    -0.066     1.688     0.373    -0.015    -0.295 

ddG: L2H     0.818    -0.683     0.034     0.785    -0.016    -1.291    -0.022     1.237    -0.102    -0.559    -0.657     0.060     0.357    -0.157     1.792     0.358    -0.023    -0.295 

ddG: L2I     0.788     1.158     0.059    -0.507     0.017    -0.414     0.004     0.665    -0.176    -0.078    -0.210     0.001     0.255     0.065    -0.471     0.158    -0.013     0.276 

ddG: L2K     1.073     1.690    -0.252     0.098    -0.013    -0.287     0.004     0.763    -0.158    -0.129    -0.202     0.002     0.026    -0.201     0.515     0.285     0.004    -1.072 

ddG: L2L    -0.580     1.239    -0.092    -0.881    -0.010    -0.915     0.000     0.624    -0.122    -0.174    -0.725    -0.030     0.204    -0.101     0.203     0.215    -0.015     0.000 

ddG: L2M    -0.055    -0.198    -0.250     0.230    -0.005    -0.455     0.003     0.803    -0.098    -0.198    -0.211     0.003     0.090    -0.054     0.648     0.157     0.014    -0.535 

ddG: L2N     0.245     1.552    -0.133    -0.159    -0.005    -0.956     0.003     0.633    -0.103    -0.151    -0.731     0.045     0.376    -0.087     1.341     0.506    -0.024    -1.861 

ddG: L2P    -0.150     0.136     1.622    -0.722    -0.011    -1.064    -0.041     0.884    -0.125    -0.132    -0.652    -0.044     0.512     0.350     0.102     0.028    -0.002    -0.990 

ddG: L2Q     0.649     1.982    -0.420    -0.730    -0.008     0.139     0.004     0.144     0.010    -0.232     0.882    -0.037    -0.128     0.242     1.131    -0.156    -0.030    -2.145 

ddG: L2R     1.701     0.842    -0.719     0.840    -0.005    -0.280     0.005     0.741    -0.317    -0.175    -0.767    -0.049     0.026    -0.496     2.658     0.327    -0.025    -0.905 

ddG: L2S     1.054     2.775    -0.060    -0.956    -0.015    -0.795     0.002     0.599    -0.151    -0.148    -0.733    -0.039     0.243    -0.114     0.470     0.517    -0.030    -0.513 

ddG: L2T     0.490     2.417     0.101    -0.729     0.000    -0.735     0.003     0.503    -0.160    -0.112    -0.729    -0.035     0.348    -0.074    -0.198     0.437    -0.021    -0.527 

ddG: L2V     0.011     1.840     0.105    -1.143     0.003    -0.769     0.002     0.512    -0.152    -0.103    -0.720    -0.035     0.329    -0.065    -0.261     0.286     0.008     0.172 

ddG: L2W    -1.592    -4.993    -0.867     1.657     0.010     0.023    -0.009     0.837    -0.320    -0.799     0.707    -0.041    -0.005     0.020     1.577     0.236    -0.019     0.394 

ddG: L2Y     0.077    -2.164    -0.047     0.783     0.015    -0.553     0.004     0.784    -0.143    -0.186    -0.217     0.010     0.145    -0.070     1.815     0.464     0.004    -0.567 

