ddG: description total fa_atr fa_rep fa_sol fa_intra_rep fa_elec pro_close hbond_sr_bb hbond_lr_bb hbond_bb_sc hbond_sc dslf_fa13 rama omega fa_dun p_aa_pp yhh_planarity ref 
ddG: G55A     1.108    -3.884     4.862    -0.063     0.002     0.287     0.001    -0.463     0.199    -0.430     0.729     0.000     1.207     0.351    -2.416     0.180     0.001     0.545 

ddG: G55C     5.511    -3.583     5.535     0.136     0.000     1.775     0.001    -0.233     0.288    -1.106     0.388     0.000     0.611     0.477     0.760     0.202     0.000     0.258 

ddG: G55D    12.619    -9.311     5.697    12.276     0.005    -0.331     0.006     0.086    -0.088     0.142    -0.114     0.000     0.752     1.045     3.208     0.966    -0.002    -1.720 

ddG: G55E    15.980   -12.732     9.784    14.391     0.010    -0.407    -0.002     0.256    -0.004     0.283    -0.970     0.000     1.113     1.215     5.144    -0.042    -0.016    -2.041 

ddG: G55F    19.717   -12.242    18.298     2.734     0.031     1.004     0.013     0.658     0.114     0.517     0.136     0.000     0.754     1.610     5.847    -0.100    -0.005     0.349 

ddG: G55G    -2.239    -0.642     2.235    -0.791     0.011    -0.341    -0.004    -0.389    -0.032    -0.825     0.656     0.000     0.449    -0.355    -2.226     0.026    -0.011     0.000 

ddG: G55H    13.440   -13.169    11.418     6.777     0.010     0.632     0.009     0.042    -0.246    -0.335     0.654     0.000     0.661     1.693     4.936     0.093     0.004     0.261 

ddG: G55H    13.529   -13.742    10.705     6.702     0.019     1.647     0.006    -0.407    -0.032    -0.446     0.585     0.000     0.536     2.045     5.823    -0.174     0.001     0.261 

ddG: G55I    15.959    -9.901    16.150     2.482     0.028    -0.201    -0.003     0.285    -0.057     0.306    -1.055     0.000     0.937     2.361     3.036     0.755     0.004     0.833 

ddG: G55K    25.737    -9.806    10.875    12.803     0.016     1.341     0.003     0.061    -0.252     2.051    -0.502     0.000     1.042     0.643     7.664     0.321    -0.008    -0.516 

ddG: G55L    18.652   -12.616    18.677     3.173     0.030     1.704    -0.011    -0.399     0.737    -0.260    -0.271     0.000     0.980     4.062     1.766     0.530    -0.008     0.556 

ddG: G55M    16.265   -11.448    12.901     3.021     0.035     2.869    -0.005    -0.234     0.201     1.012     0.703     0.000     1.236     3.266     2.923    -0.244     0.007     0.022 

ddG: G55N    10.823   -15.768    10.221    13.036     0.002     0.036    -0.014    -0.567     1.631    -0.699    -0.255     0.000     1.368     2.003     0.788     0.340     0.005    -1.304 

ddG: G55P     8.751   -10.096    10.383     2.826    -0.010     0.621     0.150     0.071     1.820     0.210    -0.868     0.000     1.480     1.673     0.632     0.305    -0.013    -0.434 

ddG: G55Q    14.155   -11.642     7.858     8.770     0.026     0.351     0.002     0.253    -0.141     0.451    -0.039     0.000     0.669     2.158     4.699     2.343    -0.016    -1.589 

ddG: G55R    31.460   -18.252    16.902    18.539     0.029     1.809    -0.008    -0.606     0.734     1.017    -0.196     0.000     1.236     1.931     7.684     0.997    -0.008    -0.349 

ddG: G55S     4.555    -5.286     5.153     4.178     0.007    -0.169     0.005    -0.425     0.089    -0.706     0.561     0.000     1.209     0.410    -0.900     0.398    -0.013     0.043 

ddG: G55T     7.752    -8.890     8.945     7.686    -0.008    -0.848    -0.005     0.101     0.434     0.125    -0.820     0.000     0.457     0.840    -0.336     0.057    -0.016     0.029 

ddG: G55V    12.534    -7.814    16.090    -0.485     0.006     0.749    -0.003    -0.176     0.725    -0.406     0.564     0.000     1.307     2.876    -2.094     0.463     0.004     0.728 

ddG: G55W    29.275   -19.551    21.270     7.572     0.048     0.166     0.020     0.146    -0.392    -0.313    -0.649     0.000     2.007     3.717    14.321    -0.053     0.015     0.950 

ddG: G55Y    25.567   -15.997    22.133     7.957     0.018    -0.321     0.014     0.428     0.619     0.827    -0.934     0.000     0.713     1.796     6.265     2.029     0.032    -0.011 

