ddG: description total fa_atr fa_rep fa_sol fa_intra_rep fa_elec pro_close hbond_sr_bb hbond_lr_bb hbond_bb_sc hbond_sc dslf_fa13 rama omega fa_dun p_aa_pp yhh_planarity ref 
ddG: H61A     1.516    14.412    -0.548   -11.074    -0.001     1.750    -0.002     0.021     0.010     0.046     1.273     0.000    -0.129     0.096    -4.606    -0.015     0.000     0.284 

ddG: H61C     0.988     6.426    -0.456    -2.369    -0.011    -1.479     0.001     0.027    -0.057     0.025    -0.781     0.000     0.006     0.137    -0.584     0.104     0.001    -0.003 

ddG: H61D     6.812     3.044    -0.536     4.522    -0.010    -0.789     0.003     1.172    -0.194    -0.033     0.059     0.000     0.107     0.017     0.860     0.571     0.000    -1.981 

ddG: H61E     4.197     7.815    -0.313    -2.454     0.009     0.805     0.000     1.370    -0.171     0.084    -0.037     0.000     0.074     0.062    -1.288     0.543     0.000    -2.303 

ddG: H61F     1.472    -0.813     0.802    -4.180     0.037     1.046     0.004     1.127    -0.173     0.014     0.136     0.000     0.063     0.045     2.720     0.556     0.000     0.088 

ddG: H61G     2.296    16.950    -0.602   -11.924    -0.002     1.156     0.000    -0.028     0.006     0.060     0.311     0.000     0.132     0.226    -3.989     0.260     0.001    -0.261 

ddG: H61H     1.038     0.627    -0.118    -1.172    -0.005     0.093     0.000     0.987    -0.211    -0.043     0.362     0.000     0.304     0.081    -0.200     0.334     0.000     0.000 

ddG: H61H     0.324    -3.423     0.020     3.744    -0.008    -2.138     0.005     1.172    -0.179    -0.008    -1.205     0.000     0.098    -0.122     2.033     0.336     0.000     0.000 

ddG: H61I     5.959     9.565     0.753    -8.811     0.038     3.105     0.000     0.213    -0.024     0.687     1.398     0.000     0.197     0.218    -1.935    -0.017     0.000     0.571 

ddG: H61K     3.298     5.032    -0.581     0.071    -0.001    -1.454     0.003     1.246    -0.204    -0.008    -0.925     0.000     0.149     0.008     0.440     0.298     0.000    -0.777 

ddG: H61L     2.763     7.548    -0.043    -8.253     0.008     2.885    -0.003    -0.185    -0.074    -0.074     1.686     0.000     0.151     0.199    -1.323    -0.055     0.000     0.295 

ddG: H61M     1.186     6.703     0.356    -6.862    -0.001     2.325    -0.005    -0.032    -0.035     0.038     1.298     0.000    -0.085     0.326    -2.640     0.038     0.000    -0.240 

ddG: H61N     4.506     9.991     0.437    -6.365    -0.012     3.490     0.000    -0.498    -0.230     0.526     3.169     0.000     1.046     0.423    -6.285     0.381    -0.001    -1.566 

ddG: H61P    14.451    15.254     6.381   -14.907     0.009     3.086     1.532     0.550     0.050     0.051     1.522     0.000     1.825     2.684    -2.576    -0.313     0.000    -0.695 

ddG: H61Q     4.258     6.675    -0.518    -4.455     0.004     2.858    -0.004     0.254    -0.022     0.075     0.915     0.000    -0.059     0.085     0.266     0.035    -0.001    -1.850 

ddG: H61R     3.478     3.546    -0.553     1.493     0.011    -2.827     0.004     0.875    -0.182    -0.013    -1.492     0.000     0.096    -0.033     2.605     0.557     0.000    -0.610 

ddG: H61S     3.377    12.806    -1.029    -8.504    -0.004     2.005    -0.003    -0.255    -0.036     0.059     0.771     0.000     0.022     0.263    -2.336    -0.166     0.000    -0.218 

ddG: H61T     2.402     7.062    -0.835    -2.584    -0.003    -0.139     0.004     0.001    -0.016     0.148    -0.693     0.000     0.008     0.331    -0.397    -0.253     0.000    -0.232 

ddG: H61V     6.329    12.244     1.477   -11.546     0.029     3.080     0.003     0.269     0.064     0.075     1.247     0.000     0.600     0.403    -2.439     0.358     0.000     0.467 

ddG: H61W     4.261     5.365     0.283    -7.141     0.020     4.114    -0.002    -0.642    -0.116    -0.002     1.655     0.000     0.310     0.551    -0.825     0.004    -0.001     0.689 

ddG: H61Y     2.123     0.231     0.517    -3.239     0.038     1.122     0.005     1.086    -0.178    -0.012     0.104     0.000     0.119     0.041     2.121     0.440     0.000    -0.272 

