ddG: description total fa_atr fa_rep fa_sol fa_intra_rep fa_elec pro_close hbond_sr_bb hbond_lr_bb hbond_bb_sc hbond_sc dslf_fa13 rama omega fa_dun p_aa_pp yhh_planarity ref 
ddG: S107A     0.728     1.297     1.442    -3.682    -0.013    -0.095    -0.003     0.198    -0.026     1.947    -1.936    -0.028     0.486    -0.070     0.050     0.663    -0.006     0.502 

ddG: S107C     2.562    -0.434     1.589    -0.991    -0.008     0.044    -0.003     0.307     0.013     1.220    -1.520     0.094     0.667     0.040     0.736     0.590     0.003     0.215 

ddG: S107D     8.305    -4.430     2.912     6.398     0.058    -0.511    -0.027     0.590     0.029     1.163    -1.506    -0.012     0.549     0.490     4.113     0.229     0.024    -1.763 

ddG: S107E     5.305    -4.921     3.244     4.081     0.010    -1.140    -0.001    -0.020    -0.007     1.885    -2.007    -0.043     0.357    -0.192     5.656     0.477     0.010    -2.085 

ddG: S107F     0.031    -3.994     1.060    -1.312     0.018    -0.050    -0.024     0.391     0.080     1.357    -1.410     0.062     0.407     0.000     2.491     0.644     0.006     0.306 

ddG: S107G     2.617     4.069     1.329    -4.072    -0.014    -0.105    -0.004     0.120    -0.011     1.892    -1.931    -0.031     0.791    -0.247    -0.006     0.876     0.004    -0.043 

ddG: S107H     0.982    -4.208     0.282     0.071    -0.005     0.402    -0.021     0.520    -0.107     1.135    -1.557     0.058     0.384    -0.327     3.419     0.708     0.008     0.218 

ddG: S107H     1.255    -3.869     1.026    -0.448    -0.003     0.602    -0.008    -0.136    -0.022     1.941    -1.413    -0.019     0.432     0.125     2.169     0.641     0.019     0.218 

ddG: S107I     6.854    -2.465     4.804    -2.646     0.036     0.083     0.008     0.576    -0.019     1.905    -1.517     0.008     0.419     0.023     4.126     0.704     0.021     0.789 

ddG: S107K     2.281    -1.343     0.834    -0.319     0.008    -0.059    -0.002     0.160     0.010     1.804    -1.488    -0.013     0.144     0.059     2.528     0.498     0.020    -0.559 

ddG: S107L    -0.796    -2.564     1.490    -2.427     0.005    -0.142    -0.012    -0.321    -0.016     1.942    -1.929    -0.054     0.599     0.275     1.394     0.455    -0.004     0.513 

ddG: S107M     2.247    -1.917     1.265    -1.577     0.001     0.231    -0.016     0.249    -0.018     1.870    -1.491    -0.012     0.294    -0.029     2.967     0.434     0.018    -0.022 

ddG: S107N     2.753    -1.429     1.046     0.164    -0.009    -0.030    -0.024     0.786     0.050     1.230    -0.454    -0.035     0.405    -0.155     2.185     0.375    -0.004    -1.348 

ddG: S107P    14.300    -1.050     9.920    -4.519    -0.016    -0.338     0.591     2.779     0.026     1.517    -1.890     0.075     1.763     2.943     2.594     0.404    -0.021    -0.477 

ddG: S107Q     2.249    -2.231     1.676    -0.633     0.006     0.182    -0.020    -0.003    -0.006     1.885    -2.004    -0.054     0.415     0.196     4.050     0.420     0.002    -1.632 

ddG: S107R     3.381    -1.234     0.929    -0.030     0.011     0.183    -0.007     0.366     0.008     1.660    -0.524    -0.057     0.116     0.259     1.788     0.296     0.008    -0.392 

ddG: S107S    -0.340     0.462     1.455    -0.795    -0.005    -1.307    -0.004     0.075    -0.007     0.760    -1.928    -0.037     0.519    -0.213     0.267     0.407     0.013     0.000 

ddG: S107T     2.266     0.068     1.732     0.051    -0.002    -1.134    -0.014     0.623     0.025     1.226    -2.034    -0.048     0.609     0.076     0.300     0.805    -0.004    -0.015 

ddG: S107V     2.511    -1.624     3.178    -3.102     0.031    -0.486    -0.008     0.131    -0.022     1.899    -2.009    -0.034     0.723    -0.288     2.324     1.113     0.000     0.685 

ddG: S107W     0.398    -6.348     0.995    -0.956     0.049     0.255    -0.021    -0.243    -0.167     2.329    -1.970    -0.053     0.927    -0.302     4.770     0.226     0.000     0.907 

ddG: S107Y     0.830    -4.541     0.700    -1.417     0.023     1.267    -0.012    -0.132    -0.193     1.712    -0.563    -0.082     0.340     0.217     3.024     0.542    -0.001    -0.054 

