ddG: description total fa_atr fa_rep fa_sol fa_intra_rep fa_elec pro_close hbond_sr_bb hbond_lr_bb hbond_bb_sc hbond_sc dslf_fa13 rama omega fa_dun p_aa_pp yhh_planarity ref 
ddG: A19A    -0.458     2.845     0.114    -2.812     0.002     0.559     0.002    -0.071     0.007     0.022     0.003     0.000     0.085     0.079    -1.264    -0.028     0.000     0.000 

ddG: A19C     3.317     4.980     1.542    -5.189     0.009     2.926    -0.004    -0.270     0.000    -0.057     1.552     0.000     0.570     0.271    -3.124     0.398     0.000    -0.287 

ddG: A19D    11.093    -2.514     2.103     7.402     0.009     2.267     0.000    -1.609     0.140    -0.074     1.610     0.000     0.640     0.335     3.149    -0.099    -0.001    -2.265 

ddG: A19E    10.787    -5.472     4.175     8.045     0.021     1.885    -0.002    -1.276     0.198    -0.022     1.371     0.000     0.175     0.390     4.262    -0.374    -0.002    -2.586 

ddG: A19F     5.894    -6.835     9.145    -5.350     0.035     2.028    -0.010    -0.177     0.117    -0.193     1.641     0.000     0.107     0.212     5.015     0.356    -0.001    -0.196 

ddG: A19G     4.289    10.706    -0.249    -7.608     0.005     2.937    -0.007    -0.296     0.006    -0.051     1.571     0.000     0.683     0.236    -3.580     0.482     0.000    -0.545 

ddG: A19H     6.631    -4.722     5.622    -1.302     0.012     2.974    -0.007    -0.342     0.026    -0.092     1.657     0.000     0.566     0.293     2.118     0.113     0.000    -0.284 

ddG: A19H     6.969    -7.550     5.445     1.503     0.011     2.184    -0.004    -0.255    -0.010    -0.106     1.685     0.000     0.488     0.253     3.427     0.182     0.000    -0.284 

ddG: A19I    15.896    -1.223    10.283    -4.567     0.063     2.275    -0.001    -1.276     0.074     0.010     1.671     0.000     0.630     1.596     5.525     0.551    -0.003     0.288 

ddG: A19K    21.679     0.509     8.058     2.836     0.049     3.854    -0.002    -0.256    -0.287     0.003     1.545     0.000     0.473     0.640     5.309     0.010    -0.003    -1.061 

ddG: A19L    14.371    -1.768    10.891    -5.277     0.023     3.140     0.019    -1.001     0.412    -0.111     1.506     0.000     0.839     0.936     5.118    -0.366    -0.001     0.011 

ddG: A19M     9.220    -3.020     7.964    -1.314     0.027     0.628     0.009    -0.141    -0.115    -0.032     0.134     0.000     0.551     0.617     4.447    -0.008    -0.003    -0.523 

ddG: A19N     7.332    -0.170     2.426    -0.129     0.011     3.003    -0.001    -0.361    -0.029    -0.037     1.561     0.000     0.817     0.297     1.442     0.351    -0.001    -1.849 

ddG: A19P    16.724     2.824    12.596    -6.386     0.008     2.717     0.449     1.497     0.467     0.085     1.235     0.000     1.698     2.842    -2.919     0.590     0.000    -0.979 

ddG: A19Q     7.871    -5.259     4.822     3.323     0.019     2.219    -0.008    -1.264     0.250    -0.042     1.350     0.000     0.189     0.320     4.442    -0.357    -0.001    -2.134 

ddG: A19R    20.733    -3.028     6.070     7.805     0.032     3.904     0.023     0.023     0.055    -0.061     2.453     0.000     0.414     0.498     2.740     0.704    -0.003    -0.894 

ddG: A19S     4.249     2.997     0.047    -1.132     0.003     2.464    -0.004    -0.203    -0.030    -0.055     1.559     0.000     0.342     0.202    -1.781     0.343     0.000    -0.502 

ddG: A19T     7.779     3.186     4.319    -2.399     0.011     1.984    -0.004     0.189    -0.037    -0.045     1.259     0.000     0.512     0.082    -1.024     0.263    -0.001    -0.516 

ddG: A19V    10.152     5.101     9.286    -8.520     0.026     2.603     0.005    -0.389    -0.041    -0.115     1.713     0.000     0.857     1.083    -2.036     0.398    -0.003     0.183 

ddG: A19W     9.399   -12.523    14.268     1.026     0.035     0.592    -0.007    -1.371     0.390    -0.116     0.545     0.000    -0.218     0.764     5.843    -0.232    -0.003     0.405 

ddG: A19Y     8.481    -8.495     9.600    -0.810     0.040     1.880    -0.017    -1.114     0.437    -0.109     1.499     0.000    -0.367     0.261     6.269    -0.043     0.006    -0.556 

