ddG: description total fa_atr fa_rep fa_sol fa_intra_rep fa_elec pro_close hbond_sr_bb hbond_lr_bb hbond_bb_sc hbond_sc dslf_fa13 rama omega fa_dun p_aa_pp yhh_planarity ref 
ddG: S59A     1.450    -6.535     0.018     6.422    -0.004    -1.441     0.007     0.229     0.030     0.049    -0.681     0.000    -0.258    -0.279     3.290     0.100     0.000     0.502 

ddG: S59C     2.440    -0.488     0.322    -0.281     0.008     1.105    -0.002    -0.002    -0.001     0.025     0.869     0.000     0.230     0.017     0.082     0.340     0.000     0.215 

ddG: S59D     4.451    -0.706    -0.040     1.149     0.010     1.440    -0.001     0.033     0.001     0.035     0.873     0.000     0.162     0.024     3.036     0.200     0.000    -1.763 

ddG: S59E     3.787    -1.335     0.242     1.626     0.015     1.367    -0.001     0.220     0.059     0.158     0.546     0.000    -0.049    -0.059     2.986     0.096     0.000    -2.085 

ddG: S59F     3.448    -2.268     0.249     0.552     0.042     1.002     0.001     0.236     0.055     0.152     0.549     0.000     0.171    -0.006     1.947     0.459     0.000     0.306 

ddG: S59G     1.872    -1.762    -0.124     2.292     0.001     0.542    -0.001    -0.921     0.204    -0.070     0.470     0.000    -0.043    -0.167     1.334     0.163     0.000    -0.043 

ddG: S59H     3.623    -2.188     0.153     0.999     0.010     0.932    -0.003     0.224     0.058     0.152     0.535     0.000     0.065    -0.097     2.169     0.396     0.000     0.218 

ddG: S59H     2.850    -8.339     0.021     7.402     0.001    -1.663     0.008     0.194     0.033     0.065    -0.662     0.000     0.024    -0.169     5.307     0.410     0.000     0.218 

ddG: S59I     3.719    -1.163     0.521    -0.553     0.021     1.274     0.001    -0.030     0.006     0.024     0.866     0.000     0.229     0.097     1.175     0.463     0.000     0.789 

ddG: S59K     2.146    -0.346     0.053    -0.668     0.007     1.333     0.001    -0.054     0.007     0.057     0.874     0.000     0.193     0.115     0.970     0.163     0.000    -0.559 

ddG: S59L     1.544    -5.083     0.281     4.117     0.013    -0.900     0.007     0.125     0.042     0.157    -0.653     0.000     0.167    -0.042     2.616     0.185     0.000     0.513 

ddG: S59M     3.102    -4.233     0.287     2.695     0.010     0.814     0.000     0.054     0.008     0.054     0.908     0.000     0.175    -0.027     2.271     0.107     0.000    -0.022 

ddG: S59N     2.911    -7.776    -0.030     7.761     0.002    -1.688     0.008     0.245     0.034     0.065    -0.683     0.000    -0.020    -0.262     6.296     0.308     0.000    -1.348 

ddG: S59P    17.031    -8.829    11.271     5.717    -0.013    -1.125     2.159     0.540    -0.109     0.529    -0.429     0.000     1.070    -0.099     6.562     0.262     0.000    -0.477 

ddG: S59Q     2.266    -8.963     0.415     8.461     0.007    -1.243     0.005     0.235     0.046     0.078    -0.654     0.000    -0.096    -0.248     5.739     0.117     0.000    -1.632 

ddG: S59R     0.936   -10.265     0.878    10.714     0.009    -3.816     0.005     0.237     0.043     0.026    -1.530     0.000    -0.141    -0.296     5.318     0.148     0.000    -0.392 

ddG: S59S     0.032     0.024     0.002    -0.007     0.000     0.031     0.002    -0.002     0.007     0.001    -0.001     0.000     0.002    -0.003    -0.018    -0.005     0.000     0.000 

ddG: S59T     0.844    -4.553     0.849     4.661     0.022    -0.759    -0.002    -0.890     0.225     0.089    -0.207     0.000    -0.172    -0.153     1.736     0.010     0.000    -0.015 

ddG: S59V     3.352    -7.895     0.700     7.127     0.014    -1.628     0.006     0.179     0.041     0.071    -0.691     0.000    -0.064    -0.192     4.543     0.456     0.000     0.685 

ddG: S59W     2.631    -9.349     0.137     7.570     0.028    -1.532     0.007     0.213     0.038     0.113    -0.644     0.000    -0.063    -0.066     5.019     0.252     0.000     0.907 

ddG: S59Y     3.032    -2.343     0.287     0.638     0.042     1.046     0.002     0.213     0.064     0.171     0.543     0.000     0.168     0.027     1.851     0.377     0.000    -0.054 

