ddG: description total fa_atr fa_rep fa_sol fa_intra_rep fa_elec pro_close hbond_sr_bb hbond_lr_bb hbond_bb_sc hbond_sc dslf_fa13 rama omega fa_dun p_aa_pp yhh_planarity ref 
ddG: S56A     0.050    -0.926     0.266    -0.166    -0.002     2.026    -0.002    -0.717    -0.088    -1.435     0.785     0.000    -0.002     0.028    -0.304     0.085     0.002     0.502 

ddG: S56C     1.702    -1.971     0.400     0.959     0.000     2.065    -0.001    -0.469     0.029    -1.446     0.785     0.000     0.098    -0.090     0.700     0.431    -0.004     0.215 

ddG: S56D     1.773    -3.740     0.619     4.952     0.011    -1.177     0.000    -0.131    -0.040    -0.004    -0.726     0.000     0.232     0.213     3.087     0.237     0.003    -1.763 

ddG: S56E     0.959    -5.844    -0.038     7.471     0.011    -1.738    -0.001    -0.062     0.057    -0.012    -0.738     0.000     0.091     0.271     3.557     0.018     0.002    -2.085 

ddG: S56F     0.718    -5.169     0.418     1.899     0.035     2.531    -0.001    -0.759    -0.146    -1.434     0.786     0.000     0.154     0.204     1.553     0.341     0.001     0.306 

ddG: S56G     2.272     0.323     0.251     0.464    -0.008     2.207    -0.004    -0.734     0.036    -1.560     0.841     0.000     0.336     0.024    -0.499     0.658    -0.019    -0.043 

ddG: S56H     1.449    -4.051     0.514     1.941     0.001     2.226    -0.001    -0.762    -0.144    -1.554     0.844     0.000     0.207     0.194     1.354     0.480    -0.017     0.218 

ddG: S56H     1.480    -3.666     0.332     1.575     0.003     2.395    -0.002    -0.781    -0.176    -1.433     0.787     0.000     0.221     0.169     1.349     0.490     0.001     0.218 

ddG: S56I     1.308    -2.856     0.446     0.657     0.033     2.366     0.002    -0.668    -0.015    -1.441     0.781     0.000     0.411     0.034     0.505     0.257     0.005     0.789 

ddG: S56K     0.494    -4.935     0.542     3.567     0.005     1.110    -0.001    -0.532    -0.009    -1.428     0.785     0.000     0.021    -0.117     1.828     0.219    -0.003    -0.559 

ddG: S56L     0.741    -7.083     1.743     5.104     0.024    -0.439    -0.005    -0.253    -0.310    -0.012    -1.722     0.000     0.438     0.601     1.991     0.147     0.005     0.513 

ddG: S56M     1.075    -2.939     0.083     1.727     0.000     2.201    -0.004    -0.743     0.017    -1.443     0.785     0.000     0.089     0.011     1.146     0.168    -0.003    -0.022 

ddG: S56N     1.850    -4.054     0.445     3.993     0.008     0.084    -0.003    -0.234     0.005    -0.002    -0.702     0.000     0.425     0.192     2.700     0.343    -0.002    -1.348 

ddG: S56P    11.777    -2.134     6.868    -0.844     0.002     2.874     0.446     0.545     2.243    -1.317     0.790     0.000     1.426     1.032     0.836    -0.474    -0.040    -0.477 

ddG: S56Q     0.483    -2.555     0.029     1.982     0.011     1.628     0.001    -0.725    -0.016    -1.441     0.782     0.000     0.138     0.118     2.126     0.034     0.003    -1.632 

ddG: S56R     1.656    -6.408     0.839     5.655     0.013     0.127    -0.001    -0.429    -0.019    -1.424     0.045     0.000     0.167    -0.056     3.443     0.096     0.000    -0.392 

ddG: S56S     0.522    -0.255    -0.158     0.865    -0.002     0.274    -0.003    -0.089     0.061     0.001     0.002     0.000     0.018     0.001    -0.191     0.002    -0.004     0.000 

ddG: S56T     1.764    -7.141     2.141     7.595     0.028    -0.698    -0.006    -0.291    -0.192    -0.522    -1.728     0.000     0.248     0.566     1.434     0.368    -0.025    -0.015 

ddG: S56V     0.972    -2.609     0.709     0.109     0.027     2.429    -0.001    -0.612    -0.026    -1.426     0.787     0.000     0.276    -0.067     0.293     0.398    -0.001     0.685 

ddG: S56W     0.521    -3.738    -0.082     0.115     0.029     0.411     0.002    -0.197    -0.059    -0.017     0.161     0.000     0.221     0.640     2.218    -0.096     0.006     0.907 

ddG: S56Y     0.410    -9.730     1.867     6.504     0.041    -0.445    -0.004    -0.300    -0.294    -0.004    -1.730     0.000     0.346     0.628     3.248     0.335     0.002    -0.054 

