ddG: description total fa_atr fa_rep fa_sol fa_intra_rep fa_elec pro_close hbond_sr_bb hbond_lr_bb hbond_bb_sc hbond_sc dslf_fa13 rama omega fa_dun p_aa_pp yhh_planarity ref 
ddG: R8A    -1.921     5.129    -0.144    -5.790    -0.011     0.101     0.000     0.106     0.136    -0.035    -0.038    -0.002    -0.114    -0.068    -1.969    -0.120     0.003     0.894 

ddG: R8C    -0.353     4.378    -0.072    -4.696    -0.010    -0.138    -0.005    -0.052    -0.001    -0.013    -0.097     0.003     0.360     0.012    -1.030     0.411    -0.011     0.607 

ddG: R8D     3.157     2.294     0.196     0.619    -0.008    -0.027     0.003     0.065     0.044     0.012     0.032    -0.001     0.096     0.003     1.056     0.144     0.000    -1.371 

ddG: R8E    -0.269     1.963    -0.071    -1.086    -0.004    -0.020     0.006    -0.026     0.009    -0.019     0.023    -0.009    -0.013    -0.010     0.655     0.012     0.012    -1.692 

ddG: R8F    -4.561    -2.042     0.988    -4.651     0.024     0.029     0.002     0.082    -0.049    -0.009     0.041     0.011     0.242     0.195    -0.182     0.069    -0.010     0.698 

ddG: R8G     0.582     7.603    -0.097    -6.154    -0.012     0.115     0.004     0.057     0.102    -0.034    -0.031    -0.004     0.292    -0.040    -1.995     0.426     0.000     0.349 

ddG: R8H    -1.387    -0.780     0.697    -2.554     0.000    -0.188     0.003     0.068    -0.028    -0.030     0.039     0.011     0.138     0.115     0.326     0.188    -0.004     0.610 

ddG: R8H    -1.390    -0.790     0.696    -2.541     0.000    -0.193     0.004     0.068    -0.033    -0.034     0.046     0.010     0.138     0.125     0.324     0.185    -0.006     0.610 

ddG: R8I     0.596     0.370     2.283    -4.613     0.021     0.123     0.084     0.251     0.518    -0.054     0.146    -0.053     0.446     0.601    -1.170     0.469    -0.006     1.182 

ddG: R8K    -1.880     1.566     0.052    -2.492    -0.005     0.067    -0.001    -0.022    -0.015    -0.006    -0.005    -0.001    -0.018    -0.027    -0.875     0.066     0.001    -0.167 

ddG: R8L    -2.191     1.554     0.100    -5.298     0.023     0.297    -0.002    -0.102    -0.146    -0.036     0.018     0.008     0.147     0.043     0.187     0.121    -0.011     0.905 

ddG: R8M    -2.341     1.943     0.034    -4.349    -0.003    -0.060     0.000    -0.065    -0.053    -0.002    -0.007     0.005     0.127    -0.017    -0.343     0.078     0.001     0.371 

ddG: R8N     0.068     2.270     0.080    -2.518    -0.006    -0.193     0.003     0.008     0.028    -0.020     0.000     0.004     0.255    -0.009     0.725     0.387     0.010    -0.955 

ddG: R8P     6.895     2.246     7.768    -6.256    -0.009    -0.032     0.747    -0.699     1.404     0.148    -0.248     0.046     0.780     1.774    -0.245    -0.457     0.011    -0.084 

ddG: R8Q    -1.962     1.421    -0.014    -3.112    -0.004     0.011    -0.001    -0.016     0.014    -0.027    -0.038     0.000     0.078    -0.025     0.897     0.092     0.001    -1.240 

ddG: R8R    -0.072     0.029    -0.003     0.001     0.000     0.000     0.000    -0.007    -0.005    -0.037    -0.031     0.001     0.007    -0.016    -0.020     0.006     0.002     0.000 

ddG: R8S    -0.175     4.744     0.005    -4.020    -0.010    -0.390     0.002    -0.022     0.021    -0.035    -0.029    -0.005     0.124     0.014    -1.153     0.188     0.000     0.392 

ddG: R8T    -0.537     2.945     0.413    -2.656     0.001     0.014     0.013    -0.088     0.040    -0.058    -0.108    -0.016     0.295     0.089    -2.070     0.299    -0.027     0.378 

ddG: R8V    -1.272     1.535     1.799    -4.823     0.011     0.075    -0.002     0.036     0.326    -0.078    -0.016    -0.041     0.289     0.278    -2.043     0.306    -0.004     1.077 

ddG: R8W    -4.027    -6.109     0.859    -2.259     0.155    -0.028     0.005     0.095    -0.044    -0.097    -0.013     0.019     0.094     0.036     1.964     0.005    -0.009     1.299 

ddG: R8Y    -4.247    -2.574     0.863    -3.215     0.024    -0.092     0.002     0.086    -0.046    -0.021     0.038     0.014     0.225     0.186    -0.113     0.041    -0.006     0.338 

