ddG: description total fa_atr fa_rep fa_sol fa_intra_rep fa_elec pro_close hbond_sr_bb hbond_lr_bb hbond_bb_sc hbond_sc dslf_fa13 rama omega fa_dun p_aa_pp yhh_planarity ref 
ddG: D8A     0.111     1.664     0.860    -5.659     0.012     2.343    -0.009    -0.692     0.272    -0.941     1.644     0.000     0.208    -0.027    -2.013     0.182     0.001     2.265 

ddG: D8C    -0.405     1.305     0.858    -4.167     0.010     0.991    -0.003    -0.513     0.048    -1.086     1.586     0.000     0.271    -0.401    -1.647     0.361     0.004     1.978 

ddG: D8D    -0.607     0.258    -0.512    -1.309     0.004    -0.399    -0.006    -0.467     0.179    -1.267     0.286     0.000    -0.065    -0.285     2.853     0.117     0.006     0.000 

ddG: D8E     0.159    -0.611     1.033    -3.060     0.026     1.825    -0.007    -0.664     0.327    -1.086     1.616     0.000     0.194     0.037     0.805     0.042     0.002    -0.322 

ddG: D8F    -2.345    -3.608     1.049    -3.763     0.052     0.856    -0.004    -0.547     0.290    -1.384     1.536     0.000     0.497    -0.440     0.520     0.526     0.005     2.069 

ddG: D8G     0.416     4.189     0.849    -6.751     0.013     1.051    -0.004    -0.499     0.170    -1.118     1.527     0.000     0.483    -0.498    -1.459     0.754    -0.010     1.720 

ddG: D8H    -0.214    -1.556    -0.499    -2.926     0.009     0.229    -0.008    -0.488     0.214    -1.272     0.409     0.000     0.057    -0.141     3.487     0.286     0.004     1.981 

ddG: D8H    -1.249    -1.819     0.887    -3.238     0.015     0.395    -0.006    -0.449     0.107    -1.089     0.594     0.000     0.326    -0.228     1.048     0.238    -0.011     1.981 

ddG: D8I    -0.459    -0.482     0.885    -4.028     0.047     1.106    -0.006    -0.526     0.030    -1.072     1.584     0.000     0.353    -0.291    -0.994     0.376     0.005     2.553 

ddG: D8K     0.345     0.890     1.757    -3.322    -0.004    -0.634    -0.007     0.014     0.150    -0.383    -1.532     0.000    -0.116     0.130     1.949     0.262    -0.014     1.204 

ddG: D8L     0.175     1.139     0.027    -4.740     0.022     1.375     0.000    -0.036     0.146     0.004     1.168     0.000     0.162     0.047    -1.428     0.026    -0.013     2.276 

ddG: D8M     0.019     0.466    -0.489    -3.718     0.012     0.835    -0.009    -0.557     0.241    -1.271     1.428     0.000    -0.024    -0.278     1.412     0.225     0.004     1.742 

ddG: D8N    -1.410    -0.107     2.576    -2.987     0.004    -1.440    -0.016    -0.437     0.244    -1.497    -1.128     0.000     0.179    -0.224     2.631     0.376     0.002     0.415 

ddG: D8P     6.599    -0.390     6.467    -4.628     0.035     0.705     0.359    -0.587     2.188    -1.193     1.595     0.000     0.586     0.190    -0.027    -0.008     0.019     1.286 

ddG: D8Q    -1.435     0.579    -0.133    -3.752     0.012     1.164     0.001    -0.083     0.056     0.090     0.190     0.000     0.024    -0.207     0.475     0.032    -0.015     0.131 

ddG: D8R     0.550    -0.351     1.003    -2.416     0.026     0.688    -0.005    -0.543     0.198    -1.084     1.633     0.000     0.268    -0.324    -0.105     0.201    -0.008     1.371 

ddG: D8S     0.916     1.843     1.776    -2.820    -0.013    -0.959    -0.008     0.009     0.156    -0.383    -1.571     0.000    -0.149     0.050     1.023     0.198     0.000     1.763 

ddG: D8T     0.644     1.752    -0.109    -3.384     0.009     1.232     0.000    -0.083     0.108     0.143     1.192     0.000    -0.045    -0.051    -1.723    -0.147     0.002     1.749 

ddG: D8V     0.371     1.704    -0.147    -5.306     0.029     1.505     0.001    -0.098    -0.109     0.083     1.152     0.000     0.273    -0.112    -1.466     0.411     0.001     2.448 

ddG: D8W    -3.900    -6.621     3.315    -3.305     0.025    -1.048    -0.015    -0.346     0.094    -1.519    -1.179     0.000     0.203    -0.485     3.665     0.643     0.002     2.670 

ddG: D8Y    -2.722    -3.198     2.547    -3.898     0.031    -1.369    -0.011    -0.451     0.067    -1.503    -1.204     0.000     0.149    -0.090     4.076     0.434    -0.009     1.709 

