ddG: description total fa_atr fa_rep fa_sol fa_intra_rep fa_elec pro_close hbond_sr_bb hbond_lr_bb hbond_bb_sc hbond_sc dslf_fa13 rama omega fa_dun p_aa_pp yhh_planarity ref 
ddG: N50A     0.458     2.710    -0.637    -2.819     0.010     0.372    -0.014     0.261    -0.144    -0.249     0.428     0.044     0.214    -0.337    -0.498    -0.731    -0.002     1.849 

ddG: N50C     1.391     0.988    -0.723    -1.329     0.004     1.207     0.004     0.221    -0.159    -0.114     0.406     0.027    -0.313    -0.423    -0.106     0.131     0.008     1.563 

ddG: N50D     1.986     0.532    -0.370     1.977     0.003     0.256     0.010     0.208     0.027    -0.147     0.445     0.041    -0.300    -0.032    -0.121    -0.142     0.014    -0.415 

ddG: N50E     1.109    -0.045     0.118     0.707     0.002     0.300    -0.002    -0.052     0.009     0.005     0.009     0.004    -0.223     0.008     1.241    -0.251     0.015    -0.737 

ddG: N50F    -0.464    -3.986     0.075    -0.007     0.034     0.043    -0.012     0.645     0.045    -0.578    -0.001     0.009    -0.093    -0.050     1.777    -0.008    -0.010     1.654 

ddG: N50G     1.899     4.334     0.157    -3.363     0.002     0.187     0.002    -0.051    -0.016     0.008    -0.002     0.012     0.256     0.080    -1.205     0.194     0.001     1.304 

ddG: N50H     1.329    -2.579    -0.069     1.072    -0.002     0.232    -0.010     0.754     0.058    -0.763     0.413     0.123    -0.094     0.026     0.638    -0.050     0.014     1.566 

ddG: N50H     1.093    -2.833    -0.116     0.687     0.007     0.849     0.008    -0.415     0.182     0.002     0.645     0.117    -0.368     0.026     0.936    -0.222     0.022     1.566 

ddG: N50I     0.136     0.196    -0.072    -1.763     0.023     0.633     0.001    -0.045     0.030    -0.197     1.406     0.078     0.185     0.269    -2.182    -0.564     0.000     2.137 

ddG: N50K     2.048    -1.741    -0.702     0.334     0.039     1.619    -0.013     0.277    -0.338     0.347     0.428     0.031    -0.042    -0.727     2.101    -0.350    -0.004     0.789 

ddG: N50L    -0.263    -0.390    -0.050    -1.274     0.007     0.817     0.004     0.114    -0.001    -0.004     0.520     0.038    -0.204    -0.014    -1.396    -0.294     0.003     1.861 

ddG: N50M    -0.159     1.174    -0.187    -1.871     0.007     0.221     0.007     0.160     0.029    -0.150    -0.073     0.001    -0.201     0.031    -0.338    -0.286    -0.008     1.326 

ddG: N50N     0.140     0.006    -0.038    -0.029    -0.001     0.104     0.002    -0.002     0.036    -0.072    -0.078     0.078     0.009    -0.004     0.145    -0.004    -0.012     0.000 

ddG: N50P    16.020     1.248     8.389    -3.039     0.085     1.132     0.448     2.032    -0.085    -0.782    -0.481     0.047     0.976     2.180     3.784    -0.837     0.051     0.871 

ddG: N50Q    -0.021     0.296    -0.530    -0.296    -0.002     0.720    -0.004     0.238    -0.001    -0.835     1.375     0.006    -0.194     0.354    -0.330    -0.511    -0.024    -0.284 

ddG: N50R     1.348    -0.382    -0.564    -0.210     0.016     0.477     0.003     0.102    -0.119    -0.111    -0.112     0.074    -0.322    -0.377     2.083    -0.160    -0.007     0.955 

ddG: N50S     1.414     1.976    -0.168    -1.064     0.003     0.525     0.007    -0.546     0.147     0.019     0.646     0.043    -0.362    -0.020    -0.938    -0.213     0.011     1.348 

ddG: N50T     0.561     1.895     0.059    -1.081     0.010    -0.279     0.002    -0.103     0.003    -0.067    -0.075     0.000     0.068    -0.076    -1.132     0.006    -0.002     1.333 

ddG: N50V     1.313     1.152     0.200    -1.963     0.012     0.933     0.003     0.004    -0.026    -0.180     1.399     0.003     0.080     0.394    -2.405    -0.326     0.002     2.032 

ddG: N50W    -0.764    -3.582     0.093    -0.417     0.029     0.643     0.002     0.075    -0.003     0.011     0.519     0.017    -0.151    -0.054    -0.023    -0.189     0.011     2.255 

ddG: N50Y    -0.202    -4.939     0.229     1.246     0.051     0.568     0.004     0.193     0.010     0.164    -0.571     0.036    -0.159     0.098     1.604    -0.030     0.001     1.294 

