ddG: description total fa_atr fa_rep fa_sol fa_intra_rep fa_elec pro_close hbond_sr_bb hbond_lr_bb hbond_bb_sc hbond_sc dslf_fa13 rama omega fa_dun p_aa_pp yhh_planarity ref 
ddG: D39A     1.512     8.304    -0.755   -12.595    -0.001     4.466    -0.002     0.172    -0.184    -0.222     2.605    -0.018     0.052    -0.331    -2.695     0.587    -0.135     2.265 

ddG: D39C     2.181     5.322     0.536   -10.282     0.002     4.343     0.000    -0.052    -0.192     0.457     2.615    -0.021     0.115    -0.215    -2.634     0.301    -0.092     1.978 

ddG: D39D     0.047    -0.715     0.248     0.329     0.006    -0.115    -0.006    -0.146     0.010     0.076    -0.001     0.083     0.081     0.045     0.153    -0.004     0.002     0.000 

ddG: D39E     5.200     4.200     1.449    -8.110     0.006     4.328    -0.006     0.044    -0.150     0.301     2.064    -0.018     0.305     0.038     0.476     0.728    -0.133    -0.322 

ddG: D39F     0.094    -2.309     0.337    -8.782     0.023     4.455    -0.038     0.580    -0.144    -0.142     3.246     0.081    -0.027    -0.420     0.767     0.498    -0.099     2.069 

ddG: D39G     2.322     8.836    -1.077   -11.386    -0.016     3.811    -0.016     0.472    -0.043     0.245     2.613    -0.036     0.159    -0.283    -2.328    -0.225    -0.125     1.720 

ddG: D39H     2.179    -0.564    -0.252    -7.333    -0.004     5.455    -0.019     0.751    -0.166    -0.385     4.629     0.000    -0.059    -0.188    -1.949     0.392    -0.110     1.981 

ddG: D39H     2.092    -0.423     0.144    -8.234     0.003     5.592    -0.007     0.090    -0.212     0.238     4.041    -0.049     0.117     0.091    -1.563     0.405    -0.123     1.981 

ddG: D39I     2.660     1.928     2.113   -10.229     0.017     4.566    -0.021     0.500    -0.165    -0.012     2.608    -0.028     0.635    -0.458    -2.709     1.415    -0.050     2.553 

ddG: D39K     8.620     2.544     1.981    -6.907     0.009     5.834    -0.016     0.115    -0.161     0.291     3.088     0.036     0.150    -0.250     0.134     0.675    -0.107     1.204 

ddG: D39L     5.121     0.793     2.347   -10.485     0.014     4.410     0.001    -0.112    -0.148     1.229     2.590    -0.051     1.016     1.207    -1.051     0.886     0.199     2.276 

ddG: D39M     3.547    -0.767     1.250    -8.282     0.018     5.614    -0.009     0.307    -0.376     0.788     3.119     0.012     0.298    -0.355    -0.582     0.749     0.023     1.742 

ddG: D39N     0.585    -0.101     0.205    -5.350     0.046     3.211    -0.022     0.123    -0.272    -0.266     1.579     0.065     0.273    -0.689     1.496    -0.047    -0.081     0.415 

ddG: D39P    29.402     3.474     7.972   -11.824     0.018     6.282     2.341     1.354    -0.369     3.206     3.051    -0.071     1.191     1.014    10.391     0.219    -0.134     1.286 

ddG: D39Q     3.233     3.516     1.016    -8.996     0.011     4.893    -0.007     0.182    -0.090     0.327     1.736     0.020     0.032     0.245    -0.346     0.671    -0.106     0.131 

ddG: D39R     4.415     2.995     1.178    -7.482     0.008     3.890    -0.008    -0.074    -0.017     0.308     1.235     0.066     0.095    -0.010     0.332     0.656    -0.126     1.371 

ddG: D39S     1.388     5.967    -0.840    -9.122     0.007     4.124    -0.033     0.750    -0.265    -0.580     1.693     0.032    -0.104    -0.661    -1.547     0.303    -0.098     1.763 

ddG: D39T     1.747     5.912    -0.023   -11.405     0.016     4.110    -0.017     0.112    -0.273     0.511     2.536    -0.004     0.376    -0.619    -0.943    -0.254    -0.036     1.749 

ddG: D39V     4.001     4.710     1.593   -10.960     0.012     4.868    -0.022     0.571     0.056    -0.043     3.091     0.014     0.158    -0.350    -2.812     0.664     0.004     2.448 

ddG: D39W     0.783    -4.728     0.447    -5.472     0.019     4.488    -0.022     0.616    -0.168    -0.409     3.237    -0.006     0.008    -0.443    -0.095     0.726    -0.087     2.670 

ddG: D39Y     0.917    -2.256     0.524    -8.525     0.023     4.899    -0.028    -0.048    -0.245     0.493     2.642    -0.040    -0.028    -0.346     1.512     0.732    -0.101     1.709 

