ddG: description total fa_atr fa_rep fa_sol fa_intra_rep fa_elec pro_close hbond_sr_bb hbond_lr_bb hbond_bb_sc hbond_sc dslf_fa13 rama omega fa_dun p_aa_pp yhh_planarity ref 
ddG: K137A     0.677     2.748     0.756    -0.469    -0.038    -3.117     0.000     0.709    -0.223     0.664    -3.178     0.000    -0.168     0.147     1.251     0.549    -0.016     1.061 

ddG: K137C     0.418     1.989     0.750     0.516    -0.036    -2.938     0.001     0.717    -0.226     0.674    -3.187     0.000    -0.227     0.012     1.583     0.019    -0.003     0.774 

ddG: K137D     0.591     1.125    -0.245     1.648    -0.013    -1.395     0.001     0.178    -0.191     0.089     0.041     0.000     0.047    -0.380     0.788     0.112    -0.010    -1.204 

ddG: K137E     0.695     0.790    -0.117     0.859    -0.006    -0.738     0.003     0.207    -0.224    -0.018    -0.045     0.000     0.116    -0.417     1.593     0.217     0.004    -1.526 

ddG: K137F    -1.208    -3.695     1.879     1.585     0.009    -2.466    -0.009     0.149    -0.016    -0.407    -3.107     0.000    -0.103     0.094     3.834     0.183    -0.002     0.865 

ddG: K137G     1.857     4.442    -1.466    -1.809    -0.020    -1.198     0.001     0.154    -0.113    -0.180    -0.182     0.000     0.077    -0.385     1.395     0.620     0.005     0.516 

ddG: K137H     0.365    -0.901    -0.994     1.469    -0.018    -0.721     0.008     0.662    -0.256     1.066    -0.476     0.000    -0.140    -0.036     0.146    -0.219    -0.001     0.777 

ddG: K137H     0.100    -1.192    -1.489     1.416    -0.017    -1.238     0.000     0.183    -0.082    -0.220    -0.176     0.000    -0.227    -0.269     2.735    -0.105     0.004     0.777 

ddG: K137I     4.237     1.693    -0.320    -0.830     0.010     0.743    -0.001     0.186    -0.172    -0.227     0.562     0.000    -0.098    -0.003     1.041     0.299     0.004     1.348 

ddG: K137K     0.814     1.382     0.283    -0.201    -0.002     0.069    -0.007    -0.011    -0.291     0.059    -0.399     0.000    -0.138     0.073     0.238    -0.237    -0.005     0.000 

ddG: K137L     0.141     0.900    -1.127     0.102    -0.013    -0.625     0.006     0.605    -0.266     1.134    -0.398     0.000    -0.056    -0.020    -1.237     0.064     0.000     1.072 

ddG: K137M     0.988     0.927    -0.987     0.576    -0.015    -0.780     0.009     0.658    -0.278     1.058    -0.495     0.000    -0.127    -0.053    -0.114     0.086    -0.015     0.537 

ddG: K137N    -0.694     0.484    -0.113     0.831    -0.009    -1.338     0.003     0.189    -0.222    -0.016    -0.004     0.000     0.033    -0.405     0.538     0.119     0.003    -0.789 

ddG: K137P    15.254    -0.514     4.546     1.966    -0.005    -1.453     1.810     2.517    -0.606     1.000    -1.032     0.000     0.592     1.234     4.414     0.718    -0.014     0.082 

ddG: K137Q    -1.514     0.074     1.605     0.992    -0.025    -3.280    -0.005     0.254    -0.134    -0.437    -2.748     0.000    -0.084    -0.267     3.417     0.196     0.001    -1.073 

ddG: K137R     0.070    -2.945     1.833     5.224    -0.017    -4.285    -0.007     0.287    -0.150    -0.434    -3.096     0.000    -0.131    -0.275     3.594     0.306     0.001     0.167 

ddG: K137S     1.052     2.558    -0.113    -0.603    -0.013    -0.932     0.002     0.207    -0.213    -0.027    -0.029     0.000     0.135    -0.390    -0.220     0.142    -0.011     0.559 

ddG: K137T     1.770     1.193     0.327     1.754    -0.004     0.236    -0.007    -0.048    -0.260     0.071    -0.404     0.000    -0.261     0.003    -0.871    -0.499    -0.005     0.544 

ddG: K137V     1.028    -1.179     1.086     0.174     0.007     0.179     0.001    -0.080     0.090     0.038    -0.080     0.000     0.223     0.147    -0.945     0.123    -0.001     1.244 

ddG: K137W     0.625    -4.777    -0.511     2.913     0.007    -0.684     0.008     0.643    -0.270     1.074    -0.513     0.000    -0.110    -0.156     1.456     0.080    -0.001     1.466 

ddG: K137Y    -0.768    -2.422    -0.966     1.864     0.010    -1.200     0.010     0.675    -0.243     1.062    -0.465     0.000    -0.103    -0.015     0.701    -0.191     0.010     0.505 

