ddG: description total fa_atr fa_rep fa_sol fa_intra_rep fa_elec pro_close hbond_sr_bb hbond_lr_bb hbond_bb_sc hbond_sc dslf_fa13 rama omega fa_dun p_aa_pp yhh_planarity ref 
ddG: G107A     3.047    -1.957     1.246     2.147     0.007    -0.263    -0.001    -0.525     0.200     0.181    -0.288     0.000    -0.175     0.687     0.562     0.681     0.000     0.545 

ddG: G107C     3.958    -1.706     1.810     1.399     0.001    -0.023     0.002     0.213     0.001     0.079     0.011     0.000     0.140     0.547     0.307     0.919     0.000     0.258 

ddG: G107D     2.569    -6.333     1.317     7.646     0.001    -2.784     0.001     0.595     0.023     0.124    -1.553     0.000    -0.385     0.617     4.488     0.531     0.000    -1.720 

ddG: G107E     4.007    -6.216     1.544     7.100     0.005    -2.233     0.002     0.502     0.037     0.175    -1.541     0.000    -0.135     0.424     5.296     1.089     0.000    -2.041 

ddG: G107F     1.953    -4.719     1.391     3.051     0.040    -1.423     0.003    -0.517     0.216     0.168    -0.346     0.000    -0.346     0.776     3.044     0.265     0.000     0.349 

ddG: G107G    -0.450     2.861     0.099    -2.866     0.001     0.627    -0.002    -0.057     0.001     0.027    -0.009     0.000     0.069     0.072    -1.250    -0.023     0.000     0.000 

ddG: G107H     2.939    -7.253     1.548     6.981     0.001    -2.415     0.007     0.490     0.033     0.228    -1.523     0.000    -0.326     0.395     3.841     0.671     0.000     0.261 

ddG: G107H     2.568    -3.897     1.493     3.287     0.009    -0.296    -0.001    -0.671     0.208     0.234    -0.283     0.000    -0.432     0.470     1.849     0.338     0.000     0.261 

ddG: G107I     6.837    -2.961     2.072     1.680     0.105    -1.173     0.000     0.222     0.003     0.139     0.035     0.000     1.014     0.675     1.872     2.320     0.000     0.833 

ddG: G107K     2.818     0.801     1.186    -1.194     0.006     0.625     0.003     0.386    -0.005     0.168     0.035     0.000    -0.077     0.946    -0.148     0.604     0.000    -0.516 

ddG: G107L     2.241    -4.125     1.705     3.712     0.013    -2.888     0.003     0.474     0.033     0.186    -1.530     0.000     0.095     0.638     2.270     1.101     0.000     0.556 

ddG: G107M     2.632    -6.660     1.539     6.423     0.007    -3.388     0.008     0.585     0.038     0.138    -1.523     0.000    -0.224     0.645     4.172     0.851     0.000     0.022 

ddG: G107N     0.438    -0.181     1.310     0.481     0.010    -0.017     0.000    -0.614     0.216     0.216    -0.357     0.000    -0.621     0.763     0.755    -0.219     0.000    -1.304 

ddG: G107P    68.082    -4.443     1.460     3.698     0.075    -0.682    12.142    -0.499     0.050     0.089    -0.506     0.000     1.345    41.768    13.728     0.291    -0.001    -0.434 

ddG: G107Q     2.758    -2.888     1.413     2.930     0.012     0.025    -0.001    -0.625     0.216     0.224    -0.277     0.000    -0.365     0.582     2.611     0.492     0.000    -1.589 

ddG: G107R     3.487    -4.633     2.161     5.488     0.016    -1.674     0.024    -0.733     0.211     0.374    -0.810     0.000    -0.272     0.339     2.695     0.651     0.000    -0.349 

ddG: G107S     3.475    -5.457     1.420     6.408    -0.002    -2.109     0.006     0.564     0.035     0.179    -1.520     0.000    -0.097     0.551     2.598     0.855     0.000     0.043 

ddG: G107T     5.185    -2.814     1.315     3.909     0.035    -1.387     0.002     0.425     0.031     0.186    -1.549     0.000     0.573     0.526     1.902     2.002     0.000     0.029 

ddG: G107V     4.820    -6.771     1.508     6.542     0.056    -3.270     0.004     0.637     0.026     0.178    -1.526     0.000     0.649     0.671     3.727     1.662     0.000     0.728 

ddG: G107W     2.939   -10.470     1.596     8.003     0.029    -3.718     0.005     0.616     0.026     0.212    -1.518     0.000    -0.197     0.548     5.825     1.032     0.000     0.950 

ddG: G107Y     2.403    -1.275     1.411    -0.854     0.035    -0.759     0.003     0.404    -0.010     0.135     0.031     0.000    -0.001     0.972     1.628     0.692     0.000    -0.011 

