ddG: description total fa_atr fa_rep fa_sol fa_intra_rep fa_elec pro_close hbond_sr_bb hbond_lr_bb hbond_bb_sc hbond_sc dslf_fa13 rama omega fa_dun p_aa_pp yhh_planarity ref 
ddG: N97A    -0.772     4.507     0.332    -3.646    -0.006    -0.969    -0.002     0.098     0.174    -0.607    -0.008     0.104    -0.020     0.620    -2.742    -0.437    -0.020     1.849 

ddG: N97C     0.278     2.943     0.584    -2.487    -0.009    -0.422     0.000    -0.102     0.156     0.042     0.031     0.018     0.005     0.347    -2.434     0.062    -0.018     1.563 

ddG: N97D     1.459     0.388     0.565     2.273     0.003    -0.717     0.000    -0.099     0.162     0.043     0.062     0.029    -0.027     0.342    -1.003    -0.139    -0.008    -0.415 

ddG: N97E     0.439     0.644     0.660     0.502     0.001    -0.388     0.002    -0.676     0.285     0.072     0.186     0.026    -0.285     0.563     0.132    -0.523    -0.025    -0.737 

ddG: N97F     0.009    -1.693     0.569    -1.824     0.031     0.185    -0.003    -0.092     0.149    -1.035     1.643    -0.016    -0.086     0.374     0.169    -0.006    -0.009     1.654 

ddG: N97G     2.219     7.071     0.144    -5.594     0.002    -0.296    -0.013     0.045     0.038     0.397     0.067     0.016     0.673    -0.100    -1.352    -0.173    -0.010     1.304 

ddG: N97H    -1.570    -2.061     0.653     0.159    -0.001    -0.821     0.000    -0.084     0.142     0.039    -0.322     0.045     0.095     0.454    -1.160    -0.271    -0.005     1.566 

ddG: N97H    -1.389    -2.735     0.081     0.409     0.005    -0.309     0.003     0.008    -0.013    -0.012    -0.361     0.030    -0.189     0.071     0.102    -0.050     0.007     1.566 

ddG: N97I    -0.075     1.543     0.613    -2.164     0.016    -0.324     0.000    -0.162     0.148    -1.026     1.643    -0.016     0.004     0.363    -2.710    -0.141     0.002     2.137 

ddG: N97K     0.303     3.177     0.161    -2.371    -0.012    -0.024     0.006     0.067     0.175    -1.103     1.642     0.015    -0.353     0.298    -1.992    -0.174     0.005     0.789 

ddG: N97L    -0.930     2.143     0.142    -2.258    -0.009    -0.622    -0.013     0.519     0.211    -1.537     1.717     0.021    -0.198     0.095    -2.701    -0.298    -0.002     1.861 

ddG: N97M    -0.919     1.142     0.513    -1.901    -0.012    -0.857    -0.015     0.501     0.241    -0.625     0.003     0.114     0.016     0.282    -1.308    -0.329    -0.010     1.326 

ddG: N97N    -0.128     0.684     0.532    -0.262    -0.005    -0.526     0.000    -0.101     0.201     0.038     0.035     0.102     0.115     0.377    -1.244    -0.070    -0.003     0.000 

ddG: N97P    11.578     1.457     6.975    -4.308     0.005     0.342     0.572     2.267    -0.037    -0.142    -0.059    -0.007     0.877     3.034     0.023    -0.288    -0.003     0.871 

ddG: N97Q     0.028     0.938     0.609    -1.334    -0.003     0.262     0.001    -0.775     0.336     0.264     0.235     0.094    -0.197     0.398    -0.022    -0.488    -0.006    -0.284 

ddG: N97R     0.675     1.071     0.633    -0.385     0.004    -0.541    -0.001    -0.118     0.152     0.037     0.028     0.004    -0.137     0.379    -1.127    -0.260    -0.018     0.955 

ddG: N97S     1.326     4.661     0.074    -2.223    -0.014    -0.965    -0.015     0.533     0.216    -1.512     1.718     0.005    -0.221     0.094    -2.337    -0.025    -0.012     1.348 

ddG: N97T     0.526     3.215    -0.585    -1.369     0.000    -0.604     0.002     0.156     0.035    -1.585     1.604    -0.023    -0.209     0.044    -1.531     0.048    -0.006     1.333 

ddG: N97V     0.296     1.464     0.894    -2.108     0.015    -0.282    -0.001    -0.277     0.189     0.179     0.022     0.104     0.188     0.358    -2.391    -0.072    -0.018     2.032 

ddG: N97W    -2.643    -5.583     0.666     0.800     0.012    -0.915    -0.015     0.399     0.225    -0.474     0.101    -0.004    -0.096     0.124    -0.001    -0.132    -0.005     2.255 

ddG: N97Y    -0.087    -1.720     0.734    -1.323     0.025    -0.062     0.001    -0.069     0.133    -0.952     1.712     0.015    -0.091     0.495    -0.260    -0.018    -0.002     1.294 

