ddG: description total fa_atr fa_rep fa_sol fa_intra_rep fa_elec pro_close hbond_sr_bb hbond_lr_bb hbond_bb_sc hbond_sc dslf_fa13 rama omega fa_dun p_aa_pp yhh_planarity ref 
ddG: T83A     1.162     0.463    -0.105    -0.890    -0.009     0.619     0.002     0.150    -0.120     0.010     0.516    -0.064     0.159     0.264    -0.582     0.215     0.017     0.516 

ddG: T83C     0.334     0.051    -0.161    -0.247    -0.008     0.586     0.003     0.085    -0.110     0.010     0.520    -0.068    -0.135     0.189    -0.499    -0.120     0.008     0.229 

ddG: T83D     2.154    -2.153    -0.276     2.592     0.001     0.302    -0.005    -0.044    -0.234     0.051    -0.038    -0.117     0.217    -0.058     3.185     0.491    -0.012    -1.749 

ddG: T83E     0.661    -2.053    -0.323     1.384     0.008     0.280    -0.005    -0.034    -0.243     0.037    -0.039    -0.114     0.009    -0.333     3.812     0.351    -0.005    -2.070 

ddG: T83F    -2.488    -6.008     0.327     1.491     0.026    -0.305    -0.006    -0.168    -0.138     0.087    -0.006    -0.043    -0.020     0.054     1.860     0.053    -0.015     0.321 

ddG: T83G     0.664     1.249    -1.229    -1.079    -0.001     0.796    -0.006    -0.407    -0.073    -0.581     1.570    -0.117     0.194     0.169    -0.124     0.350    -0.018    -0.029 

ddG: T83H    -0.204    -4.516    -0.899     2.053    -0.001     0.785    -0.006     0.196    -0.241    -0.724     1.400    -0.121    -0.120     0.031     1.543     0.199    -0.015     0.232 

ddG: T83H     0.743    -3.566    -0.117     1.441    -0.006     0.860     0.000     0.117    -0.091    -0.235     1.443    -0.117    -0.019     0.348     0.287     0.167    -0.003     0.232 

ddG: T83I    -0.921    -2.041    -0.526     0.149     0.012     0.408     0.000     0.137    -0.155    -0.037    -0.043    -0.107    -0.348    -0.395     1.368    -0.141    -0.005     0.804 

ddG: T83K     0.482    -2.175    -0.516     1.127     0.011     0.990    -0.002    -0.510    -0.128     0.142     0.696    -0.082    -0.372    -0.094     1.876     0.050     0.013    -0.544 

ddG: T83L    -0.564    -1.806     0.340     0.222     0.001     0.126    -0.011    -0.197    -0.136     0.150     0.081    -0.112     0.019     0.260    -0.024    -0.020     0.015     0.527 

ddG: T83M    -0.087    -1.384    -0.030    -0.124    -0.006     0.166     0.003    -0.004     0.029     0.000    -0.004    -0.020    -0.034    -0.112     1.284     0.170    -0.012    -0.007 

ddG: T83N     0.560    -1.416    -0.058     1.063     0.004     0.553    -0.004    -0.643     0.048    -0.002     1.611    -0.110    -0.112     0.623     0.360    -0.018    -0.006    -1.333 

ddG: T83P     4.757    -3.433     3.249    -0.109     0.005     0.402     0.440     0.186     1.096     0.127     0.039     0.013     0.798     1.749     0.766    -0.119     0.009    -0.462 

ddG: T83Q    -1.878    -1.763    -0.537     1.081    -0.001    -0.343    -0.006     0.146     0.118    -1.789     1.477    -0.095    -0.080     0.362     1.046     0.122     0.001    -1.617 

ddG: T83R    -0.103    -4.204    -0.081     4.925     0.004    -1.935    -0.016     0.532    -0.100    -0.907     0.407    -0.067    -0.041     0.006     1.546     0.205     0.003    -0.378 

ddG: T83S     0.491     0.073    -0.678    -0.300     0.006    -0.182     0.000     0.100    -0.176    -0.040    -0.041    -0.032    -0.004    -0.376     1.683     0.466    -0.021     0.015 

ddG: T83T     0.998     0.282    -0.279     0.062    -0.003     0.908    -0.001     0.139    -0.041    -0.113     1.477    -0.095    -0.134     0.307    -1.321    -0.180    -0.011     0.000 

ddG: T83V    -1.284    -1.694     0.349     0.063     0.011    -0.039    -0.005    -0.114    -0.070     0.086    -0.002    -0.098    -0.189     0.027    -0.027    -0.267    -0.013     0.699 

ddG: T83W    -1.257    -9.711     0.863     3.518     0.027     0.246    -0.002     0.080    -0.169     0.175     0.607    -0.033    -0.083     0.672     1.848    -0.222     0.005     0.921 

ddG: T83Y    -2.953    -5.583     0.353     2.217     0.025    -0.994    -0.004    -0.130    -0.140     0.263    -0.427    -0.121    -0.008     0.047     1.440     0.000     0.150    -0.040 

