ddG: description total fa_atr fa_rep fa_sol fa_intra_rep fa_elec pro_close hbond_sr_bb hbond_lr_bb hbond_bb_sc hbond_sc dslf_fa13 rama omega fa_dun p_aa_pp yhh_planarity ref 
ddG: D76A     0.934     2.054     0.084    -3.415     0.003     2.216     0.005    -0.505    -0.026    -1.430     0.775     0.000     0.214     0.023    -1.731     0.391     0.012     2.265 

ddG: D76C    -0.386     0.930     0.064    -2.289    -0.004     0.469     0.002     0.002     0.001    -0.128     0.043     0.000     0.105     0.036    -1.741     0.151    -0.005     1.978 

ddG: D76D     0.309    -0.936     0.468     0.501     0.001     1.254     0.003    -0.475    -0.043    -1.436     0.779     0.000    -0.046    -0.039     0.048     0.225     0.006     0.000 

ddG: D76E     0.155     0.541    -0.305    -1.018     0.006     0.468     0.004    -0.037     0.005     0.000    -0.005     0.000     0.114     0.034     0.649     0.016     0.006    -0.322 

ddG: D76F    -0.818    -3.338     0.427    -2.222     0.031     0.311     0.002    -0.012     0.005     0.000    -0.007     0.000     0.324     0.014     1.471     0.105     0.004     2.069 

ddG: D76G     0.945     3.192    -0.125    -3.672    -0.003     0.484     0.001     0.013     0.002     0.001    -0.009     0.000     0.402     0.036    -1.898     0.795     0.006     1.720 

ddG: D76H    -0.908    -3.757     0.584    -1.083     0.006    -0.036     0.007     0.099    -0.004    -0.126     0.047     0.000     0.372    -0.078     1.129    -0.045    -0.006     1.981 

ddG: D76H    -0.618    -3.753     0.574    -1.083     0.007     0.242     0.007     0.093    -0.003    -0.120     0.050     0.000     0.372    -0.074     1.138    -0.043    -0.007     1.981 

ddG: D76I    -0.306     0.839    -0.192    -3.136     0.025     0.775     0.004    -0.039    -0.048     0.000    -0.005     0.000     0.171     0.096    -1.325    -0.028     0.004     2.553 

ddG: D76K     0.067    -0.534    -0.044    -0.836     0.000     2.080     0.002    -0.612     0.061    -1.441     0.774     0.000     0.069     0.047    -0.924     0.215     0.006     1.204 

ddG: D76L    -1.746     0.178     0.110    -3.523     0.013     0.270     0.006     0.094    -0.095    -0.129     0.052     0.000     0.169    -0.031    -1.138     0.011    -0.009     2.276 

ddG: D76M    -0.203     1.124    -0.310    -2.949     0.003     0.569     0.004    -0.029     0.009     0.001    -0.006     0.000     0.249     0.029    -0.714     0.072     0.004     1.742 

ddG: D76N    -0.091    -1.559     0.223     0.010    -0.002     1.793     0.000    -0.555     0.105    -1.435     0.773     0.000     0.284    -0.179    -0.458     0.489     0.003     0.415 

ddG: D76P     6.731     1.134     5.217    -5.124     0.009     1.049     0.166    -0.228     2.404     0.040    -0.113     0.000     0.420     1.890    -1.657     0.222     0.015     1.286 

ddG: D76Q    -1.610    -0.828     0.240    -2.045     0.005     0.395     0.005     0.114    -0.038    -0.125     0.049     0.000     0.071    -0.079     0.329     0.180    -0.014     0.131 

ddG: D76R     0.581     0.292    -0.313    -1.414     0.008     0.800     0.003    -0.032     0.003     0.006    -0.004     0.000     0.119     0.092    -0.412     0.057     0.005     1.371 

ddG: D76S     1.410     2.699    -0.346    -2.647     0.000     0.674     0.003    -0.037    -0.003     0.002    -0.005     0.000     0.222     0.023    -1.067     0.120     0.006     1.763 

ddG: D76T    -0.300     0.516     0.012    -1.301     0.003     0.318     0.005     0.000     0.137    -0.122     0.046     0.000     0.251    -0.052    -1.637    -0.219    -0.005     1.749 

ddG: D76V    -0.529     1.448    -0.322    -3.240     0.017     0.627     0.004    -0.050    -0.057    -0.014    -0.006     0.000     0.200     0.061    -1.636    -0.016     0.008     2.448 

ddG: D76W    -1.550    -7.394     1.131     0.309     0.035     1.056     0.004    -0.892     0.343    -1.419     0.435     0.000     0.308    -0.230     1.289     0.797     0.008     2.670 

ddG: D76Y    -0.973    -4.253     0.582    -1.223     0.034     0.844     0.002     0.051     0.039    -0.125     0.050     0.000     0.230    -0.072     1.084     0.093    -0.016     1.709 

