ddG: description total fa_atr fa_rep fa_sol fa_intra_rep fa_elec pro_close hbond_sr_bb hbond_lr_bb hbond_bb_sc hbond_sc dslf_fa13 rama omega fa_dun p_aa_pp yhh_planarity ref 
ddG: L33A     4.339     8.087    -0.680    -2.802    -0.005     0.276     0.002    -0.042    -0.013     0.118    -0.057     0.000     0.087     0.109    -0.703    -0.047     0.019    -0.011 

ddG: L33C     3.928     5.533    -0.282    -0.740    -0.007    -0.083     0.001     0.029    -0.014    -0.029     0.000     0.000     0.060     0.055    -0.400     0.116    -0.013    -0.298 

ddG: L33D     7.246     1.923     0.024     5.661    -0.004     1.716     0.000    -0.522    -0.058    -1.313     0.730     0.000    -0.102    -0.105     1.429     0.126     0.017    -2.276 

ddG: L33E     4.788    -0.421     0.691     6.354     0.018    -2.670     0.003    -0.219    -0.057     0.124    -1.558     0.000     0.452     0.543     3.692     0.409     0.025    -2.598 

ddG: L33F    -0.815    -5.213     1.197     1.301     0.054    -1.851     0.000    -0.043    -0.067    -0.016    -0.942     0.000     0.163     0.299     4.296     0.210     0.000    -0.207 

ddG: L33G     6.534    10.414    -0.551    -3.652    -0.005     0.521    -0.001    -0.065    -0.026     0.170     0.714     0.000     0.231    -0.004    -0.875     0.267    -0.047    -0.556 

ddG: L33H     2.579    -2.049     0.641     2.093     0.001    -1.109     0.000     0.066    -0.087     0.160    -0.258     0.000     0.114     0.476     2.843     0.033    -0.049    -0.295 

ddG: L33H     2.602    -9.719     1.709     9.542     0.005    -2.085    -0.003     0.194    -0.155    -0.026    -2.566     0.000     0.202     0.708     4.768     0.351    -0.025    -0.295 

ddG: L33I     1.813     0.868     1.668    -1.165     0.022     0.090    -0.003    -0.352    -0.135    -0.047     0.028     0.000     0.595     0.220    -0.290     0.035     0.002     0.276 

ddG: L33K     5.115    -0.282     0.023     4.993     0.006    -0.631     0.003     0.107    -0.081     0.083    -0.971     0.000     0.067     0.271     2.505     0.073     0.022    -1.072 

ddG: L33L    -0.114     0.349    -0.208    -0.322     0.003     0.017    -0.002    -0.016    -0.010     0.120    -0.049     0.000     0.000    -0.023     0.011     0.002     0.012     0.000 

ddG: L33M     1.572    -0.210     1.219     0.875     0.003    -0.996     0.011     0.209    -0.113    -0.057    -0.847     0.000     0.094     0.528     1.390    -0.003     0.004    -0.535 

ddG: L33N     2.557     0.967     0.098     4.282    -0.006     0.573    -0.002    -0.563    -0.005    -1.324    -0.342     0.000    -0.108    -0.143     0.835     0.139     0.016    -1.861 

ddG: L33P    18.436     5.264     5.791    -3.153     0.011     1.985     0.661     1.509     0.258    -1.253     0.720     0.000     1.554     3.198     2.592     0.276     0.016    -0.990 

ddG: L33Q     0.099     0.182     0.126     2.232     0.011    -2.012     0.001     0.042    -0.074     0.094    -0.904     0.000    -0.028     0.218     2.250     0.091     0.014    -2.145 

ddG: L33R     5.280    -2.792     0.067     7.908     0.002    -1.396    -0.003     0.126    -0.062     0.113    -0.949     0.000    -0.038     0.039     2.921     0.237     0.012    -0.905 

ddG: L33S     5.394     7.089    -0.495    -0.682     0.000    -0.068    -0.001     0.051    -0.044     0.117    -0.056     0.000    -0.014    -0.033     0.038    -0.007     0.013    -0.513 

ddG: L33T     4.610     4.289    -0.003     1.628     0.002    -0.320     0.000     0.004    -0.085     0.107    -0.054     0.000     0.085    -0.062    -0.622     0.159     0.008    -0.527 

ddG: L33V     3.659     3.824     1.248    -1.925     0.022     0.253    -0.003    -0.311    -0.163     0.099    -0.030     0.000     0.525     0.179    -0.295     0.046     0.017     0.172 

ddG: L33W     0.039   -12.650     2.931     9.718     0.033    -2.868    -0.004     0.047    -0.209     0.105    -2.838     0.000     0.253     0.777     3.997     0.347     0.007     0.394 

ddG: L33Y    -0.586   -11.218     2.763     8.263     0.029    -2.979    -0.003     0.055    -0.201    -0.061    -2.774     0.000     0.391     0.918     4.269     0.537    -0.005    -0.567 

