ddG: description total fa_atr fa_rep fa_sol fa_intra_rep fa_elec pro_close hbond_sr_bb hbond_lr_bb hbond_bb_sc hbond_sc dslf_fa13 rama omega fa_dun p_aa_pp yhh_planarity ref 
ddG: I28A     4.649     7.471    -3.681    -0.585    -0.013     1.940     0.013     0.036    -0.015     0.266     2.527     0.000    -0.325     0.147    -2.521    -0.324     0.002    -0.288 

ddG: I28C     4.895     6.383    -3.798     0.100    -0.013     2.181     0.009     0.049     0.004     0.188     2.490     0.000    -0.257     0.172    -2.137     0.097     0.002    -0.574 

ddG: I28D     8.926    -0.265    -0.906     9.864    -0.003     0.652    -0.007    -0.026     0.413     1.476    -0.727     0.000    -0.246     0.359     1.378    -0.475    -0.007    -2.553 

ddG: I28E     4.961     1.346    -3.331     6.827    -0.005     0.118     0.013    -0.039     0.019     0.187     1.658     0.000    -0.353     0.050     1.584    -0.228    -0.011    -2.874 

ddG: I28F     0.832    -4.394    -0.392    -0.059     0.032     2.803     0.015    -0.130     0.161     0.303     2.354     0.000    -0.120     0.922    -0.091    -0.088     0.000    -0.483 

ddG: I28G     7.187     9.727    -2.163    -0.644    -0.029     0.076     0.011     0.608    -0.088     1.068    -0.485     0.000    -0.106     0.305    -0.502     0.259    -0.018    -0.833 

ddG: I28H     4.069    -0.926    -3.833     3.443    -0.019     2.060     0.030     0.411     0.043     1.251     1.835     0.000    -0.436     0.720     0.209    -0.147     0.001    -0.571 

ddG: I28H     4.045    -1.929    -2.650     2.718    -0.011     3.268     0.022    -0.210     0.296     0.151     2.475     0.000    -0.314     0.841     0.180    -0.212    -0.008    -0.571 

ddG: I28I     1.293     0.505    -0.861     0.393    -0.005     0.331     0.006     0.459    -0.080     1.113    -0.455     0.000    -0.178     0.326    -0.189    -0.068    -0.004     0.000 

ddG: I28K     9.465    -0.516    -1.585     6.957    -0.022     2.613     0.011     0.386     0.131     1.080    -0.606     0.000    -0.615     0.671     2.501    -0.176    -0.017    -1.348 

ddG: I28L     3.424     1.514    -4.261     1.179    -0.015     2.253     0.015     0.444    -0.033     1.237     2.027     0.000    -0.370     0.317    -0.380    -0.222    -0.004    -0.276 

ddG: I28M     3.392     0.654    -2.786     0.536    -0.005     3.802     0.011     0.244    -0.043     1.540     2.167     0.000    -0.289     0.621    -1.819    -0.424    -0.007    -0.811 

ddG: I28N     6.134     1.247    -1.980     5.381    -0.011     0.401     0.006     0.661     0.150     2.524    -1.157     0.000    -0.192     0.211     1.372    -0.333    -0.007    -2.137 

ddG: I28P    12.044     4.560     0.893    -2.159    -0.015     2.714     0.318     1.540    -0.089     1.851     2.070     0.000     0.252     2.741    -0.976    -0.383    -0.004    -1.266 

ddG: I28Q     3.395     0.326    -3.536     4.399    -0.010     1.892     0.014     0.056     0.044     0.207     2.500     0.000    -0.302     0.146     0.373    -0.299     0.006    -2.421 

ddG: I28R     5.687    -2.827    -3.226     9.592    -0.004     1.578     0.014    -0.052    -0.036    -0.930     1.037     0.000    -0.320     0.362     1.852    -0.160    -0.011    -1.182 

ddG: I28S     6.869     5.658    -1.930     1.577    -0.025     1.445     0.009     0.363     0.061     1.079    -0.577     0.000    -0.467     0.699    -0.144    -0.079    -0.011    -0.789 

ddG: I28T     4.723     4.858    -3.494     2.228    -0.003     1.679     0.011    -0.034     0.001     0.225     2.527     0.000    -0.146     0.109    -2.429    -0.009     0.004    -0.804 

ddG: I28V     1.980     1.427    -0.120    -0.210     0.000     1.082    -0.001    -0.168     0.221     0.002    -0.078     0.000    -0.125     0.404    -0.270    -0.075    -0.004    -0.105 

ddG: I28W     3.752    -3.918    -3.220     4.974     0.003     1.461     0.030     0.731    -0.076     1.428     1.697     0.000    -0.672     1.495    -0.253    -0.047     0.001     0.118 

ddG: I28Y     2.991    -3.680    -1.100     3.668     0.016     1.295     0.025     0.241    -0.192     0.500     2.158     0.000    -0.493     1.135     0.065     0.125     0.074    -0.844 

