ddG: description total fa_atr fa_rep fa_sol fa_intra_rep fa_elec pro_close hbond_sr_bb hbond_lr_bb hbond_bb_sc hbond_sc dslf_fa13 rama omega fa_dun p_aa_pp yhh_planarity ref 
ddG: T62A     1.161    -3.426    -0.011     3.444    -0.006    -1.014     0.004     0.154     0.086     0.065    -0.881     0.000     0.131    -0.199     1.891     0.406     0.000     0.516 

ddG: T62C     0.668     3.210    -0.008    -3.870    -0.001     1.782    -0.001    -0.094     0.070     0.031     0.655     0.000     0.137     0.103    -1.503    -0.073     0.000     0.229 

ddG: T62D     3.094    -0.632    -0.120     0.977     0.000     1.208     0.000    -0.024     0.068     0.029     0.684     0.000     0.372     0.087     1.794     0.399     0.000    -1.749 

ddG: T62E     2.136     2.329    -0.006    -2.667     0.004     2.556     0.000    -0.093     0.081     0.048     0.657     0.000     0.233     0.091     0.762     0.210     0.000    -2.070 

ddG: T62F    -0.350    -3.672     0.143     1.931     0.024    -0.394     0.005     0.094     0.098     0.095    -0.897     0.000    -0.108    -0.091     2.142    -0.041     0.000     0.321 

ddG: T62G     1.589     4.812    -0.008    -5.001    -0.002     1.805     0.000    -0.098     0.067    -0.070     0.611     0.000     0.603     0.129    -1.653     0.425     0.000    -0.029 

ddG: T62H     1.783    -1.884    -0.148     0.095     0.000     1.288     0.000    -0.034     0.056     0.003     0.663     0.000     0.052     0.034     1.188     0.237     0.000     0.232 

ddG: T62H     0.350    -1.703    -0.202    -0.131     0.000     1.548    -0.001    -1.290     0.223    -0.010     0.668     0.000    -0.014     0.126     1.026    -0.122     0.000     0.232 

ddG: T62I     0.946    -4.670     0.303     4.238     0.017    -0.845     0.005     0.178     0.094    -0.589    -0.937     0.000    -0.240    -0.145     2.513     0.220     0.000     0.804 

ddG: T62K     0.723     2.641    -0.021    -3.411     0.002     1.832    -0.003    -0.091     0.071     0.034     0.655     0.000     0.152     0.080    -0.749     0.074     0.000    -0.544 

ddG: T62L     0.918    -0.852    -0.116    -0.449     0.005     1.163     0.000    -0.028     0.058     0.020     0.671     0.000     0.080     0.034    -0.246     0.049     0.000     0.527 

ddG: T62M     1.698    -0.726    -0.115    -0.461     0.002     1.189    -0.001    -0.028     0.054     0.021     0.678     0.000     0.134     0.021     0.813     0.124     0.000    -0.007 

ddG: T62N     1.228     2.160    -0.023    -2.809     0.001     1.691    -0.001    -0.098     0.063     0.017     0.660     0.000     0.395     0.106     0.051     0.349     0.000    -1.333 

ddG: T62P     2.682    -0.611     1.098    -0.999     0.001     0.596     1.019     0.066    -0.047     0.312     0.622     0.000     0.411     0.853    -0.037    -0.140     0.000    -0.462 

ddG: T62Q    -0.531    -1.249    -0.120     0.148     0.003     1.284    -0.001    -1.299     0.222     0.009     0.675     0.000    -0.002     0.133     1.477    -0.193     0.000    -1.617 

ddG: T62R     1.381    -2.236     0.114     2.933     0.006    -0.758     0.005     0.084     0.091     0.079    -0.898     0.000    -0.029    -0.114     2.354     0.127     0.000    -0.378 

ddG: T62S     0.613     3.338     0.054    -3.352    -0.001     0.553    -0.001    -0.064    -0.020     0.052     0.076     0.000     0.264     0.088    -0.740     0.351     0.000     0.015 

ddG: T62T    -0.728    -4.076     0.143     4.950    -0.003    -2.241     0.005     0.174     0.033     0.055    -1.569     0.000    -0.210    -0.207     2.223    -0.005     0.000     0.000 

ddG: T62V     1.021    -4.047     0.272     3.870     0.013    -0.597     0.006     0.183     0.101    -0.558    -0.940     0.000    -0.346    -0.200     2.460     0.107     0.000     0.699 

ddG: T62W     1.831    -2.715    -0.133     0.440     0.023     1.266     0.000    -0.034     0.067     0.015     0.661     0.000     0.112     0.025     1.051     0.131     0.000     0.921 

ddG: T62Y    -0.446    -3.242     0.035     1.235     0.031     1.224    -0.002    -1.004     0.270     0.079     0.330     0.000    -0.228    -0.036     1.346    -0.443     0.000    -0.040 

