ddG: description total fa_atr fa_rep fa_sol fa_intra_rep fa_elec pro_close hbond_sr_bb hbond_lr_bb hbond_bb_sc hbond_sc dslf_fa13 rama omega fa_dun p_aa_pp yhh_planarity ref 
ddG: G37A     5.964    -3.270     5.488     0.599     0.003     0.448     0.001     0.521     1.700     0.094    -0.126     0.000    -0.489     0.442    -0.361     0.368     0.002     0.545 

ddG: G37C     8.693    -0.203     7.778    -2.716     0.013     2.953     0.006     0.214     1.012     0.164     1.049     0.000    -0.569     1.573    -3.050     0.211     0.000     0.258 

ddG: G37D    14.123    -5.005     8.876     5.877     0.023     2.909     0.014    -0.206     0.860    -0.103     1.412     0.000    -0.044     1.800    -0.773     0.204    -0.001    -1.720 

ddG: G37E    25.495   -10.861    16.306    10.774     0.073     1.361     0.006    -0.092     0.926     0.676     0.733     0.000     0.495     2.959     3.315     0.868    -0.003    -2.041 

ddG: G37F    28.483   -13.162    26.474    -1.377     0.187     4.381    -0.003    -1.473     1.288     0.365     1.848     0.000    -0.492     5.222     4.080     0.799    -0.003     0.349 

ddG: G37G    -0.049     0.005     0.019     0.000     0.000    -0.081     0.003     0.009     0.018     0.013    -0.013     0.000    -0.005    -0.022     0.000     0.004     0.000     0.000 

ddG: G37H    18.630   -16.875    18.563     9.614     0.027     0.261     0.008    -0.046     0.627     0.518    -0.179     0.000    -0.191     3.578     2.077     0.388    -0.002     0.261 

ddG: G37H    17.654   -19.522    18.405    12.203     0.026    -0.163     0.009    -1.226     0.812     0.501    -0.190     0.000    -0.322     3.577     3.213     0.072    -0.002     0.261 

ddG: G37I    39.259    -3.980    25.697    -5.383     0.124     4.893     0.019     0.249     0.729     0.455     1.511     0.000     1.182     9.502     2.247     1.162     0.020     0.833 

ddG: G37K    39.934    -5.487    20.072     3.214     0.016     6.636     0.002    -0.346     1.868     0.262     2.772     0.000     1.055     6.173     3.331     0.882    -0.003    -0.516 

ddG: G37L    31.257    -6.027    19.792    -2.802     0.599     3.824     0.014    -0.163     1.378     0.640     2.049     0.000     1.048     2.615     7.126     0.612    -0.004     0.556 

ddG: G37M    32.883    -3.965    24.337    -3.683     0.022     5.459     0.010     0.333     1.360     0.972     3.153     0.000     0.702     2.822     1.377    -0.037    -0.001     0.022 

ddG: G37N    12.434   -11.952    10.013     9.845     0.132     0.296     0.013    -1.117     1.169     0.003    -0.003     0.000    -0.702     1.550     4.664    -0.174     0.000    -1.304 

ddG: G37P    28.298    -5.877    15.910     0.228     0.005     1.304     2.131     0.243     2.184     0.113    -0.140     0.000     0.892     7.681     4.456    -0.408     0.009    -0.434 

ddG: G37Q    24.415   -13.974    18.690    10.230     0.062     1.977     0.006    -0.046     1.036     1.154     1.249     0.000     0.692     1.956     2.493     0.484    -0.004    -1.589 

ddG: G37R    39.591   -13.646    24.502    12.754     0.047     2.848    -0.005    -1.062     1.711     1.133     0.843     0.000    -0.332     4.790     5.587     0.773    -0.003    -0.349 

ddG: G37S     5.369    -4.348     4.466     4.471     0.002     0.393     0.017    -1.005     1.492    -0.834    -0.100     0.000    -0.317     1.117     0.435    -0.464     0.001     0.043 

ddG: G37T    16.287    -3.444    10.430     1.276     0.017     2.846     0.013     0.204     1.722     0.234     1.497     0.000     0.112     1.902    -1.468     0.918    -0.001     0.029 

ddG: G37V    25.146    -4.289    19.572    -2.701     0.026     3.802     0.019     0.389     0.719     0.327     1.208     0.000     0.877     4.809    -0.695     0.334     0.022     0.728 

ddG: G37W    41.958   -23.874    30.489     8.995     0.194     2.866     0.002     0.049     2.223     0.317     0.650     0.000    -0.129    10.698     8.064     0.470    -0.006     0.950 

ddG: G37Y    30.228   -15.447    26.997     3.085     0.170     3.384    -0.003    -1.210     1.321     0.405     1.466     0.000    -0.597     5.336     4.493     0.818     0.020    -0.011 

