ddG: description total fa_atr fa_rep fa_sol fa_intra_rep fa_elec pro_close hbond_sr_bb hbond_lr_bb hbond_bb_sc hbond_sc dslf_fa13 rama omega fa_dun p_aa_pp yhh_planarity ref 
ddG: A54A    -0.436     1.077    -0.251    -0.231    -0.009    -0.987     0.000     0.177    -0.202     0.091     0.028     0.000     0.091    -0.430     0.062     0.146     0.004     0.000 

ddG: A54C     0.131    -0.342    -0.004     0.509     0.000     0.019     0.000    -0.013     0.051    -0.051     0.009     0.000     0.096    -0.032     0.108     0.065     0.001    -0.287 

ddG: A54D     1.256    -1.737    -0.044     4.933    -0.007    -1.481    -0.002     0.202    -0.234    -0.035    -0.006     0.000     0.215    -0.332     1.743     0.303     0.004    -2.265 

ddG: A54E     1.830    -0.248    -0.957     1.745    -0.006     0.523     0.003     0.375    -0.109     1.145    -0.445     0.000    -0.121     0.205     2.297     0.014    -0.004    -2.586 

ddG: A54F    -1.255    -3.051     0.999     2.077    -0.003    -3.226    -0.001     0.689    -0.368     0.631    -3.173     0.000    -0.191     0.178     4.265     0.133    -0.019    -0.196 

ddG: A54G     0.984     1.182    -0.021     1.115    -0.010    -1.173     0.000     0.198    -0.164    -0.092    -0.041     0.000     0.414    -0.308    -0.143     0.569     0.003    -0.545 

ddG: A54H     0.959    -9.373     0.077     6.134    -0.006     0.580     0.009     0.416    -0.167     1.105    -0.542     0.000    -0.150     0.386     2.836    -0.056    -0.007    -0.284 

ddG: A54H     0.429    -8.728    -0.116     6.332    -0.009    -0.588     0.008     0.661    -0.345     1.080    -0.536     0.000    -0.054     0.004     2.969     0.038    -0.003    -0.284 

ddG: A54I    -1.395    -1.874     2.126     1.494    -0.001    -2.187    -0.014     0.041    -0.225    -0.355    -3.191     0.000    -0.188     0.058     2.972    -0.330    -0.007     0.288 

ddG: A54K    -0.386    -0.003     0.659     1.861    -0.030    -3.072    -0.002     0.710    -0.213     0.734    -3.215     0.000    -0.168    -0.068     3.276     0.222    -0.017    -1.061 

ddG: A54L    -1.446    -5.990     0.157     5.506    -0.008    -2.275     0.001     0.172    -0.331     0.049    -0.820     0.000    -0.038    -0.477     2.461     0.133     0.004     0.011 

ddG: A54M    -1.147    -0.885    -0.240     0.476    -0.006    -1.197     0.001     0.164    -0.042     0.073     0.040     0.000     0.049    -0.411     1.185     0.178    -0.010    -0.523 

ddG: A54N     0.612    -0.581    -0.943     2.307    -0.008    -0.973     0.008     0.645    -0.302     1.049    -0.484     0.000     0.130    -0.100     1.465     0.251    -0.001    -1.849 

ddG: A54P    -2.084    -0.098     0.991     1.065    -0.029    -3.306     0.037     0.718    -0.138     0.653    -3.263     0.000    -0.173     0.132     2.589    -0.270    -0.016    -0.979 

ddG: A54Q    -1.202    -4.925     1.696     4.908    -0.018    -2.830    -0.008     0.052    -0.003    -0.414    -2.820     0.000    -0.044     0.142     5.038     0.160    -0.004    -2.134 

ddG: A54R     1.850    -0.381    -0.966     1.420     0.004    -0.158     0.004     0.654    -0.237     1.009    -0.823     0.000     0.026     0.084     1.878     0.234    -0.004    -0.894 

ddG: A54S     0.447     0.911    -1.553     1.074    -0.010    -1.649     0.001     0.160     0.079    -0.217    -0.193     0.000    -0.202    -0.195     2.763    -0.026     0.005    -0.502 

ddG: A54T    -0.040    -0.273    -1.023     1.631    -0.007    -0.800     0.004     0.622    -0.354     1.143    -0.447     0.000     0.129    -0.256     0.024     0.097    -0.015    -0.516 

ddG: A54V    -1.800    -1.713     0.022     0.881     0.008    -0.912     0.002     0.184    -0.221    -0.024    -0.038     0.000     0.200    -0.513     0.167    -0.029     0.003     0.183 

ddG: A54W    -0.336    -6.026    -0.483     2.644     0.022     0.235     0.004     0.414    -0.197     1.030    -0.494     0.000    -0.105     0.322     2.069    -0.168    -0.009     0.405 

ddG: A54Y    -0.914    -2.642    -1.266     1.314     0.016    -1.109     0.000     0.154    -0.197    -0.326    -0.211     0.000    -0.070    -0.359     4.236     0.101     0.000    -0.556 

