ddG: description total fa_atr fa_rep fa_sol fa_intra_rep fa_elec pro_close hbond_sr_bb hbond_lr_bb hbond_bb_sc hbond_sc dslf_fa13 rama omega fa_dun p_aa_pp yhh_planarity ref 
ddG: P71A     3.701     1.199    -0.212     1.417     0.002     1.731    -0.117    -0.534     0.030    -1.429     0.791     0.000    -0.246    -0.026    -0.342     0.459     0.001     0.979 

ddG: P71C     3.286     2.118    -0.889     1.076    -0.001    -0.073    -0.116    -0.086     0.064     0.102    -0.052     0.000    -0.034     0.118    -0.275     0.619     0.021     0.692 

ddG: P71D     2.869     0.418    -1.049     2.358     0.010    -0.689    -0.117    -0.062    -0.037     0.137    -0.051     0.000    -0.114    -0.018     2.774     0.567     0.025    -1.286 

ddG: P71E     3.207     0.106    -0.738     3.301     0.009    -0.881    -0.116    -0.088     0.063     0.007     0.004     0.000    -0.067     0.002     2.860     0.352     0.001    -1.608 

ddG: P71F     5.012    -2.024    -0.445     3.465     0.027     1.800    -0.118    -0.536     0.102    -1.313     0.730     0.000    -0.082     0.121     1.617     0.863     0.021     0.783 

ddG: P71G     4.803     2.190    -0.680     1.863    -0.007     1.676    -0.118    -0.635     0.078    -1.306     0.731     0.000     0.158    -0.072    -0.563     1.033     0.020     0.434 

ddG: P71H     3.314     1.130    -0.663     0.606     0.009    -0.183    -0.117     0.003    -0.004     0.125    -0.052     0.000     0.006    -0.036     1.228     0.542     0.023     0.695 

ddG: P71H     4.242     1.336    -1.003     1.717     0.007    -0.106    -0.117    -0.130     0.094     0.133    -0.046     0.000     0.104     0.069     1.065     0.406     0.016     0.695 

ddG: P71I     2.830     1.031    -0.882     1.025     0.033     0.074    -0.117    -0.022     0.041     0.124    -0.052     0.000     0.068    -0.047    -0.163     0.433     0.019     1.266 

ddG: P71K     2.288     1.459    -0.804     0.691     0.006    -0.111    -0.117    -0.009    -0.015     0.118    -0.052     0.000    -0.212     0.002     0.990     0.403     0.023    -0.082 

ddG: P71L     2.545     1.271    -0.940     1.047     0.008    -0.010    -0.117    -0.072     0.056     0.112    -0.050     0.000    -0.076     0.093    -0.101     0.322     0.012     0.990 

ddG: P71M     2.989     1.642    -0.909     1.032     0.004    -0.071    -0.117    -0.084     0.061     0.104    -0.052     0.000    -0.085     0.118     0.554     0.316     0.020     0.455 

ddG: P71N     2.664     1.638    -0.725     0.909     0.008     0.015    -0.116     0.011    -0.005     0.117    -0.054     0.000     0.035     0.062     1.030     0.579     0.033    -0.871 

ddG: P71P     0.551    -1.253     0.290     1.430    -0.003     1.255    -0.001    -0.575     0.035    -1.435     0.787     0.000    -0.029    -0.028    -0.156     0.228     0.005     0.000 

ddG: P71Q     2.776     1.241    -0.546     0.732     0.016    -0.166    -0.116     0.016     0.015    -0.005     0.003     0.000    -0.124     0.056     2.482     0.326     0.004    -1.155 

ddG: P71R     4.655     1.736    -1.016     1.411     0.007     0.566    -0.116    -0.077     0.091     0.165     0.687     0.000    -0.199     0.125     0.891     0.341    -0.042     0.084 

ddG: P71S     3.794     0.857    -0.189     2.425     0.002     1.195    -0.117    -0.540     0.032    -1.437     0.788     0.000    -0.241     0.139    -0.237     0.639     0.000     0.477 

ddG: P71T     3.069     1.928    -0.805     1.460     0.016    -0.090    -0.116    -0.085     0.063     0.124    -0.054     0.000     0.129    -0.005    -0.486     0.510     0.019     0.462 

ddG: P71V     4.199     0.902    -0.564     0.986     0.028     1.802    -0.117    -0.588     0.047    -1.254     1.470     0.000     0.023    -0.075    -0.348     0.763    -0.039     1.162 

ddG: P71W     3.566    -2.111    -0.533     2.028     0.033     0.093    -0.116     0.019     0.010    -0.006     0.003     0.000    -0.238     0.054     2.485     0.459     0.001     1.384 

ddG: P71Y     3.837    -0.546    -0.652     1.717     0.028     0.554    -0.116     0.004     0.060     0.000     0.000     0.000    -0.101     0.164     1.692     0.604     0.007     0.423 

