ddG: description total fa_atr fa_rep fa_sol fa_intra_rep fa_elec pro_close hbond_sr_bb hbond_lr_bb hbond_bb_sc hbond_sc dslf_fa13 rama omega fa_dun p_aa_pp yhh_planarity ref 
ddG: T67A     1.841     1.665    -0.083    -2.647    -0.003     0.522     0.008    -0.015     0.025     0.937     0.059     0.002     0.313     0.032    -0.001     0.490     0.022     0.516 

ddG: T67C     1.411     0.983     0.194    -1.880    -0.002     0.677     0.025    -0.055    -0.123     0.916    -0.065     0.004     0.311    -0.076     0.224     0.039     0.008     0.229 

ddG: T67D     1.984    -0.261     0.030     0.710     0.000     0.043     0.007    -0.057     0.048     0.841    -0.035     0.003     0.100     0.113     2.174    -0.010     0.026    -1.749 

ddG: T67E     2.338    -0.437    -0.110     0.244     0.002     0.842     0.006    -0.040    -0.021     0.924     0.106     0.002     0.215     0.049     2.354     0.259     0.013    -2.070 

ddG: T67F     1.039    -2.070     0.281    -1.101     0.024     0.470     0.014    -0.032    -0.078     0.962     0.105     0.002     0.153    -0.044     1.938     0.090     0.005     0.321 

ddG: T67G     2.459     3.533    -0.165    -3.184    -0.005     0.475     0.010    -0.028     0.025     0.849     0.085     0.001     0.364     0.047     0.004     0.458     0.017    -0.029 

ddG: T67H     0.730    -1.939     0.148    -0.602    -0.001     0.540     0.008    -0.009    -0.030     0.977     0.064     0.002     0.041    -0.025     1.332    -0.022     0.014     0.232 

ddG: T67H     0.726    -1.924     0.143    -0.606    -0.001     0.539     0.008    -0.010    -0.027     0.974     0.063     0.002     0.040    -0.032     1.329    -0.022     0.016     0.232 

ddG: T67I     1.662    -0.839     0.484    -1.499     0.015     0.773     0.017    -0.038    -0.028     1.059     0.108     0.002     0.362    -0.089     0.346     0.158     0.027     0.804 

ddG: T67K     0.946    -0.089     0.014    -1.165     0.000     0.657     0.018    -0.063    -0.006     0.925    -0.065     0.002     0.230     0.024     0.774     0.222     0.012    -0.544 

ddG: T67L     0.837    -0.904     0.324    -1.514     0.005     0.552     0.002    -0.032     0.170     0.912    -0.082     0.004     0.175     0.185     0.305     0.200     0.008     0.527 

ddG: T67M     1.624    -0.339     0.134    -1.442     0.000     0.556     0.018    -0.017    -0.109     0.906     0.073     0.003     0.231    -0.058     1.473     0.191     0.010    -0.007 

ddG: T67N     0.602    -0.280    -0.022    -0.668     0.000     0.276     0.010    -0.034     0.002     0.858     0.046     0.002     0.001     0.046     1.762    -0.096     0.033    -1.333 

ddG: T67P     0.884    -0.094     0.161    -2.136    -0.002    -0.011     0.475    -0.063     0.246     0.772    -0.019     0.003     0.613     0.753     0.046     0.602    -0.001    -0.462 

ddG: T67Q     1.275    -0.527     0.197    -0.938     0.001     0.677     0.017    -0.030    -0.118     0.910     0.025     0.002     0.275    -0.074     2.372     0.100     0.005    -1.617 

ddG: T67R     2.228    -0.250    -0.114    -0.626     0.006     0.916     0.008    -0.037    -0.021     0.939     0.087     0.003     0.094     0.060     1.428     0.096     0.017    -0.378 

ddG: T67S     0.806     0.962    -0.108    -0.819    -0.003    -0.148    -0.005     0.011     0.089    -0.010     0.068     0.002     0.110     0.165     0.207     0.257     0.014     0.015 

ddG: T67T     0.074     0.018     0.046    -0.061     0.000     0.019    -0.010     0.002     0.001     0.058    -0.058     0.002     0.036     0.062    -0.070     0.015     0.016     0.000 

ddG: T67V     1.819    -0.118     0.372    -1.689     0.011     0.657     0.033    -0.012    -0.091     0.973     0.124     0.002     0.481    -0.118     0.140     0.338     0.015     0.699 

ddG: T67W     1.929    -3.088     0.570    -0.316     0.028     0.514     0.028    -0.042    -0.144     0.866     0.126     0.002     0.271    -0.129     2.443    -0.123     0.001     0.921 

ddG: T67Y     0.667    -2.150     0.316    -0.908     0.024     0.447     0.016    -0.031    -0.080     0.931     0.107     0.002     0.147    -0.038     1.966    -0.046     0.003    -0.040 

