ddG: description total fa_atr fa_rep fa_sol fa_intra_rep fa_elec pro_close hbond_sr_bb hbond_lr_bb hbond_bb_sc hbond_sc dslf_fa13 rama omega fa_dun p_aa_pp yhh_planarity ref 
ddG: K18A     0.661     5.193    -0.515    -4.746    -0.001     0.091    -0.033    -0.519     0.212    -0.305    -0.455     0.000    -0.184    -0.034     0.907    -0.031     0.020     1.061 

ddG: K18C     0.630     3.278     0.726    -2.694    -0.002     0.595    -0.028    -0.521     0.082     0.002    -0.190     0.000     0.088    -0.066    -1.522     0.087     0.018     0.774 

ddG: K18D     3.960     0.973     1.481     2.427     0.009     1.307    -0.146    -0.737     0.040    -0.006    -0.570     0.000     0.006     0.392     0.347    -0.369     0.010    -1.204 

ddG: K18E     1.367     0.277     0.977    -0.552     0.016     1.531    -0.039    -0.703     0.293    -0.109    -0.254     0.000     0.121     0.358     1.012    -0.051     0.015    -1.526 

ddG: K18F     0.085    -4.656     3.127    -2.224     0.042     0.966    -0.131    -0.521     0.213    -0.955     0.441     0.000     0.240     0.440     2.268    -0.045     0.015     0.865 

ddG: K18G     1.415     6.075     0.526    -4.837     0.002     1.557    -0.172    -0.736     0.368    -0.008    -0.175     0.000     0.071     0.345    -2.010    -0.120     0.015     0.516 

ddG: K18H     1.418    -1.139     0.676    -1.460    -0.005     0.805    -0.111    -0.051     0.004     1.121    -0.628     0.000     0.071     0.462     0.908    -0.026     0.014     0.777 

ddG: K18H     0.238    -2.474     1.715    -0.365     0.001     0.015    -0.114    -0.484     0.057    -0.030    -0.195     0.000     0.257     0.180     0.839     0.055     0.004     0.777 

ddG: K18I    -0.153     1.248     1.622    -4.314     0.021     0.397     0.164    -0.479     0.225    -0.037    -0.121     0.000     0.539     0.044    -1.355     0.540     0.005     1.348 

ddG: K18K     0.274    -4.034     1.130     3.499     0.004    -0.403    -0.009    -0.637     0.247    -1.054    -0.396     0.000    -0.152     0.246     1.728     0.087     0.017     0.000 

ddG: K18L     0.136     0.639     2.278    -3.444     0.014     1.086    -0.152    -0.555    -0.034    -0.997     0.083     0.000     0.012     0.608    -0.085    -0.400     0.010     1.072 

ddG: K18M    -1.442     0.067     0.925    -2.044     0.009    -0.317     0.002    -0.432     0.069    -1.184     0.391     0.000     0.183    -0.161     0.561    -0.067     0.018     0.537 

ddG: K18N     2.570     1.099     0.382    -1.081    -0.003     2.189    -0.099    -0.315     0.182     1.198    -0.662     0.000    -0.037     0.642    -0.076    -0.072     0.011    -0.789 

ddG: K18P    -0.843     2.826     2.312    -4.834     0.002     0.345     0.207    -0.469     0.389    -0.109    -0.204     0.000     0.189     0.160    -1.261    -0.496     0.018     0.082 

ddG: K18Q    -0.191    -0.617     1.092    -1.058     0.011     1.176    -0.029    -0.712     0.291    -0.111    -0.217     0.000     0.070     0.326     0.643     0.003     0.015    -1.073 

ddG: K18R    -0.476    -2.869     2.724     2.831    -0.005    -2.523    -0.028    -0.350     0.114    -1.562    -2.320     0.000     0.062    -0.121     3.237     0.151     0.016     0.167 

ddG: K18S     0.456     4.677     1.091    -3.260     0.000    -0.065    -0.034    -0.462     0.194    -0.040    -0.298     0.000    -0.041    -0.079    -1.538    -0.253     0.004     0.559 

ddG: K18T     1.415     3.665    -1.122    -2.017    -0.002     0.206    -0.004    -0.075     0.202     0.687    -0.971     0.000    -0.446     0.385     0.717    -0.369     0.016     0.544 

ddG: K18V     2.109     2.801     2.973    -3.691     0.003    -0.126     0.064    -0.179     0.092     0.639    -3.774     0.000    -0.148     0.915     1.031     0.261     0.004     1.244 

ddG: K18W    -0.292    -7.239     4.309     2.246     0.039    -1.125    -0.177    -0.508    -0.016    -1.351    -2.765     0.000     0.069     0.378     4.476    -0.103     0.009     1.466 

ddG: K18Y     0.121    -4.037     2.904    -0.633     0.017    -0.467    -0.145    -0.212     0.197     0.593    -3.444     0.000    -0.204     0.995     4.057    -0.011     0.008     0.505 

