ddG: description total fa_atr fa_rep fa_sol fa_intra_rep fa_elec pro_close hbond_sr_bb hbond_lr_bb hbond_bb_sc hbond_sc dslf_fa13 rama omega fa_dun p_aa_pp yhh_planarity ref 
ddG: A20A     0.355     0.200    -0.100     0.010    -0.001     0.239    -0.003    -0.020    -0.008    -0.019     0.055     0.000    -0.010    -0.010     0.020    -0.005     0.009     0.000 

ddG: A20C     0.398    -0.805     0.000     1.070     0.000    -0.227     0.001     0.066    -0.004    -0.037    -0.029     0.000     0.106     0.009     0.125     0.407     0.004    -0.287 

ddG: A20D     1.471    -1.771     0.028     3.862     0.008    -0.214    -0.002     0.009    -0.032    -0.038     0.016     0.001     0.067     0.077     1.501     0.222     0.000    -2.265 

ddG: A20E     1.347    -1.549     0.151     2.802     0.006    -0.389     0.005     0.040    -0.006    -0.035     0.048    -0.009     0.051     0.084     2.702     0.039    -0.005    -2.586 

ddG: A20F    -0.629    -4.224     0.196     1.090     0.035     0.268    -0.005    -0.218    -0.014    -0.010     0.026     0.001     0.193     0.171     2.007     0.050     0.002    -0.196 

ddG: A20G     1.359     1.742     0.046    -0.693    -0.001    -0.051    -0.001    -0.038    -0.003    -0.009     0.014    -0.001     0.367     0.015     0.007     0.512    -0.001    -0.545 

ddG: A20H     0.587    -3.299     0.149     1.712     0.008     0.051    -0.002    -0.161    -0.019    -0.012     0.035     0.001     0.167     0.151     1.868     0.230    -0.005    -0.284 

ddG: A20H     0.484    -3.004     0.032     1.489     0.007    -0.027    -0.001    -0.183    -0.001    -0.029     0.034    -0.001     0.165     0.177     1.886     0.213     0.010    -0.284 

ddG: A20I    -0.963    -2.591     0.022     1.403     0.028    -0.251    -0.007    -0.163    -0.041    -0.046     0.051     0.002     0.183     0.047     0.061     0.041     0.010     0.288 

ddG: A20K     0.462    -2.508     0.028     2.979     0.003    -0.106    -0.002     0.064     0.011    -0.031    -0.057     0.002    -0.053     0.039     0.998     0.153     0.003    -1.061 

ddG: A20L    -0.519    -1.950    -0.033     0.850     0.010     0.039     0.002     0.069    -0.009    -0.007     0.038    -0.001     0.026     0.029     0.345     0.065    -0.003     0.011 

ddG: A20M    -0.345    -1.229    -0.117     0.721     0.010    -0.404    -0.004     0.053    -0.032    -0.064     0.034     0.001     0.064     0.075     1.034     0.020     0.016    -0.523 

ddG: A20N    -0.428    -1.592    -0.101     1.830     0.009    -0.537    -0.002     0.015    -0.023    -0.060     0.021     0.001     0.262     0.048     1.196     0.343     0.011    -1.849 

ddG: A20P     9.673    -4.076     6.745     1.376    -0.001     0.141     0.517     2.552     0.047    -0.031    -0.052    -0.002     0.553     2.131     0.801    -0.046    -0.004    -0.979 

ddG: A20Q     0.751    -2.625    -0.042     2.669     0.003     0.608    -0.008     0.006    -0.006    -0.050    -0.050     0.003     0.060    -0.009     2.248     0.094    -0.016    -2.134 

ddG: A20R     1.258    -4.412     0.016     5.607     0.011    -1.338    -0.001     0.063    -0.003    -0.045    -0.151     0.005    -0.073     0.090     2.299     0.082     0.004    -0.894 

ddG: A20S     0.500     0.318    -0.119     0.667     0.006    -0.640    -0.001    -0.011    -0.027    -0.060     0.035     0.001     0.106     0.050     0.363     0.300     0.013    -0.502 

ddG: A20T    -0.272    -0.905     0.005     1.181     0.012    -0.577     0.002    -0.031     0.010    -0.007    -0.001     0.000     0.126     0.040     0.080     0.306     0.003    -0.516 

ddG: A20V    -0.895    -1.443     0.060     0.569     0.023    -0.497    -0.002    -0.134    -0.031    -0.060     0.033     0.001     0.220     0.095    -0.052     0.115     0.023     0.183 

ddG: A20W    -1.465    -6.091     0.222     1.673     0.031     0.132    -0.004    -0.067     0.009    -0.055    -0.006    -0.001     0.056     0.051     1.998     0.171     0.011     0.405 

ddG: A20Y    -1.075    -4.713     0.279     1.681     0.035    -0.091     0.002    -0.196    -0.007     0.001    -0.003     0.001     0.211     0.211     1.997     0.070     0.005    -0.556 

