ddG: description total fa_atr fa_rep fa_sol fa_intra_rep fa_elec pro_close hbond_sr_bb hbond_lr_bb hbond_bb_sc hbond_sc dslf_fa13 rama omega fa_dun p_aa_pp yhh_planarity ref 
ddG: A50A     2.159     5.954     0.213    -6.182     0.009     2.323    -0.008     1.291    -0.146     0.063     1.167     0.000     0.107    -0.001    -2.987     0.355     0.000     0.000 

ddG: A50C     5.847     4.427     0.915    -4.964     0.006     2.427    -0.020     1.105    -0.202    -0.030     1.632     0.000     0.392     0.301    -0.638     0.783     0.000    -0.287 

ddG: A50D    11.211    -1.040     1.365     6.208     0.012     1.569    -0.024     1.451    -0.146     0.069     1.185     0.000     0.188     0.290     1.769     0.580     0.000    -2.265 

ddG: A50E    11.565    -4.764     2.891     7.087     0.008     1.201    -0.030     1.437    -0.187     0.438     1.550     0.000     0.070     0.200     3.751     0.500     0.000    -2.586 

ddG: A50F     9.014    -9.554     6.736     3.094     0.036     0.235    -0.002     1.947    -0.207     0.097     0.439     0.000     0.891     0.770     3.901     0.829     0.000    -0.196 

ddG: A50G     4.745     4.006     0.241    -0.637    -0.010    -0.258     0.004     1.270    -0.166     0.097     0.048     0.000     0.539    -0.166    -0.543     0.864     0.000    -0.545 

ddG: A50H     9.141    -3.230     4.148    -0.128     0.014     2.803    -0.008     1.672    -0.242     0.098     2.027     0.000     0.778     0.383     0.467     0.643     0.000    -0.284 

ddG: A50H     9.140    -3.223     4.159    -0.144     0.014     2.806    -0.008     1.675    -0.225     0.096     2.020     0.000     0.779     0.385     0.454     0.635     0.000    -0.284 

ddG: A50I     8.014    -0.307     4.648    -5.160     0.040     1.940    -0.019     1.803    -0.161     0.021     0.961     0.000     0.215     0.686     2.161     0.898     0.000     0.288 

ddG: A50K    10.452     2.712     0.889     2.627     0.066    -1.656    -0.021     1.542    -0.230     0.028     0.013     0.000     0.196    -0.013     4.845     0.513     0.000    -1.061 

ddG: A50L    12.625     2.186     7.287    -7.063     0.034     2.887    -0.025     1.501    -0.147     0.850     1.759     0.000     0.232     0.137     2.482     0.495     0.000     0.011 

ddG: A50M     7.262     0.507     3.639    -4.050     0.021     2.161    -0.028     1.679    -0.160     0.359     1.163     0.000     0.094    -0.046     1.996     0.450     0.000    -0.523 

ddG: A50N     8.130    -3.110     1.788     3.045     0.012     1.985    -0.026     0.023    -0.061     0.081     1.257     0.000     0.475     0.484     3.698     0.328     0.000    -1.849 

ddG: A50P    16.886     1.248     8.857    -3.208     0.004     0.458     0.409     2.801    -0.140     0.697     0.423     0.000     1.540     2.793     1.142     0.841     0.000    -0.979 

ddG: A50Q     9.296    -1.009     3.077     0.766     0.025     2.216    -0.013     1.346    -0.203     0.192     1.582     0.000     0.533    -0.057     2.523     0.450     0.000    -2.134 

ddG: A50R    11.915    -2.128     1.852     8.038     0.035    -0.261    -0.012     1.859    -0.171     0.265     0.481     0.000    -0.063    -0.195     2.676     0.432     0.000    -0.894 

ddG: A50S     3.863    -1.329     0.194     4.077     0.002    -0.991    -0.003     1.382    -0.172    -0.110     0.087     0.000     0.094     0.037     0.440     0.656     0.000    -0.502 

ddG: A50T     7.135     5.129     1.912    -4.007     0.021     1.984    -0.026     1.202    -0.172     0.361     1.762     0.000     0.427     0.068    -1.711     0.703     0.000    -0.516 

ddG: A50V     4.646    -5.104     2.314     1.205     0.022    -0.229    -0.012     1.520    -0.185    -0.054     0.274     0.000     0.217     0.457     3.209     0.829     0.000     0.183 

ddG: A50W    14.327   -11.117    12.720     0.675     0.063     3.041    -0.028     0.807    -0.202     0.530     1.825     0.000     1.823     1.803     1.325     0.656     0.000     0.405 

ddG: A50Y    10.961    -4.052     5.333     2.910     0.040     1.758    -0.025     1.338    -0.202     0.090     1.606     0.000     0.557     1.503     0.028     0.516     0.117    -0.556 

