ddG: description total fa_atr fa_rep fa_sol fa_intra_rep fa_elec pro_close hbond_sr_bb hbond_lr_bb hbond_bb_sc hbond_sc dslf_fa13 rama omega fa_dun p_aa_pp yhh_planarity ref 
ddG: S82A     0.069    -0.739     0.213     0.719     0.004     0.248    -0.003     0.117     0.051     0.052    -0.368     0.000    -0.165    -0.400     0.004    -0.166     0.000     0.502 

ddG: S82C     0.185    -0.236    -0.026    -0.318    -0.001     0.512    -0.007    -0.100    -0.007     0.004     0.018     0.000     0.189    -0.138    -0.162     0.241     0.000     0.215 

ddG: S82D     0.356    -4.309    -0.076     4.935     0.000    -0.802    -0.007    -0.102    -0.016    -0.040    -0.009     0.000     0.093    -0.293     2.640     0.103     0.000    -1.763 

ddG: S82E     0.455    -1.453     0.168     1.812     0.008     0.263    -0.006     0.143     0.043     0.055    -0.360     0.000    -0.241    -0.358     2.554    -0.089     0.000    -2.085 

ddG: S82F     0.742    -3.001    -0.069     0.783     0.025     0.543    -0.005    -0.037    -0.028     0.007     0.031     0.000     0.136     0.106     1.808     0.138     0.000     0.306 

ddG: S82G     0.686    -1.976    -0.064     1.713    -0.004    -0.118    -0.004    -0.122     0.006    -0.045     0.017     0.000     0.384    -0.351     0.931     0.361     0.000    -0.043 

ddG: S82H     0.669    -9.319     0.016     8.618    -0.004    -2.430     0.002     0.147     0.023     0.010    -1.548     0.000    -0.095    -0.334     5.238     0.127     0.000     0.218 

ddG: S82H     1.490    -5.272    -0.139     3.694    -0.001    -0.072    -0.005    -0.023    -0.016    -0.021     0.019     0.000     0.111    -0.129     3.000     0.128     0.000     0.218 

ddG: S82I    -0.232    -8.386     0.114     8.328     0.024    -2.401    -0.004     0.065     0.009     0.015    -1.540     0.000    -0.004    -0.511     3.285    -0.015     0.000     0.789 

ddG: S82K     0.147    -3.542    -0.115     2.823     0.000     0.050    -0.004    -0.073    -0.006    -0.026     0.017     0.000    -0.046    -0.259     1.889    -0.001     0.000    -0.559 

ddG: S82L    -0.236    -1.350    -0.025     0.323     0.005     0.628    -0.005    -0.111    -0.006    -0.001     0.010     0.000     0.135    -0.123    -0.099    -0.131     0.000     0.513 

ddG: S82M    -0.332    -8.811     0.022     8.572    -0.001    -2.285     0.003     0.165     0.027     0.010    -1.543     0.000    -0.178    -0.355     4.181    -0.117     0.000    -0.022 

ddG: S82N    -0.170    -2.238     0.189     2.239     0.007    -0.162    -0.004     0.148     0.041     0.052    -0.387     0.000     0.059    -0.342     1.398     0.176     0.000    -1.348 

ddG: S82P    -1.318    -4.500     0.686     2.564    -0.003    -0.315     0.035    -0.141     0.032    -0.042    -0.002     0.000     0.301    -0.410     1.112    -0.159     0.000    -0.477 

ddG: S82Q    -0.033    -0.699    -0.017    -0.032     0.002     0.682    -0.005    -0.136     0.000     0.002     0.020     0.000     0.115    -0.171     1.967    -0.129     0.000    -1.632 

ddG: S82R     0.869    -0.647    -0.012     0.192     0.007     0.924    -0.005    -0.135     0.007    -0.003     0.018     0.000     0.052    -0.193     1.142    -0.085     0.000    -0.392 

ddG: S82S     0.422    -2.871    -0.119     2.861    -0.001    -0.661    -0.001     0.062    -0.003    -0.024     0.010     0.000    -0.069    -0.062     1.276     0.025     0.000     0.000 

ddG: S82T     0.364    -0.444    -0.042     0.415     0.002     0.059    -0.004     0.074    -0.017     0.006     0.015     0.000     0.106     0.112     0.015     0.081     0.000    -0.015 

ddG: S82V     0.327    -2.107     0.271     1.802     0.028     0.129    -0.006     0.077     0.055     0.055    -0.352     0.000     0.080    -0.438    -0.009     0.058     0.000     0.685 

ddG: S82W    -0.558    -5.792     0.056     2.320     0.024     0.448    -0.005    -0.116    -0.029     0.003     0.031     0.000     0.026     0.059     1.422     0.088     0.000     0.907 

ddG: S82Y     0.145    -9.993     0.006     8.790     0.021    -2.321     0.001     0.173     0.015     0.013    -1.531     0.000    -0.175    -0.253     5.289     0.164     0.001    -0.054 

