ddG: description total fa_atr fa_rep fa_sol fa_intra_rep fa_elec pro_close hbond_sr_bb hbond_lr_bb hbond_bb_sc hbond_sc dslf_fa13 rama omega fa_dun p_aa_pp yhh_planarity ref 
ddG: A106A    -0.681    -6.127    -0.155     6.391    -0.010    -2.522     0.008    -0.038    -0.018    -0.047    -1.179     0.000    -0.042    -0.086     3.143    -0.001     0.000     0.000 

ddG: A106C    -0.690    -2.488    -0.341     2.115    -0.006    -0.633     0.001    -0.255    -0.056    -0.080     0.375     0.000    -0.003     0.112     1.131    -0.278     0.000    -0.287 

ddG: A106D    -0.224    -0.692    -0.323     2.134     0.007    -0.146     0.004    -0.316    -0.051    -0.158     0.381     0.000     0.212     0.359     1.328    -0.697     0.000    -2.265 

ddG: A106E     0.369    -8.448    -0.298    10.524    -0.003    -2.996     0.006    -0.059     0.010    -0.034    -1.147     0.000    -0.095    -0.012     5.748    -0.241     0.000    -2.586 

ddG: A106F     0.836    -5.493    -0.033     3.832     0.025    -0.322    -0.008    -0.201    -0.071     0.041     0.403     0.000    -0.143     0.074     3.121    -0.195     0.000    -0.196 

ddG: A106G     0.051    -1.018    -0.193     1.763    -0.004    -0.440    -0.002    -1.253     0.158    -0.052    -0.023     0.000     0.413     0.021     1.144     0.083     0.000    -0.545 

ddG: A106H    -1.345    -9.300    -0.373     8.554    -0.008    -3.612     0.003    -0.034    -0.068    -0.044    -1.703     0.000    -0.145     0.003     5.942    -0.275     0.000    -0.284 

ddG: A106H    -1.284    -9.302    -0.353     8.562    -0.009    -3.617     0.003    -0.029    -0.072     0.002    -1.691     0.000    -0.153    -0.005     5.935    -0.272     0.000    -0.284 

ddG: A106I    -0.808   -10.086     1.219     9.110     0.010    -2.678    -0.004     0.003    -0.019    -0.142    -1.042     0.000    -0.402    -0.004     3.507    -0.567     0.000     0.288 

ddG: A106K     0.581    -4.025    -0.458     4.360    -0.003    -0.686     0.004    -0.229    -0.104    -0.023     0.393     0.000     0.022     0.152     2.421    -0.183     0.000    -1.061 

ddG: A106L    -0.551    -5.778     0.625     5.778     0.007    -1.894    -0.010    -0.085    -0.030     0.202    -1.050     0.000    -0.122    -0.094     2.292    -0.403     0.000     0.011 

ddG: A106M    -1.182    -5.450    -0.103     5.380    -0.004    -2.060     0.004    -0.150    -0.035     0.023    -1.182     0.000    -0.118    -0.025     3.351    -0.291     0.000    -0.523 

ddG: A106N    -1.432    -7.882    -0.197     8.549    -0.002    -2.925     0.008    -0.081    -0.027    -0.137    -1.161     0.000    -0.016     0.048     4.842    -0.602     0.000    -1.849 

ddG: A106P    17.511    -8.161    10.314     6.568    -0.008    -2.805     2.419     0.362    -0.001     0.549    -0.873     0.000     0.827     2.387     6.394     0.516     0.000    -0.979 

ddG: A106Q    -1.463    -8.706    -0.153     9.256    -0.006    -3.143     0.020    -0.056    -0.009    -0.082    -2.081     0.000    -0.126    -0.060     6.079    -0.263     0.000    -2.134 

ddG: A106R    -0.285    -9.884    -0.378    10.594     0.006    -4.508     0.014    -0.024    -0.049    -0.235    -1.136     0.000     0.045     0.178     6.203    -0.215     0.000    -0.894 

ddG: A106S    -1.256    -3.253    -0.093     4.332    -0.008    -2.594     0.006    -0.141    -0.018    -0.007    -1.189     0.000     0.089    -0.008     2.146    -0.017     0.000    -0.502 

ddG: A106T    -1.043    -5.023     0.199     6.280     0.002    -4.113     0.000    -0.028     0.032    -0.269    -1.158     0.000     0.073     0.237     3.488    -0.245     0.000    -0.516 

ddG: A106V    -0.256    -4.325     0.636     2.927     0.007    -0.933    -0.003    -0.145    -0.006    -0.407     0.444     0.000    -0.053     0.283     1.671    -0.536     0.000     0.183 

ddG: A106W    -1.130   -13.505     0.157    10.674     0.029    -2.947     0.015    -0.099    -0.040    -0.125    -1.052     0.000     0.259     0.186     5.375    -0.465     0.000     0.405 

ddG: A106Y     0.630    -5.385    -0.136     3.824     0.026    -0.380    -0.003    -0.201    -0.072    -0.048     0.421     0.000     0.138     0.114     3.067    -0.179     0.000    -0.556 

