ddG: description total fa_atr fa_rep fa_sol fa_intra_rep fa_elec pro_close hbond_sr_bb hbond_lr_bb hbond_bb_sc hbond_sc dslf_fa13 rama omega fa_dun p_aa_pp yhh_planarity ref 
ddG: D104A     0.470     3.719    -0.313    -5.558    -0.010     0.822     0.082    -0.060     0.005     0.519     0.018     0.000     0.098     0.014    -1.753     0.622     0.000     2.265 

ddG: D104C    -1.334     1.645    -0.120    -3.070    -0.006     0.497     0.041    -1.054     0.212     0.566    -0.282     0.000    -0.335    -0.090    -1.361     0.046     0.000     1.978 

ddG: D104D    -0.055     2.078     0.311    -1.469     0.007     0.285    -0.003     0.202     0.057     0.079    -0.373     0.000    -0.142    -0.106    -0.956    -0.024     0.000     0.000 

ddG: D104E     0.348     0.914    -0.273    -2.335    -0.004     0.600     0.036    -0.063    -0.008     0.516    -0.009     0.000     0.041     0.056     0.730     0.469     0.000    -0.322 

ddG: D104F    -0.025    -5.078     1.999    -0.556     0.026    -0.872    -0.025     0.116     0.017     0.653    -1.545     0.000    -0.018     0.055     2.701     0.432     0.000     2.069 

ddG: D104G     1.212     8.071    -0.145    -9.159    -0.010     1.421     0.057    -0.119    -0.007     0.552     0.007     0.000     0.700     0.066    -3.029     1.086     0.000     1.720 

ddG: D104H     0.341    -1.227     1.271    -2.227    -0.003     0.050    -0.008     0.221     0.087     1.015    -1.331     0.000     0.036     0.118    -0.178     0.536     0.000     1.981 

ddG: D104H     0.418    -0.320     1.296    -3.842    -0.007     0.553    -0.014    -0.023     0.034     1.026    -0.826     0.000     0.285     0.333    -0.607     0.548     0.000     1.981 

ddG: D104I     0.521     3.993     0.619    -6.601     0.008     1.742     0.076    -0.082    -0.003     0.501    -0.052     0.000     0.052    -0.045    -2.564     0.326     0.000     2.553 

ddG: D104K    -0.642     3.589    -0.044    -5.867    -0.005     1.398     0.060    -0.110     0.008     0.548    -0.007     0.000     0.150     0.032    -2.109     0.512     0.000     1.204 

ddG: D104L    -1.944     2.054     0.688    -5.290     0.004     1.428     0.083    -1.086     0.206     0.622    -0.386     0.000    -0.217    -0.028    -2.291    -0.008     0.000     2.276 

ddG: D104M    -0.612     3.932    -0.067    -6.933    -0.005     1.374     0.029    -0.120    -0.003     0.535    -0.010     0.000     0.061     0.121    -1.624     0.355     0.000     1.742 

ddG: D104N    -1.482     2.761     0.094    -4.795     0.000     1.130    -0.006    -0.059    -0.002     0.008    -0.009     0.000     0.122     0.102    -1.394     0.149     0.000     0.415 

ddG: D104P    -1.668     4.951     0.039    -8.022    -0.007     1.358     0.084    -0.122     0.002     0.544     0.017     0.000     0.406     0.086    -2.438     0.149     0.000     1.286 

ddG: D104Q    -1.641     0.473    -0.322    -3.257    -0.006     0.157     0.054    -0.067    -0.018    -0.518     0.013     0.000     0.152     0.013     1.096     0.456     0.000     0.131 

ddG: D104R     0.307    -4.019    -0.045     3.169    -0.004    -1.437     0.031     0.122     0.016     0.564    -1.571     0.000    -0.121    -0.181     1.949     0.463     0.000     1.371 

ddG: D104S     0.350     6.277    -0.347    -7.277    -0.009     0.617     0.047    -0.126     0.026     0.419    -0.007     0.000     0.352     0.189    -2.207     0.632     0.000     1.763 

ddG: D104T    -0.029     1.842    -0.279    -3.372    -0.004     0.346     0.055    -0.058    -0.016     0.513     0.002     0.000     0.195     0.030    -1.718     0.685     0.000     1.749 

ddG: D104V    -0.717     0.347     0.753    -2.026     0.000    -0.799     0.079     0.104     0.024     0.559    -1.575     0.000    -0.134    -0.258    -0.532     0.293     0.000     2.448 

ddG: D104W     1.273    -5.791     1.185     0.533     0.023     0.690    -0.010     0.247    -0.098     0.658    -0.130     0.000     0.276     0.039     0.034     0.946     0.000     2.670 

ddG: D104Y     1.014    -1.507     1.910    -4.601     0.029     1.562    -0.026    -0.035    -0.003     0.633     0.002     0.000     0.274     0.217     0.280     0.568     0.000     1.709 

