ddG: description total fa_atr fa_rep fa_sol fa_intra_rep fa_elec pro_close hbond_sr_bb hbond_lr_bb hbond_bb_sc hbond_sc dslf_fa13 rama omega fa_dun p_aa_pp yhh_planarity ref 
ddG: H60A    -0.829     4.712    -0.631    -2.426    -0.007     0.153    -0.003     0.060     0.059     0.115    -0.058     0.000    -0.161    -0.092    -2.552    -0.302     0.019     0.284 

ddG: H60C    -0.974     5.536    -0.847    -3.492    -0.001    -1.433     0.000     0.805    -0.044     1.546    -0.836     0.000    -0.062    -0.102    -1.982    -0.081     0.020    -0.003 

ddG: H60D     1.819     1.442    -0.159     2.974     0.005    -1.676     0.000     0.638    -0.034     1.537    -0.630     0.000     0.055     0.105    -0.391    -0.087     0.021    -1.981 

ddG: H60E     0.009     1.415    -0.546     2.411    -0.002    -0.834    -0.004     0.005     0.033     0.116    -0.055     0.000    -0.202    -0.035     0.181    -0.189     0.017    -2.303 

ddG: H60F    -1.639     0.284     0.088    -1.122     0.024    -0.499    -0.001     0.008    -0.015     0.109    -0.059     0.000     0.018    -0.061    -0.437    -0.080     0.016     0.088 

ddG: H60G     0.714     6.562    -0.669    -2.853    -0.009    -0.068    -0.003     0.124     0.049     0.117    -0.058     0.000     0.178    -0.130    -2.534     0.252     0.018    -0.261 

ddG: H60H    -1.079     1.133    -0.318    -1.287     0.000    -1.745     0.001     0.535    -0.014     1.418    -0.787     0.000     0.030     0.067     0.135    -0.249     0.001     0.000 

ddG: H60H    -0.444     1.633    -0.881    -0.471    -0.002    -1.807     0.000     0.391     0.068     1.549    -0.839     0.000     0.138     0.154    -0.035    -0.365     0.021     0.000 

ddG: H60I    -1.919     1.480    -0.165    -1.344     0.011    -0.183     0.000     0.029     0.009     0.003     0.002     0.000     0.011     0.006    -2.199    -0.154     0.002     0.571 

ddG: H60K     0.258     2.226     0.205     0.479    -0.008    -0.115     0.000     0.184     0.013     0.099    -0.065     0.000    -0.174    -0.043    -1.655    -0.125     0.016    -0.777 

ddG: H60L    -1.530     2.201    -0.595    -0.967     0.000    -0.019    -0.003     0.108     0.057     0.114    -0.056     0.000    -0.085    -0.102    -2.275    -0.219     0.019     0.295 

ddG: H60M    -1.330     3.139    -0.701    -1.683    -0.004    -1.524    -0.002     0.563     0.050     1.428    -0.777     0.000    -0.040     0.007    -1.149    -0.390    -0.008    -0.240 

ddG: H60N    -0.932     3.304    -0.797    -0.657    -0.004    -1.400    -0.001     0.714     0.039     1.416    -0.788     0.000     0.073    -0.047    -1.036    -0.180    -0.001    -1.566 

ddG: H60P     3.893     2.128     4.770    -3.012     0.003    -1.132     0.276     1.434     0.230     1.544    -0.632     0.000     0.664     0.647    -2.128    -0.221     0.017    -0.695 

ddG: H60Q    -1.739     2.762    -0.549    -1.127    -0.002    -1.939     0.001     0.722    -0.020     1.415    -0.783     0.000    -0.117    -0.061     0.249    -0.448     0.007    -1.850 

ddG: H60R     1.298     2.069    -0.420     0.938     0.000     0.127    -0.002     0.224     0.072    -0.009    -0.001     0.000    -0.215    -0.150    -0.535    -0.186    -0.004    -0.610 

ddG: H60S     0.464     5.813    -0.980    -1.885    -0.007    -1.593     0.002     0.605     0.074     1.419    -0.783     0.000     0.034     0.070    -1.812    -0.287     0.013    -0.218 

ddG: H60T    -0.554     3.534    -0.277    -0.915     0.001    -0.498     0.000     0.112     0.014    -0.010     0.003     0.000    -0.011    -0.065    -2.239     0.035    -0.007    -0.232 

ddG: H60V    -1.667     3.716    -0.572    -2.387     0.005    -1.668    -0.001     0.578     0.033     1.421    -0.780     0.000     0.056     0.005    -2.247    -0.285    -0.008     0.467 

ddG: H60W    -1.234    -3.201     1.760    -0.217     0.027    -2.194    -0.002     0.448    -0.024     1.571    -0.850     0.000     0.141     0.493     0.285    -0.114    -0.047     0.689 

ddG: H60Y    -2.267    -0.801     0.813    -1.439     0.045    -2.921     0.001     0.416     0.046     1.417    -1.340     0.000     0.127     0.412     1.468    -0.345     0.106    -0.272 

