ddG: description total fa_atr fa_rep fa_sol fa_intra_rep fa_elec pro_close hbond_sr_bb hbond_lr_bb hbond_bb_sc hbond_sc dslf_fa13 rama omega fa_dun p_aa_pp yhh_planarity ref 
ddG: D49A    -2.574     3.937     0.489    -7.272    -0.011     0.380     0.020    -0.082     0.146     0.033     0.504     0.109    -0.606     0.421    -2.948     0.053    -0.010     2.265 

ddG: D49C    -2.855     2.664     0.615    -6.030    -0.015    -0.129     0.018    -0.155     0.109     0.047    -0.020    -0.019    -0.382     0.415    -2.479     0.568    -0.039     1.978 

ddG: D49D     1.615     3.050    -0.134    -2.335    -0.004     1.909     0.048     0.351     0.178    -0.498     0.761    -0.006    -0.397     0.152    -1.808     0.344     0.004     0.000 

ddG: D49E     0.368    -0.772     0.527    -0.629     0.003     0.645     0.021     0.163     0.094     0.113     0.567     0.027    -0.704     0.510    -0.004     0.107     0.022    -0.322 

ddG: D49F    -3.926    -2.052     1.076    -5.852     0.025    -0.164     0.017    -0.237     0.134     0.037    -0.036     0.084    -0.262     0.601     0.365     0.283    -0.016     2.069 

ddG: D49G    -1.335     6.056     0.453    -7.761    -0.005     0.159     0.022    -0.736     0.293     0.090     0.635     0.109    -0.399     0.483    -2.841     0.404    -0.016     1.720 

ddG: D49H    -4.303    -5.533     1.336    -1.724    -0.007    -0.574     0.020    -0.549     0.261    -0.462     0.188     0.024    -0.544     0.702     0.359     0.229    -0.009     1.981 

ddG: D49H    -3.440    -5.762     1.300    -1.360    -0.003    -0.299     0.019     0.145     0.117    -0.631     0.582     0.055    -0.467     0.614    -0.103     0.354     0.017     1.981 

ddG: D49I    -3.704    -1.633     0.172    -4.531     0.024     0.125    -0.001     0.377    -0.013    -0.430     0.522     0.011    -0.538    -0.168    -0.463     0.272     0.019     2.553 

ddG: D49K    -1.835    -0.947     0.747    -2.301    -0.005     0.031     0.019    -0.225     0.113     0.048    -0.021    -0.012    -0.496     0.437    -0.670     0.275    -0.032     1.204 

ddG: D49L    -4.355     0.382     0.334    -5.897    -0.006     0.243     0.025    -0.041     0.169    -0.049     0.504     0.118    -0.519     0.383    -2.412     0.138    -0.003     2.276 

ddG: D49M    -4.471    -0.200     0.690    -5.224    -0.009    -0.132     0.021    -0.118     0.120     0.053    -0.029    -0.015    -0.482     0.476    -1.549     0.176     0.008     1.742 

ddG: D49N    -2.855    -0.651     0.630    -2.548    -0.007    -0.172     0.018    -0.114     0.112     0.234    -0.018     0.001    -0.287     0.395    -1.348     0.498    -0.014     0.415 

ddG: D49P    14.359     5.126    11.229   -10.912     0.006     2.178     0.376     1.966     0.177    -0.588     0.663     2.052    -0.001     2.405    -1.519    -0.117     0.034     1.286 

ddG: D49Q    -3.257    -1.209     0.566    -3.336     0.001     0.208     0.021     0.037     0.111     0.042     0.509     0.012    -0.626     0.407    -0.226     0.116    -0.021     0.131 

ddG: D49R    -0.834    -1.278     0.606    -2.015     0.008     0.350     0.019    -0.120     0.109     0.035     0.502     0.035    -0.579     0.364    -0.440     0.198     0.002     1.371 

ddG: D49S    -1.386     4.526     0.018    -5.510    -0.015    -0.419     0.004     0.503     0.170    -0.596     1.528    -0.006    -0.580     0.513    -3.539     0.254     0.000     1.763 

ddG: D49T    -1.794     3.569     0.027    -4.890    -0.001    -0.140     0.015     0.114     0.132    -0.726     1.418     0.076    -0.361     0.984    -3.948     0.201    -0.013     1.749 

ddG: D49V    -4.244     1.066     0.948    -6.357     0.001     0.073     0.019    -0.320     0.108     0.038    -0.018    -0.017    -0.277     0.398    -2.646     0.328    -0.036     2.448 

ddG: D49W    -4.564    -5.444     0.852    -3.704     0.024     0.634     0.022    -0.213     0.104     0.015     0.478     0.032    -0.493     0.488    -0.298     0.207     0.062     2.670 

ddG: D49Y    -4.882    -2.049     0.194    -4.885     0.020    -0.245     0.022     0.021     0.147    -0.522     0.492     0.054    -0.548     0.484    -0.093     0.296     0.023     1.709 

