ddG: description total fa_atr fa_rep fa_sol fa_intra_rep fa_elec pro_close hbond_sr_bb hbond_lr_bb hbond_bb_sc hbond_sc dslf_fa13 rama omega fa_dun p_aa_pp yhh_planarity ref 
ddG: K31A    -0.028     3.127    -0.331    -2.601     0.013    -0.019     0.001    -0.115     0.000     0.968     0.000     0.000     0.124     0.145    -1.896    -0.508     0.003     1.061 

ddG: K31C     0.594     3.150    -0.108    -3.046    -0.004     0.382     0.001    -0.026     0.004     0.000    -0.008     0.000     0.143     0.031    -0.948     0.247     0.004     0.774 

ddG: K31D     2.569     0.336    -0.090     2.649     0.019    -0.060     0.007    -0.040    -0.036     0.867     0.058     0.000     0.277     0.214    -0.097    -0.323    -0.007    -1.204 

ddG: K31E     1.523    -1.293    -0.053     2.700     0.015     1.558     0.000    -0.626     0.056    -0.431     0.785     0.000     0.035     0.085     0.428    -0.214     0.003    -1.526 

ddG: K31F     0.637     1.446     0.024    -2.253     0.048    -0.344     0.007    -0.264    -0.023     0.840     0.058     0.000     0.403     0.381    -0.071    -0.476    -0.004     0.865 

ddG: K31G     2.038     6.360    -0.239    -4.465    -0.005     0.151     0.004    -0.163    -0.002    -0.016    -0.005     0.000     0.503     0.130    -0.978     0.237     0.010     0.516 

ddG: K31H    -0.093    -3.772     0.444     0.281    -0.003     0.574     0.001    -0.127    -0.034     0.027    -0.008     0.000     0.170     0.131     1.311     0.125     0.009     0.777 

ddG: K31H     0.772    -4.925     0.732     1.611    -0.004     2.134     0.000    -0.683    -0.007    -1.399     0.775     0.000     0.146     0.067     1.185     0.365    -0.001     0.777 

ddG: K31I    -0.905     0.651    -0.377    -1.405     0.039    -0.285     0.003    -0.279     0.065     0.975     0.006     0.000     0.388     0.260    -1.776    -0.519     0.001     1.348 

ddG: K31K    -0.656     0.223     0.148    -0.800     0.002    -0.375     0.004     0.067    -0.051    -0.007    -0.005     0.000    -0.027     0.050     0.152    -0.039     0.002     0.000 

ddG: K31L    -1.167    -0.265    -0.338    -0.982     0.019    -0.033     0.004    -0.004     0.102     0.850     0.055     0.000     0.284     0.250    -1.643    -0.537    -0.001     1.072 

ddG: K31M    -0.914    -0.127     0.026    -1.536     0.020    -0.090     0.004     0.171     0.005     0.851     0.054     0.000     0.165     0.141    -0.680    -0.446    -0.010     0.537 

ddG: K31N     0.293     0.643    -0.107    -0.455    -0.002     0.355     0.001    -0.050    -0.010    -0.014    -0.005     0.000     0.260     0.062     0.218     0.181     0.005    -0.789 

ddG: K31P     9.629     0.288     4.076    -3.920     0.079     1.049     0.125     2.373    -0.281     0.803     0.702     0.000     1.141     1.654     1.876    -0.375    -0.044     0.082 

ddG: K31Q    -1.714     0.264     0.092    -1.096    -0.004    -0.441     0.001     0.064     0.031    -0.089    -0.655     0.000     0.075     0.024     1.266    -0.178     0.006    -1.073 

ddG: K31R     1.335    -2.815     0.038     3.060     0.025    -0.160     0.004     0.089    -0.017     0.851     0.057     0.000     0.085     0.115     0.270    -0.422    -0.013     0.167 

ddG: K31S     2.067     1.492     0.352    -0.446     0.014     1.455     0.003    -0.553    -0.025    -0.582     0.840     0.000     0.160     0.079    -1.375     0.105    -0.010     0.559 

ddG: K31T     1.106     2.842    -0.516    -0.623     0.024    -0.453     0.003    -0.235     0.049     0.930     0.002     0.000     0.368     0.252    -1.784    -0.304     0.005     0.544 

ddG: K31V     0.430     0.274     0.151    -0.722     0.032     1.591    -0.001    -0.732     0.053    -0.448     0.786     0.000     0.295     0.066    -2.097    -0.062     0.002     1.244 

ddG: K31W     0.359    -0.684     0.084    -1.197     0.043     0.252     0.000    -0.238     0.014     0.847     0.063     0.000     0.199     0.194    -0.365    -0.301    -0.017     1.466 

ddG: K31Y     0.725     1.859    -0.179    -3.274     0.047     0.402     0.004    -0.232    -0.020     1.021     0.734     0.000     0.272     0.246    -0.240    -0.366    -0.053     0.505 

