ddG: description total fa_atr fa_rep fa_sol fa_intra_rep fa_elec pro_close hbond_sr_bb hbond_lr_bb hbond_bb_sc hbond_sc dslf_fa13 rama omega fa_dun p_aa_pp yhh_planarity ref 
ddG: I5A     4.277     4.560    -0.700     4.832    -0.009    -2.030     0.003    -1.170     0.070     0.006    -1.497     0.000     0.159    -0.159     0.325     0.175    -0.002    -0.288 

ddG: I5C     5.483     3.551    -0.764     4.881    -0.006    -0.520    -0.002    -1.280    -0.006    -0.059     0.093     0.000    -0.031    -0.064     0.161     0.103    -0.001    -0.574 

ddG: I5D    10.924     1.250    -0.333    12.102     0.008     0.403    -0.003    -1.069    -0.030     0.015    -0.258     0.000    -0.006    -0.009     0.895     0.509     0.001    -2.553 

ddG: I5E     9.216    -0.804     0.011    11.917    -0.001    -0.678     0.001     0.268    -0.053     0.003    -0.293     0.000    -0.128    -0.305     1.530     0.624    -0.001    -2.874 

ddG: I5F     5.831    -6.599     5.464     1.793     0.063     0.347     0.005    -0.105    -0.096     0.068     0.300     0.000    -0.003     1.192     3.944    -0.062     0.004    -0.483 

ddG: I5G     9.803    11.318    -0.985     0.138    -0.012     0.424     0.000    -0.023    -0.170    -0.012     0.168     0.000     0.754    -0.218    -1.738     0.993    -0.001    -0.833 

ddG: I5H     7.780    -7.619     2.952     9.560    -0.009    -0.817     0.003     0.027    -0.291     0.104     0.232     0.000    -0.142     0.207     3.833     0.311     0.001    -0.571 

ddG: I5H     6.651    -8.842     3.238    11.715    -0.010    -2.475     0.011     0.125    -0.257     0.139    -1.332     0.000    -0.257     0.076     4.817     0.275     0.001    -0.571 

ddG: I5I     0.401    -0.761     0.204     1.395     0.005    -0.373    -0.001     0.265     0.053     0.058    -0.371     0.000    -0.218    -0.174     0.310     0.007     0.000     0.000 

ddG: I5K    12.438    -3.831     1.073    13.600    -0.006    -0.241    -0.001    -0.040    -0.160     0.049     0.157     0.000     0.088    -0.169     2.786     0.479     0.001    -1.348 

ddG: I5L     2.581    -2.071     1.184     3.092    -0.011    -0.517     0.003     0.063    -0.134     0.067     0.181     0.000    -0.099     0.033     0.798     0.265     0.002    -0.276 

ddG: I5M     3.950    -1.451     0.570     4.624    -0.018    -0.341    -0.003    -0.056    -0.078    -0.030     0.088     0.000     0.059    -0.471     1.395     0.474    -0.001    -0.811 

ddG: I5N     6.413     0.401    -0.338     7.958     0.009     0.406    -0.003    -1.086    -0.042     0.025    -0.267     0.000    -0.029    -0.096     1.174     0.437    -0.001    -2.137 

ddG: I5P    13.789     3.248     3.383     1.727     0.015     0.753     2.930    -0.904     1.301     0.053    -0.371     0.000     0.668     0.768     1.115     0.372    -0.004    -1.266 

ddG: I5Q     4.793    -0.437     0.009     6.222    -0.007     0.043     0.002    -0.057    -0.150    -0.026     0.089     0.000     0.122    -0.245     1.034     0.614     0.000    -2.421 

ddG: I5R    16.773    -2.686    -0.150    17.991     0.006     0.442     0.002     0.160     0.025     0.035     0.002     0.000    -0.570    -0.592     2.373     0.916     0.001    -1.182 

ddG: I5S     5.549     3.660    -0.640     7.420    -0.008    -2.327     0.005    -1.178     0.015     0.032    -1.477     0.000    -0.028    -0.166     0.870     0.161    -0.001    -0.789 

ddG: I5T     6.801     4.497     0.416     4.338     0.007    -0.169     0.000     0.218    -0.105     0.000    -0.316     0.000    -0.088    -0.311    -1.229     0.349    -0.001    -0.804 

ddG: I5V     3.349    -0.930    -0.071     4.510     0.013    -1.040    -0.002     0.331     0.027     0.012    -0.368     0.000    -0.332    -0.271     1.570     0.006     0.000    -0.105 

ddG: I5W     9.311   -16.339     9.169    12.055     0.038    -1.420     0.010    -1.068    -0.357     0.051    -1.145     0.000    -0.256     0.608     7.822     0.021     0.003     0.118 

ddG: I5Y    12.546    -2.157     3.919     7.355     0.038    -0.047    -0.009    -0.710    -0.110    -0.031     0.130     0.000     0.093    -0.291     5.371    -0.168     0.007    -0.844 

