ddG: description total fa_atr fa_rep fa_sol fa_intra_rep fa_elec pro_close hbond_sr_bb hbond_lr_bb hbond_bb_sc hbond_sc dslf_fa13 rama omega fa_dun p_aa_pp yhh_planarity ref 
ddG: C88A    -1.023    -2.216     0.131     2.981    -0.003    -2.182     0.119     0.164     0.044     0.049    -1.557     0.000    -0.226    -0.168     1.679    -0.126     0.000     0.287 

ddG: C88C     0.457    -2.867    -0.089     2.853    -0.001    -0.639     0.002     0.066     0.004    -0.024     0.006     0.000    -0.067    -0.066     1.252     0.025     0.000     0.000 

ddG: C88D     4.058    -3.866     0.066     7.889     0.002    -0.269     0.027    -0.017    -0.041     0.002     0.031     0.000     0.078    -0.033     2.139     0.028     0.000    -1.978 

ddG: C88E     2.615   -14.191    -0.019    16.886    -0.003    -3.542    -0.007     0.250    -0.155    -0.016    -1.548     0.000    -0.261    -0.186     7.833    -0.125    -0.001    -2.300 

ddG: C88F    -0.624   -10.649     5.567    -0.422     0.021     0.516     0.038    -1.145     0.073     0.040     0.045     0.000    -0.339     0.787     5.166    -0.413    -0.001     0.091 

ddG: C88G     0.737     1.652    -0.425     0.040    -0.001    -0.118     0.118    -1.205     0.179    -0.076     0.055     0.000     0.261     0.007     0.430     0.080     0.000    -0.258 

ddG: C88H    -1.824    -9.431     2.057     3.738    -0.007    -0.690     0.072     0.144    -0.218    -1.123     0.054     0.000    -0.301     0.188     3.499     0.190     0.000     0.003 

ddG: C88H    -1.430   -10.255     2.240     5.147    -0.002    -1.025     0.068     0.414    -0.184    -1.070    -0.309     0.000    -0.522     0.012     3.841     0.211     0.000     0.003 

ddG: C88I    -0.329    -5.077     0.699    -1.473     0.038    -0.765     0.051     0.344    -0.114     1.121    -1.139     0.000    -0.189    -0.044     5.681    -0.035    -0.001     0.574 

ddG: C88K     4.400    -0.045     0.446     0.092     0.013    -0.571     0.125     0.029     0.045     1.146    -0.618     0.000     0.066     0.018     4.363     0.066     0.000    -0.774 

ddG: C88L    -2.613    -8.247     0.238     1.260    -0.001    -1.007     0.032     0.232    -0.094     1.113    -1.555     0.000    -0.185    -0.295     5.689    -0.091    -0.001     0.298 

ddG: C88M    -1.547   -12.870     0.905     7.715    -0.005    -2.851     0.012     0.341     0.162     0.063    -1.499     0.000    -0.658    -0.298     7.599     0.075    -0.002    -0.237 

ddG: C88N     0.818   -12.172     0.139    12.135    -0.012    -2.676    -0.015     0.258    -0.236    -0.005    -1.540     0.000    -0.044    -0.169     6.771    -0.052    -0.001    -1.563 

ddG: C88P     7.823     0.406     5.271    -3.591     0.010     0.746     1.415     1.286    -0.274     1.103    -0.018     0.000     0.467     0.266     2.198    -0.767    -0.001    -0.692 

ddG: C88Q    -0.503    -8.444     0.347     6.390     0.006    -0.519    -0.037     0.276    -0.126     0.032    -0.362     0.000    -0.199    -0.096     4.131    -0.054    -0.001    -1.847 

ddG: C88R     4.644   -11.060     0.607    11.702     0.022    -2.280     0.108    -0.300    -0.013     1.173    -2.347     0.000    -0.028    -0.295     7.876     0.088    -0.001    -0.607 

ddG: C88S     0.892    -5.783    -0.052     8.248    -0.003    -2.950     0.081     0.239     0.028     0.025    -1.555     0.000    -0.237    -0.276     3.310     0.030     0.000    -0.215 

ddG: C88T    -0.884    -8.247     0.273     9.639     0.002    -3.509     0.075     0.290     0.047    -0.716    -1.542     0.000    -0.069    -0.186     3.259     0.027    -0.001    -0.229 

ddG: C88V     0.664    -5.111     0.845     2.071     0.026    -2.458     0.075     0.290     0.074     1.146    -1.568     0.000    -0.210    -0.176     5.087     0.103     0.000     0.470 

ddG: C88W     3.722   -16.873     8.773     4.912     0.036     0.256     0.046    -1.078     0.547     0.349    -0.290     0.000    -0.135     0.673     6.280    -0.464    -0.003     0.692 

ddG: C88Y     4.467   -14.482     6.359     5.079     0.022    -0.282     0.110    -1.202     0.422     0.064     0.100     0.000    -0.289     0.391     8.789    -0.349     0.003    -0.269 

