ddG: description total fa_atr fa_rep fa_sol fa_intra_rep fa_elec pro_close hbond_sr_bb hbond_lr_bb hbond_bb_sc hbond_sc dslf_fa13 rama omega fa_dun p_aa_pp yhh_planarity ref 
ddG: Q48A     1.798     4.526    -0.018    -3.025    -0.019     0.547     0.001    -0.028    -0.029    -0.020     0.857     0.000     0.036    -0.152    -2.913    -0.078    -0.020     2.134 

ddG: Q48C     1.890     3.256    -0.355    -0.876    -0.021     0.496    -0.002    -0.116     0.074     0.053     0.745     0.000    -0.011    -0.097    -2.881    -0.222    -0.001     1.847 

ddG: Q48D     6.699    -0.712    -0.036     6.312     0.002     2.360    -0.003    -0.657     0.332    -1.318     1.553     0.000     0.210    -0.103    -1.355     0.249    -0.004    -0.131 

ddG: Q48E     3.987    -0.384     0.464     2.899    -0.012     1.935     0.000    -0.575     0.014    -1.481     1.631     0.000     0.008    -0.101    -0.202     0.294    -0.049    -0.453 

ddG: Q48F     0.918    -3.565     1.113     0.626     0.017     0.218     0.001    -0.180     0.049     0.108     0.330     0.000     0.085     0.223     0.516    -0.502    -0.060     1.938 

ddG: Q48G     3.960     6.989    -0.431    -2.860    -0.022     0.754    -0.003    -0.088     0.210     0.106     0.820     0.000     0.316    -0.103    -3.185    -0.134     0.002     1.589 

ddG: Q48H     2.061    -4.519     0.318     3.114    -0.012     0.750    -0.002    -0.145     0.041     0.003     1.394     0.000     0.132     0.105    -0.442    -0.450    -0.076     1.850 

ddG: Q48H     2.848    -4.913     0.791     3.575    -0.012     2.628    -0.003    -0.691     0.076    -1.450     1.634     0.000    -0.187    -0.199    -0.495     0.263    -0.020     1.850 

ddG: Q48I     1.131    -1.276     0.834     0.307    -0.004     2.333    -0.004    -0.675     0.100    -1.301     1.643     0.000    -0.117     0.178    -3.308     0.004    -0.003     2.421 

ddG: Q48K     2.127    -0.103     0.263     0.948    -0.012     2.030    -0.001    -0.567     0.001    -1.417     1.533     0.000    -0.058    -0.102    -1.783     0.323    -0.003     1.073 

ddG: Q48L     2.420     0.268     0.659    -2.114     0.033     0.524     0.000    -0.054    -0.011     0.218     0.717     0.000     0.297    -0.144    -0.598     0.486    -0.004     2.145 

ddG: Q48M     1.698     0.977    -0.006    -0.548    -0.015     0.797    -0.003    -0.101     0.061    -0.088     0.803     0.000     0.032    -0.081    -1.689    -0.031    -0.020     1.610 

ddG: Q48N     3.871     0.775    -0.446     1.532    -0.004     1.311    -0.003    -0.108     0.233     0.113     1.468     0.000     0.115    -0.050    -1.208    -0.082    -0.061     0.284 

ddG: Q48P    15.519     0.108     4.432    -2.336    -0.015     3.005     3.558    -0.578     1.479    -1.497     1.405     0.000     1.001     1.102     2.000     0.725    -0.026     1.155 

ddG: Q48Q     0.243    -0.325    -0.167     0.950    -0.004     0.008    -0.003    -0.108     0.078     0.000     0.001     0.000     0.015     0.026    -0.212    -0.014    -0.003     0.000 

ddG: Q48R     1.226    -0.974    -0.320     3.405    -0.006    -0.521     0.000    -0.156     0.115     0.027    -0.788     0.000     0.158     0.316    -1.081    -0.199     0.011     1.240 

ddG: Q48S     2.444     4.237    -0.436    -0.616    -0.013     0.279    -0.004    -0.119     0.045     0.103     0.797     0.000    -0.059    -0.163    -2.928    -0.300    -0.010     1.632 

ddG: Q48T     2.372     1.255     0.019     1.554    -0.009     1.243    -0.004    -0.673     0.068    -1.388     1.526     0.000    -0.191    -0.181    -2.448    -0.011    -0.006     1.617 

ddG: Q48V     0.641     1.052     0.563    -1.346    -0.007     0.719    -0.002    -0.112     0.064     0.119     0.860     0.000    -0.210     0.148    -3.175    -0.345    -0.003     2.317 

ddG: Q48W     2.232    -6.960     0.335     3.437     0.143     0.387    -0.002    -0.353     0.104     0.859     1.402     0.000     0.156    -0.145     0.952    -0.555    -0.067     2.539 

ddG: Q48Y     0.319    -5.385     1.418     2.890     0.013     0.963    -0.004    -0.686     0.015    -1.407     0.413     0.000    -0.039    -0.089     0.630    -0.209     0.217     1.578 

