ddG: description total fa_atr fa_rep fa_sol fa_intra_rep fa_elec pro_close hbond_sr_bb hbond_lr_bb hbond_bb_sc hbond_sc dslf_fa13 rama omega fa_dun p_aa_pp yhh_planarity ref 
ddG: Q62A     1.785     5.324    -0.370    -3.384    -0.006     2.239    -0.008    -0.625     0.051    -1.287     0.719     0.000    -0.186    -0.266    -2.808     0.261    -0.001     2.134 

ddG: Q62C     1.757     4.227    -0.590    -2.269    -0.003     0.709    -0.007    -0.050     0.034     0.134    -0.056     0.000    -0.008    -0.175    -2.482     0.446    -0.001     1.847 

ddG: Q62D     5.085     0.592    -0.307     5.222    -0.002     0.602    -0.006    -0.029     0.032     0.023    -0.002     0.000    -0.058    -0.098    -1.040     0.305    -0.018    -0.131 

ddG: Q62E     2.605    -5.160     1.630     7.845     0.017    -1.620    -0.009    -0.045    -0.149     0.121    -1.742     0.000    -0.101     0.166     1.822     0.287    -0.005    -0.453 

ddG: Q62F     1.078    -6.061     3.143    -2.358     0.052     2.223    -0.003    -0.618     0.222    -1.294     0.659     0.000     0.092     0.795     1.755     0.531     0.001     1.938 

ddG: Q62G     3.684     8.810    -0.665    -4.543    -0.007     0.496    -0.007    -0.104     0.017     0.130    -0.057     0.000     0.232    -0.150    -2.610     0.553     0.001     1.589 

ddG: Q62H     2.465    -4.927     1.619     1.607     0.007     2.380    -0.007    -0.763     0.218    -1.272     0.699     0.000     0.048     0.230     0.090     0.691    -0.005     1.850 

ddG: Q62H     2.404    -4.936     1.631     1.623     0.007     2.318    -0.007    -0.764     0.222    -1.274     0.698     0.000     0.047     0.223     0.092     0.680    -0.006     1.850 

ddG: Q62I    -0.746     0.318     0.490    -2.946     0.020     0.528    -0.004    -0.056     0.179     0.128     0.019     0.000     0.372    -0.029    -2.211     0.019     0.005     2.421 

ddG: Q62K    -0.622    -0.092    -0.051     0.354     0.004    -1.804    -0.004     0.114    -0.010     0.125    -0.995     0.000    -0.084     0.011     0.547     0.190     0.002     1.073 

ddG: Q62L     0.122     0.497     1.060    -4.110     0.007     0.859    -0.003     0.212    -0.071     0.023     0.000     0.000     0.034     0.211    -0.850     0.109    -0.001     2.145 

ddG: Q62M    -0.709     0.884    -0.019    -2.757     0.001     0.140    -0.001     0.082     0.004     0.117    -0.041     0.000     0.024     0.073    -0.781    -0.058     0.012     1.610 

ddG: Q62N     1.339     0.770    -0.293     0.968     0.002     0.056     0.000     0.051    -0.009     0.023     0.002     0.000     0.204    -0.004    -1.018     0.310    -0.009     0.284 

ddG: Q62P    19.303     2.393     7.384    -5.206     0.071     2.900     0.460     2.834     0.073    -1.303     0.677     0.000     1.651     5.319     0.171     0.736    -0.010     1.155 

ddG: Q62Q     0.030    -0.675     0.058     0.619    -0.003     0.394    -0.005    -0.049     0.034     0.010    -0.001     0.000    -0.081    -0.089    -0.270     0.100    -0.013     0.000 

ddG: Q62R     0.726    -3.070    -0.052     4.625     0.005    -1.297    -0.008     0.075     0.029     0.128    -0.449     0.000    -0.126    -0.153    -0.333     0.108     0.003     1.240 

ddG: Q62S     3.583     4.496    -0.413    -0.899    -0.006     2.002    -0.008    -0.609     0.051    -1.284     0.717     0.000    -0.103    -0.260    -2.363     0.630    -0.002     1.632 

ddG: Q62T     2.975     3.102     0.915    -1.660     0.004     0.002    -0.004     0.257    -0.011     0.018     0.022     0.000     0.022     0.110    -1.697     0.295    -0.016     1.617 

ddG: Q62V    -0.359     1.941     0.840    -4.218     0.019     0.229    -0.005     0.015     0.085     0.121     0.017     0.000     0.290    -0.046    -2.158     0.186     0.006     2.317 

ddG: Q62W    -0.523   -11.242     2.859     2.577     0.032     2.138    -0.003    -0.742     0.149    -1.476     0.707     0.000    -0.201     0.554     0.994     0.612    -0.020     2.539 

ddG: Q62Y     8.955    -5.201     5.999     0.043     0.044     2.945    -0.008    -0.924     0.224    -1.248     0.627     0.000    -0.094     1.257     3.359     0.125     0.230     1.578 

