ddG: description total fa_atr fa_rep fa_sol fa_intra_rep fa_elec pro_close hbond_sr_bb hbond_lr_bb hbond_bb_sc hbond_sc dslf_fa13 rama omega fa_dun p_aa_pp yhh_planarity ref 
ddG: Y28A     7.582    15.738    -1.860    -6.078    -0.034     1.027    -0.011     0.790     0.081     0.608     0.080     0.116    -0.080    -0.503    -2.933     0.114    -0.028     0.556 

ddG: Y28C    10.061    14.052    -1.109    -4.757    -0.021     2.075     0.003     0.352     0.050     1.289     0.583     0.036     0.574    -0.611    -2.348    -0.386     0.010     0.269 

ddG: Y28D    11.481     9.953    -1.187     2.796    -0.018     1.650    -0.012    -0.447     0.129     1.245    -0.491     0.013    -0.182    -0.151     0.133    -0.205    -0.034    -1.709 

ddG: Y28E    11.742     8.200    -0.601     2.239    -0.020     1.733    -0.002    -0.037    -0.007     1.269    -0.012     0.026     0.009     0.058     0.746     0.174    -0.002    -2.031 

ddG: Y28F     0.486     0.790     0.062    -2.285     0.005     0.770     0.004     0.135    -0.026     1.163     0.006     0.014     0.090    -0.273    -0.355     0.052    -0.027     0.360 

ddG: Y28G    10.051    19.781    -2.343    -7.553    -0.027     1.513     0.001     0.421     0.023     0.447     1.441     0.099     0.172     0.192    -4.404     0.299    -0.023     0.011 

ddG: Y28H     3.960     2.966    -1.243     0.698    -0.020     1.042     0.005     0.215    -0.190     0.995     0.349    -0.027    -0.152    -0.283    -0.329    -0.339     0.001     0.272 

ddG: Y28H     3.651     2.777    -0.372     1.044    -0.020     0.315     0.004     0.146    -0.032     1.147    -0.574     0.046     0.011    -0.103    -0.773    -0.262     0.022     0.272 

ddG: Y28I    13.077    10.147     2.416    -4.782     0.010     2.594     0.000     0.506     0.049     1.245     1.443    -0.001     0.260     0.030    -1.422    -0.225    -0.036     0.844 

ddG: Y28K    10.925     7.409     0.477     1.357    -0.019     1.562     0.000     0.063    -0.009     0.894     0.497     0.039    -0.004     0.137    -0.940    -0.053     0.018    -0.505 

ddG: Y28L    14.624    10.411     4.041    -5.460    -0.021     2.695     0.015     0.631    -0.013     1.475    -0.043     0.153    -0.026     0.869    -0.963     0.308    -0.014     0.567 

ddG: Y28M     7.915     8.844    -0.949    -3.873    -0.016     1.189    -0.032     0.635    -0.096     1.151     0.004     0.025     0.443    -0.514     1.159    -0.045    -0.042     0.033 

ddG: Y28N     8.458     8.844    -1.486    -0.137    -0.022     1.365    -0.002     0.145    -0.181     1.143    -0.039    -0.014    -0.060    -0.604     0.748     0.085    -0.034    -1.294 

ddG: Y28P    17.088    11.553     4.045    -5.248    -0.009     2.555     0.269    -0.131     0.090     3.598     0.086     0.169     0.425     0.575    -0.597     0.208    -0.079    -0.423 

ddG: Y28Q     9.688     8.003    -1.100     0.351    -0.023     1.865    -0.014     0.725     0.047     0.646     2.049     0.062    -0.221     0.238    -1.137    -0.217    -0.008    -1.578 

ddG: Y28R     9.260     3.575    -0.390     4.925    -0.009     0.376    -0.003     0.007    -0.010     0.274    -0.008     0.019     0.112     0.074     0.839    -0.138    -0.045    -0.338 

ddG: Y28S     9.861    15.100    -1.816    -3.128    -0.035     1.126    -0.012     0.779     0.046     0.622     0.080     0.029    -0.128    -0.525    -2.156    -0.145    -0.032     0.054 

ddG: Y28T     7.826    11.897    -1.481    -0.520    -0.017     0.904     0.005     0.748     0.008     0.399     1.249     0.110    -0.536    -0.042    -4.229    -0.708     0.000     0.040 

ddG: Y28V    11.539    10.116     0.952    -3.911     0.006     2.670    -0.004     0.207     0.021     1.485    -0.516     0.038     0.011    -0.776     0.804    -0.239    -0.062     0.739 

ddG: Y28W     1.293    -5.716    -1.073     3.128     0.023     1.342    -0.019     0.658    -0.315     0.704     0.480     0.080     0.289    -0.874     1.898    -0.235    -0.037     0.961 

ddG: Y28Y     0.165    -0.578    -0.223    -0.341     0.033     0.368    -0.015    -0.615     0.024     0.451     0.160     0.100     0.331    -0.404     1.393    -0.525     0.007     0.000 

