ddG: description total fa_atr fa_rep fa_sol fa_intra_rep fa_elec pro_close hbond_sr_bb hbond_lr_bb hbond_bb_sc hbond_sc dslf_fa13 rama omega fa_dun p_aa_pp yhh_planarity ref 
ddG: P89A     3.295     9.442    -0.341    -7.517     0.008     2.904    -0.164    -0.236    -0.123    -0.043     1.558     0.000     0.189     0.364    -4.404     0.682     0.000     0.979 

ddG: P89C     3.920     9.072    -0.336    -6.941     0.009     2.872    -0.162    -0.244    -0.105    -0.046     1.563     0.000     0.271     0.331    -4.068     1.011     0.000     0.692 

ddG: P89D     5.534     5.295    -0.595    -1.514     0.009     2.439    -0.167    -0.088     0.004    -0.057     1.575     0.000    -0.038     0.179    -1.333     1.112     0.000    -1.286 

ddG: P89E     5.110     5.325    -0.475    -2.618     0.013     2.205    -0.162    -0.174    -0.101    -0.067     1.569     0.000     0.256     0.249    -0.264     0.959     0.000    -1.608 

ddG: P89F     2.531     2.241    -0.355    -4.061     0.034     2.262    -0.157    -0.215    -0.185    -0.058     1.565     0.000     0.449     0.311    -0.950     0.866     0.001     0.783 

ddG: P89G     3.981    10.621    -0.456    -7.535     0.006     2.929    -0.162    -0.159     0.031    -0.019     1.588     0.000     0.058     0.131    -4.326     0.843    -0.001     0.434 

ddG: P89H     3.938     3.256    -0.448    -3.175     0.010     2.197    -0.157    -0.208    -0.156    -0.056     1.568     0.000     0.385     0.246    -1.114     0.896     0.000     0.695 

ddG: P89H     3.494     6.116    -0.332    -6.025     0.010     2.831    -0.157    -0.272    -0.150    -0.035     1.555     0.000     0.458     0.317    -2.385     0.867     0.000     0.695 

ddG: P89I     3.192    -0.469     0.160     0.927     0.025    -0.181    -0.165     0.050     0.057    -0.001     0.007     0.000    -0.001     0.039     0.011     1.468    -0.001     1.266 

ddG: P89K     3.738     0.370    -0.282     2.966     0.007    -0.134    -0.161    -0.006    -0.142    -0.010     0.063     0.000     0.165     0.112    -0.057     0.929     0.000    -0.082 

ddG: P89L     2.615     4.254    -0.404    -4.224     0.015     2.331    -0.156    -0.209    -0.282    -0.048     1.567     0.000     0.434     0.298    -2.831     0.881     0.001     0.990 

ddG: P89M     3.079     0.441    -0.332     1.476     0.007     0.039    -0.156    -0.012    -0.111    -0.001     0.003     0.000     0.108     0.044     0.194     0.924     0.000     0.455 

ddG: P89N     4.312     7.104    -0.292    -4.419     0.016     2.613    -0.165     0.107     0.039     0.028     1.187     0.000    -0.110     0.078    -2.326     1.324     0.000    -0.871 

ddG: P89P     0.284     6.930    -0.022    -7.798     0.004     2.876    -0.006    -0.239    -0.034    -0.030     1.555     0.000     0.286     0.278    -3.495    -0.021     0.000     0.000 

ddG: P89Q     3.810     5.016    -0.413    -3.464     0.012     2.104    -0.161    -0.177    -0.109    -0.063     1.568     0.000     0.358     0.192    -0.882     0.984     0.000    -1.155 

ddG: P89R     4.566     3.074    -0.359    -0.039     0.015     1.477    -0.162    -0.185    -0.111    -0.059     1.098     0.000     0.241     0.253    -1.618     0.856     0.000     0.084 

ddG: P89S     3.863     6.158    -0.625    -3.123     0.006     1.973    -0.164    -0.098     0.017     0.000     1.598     0.000    -0.194     0.075    -2.954     0.717     0.000     0.477 

ddG: P89T     3.331     8.578    -0.552    -5.853     0.012     2.618    -0.161    -0.180     0.026     0.029     1.603     0.000     0.037     0.139    -4.244     0.817    -0.001     0.462 

ddG: P89V     2.960     0.508    -0.295     0.439     0.018     0.354    -0.159     0.017     0.084     0.039     0.047     0.000     0.069    -0.136    -0.693     1.509    -0.001     1.162 

ddG: P89W     1.039    -0.341    -0.049    -4.452     0.042     2.808    -0.156    -0.232    -0.248     0.015     1.565     0.000     0.500     0.311    -1.253     1.145     0.000     1.384 

ddG: P89Y     2.534     4.373    -0.098    -5.145     0.040     2.624    -0.159     0.003    -0.102     0.027     1.185     0.000     0.231     0.128    -1.968     0.971     0.000     0.423 

