ddG: description total fa_atr fa_rep fa_sol fa_intra_rep fa_elec pro_close hbond_sr_bb hbond_lr_bb hbond_bb_sc hbond_sc dslf_fa13 rama omega fa_dun p_aa_pp yhh_planarity ref 
ddG: H115A     1.371     9.754    -0.067    -7.011     0.000     1.181    -0.002     0.074    -0.191    -0.359     1.163    -0.016     0.066    -0.116    -3.560     0.105     0.068     0.284 

ddG: H115C     2.731     9.080    -0.353    -5.187    -0.008     1.023    -0.026     1.393    -0.338    -1.030     1.970    -0.053     0.233     0.111    -4.320     0.211     0.030    -0.003 

ddG: H115D     4.218     5.822     0.121     0.413    -0.009     0.588    -0.004     0.725    -0.203    -0.451     0.371    -0.041     0.369     0.137    -1.620    -0.017     0.000    -1.981 

ddG: H115E     3.774     4.530     0.764    -0.229     0.005     0.075    -0.009     0.522    -0.238    -0.265     0.502     0.052     0.451     0.059    -0.510     0.334     0.034    -2.303 

ddG: H115F    -2.708    -1.661     1.337    -2.023     0.025    -0.405    -0.010    -0.351     0.050     0.185    -0.534    -0.022     0.325     0.336    -0.017     0.032    -0.062     0.088 

ddG: H115G     3.066    13.553    -0.476    -8.052    -0.002     0.761     0.001     0.776    -0.286    -0.510     0.948    -0.013     0.379    -0.145    -4.138     0.475     0.057    -0.261 

ddG: H115H    -0.145     1.070     0.803    -0.724    -0.007    -0.983    -0.007     0.353     0.034     0.007    -0.608     0.064     0.404     0.314    -0.999     0.133     0.000     0.000 

ddG: H115H     0.185     1.030     0.530    -0.108    -0.013    -0.834    -0.040     1.056     0.015    -0.742     0.831     0.058     0.312     0.578    -2.383    -0.098    -0.007     0.000 

ddG: H115I    13.243     5.497     8.969    -7.108     0.067     1.653    -0.026     1.069     0.085    -0.370     0.602    -0.060     1.179    -0.023     0.603     0.394     0.138     0.571 

ddG: H115K     1.635     3.355     0.300    -0.083    -0.005    -0.618    -0.029     1.044    -0.149    -0.575     0.952     0.055     0.317     0.267    -2.500     0.049     0.032    -0.777 

ddG: H115L     1.675     4.457     2.126    -5.277     0.015     0.760    -0.013     0.086    -0.074     0.013     0.734     0.040     0.320    -0.014    -1.544    -0.130    -0.119     0.295 

ddG: H115M     0.474     4.764     0.211    -2.842    -0.010    -1.157    -0.022     0.963    -0.210    -0.677    -0.624    -0.047     0.471    -0.286    -0.169     0.323     0.027    -0.240 

ddG: H115N    -0.275     5.213     0.323    -1.883     0.002    -0.714    -0.004    -0.107     0.004    -0.251     0.145    -0.051     0.147     0.174    -1.512    -0.198     0.002    -1.566 

ddG: H115P     8.807     5.867     4.414    -4.521     0.010    -0.214     0.358     1.647     0.219     0.199     0.060     0.026     1.867     0.535    -1.366     0.426    -0.025    -0.695 

ddG: H115Q     0.549     3.974     0.529    -2.316     0.015     0.676    -0.004    -0.009    -0.143    -0.264     1.161     0.000     0.051    -0.025    -1.370     0.074     0.051    -1.850 

ddG: H115R     2.675     1.494     0.850     1.660     0.007    -0.838    -0.014     0.321    -0.210     0.077    -0.598     0.050     0.411     0.021    -0.372     0.389     0.036    -0.610 

ddG: H115S     2.884     9.339    -0.061    -4.642     0.004     0.510    -0.001     0.008    -0.153    -0.378     1.190    -0.014     0.059    -0.094    -2.768     0.028     0.075    -0.218 

ddG: H115T     2.696     7.096     0.853    -2.724     0.003     0.204    -0.007     0.008    -0.112    -0.271     0.640    -0.045     0.371    -0.376    -2.938     0.125     0.103    -0.232 

ddG: H115V     3.304     6.661     1.255    -5.536     0.005     0.583    -0.014     1.032     0.160    -1.148     1.904    -0.013     0.967     0.777    -4.348     0.468     0.084     0.467 

ddG: H115W    -3.069    -3.658     0.697     0.463     0.014    -0.496    -0.008    -0.182     0.155    -0.470    -0.051     0.024     0.493     0.377    -0.902    -0.162    -0.050     0.689 

ddG: H115Y    -2.823    -1.220     0.742    -1.287     0.017    -0.841    -0.010     0.428     0.052    -0.405    -0.119     0.101     0.497     0.353    -0.802    -0.046    -0.011    -0.272 

