ddG: description total fa_atr fa_rep fa_sol fa_intra_rep fa_elec pro_close hbond_sr_bb hbond_lr_bb hbond_bb_sc hbond_sc dslf_fa13 rama omega fa_dun p_aa_pp yhh_planarity ref 
ddG: H81A    -0.087     6.468    -0.640    -4.120     0.007    -1.470     0.004     0.505     0.030     1.422    -0.308     0.000     0.156    -0.199    -1.851    -0.368    -0.007     0.284 

ddG: H81C     0.849     4.558    -0.364    -2.307    -0.001    -0.978    -0.002     0.461     0.103     1.298    -0.312     0.000     0.163    -0.269    -1.314    -0.157    -0.027    -0.003 

ddG: H81D     0.801     4.970    -0.245    -1.483     0.011    -2.033     0.004     0.484    -0.019     1.095    -0.326     0.000     0.309    -0.243     0.527    -0.262    -0.007    -1.981 

ddG: H81E     2.675     2.584    -0.052     0.574    -0.004     0.704    -0.002    -0.092     0.142    -0.122     0.470     0.000     0.178    -0.308     0.600     0.332    -0.025    -2.303 

ddG: H81F     0.226    -0.408    -0.381    -0.100     0.021    -0.354     0.001     0.421     0.114     1.315    -0.321     0.000     0.304     0.063     0.154    -0.675    -0.019     0.088 

ddG: H81G     0.453     7.013    -0.605    -4.025     0.004    -1.001    -0.002     0.446     0.008     1.435    -0.416     0.000     0.392    -0.383    -2.063    -0.072    -0.016    -0.261 

ddG: H81H    -0.152    -0.402     0.192     0.395    -0.003    -0.278     0.001    -0.013     0.028    -0.118     0.053     0.000     0.003     0.041    -0.018    -0.016    -0.018     0.000 

ddG: H81H    -0.181     0.537    -0.270    -0.133    -0.002    -1.261    -0.001     0.477     0.062     1.302    -0.726     0.000     0.055     0.052    -0.016    -0.230    -0.028     0.000 

ddG: H81I     0.190     1.738    -0.326    -1.856     0.018    -0.564     0.001     0.515    -0.077     1.471    -0.031     0.000     0.368     0.003    -1.433    -0.159    -0.049     0.571 

ddG: H81K     0.057     4.277    -0.310    -2.548     0.005    -1.438     0.001     0.536     0.008     1.420    -0.309     0.000     0.097    -0.283    -0.697     0.093    -0.019    -0.777 

ddG: H81L     1.187     2.710    -0.081    -1.589     0.005     0.512    -0.001    -0.009     0.037    -0.017     0.425     0.000     0.202    -0.219    -1.586     0.505    -0.002     0.295 

ddG: H81M     0.865     3.961    -0.544    -1.793    -0.002    -1.160     0.001     0.397     0.036     1.430    -0.362     0.000     0.168    -0.072    -0.692    -0.256    -0.006    -0.240 

ddG: H81N     0.527     3.796    -0.379    -1.936     0.004    -1.411     0.001     0.554     0.016     1.420    -0.365     0.000     0.182    -0.275     0.318     0.173    -0.007    -1.566 

ddG: H81P     0.110     1.612    -0.131    -1.982    -0.001    -0.955     0.472     0.354     1.531     1.419    -0.416     0.000     0.753     0.435    -1.431    -0.873     0.017    -0.695 

ddG: H81Q     0.675     3.221    -0.688    -0.717     0.001    -1.338     0.001     0.404     0.121     1.426    -0.733     0.000     0.279    -0.005     0.607    -0.057     0.002    -1.850 

ddG: H81R     1.707     3.687    -0.257    -0.950     0.007    -1.200    -0.002     0.463     0.092     1.301    -0.304     0.000     0.055    -0.313    -0.077    -0.154    -0.032    -0.610 

ddG: H81S     0.376     4.902    -0.451    -1.660    -0.005    -1.023    -0.001     0.449     0.054     1.313    -0.267     0.000    -0.021    -0.304    -1.956    -0.405    -0.032    -0.218 

ddG: H81T     0.837     3.382     0.096    -0.758     0.002     0.255     0.000    -0.028     0.080    -0.002     0.451     0.000    -0.049    -0.381    -1.753    -0.218    -0.005    -0.232 

ddG: H81V     0.895     1.867     0.459    -0.592     0.008     0.632    -0.002    -0.099     0.179    -0.120     0.486     0.000     0.053    -0.493    -1.994     0.079    -0.034     0.467 

ddG: H81W     0.475     0.110    -0.316     0.384     0.023    -1.632    -0.003     0.454     0.097     1.425    -0.346     0.000     0.051    -0.157    -0.112    -0.184    -0.008     0.689 

ddG: H81Y     0.719    -1.346    -0.016     1.147     0.021     1.195    -0.004    -0.091     0.060     0.000     0.411     0.000     0.009    -0.070    -0.156    -0.161    -0.008    -0.272 

