ddG: description total fa_atr fa_rep fa_sol fa_intra_rep fa_elec pro_close hbond_sr_bb hbond_lr_bb hbond_bb_sc hbond_sc dslf_fa13 rama omega fa_dun p_aa_pp yhh_planarity ref 
ddG: P45A     3.134     5.500    -0.925    -4.870     0.005     2.637    -0.044    -0.094    -0.018    -0.043     1.573     0.000    -0.054     0.198    -2.143     0.433     0.000     0.979 

ddG: P45C     2.642     4.658    -0.787    -3.366     0.010     2.487    -0.043    -1.056     0.202    -0.045     1.197     0.000    -0.173     0.141    -1.694     0.422     0.000     0.692 

ddG: P45D     2.859     3.361    -0.493    -0.576     0.008     0.906    -0.037    -0.034     0.016     0.074     0.004     0.000     0.070     0.059     0.218     0.570     0.000    -1.286 

ddG: P45E     2.597     3.117    -0.449    -1.703     0.025     1.049    -0.042    -1.157     0.196     0.135     1.250     0.000    -0.173     0.262     1.611     0.085     0.000    -1.608 

ddG: P45F     2.091     2.912    -0.078    -4.686     0.052     0.960    -0.041    -0.217    -0.014     0.193     0.613     0.000     0.620     0.605    -0.118     0.506     0.000     0.783 

ddG: P45G     3.371     2.312    -0.599    -0.095     0.002     0.269    -0.037     0.054     0.018     0.018     0.008     0.000     0.177    -0.003    -0.058     0.873     0.000     0.434 

ddG: P45H     3.568     4.802    -0.306    -5.346     0.018     1.732    -0.044    -0.254    -0.021     0.126     1.596     0.000     0.461     0.500    -0.953     0.562     0.000     0.695 

ddG: P45H     3.285    -2.099    -0.291     2.417     0.013    -1.121    -0.039    -0.009     0.000     0.151     0.030     0.000     0.170     0.225     2.553     0.589     0.000     0.695 

ddG: P45I     3.301     3.592    -0.515    -4.550     0.032     2.345    -0.046    -0.113    -0.015    -0.065     1.571     0.000     0.219     0.260    -1.481     0.801     0.000     1.266 

ddG: P45K     2.309     6.507    -0.330    -5.998     0.018     1.252    -0.042    -0.171    -0.012     0.077     1.580     0.000     0.138     0.355    -1.475     0.492     0.000    -0.082 

ddG: P45L     2.410     0.119    -0.538     0.573     0.014     0.202    -0.037    -0.038     0.016     0.119     0.009     0.000     0.058    -0.022     0.348     0.597     0.000     0.990 

ddG: P45M     2.117     3.552    -0.838    -3.230     0.015     2.700    -0.042    -1.060     0.207    -0.040     1.219     0.000    -0.221     0.139    -0.972     0.232     0.000     0.455 

ddG: P45N     2.560     0.457    -0.820     1.073     0.005     0.374    -0.038     0.082     0.024    -0.004     0.015     0.000     0.014     0.008     1.421     0.820     0.000    -0.871 

ddG: P45P     0.277     6.898    -0.046    -7.766     0.004     2.889    -0.005    -0.247    -0.017     0.004     1.556     0.000     0.277     0.270    -3.508    -0.033     0.000     0.000 

ddG: P45Q     3.036     3.503    -0.935    -3.260     0.013     2.423    -0.042    -0.115    -0.014    -0.025     1.579     0.000     0.050     0.185     0.276     0.553     0.000    -1.155 

ddG: P45R     2.892     3.701    -0.514    -2.646     0.018     0.560    -0.044    -0.041    -0.021     0.119     1.185     0.000     0.242     0.144    -0.356     0.460     0.000     0.084 

ddG: P45S     2.714     1.300    -0.780     0.864     0.002     0.149    -0.036     0.132     0.026    -0.073     0.012     0.000    -0.254     0.055     0.294     0.546     0.000     0.477 

ddG: P45T     3.560     4.839    -0.484    -3.982     0.019     2.294    -0.043    -0.245    -0.029     0.120     1.596     0.000     0.459     0.246    -2.320     0.627     0.000     0.462 

ddG: P45V     3.268     6.630    -0.395    -5.909     0.034     2.646    -0.044     0.014     0.039     0.136     1.197     0.000     0.146     0.074    -2.971     0.511     0.000     1.162 

ddG: P45W     1.381    -4.168    -0.430     2.188     0.041    -0.319    -0.038     0.135     0.022     0.141    -0.007     0.000    -0.104    -0.066     2.056     0.545     0.000     1.384 

ddG: P45Y     2.847     4.234    -0.400    -4.679     0.050     2.425    -0.045     0.071     0.036     0.218     1.194     0.000     0.109     0.045    -1.464     0.619     0.010     0.423 

