ddG: description total fa_atr fa_rep fa_sol fa_intra_rep fa_elec pro_close hbond_sr_bb hbond_lr_bb hbond_bb_sc hbond_sc dslf_fa13 rama omega fa_dun p_aa_pp yhh_planarity ref 
ddG: E87A     0.302     0.213     1.209    -0.942     0.000    -0.341     0.003    -0.231     0.131     0.781    -0.842     0.040     0.207     0.064    -2.762     0.165     0.019     2.586 

ddG: E87C    -0.045     0.199     1.393    -0.911    -0.003    -0.707     0.002    -0.350     0.131     0.708    -1.432     0.011     0.338     0.020    -2.119     0.374     0.001     2.300 

ddG: E87D     0.613     0.036     1.068     0.389    -0.002    -0.414     0.000    -0.244     0.125     0.566     0.044     0.001     0.115     0.415    -1.567    -0.249     0.008     0.322 

ddG: E87E     0.169    -0.139     1.306    -0.232     0.000    -0.617     0.002    -0.345     0.166     0.684    -1.436     0.088     0.293     0.073     0.158     0.175    -0.006     0.000 

ddG: E87F     1.058    -1.476     1.163    -0.120     0.026    -0.243     0.002    -0.202     0.137     0.669    -0.910     0.045     0.263     0.310    -1.081     0.068     0.016     2.391 

ddG: E87G     0.371     0.742     0.762    -1.614    -0.005    -0.099     0.002    -0.281     0.001     0.652    -1.473     0.077     0.409    -0.253    -1.001     0.410     0.001     2.041 

ddG: E87H     0.984    -0.231     0.832    -0.136    -0.009    -0.720    -0.014     0.390     0.171     0.029     0.117     0.014     0.181     0.482    -2.252    -0.164    -0.010     2.303 

ddG: E87H     0.428    -0.728     1.339    -0.449    -0.003    -0.935     0.000    -0.331     0.141     0.737    -1.358     0.009     0.299     0.295    -0.968     0.073     0.004     2.303 

ddG: E87I     1.823    -1.817     1.247    -0.143     0.024    -0.062     0.001    -0.308    -0.040     0.801    -1.471    -0.014     0.441    -0.111    -0.359     0.757     0.002     2.874 

ddG: E87K    -0.267     0.061     0.835    -0.261    -0.001    -0.690    -0.011     0.348     0.225     0.158    -0.837     0.134     0.149    -0.111    -1.903     0.108     0.004     1.526 

ddG: E87L    -0.606     0.405     1.062    -1.118     0.003    -0.635     0.007    -0.211     0.155     0.599    -1.432     0.011     0.216     0.026    -2.409     0.116     0.003     2.598 

ddG: E87M    -0.113    -0.221     1.308    -0.814     0.003    -0.712     0.001    -0.362     0.170     0.688    -1.435     0.092     0.335     0.119    -1.562     0.218    -0.004     2.063 

ddG: E87N    -0.103     0.076     1.004    -0.205    -0.003    -0.612     0.009    -0.056     0.135     0.603    -0.917     0.048     0.092     0.298    -1.162    -0.170     0.021     0.737 

ddG: E87P     9.765    -1.356     5.006    -0.168    -0.005     0.262     1.210    -0.390     0.110     1.485    -0.912     0.118     1.125     2.905    -1.413     0.159     0.021     1.608 

ddG: E87Q    -0.205    -0.244     0.448     0.192    -0.003    -0.168     0.001    -0.003     0.200     0.006     0.561     0.135    -0.033     0.444    -2.060    -0.157     0.022     0.453 

ddG: E87R     0.539    -0.748     0.316     0.261     0.003    -0.332    -0.010     0.417     0.027     0.132    -0.878     0.036     0.044    -0.488    -0.159     0.226    -0.001     1.692 

ddG: E87S    -0.464    -0.351     1.264     0.500    -0.001    -0.876     0.003    -0.236     0.175     0.705    -1.621     0.125     0.129     0.040    -2.437     0.026     0.007     2.085 

ddG: E87T     0.398    -0.242     0.928     0.736    -0.002    -0.150     0.001    -0.113     0.124     0.564    -0.072     0.046     0.114     0.388    -3.996    -0.028     0.029     2.070 

ddG: E87V     1.708    -0.643     1.786    -0.775     0.013    -0.729     0.001    -0.417     0.156     0.895    -1.439     0.082     0.574     0.348    -1.600     0.696    -0.010     2.769 

ddG: E87W     1.057    -1.356     0.941     0.475     0.019    -0.866    -0.011     0.325     0.192     0.191    -0.838     0.044     0.207    -0.185    -1.247     0.169     0.006     2.992 

ddG: E87Y     0.686    -2.269     0.612     0.241     0.032     0.127     0.005    -0.140    -0.033     0.629    -0.953     0.026     0.141    -0.238     0.268     0.191     0.017     2.031 

