ddG: description total fa_atr fa_rep fa_sol fa_intra_rep fa_elec pro_close hbond_sr_bb hbond_lr_bb hbond_bb_sc hbond_sc dslf_fa13 rama omega fa_dun p_aa_pp yhh_planarity ref 
ddG: D59A    -0.550     0.125     0.355    -1.745    -0.002     0.160    -0.007    -0.134    -0.013     0.136     0.075     0.000    -0.009     0.001    -1.545    -0.235     0.022     2.265 

ddG: D59C    -0.263     0.322     0.220    -1.115    -0.001    -0.373    -0.022     0.496    -0.002    -0.596    -0.032     0.004     0.301     0.142    -1.615     0.026     0.004     1.978 

ddG: D59D     0.176    -0.777     0.410     0.409     0.008    -0.080    -0.006    -0.107    -0.032     0.086    -0.004     0.008     0.073     0.207    -0.019    -0.013     0.011     0.000 

ddG: D59E    -0.205    -0.210     0.266    -1.083     0.004     0.282    -0.007    -0.144     0.025     0.070    -0.002     0.085    -0.066     0.040     1.010    -0.172     0.019    -0.322 

ddG: D59F    -1.003    -3.041     0.472    -0.642     0.026     0.170    -0.019     0.460     0.039    -0.438     0.585     0.057     0.102    -0.255    -0.446    -0.166     0.024     2.069 

ddG: D59G     0.306     0.832     0.343    -1.856    -0.001     0.147    -0.007    -0.150    -0.016     0.139     0.039     0.005     0.351     0.010    -1.584     0.316     0.017     1.720 

ddG: D59H    -0.398    -2.176     0.297    -0.159    -0.004    -0.388    -0.020     0.377     0.084    -0.445     0.072     0.098     0.184    -0.243    -0.074     0.008     0.011     1.981 

ddG: D59H     0.004    -2.322     0.439    -0.067     0.002    -0.297    -0.023     0.410     0.069    -0.433     0.069     0.099     0.241    -0.073    -0.090    -0.016     0.015     1.981 

ddG: D59I    -0.600    -0.911     0.382    -1.430     0.020     0.219    -0.007    -0.104    -0.009     0.079    -0.002     0.002     0.210    -0.016    -1.484    -0.118     0.018     2.553 

ddG: D59K    -0.026    -1.739    -0.310    -0.681     0.013     1.098    -0.003     0.113    -0.176     0.025     0.480     0.019    -0.181    -0.414     0.537    -0.050     0.038     1.204 

ddG: D59L     0.067    -2.236    -0.271    -0.814     0.017     1.226    -0.004     0.117    -0.171     0.033     0.479     0.025    -0.020    -0.411    -0.043    -0.167     0.031     2.276 

ddG: D59M    -0.258    -0.527     0.072    -1.271     0.002     0.151     0.001     0.067    -0.010     0.006    -0.005     0.001    -0.002     0.268    -0.554    -0.202     0.002     1.742 

ddG: D59N    -0.733    -0.851     0.277    -0.644     0.005     0.415    -0.004    -0.750     0.130     0.168     0.209    -0.002     0.013     0.114    -0.188    -0.057     0.018     0.415 

ddG: D59P    -1.486    -1.537     0.606    -1.456     0.002     0.323     0.044    -0.005    -0.020     0.138     0.596     0.027     0.122    -0.045    -1.648     0.038     0.043     1.286 

ddG: D59Q     0.300    -0.592     0.131    -1.041     0.006     0.762    -0.004    -0.018     0.018     0.064     0.516     0.120    -0.073     0.030     0.458    -0.236     0.029     0.131 

ddG: D59R     0.155     0.129    -0.198    -1.278     0.015     0.816     0.005    -0.469     0.176     0.039     0.648     0.039    -0.410     0.076    -0.482    -0.353     0.033     1.371 

ddG: D59S     0.857     0.630    -0.113    -1.314    -0.001     0.742     0.002     0.133     0.013    -0.006     0.514     0.034    -0.107    -0.047    -1.476     0.068     0.022     1.763 

ddG: D59T     0.021    -1.027     0.239    -0.674     0.015     0.754    -0.002    -0.573     0.153     0.156     0.719     0.123    -0.030     0.184    -1.646    -0.156     0.037     1.749 

ddG: D59V     0.475    -1.795    -0.291    -0.855     0.025     1.039    -0.004     0.145    -0.151     0.026     0.475     0.113     0.028    -0.228    -0.478    -0.054     0.032     2.448 

ddG: D59W    -1.405    -4.513     0.843    -0.633     0.049    -0.053    -0.005    -0.064    -0.003     0.068    -0.003    -0.008     0.088    -0.130     0.291    -0.015     0.012     2.670 

ddG: D59Y    -0.853    -3.445     0.636    -0.567     0.039     0.537    -0.010    -0.090    -0.015     0.079     0.513     0.046     0.127    -0.010    -0.323    -0.098     0.019     1.709 

