ddG: description total fa_atr fa_rep fa_sol fa_intra_rep fa_elec pro_close hbond_sr_bb hbond_lr_bb hbond_bb_sc hbond_sc dslf_fa13 rama omega fa_dun p_aa_pp yhh_planarity ref 
ddG: S79A    -0.122     1.111    -0.260    -1.872    -0.003    -0.155    -0.001     0.498    -0.007     1.307    -0.316     0.000     0.318    -0.283    -0.506    -0.426    -0.028     0.502 

ddG: S79C    -0.595     0.857    -0.286    -1.124     0.000    -0.747     0.006     0.518    -0.077     1.293    -0.310     0.000     0.026    -0.047    -0.208    -0.696    -0.015     0.215 

ddG: S79D     1.385    -2.282    -0.477     4.420    -0.002    -1.377     0.003     0.434     0.082     1.305    -0.308     0.000     0.453    -0.187     1.448    -0.346    -0.018    -1.763 

ddG: S79E    -0.464    -3.042    -0.248     2.145     0.006    -0.457     0.002     0.575    -0.060     1.412    -0.345     0.000     0.172    -0.293     2.229    -0.470    -0.006    -2.085 

ddG: S79F    -0.324    -3.946     0.417     0.887     0.022     2.030     0.001    -0.145    -0.363    -0.010     0.383     0.000    -0.012    -0.278     1.011    -0.616    -0.010     0.306 

ddG: S79G     2.247     1.452     0.137    -1.435    -0.002     1.222     0.001     0.011    -0.046    -0.130     0.447     0.000     0.661    -0.259    -0.050     0.302    -0.022    -0.043 

ddG: S79H    -1.095    -4.371     0.423     1.556     0.001     0.396    -0.001    -0.096    -0.257    -0.116    -0.685     0.000     0.133    -0.189     2.244    -0.321    -0.028     0.218 

ddG: S79H    -1.199    -3.993     0.209     1.230     0.004     0.445    -0.002    -0.109    -0.267     0.006    -0.742     0.000     0.140    -0.229     2.219    -0.318    -0.008     0.218 

ddG: S79I    -0.838    -1.900     0.527    -0.643     0.016    -0.333     0.001     0.517     0.260     1.301    -0.282     0.000    -0.099     0.084    -0.272    -0.787    -0.019     0.789 

ddG: S79K     0.853    -4.066     0.147     2.809     0.000     1.216    -0.001    -0.076     0.048    -0.121     0.473     0.000     0.093    -0.309     1.573    -0.348    -0.026    -0.559 

ddG: S79L    -2.714    -3.139    -0.124    -0.034     0.005    -0.198    -0.001     0.474     0.022     1.304    -0.319     0.000     0.084    -0.237    -0.301    -0.734    -0.029     0.513 

ddG: S79M    -1.677    -2.133    -0.246    -0.766     0.005    -0.320     0.001     0.566    -0.088     1.427    -0.363     0.000     0.072    -0.291     1.066    -0.562    -0.023    -0.022 

ddG: S79N    -0.255    -3.570     0.069     2.373     0.004     0.861     0.000     0.002    -0.006    -0.014     0.398     0.000     0.229    -0.326     1.248    -0.172    -0.004    -1.348 

ddG: S79P     2.719    -2.519     3.120    -0.695     0.002     1.731     0.309    -0.006     1.619    -0.171     0.474     0.000    -0.379     0.731     0.929    -1.946    -0.004    -0.477 

ddG: S79Q    -1.126    -3.382    -0.463     1.400     0.001     0.083    -0.001     0.459     0.007     1.424    -0.351     0.000     0.114    -0.233     2.039    -0.580    -0.010    -1.632 

ddG: S79R    -1.093    -3.784    -0.012     2.072     0.014    -1.372     0.002     0.552    -0.034     1.413    -1.190     0.000     0.178    -0.327     2.331    -0.533    -0.008    -0.392 

ddG: S79S     0.346    -0.186    -0.166     0.825    -0.004     0.099    -0.002    -0.078     0.059    -0.008    -0.002     0.000     0.008     0.015    -0.206    -0.003    -0.003     0.000 

ddG: S79T     0.420    -0.447    -0.650     0.978     0.003    -0.454     0.002     0.425     0.032     1.435    -0.361     0.000     0.299    -0.119    -0.136    -0.562    -0.012    -0.015 

ddG: S79V    -0.580     0.028     0.077    -1.505     0.012    -0.051    -0.001     0.515     0.185     1.424    -0.337     0.000    -0.206     0.018    -0.558    -0.860    -0.005     0.685 

ddG: S79W    -0.664    -8.105     0.646     2.194     0.030     2.042     0.001    -0.013    -0.351    -0.009     0.402     0.000     0.109    -0.274     2.182    -0.419    -0.006     0.907 

ddG: S79Y    -2.127    -2.245     0.833    -0.583     0.025     0.918    -0.002    -0.113    -0.379    -0.330     0.388     0.000    -0.066    -0.297     0.257    -0.475    -0.003    -0.054 

