ddG: description total fa_atr fa_rep fa_sol fa_intra_rep fa_elec pro_close hbond_sr_bb hbond_lr_bb hbond_bb_sc hbond_sc dslf_fa13 rama omega fa_dun p_aa_pp yhh_planarity ref 
ddG: Q27A     1.057     6.068    -0.427    -4.980    -0.013     0.434     0.000     0.091     0.019     1.184     0.006     0.000    -0.111    -0.036    -3.193    -0.118    -0.001     2.134 

ddG: Q27C     2.339     4.483     0.000    -3.723    -0.010     0.110     0.003     0.101    -0.048     1.206     0.006     0.000     0.074    -0.054    -1.912     0.257     0.001     1.847 

ddG: Q27D     4.609     1.872    -0.241     2.544    -0.012    -2.082     0.001     0.556     0.038     2.609    -0.782     0.000     0.006     0.005     0.254    -0.027     0.001    -0.131 

ddG: Q27E     2.481     1.056     0.436     1.202     0.004    -1.073     0.002     0.105    -0.061     1.190    -0.002     0.000    -0.090     0.061     0.121    -0.015    -0.003    -0.453 

ddG: Q27F    -0.386     1.776     0.223    -6.038     0.026    -0.493     0.000     0.345     0.030     2.634    -0.785     0.000     0.128     0.199    -0.116    -0.262     0.009     1.938 

ddG: Q27G     4.045    10.629    -0.679    -7.791    -0.010    -0.402     0.005     0.732    -0.083     2.683    -0.045     0.000     0.256     0.006    -2.969     0.186    -0.061     1.589 

ddG: Q27H     1.819     0.770     0.171    -2.896     0.035     0.872     0.000    -0.235    -0.026     1.173     0.001     0.000     0.118     0.012    -0.179     0.159    -0.005     1.850 

ddG: Q27H     1.845     2.358    -0.305    -4.031     0.038    -0.450     0.003     0.303    -0.047     2.635    -0.780     0.000     0.242     0.121     0.081    -0.171    -0.003     1.850 

ddG: Q27I     6.100     1.476     5.365    -6.307     0.034    -0.584     0.004     0.660    -0.134     2.673    -0.055     0.000     0.097     0.867    -0.050    -0.286    -0.082     2.421 

ddG: Q27K     2.852     3.331     0.160    -3.179     0.004    -0.039     0.001     0.497    -0.025     2.556    -0.728     0.000    -0.036     0.060    -0.598    -0.208    -0.019     1.073 

ddG: Q27L     2.167     3.286     0.875    -5.708     0.048     0.571     0.002    -0.115    -0.129     2.132    -0.002     0.000     0.120     0.043    -1.101     0.003    -0.005     2.145 

ddG: Q27M     1.027     1.648    -0.042    -2.601     0.001     0.614    -0.001     0.028     0.007     1.221     0.003     0.000     0.013    -0.045    -1.435     0.010    -0.003     1.610 

ddG: Q27N     4.357     2.410    -0.116    -2.241     0.000     1.135     0.002     0.050    -0.062     1.183     0.000     0.000     0.180    -0.015     1.192     0.353     0.001     0.284 

ddG: Q27P     9.044     2.536     6.072    -5.852    -0.005     0.888     0.172     1.884     0.090     1.173     0.008     0.000     0.722     1.200    -1.409     0.410    -0.001     1.155 

ddG: Q27Q    -0.568     0.750    -0.090    -0.989     0.001    -1.407     0.001     0.570    -0.007     1.304    -0.725     0.000     0.037     0.050     0.184    -0.225    -0.023     0.000 

ddG: Q27R     4.288    -0.501     0.704     0.855     0.011     0.605     0.003     0.043    -0.062     1.176     0.061     0.000    -0.117     0.042     0.262    -0.012    -0.022     1.240 

ddG: Q27S     3.293     5.327    -0.296    -2.496    -0.013     0.159     0.000     0.035     0.012     1.187     0.006     0.000     0.030    -0.060    -2.504     0.274     0.001     1.632 

ddG: Q27T     2.410     3.349    -0.217    -1.040     0.002     0.022     0.001     0.072     0.027     1.210     0.002     0.000     0.014     0.021    -2.850     0.183    -0.003     1.617 

ddG: Q27V     2.182     3.897     0.443    -5.878     0.019    -0.600     0.001     0.592     0.109     2.689    -0.033     0.000     0.028     0.775    -1.917    -0.190    -0.070     2.317 

ddG: Q27W    -0.519    -0.600     0.261    -4.467     0.041    -0.793     0.003     0.428    -0.088     3.578    -0.785     0.000    -0.015     0.097    -0.617    -0.102     0.000     2.539 

ddG: Q27Y    -0.345     0.436     0.047    -3.998     0.044    -0.840     0.001     0.337     0.021     3.438    -0.726     0.000     0.270     0.321    -0.729    -0.574     0.029     1.578 

