ddG: description total fa_atr fa_rep fa_sol fa_intra_rep fa_elec pro_close hbond_sr_bb hbond_lr_bb hbond_bb_sc hbond_sc dslf_fa13 rama omega fa_dun p_aa_pp yhh_planarity ref 
ddG: K56A    -0.125     2.701     0.247    -2.662    -0.002    -0.388    -0.006    -0.147    -0.057     0.083     0.001    -0.091     0.014     0.036    -0.889    -0.036     0.012     1.061 

ddG: K56C     0.871     1.206     0.064    -1.034     0.005    -0.028    -0.001     0.000    -0.064     0.086     0.513    -0.061     0.092     0.045    -0.867     0.141     0.000     0.774 

ddG: K56D     2.989    -1.214     0.280     3.435     0.027    -0.423    -0.048     0.361    -0.135     0.087     0.097     0.006     0.655    -0.570     1.971    -0.328    -0.008    -1.204 

ddG: K56E     1.097    -0.946     0.183     1.751     0.010    -0.192     0.003     0.029    -0.060     0.063     0.523    -0.059    -0.097    -0.001     1.490    -0.115     0.040    -1.526 

ddG: K56F     1.868    -0.376    -0.001    -1.135     0.030     0.217    -0.002     0.058    -0.059     0.078     0.513    -0.060     0.205     0.245     0.890     0.390     0.011     0.865 

ddG: K56G     2.221     3.341    -0.562    -3.199     0.034     0.479    -0.020     0.055    -0.384     0.500    -0.021    -0.096     0.565    -0.789     1.714     0.110    -0.022     0.516 

ddG: K56H     1.942     0.621     0.080    -1.440     0.003    -0.221    -0.002    -0.119    -0.029     0.077    -0.008    -0.015     0.207     0.101     1.649     0.268    -0.008     0.777 

ddG: K56H     2.237     0.425    -0.027    -1.069     0.009    -0.027    -0.001     0.029    -0.053     0.095     0.518    -0.064     0.080     0.125     1.197     0.205     0.017     0.777 

ddG: K56I     1.045     2.297    -1.131    -4.148     0.045     1.833     0.044     0.186    -0.226    -0.644     0.632    -0.099     0.346    -0.080     0.324     0.328    -0.009     1.348 

ddG: K56K     0.598    -1.157     0.150     0.862     0.005     0.511    -0.004     0.000    -0.068     0.168     0.588    -0.056    -0.039     0.019    -0.374    -0.018     0.011     0.000 

ddG: K56L    -1.136    -1.095     0.599    -1.497     0.012     0.057    -0.007     0.029    -0.072     0.151     0.582    -0.054     0.069     0.027    -1.048     0.020     0.018     1.072 

ddG: K56M     0.006    -0.504     0.720    -1.197     0.008    -0.025    -0.005    -0.069    -0.065     0.273     0.064    -0.094     0.198     0.066     0.054     0.060    -0.017     0.537 

ddG: K56N     0.092    -0.078     0.313     0.489     0.001    -0.409    -0.005     0.079    -0.071    -0.108    -0.040    -0.088     0.254     0.104     0.325     0.126    -0.010    -0.789 

ddG: K56P    11.828    -0.288     7.512    -2.525    -0.001     0.563     0.221     2.293    -0.073     0.104     0.758    -0.055     0.753     2.115     0.400    -0.360     0.328     0.082 

ddG: K56Q    -0.341    -1.160     0.161     0.022     0.009     0.109    -0.005     0.043    -0.066     0.083     0.516    -0.056    -0.022    -0.048     1.195    -0.062     0.013    -1.073 

ddG: K56R     1.697    -2.503    -1.329     3.325     0.012     1.572    -0.007    -0.167    -0.041    -0.626     2.006    -0.067    -0.509    -0.016     0.272    -0.392    -0.001     0.167 

ddG: K56S    -0.411     2.132     0.184    -0.804     0.001    -1.139    -0.003    -0.025    -0.063    -0.448    -0.004    -0.098     0.019     0.038    -0.563    -0.190    -0.005     0.559 

ddG: K56T    -0.374     1.059     0.517     0.013    -0.001    -1.408    -0.022     0.509     0.016    -0.959    -0.027    -0.010     0.298    -0.040    -0.969     0.117    -0.012     0.544 

ddG: K56V     1.149     0.047    -0.631    -1.756     0.042     0.046    -0.022     0.154    -0.341    -0.146    -0.038    -0.005     0.670    -0.323     2.076     0.150    -0.017     1.244 

ddG: K56W     1.322    -2.517    -0.971     0.335     0.034     0.723    -0.008     0.503    -0.218    -0.742     1.400    -0.114    -0.119     0.371     1.080     0.123    -0.024     1.466 

ddG: K56Y     1.681    -0.580     0.605    -0.941     0.027    -0.290    -0.018     0.341    -0.040     0.017     0.013    -0.102     0.453     0.372     0.987     0.321     0.010     0.505 

