ddG: description total fa_atr fa_rep fa_sol fa_intra_rep fa_elec pro_close hbond_sr_bb hbond_lr_bb hbond_bb_sc hbond_sc dslf_fa13 rama omega fa_dun p_aa_pp yhh_planarity ref 
ddG: K57A     0.282     3.655    -0.019    -3.156    -0.004    -0.492     0.005     0.005    -0.054     0.001    -0.001     0.000     0.214     0.049    -1.096     0.106     0.008     1.061 

ddG: K57C     1.400     0.913     0.311     0.170    -0.010     1.348    -0.001    -0.593     0.032    -1.433     0.780     0.000     0.100    -0.043    -1.428     0.487    -0.009     0.774 

ddG: K57D     3.095    -0.895     0.499     3.599    -0.004     1.510     0.000    -0.473    -0.051    -1.436     0.778     0.000    -0.017    -0.104     0.575     0.316     0.003    -1.204 

ddG: K57E     2.147    -1.975     0.556     3.270    -0.002     1.397     0.001    -0.547    -0.047    -1.432     0.780     0.000     0.013    -0.076     1.465     0.269     0.002    -1.526 

ddG: K57F    -1.394    -3.009     0.272    -0.833     0.019    -0.060    -0.004    -0.121     0.035    -0.014     0.000     0.000     0.193    -0.024     0.926     0.358     0.001     0.865 

ddG: K57G     3.581     0.143     1.820     2.183     0.001    -1.400    -0.002    -0.069    -0.198     0.035    -1.669     0.000     0.517     0.348     0.450     0.900     0.006     0.516 

ddG: K57H    -0.211    -1.773    -0.142     0.560    -0.006    -0.398     0.000    -0.149     0.059     0.005     0.003     0.000     0.228     0.092     0.511     0.017     0.005     0.777 

ddG: K57H    -1.206    -1.894     0.209    -0.583    -0.003    -0.509     0.000    -0.015    -0.036    -0.027    -0.001     0.000     0.117    -0.013     0.641     0.128     0.004     0.777 

ddG: K57I     2.507    -2.123     3.108    -0.273     0.017     1.392    -0.004    -0.275    -0.032    -1.371     0.707     0.000     0.359    -0.100    -0.520     0.275    -0.002     1.348 

ddG: K57K    -0.425    -0.045    -0.020     0.072    -0.002    -0.411     0.000    -0.026     0.017    -0.013    -0.001     0.000    -0.002     0.028    -0.002    -0.019     0.000     0.000 

ddG: K57L    -0.203    -2.030     1.183     0.137    -0.003     1.268     0.013    -0.620     0.010    -1.436     0.776     0.000     0.108     0.032    -0.999     0.290    -0.002     1.072 

ddG: K57M     0.393    -1.702     0.405     0.548    -0.003     1.302    -0.001    -0.599     0.017    -1.441     0.780     0.000     0.089    -0.096     0.161     0.396     0.000     0.537 

ddG: K57N     0.542    -1.500     0.630     1.737    -0.004     1.023     0.002    -0.521    -0.006    -1.553     0.840     0.000     0.202    -0.045     0.055     0.490    -0.020    -0.789 

ddG: K57P    11.816    -2.820     9.509    -0.375    -0.003     0.925     0.187    -0.533     0.805    -1.514     0.948     0.000     0.290     0.504     3.311     0.535    -0.034     0.082 

ddG: K57Q    -1.619    -0.994     0.082     0.694    -0.002    -0.515    -0.001    -0.065    -0.032     0.000    -1.262     0.000     0.054     0.045     1.366     0.092    -0.008    -1.073 

ddG: K57R     1.828    -1.408     0.990     1.998     0.004    -0.717     0.016     0.021    -0.048    -0.157     0.051     0.000     0.106     0.156     0.735    -0.076    -0.010     0.167 

ddG: K57S     1.798     3.358    -0.043    -1.313    -0.005    -0.604     0.006    -0.015    -0.044     0.000    -0.002     0.000     0.221     0.055    -0.545     0.163     0.005     0.559 

ddG: K57T     0.987     0.872     0.269     1.303    -0.005    -0.977     0.001     0.037     0.000    -0.003    -0.002     0.000     0.057     0.184    -1.315     0.025    -0.004     0.544 

ddG: K57V     1.599     0.521     2.783    -2.422     0.011    -0.389     0.003     0.300    -0.100    -0.009     0.030     0.000     0.364     0.052    -0.741    -0.056     0.008     1.244 

ddG: K57W    -0.669    -4.650     0.694     0.346     0.033     0.299     0.021    -0.146    -0.002    -0.003     0.015     0.000     0.214     0.121     0.984    -0.063     0.001     1.466 

ddG: K57Y    -1.554    -2.575     0.138    -1.068     0.029     0.358    -0.005    -0.111     0.033     0.001     0.015     0.000     0.269     0.028     0.681     0.150    -0.002     0.505 

