ddG: description total fa_atr fa_rep fa_sol fa_intra_rep fa_elec pro_close hbond_sr_bb hbond_lr_bb hbond_bb_sc hbond_sc dslf_fa13 rama omega fa_dun p_aa_pp yhh_planarity ref 
ddG: D55A     0.033    -5.867     0.124     5.755    -0.005    -2.849     0.009     0.237     0.039     0.018    -1.548     0.000     0.067    -0.285     1.503     0.572     0.000     2.265 

ddG: D55C    -0.962    -3.382     0.259     3.361    -0.004    -2.203     0.009     0.186     0.051     0.057    -1.561     0.000    -0.035    -0.217     0.318     0.221     0.000     1.978 

ddG: D55D     0.420    -0.789     0.190     1.400     0.005    -0.304     0.003     0.267     0.058     0.065    -0.375     0.000    -0.238    -0.186     0.311     0.012     0.000     0.000 

ddG: D55E     0.084     0.352     0.000    -1.182     0.004     0.283     0.004     0.030     0.014     0.007    -0.002     0.000     0.216     0.009     0.348     0.323     0.000    -0.322 

ddG: D55F     0.042    -4.164     0.109     1.571     0.024    -0.611     0.002     0.075     0.019    -0.016     0.006     0.000     0.085    -0.068     0.814     0.127     0.000     2.069 

ddG: D55G    -1.625    -5.151     0.054     5.490    -0.009    -2.741     0.007     0.269     0.055     0.034    -1.518     0.000    -0.632    -0.177     1.488    -0.514     0.000     1.720 

ddG: D55H    -0.287    -0.819     0.032    -1.023     0.001     0.166     0.002     0.011     0.004     0.007     0.000     0.000    -0.032    -0.028    -0.627     0.038     0.000     1.981 

ddG: D55H    -1.235    -4.893     0.135     3.954    -0.002    -2.274     0.009     0.217     0.037     0.043    -1.553     0.000    -0.247    -0.202     1.578    -0.018     0.000     1.981 

ddG: D55I     1.679    -2.997    -0.191     1.201     0.202    -0.233     0.004    -1.153     0.166    -0.032     0.021     0.000     0.792     0.038    -0.242     1.550     0.000     2.553 

ddG: D55K    -1.433    -3.183     0.116     2.462     0.006    -0.597     0.002    -0.924     0.218     0.029    -0.349     0.000    -0.351    -0.168     0.276    -0.174     0.000     1.204 

ddG: D55L    -0.367    -6.978     0.058     6.242     0.002    -2.759     0.009     0.269     0.034     0.018    -1.557     0.000     0.123    -0.282     1.592     0.588     0.000     2.276 

ddG: D55M    -0.003     0.094     0.226    -1.478     0.002     0.105     0.004     0.009     0.053     0.004    -0.005     0.000     0.232    -0.011    -1.197     0.217     0.000     1.742 

ddG: D55N    -1.782    -7.046     0.090     6.946    -0.003    -2.793     0.009     0.231     0.036     0.034    -1.551     0.000    -0.502    -0.296     3.014    -0.366     0.000     0.415 

ddG: D55P    21.462     2.695     5.359    -1.934     0.005     0.658     0.738     1.140     0.431    -0.059     0.208     0.000     2.278     5.113     4.414    -0.871     0.000     1.286 

ddG: D55Q    -1.180    -3.858     0.097     3.125     0.008    -0.707     0.003    -0.904     0.209     0.024    -0.351     0.000    -0.322    -0.153     1.692    -0.172     0.000     0.131 

ddG: D55R    -0.338    -6.607     0.121     6.378     0.004    -2.747     0.008     0.254     0.038     0.018    -1.555     0.000    -0.206    -0.288     2.696     0.177     0.000     1.371 

ddG: D55S     0.563     0.946     0.069    -1.451    -0.001     0.441     0.003     0.018     0.014     0.008    -0.008     0.000     0.331     0.002    -1.876     0.305     0.000     1.763 

ddG: D55T     1.892    -6.237     0.170     6.586     0.033    -2.419     0.007     0.268     0.039     0.004    -1.567     0.000     0.602    -0.282     2.049     0.889     0.000     1.749 

ddG: D55V     1.482    -3.951     0.511     3.379     0.086    -2.073     0.008     0.162     0.061     0.059    -1.555     0.000     0.782    -0.191     0.540     1.217     0.000     2.448 

ddG: D55W     0.923    -1.672     0.011    -0.804     0.025     0.100     0.005     0.089     0.004     0.009    -0.013     0.000     0.338     0.026    -0.404     0.538     0.000     2.670 

ddG: D55Y    -0.640    -1.315     0.217    -1.217     0.025    -0.004     0.002     0.011     0.029     0.007    -0.001     0.000     0.130     0.001    -0.429     0.193     0.000     1.709 

