ddG: description total fa_atr fa_rep fa_sol fa_intra_rep fa_elec pro_close hbond_sr_bb hbond_lr_bb hbond_bb_sc hbond_sc dslf_fa13 rama omega fa_dun p_aa_pp yhh_planarity ref 
ddG: T46A     4.367     4.049    -0.530    -4.195    -0.007     0.214     0.001     0.104     0.071     2.216     1.575     0.000     0.618    -0.025    -0.415     0.180    -0.005     0.516 

ddG: T46C     5.048     2.758    -0.123    -2.534    -0.003     0.518     0.001     0.062    -0.038     2.419     1.571     0.000     0.134     0.103    -0.055     0.012    -0.007     0.229 

ddG: T46D     7.798    -1.132    -0.014     3.031    -0.003     0.504    -0.001     0.044    -0.029     2.410     1.601     0.000     0.363     0.018     2.392     0.365    -0.003    -1.749 

ddG: T46E     9.515     1.345    -0.290    -0.153     0.001     1.346     0.004     0.151    -0.282     2.514     2.359     0.000     0.233     0.299     3.761     0.360    -0.062    -2.070 

ddG: T46F     2.311    -7.002     1.466    -1.219     0.028     1.408     0.000    -0.379    -0.148     0.987     2.380     0.000    -0.032     0.475     3.686     0.348    -0.006     0.321 

ddG: T46G     5.481     6.682    -0.237    -4.589    -0.009     0.226     0.002    -0.203     0.197     2.328     1.684     0.000     0.378    -0.039    -0.514    -0.376    -0.021    -0.029 

ddG: T46H     3.795    -5.306     0.957     0.391     0.000     0.129     0.000     0.108    -0.105     2.292     1.649     0.000     0.028     0.481     2.876     0.086    -0.025     0.232 

ddG: T46H     4.330    -4.536     0.565     0.308     0.003     0.188     0.000     0.059    -0.121     2.426     1.596     0.000     0.134     0.542     2.956    -0.016    -0.008     0.232 

ddG: T46I     3.045     0.649     0.686    -4.710     0.017     0.707     0.005     0.108    -0.284     2.311     1.641     0.000     0.072     0.336     0.535     0.190    -0.023     0.804 

ddG: T46K     2.579     0.236     0.303    -1.306     0.003    -1.438     0.001     0.168    -0.341     2.443     0.781     0.000     0.037     0.229     1.741     0.275    -0.007    -0.544 

ddG: T46L     3.280    -1.114     0.707    -3.373     0.007     0.298    -0.001     0.117     0.194     2.208     1.630     0.000     0.359     0.094     1.266     0.375    -0.015     0.527 

ddG: T46M     5.736     0.082     0.640    -2.572    -0.002     2.424    -0.003    -0.540    -0.205     1.044     2.397     0.000     0.131     0.058     1.719     0.577    -0.006    -0.007 

ddG: T46N     4.025    -1.056    -0.052     0.948    -0.001    -0.743     0.001    -0.074     0.057     2.429     1.090     0.000     0.362     0.057     2.237     0.102     0.001    -1.333 

ddG: T46P     6.151     2.213     3.429    -4.627    -0.007    -0.617     0.286    -0.279    -0.037     2.766     1.603     0.000     1.285     1.017    -0.620     0.195     0.005    -0.462 

ddG: T46Q     4.930     0.427     0.192    -1.603     0.001    -0.536     0.004     0.100    -0.287     2.449     1.033     0.000     0.207     0.196     4.127     0.236     0.002    -1.617 

ddG: T46R     7.037    -2.057     0.347     1.935     0.007     0.307    -0.001    -0.032    -0.167     2.661     1.620     0.000     0.059     0.037     2.419     0.287    -0.007    -0.378 

ddG: T46S     2.160     1.617     0.054    -0.025    -0.009    -0.435    -0.003    -0.413     0.110     1.090     0.097     0.000     0.244    -0.174    -0.231     0.225    -0.002     0.015 

ddG: T46T     0.049    -0.259    -0.177     0.915    -0.004    -0.180    -0.002    -0.101     0.073     0.001    -0.002     0.000     0.015     0.013    -0.218    -0.023    -0.002     0.000 

ddG: T46V     3.452     0.113     1.005    -3.411     0.012     2.008     0.000    -0.480     0.024     1.016     2.391     0.000     0.073    -0.030    -0.270     0.298     0.004     0.699 

ddG: T46W     3.250    -7.883     1.141    -0.073     0.026     0.001    -0.003     0.084    -0.034     2.454     1.636     0.000     0.314     0.230     4.174     0.270    -0.007     0.921 

ddG: T46Y     1.917    -6.329     0.981    -1.113     0.026     0.046    -0.002     0.085    -0.109     2.439     1.598     0.000     0.057     0.509     3.683     0.087    -0.003    -0.040 

