ddG: description total fa_atr fa_rep fa_sol fa_intra_rep fa_elec pro_close hbond_sr_bb hbond_lr_bb hbond_bb_sc hbond_sc dslf_fa13 rama omega fa_dun p_aa_pp yhh_planarity ref 
ddG: G45A     3.105     0.606     0.400    -0.726     0.008    -1.653     0.004     0.531    -0.036     1.451    -0.758     0.000     0.906     0.420     0.483     0.919     0.005     0.545 

ddG: G45C     3.578    -0.048     0.930    -0.087     0.008    -1.583     0.003     0.521    -0.026     1.568    -0.651     0.000     1.026     0.113     0.476     1.068     0.003     0.258 

ddG: G45D     3.467    -0.722     0.464     1.071     0.008    -1.338     0.001     0.549    -0.017     1.576    -0.019     0.000     0.481     0.340     2.315     0.540    -0.064    -1.720 

ddG: G45E     3.994    -2.449     0.922     2.760     0.004     0.271    -0.002    -0.072     0.058    -0.045     0.074     0.000     0.647     0.325     2.439     1.124    -0.022    -2.041 

ddG: G45F     2.180    -2.669     0.916     0.253     0.033    -1.515     0.002     0.597    -0.041     1.422    -0.708     0.000     0.623     0.275     1.933     0.732    -0.022     0.349 

ddG: G45G    -0.168     0.980    -0.456    -0.565     0.000    -1.131    -0.002     0.500     0.030     1.430    -0.779     0.000     0.050     0.010    -0.016    -0.208    -0.010     0.000 

ddG: G45H     2.618    -3.012     0.777     1.564     0.007    -0.180    -0.001    -0.003    -0.019     0.121     0.013     0.000     0.385     0.332     1.640     0.736    -0.005     0.261 

ddG: G45H     2.446    -1.766     0.504     0.772     0.009    -1.726     0.005     0.535    -0.013     1.360    -0.714     0.000     0.509     0.491     1.835     0.395    -0.010     0.261 

ddG: G45I     4.929    -2.014     0.453     0.717     0.186    -1.328    -0.001     0.501    -0.003     1.521    -0.775     0.000     1.381     0.392     0.885     2.183    -0.001     0.833 

ddG: G45K     1.789    -0.979     0.780    -0.116     0.008    -1.293     0.002     0.585    -0.041     1.400    -0.706     0.000     0.498     0.312     1.209     0.666    -0.019    -0.516 

ddG: G45L     2.917    -0.787     0.312    -0.026     0.017    -1.416     0.003     0.531    -0.043     1.463    -0.755     0.000     0.956     0.481     0.602     1.023     0.000     0.556 

ddG: G45M     3.621    -3.023     0.875     2.232     0.006     0.389    -0.003    -0.117     0.046     0.148     0.122     0.000     0.757     0.139     0.766     1.268    -0.007     0.022 

ddG: G45N     1.695    -1.405     0.401     1.957     0.004    -1.683     0.002     0.440     0.059     1.318    -0.704     0.000     0.346     0.464     1.835    -0.024    -0.012    -1.304 

ddG: G45P    64.310    -2.439     1.611     0.450     0.048    -1.724    13.018     0.516     0.005     1.634    -0.850     0.000     2.473    34.515    15.458     0.048    -0.018    -0.434 

ddG: G45Q     2.203    -2.028     0.376     1.614     0.007    -1.457    -0.002     0.475     0.012     1.451    -0.757     0.000     0.564     0.420     2.424     0.696    -0.004    -1.589 

ddG: G45R     2.653    -0.340     0.369     0.136     0.016    -1.759     0.003     0.524    -0.027     1.465    -0.755     0.000     0.636     0.435     1.691     0.610    -0.004    -0.349 

ddG: G45S     4.142    -0.733     0.793     1.407     0.005    -0.072     0.003    -0.035     0.008     0.089     0.019     0.000     0.860     0.312     0.430     1.006     0.005     0.043 

ddG: G45T     5.245    -2.292     0.829     1.825     0.031     0.344     0.001    -0.031    -0.003    -0.013     0.171     0.000     1.425     0.322     0.772     1.855    -0.021     0.029 

ddG: G45V     5.282    -2.802     0.907     2.030     0.074     0.309    -0.003    -0.072     0.051     0.047     0.035     0.000     1.518     0.207     0.287     1.974    -0.007     0.728 

ddG: G45W     3.458    -3.862     0.871     1.864     0.027    -1.391    -0.001     0.519     0.018     1.375    -0.697     0.000     0.735     0.219     1.661     1.187    -0.019     0.950 

ddG: G45Y     2.657    -2.299     0.299     1.213     0.031    -1.437     0.001     0.433     0.038     1.505    -0.755     0.000     0.726     0.390     1.764     0.758     0.002    -0.011 

