ddG: description total fa_atr fa_rep fa_sol fa_intra_rep fa_elec pro_close hbond_sr_bb hbond_lr_bb hbond_bb_sc hbond_sc dslf_fa13 rama omega fa_dun p_aa_pp yhh_planarity ref 
ddG: P1A    -0.615     0.076    -0.006    -0.023    -0.084     0.104    -0.195     0.006     0.000     0.003     0.037     0.000    -0.047    -0.007    -1.476     0.021    -0.002     0.979 

ddG: P1C    -0.735    -0.326    -0.015     0.329    -0.083     0.095    -0.194    -0.007    -0.004     0.002     0.000     0.000    -0.006     0.007    -1.225     0.002    -0.001     0.692 

ddG: P1D    -0.076    -0.275    -0.176     1.044    -0.069     0.788    -0.197     0.007     0.002    -0.059    -0.040    -0.001    -0.057     0.028     0.172     0.024     0.020    -1.286 

ddG: P1E    -0.965    -0.237    -0.137     0.438    -0.077    -0.025    -0.196    -0.006     0.007    -0.050    -0.026     0.000    -0.054     0.024     0.951     0.020     0.010    -1.608 

ddG: P1F    -3.207   -17.193     0.282    11.766    -0.060     0.071    -0.187    -0.101     0.051    -0.309    -1.110     0.002     0.443     0.022     2.347    -0.022     0.007     0.783 

ddG: P1G    -0.933     0.414    -0.013    -0.092    -0.085     0.085    -0.196     0.008     0.003     0.005     0.037     0.000    -0.048    -0.022    -1.484     0.021     0.000     0.434 

ddG: P1H    -0.466    -4.966     0.054     2.472    -0.081     0.148    -0.198    -0.009     0.021    -0.126     0.041     0.000     0.321     0.078     0.828     0.253     0.002     0.695 

ddG: P1H    -0.813    -5.181     0.177     2.470    -0.080    -0.104    -0.195     0.005     0.022    -0.115    -0.010     0.000     0.337     0.113     0.799     0.259    -0.004     0.695 

ddG: P1I    -0.737    -0.118    -0.123    -0.168    -0.063    -0.123    -0.195     0.002     0.011    -0.056    -0.010     0.000     0.041    -0.002    -1.205    -0.004     0.011     1.266 

ddG: P1K    -1.112    -0.651     0.003     0.466    -0.079    -0.050    -0.195     0.003    -0.001     0.002     0.001     0.000    -0.067     0.000    -0.476     0.015     0.000    -0.082 

ddG: P1L    -3.783    -4.334     0.157     0.200    -0.074    -0.276    -0.198     0.004    -0.012    -0.118    -0.024     0.000     0.682     0.078    -1.027     0.177    -0.008     0.990 

ddG: P1M    -2.132    -3.916     0.115     0.967    -0.079    -0.173    -0.196     0.000     0.027    -0.113     0.008     0.001     0.465     0.080     0.007     0.220    -0.001     0.455 

ddG: P1N    -0.051    -0.702    -0.125     0.924    -0.072     0.855    -0.197    -0.015    -0.007    -0.012     0.046     0.000     0.023    -0.068     0.170    -0.006     0.006    -0.871 

ddG: P1P    -0.006    -0.079     0.054     0.023     0.000    -0.012    -0.004    -0.016    -0.001     0.064    -0.087     0.002     0.053     0.015    -0.039     0.024    -0.004     0.000 

ddG: P1Q    -1.861    -1.675    -0.013     1.211    -0.074    -0.530    -0.195    -0.001     0.003    -0.366    -0.001    -0.001     0.024     0.020     0.897    -0.005     0.000    -1.155 

ddG: P1R    -0.241    -0.754     0.010     0.778    -0.073    -0.094    -0.194    -0.001    -0.004     0.001     0.027    -0.001    -0.054     0.006     0.022     0.006    -0.001     0.084 

ddG: P1S    -0.797     0.150    -0.111     0.444    -0.076    -0.295    -0.197    -0.014    -0.001    -0.004     0.047     0.000    -0.083    -0.079    -1.079     0.017     0.007     0.477 

ddG: P1T    -1.622    -0.373     0.014     0.156    -0.073    -0.175    -0.194     0.002     0.004     0.002     0.001    -0.001     0.008    -0.024    -1.440     0.008     0.000     0.462 

ddG: P1V    -0.697    -0.166    -0.109     0.064    -0.068     0.105    -0.199    -0.013    -0.002    -0.010     0.054     0.000     0.010    -0.082    -1.455     0.007     0.006     1.162 

ddG: P1W    -3.345    -9.372     0.369     2.907    -0.054     0.100    -0.195    -0.030     0.012    -0.157    -0.071    -0.001     0.184     0.108     1.408     0.057     0.006     1.384 

ddG: P1Y    -2.125    -5.666     0.201     2.223    -0.054    -0.286    -0.195    -0.005     0.015    -0.098    -0.025     0.000     0.188     0.095     0.958     0.099     0.001     0.423 

