ddG: description total fa_atr fa_rep fa_sol fa_intra_rep fa_elec pro_close hbond_sr_bb hbond_lr_bb hbond_bb_sc hbond_sc dslf_fa13 rama omega fa_dun p_aa_pp yhh_planarity ref 
ddG: G146A     5.089    -3.052     3.136     3.757    -0.006     0.304     0.001     0.362    -0.325     1.031    -0.392     0.000    -0.192     0.543    -0.277    -0.341    -0.005     0.545 

ddG: G146C     4.167    -3.403     4.551     3.206     0.004     0.173     0.005     0.418    -0.394     1.244    -0.232     0.000     0.078     0.397    -1.735    -0.383    -0.020     0.258 

ddG: G146D     4.616    -6.319     7.291     7.239    -0.002    -2.221    -0.012     0.085    -0.403    -0.041    -2.483     0.000     0.064     0.315     3.037    -0.199    -0.016    -1.720 

ddG: G146E     4.318    -6.964     7.507     6.357     0.002    -0.775    -0.016    -0.138    -0.056     0.078    -2.561     0.000     0.026     0.711     2.500    -0.304    -0.007    -2.041 

ddG: G146F     8.085    -6.316     5.132     2.438     0.016     2.679     0.003     0.404    -0.280     1.188     1.169     0.000     0.135     0.486     1.098    -0.397    -0.020     0.349 

ddG: G146G    -1.201    -0.189     1.372    -0.376     0.007    -0.026     0.004     0.023    -0.097     0.191     0.169     0.000     0.275    -0.086    -2.416    -0.036    -0.015     0.000 

ddG: G146H     5.864    -6.173     3.610     5.129     0.000     0.138     0.001     0.357    -0.094     0.985    -0.471     0.000    -0.156     0.530     2.092    -0.340    -0.005     0.261 

ddG: G146H     5.908    -6.160     3.613     5.154    -0.002     0.180     0.001     0.359    -0.094     0.980    -0.474     0.000    -0.157     0.524     2.070    -0.345    -0.004     0.261 

ddG: G146I     8.517    -6.845     8.245     6.295     0.018    -0.883    -0.018     0.530    -0.332     2.620    -2.822     0.000    -0.049     0.503     0.806    -0.362    -0.021     0.833 

ddG: G146K     4.680    -5.237     5.664     4.292     0.014     0.639    -0.003     0.013    -0.343     0.411     0.197     0.000     0.263     0.110    -0.511    -0.313    -0.001    -0.516 

ddG: G146L     3.640    -5.355     4.804     4.106     0.013     0.614     0.003     0.412    -0.380     1.252    -0.205     0.000     0.092     0.427    -2.287    -0.393    -0.020     0.556 

ddG: G146M     3.839    -5.098     6.352     5.243    -0.018    -1.949    -0.002     0.437    -0.282     0.998    -2.935     0.000    -0.044     0.538     0.822    -0.221    -0.023     0.022 

ddG: G146N     2.398    -5.908     6.196     6.056    -0.013    -3.210    -0.005     0.465    -0.211     0.863    -3.492     0.000    -0.082     0.582     2.726    -0.244    -0.021    -1.304 

ddG: G146P   107.738    -5.011    83.870     3.127     0.070     0.533     4.637     0.505     1.654     2.084    -0.339     0.000     0.153     7.989     9.131    -0.212    -0.019    -0.434 

ddG: G146Q     3.534    -5.722     6.500     4.658    -0.009    -0.226    -0.008     0.228    -0.118     1.055    -3.047     0.000    -0.137     0.889     1.425    -0.353    -0.011    -1.589 

ddG: G146R     7.168    -8.061     5.960     8.935     0.019    -0.430    -0.001    -0.012    -0.127     0.639    -0.753     0.000     0.188     0.128     1.337    -0.292    -0.014    -0.349 

ddG: G146S     6.077    -3.433     4.594     3.328     0.006     1.623    -0.001     0.172    -0.279     1.274    -0.272     0.000    -0.034     0.836    -1.289    -0.477    -0.014     0.043 

ddG: G146T     8.635    -4.305     5.837     6.083     0.008     2.180    -0.003     0.454    -0.416     1.116    -0.244     0.000     0.071     0.428    -2.245    -0.353    -0.006     0.029 

ddG: G146V    10.415    -4.941     6.801     4.124     0.019     1.341     0.010     0.770    -0.207     2.682    -0.536     0.000     0.079     0.629    -0.631    -0.446    -0.006     0.728 

ddG: G146W    10.328    -8.220     5.426     5.147     0.018     3.080     0.000     0.382    -0.171     1.220     1.192     0.000     0.184     0.473     0.996    -0.345    -0.006     0.950 

ddG: G146Y     6.136    -7.999     7.785     4.084     0.001     0.103    -0.011     0.049    -0.242    -0.018    -1.089     0.000     0.147     0.457     3.084    -0.194    -0.010    -0.011 

