ddG: description total fa_atr fa_rep fa_sol fa_intra_rep fa_elec pro_close hbond_sr_bb hbond_lr_bb hbond_bb_sc hbond_sc dslf_fa13 rama omega fa_dun p_aa_pp yhh_planarity ref 
ddG: T72A    -0.970     0.709    -0.473    -0.825    -0.002    -0.275     0.001     0.065     0.072    -0.595    -0.113     0.003     0.002     0.042    -0.091    -0.050     0.041     0.516 

ddG: T72C     0.161     0.710     0.007    -0.399    -0.004    -0.057     0.010     0.184    -0.127     0.024    -0.017     0.000    -0.188    -0.038     0.114    -0.264    -0.024     0.229 

ddG: T72D     4.958    -1.247    -0.399     4.673     0.000     0.461     0.004     0.046    -0.418     0.018    -0.039     0.000     0.074     0.029     3.084     0.467    -0.047    -1.749 

ddG: T72E     1.378    -1.645    -0.092     3.608     0.004    -0.771     0.003     0.064    -0.416     0.013    -0.042    -0.001    -0.141     0.072     2.761     0.057    -0.025    -2.070 

ddG: T72F    -2.504    -4.977     0.389    -0.356     0.029     0.101     0.006    -0.071    -0.589     0.005    -0.217     0.000     0.049     0.158     2.426     0.301    -0.078     0.321 

ddG: T72G     1.379     3.024    -0.332    -1.011    -0.003    -0.325    -0.001     0.079     0.022    -0.714    -0.063     0.001     0.350     0.032    -0.010     0.346     0.014    -0.029 

ddG: T72H    -0.440    -4.231     0.053     1.434     0.003    -0.267    -0.004     0.094    -0.440    -0.018    -0.067    -0.004    -0.140     0.119     2.720     0.109    -0.032     0.232 

ddG: T72H    -0.433    -4.219     0.041     1.430     0.003    -0.247     0.000     0.097    -0.443    -0.018    -0.050    -0.001    -0.137     0.083     2.725     0.108    -0.037     0.232 

ddG: T72I    -2.616    -3.419     0.912    -1.489     0.019    -0.040    -0.001    -0.019     0.073    -0.010    -0.179     0.001     0.171     0.134     0.306     0.115     0.004     0.804 

ddG: T72K     0.495    -1.487    -0.035     1.953     0.003    -0.326     0.003     0.089    -0.347     0.006    -0.049    -0.001    -0.246     0.022     1.482     0.001    -0.027    -0.544 

ddG: T72L    -2.209    -1.815    -0.035    -1.095     0.007    -0.174     0.002     0.006    -0.537     0.004     0.019     0.000    -0.140     0.009     1.150    -0.099    -0.038     0.527 

ddG: T72M    -1.537    -1.177    -0.078    -0.877     0.003    -0.285     0.004     0.083    -0.362     0.016     0.001    -0.001    -0.223     0.062     1.442    -0.111    -0.029    -0.007 

ddG: T72N     1.943    -1.559    -0.407     1.930     0.001     0.223     0.001     0.098    -0.390     0.015    -0.032     0.000    -0.082     0.010     3.164     0.341    -0.035    -1.333 

ddG: T72P     3.682    -0.355     2.285    -2.513    -0.001     0.620     0.186     0.370     3.037    -0.773     0.052    -0.002     0.547     0.781     0.370    -0.563     0.105    -0.462 

ddG: T72Q    -0.748    -2.019    -0.116     1.240     0.003    -0.538     0.003     0.112    -0.372     0.020    -0.027     0.000    -0.189     0.059     2.734    -0.018    -0.023    -1.617 

ddG: T72R     2.154    -2.839    -0.261     4.073     0.011    -0.177     0.003     0.108    -0.338     0.014     0.018    -0.001    -0.206    -0.002     2.283    -0.106    -0.048    -0.378 

ddG: T72S    -0.242     0.336    -0.521     1.865    -0.001    -0.713     0.003     0.110    -0.116    -0.558    -1.515    -0.001    -0.152    -0.052     0.979     0.040     0.039     0.015 

ddG: T72T    -0.482    -0.343     0.236     0.016     0.001    -0.316     0.009    -0.025    -0.004     0.036    -0.200     0.000     0.093     0.057    -0.077     0.049    -0.015     0.000 

ddG: T72V    -1.918    -1.745     0.620    -1.758     0.014    -0.021    -0.001     0.084    -0.024    -0.070    -0.018    -0.001    -0.110     0.109     0.470    -0.164    -0.001     0.699 

ddG: T72W    -2.745    -9.595     0.325     3.161     0.030    -0.275     0.000    -0.320    -0.527    -0.507    -0.053     0.000     0.159     0.261     3.391     0.335    -0.052     0.921 

ddG: T72Y    -2.629    -5.190     0.142     0.462     0.029    -0.054    -0.007     0.007    -0.514     0.029    -0.099    -0.002    -0.062     0.178     2.374     0.170    -0.053    -0.040 

