ddG: description total fa_atr fa_rep fa_sol fa_intra_rep fa_elec pro_close hbond_sr_bb hbond_lr_bb hbond_bb_sc hbond_sc dslf_fa13 rama omega fa_dun p_aa_pp yhh_planarity ref 
ddG: V35A     0.497     4.289    -0.612    -1.837    -0.007     0.900    -0.006    -0.127     0.006    -0.177     0.142     0.001    -0.452    -0.343    -0.739    -0.467     0.108    -0.183 

ddG: V35C     1.089     3.393    -0.645    -0.774    -0.007     0.894    -0.011    -0.055    -0.007    -0.179     0.119     0.000    -0.444    -0.220    -0.344    -0.269     0.108    -0.470 

ddG: V35D     2.062     1.485    -0.542     2.463    -0.004     0.909    -0.009    -0.145     0.003    -0.193     0.057     0.000    -0.320    -0.217     1.338    -0.441     0.126    -2.448 

ddG: V35E    -0.833    -0.154    -0.346     2.992    -0.007    -1.146    -0.004    -0.096    -0.031    -0.169    -0.982     0.000    -0.269    -0.096     2.408    -0.312     0.147    -2.769 

ddG: V35F     0.409    -2.505    -0.315     0.681     0.038     0.920    -0.009    -0.073     0.000    -0.200     0.116     0.000    -0.265    -0.295     2.733    -0.165     0.127    -0.379 

ddG: V35G     1.376     6.039    -0.702    -2.590    -0.008     1.018    -0.012    -0.103     0.056    -0.116     0.111     0.000    -0.313    -0.179    -0.672    -0.549     0.124    -0.728 

ddG: V35H     1.237    -1.565    -0.429     1.745    -0.001     0.560    -0.002    -0.061    -0.028    -0.189     0.127     0.001    -0.311    -0.213     2.178    -0.197     0.089    -0.467 

ddG: V35H     1.248    -1.544    -0.441     1.738    -0.001     0.552    -0.004    -0.053    -0.014    -0.180     0.114     0.000    -0.327    -0.204     2.164    -0.215     0.131    -0.467 

ddG: V35I     0.336    -1.270     0.101     0.413     0.011     0.172     0.001     0.129    -0.038    -0.146     0.158     0.000     0.205     0.126     0.307     0.096    -0.032     0.105 

ddG: V35K     0.754     1.956    -0.567     0.008    -0.001     0.613    -0.009     0.054     0.000    -0.182     0.086    -0.001    -0.349    -0.122     0.709    -0.317     0.120    -1.244 

ddG: V35L    -1.216     1.343    -0.415    -0.549    -0.004     0.269    -0.011     0.013    -0.002    -0.107    -0.170     0.000    -0.352    -0.105    -0.833    -0.259     0.137    -0.172 

ddG: V35M    -0.350     1.385    -0.528     0.050    -0.008     0.226    -0.011    -0.005     0.003    -0.040    -0.167     0.000    -0.398    -0.091     0.071    -0.271     0.141    -0.706 

ddG: V35N     1.268     1.624    -0.566     0.958    -0.003     0.716    -0.013    -0.041     0.016    -0.173     0.072    -0.001    -0.269    -0.208     1.288    -0.237     0.136    -2.032 

ddG: V35P     3.628    -0.038     4.140    -0.359    -0.005    -1.630     0.364     0.972     0.277    -0.158    -0.592     0.000     0.628     0.897     1.098    -0.939     0.133    -1.162 

ddG: V35Q    -0.849     1.688    -0.486    -0.127    -0.006     0.065    -0.013     0.063     0.008    -0.130    -0.175     0.000    -0.286     0.001     0.972    -0.188     0.080    -2.317 

ddG: V35R     2.232     0.121    -0.235     2.311     0.005     0.027    -0.005     0.224     0.002    -0.711     0.081     0.000    -0.300     0.021     1.999    -0.354     0.122    -1.077 

ddG: V35S    -0.824     2.676    -0.421     0.534    -0.010    -0.207    -0.005    -0.154     0.036    -0.104    -1.119     0.001    -0.416    -0.053    -0.246    -0.770     0.118    -0.685 

ddG: V35T    -1.432     2.417    -0.628     0.502    -0.013    -0.055    -0.012    -0.029     0.175    -0.268    -1.180     0.000    -0.459    -0.228    -0.320    -0.714     0.079    -0.699 

ddG: V35V    -0.051     0.455    -0.240    -0.249     0.000     0.040    -0.003     0.009     0.012    -0.108     0.095    -0.001    -0.066    -0.006     0.036    -0.023    -0.001     0.000 

ddG: V35W    -2.942    -5.889    -0.333     4.271     0.021    -1.300    -0.001    -0.137     0.189    -0.334    -1.214     0.000    -0.256    -0.320     2.420    -0.373     0.092     0.222 

ddG: V35Y     0.612    -2.995    -0.286     1.579     0.039     0.838    -0.008    -0.115     0.025    -0.201     0.113    -0.001    -0.299    -0.291     3.084    -0.272     0.142    -0.739 

