ddG: description total fa_atr fa_rep fa_sol fa_intra_rep fa_elec pro_close hbond_sr_bb hbond_lr_bb hbond_bb_sc hbond_sc dslf_fa13 rama omega fa_dun p_aa_pp yhh_planarity ref 
ddG: G80A    12.711    -6.442    15.081     3.515     0.008    -2.075     0.018    -0.536     0.270    -1.028    -0.009     0.000     1.407    -0.138    -0.817     2.923    -0.011     0.545 

ddG: G80C    14.779    -6.806    12.293     3.300     0.037     0.393     0.037    -0.649     1.812     0.642    -1.272     0.000     2.180     0.921     1.858    -0.219    -0.005     0.258 

ddG: G80D    20.957   -10.590    18.498    12.902     0.016    -3.038    -0.099    -0.219    -0.100     0.625    -2.543     0.000     1.207     1.828     2.178     2.016    -0.003    -1.720 

ddG: G80E    18.958   -13.349    19.226    12.206     0.008    -2.565    -0.067    -0.300     0.003     0.065    -1.932     0.000     1.199     1.410     3.058     2.039    -0.002    -2.041 

ddG: G80F    16.329   -18.319    21.981     4.613     0.720    -2.162    -0.092    -0.167     0.089    -0.862    -1.835     0.000     1.858     1.729     5.717     2.714    -0.003     0.349 

ddG: G80G    -1.849    -2.459     4.081     1.100    -0.005    -1.206    -0.015    -0.539     0.213    -1.202    -2.068     0.000     0.234     0.190    -0.192     0.022    -0.002     0.000 

ddG: G80H    17.931   -16.235    23.209     7.942     0.000    -2.414    -0.052    -0.254     0.017    -1.053    -1.835     0.000     1.120     1.342     3.559     2.333    -0.010     0.261 

ddG: G80H    18.600   -15.813    21.498     7.166     0.020    -0.172    -0.046    -0.298    -0.039    -0.706     0.949     0.000     1.289     1.255     1.013     2.234    -0.009     0.261 

ddG: G80I    45.398    -9.007    28.889     1.919     0.043     0.789     0.220    -0.374     2.225    -1.184     0.784     0.000     3.019    16.094     0.281     0.882    -0.015     0.833 

ddG: G80K    18.929   -11.368    16.030     7.649     0.029     1.040    -0.075    -0.309     0.813     0.949     0.870     0.000     1.785     1.367     0.759    -0.084    -0.008    -0.516 

ddG: G80L    19.080   -12.013    19.886     3.441     0.784    -2.085    -0.079    -0.257    -0.052    -0.796    -1.944     0.000     2.028     1.824     5.095     2.694    -0.002     0.556 

ddG: G80M    16.968   -11.594    16.488     4.144     0.019     0.361    -0.073    -0.299    -0.074     0.917     0.845     0.000     2.010     1.696     0.940     1.575    -0.009     0.022 

ddG: G80N    20.426   -10.877    17.061     7.841     0.066     1.402    -0.090    -0.279    -0.139     0.776     0.851     0.000     2.353     1.813     0.197     0.764    -0.008    -1.304 

ddG: G80P   142.254    -7.635   109.129    -1.132     0.076     0.460    12.299    -0.504     2.630    -1.067     0.807     0.000     3.325    13.884     7.972     2.454    -0.011    -0.434 

ddG: G80Q    23.449   -12.814    18.229     8.944     0.042     0.163     0.086    -0.563     0.920    -0.981     1.047     0.000     2.512     1.503     3.855     2.098    -0.001    -1.589 

ddG: G80R    21.249   -15.479    18.812    11.505     0.035     0.276    -0.064    -0.277     0.404     0.131     0.891     0.000     2.265     1.618     0.707     0.783    -0.009    -0.349 

ddG: G80S    14.267    -5.048    11.774     4.344     0.024     0.273     0.022    -0.559     1.490     0.831    -0.116     0.000     1.819    -0.094    -0.790     0.254    -0.002     0.043 

ddG: G80T    21.180    -5.956    16.519     3.543     0.045     1.628     0.004    -0.757     0.585    -1.378     0.864     0.000     2.379     2.015    -0.460     2.130    -0.009     0.029 

ddG: G80V    34.983    -7.301    24.298     2.183    -0.004    -0.940    -0.089     0.458     1.154    -0.728    -1.968     0.000     2.620    11.687     0.998     1.891    -0.003     0.728 

ddG: G80W    27.703   -21.835    29.827     9.061     0.002    -1.898     0.180     0.123     0.292     0.442    -2.167     0.000     2.040     2.333     6.689     1.679    -0.015     0.950 

ddG: G80Y    17.742   -17.707    17.424     4.522     1.838     0.668    -0.090    -0.251     0.468    -0.199     0.914     0.000     2.141     1.648     4.075     2.294     0.007    -0.011 

