ddG: description total fa_atr fa_rep fa_sol fa_intra_rep fa_elec pro_close hbond_sr_bb hbond_lr_bb hbond_bb_sc hbond_sc dslf_fa13 rama omega fa_dun p_aa_pp yhh_planarity ref 
ddG: R43A     0.933     5.988     0.039    -6.871    -0.010     2.444     0.008     0.040     0.015    -0.018     0.615     0.000    -0.035    -0.101    -2.062    -0.005    -0.009     0.894 

ddG: R43C     1.742     5.540    -0.126    -6.009    -0.011     2.660     0.001     0.034     0.014     0.004     0.677     0.000     0.042    -0.143    -1.888     0.326     0.014     0.607 

ddG: R43D     2.980     3.842    -0.078    -2.476    -0.007     2.726    -0.001     0.069     0.017     0.042     0.631     0.001    -0.068    -0.007    -0.420     0.104    -0.023    -1.371 

ddG: R43E     2.040     3.893    -0.036    -3.950    -0.005     2.605     0.005     0.042     0.016     0.026     0.678     0.001    -0.107    -0.064     0.723    -0.085    -0.011    -1.692 

ddG: R43F    -0.823    -0.346     0.032    -5.096     0.027     2.340     0.001     0.043     0.003     0.008     0.624     0.000     0.082    -0.242     0.814     0.196    -0.006     0.698 

ddG: R43G     2.802     7.606    -0.045    -7.026    -0.011     2.378     0.005     0.063     0.028     0.070     0.664     0.000     0.248     0.022    -2.007     0.474    -0.015     0.349 

ddG: R43H     0.693     0.906    -0.052    -4.145    -0.006     2.468     0.003     0.047     0.001    -0.006     0.705     0.001     0.052    -0.161     0.168     0.123    -0.023     0.610 

ddG: R43H     0.656     1.298    -0.200    -4.431    -0.006     2.499    -0.001     0.048     0.018    -0.030     0.656     0.001     0.050    -0.141     0.171     0.119    -0.005     0.610 

ddG: R43I    -1.001     1.869     0.473    -6.308     0.012     2.326     0.006     0.014     0.027     0.318     0.696     0.001     0.095    -0.166    -1.587     0.064    -0.023     1.182 

ddG: R43K    -0.159     1.418     0.185    -0.914    -0.010     0.759    -0.003     0.034     0.033    -0.983     0.667     0.000    -0.111     0.228    -1.220    -0.047    -0.027    -0.167 

ddG: R43L    -0.822     2.651     0.053    -5.632    -0.004     2.659     0.002     0.019    -0.008     0.029     0.681     0.000     0.023    -0.185    -1.930    -0.058    -0.027     0.905 

ddG: R43M    -0.002     3.751     0.015    -5.941    -0.006     2.448    -0.004     0.044     0.008    -0.010     0.621     0.001     0.069    -0.117    -1.192    -0.050    -0.011     0.371 

ddG: R43N     0.577     3.433    -0.058    -4.267    -0.007     2.246     0.005     0.057     0.010    -0.013     0.640     0.000     0.115    -0.067    -0.740     0.185    -0.007    -0.955 

ddG: R43P     0.878     3.171     1.800    -6.719    -0.013     2.299     0.115     0.137     0.018     0.024     0.688     0.001     0.176     0.493    -1.341     0.141    -0.028    -0.084 

ddG: R43Q     0.547     1.650     0.242    -3.098    -0.008     2.384     0.001     0.044     0.019    -0.491     0.619     0.000    -0.044     0.068     0.527    -0.119    -0.009    -1.240 

ddG: R43R    -0.302    -0.155     0.031    -0.001     0.001    -0.277     0.005     0.055     0.015    -0.041     0.069     0.000    -0.064     0.066     0.034    -0.037    -0.003     0.000 

ddG: R43S     2.581     6.168    -0.158    -5.843    -0.011     2.679    -0.002     0.034     0.017    -0.020     0.686     0.000    -0.039    -0.078    -1.414     0.183    -0.014     0.392 

ddG: R43T     1.770     4.052     0.196    -4.361    -0.005     2.061     0.008     0.073     0.065    -0.082     0.626     0.000     0.012     0.348    -1.680     0.087    -0.008     0.378 

ddG: R43V    -0.038     3.390     0.380    -6.620     0.007     2.345     0.006     0.019     0.027     0.246     0.700     0.001     0.099    -0.074    -1.744     0.137    -0.035     1.077 

ddG: R43W    -1.713    -3.342     0.467    -3.666     0.016     2.391     0.006     0.037    -0.010    -0.028     0.651    -0.001    -0.007    -0.002     0.636    -0.152    -0.008     1.299 

ddG: R43Y    -0.828    -0.563     0.039    -4.510     0.026     2.369     0.004     0.039    -0.002     0.004     0.641     0.001     0.090    -0.249     0.722     0.239    -0.016     0.338 

