ddG: description total fa_atr fa_rep fa_sol fa_intra_rep fa_elec pro_close hbond_sr_bb hbond_lr_bb hbond_bb_sc hbond_sc dslf_fa13 rama omega fa_dun p_aa_pp yhh_planarity ref 
ddG: F127A     3.356     7.198    -0.999     1.629    -0.033    -1.716     0.005    -1.255     0.082    -0.051    -1.200     0.000    -0.151     0.007     0.071    -0.427     0.000     0.196 

ddG: F127C     4.558     5.798    -0.825     3.235    -0.032    -1.833     0.005    -1.459     0.087    -0.034    -1.204     0.000     0.160     0.061     0.823    -0.132     0.000    -0.091 

ddG: F127D     7.543     3.202    -1.005     9.426    -0.030    -2.069     0.005    -1.374     0.077    -0.048    -1.197     0.000    -0.057     0.053     2.798    -0.169     0.000    -2.069 

ddG: F127E     6.326     8.473    -0.620     1.706    -0.013     0.290     0.000    -1.381     0.053     0.033     0.073     0.000    -0.205     0.244     0.357    -0.295     0.000    -2.391 

ddG: F127F    -1.210    -3.257    -0.033     3.518    -0.008    -1.973     0.005    -0.091    -0.027    -0.030    -1.170     0.000     0.036    -0.022     1.860    -0.018     0.000     0.000 

ddG: F127G     6.117    17.132    -1.147    -6.826    -0.030     1.233    -0.001    -1.644     0.068    -0.033     0.369     0.000     0.518     0.294    -3.489     0.024    -0.001    -0.349 

ddG: F127H     0.896    -2.018    -0.621     6.413    -0.029    -1.784     0.006    -1.477     0.139     0.020    -1.127     0.000    -0.069     0.187     1.550    -0.205     0.000    -0.088 

ddG: F127H     0.997    -2.028    -0.606     6.428    -0.028    -1.713     0.007    -1.470     0.146     0.015    -1.138     0.000    -0.070     0.178     1.560    -0.194     0.000    -0.088 

ddG: F127I     5.026     8.821    -0.723     0.228    -0.009    -1.219     0.003    -1.448     0.043    -0.054    -0.586     0.000    -0.006     0.002    -0.218    -0.291    -0.001     0.483 

ddG: F127K     6.262     4.161    -0.728     5.031    -0.019    -0.203     0.004    -1.525     0.146     0.006    -1.212     0.000    -0.130     0.322     1.612    -0.338     0.000    -0.865 

ddG: F127L     0.666     1.775     0.057     2.004    -0.024    -1.306    -0.002    -1.624     0.030     0.024    -1.175     0.000     0.115     0.263     0.736    -0.415    -0.001     0.207 

ddG: F127M     3.698     9.179    -0.733    -4.264    -0.022     1.125    -0.002    -1.765     0.078    -0.014     0.351     0.000     0.209     0.502    -0.314    -0.303     0.000    -0.328 

ddG: F127N     4.655     2.501    -0.959     6.401    -0.029    -1.914     0.005    -1.416     0.071    -0.043    -1.144     0.000     0.167     0.070     2.569     0.030     0.000    -1.654 

ddG: F127P    16.560     9.035     5.995    -4.321    -0.028     1.695     0.651     0.083     0.137    -0.153     0.218     0.000     1.480     3.072    -0.199    -0.322    -0.001    -0.783 

ddG: F127Q     4.139     7.565    -0.453    -0.725    -0.014     1.008     0.001    -1.496     0.026     0.036     0.032     0.000     0.028     0.317     0.010    -0.259     0.000    -1.938 

ddG: F127R    10.492     4.699    -0.987     5.159    -0.013     0.977    -0.004    -0.048     0.002    -0.046     0.481     0.000    -0.013    -0.057     1.099    -0.059    -0.001    -0.698 

ddG: F127S     5.294     7.030    -0.961     3.304    -0.033    -1.880     0.004    -1.399     0.083    -0.041    -1.147     0.000     0.018     0.030     0.615    -0.024     0.000    -0.306 

ddG: F127T     4.804     8.783    -0.754     0.297    -0.020    -0.285    -0.002    -1.342     0.083    -0.084     0.283     0.000     0.207     0.200    -2.070    -0.172    -0.001    -0.321 

ddG: F127V     4.881     7.481     0.905    -2.336    -0.009     1.206    -0.009    -1.712     0.120    -0.098     0.071     0.000     0.354     0.316    -1.377    -0.407    -0.001     0.379 

ddG: F127W     2.868     7.813    -0.551    -8.064     0.007     3.901     0.001    -1.795     0.239    -0.117     1.594     0.000     0.197     0.489    -1.133    -0.313     0.000     0.601 

ddG: F127Y     1.217     0.369    -0.105     0.606    -0.006     0.423     0.000    -0.213    -0.032    -0.011     0.434     0.000     0.231     0.224    -0.343     0.000     0.000    -0.360 

