ddG: description total fa_atr fa_rep fa_sol fa_intra_rep fa_elec pro_close hbond_sr_bb hbond_lr_bb hbond_bb_sc hbond_sc dslf_fa13 rama omega fa_dun p_aa_pp yhh_planarity ref 
ddG: A84A    -0.196    -0.009     0.003    -0.003     0.000    -0.186     0.000    -0.003     0.004     0.000     0.000     0.000    -0.010     0.009     0.004    -0.004     0.000     0.000 

ddG: A84C     4.939    -2.064     1.831     2.599     0.004    -0.264    -0.009    -0.031     0.032     0.052     0.035     0.000     0.414     0.294     2.059     0.274     0.001    -0.287 

ddG: A84D    12.621    -7.566     5.327    13.096     0.012    -1.439     0.008     1.214     0.014    -1.887     0.517     0.000     0.613     0.169     4.590     0.218    -0.001    -2.265 

ddG: A84E    10.797    -9.143     3.352    13.006     0.069    -1.534     0.014     0.301     0.567     0.159    -0.335     0.000    -0.527    -0.271     7.510     0.215    -0.001    -2.586 

ddG: A84F    15.157   -12.851    13.374     2.494     0.058    -0.154     0.032     0.185     0.651    -0.119     0.989     0.000     0.695     0.781     9.041     0.183    -0.007    -0.196 

ddG: A84G     2.889     3.743    -0.075    -0.621     0.001    -0.290    -0.001     0.012    -0.081     0.018    -0.036     0.000     0.273     0.026    -0.064     0.530     0.000    -0.545 

ddG: A84H    14.240   -18.255     9.910    14.913     0.020    -2.506     0.028     0.545     0.451    -0.023    -0.971     0.000     0.099    -0.435    10.585     0.170    -0.007    -0.284 

ddG: A84H    14.272   -11.332     9.889     7.115     0.024     0.148     0.022     0.297     0.430    -0.079     0.575     0.000     0.365    -0.123     7.095     0.136    -0.007    -0.284 

ddG: A84I     8.762   -10.271     6.289     3.941     0.044    -0.395     0.005     0.468     0.608    -0.031    -0.069     0.000    -0.314    -0.138     8.091     0.246     0.002     0.288 

ddG: A84K    16.738   -10.092     5.336    12.263     0.243    -0.167    -0.031     0.339     0.153    -0.786    -0.162     0.000     0.159     0.359     9.737     0.447     0.002    -1.061 

ddG: A84L    13.072   -12.991    11.496     8.170     0.024    -2.638    -0.024     0.284     0.580     0.145    -1.618     0.000     0.210     0.971     7.843     0.610    -0.001     0.011 

ddG: A84M     8.367    -7.740     6.662     3.872     0.078    -0.069     0.009     0.343     0.976     0.117    -0.380     0.000    -0.518    -0.277     5.799     0.020    -0.001    -0.523 

ddG: A84N     9.118    -7.506     3.716     9.138     0.013     0.229    -0.013     0.319     0.447     0.192    -0.367     0.000    -0.177    -0.234     4.520     0.691    -0.001    -1.849 

ddG: A84P     6.561    -3.862     6.431     0.452    -0.002    -0.686     0.315     0.220     0.354     0.097     0.085     0.000     0.177     1.182     2.049     0.731    -0.001    -0.979 

ddG: A84Q     8.383   -15.655     4.386    15.164     0.027    -2.736     0.050     0.270     0.639     0.098    -1.520     0.000    -0.498    -0.406    10.532     0.166     0.000    -2.134 

ddG: A84R    26.356   -17.244    11.235    18.364     0.043     0.093     0.033     0.044     0.098     0.163     0.288     0.000     0.406     0.664    12.625     0.439    -0.001    -0.894 

ddG: A84S     1.841    -4.198     0.092     6.906     0.001    -1.967     0.015     0.264     0.048    -0.462    -0.018     0.000    -0.078     0.004     1.579     0.157     0.000    -0.502 

ddG: A84T     5.234    -5.908     2.513     6.853     0.012    -1.151    -0.011    -0.032     0.096    -0.012     0.054     0.000     0.241     0.166     2.577     0.353     0.000    -0.516 

ddG: A84V     5.389   -11.557     5.589     8.597     0.017    -3.123    -0.013     0.112     0.488     0.015    -1.350     0.000    -0.348     0.757     5.227     0.796     0.000     0.183 

ddG: A84W    22.482   -17.520    19.898     7.272     0.057     0.489     0.232     0.059     1.207     0.179     0.897     0.000     0.254    -0.150     9.436    -0.225    -0.009     0.405 

ddG: A84Y    16.654   -20.975    13.768    13.075     0.063    -2.934     0.072     0.484     0.754    -0.060    -0.557     0.000     0.416     0.411    12.453     0.083     0.158    -0.556 

