ddG: description total fa_atr fa_rep fa_sol fa_intra_rep fa_elec pro_close hbond_sr_bb hbond_lr_bb hbond_bb_sc hbond_sc dslf_fa13 rama omega fa_dun p_aa_pp yhh_planarity ref 
ddG: G61A    -0.229    -0.988    -0.053     0.311     0.001     0.242    -0.021    -0.140     0.024     0.005    -0.038     0.001    -0.249     0.420    -0.082    -0.200    -0.007     0.545 

ddG: G61C    -0.302    -0.905     0.090     0.434     0.004     0.020     0.007    -0.031    -0.002     0.026    -0.066     0.002    -0.050    -0.013     0.153    -0.227    -0.002     0.258 

ddG: G61D    -0.060    -1.572     0.065     1.846     0.006    -0.314     0.011    -0.071    -0.002     0.074    -0.040     0.002    -0.239     0.033     2.291    -0.453     0.022    -1.720 

ddG: G61E     0.031    -1.656    -0.024     1.350     0.009     0.031    -0.002    -0.029     0.020     0.001     0.054     0.001    -0.143     0.052     2.513    -0.113     0.011    -2.041 

ddG: G61F    -0.641    -2.459    -0.158     0.360     0.032    -0.007     0.060     0.329     0.019     0.124     0.078     0.002    -0.249    -0.018     1.485    -0.595     0.007     0.349 

ddG: G61G     0.043     0.018    -0.019    -0.015     0.000     0.008     0.007     0.009     0.008    -0.003     0.042     0.002    -0.029    -0.008     0.050    -0.038     0.009     0.000 

ddG: G61H    -0.295    -2.022    -0.143     0.768     0.006    -0.053     0.071     0.324     0.013     0.109     0.071     0.002    -0.311     0.018     1.284    -0.701     0.007     0.261 

ddG: G61H    -0.287    -2.085    -0.090     0.767     0.006    -0.076     0.070     0.305     0.013     0.186     0.025     0.003    -0.247     0.033     1.234    -0.671    -0.022     0.261 

ddG: G61I     0.126    -2.068    -0.003     0.531     0.023     0.074     0.016    -0.004     0.011     0.022     0.114     0.002     0.134     0.038     0.164     0.235     0.006     0.833 

ddG: G61K    -0.499    -1.199    -0.019     0.535     0.006     0.087     0.004    -0.088     0.014     0.004     0.031     0.000    -0.227     0.079     0.906    -0.122     0.006    -0.516 

ddG: G61L    -0.538    -1.407    -0.053     0.347     0.011     0.019     0.009     0.054     0.010     0.016     0.071     0.002    -0.126     0.066     0.071    -0.194     0.008     0.556 

ddG: G61M    -0.394    -1.393     0.012     0.522     0.008     0.049    -0.015     0.107     0.010    -0.029     0.067     0.003    -0.016    -0.034     0.609    -0.324     0.008     0.022 

ddG: G61N    -1.007    -1.916     0.148     1.289     0.007    -0.215     0.009     0.042     0.009     0.103    -0.037     0.001    -0.342     0.070     1.769    -0.639     0.000    -1.304 

ddG: G61P    -0.371    -2.507     2.660     0.238     0.007    -0.085     0.187     0.095     0.014     0.016     0.106     0.002     0.484    -0.292    -0.164    -0.708     0.010    -0.434 

ddG: G61Q    -0.618    -1.851    -0.025     0.934     0.008     0.148     0.011    -0.085     0.009    -0.017     0.071     0.001    -0.242     0.061     2.035    -0.096     0.008    -1.589 

ddG: G61R     0.558    -1.359    -0.036     0.768     0.011     0.151    -0.010    -0.263     0.023    -0.008    -0.005     0.003    -0.188     0.340     1.450     0.036    -0.007    -0.349 

ddG: G61S    -0.443    -1.247    -0.112     1.209     0.007    -0.180    -0.015    -0.173     0.014    -0.020     0.075     0.001    -0.291     0.446     0.133    -0.341     0.006     0.043 

ddG: G61T    -0.437    -1.620    -0.144     1.318     0.005    -0.024    -0.008    -0.052     0.020    -0.030     0.008     0.002    -0.234     0.453     0.050    -0.210     0.000     0.029 

ddG: G61V     0.370    -1.938     0.093     0.560     0.019     0.273     0.031    -0.025    -0.015     0.107    -0.015     0.002     0.156    -0.022     0.056     0.351     0.007     0.728 

ddG: G61W    -0.616    -5.145     0.009     1.188     0.031     0.283     0.019     0.339     0.007     0.041     0.086     0.002     0.053    -0.014     2.160    -0.634     0.008     0.950 

ddG: G61Y    -0.951    -2.884    -0.019     0.681     0.032    -0.009     0.059     0.339     0.010     0.144     0.055     0.002    -0.219    -0.038     1.558    -0.646    -0.005    -0.011 

