ddG: description total fa_atr fa_rep fa_sol fa_intra_rep fa_elec pro_close hbond_sr_bb hbond_lr_bb hbond_bb_sc hbond_sc dslf_fa13 rama omega fa_dun p_aa_pp yhh_planarity ref 
ddG: C9A    -0.658     6.835    -0.238    -7.708     0.003     2.418    -0.005    -0.354    -0.350    -0.023     1.411     0.000     0.311     0.207    -3.215    -0.236     0.000     0.287 

ddG: C9C    -0.013     0.008    -0.023    -0.018     0.000     0.011    -0.002     0.006    -0.006     0.018    -0.006     0.000    -0.011    -0.002     0.012     0.002     0.000     0.000 

ddG: C9D    -1.587    -2.054    -0.182     6.312     0.069    -4.117    -0.003     0.208     0.372    -1.763    -0.896     0.000    -0.076     0.458     1.253     0.809     0.000    -1.978 

ddG: C9E    -3.473    -4.457     1.030     5.686     0.015    -3.364    -0.011     0.062     0.093    -1.633    -1.176     0.000     0.136     0.409     2.059    -0.022     0.000    -2.300 

ddG: C9F    -1.355    -8.837     2.689     0.778     0.033     1.011    -0.012    -0.145    -0.430     0.580    -0.093     0.000     0.210     0.062     2.689     0.017     0.001     0.091 

ddG: C9G     1.430     5.923    -0.188    -3.430     0.000     0.185     0.001    -0.183    -0.320     0.085    -0.171     0.000     0.594    -0.001    -1.045     0.240     0.000    -0.258 

ddG: C9H    -0.965    -1.696     1.604    -3.338     0.012     2.468     0.004    -0.329    -0.478     0.384     0.487     0.000     0.183     0.295    -0.323    -0.242     0.001     0.003 

ddG: C9H    -1.515    -8.620     1.601     4.454     0.007    -0.477     0.003    -0.096    -0.464     0.404    -1.053     0.000    -0.111     0.027     3.055    -0.248     0.001     0.003 

ddG: C9I     2.149     1.705     4.378    -7.504     0.025     3.821     0.017    -1.476    -0.099     0.071     1.814     0.000     0.304     0.638    -1.726    -0.393     0.000     0.574 

ddG: C9K     5.444    -1.258     1.191     0.676     0.028     3.859    -0.004    -0.044     0.110     0.127     0.212     0.000     0.389     0.397     0.704    -0.167     0.000    -0.774 

ddG: C9L     1.209     0.731     3.069    -5.601     0.019     3.083    -0.001     0.087    -0.327     0.444     0.985     0.000     0.329     0.041    -1.934    -0.015     0.001     0.298 

ddG: C9M    -1.943     1.333     0.601    -6.168     0.008     3.329    -0.003    -0.398    -0.157     0.100     1.377     0.000     0.267     0.245    -1.945    -0.297     0.000    -0.237 

ddG: C9N     0.982    -2.329     0.412     2.181     0.016     0.741     0.002    -0.199     0.050     0.085    -0.870     0.000     0.259     0.250     1.733     0.215     0.000    -1.563 

ddG: C9P    14.294     2.824     3.997    -7.522     0.024     3.443     4.902    -0.516     0.772    -0.020     2.355     0.000     0.010     1.236     3.080     0.399     0.002    -0.692 

ddG: C9Q    -2.714    -6.421     0.254     4.566     0.001    -1.095     0.003    -0.206    -0.422    -1.322    -0.113     0.000    -0.078     0.077     4.129    -0.242     0.001    -1.847 

ddG: C9R     7.766    -8.863     0.832     8.117     0.032     4.134    -0.015    -0.179     0.051     0.030     1.759     0.000     0.115     0.401     2.156    -0.197     0.000    -0.607 

ddG: C9S    -0.787     8.137     0.011    -6.126     0.013     1.855    -0.005    -0.068    -0.243     0.098    -0.849     0.000    -0.018     0.101    -3.220    -0.261     0.000    -0.215 

ddG: C9T     0.378     6.279    -0.071    -6.536     0.019     2.359     0.000    -0.299    -0.126     0.009     1.699     0.000     0.205     0.282    -3.010    -0.202     0.000    -0.229 

ddG: C9V    -1.643    -2.929     0.574    -0.192     0.019     0.244    -0.001    -0.073    -0.059     0.099     0.177     0.000    -0.049    -0.021     0.364    -0.265     0.000     0.470 

ddG: C9W     0.128   -12.842     5.122     2.583     0.035     2.973    -0.001    -0.043    -0.422    -0.255     1.071     0.000     0.616     0.145     0.056     0.395     0.001     0.692 

ddG: C9Y    -0.313    -6.053     3.685    -1.412     0.043     2.555     0.004    -0.053    -0.478     0.559     0.024     0.000     0.215     0.081     0.974    -0.206     0.019    -0.269 

