ddG: description total fa_atr fa_rep fa_sol fa_intra_rep fa_elec pro_close hbond_sr_bb hbond_lr_bb hbond_bb_sc hbond_sc dslf_fa13 rama omega fa_dun p_aa_pp yhh_planarity ref 
ddG: G33A     7.307    -2.743     4.315     0.558     0.033    -0.048    -0.002    -0.650    -0.016     1.474    -0.388     0.060     0.637     2.839     0.457     0.193     0.044     0.545 

ddG: G33C     6.551    -2.433     6.038     1.277     0.024    -1.270     0.021    -0.645     0.181     0.612    -0.422     0.154     0.082     1.801     0.356     0.466     0.052     0.258 

ddG: G33D    28.447    -6.711    12.779     7.656     0.032     0.249    -0.003    -0.653    -0.002     1.504     0.028     0.037     2.352     6.959     5.291     0.669    -0.019    -1.720 

ddG: G33E     9.664    -7.346     3.368     7.445     0.050    -1.878     0.001    -0.815    -0.012     1.506    -0.482     0.113     1.216     2.738     5.813     0.017    -0.029    -2.041 

ddG: G33F     9.876    -6.918     6.087     2.030     0.120    -0.114     0.014    -0.748     0.156     1.055    -0.399     0.170     0.682     3.055     3.726     0.553     0.058     0.349 

ddG: G33G     0.264     0.474     0.732    -0.555     0.006     0.085     0.014    -0.708     0.148     0.581     0.044     0.091     0.119     0.429    -1.195    -0.011     0.011     0.000 

ddG: G33H    10.122    -5.566     6.111     1.983     0.044    -0.567     0.012    -0.892     0.137     1.052    -0.856     0.019     1.232     3.676     2.961     0.464     0.049     0.261 

ddG: G33H    10.257    -5.763     6.258     2.153     0.048    -0.690     0.013    -0.852     0.119     1.063    -0.869     0.035     1.246     3.761     2.974     0.453     0.045     0.261 

ddG: G33I    16.646    -6.060    11.740     1.098     0.025    -0.389     0.017    -0.498     0.121     1.929     0.002     0.073     1.884     2.820     2.564     0.508    -0.021     0.833 

ddG: G33K     9.509    -4.529     3.851     3.073     0.028     0.272     0.021    -1.348     0.261     1.176     0.200     0.057     0.276     3.501     2.748     0.438     0.000    -0.516 

ddG: G33L     9.008    -5.119     4.305     1.978     0.150    -0.935     0.018    -0.832     0.117     1.111    -0.402     0.031     0.727     3.767     2.238     1.318    -0.021     0.556 

ddG: G33M     8.297    -4.222     5.128     1.275     0.035     0.109     0.026    -0.513     0.110     0.672     1.470     0.138     0.410     2.404     0.590     0.664    -0.020     0.022 

ddG: G33N     7.434    -5.624     6.381     4.057     0.049    -1.237     0.013    -0.235     0.130     1.425    -1.292     0.112     0.315     1.504     1.943     1.193     0.003    -1.304 

ddG: G33P   119.937    -4.528    89.485     1.917     0.016    -1.400     8.910    -0.353     0.140     0.593    -0.196     0.095     0.852     6.170    15.940     2.652     0.075    -0.434 

ddG: G33Q    12.356    -6.891     4.390     4.037     0.276    -0.002     0.012    -0.638     0.023     1.005    -0.880     0.087     0.551     2.367     6.926     2.646     0.034    -1.589 

ddG: G33R    12.381    -5.902     3.796     5.571     0.164     0.915     0.019    -0.569     0.170     0.942    -0.337     0.060     0.553     2.961     4.063     0.252     0.072    -0.349 

ddG: G33S     8.797    -2.023     6.980     1.921     0.016    -1.869     0.013    -0.916     0.133     1.224    -1.808     0.019     0.710     1.935     1.679     0.698     0.041     0.043 

ddG: G33T    11.655    -2.628     6.387     2.052     0.008     1.021     0.000    -0.602     0.116     0.743     0.529    -0.028     1.456     1.686     1.132    -0.269     0.023     0.029 

ddG: G33V    14.376    -4.316     7.993     2.344     0.070     0.448     0.005     0.215     0.215     1.370     0.070     0.251     0.550     3.913     0.282     0.274    -0.036     0.728 

ddG: G33W     8.232    -9.412     6.476     3.386     0.052     0.858     0.019    -0.551     0.102     1.065     0.688     0.078     0.994     1.917     1.126     0.427     0.056     0.950 

ddG: G33Y    13.272   -12.063     5.453     6.680     0.925    -0.864     0.026    -0.500     0.143     1.310    -0.959     0.132     1.575     3.950     5.149     2.265     0.061    -0.011 

