ddG: description total fa_atr fa_rep fa_sol fa_intra_rep fa_elec pro_close hbond_sr_bb hbond_lr_bb hbond_bb_sc hbond_sc dslf_fa13 rama omega fa_dun p_aa_pp yhh_planarity ref 
ddG: A15A    -0.327    -0.279     0.164    -0.028     0.001    -0.249     0.003     0.002     0.005     0.060    -0.098     0.003     0.055     0.066    -0.033     0.008    -0.008     0.000 

ddG: A15C     1.966    -2.364     0.437     2.593     0.006    -0.325     0.012    -0.024     0.016    -0.043    -0.049     0.003     0.114     0.016     1.474     0.392    -0.006    -0.287 

ddG: A15D     8.253    -6.641     1.050    12.064     0.015    -0.704     0.016     0.015     0.022    -0.023    -0.244     0.006     0.117     0.060     4.464     0.309    -0.010    -2.265 

ddG: A15E     9.623    -7.589     4.084    11.425     0.015    -0.866     0.056    -0.005    -0.022     0.036    -0.170     0.016     0.008     0.587     4.517     0.112     0.007    -2.586 

ddG: A15F     7.776   -17.509     8.238     9.604     0.070    -0.115     0.057     0.070     0.302     0.059    -1.448    -0.007     0.310     0.961     6.366     1.027    -0.014    -0.196 

ddG: A15G     3.755     3.841    -0.072     0.154    -0.001    -0.390     0.008     0.036     0.014     0.045    -0.031     0.000     0.310     0.138    -0.228     0.476    -0.002    -0.545 

ddG: A15H     5.984   -12.050     5.520     6.719     0.106     0.392     0.031     0.194     0.095     0.092     0.036     0.000     0.166     0.498     4.240     0.265    -0.035    -0.284 

ddG: A15H     5.646   -12.131     5.615     6.689     0.103     0.133     0.030     0.189     0.112     0.135    -0.144     0.003     0.222     0.498     4.196     0.299    -0.019    -0.284 

ddG: A15I     7.358    -3.555     5.295     2.613     0.039    -0.131     0.297     0.010     0.134    -0.150    -0.588     0.020     0.358     0.522     1.722     0.504    -0.018     0.288 

ddG: A15K    14.409    -6.456     5.950     9.632     0.030    -0.199     0.039     0.028     0.143    -0.211     0.087    -0.001     0.122    -0.015     6.066     0.316    -0.062    -1.061 

ddG: A15L     5.996    -5.901     7.424    -1.292     0.036    -0.028     0.016     0.188    -0.002     0.152    -0.095     0.021     0.204     0.702     4.233     0.349    -0.024     0.011 

ddG: A15M     3.385    -6.092     4.001     0.832     0.200    -0.404     0.028     0.044    -0.089    -0.300    -0.075     0.013     0.344    -0.560     5.730     0.280    -0.044    -0.523 

ddG: A15N     5.091    -7.472     1.181     7.383     0.132    -0.136     0.021     0.000    -0.009    -0.015    -0.242     0.006     0.322     0.017     5.336     0.410     0.005    -1.849 

ddG: A15P     6.451    -2.617     6.361    -0.305     0.002    -0.169     0.527     0.167    -0.075     0.086    -0.023     0.008     1.139     0.952     1.342     0.029     0.005    -0.979 

ddG: A15Q     4.780    -7.872     2.877     6.429     0.029    -0.603     0.040     0.050     0.010    -0.343    -0.047     0.008     0.243    -0.507     6.424     0.232    -0.055    -2.134 

ddG: A15R    16.383   -10.451     5.733    15.719     0.051    -0.941     0.044     0.066     0.582    -0.845    -0.682    -0.009    -0.085     0.365     7.807    -0.147     0.071    -0.894 

ddG: A15S     2.684    -1.124     0.145     3.413     0.006    -0.456     0.010    -0.066     0.006    -0.035    -0.026     0.002     0.143     0.004     0.856     0.328    -0.022    -0.502 

ddG: A15T     0.995    -4.001     0.770     3.780     0.009    -0.267     0.020    -0.008     0.025     0.021    -0.063     0.005     0.147     0.031     0.712     0.331     0.000    -0.516 

ddG: A15V    -0.267    -4.714     2.699    -0.020     0.017    -0.291     0.056     0.042     0.004    -0.083    -0.120     0.008     0.204     0.106     1.372     0.282    -0.013     0.183 

ddG: A15W    11.278   -17.085    12.112     6.210     0.091    -0.395     0.100     0.377     0.519    -0.645    -0.122     0.002     0.125     1.258     7.881     0.386     0.059     0.405 

ddG: A15Y    11.144   -12.305    11.169     2.458     0.060    -0.905     0.027     0.142     0.497    -0.037     0.078    -0.010     0.259     2.215     6.927     1.170    -0.047    -0.556 

