ddG: description total fa_atr fa_rep fa_sol fa_intra_rep fa_elec pro_close hbond_sr_bb hbond_lr_bb hbond_bb_sc hbond_sc dslf_fa13 rama omega fa_dun p_aa_pp yhh_planarity ref 
ddG: S35A    -0.658    -0.470     1.398    -1.219    -0.010     0.011     0.002    -0.100    -0.424     0.612     1.462     0.000     0.696    -0.116    -3.194     0.188     0.005     0.502 

ddG: S35C     0.792     1.099     1.697    -2.335    -0.001     2.364    -0.002    -1.295     0.082     0.625     2.695     0.000     0.524     0.082    -4.936    -0.020    -0.002     0.215 

ddG: S35D     8.088    -6.004     1.862     9.281     0.025     2.855    -0.001    -1.274     0.055     0.737     2.012     0.000     0.670     0.175    -1.038     0.502    -0.006    -1.763 

ddG: S35E    13.433    -9.278     5.245    10.028    -0.003     2.842    -0.003    -0.148    -0.048     1.891     2.672     0.000     0.440     0.263     1.692    -0.073    -0.003    -2.085 

ddG: S35F     8.333    -9.703     4.679    -0.789     0.296     2.464     0.001    -0.144    -0.146     0.762     2.827     0.000     0.682     0.545     6.283     0.269     0.001     0.306 

ddG: S35G     3.108     4.457     1.019    -4.724    -0.009     1.535    -0.003    -0.167    -0.467     0.492     3.016     0.000     1.246     0.045    -4.066     0.774     0.004    -0.043 

ddG: S35H     7.227   -15.393     4.849     9.878     0.006     0.227     0.005    -0.125    -0.333     1.724     1.132     0.000     0.188    -0.196     5.267    -0.220     0.000     0.218 

ddG: S35H     6.093    -8.420     3.056     1.369     0.061     2.903    -0.005    -1.129     0.235     0.737     2.579     0.000     0.397     0.458     3.806    -0.166    -0.004     0.218 

ddG: S35I     7.703    -4.507     8.234    -0.101     0.008     2.232    -0.001    -1.664    -0.046     0.718     2.826     0.000     0.938     0.490    -2.295     0.090    -0.009     0.789 

ddG: S35K    10.850    -5.080     3.009     3.489     0.065     2.389    -0.006    -1.242     0.016     0.572     2.832     0.000     0.486     0.239     4.581     0.060     0.000    -0.559 

ddG: S35L     7.420    -9.137     6.019     5.466     0.055    -0.190     0.000    -0.104    -0.240     0.972     1.579     0.000     0.900     0.041     0.692     0.862    -0.006     0.513 

ddG: S35M     6.764    -3.640     4.086    -0.660     0.006     2.334    -0.004    -0.193    -0.190     0.658     3.086     0.000     0.827     0.139     0.099     0.238     0.000    -0.022 

ddG: S35N     2.279   -10.095     2.313    10.152     0.008    -1.553     0.005    -0.103    -0.178     0.559     0.363     0.000     0.672     0.080     0.728     0.679    -0.006    -1.348 

ddG: S35P    11.415    -2.582     4.152    -0.393    -0.006     2.767     1.871    -1.222     0.725     0.819     2.877     0.000     1.016     1.469     0.230     0.157     0.012    -0.477 

ddG: S35Q     7.571    -9.940     5.647     7.881    -0.004     1.085     0.000    -0.194    -0.325     0.785     1.983     0.000     0.527     0.148     0.928     0.686    -0.004    -1.632 

ddG: S35R    10.487    -8.314     2.028     7.128     0.046     2.214    -0.012    -1.222     0.603     0.182     1.065     0.000     0.436     1.513     5.342    -0.137     0.007    -0.392 

ddG: S35S    -0.429     2.867     0.105    -2.870     0.001     0.662     0.000    -0.058     0.003     0.023    -0.008     0.000     0.070     0.068    -1.268    -0.026     0.000     0.000 

ddG: S35T     2.466    -6.359     2.801     7.366     0.001    -1.182     0.001    -0.018    -0.206     0.661     0.394     0.000     0.559    -0.170    -1.602     0.234     0.002    -0.015 

ddG: S35V     6.183    -6.490     6.034     3.980     0.000    -0.431     0.004    -0.078    -0.132     0.841     1.353     0.000     0.552     0.330    -0.653     0.197    -0.007     0.685 

ddG: S35W     8.546   -15.955     7.705     5.283     0.096     1.524    -0.012    -1.147    -0.038     0.871     2.559     0.000     0.440     0.488     6.557    -0.742     0.011     0.907 

ddG: S35Y     6.751   -10.078     5.260     0.736     0.096     4.186    -0.012    -1.281    -0.050    -0.704     4.032     0.000     0.853     1.025     2.899    -0.170     0.014    -0.054 

