ddG: description total fa_atr fa_rep fa_sol fa_intra_rep fa_elec pro_close hbond_sr_bb hbond_lr_bb hbond_bb_sc hbond_sc dslf_fa13 rama omega fa_dun p_aa_pp yhh_planarity ref 
ddG: H84A     0.391    -1.550     0.384     4.757    -0.013    -0.389     0.012    -0.074    -0.076    -0.195    -1.091     0.002     0.357    -0.209    -2.240     0.464    -0.030     0.284 

ddG: H84C     0.820    -2.177     0.149     5.674    -0.007    -0.406     0.012    -0.070     0.019    -0.178    -1.001     0.001     0.021    -0.221    -1.136     0.156    -0.012    -0.003 

ddG: H84D     0.530     2.979    -0.121     1.095    -0.005     0.028     0.000    -0.097     0.077    -0.085     0.101     0.000    -0.205    -0.210    -0.981     0.008    -0.071    -1.981 

ddG: H84E     0.772     3.031     0.061    -0.378    -0.004    -0.055    -0.005    -0.069     0.057    -0.197    -0.022     0.001     0.040    -0.300     0.723     0.220    -0.028    -2.303 

ddG: H84F     0.125    -7.131     0.104     7.183     0.023    -0.240     0.007    -0.067     0.066    -0.181    -1.040     0.001     0.123    -0.283     0.870     0.605    -0.003     0.088 

ddG: H84G     0.822     0.385    -0.262     3.956    -0.016    -0.187     0.006    -0.036     0.274    -0.279    -1.374     0.002    -0.242     0.309    -2.351     0.901    -0.005    -0.261 

ddG: H84H     0.068    -0.364     0.128     0.269     0.000    -0.005     0.000     0.008    -0.012     0.055     0.011    -0.001    -0.008    -0.015     0.010     0.006    -0.014     0.000 

ddG: H84H     0.078     0.048    -0.002    -0.060     0.000     0.032    -0.002     0.016    -0.007    -0.007     0.019     0.001     0.006     0.032     0.008     0.000    -0.005     0.000 

ddG: H84I     2.870     1.931     1.186    -2.003     0.095     0.134     0.011    -0.009     0.137     0.193    -0.089     0.001     0.954     0.187    -2.155     1.760    -0.036     0.571 

ddG: H84K     0.666     3.566     0.189    -1.767     0.003     0.186     0.000    -0.110    -0.153    -0.228     0.131     0.001     0.082    -0.347    -0.375     0.326    -0.060    -0.777 

ddG: H84L     0.487     2.100     0.412    -1.812     0.004     0.202     0.003    -0.117    -0.190    -0.157     0.154     0.001     0.432    -0.372    -0.881     0.560    -0.148     0.295 

ddG: H84M     0.691     3.740     0.012    -2.350     0.003     0.123     0.000    -0.049     0.033    -0.201     0.139     0.001     0.144    -0.396    -0.450     0.224    -0.041    -0.240 

ddG: H84N    -1.532     2.823    -0.113    -0.694    -0.005     0.133    -0.001    -0.089     0.083    -0.134     0.119     0.000    -0.385    -0.237    -1.177    -0.208    -0.083    -1.566 

ddG: H84P     8.761    -3.430     2.492     5.635    -0.012     0.714     0.178    -0.091     1.339     0.859    -1.003     0.002     0.221     1.429     0.344     0.761     0.016    -0.695 

ddG: H84Q     0.667    -5.635     1.422     8.056    -0.010    -0.168     0.022    -0.026    -0.072    -0.438    -1.157    -0.001     0.155     0.032     0.402    -0.075     0.009    -1.850 

ddG: H84R     1.248     3.441     0.000    -1.186     0.009     0.155     0.001    -0.097    -0.022    -0.146     0.131     0.000    -0.072    -0.341    -0.348     0.395    -0.061    -0.610 

ddG: H84S     1.624    -1.643     0.017     5.904    -0.012    -0.421     0.010    -0.074     0.087    -0.164    -1.017     0.001     0.125    -0.161    -1.223     0.437    -0.024    -0.218 

ddG: H84T     2.255     3.522     0.745    -0.260    -0.003     0.217     0.009    -0.102    -0.248    -0.235     0.037     0.000     0.783    -0.147    -2.237     0.468    -0.061    -0.232 

ddG: H84V     2.316     2.687     1.922    -2.171     0.025     0.286     0.019    -0.022    -0.310     0.039     0.138     0.001     1.139     0.230    -2.348     0.290    -0.074     0.467 

ddG: H84W    -0.033    -1.515     0.122    -0.246     0.147     0.248    -0.003    -0.055     0.057    -0.195     0.121     0.000     0.494    -0.405     0.014     0.564    -0.069     0.689 

ddG: H84Y    -0.442    -0.282     0.062    -0.879     0.035     0.147     0.002    -0.112     0.004    -0.251     0.026     0.000     0.076    -0.190     0.306     0.945    -0.059    -0.272 

