ddG: description total fa_atr fa_rep fa_sol fa_intra_rep fa_elec pro_close hbond_sr_bb hbond_lr_bb hbond_bb_sc hbond_sc dslf_fa13 rama omega fa_dun p_aa_pp yhh_planarity ref 
ddG: W134A    10.649    22.834    -4.006    -6.179    -0.057    -0.370    -0.004     0.680    -0.242     0.732    -0.755     0.000    -0.422    -0.347    -0.745    -0.067     0.002    -0.405 

ddG: W134C    12.595    22.107    -3.645    -5.824    -0.056    -0.435     0.006     0.614    -0.217     0.725    -0.710     0.000    -0.266    -0.145     0.942     0.191     0.000    -0.692 

ddG: W134D    15.304    17.998    -2.346     2.230    -0.047    -0.829     0.008     0.724    -0.328     0.992    -0.425     0.000    -0.139    -0.276     0.258     0.171    -0.015    -2.670 

ddG: W134E    12.104    15.098    -0.537     2.531    -0.054    -2.994     0.002     0.762    -0.355     0.618    -3.182     0.000    -0.389    -0.057     3.573     0.082    -0.002    -2.992 

ddG: W134F     3.712     8.932    -1.327    -4.061    -0.020    -0.794     0.011     0.454    -0.313     1.009    -0.561     0.000    -0.021     0.403     0.718    -0.105    -0.013    -0.601 

ddG: W134G    13.640    25.244    -1.638    -9.104    -0.044     2.168    -0.008     0.137    -0.101     1.152     0.516     0.000     0.228    -0.381    -3.928     0.346     0.002    -0.950 

ddG: W134H     8.904    11.822    -0.694    -2.940    -0.036     1.588     0.005     0.027    -0.014     1.125    -0.045     0.000    -0.010     0.078    -1.298    -0.014     0.000    -0.689 

ddG: W134H     8.434    12.610    -0.831    -2.810    -0.042     0.453     0.009     0.223    -0.217     1.124    -0.061     0.000     0.078    -0.353    -1.199     0.137     0.003    -0.689 

ddG: W134I    12.573    15.442     2.299    -6.041    -0.017     1.327    -0.020     0.321    -0.151     1.058    -0.389     0.000    -0.152     0.423    -0.899    -0.507    -0.004    -0.118 

ddG: W134K    11.390    16.339    -0.639    -2.481    -0.030     0.274     0.006     0.002    -0.028    -0.445    -0.022     0.000    -0.061    -0.371     0.247     0.063     0.001    -1.466 

ddG: W134L     9.222    15.175     0.161    -6.087    -0.015     1.681    -0.026    -0.007     0.101     1.514     0.056     0.000     0.047    -0.354    -2.120    -0.507    -0.003    -0.394 

ddG: W134M     8.564    15.770    -1.727    -5.478    -0.029    -0.449    -0.006     0.154    -0.137    -0.356    -0.191     0.000    -0.140    -0.506     2.398     0.182     0.007    -0.928 

ddG: W134N    12.985    17.751    -2.313    -3.151    -0.041     1.226     0.003     0.431    -0.185     1.182    -0.422     0.000    -0.005     0.125     0.466     0.179    -0.004    -2.255 

ddG: W134P    19.646    19.197     7.827    -8.667    -0.042    -0.835     0.609     1.447     0.413     0.026     0.121     0.000     0.558     0.694    -1.380     1.073    -0.009    -1.384 

ddG: W134Q    10.083    14.063    -1.282    -1.300    -0.026     0.698    -0.001     0.129    -0.084    -0.066    -0.015     0.000    -0.042    -0.066     0.653    -0.041     0.002    -2.539 

ddG: W134R    12.834    13.699    -0.456     1.981    -0.053    -1.293     0.002     0.924    -0.308     0.732    -2.697     0.000    -0.323    -0.184     1.930     0.194    -0.015    -1.299 

ddG: W134S    11.856    22.507    -3.886    -4.085    -0.056    -0.856    -0.004     0.744    -0.245    -0.212    -0.768     0.000    -0.377    -0.386     0.087     0.297     0.002    -0.907 

ddG: W134T    11.239    19.556     0.514    -4.403    -0.047    -1.188    -0.008     0.460    -0.093    -0.298    -2.475     0.000    -0.059    -0.270     0.001     0.473     0.000    -0.921 

ddG: W134V     9.804    18.317    -0.265    -7.431    -0.028     0.994     0.020     0.086    -0.310     1.066     0.458     0.000     0.088    -0.167    -2.638    -0.158    -0.007    -0.222 

ddG: W134W     0.714     1.292    -1.002     0.527    -0.011    -0.815     0.010     0.649    -0.274     1.058    -0.484     0.000    -0.096    -0.121    -0.084     0.065    -0.001     0.000 

ddG: W134Y     6.011     7.811    -1.366    -0.927    -0.020    -0.413     0.012     0.494    -0.302     1.061    -0.512     0.000     0.014     0.289     0.868    -0.078     0.042    -0.961 

