ddG: description total fa_atr fa_rep fa_sol fa_intra_rep fa_elec pro_close hbond_sr_bb hbond_lr_bb hbond_bb_sc hbond_sc dslf_fa13 rama omega fa_dun p_aa_pp yhh_planarity ref 
ddG: V75A     5.590     5.042    -0.215     0.153    -0.011     0.089    -0.001    -0.043     0.187    -0.023    -0.020     0.000     0.401    -0.063    -0.151     0.427     0.000    -0.183 

ddG: V75C     5.556     2.533    -0.275     1.856    -0.008     1.392    -0.006    -0.252     0.452     0.117     0.108     0.000     0.099     0.375    -0.223    -0.138    -0.004    -0.470 

ddG: V75D    11.373    -1.666     1.093    13.449    -0.032    -1.969    -0.007     0.253     0.354     0.679    -3.187     0.000     0.107     0.694     3.559     0.505    -0.012    -2.448 

ddG: V75E    12.949    -2.382     0.971    11.963     0.010     0.543    -0.003    -0.129     0.575     1.554     0.047     0.000     0.266     0.033     2.286     0.020    -0.036    -2.769 

ddG: V75F    16.337    -4.096     6.160     2.752     0.030     0.041     0.020     0.312     1.629    -1.250    -0.492     0.000    -0.114     2.093     9.174     0.464    -0.007    -0.379 

ddG: V75G     9.582     8.083    -1.701     0.626    -0.016    -0.134    -0.003    -0.075     0.350    -0.190    -0.163     0.000     0.482    -0.043     2.216     0.878     0.002    -0.728 

ddG: V75H    12.560    -3.758     2.501     6.986    -0.014     0.005     0.001    -0.296     0.986    -0.072    -0.115     0.000    -0.047     0.370     5.876     0.608    -0.005    -0.467 

ddG: V75H    12.445    -3.739     2.482     6.981    -0.015    -0.109     0.002    -0.298     0.983    -0.068    -0.119     0.000    -0.052     0.380     5.884     0.606    -0.005    -0.467 

ddG: V75I     1.123    -0.790    -0.066     0.189     0.005     0.409     0.009     0.423    -0.011     1.032    -0.378     0.000    -0.155     0.351    -0.023     0.043    -0.019     0.105 

ddG: V75K    17.834    -0.273     1.377     9.763    -0.006     2.494     0.008     0.120     0.391     1.020    -0.264     0.000    -0.047     1.241     2.957     0.331    -0.036    -1.244 

ddG: V75L     2.385    -0.175     1.709    -0.286     0.004     0.056    -0.001    -0.019     0.570     0.059     0.078     0.000     0.169    -0.085     0.387     0.114    -0.022    -0.172 

ddG: V75M     6.949    -0.312     1.557     2.907     0.000    -0.007     0.010    -0.032     0.245     0.081     0.142     0.000     0.189     0.243     2.168     0.475    -0.012    -0.706 

ddG: V75N     7.726    -2.788     1.721     9.813    -0.023    -2.833    -0.009     0.374     0.223     0.727    -3.897     0.000     0.141     0.173     5.481     0.672    -0.017    -2.032 

ddG: V75P     7.974    -0.261     2.246     0.180    -0.007     0.898     0.592     0.184     3.586     0.744    -0.005     0.000     0.604     0.089     0.164     0.135    -0.013    -1.162 

ddG: V75Q     9.021    -4.307     1.286     7.377     0.002     1.127    -0.001    -0.211     0.442     0.168     0.111     0.000     0.112     0.429     4.457     0.348    -0.002    -2.317 

ddG: V75R    20.669    -2.318     2.393    14.286     0.008     1.074     0.013     0.803     0.221     1.063    -0.282     0.000     0.099     1.303     2.590     0.526    -0.032    -1.077 

ddG: V75S     7.401     3.463    -0.199     2.633     0.002     0.748    -0.005    -0.214     0.239     0.001     0.029     0.000     0.173     0.452     0.333     0.435    -0.005    -0.685 

ddG: V75T     4.710     2.000    -0.165     2.794    -0.003     0.221     0.000     0.004     0.003    -0.011    -0.005     0.000     0.230    -0.025     0.018     0.350    -0.002    -0.699 

ddG: V75V     0.461     0.066     0.880     1.177    -0.024    -2.125    -0.002     0.514    -0.017     0.688    -3.144     0.000    -0.356     0.474     2.301     0.047    -0.020     0.000 

ddG: V75W    16.711    -8.106     7.475     5.352     0.021     0.343     0.004     0.078     1.117    -0.057    -0.172     0.000    -0.178     0.358     9.666     0.618    -0.031     0.222 

ddG: V75Y    16.956    -5.327     6.146     4.461     0.068     0.005     0.002    -0.585     0.795    -0.468    -0.074     0.000     0.027     1.035    11.214     0.407    -0.012    -0.739 

