ddG: description total fa_atr fa_rep fa_sol fa_intra_rep fa_elec pro_close hbond_sr_bb hbond_lr_bb hbond_bb_sc hbond_sc dslf_fa13 rama omega fa_dun p_aa_pp yhh_planarity ref 
ddG: R65A    -1.992     3.386    -0.347    -3.962    -0.017     0.051    -0.005    -0.026     0.132    -0.186     0.050    -0.001    -0.026    -0.350    -1.533    -0.025    -0.026     0.894 

ddG: R65C    -1.585     2.834    -0.352    -3.342    -0.017     0.079    -0.004    -0.027     0.121    -0.207     0.126    -0.001     0.064    -0.302    -1.391     0.259    -0.033     0.607 

ddG: R65D    -1.189     1.437    -0.185    -0.669    -0.014    -0.139    -0.005    -0.073     0.121    -0.157    -0.023     0.000     0.071    -0.337     0.124     0.042    -0.011    -1.371 

ddG: R65E    -2.172    -1.496    -0.106     2.645    -0.006    -1.321     0.003    -0.037     0.117    -0.225    -1.086     0.001     0.002    -0.261     1.349    -0.033    -0.025    -1.692 

ddG: R65F    -1.263    -0.962    -0.024    -2.937     0.030     0.044    -0.004    -0.047     0.136    -0.134     0.027     0.001     0.159    -0.230     1.831     0.192    -0.044     0.698 

ddG: R65G    -1.004     4.554    -0.322    -4.529    -0.018     0.058    -0.005    -0.030     0.122    -0.053     0.075    -0.001     0.290    -0.350    -1.560     0.441    -0.023     0.349 

ddG: R65H    -1.043     0.069    -0.165    -2.311    -0.012     0.083    -0.018    -0.048     0.134    -0.115     0.040    -0.001     0.095    -0.233     0.815     0.056    -0.045     0.610 

ddG: R65H    -1.017     0.080    -0.216    -2.292    -0.012     0.085    -0.007    -0.048     0.131    -0.111     0.100     0.001     0.050    -0.248     0.860     0.031    -0.031     0.610 

ddG: R65I    -2.526     0.462     0.009    -2.563     0.008     0.048     0.013    -0.073     0.129    -0.183    -0.110     0.001     0.250    -0.238    -1.480     0.024    -0.004     1.182 

ddG: R65K    -1.377     0.899    -0.212    -1.531    -0.012     0.170    -0.003    -0.080     0.123    -0.257     0.062    -0.001    -0.064    -0.390     0.136    -0.016    -0.035    -0.167 

ddG: R65L    -2.205     1.386    -0.120    -3.282    -0.010     0.146    -0.019    -0.113     0.113     0.021     0.145     0.000     0.027    -0.200    -1.028    -0.147    -0.028     0.905 

ddG: R65M    -2.618     0.462    -0.287    -2.658    -0.014     0.100    -0.009    -0.048     0.136    -0.137    -0.009     0.000     0.140    -0.251    -0.328    -0.029    -0.056     0.371 

ddG: R65N    -1.947     1.429    -0.219    -2.077    -0.014     0.038    -0.008    -0.038     0.133    -0.118     0.092    -0.001     0.119    -0.335    -0.079     0.106    -0.020    -0.955 

ddG: R65P     0.862     2.270     1.556    -3.754    -0.015    -0.786     0.364     0.081     0.132    -0.086     0.012     0.001     0.151     0.281     0.373     0.391    -0.026    -0.084 

ddG: R65Q    -2.724    -1.543    -0.220     0.597    -0.008    -0.449    -0.002    -0.027     0.137    -0.136    -0.923     0.001    -0.065    -0.211     1.528    -0.136    -0.027    -1.240 

ddG: R65R     0.014     0.011     0.003    -0.005     0.000     0.000    -0.001    -0.003    -0.012    -0.012     0.011    -0.001     0.004     0.020    -0.004     0.004    -0.001     0.000 

ddG: R65S    -1.170     3.175    -0.273    -3.247    -0.016     0.034     0.002    -0.048     0.121    -0.136    -0.020     0.002     0.107    -0.361    -1.035     0.168    -0.035     0.392 

ddG: R65T    -2.151     1.519    -0.138    -2.324    -0.004    -0.020    -0.001    -0.040     0.124    -0.142     0.048    -0.001     0.142    -0.332    -1.523     0.198    -0.035     0.378 

ddG: R65V    -2.592     1.037    -0.145    -2.872     0.001     0.035     0.002    -0.030     0.127    -0.223     0.075    -0.001     0.139    -0.284    -1.548     0.043    -0.026     1.077 

ddG: R65W    -3.288    -5.791    -0.161    -0.793     0.016     0.279    -0.006     0.015     0.145     0.002     0.128     0.000    -0.044    -0.217     1.845     0.036    -0.041     1.299 

ddG: R65Y    -1.396    -0.976    -0.095    -2.644     0.031     0.048    -0.006    -0.036     0.144    -0.201     0.100    -0.001     0.107    -0.277     1.913     0.193    -0.035     0.338 

