ddG: description total fa_atr fa_rep fa_sol fa_intra_rep fa_elec pro_close hbond_sr_bb hbond_lr_bb hbond_bb_sc hbond_sc dslf_fa13 rama omega fa_dun p_aa_pp yhh_planarity ref 
ddG: P93A     2.320     2.027    -0.349    -0.425     0.000     0.310    -0.081    -0.039     0.027    -0.015    -0.041     0.008    -0.012     0.076    -0.333     0.185     0.005     0.979 

ddG: P93C     2.989     1.185    -0.466     0.721     0.000     0.599    -0.083    -0.047     0.017    -0.019     0.021     0.006     0.014     0.026    -0.012     0.323     0.010     0.692 

ddG: P93D     4.583    -0.833    -0.262     5.170     0.004     0.326    -0.079    -0.012     0.017     0.017    -0.019    -0.009    -0.157     0.072     1.510     0.119     0.004    -1.286 

ddG: P93E     3.972    -0.712    -0.281     3.558     0.003     0.466    -0.077     0.042     0.043     0.013    -0.006    -0.013    -0.262     0.163     2.527     0.110     0.005    -1.608 

ddG: P93F     0.932    -5.949     1.062     2.395     0.042    -1.150    -0.092     0.429    -0.278    -0.669    -0.568    -0.011    -0.044     0.244     4.570     0.108     0.060     0.783 

ddG: P93G     2.803     3.011    -0.373    -0.823    -0.002     0.358    -0.079    -0.030     0.028    -0.042    -0.025     0.006     0.134     0.135    -0.355     0.426     0.002     0.434 

ddG: P93H     1.577    -6.700     0.366     5.565     0.020    -0.960    -0.089     0.132    -0.106    -0.755    -0.842     0.001    -0.023     0.259     4.348    -0.380     0.046     0.695 

ddG: P93H     2.920    -1.073    -0.274     1.635     0.005     0.502    -0.079    -0.071     0.035     0.010    -0.039     0.004    -0.016     0.117     1.222     0.243     0.005     0.695 

ddG: P93I     2.314     0.048    -0.450     0.528     0.021     0.310    -0.080    -0.114     0.039    -0.034    -0.019     0.014     0.365     0.083    -0.137     0.461     0.014     1.266 

ddG: P93K     3.781    -0.339    -0.305     2.264     0.007     0.359    -0.079    -0.033     0.019     0.010    -0.046     0.006    -0.126     0.117     1.712     0.290     0.008    -0.082 

ddG: P93L     0.768    -0.593    -0.009    -0.210     0.012     0.139    -0.079     0.007    -0.056    -0.005    -0.044     0.008     0.186     0.235    -0.063     0.256    -0.006     0.990 

ddG: P93M     1.769    -0.806    -0.475     1.249     0.004     0.407    -0.080    -0.008     0.032    -0.086    -0.083     0.010     0.014     0.104     0.754     0.263     0.014     0.455 

ddG: P93N     1.046    -2.173    -0.255     4.089     0.004    -0.491    -0.079    -0.021    -0.049     0.006    -0.786     0.011     0.019     0.147     1.564    -0.058    -0.009    -0.871 

ddG: P93P     0.012    -0.003     0.022    -0.015     0.000     0.005     0.004     0.004     0.008     0.006    -0.010     0.001     0.004    -0.012    -0.007     0.002     0.003     0.000 

ddG: P93Q     2.057    -0.875    -0.077     2.379     0.003     0.317    -0.077    -0.033    -0.020     0.056    -0.757    -0.012    -0.134     0.162     2.045     0.201     0.033    -1.155 

ddG: P93R     2.862    -3.001    -0.287     5.563     0.016    -0.279    -0.079    -0.052    -0.045    -0.010    -1.125     0.011    -0.083     0.138     1.694     0.323    -0.005     0.084 

ddG: P93S     2.514     2.090    -0.453     0.367     0.005     0.460    -0.083    -0.087     0.043     0.003     0.026     0.006    -0.191     0.076    -0.201    -0.028     0.003     0.477 

ddG: P93T     1.885     0.466    -0.408     1.004     0.005     0.286    -0.081    -0.075     0.045     0.012    -0.045     0.015     0.017     0.114    -0.331     0.395     0.004     0.462 

ddG: P93V     2.352     0.324    -0.503     0.351     0.016     0.318    -0.079    -0.086     0.056    -0.002    -0.022     0.014     0.177     0.105    -0.215     0.715     0.019     1.162 

ddG: P93W     1.937    -2.990    -0.198     2.150     0.035     0.606    -0.081    -0.176     0.031     0.063    -0.076     0.005    -0.028     0.075     1.001     0.146    -0.009     1.384 

ddG: P93Y     2.652    -1.699    -0.218     1.584     0.036     0.354    -0.079    -0.110     0.036     0.016    -0.031     0.005     0.034     0.135     1.802     0.363     0.003     0.423 

