ddG: description total fa_atr fa_rep fa_sol fa_intra_rep fa_elec pro_close hbond_sr_bb hbond_lr_bb hbond_bb_sc hbond_sc dslf_fa13 rama omega fa_dun p_aa_pp yhh_planarity ref 
ddG: T142A     4.142     0.951     2.917    -1.234    -0.020     0.202    -0.006     0.095     0.274     2.697    -1.777     0.000     0.028     0.203    -0.273    -0.416    -0.017     0.516 

ddG: T142C     2.008     0.387     3.261    -0.735    -0.035    -0.448    -0.003     0.078     0.051     1.162    -1.813     0.000    -0.093     0.305    -0.140    -0.191    -0.007     0.229 

ddG: T142D     5.947    -2.606     1.724     3.311     0.012     3.753    -0.003    -0.229     0.257     1.761     1.012     0.000     0.014     0.665    -1.197    -0.772    -0.007    -1.749 

ddG: T142E     5.946    -5.792     3.493     5.635     0.000     1.498    -0.008    -0.097     0.449     2.745    -1.845     0.000    -0.062     0.758     1.961    -0.715    -0.007    -2.070 

ddG: T142F     2.646    -6.695     2.828     0.006     0.035     2.941    -0.009    -0.123     0.226     1.679     0.911     0.000     0.034     0.575     0.342    -0.422    -0.004     0.321 

ddG: T142G     5.068     4.048    -0.094    -2.947    -0.013     1.560     0.003    -0.012     0.052     1.354     0.614     0.000     0.385     0.248    -0.492     0.390     0.001    -0.029 

ddG: T142H     3.492    -6.795     4.136     2.969    -0.013     0.487    -0.015    -0.072     0.299     1.244    -1.836     0.000    -0.060     0.625     2.603    -0.306    -0.005     0.232 

ddG: T142H     3.043    -5.432     4.004     1.852    -0.016    -0.254    -0.014     0.132     0.093     1.198    -1.811     0.000    -0.012     0.166     3.082    -0.176    -0.002     0.232 

ddG: T142I     4.699    -3.820     4.243     0.614     0.006     0.028     0.001     0.090     0.550     2.843    -1.768     0.000    -0.068     0.827     1.246    -0.883    -0.016     0.804 

ddG: T142K     4.341    -3.426     3.429     2.062     0.003    -0.020    -0.004     0.093     0.239     2.699    -1.795     0.000    -0.018     0.221     2.010    -0.604    -0.003    -0.544 

ddG: T142L     5.044    -2.744     1.836    -0.348     0.007     3.334     0.004     0.190     0.224     2.657     0.381     0.000    -0.234     1.270    -1.210    -0.842    -0.009     0.527 

ddG: T142M     3.466    -3.277     3.329     1.060     0.000     0.265    -0.003     0.079     0.314     2.678    -1.789     0.000    -0.007     0.238     1.146    -0.557    -0.003    -0.007 

ddG: T142N     2.278    -2.202     1.619     1.531     0.002     1.949     0.000    -0.025     0.047     0.861     0.971     0.000     0.131     0.357    -1.166    -0.463     0.000    -1.333 

ddG: T142P     1.824     0.862     1.456    -2.482    -0.010     1.732     0.098     0.467    -0.135     2.737     0.427     0.000     0.054     0.647    -2.503    -1.044    -0.019    -0.462 

ddG: T142Q     2.873    -5.333     3.411     3.380    -0.003    -0.255    -0.003     0.094     0.310     2.673    -1.779     0.000     0.002     0.270     2.291    -0.549    -0.016    -1.617 

ddG: T142R     5.013    -4.731     3.413     4.410     0.005    -0.431    -0.004     0.061     0.245     2.875    -1.774     0.000     0.031     0.224     1.607    -0.526    -0.016    -0.378 

ddG: T142S     1.064     1.007     1.260     0.018    -0.006    -0.024     0.003    -0.012    -0.050     0.197     0.285     0.000     0.280     0.008    -1.942     0.040    -0.015     0.015 

ddG: T142T    -0.445    -0.964     1.503    -0.470     0.012     1.311     0.003    -0.177     0.101     0.218     0.199     0.000     0.201     0.328    -2.527    -0.179    -0.004     0.000 

ddG: T142V     4.207    -0.682     1.581    -0.885     0.013     1.820     0.012     0.441     0.078     2.842     0.465     0.000    -0.116     0.977    -2.535    -0.500    -0.004     0.699 

ddG: T142W     2.471    -6.899     3.867     2.938     0.006    -0.346    -0.013     0.099     0.062     1.372    -1.842     0.000    -0.086     0.206     2.364    -0.178    -0.002     0.921 

ddG: T142Y     2.214    -6.880     2.841     2.312     0.014     1.477    -0.002     0.069     0.041     1.649     0.924     0.000     0.122     0.211    -0.150    -0.360    -0.014    -0.040 

