ddG: description total fa_atr fa_rep fa_sol fa_intra_rep fa_elec pro_close hbond_sr_bb hbond_lr_bb hbond_bb_sc hbond_sc dslf_fa13 rama omega fa_dun p_aa_pp yhh_planarity ref 
ddG: E53A     1.481     9.034    -0.615   -10.584    -0.002     3.484     0.003    -0.032    -0.013    -0.025     2.080     0.000     0.078     0.117    -4.522    -0.108     0.000     2.586 

ddG: E53C     2.714    11.846    -0.670   -14.229     0.002     5.676    -0.005    -0.214    -0.047    -0.058     3.636     0.000     0.421     0.337    -6.418     0.137     0.000     2.300 

ddG: E53D     3.005     1.826    -0.502    -1.020     0.000     1.637    -0.002     0.047    -0.012    -0.078     1.687     0.000     0.215     0.186    -1.550     0.250     0.000     0.322 

ddG: E53E    -0.367     3.403     0.001    -3.741     0.008     2.066    -0.004    -1.163     0.175     0.003     1.202     0.000    -0.098     0.110    -2.011    -0.318     0.000     0.000 

ddG: E53F     2.583     2.652    -0.268    -9.824     0.042     5.267    -0.004    -0.068    -0.038    -0.067     3.646     0.000     0.386     0.488    -2.207     0.187     0.000     2.391 

ddG: E53G     3.517    15.204    -0.700   -16.521     0.000     5.670    -0.004    -0.171    -0.044    -0.061     3.644     0.000     0.526     0.391    -6.647     0.189     0.000     2.041 

ddG: E53H     3.849     3.261    -0.474    -8.497     0.005     5.628    -0.005    -0.051    -0.045    -0.074     3.655     0.000     0.290     0.457    -2.661     0.059     0.000     2.303 

ddG: E53H     3.868     3.258    -0.492    -8.478     0.004     5.647    -0.003    -0.061    -0.036    -0.044     3.658     0.000     0.285     0.453    -2.678     0.051     0.000     2.303 

ddG: E53I     2.301     5.204    -0.072    -8.580     0.027     3.506     0.001     0.167    -0.005    -0.019     2.076     0.000     0.495     0.025    -3.834     0.436     0.000     2.874 

ddG: E53K     3.674     7.466    -0.616   -10.025     0.005     5.027    -0.005    -0.120    -0.049    -0.065     3.642     0.000     0.200     0.311    -3.595    -0.028     0.000     1.526 

ddG: E53L     1.628     2.909    -0.170    -5.971     0.005     2.890    -0.001     0.057    -0.046     0.003     2.126     0.000     0.148     0.112    -3.125     0.095     0.000     2.598 

ddG: E53M     3.083     6.766    -0.480   -11.038     0.005     5.194    -0.006    -0.139    -0.053    -0.090     3.644     0.000     0.378     0.326    -3.538     0.050     0.000     2.063 

ddG: E53N     1.912     6.983    -0.755    -9.424     0.003     5.639    -0.007    -1.311     0.112    -0.059     3.713     0.000     0.254     0.447    -4.120    -0.298     0.000     0.737 

ddG: E53P    14.846    10.197     6.390   -14.872     0.007     5.758     0.175     2.684    -0.005    -0.280     3.677     0.000     0.936     0.704    -2.616     0.483     0.000     1.608 

ddG: E53Q     0.039     0.359    -0.157    -2.549     0.001     1.759    -0.002     0.068    -0.010     0.042     0.463     0.000     0.091     0.035    -0.561     0.049     0.000     0.453 

ddG: E53R     4.888     6.630    -0.101    -8.575     0.015     5.084    -0.002    -0.340    -0.031    -0.049     3.184     0.000     0.372     0.384    -3.348    -0.026     0.000     1.692 

ddG: E53S     2.207     8.790    -0.610    -8.645     0.006     3.932    -0.006    -1.098     0.173    -0.498     3.442     0.000    -0.062     0.212    -4.976    -0.539     0.000     2.085 

ddG: E53T     4.807     9.257    -0.985   -10.220     0.012     4.832    -0.006    -0.022    -0.057    -0.029     3.666     0.000     0.566     0.274    -5.077     0.526     0.000     2.070 

ddG: E53V     3.233    10.533    -0.381   -13.843     0.023     5.792    -0.005    -0.232    -0.049    -0.041     3.626     0.000     0.717     0.456    -6.419     0.287     0.000     2.769 

ddG: E53W     3.229     0.372     0.085    -4.102     0.020     2.884     0.009     0.069    -0.005     0.015     2.103     0.000     0.086     0.020    -1.302    -0.018     0.000     2.992 

ddG: E53Y     2.652    -0.867    -0.201    -4.542     0.039     3.269     0.008     0.201    -0.006    -0.014     2.077     0.000     0.146     0.353     0.019     0.131     0.008     2.031 

