ddG: description total fa_atr fa_rep fa_sol fa_intra_rep fa_elec pro_close hbond_sr_bb hbond_lr_bb hbond_bb_sc hbond_sc dslf_fa13 rama omega fa_dun p_aa_pp yhh_planarity ref 
ddG: L107A     4.969     6.720    -1.571    -1.520    -0.009     0.435     0.000     0.443     0.024     1.169    -0.407     0.000    -0.375     0.348    -0.076    -0.202     0.000    -0.011 

ddG: L107C     3.713     3.470     1.234     0.150    -0.015    -1.098    -0.013    -0.083     0.369    -0.225    -2.836     0.000    -0.269     0.525     2.534     0.268     0.001    -0.298 

ddG: L107D     8.440     1.782    -1.217     6.544    -0.003    -0.324    -0.002    -0.057     0.151    -0.181    -0.148     0.000    -0.293     0.247     4.117     0.095     0.004    -2.276 

ddG: L107E     4.983     0.181    -0.330     5.385     0.004    -0.231    -0.001    -0.002     0.116    -0.014    -0.003     0.000    -0.199    -0.055     2.840    -0.120     0.008    -2.598 

ddG: L107F     3.694     1.549    -1.529     0.250     0.025    -0.348    -0.001    -0.143     0.218    -0.184    -0.186     0.000    -0.236     0.214     4.231     0.041     0.000    -0.207 

ddG: L107G     5.688     7.178    -0.629    -0.758    -0.005    -0.187     0.000     0.055     0.090     0.001     0.003     0.000     0.161     0.030    -0.115     0.415     0.006    -0.556 

ddG: L107H     5.151     2.538     0.114     0.149     0.009     1.204    -0.008    -0.312     0.041     0.094    -0.362     0.000    -0.140     0.598     1.840    -0.308    -0.010    -0.295 

ddG: L107H     5.717     0.901     1.810     1.586    -0.004    -1.336    -0.019    -0.046     0.402     1.339    -2.652     0.000    -0.101     0.235     4.119    -0.206    -0.017    -0.295 

ddG: L107I     1.499     0.607    -0.053    -1.065     0.032     1.081    -0.003    -0.343     0.292     0.029     0.001     0.000    -0.014     0.385     0.321    -0.044    -0.004     0.276 

ddG: L107K     5.922     0.630    -1.243     4.456    -0.003     0.366     0.003     0.417     0.010     1.084    -0.424     0.000    -0.347     0.324     1.745    -0.010    -0.013    -1.072 

ddG: L107L    -0.502     0.519    -0.034    -1.192     0.008    -0.075     0.000     0.018     0.028    -0.009    -0.031     0.000    -0.008    -0.004     0.297    -0.009    -0.011     0.000 

ddG: L107M     2.271     1.380     0.498     1.277    -0.022    -2.103    -0.003     0.502     0.043     0.697    -3.176     0.000    -0.389     0.434     3.666     0.018    -0.017    -0.535 

ddG: L107N     5.596     1.790    -0.775     3.519    -0.005     0.051     0.006     0.485    -0.009     1.079    -0.475     0.000    -0.110     0.465     1.365     0.084    -0.014    -1.861 

ddG: L107P    14.380     4.537     3.685    -2.285    -0.004     0.658     0.254     2.809     0.035     1.170    -0.492     0.000     0.267     4.000     0.956    -0.218    -0.003    -0.990 

ddG: L107Q     3.090     0.227    -0.220     2.705     0.002     0.026    -0.003    -0.030     0.136    -0.054     0.011     0.000    -0.092    -0.020     2.727    -0.193     0.013    -2.145 

ddG: L107R     6.343    -0.328    -0.483     3.203     0.020     1.335    -0.004    -0.085     0.328     0.117     0.024     0.000    -0.194     0.385     3.043    -0.121     0.008    -0.905 

ddG: L107S     4.372     5.279    -0.700     0.280     0.002    -0.466    -0.002     0.220     0.116     0.001    -0.041     0.000    -0.174    -0.002     0.340     0.026     0.006    -0.513 

ddG: L107T     4.098     3.035    -0.080     1.852     0.001    -0.877    -0.001     0.112     0.079    -0.003     0.008     0.000     0.004     0.096     0.177     0.229    -0.007    -0.527 

ddG: L107V     3.984     3.511    -1.386    -0.695     0.017    -0.261    -0.004    -0.174     0.260    -0.188    -0.193     0.000    -0.272     0.107     2.906     0.182     0.003     0.172 

ddG: L107W     3.622    -0.063     0.603     3.208     0.002    -2.377    -0.003     0.412     0.053     0.706    -3.142     0.000    -0.508     0.514     3.766     0.076    -0.019     0.394 

ddG: L107Y     2.380     0.390     1.572     0.404     0.016    -1.108    -0.012    -0.219     0.377    -0.225    -2.828     0.000    -0.192     0.661     4.079     0.038    -0.006    -0.567 

