ddG: description total fa_atr fa_rep fa_sol fa_intra_rep fa_elec pro_close hbond_sr_bb hbond_lr_bb hbond_bb_sc hbond_sc dslf_fa13 rama omega fa_dun p_aa_pp yhh_planarity ref 
ddG: N87A     0.350    -4.050    -0.089     4.181    -0.003    -2.170     0.007    -0.081    -0.022    -0.048    -1.193     0.000     0.168    -0.111     1.408     0.502     0.000     1.849 

ddG: N87C     1.329    -0.656    -0.224     0.153     0.001     0.002     0.005    -0.270    -0.052    -0.080     0.376     0.000     0.421     0.102    -0.535     0.521     0.000     1.563 

ddG: N87D     1.631     0.876    -0.148     0.072     0.004     0.586     0.000    -0.300    -0.047    -0.057     0.374     0.000     0.281     0.186     0.125     0.096     0.000    -0.415 

ddG: N87E     0.807    -5.856    -0.102     6.473     0.002    -2.012     0.008    -0.046    -0.004    -0.046    -1.183     0.000     0.152    -0.132     3.856     0.435     0.000    -0.737 

ddG: N87F     0.064    -4.443     0.040     0.852     0.018    -0.174     0.001    -0.235    -0.040    -0.084     0.385     0.000     0.345     0.157     1.269     0.319     0.000     1.654 

ddG: N87G     1.559    -2.497    -0.190     4.124    -0.014    -2.147     0.007    -0.036    -0.017    -0.029    -1.138     0.000     0.279    -0.111     1.456     0.568     0.000     1.304 

ddG: N87H     0.356    -3.348    -0.144     1.161     0.002    -0.108    -0.002    -0.154    -0.046    -0.094     0.382     0.000     0.195     0.125     0.654     0.169     0.000     1.566 

ddG: N87H    -0.039    -0.496    -0.029    -1.682     0.004     0.556    -0.001    -0.222    -0.040    -0.057     0.378     0.000     0.279     0.196    -0.633     0.142     0.000     1.566 

ddG: N87I     6.175    -5.960     1.954     4.507     0.046    -2.474    -0.027    -0.218    -0.286    -0.055    -1.204     0.000     0.805     0.873     5.276     0.801     0.000     2.137 

ddG: N87K     0.160    -6.295    -0.130     6.542    -0.009    -2.025     0.004    -0.042    -0.010    -0.025    -1.172     0.000     0.077    -0.085     2.217     0.324     0.000     0.789 

ddG: N87L    -0.615    -2.476    -0.243     0.097     0.007     0.059    -0.005    -0.125    -0.029    -0.089     0.387     0.000     0.268     0.082    -0.782     0.374     0.000     1.861 

ddG: N87M    -0.848    -7.342    -0.009     5.461     0.000    -2.223     0.008    -0.056    -0.011    -0.047    -1.179     0.000     0.108    -0.104     2.814     0.407     0.000     1.326 

ddG: N87N     0.066    -2.100    -0.275     1.485    -0.006    -0.300     0.002    -0.211    -0.053    -0.081     0.375     0.000     0.152     0.113     0.944     0.020     0.000     0.000 

ddG: N87P     6.512    -2.114     3.595    -1.125     0.001    -0.002     0.346    -0.065     0.004    -0.063     0.331     0.000     1.531     2.153     0.201     0.849     0.000     0.871 

ddG: N87Q     0.087    -2.069    -0.229     0.716     0.005     0.115    -0.001    -0.151    -0.038    -0.078     0.377     0.000     0.217     0.070     1.076     0.360     0.000    -0.284 

ddG: N87R     1.185    -2.199     0.150     2.778     0.018    -0.705    -0.005     0.103     0.019    -0.001    -0.449     0.000     0.104     0.022     0.072     0.324     0.000     0.955 

ddG: N87S     2.169    -0.182    -0.247     0.483     0.000     0.062     0.000    -0.233    -0.050    -0.077     0.383     0.000     0.317     0.087    -0.114     0.391     0.000     1.348 

ddG: N87T     0.664    -2.127     0.146     3.410     0.009    -0.819    -0.011    -1.143     0.159    -0.046     0.007     0.000     0.033     0.171    -0.446    -0.009     0.000     1.333 

ddG: N87V     4.645    -0.173     2.397    -1.535     0.020     0.264    -0.047    -0.116    -0.173    -0.027     0.022     0.000     0.935     1.113    -0.896     0.829     0.000     2.032 

ddG: N87W    -0.363    -8.460     0.760     2.644     0.029     0.067     0.073    -0.344    -0.205    -0.089     0.382     0.000     0.509     0.136     1.588     0.292     0.000     2.255 

ddG: N87Y    -0.986    -8.640     0.190     6.022     0.015    -2.454     0.004     0.034    -0.003    -0.037    -1.178     0.000     0.044    -0.028     3.522     0.229     0.000     1.294 

