ddG: description total fa_atr fa_rep fa_sol fa_intra_rep fa_elec pro_close hbond_sr_bb hbond_lr_bb hbond_bb_sc hbond_sc dslf_fa13 rama omega fa_dun p_aa_pp yhh_planarity ref 
ddG: F102A     7.214     5.130    -0.957     5.391    -0.031    -3.037     0.005     0.241     0.096    -0.006    -1.550     0.000    -0.049    -0.404     1.755     0.436     0.000     0.196 

ddG: F102C     6.775     3.685    -0.957     6.961    -0.031    -2.940     0.007     0.215    -0.088     0.026    -1.527     0.000    -0.153    -0.346     1.847     0.168     0.000    -0.091 

ddG: F102D    11.487     7.995    -0.961     5.291    -0.025    -0.049     0.006    -0.022    -0.188    -0.054     0.022     0.000     0.630    -0.097     0.356     0.652     0.000    -2.069 

ddG: F102E     9.630     5.641    -0.920     6.477    -0.015    -0.392     0.006     0.270     0.022     0.042    -0.381     0.000    -0.090    -0.281     1.300     0.341     0.000    -2.391 

ddG: F102F    -0.009     0.018    -0.018    -0.023     0.000     0.017    -0.001     0.005    -0.006    -0.005    -0.003     0.000    -0.014    -0.012     0.009     0.024     0.000     0.000 

ddG: F102G     9.351    12.855    -1.371    -0.933    -0.022    -0.231     0.006     0.248    -0.228     0.236    -0.099     0.000     0.802    -0.116    -2.637     1.191     0.000    -0.349 

ddG: F102H     3.889     2.687    -0.746     2.535    -0.025    -0.450    -0.001    -0.025     0.112    -0.063     0.042     0.000    -0.061    -0.111    -0.062     0.144     0.000    -0.088 

ddG: F102H     3.942    -4.303    -0.684    10.380    -0.030    -2.957     0.000     0.231     0.162    -0.045    -1.521     0.000    -0.341    -0.410     3.379     0.169     0.000    -0.088 

ddG: F102I     5.473    -0.193     1.086     6.482    -0.003    -3.284    -0.025     0.104     0.162    -0.298    -1.432     0.000     0.013    -0.194     2.539     0.033     0.000     0.483 

ddG: F102K     6.182    -0.758    -0.984    11.611    -0.024    -2.983     0.003    -1.006     0.065    -0.032    -1.465     0.000    -0.222    -0.255     3.148    -0.050     0.000    -0.865 

ddG: F102L     4.247     5.388     0.361    -0.274    -0.012    -0.298     0.006     0.295     0.062     0.120    -0.299     0.000    -0.130    -0.059    -1.175     0.056     0.000     0.207 

ddG: F102M     5.676     2.290    -1.014     4.072    -0.021    -1.093     0.015     0.299    -0.126     0.069    -0.389     0.000    -0.089    -0.208     1.936     0.260     0.000    -0.328 

ddG: F102N     7.626     0.559    -0.960    10.182    -0.029    -2.964     0.006     0.232     0.007     0.029    -1.567     0.000     0.028    -0.375     3.527     0.603     0.000    -1.654 

ddG: F102P    12.976     7.010     2.887     0.434    -0.027     0.210     0.199     0.049     1.020     0.035     0.464     0.000     0.159     1.413     0.433    -0.528     0.001    -0.783 

ddG: F102Q     6.473     2.130    -0.977     6.673    -0.018    -1.226     0.013     0.317    -0.095     0.076    -0.328     0.000    -0.189    -0.261     2.001     0.294     0.000    -1.938 

ddG: F102R     8.477     2.371    -0.605     8.675    -0.013    -1.923    -0.009     0.085     0.155    -0.737    -0.029     0.000    -0.084    -0.051     1.211     0.131     0.000    -0.698 

ddG: F102S     7.993     8.910    -1.042     2.060    -0.027    -0.383     0.000    -1.209     0.199    -0.080     0.027     0.000    -0.023    -0.091     0.033    -0.071     0.000    -0.306 

ddG: F102T     7.840     9.848    -0.620     0.898    -0.023    -0.362     0.001     0.019    -0.014    -0.089     0.015     0.000     0.010    -0.094    -1.517     0.088     0.000    -0.321 

ddG: F102V     6.490     4.669     0.488     2.802    -0.004    -1.358    -0.019     0.169     0.150    -0.196    -0.418     0.000    -0.176    -0.312     0.434    -0.118     0.000     0.379 

ddG: F102W     4.509    -6.800     0.686     6.955    -0.002    -0.289    -0.011     0.185     0.059     0.030    -0.055     0.000     0.002    -0.042     3.052     0.137     0.001     0.601 

ddG: F102Y     2.456    -4.921     1.350     7.327    -0.004    -1.926    -0.005     0.269     0.105     0.119    -1.539     0.000    -0.235     0.038     2.390    -0.154     0.001    -0.360 

