ddG: description total fa_atr fa_rep fa_sol fa_intra_rep fa_elec pro_close hbond_sr_bb hbond_lr_bb hbond_bb_sc hbond_sc dslf_fa13 rama omega fa_dun p_aa_pp yhh_planarity ref 
ddG: E63A    -0.665     0.440     0.462    -1.747    -0.008     1.373    -0.004    -0.508    -0.007    -1.441     0.784     0.000    -0.047    -0.147    -2.708     0.308    -0.001     2.586 

ddG: E63C    -0.298    -0.352     0.413    -0.751    -0.008     1.155    -0.004    -0.506     0.007    -1.433     0.784     0.000     0.038    -0.076    -2.562     0.699    -0.001     2.300 

ddG: E63D     1.329    -1.578     0.455     2.203    -0.005     1.861    -0.004    -0.523     0.013    -1.430     0.785     0.000    -0.005    -0.147    -1.164     0.549    -0.002     0.322 

ddG: E63E    -0.296    -0.717     0.030     0.670    -0.005     0.049    -0.006    -0.062     0.049     0.001     0.005     0.000    -0.075    -0.091    -0.242     0.107    -0.008     0.000 

ddG: E63F    -1.451    -3.975     0.395    -1.144     0.032     0.073    -0.002     0.093    -0.024    -0.135     0.057     0.000     0.078    -0.017     0.343     0.407    -0.021     2.391 

ddG: E63G     0.980     2.187     0.455    -2.356    -0.007     1.550    -0.004    -0.514     0.003    -1.424     0.786     0.000     0.313    -0.155    -2.738     0.848    -0.005     2.041 

ddG: E63H    -0.779    -2.537     0.097    -0.802    -0.001    -0.099    -0.003     0.107    -0.030    -0.015     0.009     0.000     0.102     0.008    -0.264     0.346     0.001     2.303 

ddG: E63H    -2.255    -1.609     0.556    -2.611    -0.002    -0.229    -0.004     0.057    -0.026    -0.001    -0.869     0.000     0.099     0.410    -0.515     0.186    -0.001     2.303 

ddG: E63I    -0.762    -1.722     0.435    -0.026     0.011     1.016    -0.001    -0.556     0.029    -1.430     0.782     0.000     0.208    -0.092    -2.573     0.279     0.003     2.874 

ddG: E63K    -0.609    -1.830     0.654     0.445    -0.006     1.348    -0.003    -0.504     0.018    -1.547     0.842     0.000    -0.102    -0.094    -1.782     0.450    -0.023     1.526 

ddG: E63L    -1.332    -1.939     0.462    -0.257    -0.002     1.205    -0.004    -0.508     0.004    -1.430     0.783     0.000     0.022    -0.101    -2.512     0.349    -0.001     2.598 

ddG: E63M    -1.104    -2.084     0.503    -0.564    -0.006     1.186    -0.004    -0.484     0.006    -1.442     0.784     0.000     0.000    -0.066    -1.329     0.333    -0.002     2.063 

ddG: E63N    -0.106    -1.955     0.226     1.430    -0.010     1.580    -0.006    -0.579     0.076    -1.442     0.782     0.000     0.177    -0.098    -1.674     0.653    -0.003     0.737 

ddG: E63P     7.627    -2.946     5.945    -0.226    -0.002    -1.067     0.465     1.292    -0.023    -1.032    -1.524     0.000     1.434     1.908     1.380     0.413     0.003     1.608 

ddG: E63Q    -1.020    -1.802     0.506     0.085    -0.005     1.177    -0.004    -0.521     0.004    -1.430     0.784     0.000    -0.028    -0.128    -0.430     0.320    -0.001     0.453 

ddG: E63R    -0.674    -3.990     0.737     3.644     0.002     0.506    -0.004    -0.401    -0.029    -1.424     0.013     0.000    -0.063    -0.312    -1.476     0.434    -0.003     1.692 

ddG: E63S     0.751     0.135     0.238     0.189    -0.013     1.239    -0.006    -0.577     0.077    -1.441     0.781     0.000     0.038    -0.101    -2.531     0.640    -0.002     2.085 

ddG: E63T     0.475     0.060     0.346     0.230    -0.001     0.892    -0.001    -0.512     0.027    -1.440     0.782     0.000     0.203    -0.077    -2.615     0.509     0.004     2.070 

ddG: E63V    -0.859    -1.374     0.697    -0.597     0.007     1.130    -0.004    -0.530     0.002    -1.433     0.785     0.000     0.122    -0.189    -2.700     0.463    -0.007     2.769 

ddG: E63W    -3.313    -8.692     0.820     2.190     0.023     1.042    -0.004    -0.427    -0.001    -1.431     0.783     0.000     0.020    -0.208    -0.908     0.491    -0.003     2.992 

ddG: E63Y    -1.379    -4.545     0.741     1.074     0.021     1.154    -0.004    -0.525    -0.007    -1.429     0.785     0.000     0.127    -0.175    -1.098     0.467     0.006     2.031 

