ddG: description total fa_atr fa_rep fa_sol fa_intra_rep fa_elec pro_close hbond_sr_bb hbond_lr_bb hbond_bb_sc hbond_sc dslf_fa13 rama omega fa_dun p_aa_pp yhh_planarity ref 
ddG: I26A     4.342     5.858    -0.138    -0.964    -0.016    -0.098     0.000    -0.079     0.000    -0.001     0.018     0.000    -0.008     0.022    -0.218     0.254     0.000    -0.288 

ddG: I26C     5.057     4.007     0.042     1.745    -0.009    -0.447     0.000     0.196     0.055     0.044    -0.354     0.000    -0.171    -0.160     0.277     0.406     0.000    -0.574 

ddG: I26D     7.849    -0.200    -0.293     8.778    -0.014    -0.781     0.002    -0.015    -0.002     0.014     0.021     0.000    -0.167    -0.049     2.769     0.339     0.000    -2.553 

ddG: I26E     5.743     2.235     0.098     4.843    -0.005    -0.900    -0.001     0.180     0.051     0.039    -0.359     0.000    -0.353    -0.141     2.895     0.037     0.000    -2.874 

ddG: I26F     1.094   -11.275     1.065     9.403     0.016    -2.551     0.005     0.143     0.000     0.005    -1.547     0.000    -0.204    -0.087     6.305     0.299     0.000    -0.483 

ddG: I26G     5.938     7.870    -0.152    -1.275    -0.016    -0.203    -0.001    -0.087    -0.003    -0.095     0.022     0.000     0.247     0.009    -0.224     0.682     0.000    -0.833 

ddG: I26H     2.407    -3.889     0.377     5.056    -0.017    -0.555     0.002    -0.001    -0.003     0.035     0.017     0.000    -0.106    -0.039     1.918     0.184     0.000    -0.571 

ddG: I26H     2.426    -3.885     0.357     5.061    -0.018    -0.514     0.004    -0.003     0.002     0.036     0.019     0.000    -0.111    -0.043     1.909     0.183     0.000    -0.571 

ddG: I26I    -0.225     0.006     0.015    -0.005     0.000    -0.216     0.000     0.002     0.000     0.003     0.007     0.000    -0.012     0.008    -0.029    -0.003     0.000     0.000 

ddG: I26K     4.481     0.089    -0.046     5.250    -0.015    -1.200     0.001     0.067    -0.003     0.049     0.010     0.000    -0.242    -0.019     1.735     0.154     0.000    -1.348 

ddG: I26L     0.630    -5.944    -0.041     8.013    -0.014    -2.944     0.008     0.247     0.037     0.077    -1.549     0.000    -0.318    -0.282     3.505     0.110     0.000    -0.276 

ddG: I26M     3.084     2.501    -0.149     0.551    -0.012    -0.083     0.002    -0.044     0.001     0.018     0.010     0.000    -0.009     0.012     0.921     0.175     0.000    -0.811 

ddG: I26N     5.008    -0.704    -0.309     6.052    -0.014    -0.759    -0.001     0.008    -0.005     0.000     0.019     0.000     0.098    -0.065     2.407     0.417     0.000    -2.137 

ddG: I26P    20.056     8.262     7.262    -3.398    -0.010     0.384     0.066     1.592    -0.032    -0.117     0.023     0.000     1.033     2.301     2.730     1.225     0.000    -1.266 

ddG: I26Q     3.517    -1.587     0.001     5.394    -0.012    -0.282     0.003    -0.077     0.005    -0.018     0.019     0.000    -0.106     0.038     2.481     0.080     0.000    -2.421 

ddG: I26R     6.801    -1.969    -0.096     7.992    -0.003    -1.897    -0.001     0.029    -0.007     0.000    -0.401     0.000    -0.132    -0.113     4.353     0.228    -0.001    -1.182 

ddG: I26S     6.484     3.034    -0.271     3.435    -0.017    -0.696     0.000    -0.008    -0.009    -0.022     0.021     0.000    -0.069    -0.058     1.496     0.438     0.000    -0.789 

ddG: I26T     4.427     3.073     0.086     2.474     0.001    -0.472     0.001     0.236     0.050     0.075    -0.363     0.000    -0.190    -0.211     0.180     0.291     0.000    -0.804 

ddG: I26V     1.584    -4.228     0.053     7.531     0.000    -3.078     0.007     0.218     0.023     0.027    -1.557     0.000    -0.264    -0.289     3.289    -0.043     0.000    -0.105 

ddG: I26W     3.287    -7.071     0.290     7.569     0.009    -0.449     0.001    -0.069    -0.006     0.029     0.018     0.000    -0.093     0.006     2.626     0.311     0.000     0.118 

ddG: I26Y     1.347    -8.457     0.989     7.995     0.020    -2.241    -0.002     0.208     0.001    -0.004    -1.258     0.000    -0.179     0.013     4.248     0.276     0.581    -0.844 

