ddG: description total fa_atr fa_rep fa_sol fa_intra_rep fa_elec pro_close hbond_sr_bb hbond_lr_bb hbond_bb_sc hbond_sc dslf_fa13 rama omega fa_dun p_aa_pp yhh_planarity ref 
ddG: G11A     3.477    -0.195     0.854    -1.308     0.009     1.147     0.005     0.006    -0.217     0.359     1.062     0.000     0.520     0.348    -0.203     0.546     0.000     0.545 

ddG: G11C     4.270     4.576     0.234    -6.178     0.000     4.227     0.001    -0.085     0.138     0.173     2.589     0.000     0.332     0.637    -2.907     0.276     0.000     0.258 

ddG: G11D     4.906    -1.733     0.514     3.162     0.007     1.091     0.006     0.039     0.096     0.313     1.027     0.000     0.207     0.843     1.017     0.037     0.000    -1.720 

ddG: G11E     5.549     1.573     0.944    -1.613     0.011     3.922     0.003     0.125     0.162     0.527     2.227     0.000     0.402     0.833    -1.995     0.469    -0.001    -2.041 

ddG: G11F     0.165    -2.215     1.071    -3.568     0.024     2.103     0.005     0.004     0.030     0.425     1.035     0.000     0.148     0.950    -0.440     0.244     0.000     0.349 

ddG: G11G    -0.064     0.012    -0.019    -0.025     0.000    -0.060    -0.002     0.004    -0.045    -0.010     0.036     0.000     0.005     0.019    -0.026     0.047     0.000     0.000 

ddG: G11H     1.012    -1.571     0.869    -2.074    -0.001     1.896     0.006     0.012     0.064     0.429     1.039     0.000     0.125     0.829    -0.944     0.072     0.000     0.261 

ddG: G11H     1.504    -4.406     0.793     0.745    -0.002     1.309     0.004     0.082     0.049     0.400     1.041     0.000     0.059     0.758     0.318     0.093     0.000     0.261 

ddG: G11I     5.051    -0.585     3.252    -2.902     0.016     2.152    -0.010    -0.009     0.093     0.393     1.012     0.000     0.185     0.817    -0.445     0.249     0.000     0.833 

ddG: G11K     4.244    -3.449     1.071     1.891     0.002     1.222     0.007    -0.002    -0.008     0.427     1.005     0.000     0.084     0.969     1.139     0.402     0.000    -0.516 

ddG: G11L     1.685     0.513     0.871    -4.177     0.002     2.456     0.004    -0.024     0.087     0.441     1.005     0.000     0.070     0.944    -1.634     0.571    -0.001     0.556 

ddG: G11M     4.700     1.271     0.706    -5.254     0.002     4.370     0.001    -0.133     0.060     0.282     2.565     0.000     0.496     1.227    -1.129     0.215     0.000     0.022 

ddG: G11N     3.537     4.269     0.721    -5.401     0.016     4.159     0.001     0.093     0.038     0.423     2.226     0.000     0.097     0.858    -2.716     0.055     0.000    -1.304 

ddG: G11P     1.920    -0.536     1.397    -3.765     0.008     4.037     0.080    -1.114     0.426     0.376     2.213     0.000     0.477     1.285    -3.111     0.579     0.000    -0.434 

ddG: G11Q     0.910    -1.800     0.985    -0.102     0.001     1.531     0.002     0.027     0.032     0.430    -0.199     0.000     0.174     1.165    -0.018     0.269     0.000    -1.589 

ddG: G11R     3.099     1.792     1.573    -4.062     0.012     2.330    -0.001    -0.189    -0.167     0.337     1.071     0.000     0.414     1.326    -1.163     0.175     0.000    -0.349 

ddG: G11S     2.990    -0.565     0.458     1.047     0.009     0.637     0.009     0.092    -0.021     0.382    -0.067     0.000     0.320     0.406    -0.226     0.465     0.000     0.043 

ddG: G11T     2.143     6.621     0.413    -7.451     0.003     4.129     0.001    -0.070     0.072     0.396     1.364     0.000     0.192     0.693    -4.599     0.350     0.000     0.029 

ddG: G11V     6.363     4.727     3.158    -8.358     0.018     4.803    -0.019    -0.055     0.133     0.294     2.613     0.000     0.442     1.265    -3.677     0.289     0.000     0.728 

ddG: G11W     1.222    -8.138     1.092     1.216     0.022     1.905     0.002     0.150     0.217     0.407     1.041     0.000    -0.163     0.793     1.159     0.569     0.000     0.950 

ddG: G11Y     0.476    -5.349     0.953    -0.355     0.023     1.850     0.003     0.073     0.066     0.392     1.041     0.000     0.104     0.847     0.698     0.140     0.000    -0.011 

