ddG: description total fa_atr fa_rep fa_sol fa_intra_rep fa_elec pro_close hbond_sr_bb hbond_lr_bb hbond_bb_sc hbond_sc dslf_fa13 rama omega fa_dun p_aa_pp yhh_planarity ref 
ddG: D75A    -0.949    -3.108    -0.541     0.656    -0.012    -1.139     0.006    -0.052    -0.272     1.174    -1.196     0.000    -0.125    -0.146     0.971     0.572    -0.001     2.265 

ddG: D75C    -0.418     2.140    -0.209    -4.679    -0.001     1.256     0.003    -0.006    -0.244     1.134    -0.020     0.000     0.064     0.084    -1.989     0.070    -0.001     1.978 

ddG: D75D    -0.009     0.030     0.012     0.006     0.001    -0.038    -0.002    -0.011     0.011     0.002     0.009     0.000     0.027    -0.001    -0.039    -0.015     0.000     0.000 

ddG: D75E     0.169     1.259    -0.579    -3.252     0.001     1.251     0.001    -0.319    -0.360     1.141     0.362     0.000     0.033     0.183     0.456     0.314    -0.001    -0.322 

ddG: D75F    -4.003    -5.570    -0.414    -2.024     0.027     1.391     0.005    -1.531    -0.317     1.143     0.383     0.000     0.049     0.444     0.231     0.111    -0.001     2.069 

ddG: D75G     0.045     5.301    -0.393    -6.167     0.002     1.415     0.001    -1.355    -0.111     1.159    -0.026     0.000     0.103     0.211    -2.423     0.608    -0.001     1.720 

ddG: D75H    -3.247    -2.678     0.048    -3.517    -0.006     0.720    -0.004    -0.241    -0.077    -0.103     0.358     0.000     0.037     0.021    -0.139     0.354     0.000     1.981 

ddG: D75H    -3.487    -9.624     0.088     4.300    -0.010    -2.137     0.006     0.001    -0.060    -0.070    -1.195     0.000    -0.233    -0.256     3.336     0.384     0.000     1.981 

ddG: D75I    -2.169    -6.248    -0.115     1.435     0.013    -1.121     0.006    -0.070    -0.400     1.129    -1.202     0.000     0.094     0.006     1.781    -0.026     0.000     2.553 

ddG: D75K    -0.933    -5.746    -0.273     2.796    -0.005    -0.927     0.008    -0.047    -0.191     1.124    -1.199     0.000    -0.041    -0.052     2.371     0.044     0.000     1.204 

ddG: D75L    -3.042    -2.649     0.307    -1.437     0.008    -0.504     0.005    -1.334    -0.248     1.196    -1.176     0.000    -0.170     0.281     0.446    -0.042     0.000     2.276 

ddG: D75M    -1.290     1.306    -0.468    -6.006    -0.004     1.900     0.002    -0.256    -0.169     1.137     0.362     0.000     0.043     0.091    -1.458     0.487    -0.001     1.742 

ddG: D75N    -0.546    -0.010    -0.134    -2.464     0.001     0.592     0.003     0.002    -0.141    -0.123    -0.008     0.000     0.124     0.035     0.854     0.310     0.000     0.415 

ddG: D75P     7.367    -4.160     6.764    -0.155    -0.008    -1.097     0.350    -1.350     2.075     2.307    -1.026     0.000     0.032     0.478     2.031    -0.158    -0.003     1.286 

ddG: D75Q    -1.598    -6.109    -0.380     2.640    -0.006    -0.992     0.009     0.034    -0.165     1.142    -1.198     0.000    -0.258    -0.167     3.419     0.304     0.000     0.131 

ddG: D75R     0.452     1.451    -0.135    -3.785     0.005     1.253     0.007    -0.059    -0.215     1.139    -0.019     0.000    -0.020     0.093    -0.690     0.058    -0.001     1.371 

ddG: D75S    -0.854    -4.000    -0.665     2.779    -0.012    -1.547     0.011    -0.059    -0.306     0.250    -1.195     0.000    -0.063    -0.131     1.677     0.646     0.000     1.763 

ddG: D75T    -1.507    -0.979    -0.778    -1.705    -0.003     0.596     0.003    -0.245    -0.338     0.055     0.364     0.000     0.150     0.081    -1.040     0.583     0.000     1.749 

ddG: D75V    -2.673    -5.818    -0.208     1.366     0.002    -1.176     0.006    -0.052    -0.319     1.160    -1.195     0.000    -0.137    -0.068     1.055     0.265     0.000     2.448 

ddG: D75W    -3.919    -8.681     0.253    -0.313     0.023     1.295     0.003    -1.505    -0.223     1.129     0.381     0.000    -0.027     0.270     0.614     0.193     0.000     2.670 

ddG: D75Y    -5.059    -4.103     0.051    -2.292     0.034     1.038     0.003    -1.299    -0.286     1.246    -0.870     0.000    -0.110     0.429    -0.732     0.067     0.055     1.709 

