ddG: description total fa_atr fa_rep fa_sol fa_intra_rep fa_elec pro_close hbond_sr_bb hbond_lr_bb hbond_bb_sc hbond_sc dslf_fa13 rama omega fa_dun p_aa_pp yhh_planarity ref 
ddG: Y52A     8.935    15.600    -0.545    -5.182    -0.028    -0.069    -0.003    -0.018     0.022     0.069     0.081     0.000     0.392    -0.144    -2.151     0.332     0.022     0.556 

ddG: Y52C     8.888    14.190    -0.510    -3.502    -0.028    -0.094     0.002     0.003     0.020     0.034     0.043     0.002     0.183    -0.039    -1.849     0.136     0.028     0.269 

ddG: Y52D    12.883    10.747    -0.610     4.118    -0.025    -0.687     0.001     0.060    -0.009     0.051     0.102     0.002     0.415    -0.111     0.065     0.459     0.015    -1.709 

ddG: Y52E    12.199     8.233     0.076     5.001    -0.022    -0.440     0.002    -0.051    -0.034     0.299    -0.035    -0.001     0.165    -0.092     0.754     0.363     0.011    -2.031 

ddG: Y52F    -1.507     0.980     0.186    -2.818     0.000    -0.241     0.004     0.016     0.139    -0.023     0.050    -0.001     0.108    -0.020    -0.211    -0.046     0.009     0.360 

ddG: Y52G    11.893    19.026    -0.641    -5.816    -0.029    -0.052     0.004    -0.037     0.078     0.030     0.011    -0.001     0.812    -0.093    -2.124     0.730    -0.018     0.011 

ddG: Y52H     4.733     3.374    -0.185     1.076    -0.026    -0.161     0.004     0.018     0.185     0.026    -0.054     0.000     0.335    -0.135    -0.244     0.235     0.014     0.272 

ddG: Y52H     4.277     3.326    -0.306     1.095    -0.025    -0.229     0.003     0.059     0.180     0.050    -0.080     0.001     0.566    -0.155    -0.460    -0.032     0.013     0.272 

ddG: Y52I     9.302     9.930     3.148    -4.361    -0.007    -0.237     0.006    -0.014     0.291     0.061    -0.135    -0.001    -0.032     1.109    -1.201    -0.147     0.049     0.844 

ddG: Y52K    11.053     7.124    -0.082     4.206    -0.021    -0.190    -0.008    -0.064     0.020    -0.188     0.032     0.001     0.095    -0.139     0.505     0.275    -0.008    -0.505 

ddG: Y52L     3.259     9.201    -0.086    -4.957    -0.020    -0.014     0.003    -0.070     0.032     0.173    -0.053     0.002     0.214    -0.170    -1.644     0.064     0.017     0.567 

ddG: Y52M     6.176     9.495     0.051    -3.583    -0.025    -0.084    -0.002    -0.024    -0.011     0.250    -0.019     0.000     0.037    -0.035    -0.046     0.139    -0.001     0.033 

ddG: Y52N     8.237    10.036    -0.561     0.136    -0.025    -0.355     0.000     0.006     0.022     0.046     0.096     0.001     0.317    -0.089    -0.474     0.355     0.019    -1.294 

ddG: Y52P    14.133    12.561     4.673    -6.685    -0.010     0.484     0.775    -0.085     0.554     0.855     0.568     0.000     1.262     0.537    -1.211    -0.004     0.283    -0.423 

ddG: Y52Q     8.425     7.717     0.007     1.020    -0.023    -0.205     0.002    -0.080    -0.030     0.267    -0.054     0.001     0.165    -0.111     1.048     0.268     0.009    -1.578 

ddG: Y52R     9.602     3.994     0.374     7.757    -0.017    -0.022    -0.013    -0.171     0.177    -0.603    -1.409     0.000     0.466     0.290    -0.889     0.025    -0.018    -0.338 

ddG: Y52S    10.774    15.071    -0.588    -2.980    -0.028     0.095     0.001    -0.007     0.029     0.068     0.132     0.001     0.326    -0.126    -1.585     0.297     0.013     0.054 

ddG: Y52T     8.650    13.007    -0.555    -2.014    -0.025    -0.017    -0.002     0.041     0.054    -0.699    -0.041     0.001     0.543    -0.190    -1.486    -0.020     0.014     0.040 

ddG: Y52V     9.489    12.366     1.350    -4.956    -0.013    -0.079    -0.004     0.149     0.084     0.111    -0.209    -0.001     0.582     0.058    -0.651    -0.079     0.041     0.739 

ddG: Y52W    -3.753    -6.848     1.397     1.488    -0.002    -0.151     0.004    -0.009     0.039    -0.295    -0.105    -0.001     0.501    -0.379    -0.136    -0.226     0.007     0.961 

ddG: Y52Y     0.005    -0.014    -0.008     0.021     0.000    -0.006     0.002    -0.005     0.015     0.010    -0.007     0.001    -0.005     0.002     0.007    -0.009     0.002     0.000 

