ddG: description total fa_atr fa_rep fa_sol fa_intra_rep fa_elec pro_close hbond_sr_bb hbond_lr_bb hbond_bb_sc hbond_sc dslf_fa13 rama omega fa_dun p_aa_pp yhh_planarity ref 
ddG: K52A    -0.928    -2.988     0.087     3.901    -0.008    -2.143     0.008     0.295     0.040     0.035    -1.570     0.000    -0.274    -0.258     1.081    -0.196     0.000     1.061 

ddG: K52C     0.198    -4.173     0.253     5.214    -0.008    -1.855     0.008     0.368     0.043     0.047    -1.591     0.000    -0.086    -0.302     1.245     0.263     0.000     0.774 

ddG: K52D     2.476    -2.545     0.144     5.242     0.000     0.202     0.001     0.073     0.010    -0.006    -0.012     0.000     0.091    -0.060     0.452     0.089     0.000    -1.204 

ddG: K52E     0.121    -1.613     0.327     3.502     0.000    -1.466     0.008     0.070     0.037     0.052    -1.566     0.000    -0.108    -0.113     2.583    -0.067     0.000    -1.526 

ddG: K52F    -1.224    -5.094     1.163     0.016     0.061     0.291     0.000     0.334     0.069     0.067    -0.443     0.000    -0.071    -0.100     1.424     0.195     0.000     0.865 

ddG: K52G     0.593    -1.219     0.034     3.347    -0.009    -2.211     0.004     0.229     0.035     0.051    -1.575     0.000     0.125    -0.206     1.083     0.390     0.000     0.516 

ddG: K52H    -0.586   -10.294     0.676     7.890     0.002    -2.031     0.004     0.365     0.027     0.053    -1.693     0.000    -0.099    -0.246     3.825     0.158     0.000     0.777 

ddG: K52H    -0.344    -3.376     0.611     0.098     0.006     0.837    -0.001     0.127    -0.005     0.024    -0.134     0.000     0.179     0.034     0.349     0.129     0.000     0.777 

ddG: K52I     0.961    -0.436     1.172    -0.871     0.034     0.207    -0.003     0.186     0.044     0.072    -0.512     0.000     0.168    -0.156    -0.398     0.106     0.000     1.348 

ddG: K52K    -0.462    -4.087     0.166     4.964    -0.003    -2.012     0.009     0.166     0.041     0.049    -1.567     0.000    -0.192    -0.214     2.227    -0.007     0.000     0.000 

ddG: K52L    -1.750     0.243     0.684    -2.497     0.005     0.739     0.000     0.059     0.001     0.019    -0.114     0.000     0.229    -0.006    -2.076    -0.107     0.000     1.072 

ddG: K52M    -1.280    -2.016     0.400     0.688    -0.001     0.697     0.001    -1.096     0.166    -0.020    -0.102     0.000     0.058     0.033    -0.172    -0.455     0.000     0.537 

ddG: K52N     0.113    -2.736     0.126     2.813     0.000     0.066    -0.001     0.136     0.002    -0.004    -0.031     0.000     0.206    -0.058     0.202     0.179     0.000    -0.789 

ddG: K52P    15.498    -6.654     8.327     3.383     0.083    -1.181     0.400     3.478     0.041    -0.041    -1.419     0.000     1.248     0.895     6.414     0.443     0.000     0.082 

ddG: K52Q    -0.752    -6.801     0.646     6.714    -0.006    -2.054     0.004     0.253     0.034     0.040    -1.692     0.000    -0.104    -0.288     3.673    -0.098     0.000    -1.073 

ddG: K52R     1.945    -1.829     0.074     3.008     0.010    -0.290     0.002    -0.030     0.012    -0.003    -0.018     0.000     0.069     0.010     0.789    -0.026     0.000     0.167 

ddG: K52S     0.278    -3.590     0.089     5.735    -0.008    -2.687     0.007     0.264     0.038     0.046    -1.564     0.000    -0.172    -0.229     1.645     0.146     0.000     0.559 

ddG: K52T     0.359     2.880     0.081    -1.411     0.005     0.017     0.001    -0.035     0.011     0.022    -0.008     0.000     0.271     0.071    -2.294     0.201     0.000     0.544 

ddG: K52V    -0.177    -2.297     1.228     2.206     0.012    -1.745     0.006     0.014     0.034     0.076    -1.634     0.000     0.263    -0.126     0.332     0.209     0.000     1.244 

ddG: K52W    -2.391    -6.323     0.718     0.824     0.026     0.472     0.000     0.055    -0.006     0.055    -0.387     0.000     0.022     0.020     0.630     0.036     0.000     1.466 

ddG: K52Y    -0.730    -2.515     0.315     2.325     0.023    -1.671     0.005     0.045     0.030     0.067    -1.564     0.000     0.056    -0.079     1.612     0.114     0.000     0.505 

