ddG: description total fa_atr fa_rep fa_sol fa_intra_rep fa_elec pro_close hbond_sr_bb hbond_lr_bb hbond_bb_sc hbond_sc dslf_fa13 rama omega fa_dun p_aa_pp yhh_planarity ref 
ddG: P93A     2.663     1.642    -1.436    -0.562    -0.003    -0.008    -0.103    -0.003     0.118    -0.190    -0.191     0.000    -0.227    -0.049     2.313     0.383     0.001     0.979 

ddG: P93C     3.753     1.670    -1.124     0.505    -0.008     0.344    -0.094     0.435    -0.046     1.152    -0.377     0.000    -0.099     0.281    -0.335     0.774    -0.018     0.692 

ddG: P93D     3.256     1.364    -0.966     1.127     0.002     0.170    -0.091     0.468    -0.046     1.100    -0.481     0.000    -0.003     0.180     1.279     0.458    -0.018    -1.286 

ddG: P93E     2.356     0.267    -0.932     1.283     0.006     0.034    -0.095     0.444    -0.045     1.100    -0.486     0.000    -0.150     0.206     2.214     0.137    -0.019    -1.608 

ddG: P93F     3.618    -0.396    -1.166     0.983     0.029     0.575    -0.094     0.474    -0.057     1.254    -0.379     0.000     0.091     0.197     1.009     0.319    -0.004     0.783 

ddG: P93G     3.487     2.591    -0.924    -0.554    -0.003     0.237    -0.092     0.464    -0.046     1.044    -0.489     0.000     0.270     0.185    -0.292     0.681    -0.018     0.434 

ddG: P93H     3.479    -1.913    -1.071     1.313     0.002    -0.193    -0.103     0.059     0.123    -0.226    -0.197     0.000    -0.088    -0.035     4.667     0.444     0.001     0.695 

ddG: P93H     2.723     0.198    -0.218    -0.064     0.014     0.178    -0.100     0.108     0.034     0.005    -0.024     0.000     0.091    -0.151     1.477     0.493    -0.014     0.695 

ddG: P93I     3.776     0.064    -0.788    -0.241     0.030     1.603    -0.096     0.197     0.101     1.141    -0.508     0.000     0.008     0.589    -0.015     0.431    -0.008     1.266 

ddG: P93K     3.086    -1.909     2.088     2.120     0.003    -1.274    -0.116     0.045     0.297     1.162    -2.637     0.000     0.017     0.029     3.347     0.012    -0.015    -0.082 

ddG: P93L     1.043    -0.803    -0.035     0.281     0.015     0.172    -0.099    -0.011     0.010     0.020    -0.034     0.000     0.278    -0.134     0.090     0.302     0.000     0.990 

ddG: P93M     3.336     0.740    -1.052     0.167     0.003     0.581    -0.093     0.479    -0.052     1.086    -0.485     0.000    -0.254     0.262     1.010     0.492    -0.004     0.455 

ddG: P93N     3.006     0.728    -0.855     1.362    -0.002     0.096    -0.092     0.468    -0.059     1.089    -0.450     0.000     0.158     0.216     0.793     0.443    -0.019    -0.871 

ddG: P93P    -0.298     0.558    -0.055    -1.190     0.003     0.137     0.001     0.013     0.014    -0.006    -0.034     0.000     0.001    -0.030     0.295    -0.005     0.000     0.000 

ddG: P93Q     3.094    -0.917    -0.883     2.528     0.002     0.367    -0.092     0.480    -0.062     1.035    -0.428     0.000     0.080     0.180     1.637     0.340    -0.019    -1.155 

ddG: P93R     3.503    -0.434     0.957     1.280    -0.005    -0.516    -0.103     0.274     0.162     0.845    -3.291     0.000    -0.333     0.656     3.539     0.397    -0.010     0.084 

ddG: P93S     2.928     0.959    -0.090    -0.796     0.010     0.745    -0.105     0.026     0.113     0.031    -0.318     0.000     0.112     0.144     0.998     0.625    -0.002     0.477 

ddG: P93T     2.406     0.786    -1.431     0.146     0.010    -0.031    -0.104    -0.005     0.124    -0.190    -0.195     0.000    -0.107    -0.042     2.357     0.624     0.001     0.462 

ddG: P93V     2.294     0.777     0.631     0.252     0.000    -1.689    -0.104     0.523    -0.008     0.810    -3.221     0.000    -0.319     0.353     2.443     0.689    -0.006     1.162 

ddG: P93W     1.456    -4.541     1.468     0.862     0.060     1.075    -0.115     0.126     0.230    -0.801     0.110     0.000    -0.023     1.215     0.337     0.072    -0.004     1.384 

ddG: P93Y    -0.465    -1.972     0.013     0.758     0.036    -0.953    -0.098     0.674    -0.250    -1.289    -0.463     0.000    -0.029     1.034     0.945     0.724    -0.019     0.423 

