ddG: description total fa_atr fa_rep fa_sol fa_intra_rep fa_elec pro_close hbond_sr_bb hbond_lr_bb hbond_bb_sc hbond_sc dslf_fa13 rama omega fa_dun p_aa_pp yhh_planarity ref 
ddG: F129A     9.716    12.452     0.258    -1.821    -0.014     0.874    -0.025    -0.630     0.292    -1.065     0.505     0.000     0.205     0.196    -1.287    -0.422     0.003     0.196 

ddG: F129C     8.867    11.211     2.085     0.800    -0.035    -2.646    -0.033    -0.371     0.077    -1.465    -2.214     0.000     0.071    -0.218     1.172     0.521     0.003    -0.091 

ddG: F129D    16.866     8.316    -0.561     8.041     0.009     0.706    -0.024    -0.277     0.163     0.045    -0.008     0.000     0.213     0.530     1.613     0.172    -0.003    -2.069 

ddG: F129E    15.153     6.245    -0.659     9.038    -0.015    -0.240    -0.021     0.012    -0.037     0.038     0.011     0.000     0.170     0.016     2.737     0.248     0.000    -2.391 

ddG: F129F    -0.327     0.003     0.010    -0.051     0.001    -0.278     0.000    -0.004     0.001     0.015     0.017     0.000     0.004    -0.004    -0.035     0.009    -0.014     0.000 

ddG: F129G    12.290    15.563     0.023    -2.537    -0.018     0.989    -0.027    -0.602     0.222    -0.880     0.518     0.000     0.643    -0.067    -1.751     0.560     0.003    -0.349 

ddG: F129H     7.173     1.780    -0.155     3.948    -0.010     1.221    -0.004    -0.242     0.183     0.033    -0.002     0.000    -0.076     0.382     0.380    -0.174    -0.003    -0.088 

ddG: F129H     6.724     1.790    -0.274     5.392    -0.021    -0.279    -0.002    -0.011     0.021     0.005     0.049     0.000     0.031    -0.001     0.166    -0.057     0.000    -0.088 

ddG: F129I    11.201     7.205     1.849    -0.835    -0.003     1.415     0.000    -0.460     0.342     0.119     0.712     0.000    -0.204     2.107    -1.335    -0.191    -0.002     0.483 

ddG: F129K    14.018     6.826     1.417     9.185    -0.037    -1.063    -0.029    -0.172     0.098    -0.528    -2.845     0.000    -0.210     0.485     1.458     0.305    -0.007    -0.865 

ddG: F129L     7.244     6.932    -0.375    -0.698    -0.012    -0.592    -0.025    -0.536     0.158    -1.209     0.313     0.000     0.263     0.120     2.353     0.339     0.007     0.207 

ddG: F129M     7.428     6.018     1.366     1.386    -0.036    -2.288    -0.028     0.071     0.059    -0.369    -2.670     0.000    -0.106     0.211     4.095     0.061    -0.015    -0.328 

ddG: F129N    10.905     7.079     1.273     6.178    -0.037    -2.489    -0.019     0.007     0.065    -0.341    -2.631     0.000     0.044     0.224     2.804     0.418    -0.015    -1.654 

ddG: F129P    25.624     8.587     7.990    -1.481     0.007     3.109     2.334    -0.289     1.530     0.406     0.677     0.000     1.821     0.251     0.234     1.229     0.003    -0.783 

ddG: F129Q    11.516     4.963    -0.521     4.658    -0.007     1.608    -0.016    -0.253     0.160     0.034    -0.027     0.000    -0.017     0.512     2.521    -0.157    -0.004    -1.938 

ddG: F129R    14.722     0.842     1.445    14.260    -0.002    -0.234    -0.021    -0.402    -0.019    -1.105     0.725     0.000     0.363    -0.533     0.109     0.006    -0.012    -0.698 

ddG: F129S    12.234    11.136     2.425     2.106    -0.021    -1.699    -0.043    -0.381     0.341     0.094    -2.132     0.000     0.028    -0.234     1.178    -0.261     0.003    -0.306 

ddG: F129T     9.045     9.557     2.049     3.860    -0.035    -3.473    -0.030    -0.379     0.064    -1.481    -2.165     0.000     0.084    -0.055     1.250     0.130    -0.010    -0.321 

ddG: F129V    10.938    10.185     0.568    -0.294    -0.015    -0.533     0.026    -0.025    -0.090    -0.005     0.109     0.000     0.392     0.539    -0.224    -0.072    -0.002     0.379 

ddG: F129W    -0.032    -7.267     3.809     3.409     0.011    -0.187    -0.050    -0.341     0.166    -0.892     0.589     0.000     0.216    -0.348     0.397    -0.137    -0.007     0.601 

ddG: F129Y     1.034    -1.809    -0.218     2.838     0.005    -0.295    -0.014    -0.391     0.130    -1.335     0.321     0.000    -0.105    -0.410     2.442     0.226     0.008    -0.360 

