ddG: description total fa_atr fa_rep fa_sol fa_intra_rep fa_elec pro_close hbond_sr_bb hbond_lr_bb hbond_bb_sc hbond_sc dslf_fa13 rama omega fa_dun p_aa_pp yhh_planarity ref 
ddG: D10A     0.181     4.244    -0.596    -6.994    -0.003     1.108    -0.002     0.505     0.077     1.410     0.619     0.000    -0.113     0.038    -2.078    -0.284    -0.013     2.265 

ddG: D10C    -0.439     1.407    -0.362    -4.201     0.000     0.625    -0.003     0.506     0.030     1.410     0.560     0.000    -0.022     0.139    -1.754    -0.697    -0.053     1.978 

ddG: D10D    -1.051     1.204    -0.317    -1.383     0.002    -1.762     0.001     0.562    -0.030     1.417    -0.781     0.000     0.031     0.034     0.213    -0.234    -0.009     0.000 

ddG: D10E     0.208    -1.878    -0.132     0.166    -0.001     1.026    -0.005    -0.069     0.069    -0.032     1.013     0.000    -0.020     0.132     0.650    -0.305    -0.083    -0.322 

ddG: D10F    -2.641    -6.657     0.261    -0.722     0.021     1.618    -0.003    -0.083    -0.160    -0.028     1.423     0.000     0.023     0.340    -0.338    -0.358    -0.047     2.069 

ddG: D10G     1.513     6.545    -0.267    -8.073    -0.003     0.847     0.001     0.606     0.013     1.226     0.566     0.000     0.263    -0.013    -1.953     0.065    -0.033     1.720 

ddG: D10H    -0.803    -4.301    -0.433    -1.519    -0.001     0.758     0.001     0.450     0.118     1.291     0.644     0.000    -0.037     0.177     0.472    -0.375    -0.027     1.981 

ddG: D10H    -1.009    -4.667    -0.193    -1.840     0.001     1.105    -0.002     0.519     0.079     1.294     0.646     0.000    -0.123     0.069     0.428    -0.268    -0.036     1.981 

ddG: D10I    -0.163    -1.633     0.012    -2.368     0.012     1.547    -0.002    -0.116     0.016    -0.006     1.402     0.000     0.055     0.147    -1.261    -0.466    -0.056     2.553 

ddG: D10K    -0.229    -1.407     0.036    -2.297     0.002     2.276    -0.001     0.015     0.006    -0.018     1.368     0.000    -0.046     0.065    -1.024    -0.350    -0.059     1.204 

ddG: D10L    -1.761    -0.003    -0.186    -5.326     0.009     0.938     0.001     0.582    -0.329     1.434     1.021     0.000     0.110     0.839    -2.483    -0.593    -0.050     2.276 

ddG: D10M    -1.385    -2.589    -0.059    -2.526     0.001     0.415    -0.003     0.462    -0.087     1.408     0.669     0.000     0.039     0.711    -1.019    -0.528    -0.023     1.742 

ddG: D10N     0.075    -0.934    -0.470    -1.033     0.001     0.129     0.001     0.438    -0.017     1.403     0.558     0.000     0.293     0.379    -0.451    -0.597    -0.042     0.415 

ddG: D10P     5.169     1.982     2.637    -8.408     0.012     2.063     0.432     0.599     1.943     1.392     0.722     0.000     1.245     0.731    -0.429    -0.992    -0.047     1.286 

ddG: D10Q    -1.830    -0.477    -0.254    -3.714     0.005     0.034     0.000     0.596    -0.067     1.415     0.142     0.000    -0.023     0.127     0.821    -0.510    -0.057     0.131 

ddG: D10R     1.006    -1.073     0.130    -1.409     0.010     1.294     0.000     0.006     0.033    -0.102     0.824     0.000    -0.221    -0.079     0.369    -0.105    -0.044     1.371 

ddG: D10S     0.382     3.769    -0.162    -5.634    -0.001     0.683     0.002     0.618    -0.047     1.254    -0.258     0.000    -0.096    -0.037    -1.071    -0.374    -0.025     1.763 

ddG: D10T     0.232    -0.564     0.291    -1.916     0.005     1.489    -0.001     0.032     0.132    -0.014     1.419     0.000    -0.043    -0.044    -1.877    -0.369    -0.057     1.749 

ddG: D10V    -0.668    -0.957     0.335    -3.927     0.012     1.704    -0.001     0.025    -0.115    -0.019     1.435     0.000    -0.037     0.056    -1.277    -0.293    -0.057     2.448 

ddG: D10W    -2.808   -10.695     1.038    -0.162     0.024     1.888     0.002    -0.038     0.063    -0.010     1.512     0.000    -0.129     0.050     1.219    -0.222    -0.018     2.670 

ddG: D10Y    -3.376    -5.356    -0.043    -1.801     0.037    -0.099     0.002     0.526    -0.194     1.413     0.639     0.000     0.096     0.497    -0.028    -0.742    -0.032     1.709 

