ddG: description total fa_atr fa_rep fa_sol fa_intra_rep fa_elec pro_close hbond_sr_bb hbond_lr_bb hbond_bb_sc hbond_sc dslf_fa13 rama omega fa_dun p_aa_pp yhh_planarity ref 
ddG: T26A     0.444     3.950    -0.123    -4.668    -0.003     0.949     0.002     0.071    -0.087    -0.010    -0.002     0.000    -0.161    -0.089     0.359    -0.259    -0.002     0.516 

ddG: T26C     1.872     2.068    -0.345    -1.815    -0.007     0.714     0.000    -0.017    -0.039     0.120    -0.055     0.000     0.062    -0.078     1.032     0.004    -0.001     0.229 

ddG: T26D     7.680    -2.413     0.744     9.139    -0.011     0.711     0.000    -0.729    -0.059    -1.411    -0.459     0.000    -0.061     0.051     3.485     0.047     0.394    -1.749 

ddG: T26E     7.723    -4.128     2.361     7.514     0.005     0.592     0.002     0.217     0.061    -0.017    -0.053     0.000    -0.173     0.058     3.594    -0.258     0.018    -2.070 

ddG: T26F     7.143   -13.702    12.847     2.467     0.022     0.084    -0.002    -0.431     0.244    -0.133    -1.877     0.000     0.305     2.697     4.672    -0.343    -0.026     0.321 

ddG: T26G     4.592     6.758    -0.170    -3.586    -0.006     2.047     0.000    -0.496    -0.060    -1.312     0.755     0.000     0.153    -0.148     0.205     0.475     0.006    -0.029 

ddG: T26H     5.575    -7.308     5.170     2.965     0.019     0.728    -0.002     0.137     0.039     0.093    -0.077     0.000     0.150     0.105     3.414    -0.080    -0.010     0.232 

ddG: T26H     5.834    -7.279     5.192     2.908     0.020     0.974    -0.003     0.162     0.027     0.105    -0.076     0.000     0.152     0.078     3.412    -0.061    -0.009     0.232 

ddG: T26I     0.723    -2.699     2.902    -4.617     0.018     0.773     0.003     0.124     0.094     0.106    -0.026     0.000     0.058     0.441     2.783    -0.056     0.013     0.804 

ddG: T26K    12.499    -8.622     6.906    11.022     0.023    -0.125    -0.005    -0.165    -0.298     0.180    -2.242     0.000    -0.029     0.384     5.608     0.140     0.267    -0.544 

ddG: T26L     3.681    -2.232     4.726    -3.453     0.005     2.245     0.002    -0.547    -0.016    -1.529     0.800     0.000    -0.032    -0.156     3.267     0.015     0.057     0.527 

ddG: T26M     3.400    -4.685     3.182    -0.604    -0.002     2.461    -0.001    -0.731     0.383    -1.315     0.763     0.000    -0.066     0.096     3.571     0.287     0.067    -0.007 

ddG: T26N     4.618    -1.835     1.248     3.217     0.000     1.594     0.003    -0.615     0.014    -1.304    -0.149     0.000     0.127     0.020     3.360     0.199     0.072    -1.333 

ddG: T26P    10.817    -0.137     4.675    -4.862     0.302     2.672     0.304     1.153     0.232    -1.218     0.736     0.000     1.066     2.980     3.495    -0.139     0.022    -0.462 

ddG: T26Q     6.396    -4.954     3.222     3.031     0.019     1.031    -0.003    -0.184    -0.111     0.031     0.116     0.000     0.231    -0.006     5.386     0.132     0.071    -1.617 

ddG: T26R    13.633    -5.563     1.750    11.098     0.035     0.152     0.001     0.414    -0.250     0.083    -0.788     0.000    -0.152     0.578     6.749    -0.107     0.012    -0.378 

ddG: T26S     3.035     3.552    -0.711    -0.885    -0.005     0.164     0.001    -0.108     0.012     0.112    -0.053     0.000     0.095     0.005     0.841     0.001     0.000     0.015 

ddG: T26T    -0.244     0.358    -0.208    -0.322     0.002    -0.095    -0.001    -0.012    -0.015     0.118    -0.054     0.000    -0.003    -0.008    -0.010    -0.009     0.016     0.000 

ddG: T26V     0.302     0.178     1.657    -4.340     0.011     0.536     0.002    -0.060    -0.035     0.123    -0.047     0.000     0.216     0.353     1.271    -0.290     0.028     0.699 

ddG: T26W    15.162   -17.179    13.189     3.406     1.449     2.620    -0.008    -0.795     0.432     0.119     0.232     0.000     0.791     1.516     8.729    -0.194    -0.064     0.921 

ddG: T26Y     9.624   -10.076    12.024     0.531     0.022     1.307     0.001    -0.318     0.287     0.218    -0.081     0.000     0.194     2.511     3.646    -0.573    -0.029    -0.040 

