ddG: description total fa_atr fa_rep fa_sol fa_intra_rep fa_elec pro_close hbond_sr_bb hbond_lr_bb hbond_bb_sc hbond_sc dslf_fa13 rama omega fa_dun p_aa_pp yhh_planarity ref 
ddG: T70A     0.469     0.986    -0.266    -1.951    -0.010     0.515    -0.001     0.211    -0.025     0.044     0.060    -0.081     0.263    -0.156     0.025     0.354    -0.016     0.516 

ddG: T70C    -0.069     0.443     0.023    -1.333    -0.014     0.213     0.005     0.153    -0.055     0.026    -0.551    -0.116     0.075     0.014     0.535     0.313    -0.032     0.229 

ddG: T70D     0.987    -0.719    -0.173     1.114    -0.007    -0.082     0.007     0.142     0.009     0.157    -0.545    -0.036     0.041    -0.125     2.794     0.180    -0.022    -1.749 

ddG: T70E     1.115    -0.644     0.034     0.328    -0.014     0.483    -0.028     0.278     0.009    -0.082     0.954    -0.132     0.283     0.001     1.388     0.355    -0.028    -2.070 

ddG: T70F    -0.752    -0.209    -0.333    -2.801     0.013     0.736    -0.033     0.136    -0.017    -0.111    -0.582    -0.114     0.153    -0.056     1.972     0.209    -0.036     0.321 

ddG: T70G     0.374     2.284    -0.327    -2.493    -0.004     0.551    -0.008    -0.460     0.166    -0.073     0.083    -0.003     0.248    -0.007     0.245     0.227    -0.026    -0.029 

ddG: T70H    -0.807     0.413    -0.541    -2.224    -0.012     0.373    -0.032     0.115     0.030    -0.130    -0.594    -0.036     0.026    -0.215     1.677     0.143    -0.031     0.232 

ddG: T70H     0.846    -0.248    -0.688    -1.512    -0.008     1.655    -0.039     0.207    -0.006    -0.188     1.406    -0.002    -0.126     0.113     0.156    -0.099    -0.008     0.232 

ddG: T70I     0.288    -0.908     0.005    -1.059     0.014     0.439     0.066    -0.539    -0.006    -0.566    -0.465    -0.136     0.118     0.153     2.136     0.293    -0.060     0.804 

ddG: T70K    -0.391    -1.038    -0.552    -0.738    -0.004     0.828     0.000     0.087    -0.202    -0.098    -0.643    -0.138     0.132    -0.525     2.519     0.560    -0.037    -0.544 

ddG: T70L    -0.784    -2.031    -0.366    -0.188    -0.002     0.281    -0.015     0.551    -0.153    -0.366    -0.588    -0.136     0.174    -0.683     1.688     0.571    -0.048     0.527 

ddG: T70M    -0.513    -0.191    -0.409    -0.655    -0.006     0.351    -0.006     0.231     0.000    -0.675    -0.112     0.005     0.138    -0.020     0.658     0.200    -0.016    -0.007 

ddG: T70N    -0.591    -0.484    -0.909     0.428    -0.009     0.381     0.003     0.391     0.027    -0.693     1.378     0.005    -0.288     0.194     0.581    -0.244    -0.019    -1.333 

ddG: T70P    11.149     2.028     4.107    -3.658    -0.006     0.887     2.750     0.337    -0.036     0.079    -0.029    -0.113     0.261     1.573     2.321     1.179    -0.071    -0.462 

ddG: T70Q    -0.294    -1.376    -0.251    -0.008    -0.002     0.545     0.011     0.258    -0.028     0.055     0.049    -0.086    -0.044    -0.193     2.098     0.308    -0.013    -1.617 

ddG: T70R     0.922    -0.640    -0.366    -0.139     0.002     1.639    -0.005    -0.412     0.114    -0.147     1.538    -0.094    -0.213     0.180     0.407    -0.551    -0.012    -0.378 

ddG: T70S     0.317     1.091     0.263    -0.927    -0.003    -0.462    -0.005    -0.205    -0.046    -0.048    -0.585    -0.120     0.369     0.070     0.728     0.233    -0.051     0.015 

ddG: T70T    -0.860     1.073    -0.161    -0.738    -0.006    -0.453     0.007     0.063    -0.014    -0.135    -0.603    -0.116     0.022    -0.052     0.247     0.045    -0.037     0.000 

ddG: T70V     0.788     2.032     0.314    -3.186     0.002     1.122    -0.020    -0.877     0.151     0.000    -0.489    -0.118     0.116     0.221     0.408     0.474    -0.060     0.699 

ddG: T70W    -0.432    -3.318     0.043     0.070     0.004    -0.153    -0.005     0.410     0.017    -0.530    -0.593    -0.119     0.289    -0.338     2.480     0.434    -0.045     0.921 

ddG: T70Y    -1.046    -1.050     0.031    -2.147     0.015     0.371    -0.054     0.296    -0.005     0.037    -0.515    -0.126     0.223    -0.309     2.052     0.214    -0.040    -0.040 

