ddG: description total fa_atr fa_rep fa_sol fa_intra_rep fa_elec pro_close hbond_sr_bb hbond_lr_bb hbond_bb_sc hbond_sc dslf_fa13 rama omega fa_dun p_aa_pp yhh_planarity ref 
ddG: D57A     2.344     5.490    -0.068    -7.248    -0.017     2.585     0.001    -0.099     0.011     0.494     0.865     0.000     0.512     0.055    -3.019     0.517     0.000     2.265 

ddG: D57C     1.550    -2.351     0.019     1.459    -0.020    -0.354     0.005     0.151     0.034     0.500    -0.691     0.000    -0.053    -0.205     0.720     0.359     0.000     1.978 

ddG: D57D    -2.031    -3.873     0.085     4.720    -0.003    -1.853     0.007    -1.088     0.204     0.019    -1.550     0.000    -0.262    -0.123     2.049    -0.362     0.000     0.000 

ddG: D57E     2.019     3.712    -0.059    -5.099    -0.009     2.273    -0.001    -0.095     0.004     0.466     0.859     0.000     0.329     0.066    -0.498     0.393     0.000    -0.322 

ddG: D57F     1.289    -1.288     0.073    -1.356     0.006     0.615     0.005     0.038     0.014     0.530    -0.622     0.000     0.052    -0.180     1.031     0.302     0.000     2.069 

ddG: D57G     3.566     6.214    -0.029    -7.415    -0.019     2.810     0.001    -0.114     0.011     0.493     0.871     0.000     0.950     0.042    -3.017     1.048     0.000     1.720 

ddG: D57H     2.439    -3.674     0.050     1.867    -0.019    -0.421     0.007     0.109     0.050     0.507    -0.680     0.000     0.102    -0.239     2.473     0.326     0.000     1.981 

ddG: D57H     2.734     3.267     0.017    -5.941    -0.015     2.472     0.001    -0.133     0.022     0.499     0.871     0.000     0.378     0.025    -1.017     0.307     0.000     1.981 

ddG: D57I     0.201    -0.524     0.048    -2.334     0.010     1.780     0.002    -1.059     0.227     0.519     0.518     0.000    -0.299    -0.117    -0.799    -0.323     0.000     2.553 

ddG: D57K     1.973     3.627     0.180    -5.506    -0.008     2.345     0.002    -0.115     0.015     0.494     0.873     0.000     0.327     0.051    -2.004     0.486     0.000     1.204 

ddG: D57L     1.416    -2.843     0.031     1.018    -0.014    -0.295     0.005     0.118     0.034     0.515    -0.690     0.000    -0.005    -0.251     1.244     0.272     0.000     2.276 

ddG: D57M     1.520    -0.051     0.050    -2.082    -0.008     1.810     0.003    -1.055     0.228     0.516     0.523     0.000    -0.011    -0.130    -0.153     0.139     0.000     1.742 

ddG: D57N    -0.184     2.038     0.283    -2.946     0.004     1.202    -0.001     0.209     0.053     0.070    -0.404     0.000    -0.065    -0.117    -0.970     0.044     0.000     0.415 

ddG: D57P     1.731     1.444     0.058    -4.430    -0.016     1.932     0.105     0.029    -0.007     0.467     0.885     0.000     0.704     0.126    -1.307     0.454     0.000     1.286 

ddG: D57Q     2.882     0.080    -0.143    -2.024    -0.013     2.097     0.001    -0.049     0.010     0.465     0.870     0.000     0.256     0.013     0.775     0.415     0.000     0.131 

ddG: D57R     1.432    -3.985     0.002     3.501    -0.004    -1.156     0.007     0.131     0.045     0.504    -1.212     0.000     0.031    -0.192     1.981     0.407     0.000     1.371 

ddG: D57S     1.802     1.124     0.081    -1.286    -0.018    -0.049     0.006     0.080     0.040     0.519    -0.696     0.000     0.264    -0.107    -0.586     0.666     0.000     1.763 

ddG: D57T     1.228    -2.582     0.046     1.605    -0.011    -0.272     0.004     0.113     0.038     0.524    -0.693     0.000     0.034    -0.183     0.471     0.384     0.000     1.749 

ddG: D57V     0.560    -2.983     0.009     1.210    -0.006    -0.282     0.005     0.123     0.035     0.523    -0.693     0.000    -0.162    -0.194     0.434     0.092     0.000     2.448 

ddG: D57W     1.362     0.550     0.050    -5.279     0.008     2.677     0.001    -0.131     0.009     0.460     0.874     0.000     0.302     0.070    -1.300     0.401     0.000     2.670 

ddG: D57Y     2.157    -0.480    -0.048    -3.100     0.009     1.913     0.000    -0.077     0.015     0.475     0.890     0.000     0.233    -0.028     0.237     0.407     0.001     1.709 

