ddG: description total fa_atr fa_rep fa_sol fa_intra_rep fa_elec pro_close hbond_sr_bb hbond_lr_bb hbond_bb_sc hbond_sc dslf_fa13 rama omega fa_dun p_aa_pp yhh_planarity ref 
ddG: F91A     8.355    15.710    -1.004    -4.080    -0.031     0.323     0.001    -0.027     0.070    -0.033     0.025     0.000    -0.189     0.163    -2.923     0.155     0.000     0.196 

ddG: F91C     7.605    13.334    -0.013    -2.361    -0.026    -0.003     0.001    -0.492     0.100    -1.017     0.455     0.000     0.196    -0.389    -2.365     0.256     0.019    -0.091 

ddG: F91D    11.805    10.010     0.016     5.578    -0.027    -1.053    -0.014    -0.523     0.119    -0.982     0.542     0.000     0.388    -0.353    -0.439     0.605     0.006    -2.069 

ddG: F91E     9.748     6.322     1.344     7.978    -0.019    -1.360     0.002    -0.424    -0.086    -3.470     0.500     0.000     0.333     0.370     0.169     0.476     0.005    -2.391 

ddG: F91F     0.255    -1.038     1.897     0.581    -0.016    -0.669    -0.011    -0.166     0.202    -0.359    -2.781     0.000    -0.252     0.515     2.326     0.017     0.009     0.000 

ddG: F91G     9.660    17.838    -0.027    -4.964    -0.030    -0.181     0.005    -0.509     0.187    -1.086     0.494     0.000     0.498    -0.214    -2.671     0.667     0.005    -0.349 

ddG: F91H     5.712     2.666    -0.853     3.162    -0.029    -0.110     0.016    -0.525     0.390    -1.184     0.306     0.000    -0.010    -0.246     1.899     0.300     0.018    -0.088 

ddG: F91H     3.909     2.017     2.244     3.608    -0.042    -2.272     0.006    -0.448     0.331    -1.406    -2.289     0.000     0.093    -0.197     1.958     0.393     0.003    -0.088 

ddG: F91I     2.975     6.142     5.213    -0.499    -0.024    -3.384    -0.005    -0.451    -0.206    -3.446    -2.269     0.000     0.448     1.204    -0.201    -0.046     0.015     0.483 

ddG: F91K    12.075     4.592     1.107     7.769    -0.007     0.397    -0.024    -0.578     0.217    -3.136     0.527     0.000     0.160     1.053     0.820     0.028     0.015    -0.865 

ddG: F91L     4.294     8.700     2.465    -2.762    -0.022    -1.194     0.005    -0.398    -0.329    -3.367     0.479     0.000     0.464     0.331    -0.416     0.125     0.004     0.207 

ddG: F91M     5.031     6.102     2.142     1.054    -0.038    -2.417    -0.009     0.194     0.051    -2.577    -3.078     0.000     0.097     1.052     2.072     0.703     0.008    -0.328 

ddG: F91N     8.256     8.381     0.206     1.899    -0.017     0.816    -0.003    -0.702     0.330    -1.066     0.521     0.000     0.275     0.028    -1.026     0.251     0.015    -1.654 

ddG: F91P     8.679    13.058     3.107    -3.642    -0.043    -1.231     0.694     0.277     0.136    -0.171    -1.883     0.000    -0.192     0.791    -0.998    -0.451     0.013    -0.783 

ddG: F91Q     7.840     5.666     0.244     3.964    -0.025    -0.201    -0.001    -0.520     0.031    -1.046     0.498     0.000     0.267    -0.415     0.974     0.324     0.019    -1.938 

ddG: F91R    16.100    -1.744     2.953    13.606     0.004     0.574     0.029    -0.473     0.127    -1.684     0.693     0.000     0.375     0.363     1.787     0.169     0.019    -0.698 

ddG: F91S     8.443    14.266     1.633    -1.333    -0.044    -2.386    -0.012    -0.452     0.197    -1.498    -2.276     0.000     0.029    -0.200     0.385     0.437     0.004    -0.306 

ddG: F91T     7.845    12.389     2.364    -0.588    -0.041    -2.308    -0.011    -0.419     0.116    -1.424    -2.229     0.000     0.045    -0.132     0.032     0.369     0.003    -0.321 

ddG: F91V     5.600     7.015     3.506     1.647    -0.023    -2.578     0.001    -0.508    -0.285    -3.140    -0.329     0.000     0.364     1.230    -1.766     0.066     0.019     0.379 

ddG: F91W     4.954    -8.790     5.647     4.911     0.015     0.658    -0.081    -0.236     0.514    -1.700     1.194     0.000     0.468     1.598     0.329    -0.190     0.015     0.601 

ddG: F91Y    -0.055    -0.764     0.999     3.203    -0.006    -1.254     0.037     0.006     0.049    -2.839     0.054     0.000     0.320     0.737    -0.566     0.173     0.156    -0.360 

