ddG: description total fa_atr fa_rep fa_sol fa_intra_rep fa_elec pro_close hbond_sr_bb hbond_lr_bb hbond_bb_sc hbond_sc dslf_fa13 rama omega fa_dun p_aa_pp yhh_planarity ref 
ddG: V65A    -0.345     0.919     0.701    -0.280    -0.013     0.514     0.008    -0.695     0.240     0.660     0.761    -0.042    -0.735     0.362    -1.758    -0.822     0.020    -0.183 

ddG: V65C    -0.759     0.910     0.885    -0.284    -0.014    -0.190     0.007    -0.078     0.117     0.686     0.193    -0.075    -0.609     0.295    -1.439    -0.694     0.002    -0.470 

ddG: V65D     0.213     0.016     0.450     1.544    -0.013     0.122    -0.034     0.413     0.027     0.547     0.132    -0.067    -0.340    -0.335     1.609    -1.403    -0.007    -2.448 

ddG: V65E    -0.421     0.034     0.758     0.711    -0.004     0.371     0.002    -0.046     0.100     0.576     0.563    -0.038    -0.695     0.319     0.404    -0.725     0.019    -2.769 

ddG: V65F    -1.413    -2.389     0.591     1.240     0.005    -0.075    -0.017     0.527     0.153    -0.127     0.555     0.039    -0.610     0.251    -0.459    -0.720     0.001    -0.379 

ddG: V65G    -1.685     1.475    -0.222    -0.613    -0.014     0.493    -0.005    -0.304     0.016     0.465    -0.531    -0.003    -1.065     0.594     0.430    -1.680     0.006    -0.728 

ddG: V65H    -1.232    -0.925     0.311     1.162    -0.019     0.045    -0.016     0.658     0.132    -0.235     1.493    -0.083    -0.889     0.524    -1.512    -1.411     0.001    -0.467 

ddG: V65H    -1.909    -1.711     0.714     0.911    -0.015     0.122     0.005    -0.670     0.247     0.668     0.252    -0.077    -1.000     0.410     0.069    -1.376     0.008    -0.467 

ddG: V65I     2.285    -0.151     0.698     0.243     0.118     0.315     0.001    -0.021     0.096     0.570     0.560    -0.039     0.032     0.308    -1.344     0.776     0.016     0.105 

ddG: V65K    -1.601     0.166     1.126     0.104    -0.015     0.024    -0.001    -0.212     0.076     0.500     0.058    -0.085    -0.592     0.466    -0.924    -1.058     0.008    -1.244 

ddG: V65L    -0.253    -0.418     0.820     0.279    -0.008     0.381     0.002    -0.016     0.111     0.632     0.639    -0.040    -0.502     0.315    -1.812    -0.500     0.037    -0.172 

ddG: V65M     0.119     0.410     0.823     0.503    -0.018     0.136    -0.012     0.588     0.186    -0.225     1.507    -0.074    -0.614     0.747    -2.235    -0.894    -0.002    -0.706 

ddG: V65N    -2.154    -0.252     0.872     0.814    -0.015    -0.100     0.003    -0.136     0.108     0.614     0.111    -0.076    -1.003     0.314     0.037    -1.412    -0.001    -2.032 

ddG: V65P     8.275     1.951     2.580    -1.564    -0.017     0.308     0.598     0.008    -0.107     0.554    -0.016    -0.007     0.715     3.711     2.598    -1.882     0.007    -1.162 

ddG: V65Q    -2.651    -0.552     0.309     1.364    -0.011    -0.764     0.001     0.016     0.131     0.043     0.549    -0.030    -0.881     0.362     0.180    -1.067     0.016    -2.317 

ddG: V65R    -0.792     0.309     0.939     0.153    -0.009     0.007     0.000    -0.151     0.108     0.573     0.046    -0.075    -0.718     0.305    -0.379    -0.821     0.000    -1.077 

ddG: V65S    -0.473     0.890     0.677     0.797    -0.017    -0.362    -0.012     0.525     0.144     0.032     0.562    -0.028    -0.613     0.266    -1.900    -0.752     0.003    -0.685 

ddG: V65T     1.104    -0.090     2.003     0.859    -0.011    -0.298    -0.017     0.025     0.156     0.295     0.058     0.005     0.383     0.270    -1.187    -0.671     0.025    -0.699 

ddG: V65V     0.572     0.582     0.756    -0.027    -0.008    -0.234    -0.018     0.355     0.153     0.087     0.118    -0.073     0.107     0.106    -1.286    -0.042    -0.005     0.000 

ddG: V65W    -1.950    -0.849     0.646    -1.067     0.010    -0.228    -0.005    -0.008     0.085    -0.090     0.031    -0.057    -0.422     0.367    -0.143    -0.472     0.029     0.222 

ddG: V65Y    -1.491    -2.846     0.994     1.264     0.012     0.198     0.001    -0.033     0.070     0.495     0.595    -0.044    -0.618     0.472    -0.553    -0.788     0.028    -0.739 

