ddG: description total fa_atr fa_rep fa_sol fa_intra_rep fa_elec pro_close hbond_sr_bb hbond_lr_bb hbond_bb_sc hbond_sc dslf_fa13 rama omega fa_dun p_aa_pp yhh_planarity ref 
ddG: L58A     2.274     5.973    -1.476    -1.059    -0.009     0.013    -0.001    -0.180     0.201    -0.827     1.528    -0.024    -0.482     0.351    -1.400    -0.315    -0.006    -0.011 

ddG: L58C     3.635     4.452    -1.238     0.493    -0.013    -0.136    -0.015     0.833     0.078    -0.781     1.548    -0.062    -0.227     0.057    -1.048     0.000    -0.008    -0.298 

ddG: L58D     5.507     0.109    -0.836     6.577     0.002     0.003     0.006    -0.404     0.154    -0.078     0.720     0.008    -0.230     0.101     1.662    -0.017     0.006    -2.276 

ddG: L58E     3.247     0.005    -0.699     3.588     0.027    -1.156    -0.015    -0.001    -0.108     0.286    -0.630     0.061     0.489    -0.336     4.608    -0.276     0.001    -2.598 

ddG: L58F     2.044    -1.878    -0.147     0.644     0.022    -0.191     0.003     0.396     0.083    -0.675     0.529     0.060    -0.145     0.210     3.064     0.265     0.010    -0.207 

ddG: L58G     5.206     7.197    -1.223    -1.709     0.003    -0.208     0.001     0.115    -0.117    -0.207    -0.044     0.045     0.371    -0.316     1.211     0.635     0.008    -0.556 

ddG: L58H     2.463    -2.239    -0.703     3.026    -0.015     0.305     0.001     0.341     0.045    -0.798     1.982    -0.020    -0.237     0.585     0.695    -0.219     0.008    -0.295 

ddG: L58H     2.532    -2.579    -0.717     2.457    -0.011     0.254     0.010     0.179    -0.090    -0.281    -0.054     0.039    -0.096    -0.127     3.712     0.142    -0.012    -0.295 

ddG: L58I     0.728    -0.327     0.192     1.119     0.001    -0.359    -0.017     0.770     0.055    -0.994     1.950     0.016    -0.074     0.390    -1.942    -0.349     0.021     0.276 

ddG: L58K     2.700     0.025    -0.766     2.749    -0.003     0.353     0.010    -0.393     0.198    -0.093     0.728     0.081    -0.288     0.075     1.167    -0.109     0.036    -1.072 

ddG: L58L    -0.017    -0.343    -0.202     0.418    -0.002    -0.169     0.002     0.139     0.033    -0.155     0.515     0.121    -0.118     0.010    -0.222    -0.060     0.015     0.000 

ddG: L58M     1.456    -1.002    -0.206     1.681    -0.008     0.146     0.003     0.276     0.012    -0.091     0.579     0.014    -0.184    -0.059     0.694     0.114     0.020    -0.535 

ddG: L58N     3.466    -0.129    -0.583     4.136    -0.009    -0.192     0.004     0.141     0.009    -0.100     0.591     0.002     0.028     0.036     1.186     0.197     0.007    -1.861 

ddG: L58P    14.949     2.527     6.065     0.289    -0.004    -0.398     0.602     2.806     0.104    -0.826     1.331     0.136    -0.250     2.202     2.025    -0.657    -0.014    -0.990 

ddG: L58Q     1.425     0.954    -0.775     1.629    -0.011    -0.447     0.007     0.204     0.032    -0.217    -0.005    -0.023    -0.076    -0.110     2.259     0.152    -0.002    -2.145 

ddG: L58R     3.652    -2.605    -0.397     5.998     0.002    -0.491     0.000     0.071     0.048    -0.164    -0.012     0.041    -0.035     0.084     1.982     0.048    -0.011    -0.905 

ddG: L58S     3.683     3.725    -0.824     1.649     0.018    -1.721    -0.016     0.520    -0.097     0.300    -0.745     0.055     0.363    -0.438     1.639    -0.224    -0.010    -0.513 

ddG: L58T     2.802     3.330    -0.675     1.930     0.000    -0.988     0.003     0.297     0.046    -0.690     0.510     0.029     0.008     0.106    -0.639     0.052     0.011    -0.527 

ddG: L58V     1.623     1.237    -0.169     0.396     0.002    -0.271     0.003     0.175     0.047    -0.103     0.596     0.100    -0.101     0.068    -0.457    -0.090     0.018     0.172 

ddG: L58W     1.674    -7.003    -0.062     2.662     0.024     0.234    -0.010     0.389    -0.062     0.256     0.529     0.089     0.312    -0.329     4.662    -0.423     0.013     0.394 

ddG: L58Y     2.230    -2.340    -0.481     1.833     0.028     0.504     0.002    -0.071     0.200    -0.829     2.063    -0.001    -0.436     0.534     1.853    -0.073     0.012    -0.567 

