ddG: description total fa_atr fa_rep fa_sol fa_intra_rep fa_elec pro_close hbond_sr_bb hbond_lr_bb hbond_bb_sc hbond_sc dslf_fa13 rama omega fa_dun p_aa_pp yhh_planarity ref 
ddG: T56A     0.039     2.243     0.343    -1.154    -0.005    -1.312     0.009    -0.038    -0.132     0.335    -1.119     0.000     0.130     0.014     0.089     0.036     0.084     0.516 

ddG: T56C    -0.113     0.049     0.190     0.882    -0.005    -1.293     0.008    -0.046    -0.110     0.363    -1.109     0.001     0.056     0.040     0.530    -0.058     0.160     0.229 

ddG: T56D     2.830    -5.804     0.283    10.106    -0.007    -1.599     0.012     0.022    -0.055     0.279    -1.508     0.000     0.158     0.370     2.267     0.087    -0.033    -1.749 

ddG: T56E     1.903    -5.056     0.045     8.376    -0.005    -1.936     0.004    -0.068    -0.009    -0.237    -1.109     0.001     0.006     0.279     3.574    -0.058     0.166    -2.070 

ddG: T56F    -3.487   -10.150     0.950     4.166     0.039    -1.399     0.028    -0.050     0.047    -0.223    -1.088     0.004    -0.081     0.236     3.803    -0.227     0.137     0.321 

ddG: T56G     2.066     4.846     0.157    -2.013    -0.007    -1.420     0.016     0.000    -0.123    -0.112    -1.120     0.001     0.516     0.510     0.272     0.413     0.158    -0.029 

ddG: T56H    -0.993    -8.429     0.856     6.175     0.001    -1.910     0.025    -0.015    -0.069     0.176    -1.086     0.001     0.056    -0.036     3.095    -0.165     0.100     0.232 

ddG: T56H    -0.994    -8.391     0.861     6.161     0.001    -1.937     0.025     0.013    -0.054     0.172    -1.109     0.001     0.043    -0.036     3.103    -0.175     0.096     0.232 

ddG: T56I    -3.385    -4.385     0.253    -0.315     0.012     0.412     0.004     0.070     0.040     0.345    -0.061    -0.001    -0.246    -0.141     0.228    -0.394    -0.010     0.804 

ddG: T56K     3.428    -4.976     0.371     4.547    -0.002     1.902     0.019    -0.025    -0.046     0.252    -0.113    -0.001     0.128    -0.070     1.841     0.136     0.012    -0.544 

ddG: T56L    -1.131    -3.360     0.340    -0.842    -0.001     0.778     0.012    -0.005     0.168    -0.216    -0.055     0.002    -0.109    -0.255     2.188    -0.276    -0.028     0.527 

ddG: T56M    -1.383    -4.836     0.620     3.269    -0.003    -1.270     0.009    -0.052    -0.153     0.284    -1.174     0.004     0.142     0.101     1.739    -0.121     0.065    -0.007 

ddG: T56N    -0.222    -3.222     0.802     4.885    -0.002    -2.615     0.018    -0.035    -0.036    -0.013    -1.803     0.002     0.182     0.323     2.564    -0.042     0.104    -1.333 

ddG: T56P     5.344    -0.238     4.121    -1.039     0.016     0.384     0.109    -0.024     0.083     1.782    -1.259    -0.001     0.356     0.528     1.521    -0.499    -0.032    -0.462 

ddG: T56Q    -0.411    -4.641     0.014     4.806    -0.005    -0.999     0.005    -0.034     0.004    -0.153    -1.098     0.001    -0.040     0.058     3.278    -0.154     0.163    -1.617 

ddG: T56R     2.705    -8.429     0.289     9.726     0.004    -0.691     0.012    -0.038     0.179    -0.247    -1.058    -0.001    -0.145     0.010     3.841    -0.316    -0.055    -0.378 

ddG: T56S     1.387     1.597     0.414     1.344    -0.004    -1.753     0.007    -0.064    -0.081     0.011    -1.156    -0.002     0.207     0.253     0.446     0.065     0.086     0.015 

ddG: T56T    -0.321    -0.360     0.218     0.023     0.001    -0.246     0.005    -0.008    -0.006     0.061    -0.156     0.001     0.080     0.089    -0.063     0.039     0.001     0.000 

ddG: T56V    -2.165    -2.222     0.272    -0.835     0.005     0.441     0.006     0.010     0.044    -0.014    -0.043     0.000    -0.222    -0.009    -0.028    -0.266    -0.005     0.699 

ddG: T56W    -3.659   -18.031     2.346     8.424     0.047    -1.171     0.026    -0.096     0.001    -0.288    -1.083     0.000    -0.032     0.615     4.891    -0.387     0.157     0.921 

ddG: T56Y    -3.240    -9.262     1.148     3.837     0.042    -1.319     0.012     0.022     0.044    -0.332    -0.847     0.001    -0.122     0.131     3.455    -0.166     0.155    -0.040 

