ddG: description total fa_atr fa_rep fa_sol fa_intra_rep fa_elec pro_close hbond_sr_bb hbond_lr_bb hbond_bb_sc hbond_sc dslf_fa13 rama omega fa_dun p_aa_pp yhh_planarity ref 
ddG: V20A     2.899     7.200    -0.537    -3.951    -0.010    -1.571     0.003     0.583    -0.046     1.510    -0.052     0.000     0.173     0.112     0.233    -0.511    -0.055    -0.183 

ddG: V20C     2.342     3.550    -0.089     0.069    -0.012    -0.015     0.000     0.027     0.006     0.017     0.001     0.000    -0.267    -0.026     0.211    -0.656    -0.005    -0.470 

ddG: V20D     4.262     0.386     0.231     5.128    -0.008    -0.912    -0.006     0.075    -0.053    -0.001     0.000     0.000    -0.344     0.057     2.581    -0.424     0.000    -2.448 

ddG: V20E     2.931     1.294     0.157     2.191     0.000    -1.942    -0.002     0.677    -0.072     1.326    -0.726     0.000     0.053     0.007     3.178    -0.420    -0.019    -2.769 

ddG: V20F    -2.838    -4.208     0.166     0.175     0.016    -1.241    -0.004     0.554    -0.076     1.276    -0.729     0.000    -0.210     0.148     2.207    -0.516    -0.017    -0.379 

ddG: V20G     4.360     7.667    -0.215    -2.117    -0.017    -0.326    -0.002    -0.007     0.017     0.044    -0.001     0.000     0.208    -0.039    -0.034    -0.092     0.001    -0.728 

ddG: V20H    -1.224    -2.307    -0.148     0.830    -0.006    -1.442     0.000     0.643    -0.144     1.285    -0.727     0.000    -0.261     0.118     2.078    -0.666    -0.009    -0.467 

ddG: V20H    -0.803    -2.582    -0.285     1.713    -0.010    -1.276    -0.002     0.552    -0.078     1.287    -0.727     0.000    -0.248     0.122     1.868    -0.658    -0.013    -0.467 

ddG: V20I     3.534    -1.646     4.334    -1.267     0.005    -1.273     0.007     0.597    -0.212     1.432    -0.725     0.000    -0.056     1.837     0.609    -0.197    -0.016     0.105 

ddG: V20K     1.750     1.661    -0.184    -0.019     0.001    -1.597     0.003     0.647    -0.138     1.458    -0.781     0.000     0.002     0.028     2.327    -0.418     0.004    -1.244 

ddG: V20L     1.869     1.682     0.506    -2.797     0.002    -0.525    -0.003     0.746    -0.147     1.571    -0.040     0.000     0.007     0.357     1.084    -0.345    -0.056    -0.172 

ddG: V20M     2.074     0.436     0.093    -0.169    -0.004     0.035    -0.006     0.066    -0.127    -0.124     0.055     0.000    -0.148     0.146     2.709    -0.171    -0.009    -0.706 

ddG: V20N     2.258     0.067    -0.010     2.733    -0.008     0.043    -0.002     0.018    -0.055    -0.094     0.060     0.000    -0.265    -0.036     2.341    -0.477    -0.025    -2.032 

ddG: V20P     4.071     2.388     2.301    -1.809    -0.007    -2.383     0.829     0.503    -0.085     1.420    -0.770     0.000     1.566     0.807     0.736    -0.271     0.007    -1.162 

ddG: V20Q     1.040     1.018     0.045     0.375    -0.003    -1.668    -0.008     0.657    -0.084     1.426    -0.785     0.000    -0.152     0.036     2.936    -0.439     0.002    -2.317 

ddG: V20R     1.075     1.036    -0.380     1.760     0.006    -2.219    -0.007     0.519    -0.085     0.937    -0.783     0.000     0.010     0.065     2.129    -0.841     0.005    -1.077 

ddG: V20S     3.828     5.791    -0.395    -0.615    -0.009    -1.865     0.002     0.611    -0.052     1.300    -0.728     0.000     0.100     0.117     0.826    -0.569    -0.002    -0.685 

ddG: V20T     2.217     3.371    -0.372     0.707    -0.008    -1.305    -0.005     0.570    -0.044     1.444    -0.781     0.000    -0.235     0.038     0.158    -0.621    -0.002    -0.699 

ddG: V20V     0.025     1.248    -0.242    -0.820     0.001    -1.446     0.005     0.543     0.005     1.305    -0.727     0.000     0.126     0.148     0.223    -0.335    -0.009     0.000 

ddG: V20W    -2.044    -4.970     0.020     0.730     0.016    -1.120    -0.007     0.631    -0.165     1.410    -0.781     0.000    -0.245     0.182     2.663    -0.638     0.005     0.222 

ddG: V20Y    -3.213    -4.019    -0.126     0.524     0.017    -1.462    -0.004     0.541    -0.090     1.392    -0.780     0.000    -0.194     0.102     2.197    -0.573     0.001    -0.739 

