ddG: description total fa_atr fa_rep fa_sol fa_intra_rep fa_elec pro_close hbond_sr_bb hbond_lr_bb hbond_bb_sc hbond_sc dslf_fa13 rama omega fa_dun p_aa_pp yhh_planarity ref 
ddG: E111A     0.294     0.358    -1.322     0.332    -0.017    -0.748     0.015     0.604     0.026     1.005    -0.121     0.000    -0.136    -0.188    -2.687     0.591    -0.007     2.586 

ddG: E111C    -2.160    -0.840    -0.218     1.267    -0.014    -1.721     0.011    -0.762     0.060    -0.079     0.399     0.000     0.546    -0.254    -2.613    -0.237    -0.004     2.300 

ddG: E111D     0.245    -0.825    -1.770     1.439     0.001    -0.920     0.005     0.203     0.193    -0.261     0.199     0.000    -0.048    -0.418     1.816     0.294     0.016     0.322 

ddG: E111E     0.713     0.071    -2.643     1.070    -0.015    -1.081     0.014     0.618     0.117     0.739    -0.305     0.000    -0.241    -0.105     2.128     0.343     0.004     0.000 

ddG: E111F     0.304    -3.350     0.410     2.135    -0.009    -2.685     0.007     0.691     0.060     0.616    -2.817     0.000    -0.486     0.156     2.581     0.616    -0.012     2.391 

ddG: E111G     0.392    -0.699    -0.283    -0.367    -0.007    -0.027     0.007     0.129     0.294    -0.089     0.401     0.000     0.803    -0.058    -2.749     0.991     0.003     2.041 

ddG: E111H     0.206    -3.436    -0.261     2.659    -0.012    -1.248     0.010    -0.712     0.060    -0.076     0.384     0.000     0.672    -0.421    -0.125     0.402     0.009     2.303 

ddG: E111H     1.728    -4.338     1.806     2.996    -0.016    -2.564    -0.009    -0.632     0.347     1.110    -2.262     0.000     0.522    -0.296     2.658     0.109    -0.006     2.303 

ddG: E111I    -0.124    -0.922    -1.779     0.527     0.005    -1.201     0.009     0.150     0.185    -0.269     0.187     0.000    -0.211    -0.309     0.121     0.500     0.009     2.874 

ddG: E111K    -1.186    -0.988     0.660     2.480    -0.034    -3.628     0.008    -0.210     0.045     0.616    -2.769     0.000     0.334     0.239     0.380     0.166    -0.010     1.526 

ddG: E111L    -0.572    -1.308    -0.431    -0.307     0.000     0.324     0.006    -0.027     0.282     0.070     0.447     0.000     0.114    -0.086    -2.471     0.214     0.003     2.598 

ddG: E111M     1.660    -1.761    -1.192     1.727    -0.016     0.514     0.013     0.319     0.171     1.145     0.004     0.000    -0.335     0.272    -1.751     0.498    -0.013     2.063 

ddG: E111N    -0.709    -0.537    -0.555     0.217     0.002    -0.672     0.009     0.176     0.095     0.030     0.402     0.000     0.004    -0.519    -0.779     0.674     0.008     0.737 

ddG: E111P     2.055    -0.416     1.427    -0.618    -0.018    -0.499     0.149     1.504     0.020     1.062    -0.012     0.000     0.045     0.139    -2.499     0.183    -0.021     1.608 

ddG: E111Q    -0.312    -0.785    -1.278     0.963    -0.007    -1.121     0.016     0.711     0.021     0.997    -0.092     0.000     0.078    -0.160    -0.573     0.475    -0.011     0.453 

ddG: E111R     0.229    -0.278    -1.786     0.453    -0.006    -1.394     0.009     0.164     0.186    -0.271     0.203     0.000    -0.179    -0.433     1.253     0.616    -0.003     1.692 

ddG: E111S    -0.142    -0.039    -1.772     0.464    -0.016    -1.524     0.009     0.156     0.184    -0.271     0.200     0.000    -0.031    -0.426     0.101     0.732     0.007     2.085 

ddG: E111T     1.050    -2.766     1.830     3.261    -0.010    -2.406    -0.005     0.296     0.355     1.081    -2.201     0.000     0.415    -0.363    -0.350    -0.179     0.022     2.070 

ddG: E111V    -0.071    -1.522     0.639     1.087    -0.015    -1.892     0.008     0.466     0.234     0.649    -2.887     0.000    -0.422     0.494    -0.318     0.641    -0.002     2.769 

ddG: E111W    -2.004    -5.213     1.476     2.796    -0.005    -3.371     0.000    -0.551     0.121    -0.467    -2.304     0.000     0.275    -0.242     2.266     0.232    -0.009     2.992 

ddG: E111Y    -0.146    -5.134    -0.228     2.307     0.018     0.138     0.006     0.012     0.281    -0.049     0.406     0.000    -0.030     0.214    -0.199     0.075     0.009     2.031 

