ddG: description total fa_atr fa_rep fa_sol fa_intra_rep fa_elec pro_close hbond_sr_bb hbond_lr_bb hbond_bb_sc hbond_sc dslf_fa13 rama omega fa_dun p_aa_pp yhh_planarity ref 
ddG: L76A     4.029     6.909    -0.572    -1.701    -0.009    -0.251    -0.003     0.004     0.014     0.064     0.044     0.000     0.186    -0.206    -0.595     0.155     0.000    -0.011 

ddG: L76C     3.587    10.888    -0.372    -6.001     0.001     2.086    -0.009     0.024    -0.122     0.070     1.212     0.000     0.017    -0.094    -3.644    -0.172     0.001    -0.298 

ddG: L76D     6.802     3.959    -0.486     5.074     0.003     0.912    -0.002    -0.065    -0.119     0.067     0.014     0.000     0.076    -0.091    -0.117    -0.148     0.000    -2.276 

ddG: L76E     6.276    -0.507    -0.313     7.530    -0.005    -0.338    -0.005    -0.016    -0.064     0.031     0.063     0.000    -0.031    -0.193     2.695     0.025     0.000    -2.598 

ddG: L76F     3.419    -1.760     2.410    -3.834     0.032     2.508    -0.020    -0.169     0.060     0.003     1.722     0.000     0.400     1.147     1.241    -0.115     0.000    -0.207 

ddG: L76G     5.214     9.451    -0.687    -2.189    -0.005    -0.051    -0.004    -1.306     0.159     0.044     0.065     0.000     0.494     0.099    -0.682     0.382     0.000    -0.556 

ddG: L76H     1.348     0.152    -0.344     1.942     0.001    -0.119     0.001    -1.275     0.003     0.074     0.113     0.000    -0.187     0.099     1.554    -0.370     0.001    -0.295 

ddG: L76H     3.722    -0.662     0.668    -0.003    -0.001     2.116    -0.013    -0.162    -0.060    -0.024     1.683     0.000     0.324     0.496    -0.061    -0.285     0.000    -0.295 

ddG: L76I    -0.013     3.437     0.292    -4.320     0.027     1.847    -0.009    -1.216     0.260     0.065     1.301     0.000    -0.289    -0.034    -1.195    -0.458     0.001     0.276 

ddG: L76K     7.179     5.971    -0.490    -0.088    -0.002     2.685    -0.011    -0.088    -0.483     0.000     1.554     0.000     0.214     0.066    -1.092     0.016     0.000    -1.072 

ddG: L76L     0.460     4.063    -0.163    -4.949     0.003     2.014    -0.009    -0.167    -0.041    -0.048     1.566     0.000     0.192     0.221    -2.229     0.006     0.000     0.000 

ddG: L76M     1.659     3.906    -0.346    -1.385    -0.003     0.386     0.000     0.030     0.109     0.053     0.058     0.000    -0.368    -0.120    -0.235     0.110     0.000    -0.535 

ddG: L76N     3.690     0.881    -0.525     4.443     0.003    -0.065    -0.003     0.022    -0.029     0.049     0.029     0.000    -0.046    -0.235     1.217    -0.192     0.001    -1.861 

ddG: L76P    21.018     4.562     6.176    -3.301     0.017     0.368     3.714    -1.169     1.236     0.264     0.018     0.000     0.714     2.388     6.850     0.168     0.001    -0.990 

ddG: L76Q     3.377     6.321    -0.282    -3.351    -0.001     2.271    -0.008    -0.190    -0.158    -0.004     1.631     0.000     0.276     0.044    -0.966    -0.057     0.000    -2.145 

ddG: L76R     6.245     0.116    -0.204     6.464     0.004    -0.800     0.000     0.028    -0.488     0.042    -0.177     0.000    -0.085    -0.189     2.414     0.024     0.000    -0.905 

ddG: L76S     4.362     6.286    -0.631     0.501    -0.006    -0.608    -0.004     0.003    -0.094    -0.020     0.014     0.000     0.018    -0.171    -0.434     0.021     0.000    -0.513 

ddG: L76T     3.023     4.200    -0.471     0.733    -0.002    -0.228    -0.004     0.011    -0.182    -0.022    -0.004     0.000    -0.024    -0.062    -0.362    -0.034     0.001    -0.527 

ddG: L76V    -0.012     2.244     0.080    -1.249     0.020     0.077    -0.004    -1.309     0.169     0.074     0.070     0.000    -0.302    -0.054     0.573    -0.573     0.001     0.172 

ddG: L76W    -0.030    -1.069     0.253    -1.496     0.027     2.309    -0.010    -1.495    -0.173     0.014     1.706     0.000     0.000     0.568    -0.837    -0.224     0.001     0.394 

ddG: L76Y     8.872     3.106     2.133    -7.629     0.024     6.808    -0.016    -0.244     0.406    -0.007     3.256     0.000     0.560     1.469    -0.466    -0.015     0.052    -0.567 

