ddG: description total fa_atr fa_rep fa_sol fa_intra_rep fa_elec pro_close hbond_sr_bb hbond_lr_bb hbond_bb_sc hbond_sc dslf_fa13 rama omega fa_dun p_aa_pp yhh_planarity ref 
ddG: K84A     0.026     2.103     0.039    -2.437     0.000    -0.139     0.003     0.117     0.071     0.018     0.061     0.000    -0.087    -0.128    -0.696     0.034     0.007     1.061 

ddG: K84C     0.117     1.317    -0.237    -0.907    -0.002    -0.091     0.000    -0.011    -0.019     0.124    -0.052     0.000     0.000     0.040    -0.740    -0.101     0.021     0.774 

ddG: K84D     2.558    -0.092    -0.262     1.748     0.000    -0.043    -0.001    -0.012     0.004     0.123    -0.042     0.000     0.301    -0.064     1.615     0.465     0.021    -1.204 

ddG: K84E     1.894    -0.065     0.043     1.195     0.005     1.281     0.004    -0.527    -0.009    -1.305     0.732     0.000     0.124     0.030     1.661     0.222     0.029    -1.526 

ddG: K84F    -0.237    -2.287     0.280    -0.407     0.027    -0.230     0.006     0.053     0.055     0.001     0.000     0.000     0.045     0.033     1.607    -0.297     0.012     0.865 

ddG: K84G     0.630     3.680    -0.015    -2.908    -0.002    -0.242     0.003     0.071     0.162     0.114    -0.048     0.000     0.191     0.018    -0.858    -0.084     0.032     0.516 

ddG: K84H     0.567    -3.377     0.298     1.968    -0.002     1.374    -0.001    -0.568     0.069    -1.304     0.737     0.000    -0.072    -0.167     0.603     0.211     0.022     0.777 

ddG: K84H    -0.556    -1.933     0.176    -0.288     0.004    -0.231     0.002     0.100    -0.035     0.110    -0.045     0.000    -0.055    -0.143     1.000    -0.022     0.027     0.777 

ddG: K84I    -0.892    -0.834     0.114    -0.986     0.020     0.135     0.006     0.068    -0.010     0.008     0.012     0.000     0.106     0.017    -0.628    -0.281     0.013     1.348 

ddG: K84K    -0.294     0.408    -0.206    -0.344     0.001    -0.142     0.000    -0.012    -0.015     0.108    -0.055     0.000    -0.009     0.005    -0.035    -0.014     0.015     0.000 

ddG: K84L    -0.273     0.000    -0.166    -0.793     0.008     0.226    -0.001    -0.010    -0.040     0.122    -0.048     0.000     0.060     0.002    -0.760     0.035     0.021     1.072 

ddG: K84M    -1.167    -0.625    -0.054    -1.298     0.007    -0.193     0.002     0.097     0.122     0.121    -0.004     0.000    -0.129    -0.170     0.439    -0.047     0.027     0.537 

ddG: K84N     1.041     0.279    -0.147    -0.525     0.002     0.086     0.003     0.058    -0.036     0.175     0.683     0.000     0.082    -0.025     1.037     0.195    -0.036    -0.789 

ddG: K84P     7.762    -1.512     2.983    -0.264     0.002    -0.220     0.861     0.012     1.744     0.126    -0.271     0.000     1.286     1.495     1.407     0.021     0.011     0.082 

ddG: K84Q    -0.204    -0.421    -0.166     0.099     0.004    -0.044    -0.001    -0.014    -0.009     0.125    -0.055     0.000     0.005     0.061     1.364    -0.099     0.020    -1.073 

ddG: K84R    -0.359    -2.078    -0.042     2.424     0.012    -0.590    -0.001    -0.001     0.016    -0.300    -0.030     0.000    -0.228    -0.076     0.368    -0.026     0.024     0.167 

ddG: K84S     0.645     1.717    -0.238    -0.292    -0.003    -0.115     0.000     0.014     0.099     0.112    -0.008     0.000    -0.169    -0.124    -0.767    -0.158     0.018     0.559 

ddG: K84T     0.837    -0.444     0.594     1.004     0.004     1.477     0.002    -0.460     0.046    -1.411     0.793     0.000    -0.199    -0.096    -0.802    -0.219     0.004     0.544 

ddG: K84V    -0.317    -0.115    -0.123    -1.263     0.011     0.634    -0.001    -0.036     0.050     0.185     0.686     0.000    -0.071    -0.091    -1.061    -0.327    -0.040     1.244 

ddG: K84W     1.234    -5.247     0.044     2.340     0.025    -0.275     0.003    -0.047     0.020    -0.006     0.017     0.000     0.096     0.115     2.881    -0.205     0.007     1.466 

ddG: K84Y    -0.096    -2.308    -0.032     0.543     0.026    -0.188     0.002    -0.032     0.099     0.126    -0.049     0.000     0.058     0.003     1.434    -0.308     0.027     0.505 

