ddG: description total fa_atr fa_rep fa_sol fa_intra_rep fa_elec pro_close hbond_sr_bb hbond_lr_bb hbond_bb_sc hbond_sc dslf_fa13 rama omega fa_dun p_aa_pp yhh_planarity ref 
ddG: D5A    -2.017     2.708    -0.113    -4.514    -0.002    -0.117    -0.002    -0.019     0.006    -0.020     0.014     0.000    -0.209    -0.052    -1.874    -0.098     0.008     2.265 

ddG: D5C    -2.286     1.847     0.020    -3.501    -0.002    -0.030    -0.004     0.000    -0.042    -0.025    -0.058    -0.002    -0.271    -0.126    -1.795    -0.272    -0.001     1.978 

ddG: D5D    -0.024     0.015    -0.019     0.009     0.000     0.006    -0.002    -0.003    -0.001     0.003    -0.001     0.001    -0.006    -0.019     0.000    -0.005    -0.002     0.000 

ddG: D5E    -0.991     0.563     0.129    -1.485     0.002    -0.096    -0.003    -0.025    -0.017     0.028    -0.144     0.001    -0.114    -0.015     0.593    -0.088     0.001    -0.322 

ddG: D5F    -3.520    -3.110     0.201    -1.818     0.024     0.074    -0.004    -0.037    -0.099     0.008    -0.073    -0.004    -0.273    -0.119    -0.029    -0.331    -0.001     2.069 

ddG: D5G    -1.056     3.943    -0.018    -5.001    -0.003    -0.112     0.000    -0.021     0.036     0.027    -0.035     0.002     0.286    -0.035    -2.152     0.305     0.002     1.720 

ddG: D5H    -2.399    -1.934    -0.007    -1.588    -0.001    -0.391     0.001     0.002    -0.101    -0.050    -0.026    -0.001    -0.267    -0.105     0.265    -0.192     0.014     1.981 

ddG: D5H    -2.396    -1.922    -0.012    -1.589    -0.001    -0.394     0.001     0.006    -0.097    -0.050    -0.022    -0.001    -0.287    -0.105     0.271    -0.188     0.014     1.981 

ddG: D5I    -1.667     1.321    -0.114    -3.545     0.016     0.024     0.001    -0.006    -0.115    -0.047    -0.032    -0.003     0.031    -0.067    -1.626    -0.069     0.012     2.553 

ddG: D5K    -1.648     0.225     0.075    -1.544     0.000     0.017     0.000    -0.039    -0.165     0.017    -0.060    -0.003    -0.340    -0.191    -0.577    -0.255    -0.011     1.204 

ddG: D5L    -2.696    -0.173     0.248    -2.858     0.005    -0.106     0.000     0.026     0.114    -0.038    -0.045    -0.002    -0.236     0.141    -1.821    -0.231     0.003     2.276 

ddG: D5M    -2.768    -2.051     0.283    -1.686     0.003    -0.069     0.001     0.033     0.135    -0.036    -0.064     0.001    -0.223     0.196    -0.922    -0.113     0.002     1.742 

ddG: D5N    -1.880     0.035     0.055    -1.730     0.000    -0.076    -0.002     0.006     0.010    -0.032    -0.042    -0.001    -0.052     0.001    -0.382    -0.084     0.000     0.415 

ddG: D5P    -3.333     1.592     0.110    -4.517    -0.001    -0.153     0.218    -0.017     0.327     0.061     0.099     0.005    -0.043     0.225    -2.219    -0.311     0.003     1.286 

ddG: D5Q    -3.397    -2.635     0.286     0.456     0.003    -0.541     0.001     0.020     0.117     0.029    -1.035     0.001    -0.104     0.089    -0.262     0.041     0.005     0.131 

ddG: D5R    -1.377    -1.089     0.257     0.150     0.008    -1.483     0.001    -0.035    -0.224     0.026    -0.582    -0.005    -0.296    -0.211     0.975    -0.233    -0.007     1.371 

ddG: D5S    -2.124     2.324     0.015    -3.565    -0.002    -0.393     0.000     0.000     0.142    -0.022    -0.051     0.001    -0.097     0.042    -2.151    -0.131    -0.001     1.763 

ddG: D5T    -2.547     1.582     0.016    -3.004     0.001    -0.294     0.001    -0.004     0.093    -0.023    -0.073     0.001    -0.166     0.006    -2.283    -0.146     0.000     1.749 

ddG: D5V    -1.667     1.667    -0.090    -3.670     0.013     0.244    -0.002    -0.008    -0.149    -0.041    -0.007    -0.003    -0.097    -0.166    -1.665    -0.150     0.010     2.448 

ddG: D5W    -3.835    -7.825     0.483     1.000     0.020    -0.239     0.000     0.047     0.025    -0.011    -0.025     0.007    -0.259     0.270     0.223    -0.256     0.036     2.670 

ddG: D5Y    -3.903    -4.405     0.382    -0.397     0.023    -0.950     0.000     0.010    -0.017    -0.052    -0.468    -0.004    -0.362    -0.070     0.599    -0.347     0.446     1.709 

