ddG: description total fa_atr fa_rep fa_sol fa_intra_rep fa_elec pro_close hbond_sr_bb hbond_lr_bb hbond_bb_sc hbond_sc dslf_fa13 rama omega fa_dun p_aa_pp yhh_planarity ref 
ddG: H118A     1.864    10.016    -0.607    -5.894     0.003     0.572    -0.003     0.020    -0.006     0.021    -0.030     0.000    -0.413    -0.266    -1.386    -0.448     0.001     0.284 

ddG: H118C     3.418     8.920    -1.334    -3.157    -0.013    -0.704     0.006     0.542    -0.298     1.168    -0.496     0.000     0.057    -0.287    -1.039     0.060    -0.002    -0.003 

ddG: H118D     6.138     6.129    -1.430     3.030    -0.010    -0.874     0.012     0.557    -0.225     1.220    -0.489     0.000    -0.201    -0.312     0.814    -0.101    -0.002    -1.981 

ddG: H118E     1.474     3.264    -1.202     3.657     0.004    -2.460     0.007     0.230    -0.086     1.163    -2.045     0.000    -0.306     0.387     1.466    -0.298    -0.004    -2.303 

ddG: H118F    -1.796    -0.428    -1.095    -1.790     0.013    -1.245    -0.005     0.216    -0.023    -0.221    -0.219     0.000    -0.279    -0.343     3.408     0.122     0.005     0.088 

ddG: H118G     3.190    13.467    -1.101    -6.738    -0.001     0.449    -0.006     0.006    -0.180    -0.016    -0.005     0.000     0.022    -0.680    -1.944     0.177     0.004    -0.261 

ddG: H118H     0.447     0.989    -1.498     0.462    -0.012    -1.320     0.002     0.171    -0.108    -0.218    -0.194     0.000    -0.190    -0.354     2.537     0.175     0.004     0.000 

ddG: H118H     0.165     1.544    -1.537    -0.741    -0.008    -1.180     0.001     0.190    -0.091    -0.225    -0.232     0.000    -0.197    -0.364     2.834     0.166     0.004     0.000 

ddG: H118I    -0.012     5.297     1.344    -3.949    -0.007    -2.774    -0.008     0.580    -0.095     0.844    -3.209     0.000    -0.689     0.050     1.952     0.084    -0.003     0.571 

ddG: H118K     2.645     5.364    -1.681    -0.745    -0.003    -1.368     0.004     0.142    -0.018    -0.240    -0.080     0.000    -0.261    -0.491     2.775     0.020     0.007    -0.777 

ddG: H118L    -0.241     4.741     0.857    -1.988    -0.024    -2.883    -0.001     0.539    -0.231     0.821    -2.983     0.000    -0.224    -0.187     1.194    -0.150    -0.018     0.295 

ddG: H118M     1.523     2.389    -1.398    -0.915    -0.003    -1.192     0.005     0.109     0.007    -0.224    -0.034     0.000    -0.267    -0.391     3.651     0.022     0.003    -0.240 

ddG: H118N     3.107     5.279    -1.769    -0.298    -0.004    -1.014     0.002     0.157    -0.019    -0.205    -0.267     0.000    -0.214    -0.551     3.353     0.220     0.003    -1.566 

ddG: H118P     6.240     5.241     6.163    -4.641    -0.001    -1.305     0.484     0.270     0.924     0.201     0.271     0.000    -0.016     1.194    -1.631    -0.226     0.007    -0.695 

ddG: H118Q     0.234     2.622    -0.039     0.601     0.009     0.030     0.002     0.006     0.034     0.011    -1.399     0.000    -0.320    -0.119     1.118    -0.467    -0.006    -1.850 

ddG: H118R     4.035    -1.557    -0.880     7.268     0.007    -0.789     0.009     0.627    -0.119     0.458    -0.550     0.000    -0.387     0.088     0.858    -0.388     0.000    -0.610 

ddG: H118S     4.701    10.317    -1.255    -3.779    -0.003     0.364     0.003     0.325    -0.201     1.164    -0.482     0.000    -0.368    -0.028    -0.893    -0.240    -0.005    -0.218 

ddG: H118T     2.457     6.609     0.523    -1.201     0.009    -1.561     0.001     0.190    -0.087    -0.028    -0.164     0.000     0.101    -0.175    -1.616     0.085     0.004    -0.232 

ddG: H118V     5.098     5.334     1.023    -3.060     0.017    -0.939    -0.002     0.194     0.104    -0.248     0.508     0.000    -0.115     0.755     1.177    -0.123     0.006     0.467 

ddG: H118W    -6.161    -7.475     3.076     0.559     0.015    -3.764    -0.006     0.294     0.017    -0.441    -2.848     0.000    -0.529    -0.215     4.404     0.078    -0.014     0.689 

ddG: H118Y    -1.562    -0.131    -0.724    -1.848     0.016    -0.635     0.005     0.695    -0.195     1.047    -0.541     0.000    -0.217    -0.109     1.280     0.057     0.008    -0.272 

