ddG: description total fa_atr fa_rep fa_sol fa_intra_rep fa_elec pro_close hbond_sr_bb hbond_lr_bb hbond_bb_sc hbond_sc dslf_fa13 rama omega fa_dun p_aa_pp yhh_planarity ref 
ddG: I9A     6.904    11.597    -0.161    -3.588     0.000     1.946     0.083    -1.047     0.339     0.207     0.970     0.085     0.014     0.256    -2.861    -0.633    -0.017    -0.288 

ddG: I9C     7.988     9.566    -0.232    -1.299    -0.013     1.898     0.087    -0.378     0.195     0.182     0.829     0.090     0.320     0.223    -2.886    -0.017    -0.003    -0.574 

ddG: I9D    10.025     4.675    -0.764     7.810    -0.019     1.469     0.075     0.225     0.251    -0.567     1.161     0.087     0.104     0.192    -1.804    -0.384     0.067    -2.553 

ddG: I9E    10.808     0.981    -1.123     7.130     0.003     2.239     0.064    -0.031    -0.141     0.045     0.751     0.015     0.216    -0.449     4.355    -0.366    -0.008    -2.874 

ddG: I9F     7.180    -3.121     4.475    -1.107     0.048     1.327     0.066     0.179     0.196    -0.267     0.884     0.089     0.342     0.713     3.950    -0.164     0.052    -0.483 

ddG: I9G     8.764    13.836    -0.657    -2.272    -0.011     1.208     0.109     0.161     0.208    -0.422     0.209     0.052     0.388    -0.099    -3.120    -0.070     0.077    -0.833 

ddG: I9H    10.058    -1.939     1.906     3.299     0.021     2.790     0.072    -0.428    -0.013     0.122     0.760    -0.024     0.125     0.285     3.624     0.022     0.006    -0.571 

ddG: I9H     9.705    -1.497     1.576     3.346     0.016     2.269     0.059     0.158     0.075    -0.418     0.799     0.057     0.098     0.073     3.650     0.011     0.003    -0.571 

ddG: I9I     0.290    -0.315     0.968     0.307    -0.004    -0.225    -0.007    -0.188     0.117     0.135     0.032     0.009     0.202     0.565    -1.217    -0.085    -0.004     0.000 

ddG: I9K     8.614     0.821     0.644     6.482    -0.016     0.272     0.071     0.331     0.195    -0.373     0.276     0.003    -0.068     0.145     1.243    -0.069     0.003    -1.348 

ddG: I9L     3.656     3.558     1.620    -2.303     0.012     1.572     0.082     0.231     0.179    -0.405     1.354     0.065     0.097     0.429    -2.204    -0.371     0.015    -0.276 

ddG: I9M     4.034    -0.222     0.644     2.139    -0.015     0.257     0.035     0.654     0.065    -0.009     1.553     0.023     0.209     0.019     0.103    -0.594    -0.015    -0.811 

ddG: I9N     7.219     3.247    -0.222     3.575    -0.019     1.615     0.074    -0.349     0.161     0.217     0.829     0.002     0.418     0.229    -0.533     0.124    -0.011    -2.137 

ddG: I9P    16.390     4.222     4.522    -1.606     0.002     2.736     0.422     3.347     0.054    -0.584     0.179     0.026     0.400     2.541     1.978    -0.634     0.051    -1.266 

ddG: I9Q     5.120     0.862    -0.089     4.026    -0.003     0.746     0.088    -0.108     0.119    -0.537     0.700     0.027     0.201     0.621     1.123    -0.236     0.000    -2.421 

ddG: I9R     9.439    -5.400     0.237    10.079     0.013     1.755     0.091    -0.065     0.048     0.591     0.792     0.016     0.525     0.138     2.042    -0.241     0.001    -1.182 

ddG: I9S     8.640    10.169    -0.880     0.526    -0.016     1.804     0.087     0.336     0.194    -0.565     1.711     0.051    -0.040     0.184    -3.807    -0.386     0.060    -0.789 

ddG: I9T     5.211     7.996    -0.144     0.104    -0.006     0.563     0.043     0.052     0.229    -0.423    -0.296     0.095     0.272     0.104    -2.491    -0.154     0.072    -0.804 

ddG: I9V     0.744     2.901     0.350     0.738    -0.012    -0.641    -0.020     0.353     0.191    -0.355    -0.449     0.047     0.051     0.211    -2.286    -0.304     0.072    -0.105 

ddG: I9W     5.410   -13.898     5.987     5.771     0.069     0.184     0.026    -0.438     0.000     0.685     0.164     0.111     0.714     0.537     5.695    -0.410     0.095     0.118 

ddG: I9Y     7.472    -5.012     5.694     4.305     0.066     0.340    -0.032    -1.107     0.170     0.515    -0.184     0.107     0.490     0.528     2.828    -0.518     0.127    -0.844 

