ddG: description total fa_atr fa_rep fa_sol fa_intra_rep fa_elec pro_close hbond_sr_bb hbond_lr_bb hbond_bb_sc hbond_sc dslf_fa13 rama omega fa_dun p_aa_pp yhh_planarity ref 
ddG: G3A     3.467    -2.731     1.582     1.424     0.008     2.302    -0.003    -0.830     0.040    -1.379     0.783     0.000     0.864    -0.017    -0.349     1.236    -0.010     0.545 

ddG: G3C     5.771    -5.784     2.745     5.168     0.007     0.302    -0.006    -0.891     0.150    -0.134    -0.833     0.000     1.010     0.593     1.314     1.900    -0.031     0.258 

ddG: G3D     3.958    -3.995     1.672     3.700     0.005     0.723    -0.002    -0.453     0.062     0.003    -0.118     0.000     0.991     0.158     2.019     0.921    -0.008    -1.720 

ddG: G3E     4.046    -4.529     1.433     4.503     0.000     1.902    -0.005    -0.821     0.146    -1.451     0.783     0.000     0.812     0.198     1.962     1.162    -0.007    -2.041 

ddG: G3F     4.696    -6.603     1.351     4.042     0.043     2.249    -0.005    -0.887     0.324    -1.492     0.789     0.000     0.879     0.121     2.583     0.965    -0.012     0.349 

ddG: G3G     0.253    -0.612     0.062     0.539    -0.002     0.573    -0.006    -0.029     0.025     0.004     0.004     0.000    -0.076    -0.125    -0.215     0.126    -0.014     0.000 

ddG: G3H     4.626    -5.267     1.550     3.869     0.005     2.391    -0.005    -0.819     0.187    -1.484     0.785     0.000     0.873     0.334     1.217     0.738    -0.011     0.261 

ddG: G3H     4.487    -5.429     1.937     3.362     0.008     2.335    -0.002    -0.723     0.134    -1.585     0.845     0.000     0.856     0.344     1.428     0.744    -0.026     0.261 

ddG: G3I     9.597    -4.991     3.874     3.608     0.012     2.187    -0.006    -0.763     0.478    -1.390     1.524     0.000     0.994     0.679     1.773     0.859    -0.073     0.833 

ddG: G3K     2.972    -4.067     1.480     3.468     0.011     1.703     0.000    -0.879     0.076    -1.500     0.783     0.000     0.866     0.175     0.539     0.838    -0.004    -0.516 

ddG: G3L     3.896    -5.113     1.849     3.260     0.006     2.094    -0.003    -0.578    -0.095    -1.479     0.841     0.000     0.656     0.028     0.081     1.819    -0.028     0.556 

ddG: G3M     4.809    -4.956     1.416     3.685     0.000     2.033    -0.006    -0.660     0.044    -1.448     0.784     0.000     1.634     0.101     0.531     1.647    -0.017     0.022 

ddG: G3N     1.998    -4.402     1.404     3.322     0.010     1.679    -0.002    -0.827     0.223    -1.495     0.787     0.000     0.799     0.184     0.963     0.662    -0.007    -1.304 

ddG: G3P   110.165    -5.080    78.811     3.299     0.024     2.000     8.098    -0.038     0.519    -1.289     0.782     0.000     2.477     7.503    11.015     2.493    -0.015    -0.434 

ddG: G3Q     4.327    -6.689     2.853     5.112     0.017     0.142    -0.003    -0.764     0.092    -0.135    -0.796     0.000     1.193     0.658     3.060     1.200    -0.025    -1.589 

ddG: G3R     3.798    -4.801     1.563     3.757     0.007     1.560    -0.003    -0.635     0.102    -1.466     0.789     0.000     0.812     0.220     1.061     1.196    -0.015    -0.349 

ddG: G3S     5.668    -2.882     1.942     2.988     0.003     1.637    -0.007    -0.465     0.121    -1.387     0.780     0.000     0.868     0.475    -0.298     1.857    -0.008     0.043 

ddG: G3T     5.460    -4.382     1.826     4.951     0.007     2.352    -0.005    -0.950     0.106    -1.433     0.781     0.000     1.325     0.161    -0.390     1.123    -0.039     0.029 

ddG: G3V    10.871    -4.344     5.112     2.624     0.016     0.652    -0.003    -0.635     0.422    -0.005     0.213     0.000     1.518     0.648     2.329     1.600    -0.004     0.728 

ddG: G3W     4.558    -7.678     1.591     4.605     0.028     1.894    -0.003    -0.753     0.099    -1.490     0.781     0.000     0.701     0.124     2.357     1.352    -0.002     0.950 

ddG: G3Y     4.681    -7.341     1.297     4.789     0.041     2.308    -0.006    -0.722     0.010    -1.389     0.783     0.000     0.609     0.000     2.745     1.540     0.027    -0.011 

