ddG: description total fa_atr fa_rep fa_sol fa_intra_rep fa_elec pro_close hbond_sr_bb hbond_lr_bb hbond_bb_sc hbond_sc dslf_fa13 rama omega fa_dun p_aa_pp yhh_planarity ref 
ddG: T9A     0.184     1.598    -0.214    -2.605    -0.005     1.339     0.000     0.028    -0.158    -0.071    -0.001     0.003    -0.126     0.082    -0.098    -0.112     0.008     0.516 

ddG: T9C     0.483     1.120    -0.129    -2.017    -0.005     1.070     0.009    -0.024    -0.071    -0.012    -0.115     0.000     0.088     0.155     0.177     0.004     0.004     0.229 

ddG: T9D     0.936    -1.036    -0.093     1.796     0.006     0.666    -0.004    -0.040    -0.147    -0.066     0.038    -0.005    -0.035     0.100     1.747    -0.253     0.012    -1.749 

ddG: T9E    -0.256    -1.300    -0.219     1.002     0.011     0.034    -0.018    -0.110    -0.183    -0.454    -0.487     0.021     0.058     0.509     3.137    -0.201     0.014    -2.070 

ddG: T9F     0.179    -2.932     0.011    -0.453     0.026     0.753     0.000    -0.076    -0.093    -0.048    -0.031    -0.021     0.186     0.555     1.832     0.150     0.000     0.321 

ddG: T9G     0.907     2.795    -0.172    -3.191    -0.007     1.295     0.000    -0.026    -0.104    -0.022     0.050     0.010     0.149     0.124    -0.108     0.143     0.000    -0.029 

ddG: T9H    -1.065    -3.123    -0.007     0.166     0.003     0.031     0.001     0.012    -0.193    -0.023    -0.937     0.001     0.060     0.174     2.622    -0.086     0.001     0.232 

ddG: T9H    -0.417    -3.230     0.004     0.401     0.005     0.553    -0.001    -0.008    -0.212     0.002    -0.886     0.001     0.044     0.117     2.646    -0.080    -0.005     0.232 

ddG: T9I     3.125    -1.212     0.930    -0.958     0.021     1.622    -0.004     0.090     0.323     0.037     0.119     0.006     0.092     0.006     1.042     0.211    -0.007     0.804 

ddG: T9K     0.072    -0.451    -0.077    -0.549    -0.002     1.212     0.006     0.004    -0.147    -0.012     0.004     0.001    -0.086     0.060     0.737    -0.083     0.000    -0.544 

ddG: T9L     0.347    -0.941     0.011    -0.434     0.002     1.498     0.006    -0.049    -0.154    -0.028    -0.084    -0.005     0.057     0.038    -0.086    -0.001    -0.010     0.527 

ddG: T9M     0.156     0.315    -0.312    -1.474     0.000     1.297     0.004    -0.024    -0.117    -0.075    -0.044     0.001    -0.038     0.133     0.591    -0.127     0.035    -0.007 

ddG: T9N     0.119    -0.812     0.017    -0.060     0.001     1.231     0.013    -0.090    -0.153     0.007    -0.120     0.001     0.076     0.135     1.348    -0.122    -0.020    -1.333 

ddG: T9P     6.517    -0.988     4.637    -2.250     0.005     1.557     0.081     0.374     1.867     0.076    -0.035    -0.035     0.777     0.449     0.971    -0.505     0.002    -0.462 

ddG: T9Q    -0.072    -1.122    -0.082    -0.346     0.005     0.791    -0.002    -0.068    -0.123     0.009    -0.077     0.003     0.010     0.241     2.431    -0.123     0.000    -1.617 

ddG: T9R     0.928    -0.222    -0.216    -0.280     0.003     1.003     0.004     0.091    -0.142    -0.077     0.008     0.002    -0.085     0.050     1.250    -0.092     0.009    -0.378 

ddG: T9S    -0.828     0.601    -0.072    -0.668    -0.004    -0.151     0.001     0.018    -0.120    -0.035    -0.036     0.013    -0.165     0.034     0.065    -0.322     0.000     0.015 

ddG: T9T     0.232     0.199    -0.074     0.003    -0.001     0.254    -0.009    -0.035    -0.004    -0.043    -0.036     0.000     0.027     0.002    -0.047     0.006    -0.012     0.000 

ddG: T9V     2.694    -0.882     1.033    -1.374     0.014     1.584    -0.005     0.107     0.230     0.090     0.010     0.003     0.147     0.029     0.784     0.225     0.000     0.699 

ddG: T9W     0.631    -4.759    -0.043     1.576     0.028     0.865     0.006    -0.104    -0.231    -0.095    -0.034    -0.011     0.111     0.214     2.343    -0.167     0.011     0.921 

ddG: T9Y     0.713    -4.083     0.188     1.530     0.025     0.586    -0.003    -0.155    -0.092     0.010    -0.129    -0.018     0.270     0.716     1.814     0.084     0.009    -0.040 

