ddG: description total fa_atr fa_rep fa_sol fa_intra_rep fa_elec pro_close hbond_sr_bb hbond_lr_bb hbond_bb_sc hbond_sc dslf_fa13 rama omega fa_dun p_aa_pp yhh_planarity ref 
ddG: R40A     1.487     2.784    -0.111    -3.089    -0.008     2.470     0.000    -0.040    -0.014    -0.112     0.450     0.001    -0.039    -0.237    -1.253    -0.205    -0.005     0.894 

ddG: R40C     2.132     1.931     0.196    -2.143    -0.007     2.444    -0.005    -0.030    -0.006    -0.070     0.491     0.002     0.120    -0.376    -1.099     0.144    -0.066     0.607 

ddG: R40D     3.062     0.597    -0.013     0.008    -0.005     3.286    -0.003    -0.041    -0.012    -0.013     0.445     0.002     0.145    -0.284     0.242     0.097    -0.020    -1.371 

ddG: R40E     2.927     1.198    -0.134    -1.140    -0.004     3.158     0.001    -0.016     0.010     0.021     0.503     0.002     0.005    -0.113     1.160    -0.032     0.002    -1.692 

ddG: R40F     2.842     1.047     0.291    -2.129     0.026     2.391    -0.007    -0.062    -0.011    -0.072     0.413     0.001     0.338    -0.320     0.329    -0.018    -0.076     0.698 

ddG: R40G     2.123     3.518    -0.058    -3.423    -0.010     2.449    -0.001    -0.055    -0.019    -0.177     0.405     0.000     0.271    -0.179    -1.323     0.374     0.003     0.349 

ddG: R40H     2.475    -0.874     0.066    -0.742    -0.001     2.667    -0.009    -0.065    -0.022    -0.085     0.505     0.002     0.092    -0.042     0.319     0.076    -0.024     0.610 

ddG: R40H     2.467    -0.939     0.064    -0.693    -0.001     2.660    -0.005    -0.075    -0.021    -0.086     0.475     0.001     0.089    -0.006     0.333     0.068    -0.008     0.610 

ddG: R40I     1.894     1.472    -0.175    -2.350     0.023     2.381     0.000    -0.013     0.010    -0.063     0.475     0.000     0.300    -0.204    -1.201     0.049     0.008     1.182 

ddG: R40K     1.803     2.552    -0.143    -2.722    -0.001     2.362     0.002    -0.054     0.002    -0.123     0.451     0.002     0.072    -0.262    -0.134    -0.040     0.006    -0.167 

ddG: R40L     1.205     0.794    -0.145    -1.871    -0.001     2.445     0.001     0.003    -0.003    -0.085     0.443     0.002     0.119    -0.107    -1.243    -0.045    -0.006     0.905 

ddG: R40M     1.573     1.005    -0.087    -1.917    -0.004     2.531    -0.002    -0.005    -0.018    -0.106     0.455     0.001     0.077    -0.173    -0.451    -0.098    -0.005     0.371 

ddG: R40N     0.701     0.698    -0.223    -0.832    -0.005     1.745    -0.010    -0.021     0.001    -0.112     0.234     0.000     0.159    -0.058    -0.014     0.097    -0.003    -0.955 

ddG: R40P     2.302     0.630     2.274    -2.816    -0.007     2.164     0.228     0.102    -0.018     0.423     0.415     0.002     0.587    -0.083    -1.422    -0.022    -0.070    -0.084 

ddG: R40Q     0.799     0.966     0.075    -1.293    -0.004     1.388    -0.005    -0.030     0.003    -0.015     0.197     0.001     0.150    -0.227     1.008    -0.106    -0.069    -1.240 

ddG: R40R    -0.023    -0.065     0.078    -0.002     0.000    -0.004    -0.002    -0.022    -0.006     0.053    -0.088     0.002     0.072    -0.006    -0.059     0.027    -0.002     0.000 

ddG: R40S     1.240     2.507    -0.058    -2.332    -0.008     2.024    -0.007    -0.064    -0.022    -0.116     0.426     0.001    -0.049    -0.134    -1.206    -0.102    -0.014     0.392 

ddG: R40T     1.467     1.547    -0.069    -1.802    -0.005     2.155     0.000    -0.011    -0.012    -0.075     0.450     0.001     0.126    -0.084    -1.311     0.187    -0.007     0.378 

ddG: R40V     1.813     1.511    -0.042    -2.384     0.017     2.416     0.001    -0.018    -0.012    -0.103     0.384     0.001     0.289    -0.267    -1.234     0.181    -0.005     1.077 

ddG: R40W     2.836     0.294     0.145    -1.892     0.022     2.388     0.000    -0.026    -0.020    -0.118     0.458     0.001     0.019    -0.319     0.607    -0.017    -0.004     1.299 

ddG: R40Y     2.493     1.018     0.320    -2.100     0.026     2.376    -0.002    -0.084    -0.016    -0.071     0.417     0.002     0.363    -0.366     0.366    -0.012    -0.084     0.338 

