ddG: description total fa_atr fa_rep fa_sol fa_intra_rep fa_elec pro_close hbond_sr_bb hbond_lr_bb hbond_bb_sc hbond_sc dslf_fa13 rama omega fa_dun p_aa_pp yhh_planarity ref 
ddG: V87A     0.180     0.365     0.061     0.440    -0.016    -0.188    -0.005    -0.068     0.060    -0.006     0.000     0.000     0.114    -0.095    -0.506     0.211    -0.004    -0.183 

ddG: V87C     0.603    -1.069     0.329     2.057    -0.018     1.520    -0.006    -0.629     0.087    -1.429     0.781     0.000    -0.070    -0.146    -0.370     0.040    -0.005    -0.470 

ddG: V87D     0.353    -1.583     0.450     2.609    -0.012     1.030    -0.003    -0.547     0.016    -1.434     0.781     0.000    -0.416    -0.069     1.877     0.135    -0.032    -2.448 

ddG: V87E    -0.214    -0.250     0.076     1.075    -0.012    -0.070    -0.005    -0.068     0.060    -0.012     0.000     0.000    -0.099    -0.072     1.930     0.005    -0.004    -2.769 

ddG: V87F    -0.109    -3.082     0.735     1.696     0.013     1.328    -0.003    -0.552     0.034    -1.532     0.848     0.000     0.017    -0.168     1.081    -0.124    -0.022    -0.379 

ddG: V87G     0.407     1.062    -0.074     0.805    -0.017    -0.382    -0.002    -0.117     0.090    -0.055    -0.129     0.000     0.191     0.006    -0.375     0.143    -0.009    -0.728 

ddG: V87H    -0.106    -0.988     0.213     0.930    -0.011    -0.207     0.001     0.015     0.016    -0.110     0.055     0.000    -0.072    -0.057     1.034    -0.431    -0.026    -0.467 

ddG: V87H    -0.957    -1.113     0.185     0.439    -0.011    -0.298    -0.003     0.012    -0.002    -0.001     0.003     0.000    -0.162    -0.135     0.942    -0.343    -0.004    -0.467 

ddG: V87I     0.202    -2.107     0.545     1.391     0.006     1.393    -0.004    -0.544     0.014    -1.434     0.785     0.000    -0.001    -0.106    -0.204     0.366    -0.003     0.105 

ddG: V87K    -0.227     0.208    -0.121     0.967    -0.013    -0.203    -0.003    -0.118     0.095     0.001    -0.002     0.000    -0.026     0.007     0.440    -0.215     0.000    -1.244 

ddG: V87L    -1.319    -0.385     0.214    -0.176    -0.006    -0.316    -0.003     0.017    -0.002    -0.015     0.000     0.000    -0.120    -0.103    -0.220    -0.029    -0.003    -0.172 

ddG: V87M    -0.752    -0.405     0.265     0.089    -0.009    -0.221    -0.002     0.013    -0.003    -0.007    -0.001     0.000    -0.237    -0.045     0.537    -0.018    -0.002    -0.706 

ddG: V87N    -0.436    -0.282    -0.080     1.731    -0.013    -0.446    -0.002    -0.117     0.091    -0.002     0.003     0.000    -0.137    -0.003     1.235    -0.378    -0.002    -2.032 

ddG: V87P    -0.889    -0.772     0.242    -0.022    -0.008    -0.563     0.383    -0.009    -0.008    -0.007     0.027     0.000     0.029     0.253     0.333     0.400    -0.006    -1.162 

ddG: V87Q    -0.118    -0.669     0.060     0.355    -0.009     0.474    -0.002     0.003     0.026     0.057     0.736     0.000    -0.190    -0.040     1.564    -0.100    -0.067    -2.317 

ddG: V87R     0.094    -0.174     0.092     0.905    -0.008    -0.111    -0.005    -0.075     0.063    -0.015    -0.002     0.000    -0.139    -0.087     0.898    -0.169    -0.003    -1.077 

ddG: V87S     0.024    -0.905     0.526     1.491    -0.013     0.933    -0.004    -0.545     0.019    -1.442     0.781     0.000    -0.169    -0.096    -0.072     0.204     0.001    -0.685 

ddG: V87T    -1.433    -0.213     0.427     0.458    -0.011    -0.333    -0.002     0.027     0.009    -0.118     0.052     0.000    -0.207    -0.116    -0.281    -0.404    -0.021    -0.699 

ddG: V87V     0.466    -1.883     0.310     2.039    -0.008     1.526    -0.007    -0.623     0.079    -1.431     0.782     0.000    -0.105    -0.126    -0.409     0.324    -0.004     0.000 

ddG: V87W    -0.411    -5.051     0.691     2.122     0.016     1.304    -0.002    -0.526     0.012    -1.415     0.802     0.000     0.066    -0.200     1.869    -0.317    -0.004     0.222 

ddG: V87Y    -0.751    -1.814     0.396     0.355     0.015     0.238    -0.002     0.034    -0.006    -0.112     0.053     0.000    -0.129    -0.141     1.368    -0.248    -0.021    -0.739 

