ddG: description total fa_atr fa_rep fa_sol fa_intra_rep fa_elec pro_close hbond_sr_bb hbond_lr_bb hbond_bb_sc hbond_sc dslf_fa13 rama omega fa_dun p_aa_pp yhh_planarity ref 
ddG: M18A     4.436     1.389    -0.301     5.303    -0.005    -2.843     0.006     0.197     0.013     0.043    -1.559     0.000    -0.345    -0.261     2.220     0.056     0.000     0.523 

ddG: M18C     4.387     2.211    -0.207     4.635    -0.004    -2.248     0.006     0.168     0.030     0.083    -1.552     0.000    -0.183    -0.208     1.071     0.348     0.000     0.237 

ddG: M18D     8.551    -4.424    -0.353    15.978    -0.003    -3.145     0.006     0.208     0.031     0.069    -1.552     0.000    -0.311    -0.273     3.837     0.225     0.000    -1.742 

ddG: M18E     7.609     0.014    -0.103     8.804     0.000    -0.542     0.000     0.023    -0.001     0.037     0.007     0.000    -0.136    -0.020     1.597    -0.008     0.000    -2.063 

ddG: M18F     4.793   -12.562     3.814     7.669     0.046    -2.797    -0.015     0.236    -0.020     0.295    -1.294     0.000    -0.137     1.385     7.612     0.233     0.000     0.328 

ddG: M18G     7.609     4.543    -0.353     5.057    -0.006    -2.892     0.008     0.204     0.026     0.076    -1.490     0.000    -0.024    -0.268     2.177     0.573     0.000    -0.022 

ddG: M18H     4.733   -10.702     1.814    11.810    -0.006    -2.769    -0.002     0.237     0.014     0.180    -1.444     0.000    -0.214     0.276     5.007     0.292     0.000     0.240 

ddG: M18H     5.113    -6.592     1.657     6.850    -0.003    -0.747    -0.003     0.048    -0.012     0.125     0.115     0.000    -0.019     0.458     2.701     0.295     0.000     0.240 

ddG: M18I     1.366     0.634     1.368    -0.352     0.026    -0.359     0.002     0.160     0.040     0.104    -0.253     0.000    -0.127    -0.067    -0.705     0.083     0.000     0.811 

ddG: M18K     9.152    -5.691     0.276    13.723     0.005    -0.532     0.000     0.366     0.047     0.059    -0.266     0.000    -0.439    -0.298     2.239     0.201     0.000    -0.537 

ddG: M18L     0.394    -6.104     1.259     6.302     0.001    -2.800     0.009     0.078     0.054     0.026    -1.488     0.000    -0.179    -0.150     2.845     0.007     0.000     0.535 

ddG: M18M    -0.281    -6.933     0.016     7.792    -0.005    -2.862     0.005     0.247     0.026     0.025    -1.559     0.000    -0.288    -0.275     3.502     0.027     0.000     0.000 

ddG: M18N     5.243     1.221    -0.067     5.201     0.007    -0.221    -0.002     0.228     0.051     0.101    -0.365     0.000    -0.067    -0.178     0.312     0.348     0.000    -1.326 

ddG: M18P    13.512     3.307     6.117    -0.852    -0.003    -0.054     0.472     1.966     0.062    -0.534     0.220     0.000     0.201     1.970     0.406     0.691     0.001    -0.455 

ddG: M18Q     3.896    -0.420     0.302     4.294    -0.002     0.080    -0.003     0.039    -0.004     0.031     0.086     0.000    -0.061     0.007     1.112     0.045     0.000    -1.610 

ddG: M18R    12.943    -9.811     1.792    16.956     0.008     0.765     0.001     0.364    -0.005     0.079     0.185     0.000    -0.256     0.285     2.765     0.186     0.000    -0.371 

ddG: M18S     6.721     7.759    -0.347    -0.004    -0.001    -0.211     0.004    -0.014    -0.013     0.037     0.006     0.000    -0.037     0.023    -0.885     0.381     0.000     0.022 

ddG: M18T     6.180     2.438    -0.108     3.871     0.001    -1.015     0.002     0.219     0.013    -0.005    -0.006     0.000    -0.038     0.001     0.503     0.297     0.000     0.007 

ddG: M18V     2.988    -2.902     0.940     5.876     0.012    -2.878     0.003     0.132     0.022     0.039    -1.512     0.000    -0.150    -0.202     2.734     0.166     0.000     0.706 

ddG: M18W     2.348   -17.720     5.079     9.950     0.036    -1.899    -0.028    -0.355     0.044     0.323    -0.561     0.000    -0.118     1.131     5.364     0.173     0.000     0.928 

ddG: M18Y    10.372    -5.254     5.259     2.190     0.045     0.352    -0.026     0.186    -0.127     0.303     0.477     0.000     0.255     2.121     4.003     0.425     0.195    -0.033 

