ddG: description total fa_atr fa_rep fa_sol fa_intra_rep fa_elec pro_close hbond_sr_bb hbond_lr_bb hbond_bb_sc hbond_sc dslf_fa13 rama omega fa_dun p_aa_pp yhh_planarity ref 
ddG: T92A    -5.951     1.674     0.765    -3.034    -0.005    -1.557    -0.073    -0.313    -0.145    -3.416     0.481     0.000     0.130     0.356    -1.358     0.025     0.003     0.516 

ddG: T92C    -4.137    -0.008    -0.002     0.389    -0.013    -1.591    -0.064     0.104    -0.222    -2.447     0.059     0.000     0.063     0.794    -1.550     0.136    -0.015     0.229 

ddG: T92D    -4.329    -3.122     2.628     5.271    -0.024    -4.510    -0.062    -0.272    -0.086    -3.733    -2.170     0.000     0.101     0.332     2.775     0.289     0.002    -1.749 

ddG: T92E    -5.955    -2.003     0.903     1.576    -0.001    -2.791    -0.073    -0.339    -0.120    -3.230    -0.212     0.000     0.275     0.227     1.790     0.122    -0.010    -2.070 

ddG: T92F    -3.721    -7.525     2.327     3.089     0.042    -1.010    -0.066    -0.559    -0.351    -2.362    -0.521     0.000     0.062     0.639     2.471    -0.274    -0.003     0.321 

ddG: T92G    -2.819     4.644    -0.187    -3.327    -0.011    -1.279    -0.061     0.138    -0.219    -2.463     0.036     0.000     0.315     0.660    -1.513     0.491    -0.015    -0.029 

ddG: T92H    -6.879    -3.909     3.124    -1.481    -0.020    -1.698    -0.018    -0.218     0.135    -5.141    -2.115     0.000    -0.123     0.703     3.487     0.164    -0.001     0.232 

ddG: T92H    -7.296    -4.052     0.716     0.383     0.000    -1.936    -0.007     0.163    -0.222    -3.586     0.024     0.000     0.015     0.689     0.212     0.087    -0.015     0.232 

ddG: T92I    -5.812    -3.246     1.905    -0.776     0.025    -1.751     0.043    -0.362    -0.159    -3.476     0.482     0.000     0.416     0.593    -0.436     0.122     0.003     0.804 

ddG: T92K    -2.940    -1.216     1.068     0.405    -0.005    -1.602    -0.002     0.108    -0.182    -2.311     0.025     0.000     0.023     0.619     0.599     0.087    -0.014    -0.544 

ddG: T92L    -5.285    -4.572     1.675     3.028    -0.003    -3.006     0.029    -0.283    -0.129    -3.518    -0.323     0.000    -0.106     0.234     1.023     0.149    -0.010     0.527 

ddG: T92M    -6.138    -2.512     0.999    -1.188     0.007    -0.552    -0.072    -0.528     0.047    -3.479     0.513     0.000     0.148     0.867    -0.389     0.008     0.001    -0.007 

ddG: T92N    -5.972    -2.360    -0.487     1.779    -0.007    -2.079    -0.058    -0.394    -0.066    -5.301     0.316     0.000     0.125     0.559     2.902     0.427     0.005    -1.333 

ddG: T92P    -1.208    -1.672     2.626    -1.842    -0.006    -0.299     0.020     0.243    -0.083    -0.552    -0.002     0.000    -0.053    -0.070     1.685    -0.740     0.000    -0.462 

ddG: T92Q    -5.451    -2.970     0.942    -0.253     0.006    -0.254    -0.072    -0.526     0.045    -3.540     0.500     0.000     0.175     0.965     1.016     0.130     0.001    -1.617 

ddG: T92R    -2.488    -5.528     1.527     4.495     0.003    -0.335    -0.007    -0.537     0.077    -3.260     0.601     0.000     0.062     0.584     0.278    -0.072     0.002    -0.378 

ddG: T92S    -4.988     1.045     0.818    -1.070    -0.002    -2.222    -0.062    -0.325    -0.151    -3.366     0.486     0.000     0.224     0.414    -0.910     0.115     0.004     0.015 

ddG: T92T    -0.625    -1.236     0.976    -0.529     0.011     0.875    -0.007    -0.636     0.255    -1.054     0.486     0.000     0.097     0.116     0.098    -0.078     0.001     0.000 

ddG: T92V    -4.756    -1.432     0.946    -1.280     0.008    -1.079     0.048     0.067    -0.230    -2.263     0.088     0.000     0.174     0.867    -1.491     0.122    -0.001     0.699 

ddG: T92W    -5.251   -11.123     2.428     4.361     0.037    -1.061    -0.053    -0.461    -0.044    -2.432    -0.267     0.000     0.234     0.519     1.777    -0.090     0.002     0.921 

ddG: T92Y    -4.973   -10.152     3.713     6.292    -0.006    -3.550     0.176    -0.314    -0.098    -2.162    -2.233     0.000     0.146     0.362     2.715     0.176     0.001    -0.040 

