ddG: description total fa_atr fa_rep fa_sol fa_intra_rep fa_elec pro_close hbond_sr_bb hbond_lr_bb hbond_bb_sc hbond_sc dslf_fa13 rama omega fa_dun p_aa_pp yhh_planarity ref 
ddG: V104A     0.927     2.975    -1.115     0.031    -0.023    -1.148     0.009     0.751    -0.263     1.047    -0.485     0.000    -0.303    -0.138    -0.046    -0.167    -0.016    -0.183 

ddG: V104C     0.909     0.691    -0.105     0.584    -0.011    -0.137     0.001     0.138     0.008    -0.032    -0.001     0.000    -0.088    -0.015     0.137     0.207     0.000    -0.470 

ddG: V104D     1.899    -1.339     1.826     5.330    -0.028    -2.638    -0.009     0.096     0.092    -0.381    -2.796     0.000    -0.273     0.166     4.140     0.160     0.000    -2.448 

ddG: V104E     0.815    -1.035    -0.148     4.383    -0.013    -1.465     0.002     0.307    -0.206    -0.035     0.001     0.000    -0.173    -0.383     2.372    -0.026     0.003    -2.769 

ddG: V104F     0.057     0.255    -0.057     0.371     0.017    -1.562     0.005     0.060    -0.180    -0.037    -0.025     0.000     0.129    -0.387     1.752     0.107    -0.012    -0.379 

ddG: V104G     2.004     3.567    -0.174     0.480    -0.021    -1.322     0.002     0.242    -0.210    -0.026     0.000     0.000     0.270    -0.399    -0.143     0.464     0.003    -0.728 

ddG: V104H     1.958     3.620     0.243    -3.720    -0.027    -0.010     0.000     0.196    -0.167     1.240    -0.191     0.000     0.085    -0.379     1.324     0.219    -0.009    -0.467 

ddG: V104H     1.267    -0.182     0.061     0.507    -0.008    -0.178    -0.001    -0.098     0.010     0.003    -0.025     0.000     0.004     0.041     1.505     0.094     0.001    -0.467 

ddG: V104I    -0.322     0.079    -0.898     0.904    -0.004    -1.221     0.006     0.606    -0.257     1.043    -0.498     0.000    -0.115    -0.072     0.028    -0.014    -0.016     0.105 

ddG: V104K     0.030    -0.423    -0.323     1.955    -0.013    -0.776    -0.001     0.311    -0.189     0.085     0.030     0.000    -0.158    -0.406     1.128     0.063    -0.008    -1.244 

ddG: V104L    -1.666    -0.698    -0.003     0.391    -0.010    -1.206    -0.001     0.354    -0.165    -0.023    -0.038     0.000    -0.036    -0.451     0.428    -0.039     0.003    -0.172 

ddG: V104M    -0.036     0.643     0.722     1.470    -0.040    -3.317     0.000     0.790    -0.215     0.768    -3.211     0.000    -0.375    -0.026     3.396     0.082    -0.017    -0.706 

ddG: V104N     1.322    -0.216    -1.405     2.950    -0.020    -1.574    -0.001     0.300    -0.070    -0.230    -0.178     0.000    -0.169    -0.328     3.988     0.301     0.006    -2.032 

ddG: V104P     8.443     1.068     2.478    -0.454    -0.007    -1.610     0.215     1.650    -0.126    -0.218    -0.098     0.000     0.619     1.590     4.764    -0.273     0.008    -1.162 

ddG: V104Q     0.517    -0.239    -1.033     2.210    -0.020    -0.889     0.010     0.748    -0.249     1.039    -0.481     0.000    -0.271    -0.098     2.232    -0.110    -0.016    -2.317 

ddG: V104R     3.628    -2.255    -0.925     4.576    -0.009     0.785     0.006     0.522    -0.102     1.083    -0.506     0.000    -0.428     0.303     1.822    -0.161    -0.004    -1.077 

ddG: V104S     2.379     2.228    -1.636     1.484    -0.023    -1.414     0.002     0.258    -0.094    -0.222    -0.190     0.000    -0.292    -0.367     3.019     0.308     0.005    -0.685 

ddG: V104T     2.192     2.058    -1.108     1.944    -0.012    -0.951     0.010     0.667    -0.271     1.048    -0.493     0.000    -0.124    -0.087     0.024     0.187    -0.002    -0.699 

ddG: V104V    -0.586     0.769    -0.103     0.106    -0.005    -1.209     0.004     0.198    -0.194    -0.025    -0.031     0.000     0.093    -0.439     0.101     0.145     0.003     0.000 

ddG: V104W     0.577    -1.099    -1.469     1.271     0.007    -1.568     0.001     0.140    -0.092    -0.223    -0.198     0.000    -0.310    -0.365     4.069     0.188     0.003     0.222 

ddG: V104Y     1.006     0.864    -1.057     0.457     0.004    -0.889     0.008     0.510    -0.266     1.177    -0.432     0.000    -0.064    -0.096     1.451     0.080    -0.002    -0.739 

