ddG: description total fa_atr fa_rep fa_sol fa_intra_rep fa_elec pro_close hbond_sr_bb hbond_lr_bb hbond_bb_sc hbond_sc dslf_fa13 rama omega fa_dun p_aa_pp yhh_planarity ref 
ddG: A47A    -0.963    -3.320    -0.052     3.589    -0.008    -1.761     0.011    -0.092    -0.012    -0.023    -1.186     0.000     0.023    -0.023     1.907    -0.014     0.000     0.000 

ddG: A47C     2.423    -8.517     1.137     9.047    -0.009    -2.564     0.008    -0.067    -0.005     0.037    -1.198     0.000     0.103     0.037     4.301     0.399     0.000    -0.287 

ddG: A47D    11.589    -9.714     2.952    15.496     0.002    -1.867     0.003    -0.045    -0.019     0.100    -1.187     0.000     0.042     0.175     7.557     0.358     0.000    -2.265 

ddG: A47E    11.561   -12.596     3.878    16.350     0.173    -2.379     0.009    -0.315    -0.017     0.064    -1.255     0.000     0.046     0.183    10.041    -0.034     0.000    -2.586 

ddG: A47F    27.293   -12.100    23.149     0.645     0.032     1.552    -0.001     0.123    -0.158     0.222     0.643     0.000     0.712     1.885    10.240     0.542     0.001    -0.196 

ddG: A47G     3.502     1.747    -0.442     1.147    -0.007    -0.368     0.009    -0.248    -0.052     0.001     0.244     0.000     0.467     0.110     0.914     0.525     0.000    -0.545 

ddG: A47H    21.751   -10.461    16.660     5.731     0.120     0.404     0.007    -0.473    -0.035     0.229     0.253     0.000     1.012     1.277     6.787     0.523     0.001    -0.284 

ddG: A47H    21.506   -10.477    16.653     5.743     0.119     0.164     0.007    -0.468    -0.039     0.230     0.250     0.000     0.994     1.290     6.795     0.530     0.001    -0.284 

ddG: A47I    13.461   -10.277    10.734     6.411     0.027    -2.617     0.038     0.735     0.022     0.264    -1.176     0.000     0.046     0.099     8.462     0.406     0.000     0.288 

ddG: A47K    19.612    -9.234     5.349    14.146     0.042    -0.827    -0.024    -0.282     0.000     0.523     0.242     0.000     0.420     2.402     7.463     0.453     0.000    -1.061 

ddG: A47L    17.229    -5.655    11.089    -0.458     0.018     0.399     0.033    -0.169    -0.243     0.210     0.554     0.000     0.719     2.404     7.579     0.739     0.000     0.011 

ddG: A47M     8.800    -8.490     6.729     4.025     0.020    -0.368    -0.011    -0.688     0.037     0.239     0.066     0.000     0.874     1.137     5.308     0.444    -0.001    -0.523 

ddG: A47N     9.141   -13.042     2.845    14.117     0.003    -2.357     0.005     0.130    -0.014     0.154    -1.087     0.000     0.266     0.094     9.287     0.590     0.000    -1.849 

ddG: A47P    10.443    -6.257    10.580     1.261    -0.010    -0.010     0.236     0.676     0.259    -0.315     0.268     0.000     0.583     1.169     2.485     0.496    -0.001    -0.979 

ddG: A47Q     9.007    -8.762     4.504     6.968     0.136     0.365     0.001    -0.451    -0.057     0.032     0.303     0.000     0.242     0.467     7.426    -0.032     0.000    -2.134 

ddG: A47R    23.548    -7.843     8.815    12.962     0.064     0.348     0.026    -0.780    -0.002     0.615     0.473     0.000     1.304     2.028     6.123     0.307     0.000    -0.894 

ddG: A47S     1.720    -6.916    -0.096     9.904    -0.007    -3.222     0.011    -0.008    -0.009    -0.067    -1.151     0.000    -0.053    -0.004     3.735     0.107     0.000    -0.502 

ddG: A47T     4.013    -8.939     2.526     9.998    -0.003    -2.331     0.015    -0.128     0.030     0.140    -1.271     0.000     0.083     0.191     3.884     0.335     0.000    -0.516 

ddG: A47V     7.875    -8.807     6.133     6.120     0.006    -2.276     0.085     0.119     0.361     0.375    -1.273     0.000     0.133     0.281     5.977     0.457     0.000     0.183 

ddG: A47W    26.613   -21.659    25.140     9.356     0.215     0.698    -0.014    -0.564     0.096    -0.733     0.832     0.000     1.795     2.161     7.433     1.448     0.003     0.405 

ddG: A47Y    29.061   -14.380    19.745     6.137     0.217     1.234     0.119    -0.719    -0.049     0.684     0.261     0.000    -0.039     3.214    12.168     0.936     0.086    -0.556 

