ddG: description total fa_atr fa_rep fa_sol fa_intra_rep fa_elec pro_close hbond_sr_bb hbond_lr_bb hbond_bb_sc hbond_sc dslf_fa13 rama omega fa_dun p_aa_pp yhh_planarity ref 
ddG: D66A    -2.700     5.659     0.335    -8.146    -0.010     0.252    -0.011     0.585     0.161    -0.618     1.848    -0.027    -0.103     0.337    -4.896    -0.333     0.003     2.265 

ddG: D66C    -2.849     4.157     0.238    -6.412    -0.007    -0.018    -0.004     0.166     0.142    -0.679     1.856    -0.023    -0.132     0.516    -4.311    -0.311    -0.007     1.978 

ddG: D66D     0.421     0.292    -0.736     0.545    -0.001     0.463     0.001     0.422    -0.032    -0.643     1.985    -0.033    -0.247     0.483    -1.759    -0.321     0.002     0.000 

ddG: D66E    -0.164     2.622     0.225    -2.668    -0.046     0.232    -0.006     0.585     0.150    -0.758     2.804    -0.078    -0.066     0.247    -2.831    -0.257     0.002    -0.322 

ddG: D66F    -4.052    -2.563    -0.107    -6.008     0.062     0.786     0.014     0.313    -0.052    -0.795     2.772    -0.108    -0.170     0.138    -0.096    -0.308    -0.001     2.069 

ddG: D66G    -0.826     8.697    -0.135    -9.573    -0.005     0.738     0.015     0.542     0.018     0.002     1.344    -0.096     0.170    -0.301    -3.355    -0.576    -0.030     1.720 

ddG: D66H    -2.958    -1.231     0.086    -4.681    -0.002     0.521     0.033    -0.420     0.301    -0.004     1.859    -0.058    -0.264     0.123    -0.827    -0.386     0.010     1.981 

ddG: D66H    -2.906    -1.599     0.473    -4.756    -0.002     0.546     0.026    -0.646     0.268     0.216     1.343    -0.096    -0.090     0.195    -0.436    -0.321    -0.008     1.981 

ddG: D66I    -5.392     1.873     0.915    -7.400    -0.008    -0.519     0.002     0.008     0.151    -0.515     1.336    -0.052    -0.140     0.102    -3.492    -0.207     0.000     2.553 

ddG: D66K    -0.428     2.078     0.826    -4.673    -0.030     0.669     0.022     0.165     0.103     0.053     1.979     0.058     0.129     0.239    -3.087    -0.186     0.023     1.204 

ddG: D66L    -4.017     2.494     0.212    -6.955    -0.027     0.717     0.008     0.307     0.107    -0.812     3.332    -0.039    -0.160     0.458    -5.506    -0.441     0.014     2.276 

ddG: D66M    -4.037     0.234     0.168    -5.179     0.003     0.429    -0.004     0.245     0.142    -0.779     3.329    -0.027    -0.217     0.854    -4.512    -0.488     0.024     1.742 

ddG: D66N    -2.684     0.430    -0.294    -3.644     0.001     0.516    -0.001     0.115    -0.003    -0.076     0.037    -0.081    -0.088     0.072    -0.105     0.037    -0.016     0.415 

ddG: D66P     8.905     3.147     8.478    -8.419    -0.037     0.754     0.236    -0.008     1.208    -0.015     1.437     0.366     1.745     1.740    -1.948    -1.065    -0.002     1.286 

ddG: D66Q    -3.820     1.389     1.072    -5.062    -0.040    -0.375     0.001     0.323     0.175    -0.827     1.381     0.005     0.193     0.010    -2.274     0.068     0.011     0.131 

ddG: D66R     0.302     0.852    -0.365    -2.266    -0.027     0.966     0.020     0.386    -0.046    -0.641     1.816    -0.043    -0.104    -0.289    -1.228    -0.107     0.007     1.371 

ddG: D66S    -3.142     5.415    -1.344    -6.681    -0.003     0.649     0.013    -0.179     0.196    -0.662     1.991     0.013    -0.557     0.357    -3.628    -0.483    -0.003     1.763 

ddG: D66T    -2.179     3.721     0.433    -5.875     0.004     0.468     0.000     0.120     0.143    -0.055     1.857    -0.023    -0.137     0.206    -4.624    -0.184     0.020     1.749 

ddG: D66V    -4.286     2.616     1.399    -7.935    -0.012     0.238     0.004    -0.677     0.281     0.087     1.413     0.026    -0.140     0.330    -4.018    -0.349     0.004     2.448 

ddG: D66W    -3.142    -3.697     0.152    -5.120    -0.003     2.775     0.078    -0.492     0.271    -0.492     2.558    -0.047    -0.111     0.608    -2.018    -0.273     0.001     2.670 

ddG: D66Y    -2.966    -3.349     1.016    -4.954     0.071     0.804     0.019     0.081     0.082    -0.037     1.904    -0.053     0.025     0.182    -0.265    -0.222     0.020     1.709 

