ddG: description total fa_atr fa_rep fa_sol fa_intra_rep fa_elec pro_close hbond_sr_bb hbond_lr_bb hbond_bb_sc hbond_sc dslf_fa13 rama omega fa_dun p_aa_pp yhh_planarity ref 
ddG: L20A     2.634     4.098    -0.377    -4.073     0.003     2.667     0.049    -0.031    -0.026    -0.019     1.216     0.038     0.143     0.071    -1.350     0.232     0.002    -0.011 

ddG: L20C     1.386     2.056     0.664    -2.059    -0.005     2.011    -0.004    -0.213     0.119     0.278     0.790    -0.068     0.197     0.375    -2.342    -0.117     0.001    -0.298 

ddG: L20D     2.303     3.690    -0.411    -1.979    -0.002     2.255     0.049    -0.098    -0.040    -0.072     0.703    -0.083     0.016     0.005     0.557    -0.017     0.005    -2.276 

ddG: L20E     0.880    -0.604    -0.015     2.158    -0.004    -0.152    -0.019     0.468    -0.011    -0.422     0.589    -0.048    -0.083    -0.296     1.834     0.079     0.003    -2.598 

ddG: L20F     0.856     1.572     0.761    -3.452     0.024     1.393     0.038    -0.465     0.143     0.160     0.798     0.013     0.315     0.387    -0.634    -0.014     0.024    -0.207 

ddG: L20G     2.261     6.441     0.531    -5.527    -0.009     1.656     0.049    -0.371     0.145     0.070     0.738     0.010     0.631     0.313    -2.437     0.568     0.011    -0.556 

ddG: L20H     0.390     2.445     0.095    -2.539    -0.006     1.090     0.057    -0.045     0.127    -0.417     1.263    -0.022     0.186     0.409    -1.657    -0.312     0.012    -0.295 

ddG: L20H     1.136     2.376     0.699    -2.963    -0.002     1.237     0.059    -0.301     0.097     0.114     0.744    -0.072     0.378     0.417    -1.124    -0.223    -0.006    -0.295 

ddG: L20I     1.505    -0.603     0.822     0.764     0.013    -0.176    -0.022    -0.169     0.114     0.230     0.097     0.016     0.130     0.745    -0.839     0.117    -0.009     0.276 

ddG: L20K    -0.008     0.707     0.169     0.592    -0.005     0.316     0.026    -0.556     0.278    -0.570     2.438    -0.015    -0.224     0.953    -2.535    -0.530     0.019    -1.072 

ddG: L20L    -0.480    -0.201     0.894     0.255     0.004    -0.558    -0.007    -0.232     0.095     0.120     0.035    -0.073     0.164     0.411    -1.338    -0.049    -0.002     0.000 

ddG: L20M     1.978     0.754     0.418    -1.020     0.005     2.214    -0.001    -0.675     0.289     0.251     1.443     0.056     0.124     0.379    -1.740     0.000     0.016    -0.535 

ddG: L20N     0.003     2.835    -0.517    -2.280     0.000     1.181     0.038    -0.420     0.164    -0.388     0.597     0.013     0.023     0.185     0.628    -0.187    -0.007    -1.861 

ddG: L20P     5.335     2.023     2.683    -4.098     0.002     2.372     0.071     0.638     0.033     0.639     1.259     0.056     0.815     0.390    -0.736     0.146     0.032    -0.990 

ddG: L20Q     0.837     0.030     0.481    -0.333     0.006     2.139     0.009    -0.678     0.259     0.248     1.437    -0.033    -0.051     0.362    -0.723    -0.192     0.021    -2.145 

ddG: L20R     1.455     0.510     0.523     0.343     0.001     0.586     0.019    -0.169     0.130     0.070     0.602    -0.074     0.054     0.325    -0.434    -0.121    -0.004    -0.905 

ddG: L20S     1.938     4.330     0.557    -2.761    -0.006     1.423     0.051    -0.390     0.103     0.049     0.741    -0.069     0.287     0.373    -2.194    -0.044     0.001    -0.513 

ddG: L20T     1.146     1.014     0.751     0.056    -0.004     1.413     0.009    -0.360     0.110     0.182     0.798    -0.065     0.088     0.382    -2.388    -0.335     0.025    -0.527 

ddG: L20V     2.013     1.096     0.450    -1.327     0.004     2.277    -0.009    -0.162     0.110     0.148     0.785    -0.071     0.160     0.485    -2.305     0.182     0.018     0.172 

ddG: L20W     0.954     1.245     0.047    -2.185     0.019     1.252     0.050    -0.174     0.160    -0.445     1.260     0.062     0.222     0.346    -1.023    -0.300     0.023     0.394 

ddG: L20Y     0.302     2.359     0.335    -3.681     0.017     1.483     0.053    -0.284     0.160     0.007     0.746     0.015     0.194     0.289    -0.671    -0.151    -0.001    -0.567 

