ddG: description total fa_atr fa_rep fa_sol fa_intra_rep fa_elec pro_close hbond_sr_bb hbond_lr_bb hbond_bb_sc hbond_sc dslf_fa13 rama omega fa_dun p_aa_pp yhh_planarity ref 
ddG: R94A     1.563     2.494     0.103    -3.163    -0.009     2.496     0.008     0.065    -0.103    -0.010     1.120    -0.002     0.173    -0.064    -2.446     0.009    -0.001     0.894 

ddG: R94C     1.142     2.268     0.068    -2.846    -0.009     2.163     0.038     0.244    -0.131    -0.024     1.128     0.009     0.277    -0.005    -2.671     0.039    -0.014     0.607 

ddG: R94D     1.671     1.344    -0.100    -1.130    -0.006     2.229     0.051     0.275    -0.139    -0.085     1.229     0.007     0.033     0.031    -0.470    -0.228     0.003    -1.371 

ddG: R94E     1.778     1.593    -0.027    -1.932    -0.004     2.435     0.045     0.246    -0.149    -0.029     1.138     0.008     0.253     0.038    -0.328     0.186    -0.002    -1.692 

ddG: R94F     0.649    -0.162     0.113    -2.514     0.019     2.148     0.081     0.279    -0.155    -0.112     1.224     0.008     0.241    -0.044    -1.200     0.021     0.003     0.698 

ddG: R94G     1.353     4.104    -0.215    -4.145    -0.011     2.280     0.053     0.278    -0.119    -0.156     1.235     0.010     0.332    -0.067    -2.805     0.219     0.012     0.349 

ddG: R94H     0.752     0.763    -0.080    -2.387    -0.007     1.981     0.070     0.272    -0.150    -0.077     1.196     0.007     0.176     0.030    -1.497    -0.178     0.022     0.610 

ddG: R94H     0.744     0.424     0.056    -2.139    -0.007     1.970     0.073     0.283    -0.153    -0.107     1.210     0.006     0.155     0.007    -1.465    -0.181     0.000     0.610 

ddG: R94I     3.710     1.415    -0.277    -2.482     0.022     2.361     0.033     0.298    -0.009    -0.035     1.105     0.022     0.237     0.009    -0.429     0.253     0.004     1.182 

ddG: R94K     0.979     1.744    -0.076    -2.462    -0.006     2.338     0.054     0.280    -0.133    -0.091     1.207     0.007     0.120     0.013    -1.914     0.061     0.002    -0.167 

ddG: R94L     0.894     1.289    -0.010    -2.440    -0.002     2.275     0.019     0.085    -0.058    -0.065     1.203    -0.002     0.037    -0.068    -2.184    -0.092     0.003     0.905 

ddG: R94M     1.180     2.046    -0.191    -2.936    -0.005     2.267     0.057     0.274    -0.129    -0.118     1.238     0.007     0.165     0.016    -2.001     0.107     0.011     0.371 

ddG: R94N     0.145     1.370    -0.024    -1.947    -0.006     1.727     0.065     0.282    -0.148    -0.100     1.232     0.004     0.006    -0.011    -1.018    -0.334     0.003    -0.955 

ddG: R94P    13.837     0.243     6.891    -2.214    -0.015     2.944     2.437     0.196    -0.229     0.343     1.219     0.006     0.877     0.641     0.101     0.480     0.000    -0.084 

ddG: R94Q     0.777     1.365    -0.200    -2.288    -0.004     2.316     0.058     0.270    -0.126    -0.124     1.241     0.007     0.101     0.018    -0.749     0.121     0.010    -1.240 

ddG: R94R    -0.002     0.000     0.077    -0.077     0.000     0.024     0.000    -0.002    -0.005     0.058    -0.077     0.003     0.069    -0.027    -0.058     0.034    -0.021     0.000 

ddG: R94S     0.397     1.977    -0.027    -1.748    -0.009     1.078     0.000     0.048    -0.005     0.013     0.584     0.000    -0.076     0.030    -1.697    -0.163     0.000     0.392 

ddG: R94T     0.542     1.652    -0.065    -1.558    -0.003     1.257     0.055     0.270    -0.176    -0.069     0.680     0.008     0.259     0.221    -2.630     0.260     0.002     0.378 

ddG: R94V     3.084     1.816    -0.345    -2.551     0.011     2.419     0.021     0.322     0.031    -0.049     1.202     0.027     0.096     0.060    -1.213     0.158     0.002     1.077 

ddG: R94W     1.653    -0.797     0.058    -1.787     0.017     2.173     0.071     0.252    -0.165    -0.056     1.116     0.006     0.274     0.050    -0.989     0.127     0.003     1.299 

ddG: R94Y     0.313    -0.287     0.150    -2.386     0.018     2.155     0.081     0.271    -0.155    -0.115     1.193     0.010     0.201    -0.024    -1.170     0.033    -0.001     0.338 

