ddG: description total fa_atr fa_rep fa_sol fa_intra_rep fa_elec pro_close hbond_sr_bb hbond_lr_bb hbond_bb_sc hbond_sc dslf_fa13 rama omega fa_dun p_aa_pp yhh_planarity ref 
ddG: V63A    -1.305     2.742     0.567    -1.188    -0.010    -0.585    -0.002    -0.987     0.314     0.134    -0.270    -0.024    -0.138     0.322    -1.416    -0.564    -0.018    -0.183 

ddG: V63C     0.275     2.402     0.593    -0.652    -0.012    -0.254    -0.003    -0.366     0.204     0.185    -0.476     0.054     0.195     0.258    -1.357    -0.011    -0.017    -0.470 

ddG: V63D     0.375     0.908     0.399     2.108    -0.008    -0.034     0.000    -0.804     0.311     0.133     0.244     0.013    -0.146     0.322    -0.202    -0.416    -0.006    -2.448 

ddG: V63E     0.146     0.756     0.054     1.030    -0.005     0.071    -0.005    -0.255     0.004     0.008    -0.512    -0.045    -0.088    -0.106     2.292    -0.275    -0.010    -2.769 

ddG: V63F     0.652     1.743     0.148    -2.423     0.021     0.001    -0.002    -0.139    -0.022     0.016    -0.519    -0.026     0.243     0.034     1.945     0.022    -0.010    -0.379 

ddG: V63G     0.473     4.118     0.152    -0.930    -0.022    -0.601    -0.016     0.365     0.229    -0.510     0.041     0.006     0.198     0.033    -1.939     0.084    -0.007    -0.728 

ddG: V63H     1.440     0.251    -0.224     1.086    -0.018     0.019    -0.018     0.548     0.260    -0.646     1.523     0.088    -0.116     0.365    -0.809    -0.400    -0.004    -0.467 

ddG: V63H     1.472    -1.226    -0.080     1.224    -0.007     0.353     0.001     0.012    -0.011     0.003     0.006    -0.008    -0.031     0.089     1.737    -0.130     0.006    -0.467 

ddG: V63I    -1.324     1.012     0.705    -0.423     0.016    -0.690    -0.001    -1.046     0.309     0.132    -0.261    -0.026     0.152     0.252    -1.238    -0.310    -0.012     0.105 

ddG: V63K    -0.906     1.422     0.635     0.067    -0.013    -0.629    -0.007    -0.358     0.175     0.115    -0.394    -0.030     0.034     0.325    -0.789    -0.225     0.011    -1.244 

ddG: V63L    -0.533     1.086     0.481    -0.129    -0.009    -0.162    -0.004    -0.223     0.172     0.117     0.129     0.008     0.074     0.294    -1.868    -0.353     0.026    -0.172 

ddG: V63M    -0.528     0.790     0.684    -0.284    -0.009    -0.651    -0.004    -0.297     0.189     0.052    -0.477     0.060     0.214     0.425    -0.117    -0.385    -0.011    -0.706 

ddG: V63N    -0.985     0.700    -0.461     1.160    -0.007    -0.692    -0.014     0.453     0.102    -0.559     0.002     0.081    -0.004    -0.249     0.712    -0.170    -0.006    -2.032 

ddG: V63P     6.124     0.040     4.476    -1.464     0.029    -1.098     0.049     1.211    -0.025     0.436    -0.457     0.082     1.132     2.985     1.189    -1.288    -0.010    -1.162 

ddG: V63Q    -0.603     0.568     0.168     0.246    -0.003    -0.381    -0.004    -0.231    -0.005     0.011    -0.513    -0.039     0.049     0.059     2.076    -0.284    -0.003    -2.317 

ddG: V63R    -0.157     1.168     0.162     1.295    -0.014    -0.755    -0.015     0.363     0.226    -0.511     0.041     0.016    -0.101     0.061    -0.653    -0.360    -0.003    -1.077 

ddG: V63S     0.327     1.885     0.439     0.874    -0.012    -0.688    -0.002    -0.162     0.169     0.106     0.113     0.013    -0.100     0.403    -1.701    -0.334     0.008    -0.685 

ddG: V63T     0.477     1.888     0.292     0.963    -0.012    -0.568     0.005     0.002     0.189    -0.036     0.042     0.010    -0.009     0.381    -1.825    -0.154     0.008    -0.699 

ddG: V63V    -0.135     0.633     0.552    -0.239    -0.003    -0.522    -0.002    -0.112     0.197     0.040     0.041     0.097     0.117     0.390    -1.261    -0.071     0.008     0.000 

ddG: V63W     0.711    -3.183     0.308     1.836     0.011     0.544    -0.003    -0.097     0.169    -0.070     1.526     0.004    -0.103     0.518    -0.598    -0.377     0.005     0.222 

ddG: V63Y     0.826    -0.882    -0.045     0.386     0.019     0.310    -0.003    -0.074     0.032    -0.124     0.965     0.037     0.025     0.199     0.884    -0.165     0.001    -0.739 

