ddG: description total fa_atr fa_rep fa_sol fa_intra_rep fa_elec pro_close hbond_sr_bb hbond_lr_bb hbond_bb_sc hbond_sc dslf_fa13 rama omega fa_dun p_aa_pp yhh_planarity ref 
ddG: G19A     2.776     0.749     0.350    -0.855     0.002    -1.544    -0.001     0.546     0.037     1.430    -0.733     0.000     0.792     0.218     0.249     1.001    -0.011     0.545 

ddG: G19C     1.914    -0.036     0.515    -0.062    -0.001    -1.713    -0.001     0.482     0.089     1.574    -0.789     0.000     0.730     0.025     0.000     0.850    -0.007     0.258 

ddG: G19D     1.933    -1.516     0.625     1.685     0.004    -0.543    -0.006    -0.013     0.043     0.136    -0.004     0.000     0.397     0.046     1.995     0.806    -0.004    -1.720 

ddG: G19E     2.303    -0.408     0.463    -0.172     0.007    -1.237    -0.004     0.571     0.008     1.429    -0.735     0.000     0.581     0.207     2.597     1.056    -0.016    -2.041 

ddG: G19F     1.621    -2.867     0.635     0.632     0.028    -0.348    -0.006    -0.014     0.037     0.144    -0.006     0.000     0.492     0.043     1.652     0.851    -0.001     0.349 

ddG: G19G    -0.763     1.579    -0.506    -1.061     0.001    -2.039     0.004     0.518     0.012     1.423    -0.782     0.000     0.119     0.151     0.186    -0.361    -0.009     0.000 

ddG: G19H     2.578    -1.292     0.321     0.118    -0.001    -1.079    -0.001     0.463     0.090     1.619    -0.057     0.000     0.524     0.049     1.102     0.523    -0.064     0.261 

ddG: G19H     1.062    -1.390     0.555    -0.355     0.005    -1.888     0.001     0.559     0.022     1.559    -0.789     0.000     0.502     0.017     1.461     0.541     0.001     0.261 

ddG: G19I     6.026     0.460     0.327    -1.261     0.241    -1.120     0.005     0.535     0.068     1.687    -0.048     0.000     1.838     0.176     0.646     1.708    -0.070     0.833 

ddG: G19K     1.646     0.312     0.112    -1.335     0.005    -1.078    -0.005     0.534     0.040     1.617    -0.050     0.000     0.427     0.130     0.897     0.618    -0.064    -0.516 

ddG: G19L     3.003    -1.681     0.532     1.147     0.006     0.215    -0.008    -0.076     0.091     0.135    -0.005     0.000     0.752    -0.033    -0.044     1.424    -0.007     0.556 

ddG: G19M     1.707    -0.318     0.166    -0.141     0.002    -1.609    -0.006     0.477     0.078     1.570    -0.788     0.000     0.573     0.098     0.744     0.843    -0.003     0.022 

ddG: G19N     0.958    -1.850     0.413     1.888     0.001    -0.380    -0.009    -0.090     0.105     0.126    -0.005     0.000     0.165     0.049     1.386     0.472    -0.008    -1.304 

ddG: G19P   103.550    -1.850    75.146     0.206     0.022    -2.227     8.705     0.229     0.194     1.374    -0.770     0.000     3.032     3.237    14.349     2.356    -0.018    -0.434 

ddG: G19Q     2.025    -0.972     0.468     0.465     0.003    -1.242    -0.006     0.497     0.077     1.428    -0.734     0.000     0.517     0.034     2.186     0.928    -0.037    -1.589 

ddG: G19R     2.036    -0.327     0.193     0.087     0.009    -1.401    -0.007     0.491     0.060     1.551    -0.788     0.000     0.482     0.114     1.257     0.670    -0.005    -0.349 

ddG: G19S     3.082    -0.946     0.532     1.403    -0.001     0.085    -0.008    -0.090     0.104     0.129    -0.004     0.000     0.664     0.006    -0.022     1.172     0.017     0.043 

ddG: G19T     4.710     0.320     0.112     0.501     0.101    -1.582     0.001     0.428     0.110     1.563    -0.785     0.000     1.246     0.123     0.834     1.712    -0.002     0.029 

ddG: G19V     4.903    -0.593     1.173    -0.213     0.107    -1.568    -0.006     0.476     0.083     1.640    -0.787     0.000     1.602     0.011     0.175     2.081    -0.007     0.728 

ddG: G19W     2.433    -4.313     0.813     1.059     0.025    -1.624     0.000     0.506     0.075     1.626    -0.789     0.000     0.739     0.052     2.339     0.978    -0.004     0.950 

ddG: G19Y     0.979    -1.350     0.226    -0.300     0.028    -2.032    -0.001     0.516     0.019     1.590    -0.789     0.000     0.605     0.142     1.764     0.568     0.005    -0.011 

