ddG: description total fa_atr fa_rep fa_sol fa_intra_rep fa_elec pro_close hbond_sr_bb hbond_lr_bb hbond_bb_sc hbond_sc dslf_fa13 rama omega fa_dun p_aa_pp yhh_planarity ref 
ddG: L65A     5.578     8.507    -0.558    -1.000    -0.005    -2.031     0.002     0.834    -0.056     1.303    -0.742     0.000    -0.063     0.141    -0.511    -0.230    -0.003    -0.011 

ddG: L65C     6.732     7.397    -0.942     1.109    -0.005    -2.131     0.003     0.695    -0.040     1.428    -0.787     0.000     0.137     0.163     0.166    -0.171     0.009    -0.298 

ddG: L65D    11.492     2.458    -0.104    10.272    -0.002    -0.366     0.000     0.023    -0.029     0.005    -0.011     0.000    -0.010    -0.129     1.610     0.045     0.008    -2.276 

ddG: L65E     8.729    -1.694    -0.107    11.592    -0.002    -0.625    -0.001     0.084     0.030    -0.114     0.043     0.000    -0.079     0.056     2.205    -0.007    -0.054    -2.598 

ddG: L65F    -2.140    -6.290     1.924    -0.114     0.030    -2.034     0.003     0.309    -0.071     1.381    -0.876     0.000     0.160     0.520     3.183    -0.101     0.043    -0.207 

ddG: L65G     9.949    11.234    -0.835     0.321    -0.007    -0.706     0.002     0.064     0.088    -0.028     0.070     0.000     0.301     0.089    -0.356     0.253     0.018    -0.556 

ddG: L65H     3.421    -5.178     0.586     6.073    -0.004    -0.388     0.003    -0.120    -0.061    -0.003    -0.008     0.000     0.025     0.108     2.615     0.097    -0.028    -0.295 

ddG: L65H     1.741    -3.929     0.395     3.920     0.002    -2.273     0.005     0.574    -0.155     1.425    -0.793     0.000     0.026     0.156     2.841    -0.129    -0.030    -0.295 

ddG: L65I     3.391     2.327     1.287    -1.080     0.019    -2.219     0.005     0.171     0.067     1.267    -0.815     0.000     0.071     1.068     1.247    -0.298    -0.003     0.276 

ddG: L65K    10.533    -0.807     1.681     9.782     0.001    -1.845     0.001     0.468     0.026     1.351    -0.841     0.000     0.051     0.244     1.722    -0.271     0.044    -1.072 

ddG: L65L    -0.551     1.797    -0.292    -2.627     0.005    -1.430     0.004     0.632    -0.049     1.491    -0.046     0.000     0.008     0.063     0.219    -0.267    -0.060     0.000 

ddG: L65M     3.258     1.994     0.553     0.694     0.000    -2.089     0.001     0.795    -0.086     1.503    -0.900     0.000     0.093     0.030     1.220    -0.061     0.047    -0.535 

ddG: L65N     6.629     1.710    -0.187     5.981    -0.004    -0.402    -0.001     0.067    -0.031    -0.009    -0.005     0.000     0.070    -0.080     1.290     0.071     0.019    -1.861 

ddG: L65P    22.657     5.511     7.295    -1.378    -0.001     0.469     0.694     2.282     0.152     0.016     0.017     0.000     1.081     2.686     4.819     0.007    -0.002    -0.990 

ddG: L65Q     4.689    -0.297    -0.395     5.273    -0.001    -1.670     0.000     0.640     0.029     1.478    -0.063     0.000     0.019     0.138     1.921    -0.212    -0.026    -2.145 

ddG: L65R    14.541    -5.908     3.906    15.279     0.010    -1.599     0.001     0.461    -0.023     1.371    -0.760     0.000     0.215     0.623     2.177    -0.352     0.044    -0.905 

ddG: L65S     8.311     8.619    -1.034     1.598    -0.003    -2.425     0.003     0.595     0.009     1.430    -0.790     0.000    -0.014     0.198     1.054    -0.436     0.020    -0.513 

ddG: L65T     6.604     6.570    -0.596     2.538    -0.001    -2.853     0.002     0.640    -0.059     1.429    -0.816     0.000     0.149     0.207     0.106    -0.192     0.009    -0.527 

ddG: L65V     5.772     5.275     1.110    -1.540     0.019    -2.064     0.001     0.298    -0.024     1.452    -0.887     0.000    -0.035     0.829     1.239    -0.093     0.021     0.172 

ddG: L65W     1.723   -13.350     6.973     3.492     0.038    -2.182     0.002     0.400     0.125     1.325    -1.902     0.000     0.496     0.823     4.937     0.178    -0.026     0.394 

ddG: L65Y     0.831    -7.911     2.772     3.433     0.035    -1.650     0.003     0.289    -0.091     1.371    -0.854     0.000     0.174     0.963     3.009    -0.189     0.044    -0.567 

