ddG: description total fa_atr fa_rep fa_sol fa_intra_rep fa_elec pro_close hbond_sr_bb hbond_lr_bb hbond_bb_sc hbond_sc dslf_fa13 rama omega fa_dun p_aa_pp yhh_planarity ref 
ddG: L71A     1.933     5.763    -1.899    -0.399    -0.006     0.515     0.017    -1.370     0.508     0.191     0.044     0.000    -0.351    -0.025    -0.830    -0.208    -0.005    -0.011 

ddG: L71C     3.905     6.733    -1.169    -1.023    -0.004     0.722     0.017    -0.242     0.164     0.103     0.020     0.000     0.093    -0.106    -1.540     0.439    -0.003    -0.298 

ddG: L71D     7.153    -3.667    -0.889    14.471    -0.006    -2.409     0.023    -0.052     0.339     0.022    -1.539     0.000    -0.412    -0.278     3.515     0.315    -0.004    -2.276 

ddG: L71E     6.664     1.996    -0.600     5.792    -0.002     0.607     0.026    -0.282     0.134     0.114     0.032     0.000    -0.194    -0.066     1.417     0.290    -0.002    -2.598 

ddG: L71F     4.041    -6.107     2.892     0.776     0.106    -0.079     0.084    -0.099    -0.363    -0.122     0.017     0.000    -0.053     0.614     6.446     0.127     0.010    -0.207 

ddG: L71G     4.611     7.735    -1.969     0.793    -0.001     0.020     0.014    -1.245     0.549     0.219    -0.339     0.000    -0.260    -0.120    -0.555     0.331    -0.005    -0.556 

ddG: L71H     5.616    -5.828     0.367     6.857    -0.001    -0.478     0.007    -1.216    -0.201     0.043    -0.346     0.000    -0.363     0.204     6.961    -0.097     0.002    -0.295 

ddG: L71H     5.143    -2.939     0.502     3.989     0.000     0.122     0.009    -1.292    -0.201     0.069    -0.333     0.000    -0.282     0.277     5.640    -0.124     0.001    -0.295 

ddG: L71I     1.990    -0.005     1.511     0.268     0.018    -0.245     0.040    -0.403     0.212     0.077    -0.028     0.000    -0.138     0.046     0.040     0.321     0.001     0.276 

ddG: L71K     1.646    -5.142    -0.223    11.299     0.000    -3.383     0.054    -1.398     0.340    -0.425    -1.549     0.000    -0.449    -0.082     3.735    -0.054    -0.005    -1.072 

ddG: L71L    -0.448     2.875     0.070    -2.870     0.001     0.664     0.001    -0.060     0.003     0.025    -0.008     0.000     0.067     0.065    -1.258    -0.023     0.000     0.000 

ddG: L71M     1.214     2.644    -0.857    -0.808     0.003     0.678     0.026    -0.309     0.254     0.181     0.003     0.000    -0.067     0.072    -0.379     0.313    -0.005    -0.535 

ddG: L71N     3.332    -0.628    -0.730     6.664     0.003    -0.432     0.009    -1.262     0.549     0.090    -0.327     0.000    -0.340     0.016     1.250     0.333    -0.003    -1.861 

ddG: L71P    13.051    -0.392     8.663     2.911    -0.014    -2.051     0.837     0.583    -0.624     1.192    -1.507     0.000     1.135     2.465     1.683    -0.835    -0.003    -0.990 

ddG: L71Q     2.768    -1.448    -0.092     5.412    -0.004     0.137    -0.074    -0.340    -0.104     0.047     0.005     0.000     0.198     0.131     1.136    -0.091    -0.001    -2.145 

ddG: L71R     4.094    -5.010    -0.675    10.998     0.014    -0.384     0.028    -1.177     0.491     0.201    -0.352     0.000    -0.560    -0.015     1.512    -0.067    -0.005    -0.905 

ddG: L71S     4.820     7.734    -1.496    -0.428    -0.005     0.297     0.016    -0.124     0.181     0.141    -0.001     0.000    -0.050    -0.089    -1.353     0.512    -0.004    -0.513 

ddG: L71T     3.047    -0.688    -1.026     7.575     0.001    -2.788     0.023     0.019     0.365     0.239    -1.532     0.000    -0.439    -0.253     1.615     0.469    -0.005    -0.527 

ddG: L71V     0.828     4.993    -0.151    -2.815     0.013     0.435     0.024    -0.301     0.127     0.048    -0.013     0.000    -0.009    -0.069    -1.850     0.228    -0.004     0.172 

ddG: L71W    10.426   -12.150     6.814     6.999     0.021    -0.012     0.089    -1.399    -0.356     0.029    -0.377     0.000     0.453     0.232     9.675     0.010     0.002     0.394 

ddG: L71Y     4.458   -11.979     3.340     8.679     0.120    -2.379     0.105     0.075    -0.323    -0.067    -1.558     0.000    -0.196     0.299     8.734     0.154     0.020    -0.567 

