ddG: description total fa_atr fa_rep fa_sol fa_intra_rep fa_elec pro_close hbond_sr_bb hbond_lr_bb hbond_bb_sc hbond_sc dslf_fa13 rama omega fa_dun p_aa_pp yhh_planarity ref 
ddG: V6A     3.376     5.259    -0.331    -1.101    -0.011     0.255     0.008    -0.054     0.035    -0.049     0.007    -0.002     0.430    -0.149    -1.191     0.453     0.000    -0.183 

ddG: V6C     2.826     3.006    -0.071     1.048    -0.011     0.048    -0.004    -0.062    -0.057     0.006    -0.013    -0.008     0.134    -0.103    -0.993     0.383    -0.006    -0.470 

ddG: V6D     7.622     0.087    -0.231     7.234    -0.003     1.275    -0.006    -0.098     0.209    -0.034    -0.014    -0.005     0.270    -0.283     1.212     0.454     0.004    -2.448 

ddG: V6E     4.500    -0.328    -0.038     5.430    -0.007    -0.687     0.008    -0.039    -0.022    -0.006    -0.655    -0.010     0.242    -0.001     3.041     0.336     0.006    -2.769 

ddG: V6F     1.738    -4.504     0.963     1.544     0.015     0.440    -0.018     0.088     0.491     0.013     0.019    -0.012     0.212     0.141     2.375     0.331     0.020    -0.379 

ddG: V6G     5.674     7.283    -0.149    -1.325    -0.012     0.218     0.005    -0.009    -0.076    -0.002    -0.099    -0.003     0.830    -0.026    -1.321     1.092    -0.005    -0.728 

ddG: V6H     2.592    -3.257     0.625     3.381    -0.010     0.304    -0.010     0.005     0.177    -0.001    -0.008     0.002     0.212    -0.162     1.611     0.175     0.014    -0.467 

ddG: V6H     2.540    -3.263     0.621     3.381    -0.010     0.303    -0.011     0.009     0.172    -0.070     0.003     0.002     0.209    -0.149     1.619     0.179     0.012    -0.467 

ddG: V6I    -0.985    -1.493     0.144     0.186     0.010     0.006    -0.019     0.013     0.013    -0.011    -0.079    -0.013     0.091     0.149    -0.231     0.137     0.009     0.105 

ddG: V6K     3.509     0.009    -0.022     3.363    -0.006    -0.004    -0.002    -0.052     0.053    -0.024    -0.015     0.003     0.230    -0.211     1.116     0.320    -0.006    -1.244 

ddG: V6L     1.538    -0.643     0.614     0.620    -0.005     0.550    -0.015    -0.026     0.067    -0.061    -0.017    -0.023     0.220     0.091    -0.178     0.510     0.006    -0.172 

ddG: V6M     1.932    -2.209     0.615     3.582     0.000    -0.004    -0.011    -0.066    -0.047     0.070    -0.754    -0.015     0.163    -0.074     0.911     0.488    -0.011    -0.706 

ddG: V6N     2.762    -0.544    -0.008     4.668    -0.002     0.339     0.001    -0.101     0.162    -0.021    -0.992    -0.004     0.253    -0.178     0.916     0.311    -0.007    -2.032 

ddG: V6P     8.351    -0.634     3.850     0.873    -0.008     0.609     0.309     0.043     1.191    -0.010     0.001    -0.030     0.387     1.987     1.294    -0.370     0.019    -1.162 

ddG: V6Q     2.970    -2.199     0.355     4.704    -0.008     0.052    -0.002    -0.037    -0.003    -0.052    -0.050    -0.025     0.157     0.055     1.889     0.446     0.003    -2.317 

ddG: V6R     3.126    -2.197     0.118     6.020     0.000    -0.894    -0.008    -0.034    -0.072    -1.197    -0.059    -0.005     0.182     0.048     1.955     0.352    -0.006    -1.077 

ddG: V6S     3.833     4.625    -0.311     1.046    -0.011    -0.100     0.003    -0.068     0.015    -0.047     0.006    -0.002     0.235    -0.169    -1.039     0.332     0.003    -0.685 

ddG: V6T     2.656     2.011    -0.204     1.478     0.001     0.001    -0.002     0.033     0.020    -0.047    -0.002    -0.003     0.124    -0.083    -0.193     0.217     0.006    -0.699 

ddG: V6V    -0.003    -0.007    -0.006     0.018     0.000     0.000    -0.001    -0.007    -0.015    -0.008     0.014    -0.001     0.000     0.024    -0.006    -0.004    -0.005     0.000 

ddG: V6W     1.964    -5.903     0.701     4.759     0.012     0.033    -0.014    -0.007     0.251    -0.379    -0.003    -0.014     0.220    -0.003     2.007     0.064     0.016     0.222 

ddG: V6Y     2.943   -11.666     0.976    10.772     0.006     0.585    -0.002     0.032     0.371    -0.096    -1.128    -0.003     0.264    -0.262     3.452     0.338     0.044    -0.739 

