ddG: description total fa_atr fa_rep fa_sol fa_intra_rep fa_elec pro_close hbond_sr_bb hbond_lr_bb hbond_bb_sc hbond_sc dslf_fa13 rama omega fa_dun p_aa_pp yhh_planarity ref 
ddG: V38A     1.099     4.314    -1.162    -1.816    -0.009     1.316     0.020    -0.431    -0.048     0.433     0.521     0.076    -0.371    -0.176    -0.910    -0.472    -0.002    -0.183 

ddG: V38C     2.809     3.153    -0.510    -0.346    -0.002     1.197     0.018    -0.436    -0.030     0.451     0.515     0.112    -0.210     0.082    -0.549    -0.183     0.014    -0.470 

ddG: V38D     5.785     0.546    -0.416     5.690    -0.008     1.386     0.017    -0.576    -0.049     0.469    -0.010     0.026    -0.262    -0.122     1.960    -0.402    -0.017    -2.448 

ddG: V38E     2.250     0.786    -0.813     3.166    -0.013     0.661     0.001    -0.018    -0.004    -0.084    -0.010    -0.005    -0.337    -0.274     2.518    -0.529    -0.026    -2.769 

ddG: V38F     3.288    -4.237     0.738     1.728     0.016     0.502     0.013    -0.533    -0.065     0.717     0.008     0.136     0.416     0.290     3.969    -0.031    -0.003    -0.379 

ddG: V38G     2.258     5.501    -1.028    -2.288    -0.013     1.493     0.017    -0.545    -0.248     0.429     0.008    -0.048     0.012    -0.425    -0.144     0.227     0.038    -0.728 

ddG: V38H     3.475    -3.117     0.743     2.931    -0.007     1.419     0.016    -0.490    -0.062     0.538    -0.095     0.157     0.365     0.104     1.853    -0.430     0.017    -0.467 

ddG: V38H     1.867    -2.492     0.197     2.797    -0.014     0.826     0.013    -0.426    -0.022    -0.147    -0.096     0.165     0.258    -0.014     1.721    -0.447     0.016    -0.467 

ddG: V38I     0.393    -1.614    -0.225     0.445     0.036     0.977     0.020    -1.053    -0.060     0.491     0.056    -0.068    -0.313    -0.321     2.018    -0.084    -0.018     0.105 

ddG: V38K     2.381    -0.791    -0.275     3.765     0.000     0.332     0.019    -0.526    -0.022     0.011     0.506     0.088    -0.247     0.115     1.184    -0.542     0.009    -1.244 

ddG: V38L     4.906     0.499     1.152     0.817    -0.006     0.863     0.011    -0.458    -0.016     0.721    -0.005     0.207     0.218     0.465     1.096    -0.472    -0.015    -0.172 

ddG: V38M     0.482     0.818    -0.290    -0.323    -0.009     1.023     0.015    -0.602    -0.079     0.461    -0.024    -0.014    -0.196    -0.065     0.884    -0.386    -0.025    -0.706 

ddG: V38N     2.537     0.018    -0.871     3.549    -0.011     0.261     0.003     0.117     0.041    -0.057    -0.124     0.199    -0.221    -0.426     2.347    -0.247    -0.008    -2.032 

ddG: V38P     6.428     2.633     4.136    -3.285     0.003     2.016     0.217    -0.092    -0.050     3.320     0.997    -0.113    -0.256    -0.123    -1.564    -0.212    -0.036    -1.162 

ddG: V38Q    -0.299    -0.267    -0.442     1.421     0.002     0.207     0.015    -0.591    -0.061     0.400    -0.078    -0.017    -0.134     0.028     2.173    -0.614    -0.025    -2.317 

ddG: V38R     2.553    -2.754     0.233     5.375     0.000     0.163     0.018    -0.642    -0.059     0.416    -0.995     0.010    -0.264     0.023     2.526    -0.397    -0.023    -1.077 

ddG: V38S     1.805     3.386    -1.262     1.462    -0.007     0.233     0.005     0.135    -0.012    -0.119     0.527    -0.006    -0.430    -0.353    -0.777    -0.304     0.012    -0.685 

ddG: V38T     0.661     0.633    -0.101     2.801     0.003    -0.535     0.023    -0.339    -0.224    -0.245    -0.902     0.000    -0.306     0.302     0.349    -0.143     0.045    -0.699 

ddG: V38V     0.220     0.533    -0.438    -0.176     0.004     0.755     0.011    -0.355    -0.042    -0.262     1.372    -0.010    -0.070     0.464    -1.357    -0.204    -0.004     0.000 

ddG: V38W     1.828    -4.971     0.056     3.426     0.021     0.784     0.019    -0.993     0.073     0.252     0.672     0.106     0.028     0.194     2.385    -0.468     0.021     0.222 

ddG: V38Y     4.723    -3.890     0.535     1.785     0.051     0.604    -0.006    -0.606    -0.213     1.148    -0.129     0.024     0.173    -0.299     6.501    -0.179    -0.036    -0.739 

