ddG: description total fa_atr fa_rep fa_sol fa_intra_rep fa_elec pro_close hbond_sr_bb hbond_lr_bb hbond_bb_sc hbond_sc dslf_fa13 rama omega fa_dun p_aa_pp yhh_planarity ref 
ddG: V36A     2.697     3.122    -0.349    -0.966    -0.011     0.759    -0.002    -0.015    -0.156    -0.004     0.425     0.000    -0.058    -0.088     0.224     0.074    -0.074    -0.183 

ddG: V36C     2.606     1.280    -0.273     0.709    -0.011     0.667    -0.005     0.044    -0.056    -0.012     0.341     0.000    -0.033    -0.052     0.456     0.069    -0.049    -0.470 

ddG: V36D     4.189     1.214     0.128     3.056    -0.012    -0.055    -0.005    -0.053    -0.111    -0.501     0.086     0.000     0.099     0.037     2.536     0.202     0.014    -2.448 

ddG: V36E     4.247     0.577    -0.161     2.302    -0.008     0.925    -0.004    -0.020    -0.089     0.011     0.229     0.000     0.061    -0.090     3.212     0.090    -0.019    -2.769 

ddG: V36F     1.994   -10.005     3.790     3.529     0.024     0.524    -0.003     0.294    -0.157     0.076     0.326     0.000    -0.007    -0.007     3.811     0.213    -0.036    -0.379 

ddG: V36G     3.281     4.627    -0.317    -1.595    -0.017     0.120    -0.001     0.008    -0.106     0.076     0.118    -0.002     0.475     0.051    -0.069     0.696    -0.057    -0.728 

ddG: V36H     2.760    -0.590     0.409     1.004    -0.012    -0.095    -0.002    -0.064    -0.009    -0.644    -0.009     0.000     0.101    -0.014     2.866     0.278     0.010    -0.467 

ddG: V36H     2.762    -0.601     0.393     1.038    -0.012    -0.108     0.000    -0.074    -0.019    -0.655     0.007    -0.001     0.100     0.018     2.856     0.277     0.009    -0.467 

ddG: V36I    -0.223    -0.746    -0.051     0.352     0.004     0.003    -0.002    -0.009     0.004     0.005     0.011    -0.001    -0.003     0.044     0.176    -0.096    -0.017     0.105 

ddG: V36K     1.313    -0.405    -0.123     2.102    -0.016    -0.680    -0.004    -0.005    -0.153     0.168    -0.034     0.000    -0.081     0.185     1.473     0.185    -0.055    -1.244 

ddG: V36L     2.333     0.934     0.773    -0.270    -0.005    -0.124     0.001    -0.107     0.133    -0.787    -0.074    -0.003     0.147     0.070     1.575     0.212     0.029    -0.172 

ddG: V36M     1.930     0.473    -0.088     0.188    -0.014     0.243    -0.001    -0.040    -0.117     0.068     0.074     0.000     0.054     0.066     1.552     0.239    -0.060    -0.706 

ddG: V36N     3.498    -5.394     0.094     9.368    -0.021    -0.118     0.005    -0.116     0.093    -0.806    -0.983     0.000     0.179    -0.325     3.375     0.174     0.006    -2.032 

ddG: V36P    -0.729     1.443     0.259    -1.326    -0.015     0.151     0.020     0.041    -0.155     0.072     0.195     0.001    -0.032     0.192     0.253    -0.597    -0.068    -1.162 

ddG: V36Q     3.485     0.296    -0.183     1.278    -0.006     1.014    -0.001    -0.041    -0.087    -0.002     0.283     0.000     0.014    -0.160     3.258     0.150    -0.012    -2.317 

ddG: V36R     2.134    -0.856    -0.236     2.800    -0.006    -0.487    -0.005    -0.033    -0.116     0.041     0.041     0.001    -0.003     0.089     1.883     0.125    -0.027    -1.077 

ddG: V36S     3.257     2.572    -0.375     0.871    -0.010     0.083    -0.008    -0.025    -0.118    -0.009     0.401     0.000     0.010    -0.121     0.553     0.188    -0.072    -0.685 

ddG: V36T     1.203     0.768    -0.148     0.898    -0.007    -0.038    -0.006     0.017    -0.139     0.066     0.135    -0.001     0.110     0.097     0.029     0.171    -0.052    -0.699 

ddG: V36V     0.066    -0.340     0.112     0.275     0.000    -0.016    -0.002     0.002    -0.020     0.042     0.020    -0.001    -0.009    -0.001     0.002     0.015    -0.014     0.000 

ddG: V36W     2.379    -3.907     0.373     2.074     0.019    -0.012     0.000     0.045    -0.067     0.067    -0.009    -0.002     0.074     0.156     3.209     0.130     0.007     0.222 

ddG: V36Y     1.989    -1.053     1.049     0.347     0.013    -0.363     0.007    -0.107     0.028    -0.719    -0.183    -0.001     0.197     0.104     3.047     0.363    -0.001    -0.739 

