ddG: description total fa_atr fa_rep fa_sol fa_intra_rep fa_elec pro_close hbond_sr_bb hbond_lr_bb hbond_bb_sc hbond_sc dslf_fa13 rama omega fa_dun p_aa_pp yhh_planarity ref 
ddG: V58A     4.163     5.581    -0.227    -0.901    -0.017    -0.094     0.005    -0.002     0.020     0.000     0.002     0.000    -0.126     0.028     0.311    -0.237     0.004    -0.183 

ddG: V58C     5.561    -3.071     1.624     7.738    -0.014    -0.809    -0.003    -0.038    -0.065    -0.132    -1.676     0.000     0.124     0.388     1.627     0.395    -0.058    -0.470 

ddG: V58D    10.405    -2.425     0.520    11.749    -0.012     0.370    -0.008     0.005     0.035    -0.100     0.058     0.000    -0.054     0.141     2.539     0.056    -0.021    -2.448 

ddG: V58E    10.389    -5.630     1.449    12.306    -0.008     1.131    -0.002    -0.396     0.043    -1.348     0.792     0.000    -0.211    -0.068     4.839     0.258     0.004    -2.769 

ddG: V58F     5.004    -3.264     4.934    -0.407     0.046    -0.844     0.000     0.308     0.069     0.126    -0.846     0.000    -0.049     0.811     4.674    -0.156    -0.020    -0.379 

ddG: V58G     7.550     3.518     1.424     3.178    -0.002    -1.163     0.006     0.118     0.032    -0.007    -1.161     0.000     0.384     0.202     1.213     0.532     0.004    -0.728 

ddG: V58H    10.334    -3.929     3.033     4.686     0.016    -0.471     0.001     0.021     0.097    -0.027    -0.280     0.000     0.414     0.903     5.562     0.770     0.004    -0.467 

ddG: V58H     9.744    -2.364     2.197     2.976     0.013    -0.526     0.001     0.028     0.124     0.060     0.326     0.000     0.372     0.946     5.573     0.547    -0.063    -0.467 

ddG: V58I     1.514    -2.184     1.309     0.534     0.014    -0.348     0.002    -0.061    -0.033     0.096     0.034     0.000     0.138     0.024     1.967    -0.078    -0.004     0.105 

ddG: V58K     7.923    -0.863     1.596     6.945     0.035    -3.893     0.004     0.081     0.039    -0.007    -1.300     0.000     0.368     0.371     5.644     0.148    -0.002    -1.244 

ddG: V58L     7.922    -2.027     6.465    -0.044    -0.002     1.984    -0.007    -0.294     0.320    -1.402     0.810     0.000    -0.159     0.102     2.010     0.335     0.003    -0.172 

ddG: V58M     6.900    -2.965     4.236     2.773     0.002     0.165    -0.006     0.158     0.182     0.069     0.046     0.000     0.079     0.385     2.555    -0.076     0.003    -0.706 

ddG: V58N     6.229    -2.069     1.092     6.152    -0.007    -0.025    -0.004     0.181     0.066     0.008     0.024     0.000     0.019    -0.067     2.653     0.238     0.001    -2.032 

ddG: V58P    16.712    -1.309    10.767     0.124    -0.010     0.927     0.546     0.802    -0.245    -1.484     0.796     0.000     2.484     2.310     1.899     0.260     0.006    -1.162 

ddG: V58Q     7.072    -1.593     1.922     4.663     0.026    -0.514     0.006     0.052     0.059    -0.045    -1.418     0.000     0.451     0.083     5.473     0.220     0.004    -2.317 

ddG: V58R    11.911    -3.957     1.656    10.527     0.058    -1.974     0.002     0.044     0.016    -0.021    -0.512     0.000     0.117     0.334     6.514     0.187    -0.005    -1.077 

ddG: V58S     5.420     4.252     0.003     2.424    -0.016    -0.422     0.007     0.071     0.015    -0.118    -1.329     0.000     0.017     0.040     1.037     0.140    -0.017    -0.685 

ddG: V58T     4.801     3.015    -0.139     1.485    -0.005     0.148     0.008     0.079    -0.012     0.069     0.734     0.000    -0.014     0.008     0.108     0.075    -0.058    -0.699 

ddG: V58V     0.440    -1.004     0.440     0.576     0.001     1.405     0.002    -0.499    -0.025    -1.424     0.784     0.000    -0.043    -0.023     0.022     0.221     0.006     0.000 

ddG: V58W     4.850    -7.731     4.202     4.540     0.034    -0.727     0.003     0.158     0.041     0.105    -0.836     0.000    -0.029     0.521     4.469    -0.100    -0.022     0.222 

ddG: V58Y     6.172    -3.943     4.104     0.924     0.035    -0.655     0.003     0.357    -0.039     0.172     0.136     0.000     0.062     0.959     4.940    -0.104    -0.041    -0.739 

