ddG: description total fa_atr fa_rep fa_sol fa_intra_rep fa_elec pro_close hbond_sr_bb hbond_lr_bb hbond_bb_sc hbond_sc dslf_fa13 rama omega fa_dun p_aa_pp yhh_planarity ref 
ddG: G69A     5.535    -2.155     4.033    -0.199     0.016    -0.020     0.006     0.166    -0.158     0.038     0.001     0.000     1.218     0.227     0.791     1.020     0.007     0.545 

ddG: G69C    11.219    -5.722     6.690     4.431     0.027     2.049    -0.009    -0.645    -0.128    -1.346     0.779     0.000     1.959     0.737     1.948     0.176     0.015     0.258 

ddG: G69D    16.136    -8.528     6.057    12.145     0.035     0.915    -0.012    -0.224     0.088    -0.052     0.034     0.000     1.319     2.155     3.787     0.152    -0.013    -1.720 

ddG: G69E    17.165   -10.629     8.458    11.512     0.067     0.899    -0.008    -0.332     0.083     0.156     0.006     0.000     1.374     1.226     5.503     0.891     0.001    -2.041 

ddG: G69F    23.478   -13.965    18.361     1.175     0.079     0.881    -0.006    -0.657     1.335     1.217     0.112     0.000     2.293     0.990     9.702     1.636    -0.024     0.349 

ddG: G69G     0.290    -0.357     0.212     0.326    -0.001     0.141     0.000     0.009     0.018    -0.108     0.053     0.000     0.004     0.003     0.002     0.008    -0.021     0.000 

ddG: G69H    18.641   -13.153    11.822     6.505     0.048     0.308     0.005     0.136     0.969    -0.243    -0.204     0.000     0.723     0.423     8.059     2.988    -0.008     0.261 

ddG: G69H    18.916   -13.504    11.908     7.143     0.048     0.217     0.014     0.109     0.947    -0.393    -0.051     0.000     0.934     0.546     8.131     2.649    -0.043     0.261 

ddG: G69I    11.812    -9.157    13.098    -1.027     0.179    -0.310    -0.040    -0.300    -0.028    -0.121     0.224     0.000     1.649     2.030     4.538     0.246    -0.003     0.833 

ddG: G69K    26.541   -12.473    14.003    10.526     0.017     1.875    -0.007    -0.744    -0.232    -1.329    -0.284     0.000     1.640     5.788     7.175     1.100     0.004    -0.516 

ddG: G69L    13.329    -9.387    10.940     0.859     0.209     0.652     0.001    -0.140     0.113     1.304     0.146     0.000     2.056     0.479     4.827     0.715    -0.001     0.556 

ddG: G69M    16.081   -11.643    14.426     4.924     0.016     0.692    -0.001    -0.062     0.243     0.317     0.192     0.000     1.464     0.442     4.130     0.942    -0.024     0.022 

ddG: G69N    12.918    -9.035     6.556     6.637     0.039     0.237    -0.011    -0.058     0.134     0.056    -0.020     0.000     1.301     1.444     5.764     1.185    -0.007    -1.304 

ddG: G69P   111.047    -6.989    90.278     0.909     0.028     1.097     7.707     0.149     0.377    -1.297     0.795     0.000     2.934     1.904    10.526     3.070    -0.008    -0.434 

ddG: G69Q    14.094   -11.405    10.040     7.867     0.079     1.539    -0.003    -1.037     0.609    -1.667     1.003     0.000     1.429     0.831     5.080     1.316     0.001    -1.589 

ddG: G69R    22.897   -15.917    15.832    13.052     0.031     2.143    -0.019    -0.551    -0.525    -1.897    -0.280     0.000     1.328     2.672     6.761     0.607     0.009    -0.349 

ddG: G69S     7.701    -4.326     4.986     5.493     0.022    -0.275    -0.001    -0.474     0.004    -1.345    -0.470     0.000     1.192     0.250     1.731     0.870     0.003     0.043 

ddG: G69T    10.536    -4.566     4.578     3.386     0.030     1.239    -0.015    -0.390     0.456    -0.058    -0.149     0.000     1.859     0.859     1.682     1.651    -0.056     0.029 

ddG: G69V    14.661    -7.710    12.006     1.260     0.114     1.135    -0.042    -0.828     0.456    -2.335     0.666     0.000     2.123     1.006     4.598     1.488    -0.002     0.728 

ddG: G69W    26.008   -21.616    23.721     8.430     0.056     1.144     0.014     0.325    -0.359     0.059    -1.079     0.000     1.967     1.604     8.701     2.110    -0.019     0.950 

ddG: G69Y    21.886   -18.008    17.374     6.670     0.061     2.484    -0.025    -0.550    -0.520    -1.359    -0.251     0.000     1.660     1.122    10.325     2.913     0.000    -0.011 

