ddG: description total fa_atr fa_rep fa_sol fa_intra_rep fa_elec pro_close hbond_sr_bb hbond_lr_bb hbond_bb_sc hbond_sc dslf_fa13 rama omega fa_dun p_aa_pp yhh_planarity ref 
ddG: Q30A    -0.132     4.409    -1.263    -3.865    -0.005    -0.239     0.009     0.501    -0.041     1.045    -0.486     0.000    -0.271     0.202    -2.102    -0.153    -0.006     2.134 

ddG: Q30C    -0.193     2.542    -0.213    -1.929    -0.003    -0.827     0.004     0.028     0.014    -0.007     0.002     0.000     0.154    -0.052    -2.120     0.369    -0.002     1.847 

ddG: Q30D     0.562     0.551    -2.316     3.098    -0.005    -2.153     0.006     0.357     0.036     0.824    -1.990     0.000    -0.222     0.411     1.945     0.140     0.009    -0.131 

ddG: Q30E     2.175    -1.091    -1.427     3.546     0.000    -2.861    -0.002     0.320     0.085     0.823    -2.951     0.000    -0.343     0.122     6.369     0.022     0.018    -0.453 

ddG: Q30F    -1.535    -0.428    -0.357    -3.065     0.029    -0.133     0.001     0.024     0.039     0.081     0.023     0.000     0.026    -0.140     0.446    -0.033     0.013     1.938 

ddG: Q30G     1.994     3.950     1.742    -2.944    -0.007    -1.878    -0.012     0.015     0.310     1.074    -2.755     0.000     0.222     0.037     0.507     0.145    -0.003     1.589 

ddG: Q30H    -0.058     0.333    -1.238    -1.255     0.000    -0.413     0.008     0.500    -0.048     1.014    -0.456     0.000    -0.172     0.171    -0.459     0.098     0.008     1.850 

ddG: Q30H    -0.519     0.616    -1.321    -1.583    -0.003    -0.689     0.007     0.455    -0.017     1.106    -0.426     0.000    -0.172     0.154    -0.597     0.107    -0.005     1.850 

ddG: Q30I    -1.690     0.230    -0.988    -1.262     0.019    -2.693    -0.003    -0.033     0.139    -0.242    -1.684     0.000    -0.058    -0.059     2.469     0.037     0.014     2.421 

ddG: Q30K    -0.079     2.653    -1.217    -1.997     0.001    -0.494     0.009     0.469    -0.046     1.043    -0.479     0.000    -0.252     0.202    -1.044     0.006    -0.006     1.073 

ddG: Q30L    -0.908     0.818    -0.994    -1.178    -0.002    -1.939     0.006     0.498     0.001     1.029    -1.968     0.000    -0.098     0.096     0.808    -0.139     0.009     2.145 

ddG: Q30M    -0.285     2.742    -0.286    -4.570    -0.010    -0.345     0.000     0.123     0.072    -0.186    -0.741     0.000    -0.019    -0.208     1.585    -0.051    -0.002     1.610 

ddG: Q30N    -0.536    -0.057    -1.077     1.672    -0.005    -1.023     0.007     0.411    -0.069     1.170    -1.611     0.000     0.177     0.334    -0.984     0.226     0.009     0.284 

ddG: Q30P    11.192     2.027     4.442    -4.156     0.033     0.538     0.710     0.004    -0.029     1.020    -0.441     0.000     0.580     2.035     3.045     0.222     0.007     1.155 

ddG: Q30Q    -0.966     0.541    -0.078    -1.146     0.003    -0.571     0.003     0.006     0.019    -0.011    -0.028     0.000     0.042    -0.047     0.269     0.035    -0.001     0.000 

ddG: Q30R     4.121    -3.100     1.045     5.052     0.000    -1.786    -0.006     0.486     0.248     2.103    -3.170     0.000    -0.266     0.369     2.333    -0.416    -0.008     1.240 

ddG: Q30S     0.323     1.714     1.598    -1.034    -0.016    -2.016    -0.008    -0.135     0.283    -0.407    -2.721     0.000    -0.122     0.460     0.812     0.276     0.007     1.632 

ddG: Q30T     1.237     2.447    -1.231    -0.849     0.002     0.134     0.005     0.217     0.125     1.139    -0.392     0.000    -0.217     0.588    -2.427     0.074     0.004     1.617 

ddG: Q30V    -0.776     1.815     0.132    -2.796     0.026    -0.579     0.000     0.009     0.000     0.004    -0.042     0.000     0.204    -0.020    -1.989     0.146    -0.001     2.317 

ddG: Q30W     2.696    -2.469     0.476    -0.462     0.048     1.551    -0.012    -0.171     0.154     1.539    -0.292     0.000    -0.199     0.344     0.322    -0.676     0.004     2.539 

ddG: Q30Y    -2.258    -1.983     1.620    -0.894     0.012    -2.634    -0.008     0.063     0.087    -0.474    -2.786     0.000    -0.029     0.032     3.030     0.075     0.052     1.578 

