ddG: description total fa_atr fa_rep fa_sol fa_intra_rep fa_elec pro_close hbond_sr_bb hbond_lr_bb hbond_bb_sc hbond_sc dslf_fa13 rama omega fa_dun p_aa_pp yhh_planarity ref 
ddG: H32A     2.914    11.953    -0.768    -7.036    -0.005     0.937     0.003     0.298    -0.053     2.819    -0.318     0.000    -0.018     0.273    -5.125    -0.309    -0.020     0.284 

ddG: H32C     0.448     8.828     1.712    -3.681    -0.014    -2.700    -0.009     0.045     0.050     1.269    -3.273     0.000     0.072     0.001    -2.106     0.276    -0.018    -0.003 

ddG: H32D     4.989     5.554    -0.417     3.527     0.001    -0.386     0.007     0.419    -0.098     2.273    -0.406     0.000    -0.007     0.201    -3.529    -0.147    -0.021    -1.981 

ddG: H32E     5.351     3.799     2.483     1.472     0.016    -0.781    -0.016     0.120     0.255     2.752    -2.571     0.000    -0.045     0.155     0.568    -0.535    -0.018    -2.303 

ddG: H32F    -1.639    -0.469     2.229    -4.990     0.047     0.735     0.001     0.069     0.039     1.720     0.150     0.000     0.330     0.057    -1.741     0.102    -0.006     0.088 

ddG: H32G     5.264    11.937    -1.133    -3.353    -0.006    -1.234     0.007     0.406    -0.098     2.672    -1.849     0.000     0.133     0.405    -2.755     0.412    -0.020    -0.261 

ddG: H32H    -0.901    -0.427     1.451    -1.648     0.016     1.301     0.001    -0.148     0.116     0.213     0.146     0.000     0.183     0.308    -2.225    -0.185    -0.004     0.000 

ddG: H32H    -0.274     0.491    -0.037    -1.173     0.007     0.128    -0.002     0.016     0.064    -0.001    -0.031     0.000    -0.037     0.018     0.313    -0.030     0.000     0.000 

ddG: H32I     2.894     9.717     1.786    -4.726     0.006    -1.395    -0.003     0.481    -0.015     2.176    -3.265     0.000    -0.196     0.528    -2.592    -0.153    -0.026     0.571 

ddG: H32K     4.213     9.499    -0.025    -2.271     0.004     0.226     0.003     0.080    -0.068     1.637     0.065     0.000     0.011    -0.003    -3.740    -0.414    -0.013    -0.777 

ddG: H32L    -0.137     5.140     1.217    -5.171     0.018     0.721     0.000     0.206     0.019     1.725     0.062     0.000     0.283     0.608    -4.999    -0.246    -0.013     0.295 

ddG: H32M     0.947     9.222     0.157    -5.402     0.003     0.763     0.002    -0.080    -0.047     1.660     0.059     0.000     0.121    -0.232    -4.510    -0.516    -0.015    -0.240 

ddG: H32N     1.999     5.635     0.362    -1.890     0.011     0.713     0.001     0.026    -0.014     1.710     0.054     0.000     0.371     0.068    -3.506     0.041    -0.016    -1.566 

ddG: H32P    12.322     6.618     7.351    -5.467     0.075    -1.146     0.097     2.776     0.046     2.378    -3.046     0.000     0.620     1.968     0.209     0.556    -0.017    -0.695 

ddG: H32Q     2.657     5.734    -0.201    -2.821     0.013     1.145     0.005     0.521    -0.076     2.785    -0.382     0.000    -0.062     0.432    -2.221    -0.338    -0.025    -1.850 

ddG: H32R     7.038     3.256    -0.003     1.860     0.023     1.357     0.003     0.501    -0.067     2.886    -0.310     0.000     0.007     0.383    -1.955    -0.269    -0.021    -0.610 

ddG: H32S     4.071     9.926     0.156    -3.342    -0.001     0.270     0.000    -0.070    -0.016     1.671     0.092     0.000     0.231     0.006    -4.733     0.113    -0.013    -0.218 

ddG: H32T     3.294     8.326     0.639    -3.100     0.011    -0.062     0.001     0.135     0.010     1.645     0.065     0.000     0.286     0.108    -4.562     0.035    -0.011    -0.232 

ddG: H32V     2.628    10.708     1.853    -4.861    -0.006    -1.330    -0.003     0.426    -0.001     2.164    -3.247     0.000    -0.162     0.466    -3.674    -0.150    -0.021     0.467 

ddG: H32W     1.012    -2.784     3.824     1.626     0.009    -0.806    -0.014    -0.102     0.351     2.767    -2.521     0.000    -0.057    -0.054    -1.403    -0.500    -0.014     0.689 

ddG: H32Y    -1.640    -2.584     1.727    -2.979     0.054     1.569    -0.002    -0.131     0.244     1.673    -0.737     0.000     0.356     0.739    -1.400    -0.058     0.160    -0.272 

