ddG: description total fa_atr fa_rep fa_sol fa_intra_rep fa_elec pro_close hbond_sr_bb hbond_lr_bb hbond_bb_sc hbond_sc dslf_fa13 rama omega fa_dun p_aa_pp yhh_planarity ref 
ddG: S86A     0.092     0.431     0.498    -0.616    -0.002     0.039     0.002    -0.695     0.307     0.134     0.247     0.018    -0.046     0.449    -1.170    -0.006     0.001     0.502 

ddG: S86C     0.660     0.006    -0.552     0.251    -0.003     0.060    -0.011     0.733     0.061    -0.516     0.592     0.042    -0.043    -0.186    -0.190     0.198     0.004     0.215 

ddG: S86D     0.712     0.063     0.560     0.696    -0.002    -0.152    -0.003    -0.118     0.202     0.034     0.045     0.097     0.186     0.391     0.386     0.066     0.023    -1.763 

ddG: S86E     0.245     0.199     0.529    -0.123     0.000     0.117    -0.001    -0.690     0.312     0.137     0.252     0.017    -0.065     0.434     1.297    -0.103     0.016    -2.085 

ddG: S86F     1.493    -0.862     0.173     0.286     0.016    -0.334    -0.011     0.647     0.207    -0.505     0.552     0.067     0.218     0.375     0.058     0.293     0.008     0.306 

ddG: S86G     1.388     1.431    -0.228    -0.331    -0.013     0.421    -0.014     0.726     0.214    -0.794     2.062     0.048     0.136     0.525    -2.908     0.159    -0.002    -0.043 

ddG: S86H     1.048    -2.442     0.734     1.307     0.003    -0.408     0.001    -0.094     0.179     0.108     0.113     0.104     0.301     0.508     0.221     0.181     0.015     0.218 

ddG: S86H     0.522    -1.566     0.339     0.866    -0.001    -0.351     0.005     0.029     0.184    -0.039     0.040     0.018     0.182     0.313     0.069     0.211     0.004     0.218 

ddG: S86I     1.070    -0.523    -0.278     0.646     0.017     0.620     0.002    -0.326     0.357    -0.626     2.091     0.053    -0.068     0.793    -2.540     0.051     0.012     0.789 

ddG: S86K    -0.187     0.792     0.253    -0.410    -0.010    -0.477    -0.016     0.476     0.258    -0.471     0.115     0.101     0.110     0.105    -0.596     0.143    -0.002    -0.559 

ddG: S86L     0.207     0.186     0.504    -0.612     0.003    -0.192     0.000    -0.089     0.202     0.045     0.039     0.105     0.229     0.396    -1.323     0.195     0.005     0.513 

ddG: S86M     1.341     0.033    -0.550    -0.270     0.004     0.804     0.008     0.281     0.069    -0.087     0.518     0.124    -0.074    -0.003     0.316     0.185     0.003    -0.022 

ddG: S86N     0.729    -0.259     0.371    -0.503     0.029     0.213    -0.017    -0.036     0.011     0.503     0.064     0.021     0.706    -0.029     1.245    -0.232    -0.011    -1.348 

ddG: S86P     0.247    -1.894     0.862     0.311     0.007     0.935     0.025    -0.444     0.145     0.083     0.725     0.042    -0.025     0.109     0.009    -0.174     0.009    -0.477 

ddG: S86Q     0.158    -0.368     0.387     0.142    -0.001    -0.218    -0.001    -0.047     0.166     0.022     0.038     0.020     0.138     0.586     0.831     0.096     0.000    -1.632 

ddG: S86R     1.186     0.280     0.249     0.319    -0.001    -0.192    -0.013     0.660     0.196    -0.420     0.629     0.061     0.027     0.222    -0.477     0.030     0.007    -0.392 

ddG: S86S     0.358     1.160    -0.291     0.195    -0.007     0.189     0.002     0.297     0.199    -0.600     2.036     0.054    -0.192     0.701    -3.035    -0.364     0.014     0.000 

ddG: S86T     0.346    -0.279    -0.027     0.102     0.003     0.162    -0.003     0.006    -0.001     0.003     0.004     0.004     0.129     0.047    -0.088     0.290     0.009    -0.015 

ddG: S86V     2.050    -0.931    -0.217     0.249     0.015     0.689     0.010     0.294     0.007    -0.064     0.513     0.044     0.147     0.093    -0.060     0.571     0.005     0.685 

ddG: S86W     0.521    -4.485     0.642     1.997     0.036     0.348    -0.001     0.043     0.145     0.051     0.561     0.046     0.207     0.416    -0.337    -0.063     0.009     0.907 

ddG: S86Y     1.895     0.301    -0.100    -0.732     0.016     0.539     0.005     0.177     0.193    -0.172     1.517     0.020     0.120     0.806    -0.909     0.172    -0.003    -0.054 

