ddG: description total fa_atr fa_rep fa_sol fa_intra_rep fa_elec pro_close hbond_sr_bb hbond_lr_bb hbond_bb_sc hbond_sc dslf_fa13 rama omega fa_dun p_aa_pp yhh_planarity ref 
ddG: W31A     7.995    24.196    -1.281   -13.275    -0.016     3.029    -0.004    -1.000    -0.193    -0.030     1.571     0.000     0.515     0.240    -5.109    -0.241     0.001    -0.405 

ddG: W31C     9.929    22.498    -1.087   -11.134    -0.016     2.963    -0.008    -0.260    -0.067     0.012     1.553     0.000     0.239     0.247    -4.435     0.118     0.000    -0.692 

ddG: W31D    13.470    18.889    -0.725    -3.804    -0.010     2.334    -0.007    -0.651    -0.085     0.020     1.200     0.000     0.475     0.039    -1.900     0.366     0.000    -2.670 

ddG: W31E    11.669    13.515    -0.714    -0.642    -0.011     2.236    -0.008    -1.493     0.158    -0.075     1.533     0.000     0.282     0.486    -0.534    -0.072    -0.001    -2.992 

ddG: W31F     2.002    10.067    -0.686    -7.850     0.010     2.293    -0.008    -1.617     0.120    -0.002     1.593     0.000     0.108     0.746    -1.826    -0.346     0.001    -0.601 

ddG: W31G    11.937    23.911    -1.589   -10.557    -0.019     2.557    -0.004    -0.200    -0.146    -0.015     1.558     0.000     0.722     0.002    -3.827     0.494     0.001    -0.950 

ddG: W31H     6.101    11.948    -1.075    -5.057    -0.015     2.207    -0.009    -1.509     0.045    -0.004     1.576     0.000     0.122     0.521    -1.786    -0.176     0.001    -0.689 

ddG: W31H     5.471     7.889    -0.912    -0.120    -0.018    -0.012     0.001    -1.327     0.071     0.044     0.068     0.000    -0.085     0.307     0.429    -0.175     0.000    -0.689 

ddG: W31I     7.031    15.043     0.562    -8.741     0.025     2.365    -0.009    -1.429     0.227    -0.028     1.570     0.000    -0.033     0.165    -2.010    -0.558    -0.001    -0.118 

ddG: W31K    10.246    13.641    -0.369    -2.967    -0.008     1.862    -0.012    -1.501    -0.015    -0.077     1.520     0.000     0.035     0.669    -0.923    -0.142     0.000    -1.466 

ddG: W31L     8.003    11.591    -0.294    -4.198    -0.011     0.184    -0.001     0.036    -0.074     0.032     0.035     0.000     0.207    -0.034     0.887     0.036     0.001    -0.394 

ddG: W31M     5.112    12.298     0.174    -4.786    -0.014     0.563    -0.006    -1.455     0.048    -0.016    -0.022     0.000     0.002     0.557    -1.106    -0.197    -0.001    -0.928 

ddG: W31N     8.525    19.095    -0.708    -7.783    -0.013     2.564    -0.005    -0.264    -0.071    -1.485     1.556     0.000     0.523     0.141    -2.988     0.215     0.000    -2.255 

ddG: W31P    13.692    17.708     1.685    -6.872    -0.019     1.593     0.614    -1.128     0.981     0.002     0.307     0.000     0.036     0.762    -0.021    -0.571    -0.002    -1.384 

ddG: W31Q     7.341    12.065    -0.038    -1.684    -0.013     0.671    -0.006    -1.390     0.094    -0.031    -0.056     0.000    -0.055     0.490     0.084    -0.250    -0.001    -2.539 

ddG: W31R     9.763    11.676    -0.428    -0.371    -0.001     1.562    -0.011    -1.358    -0.061    -0.072     1.526     0.000     0.024     0.540    -1.670    -0.295     0.000    -1.299 

ddG: W31S    10.639    23.577    -1.227   -10.928    -0.016     3.131    -0.006    -0.887    -0.125    -0.035     1.551     0.000     0.362     0.314    -4.100    -0.067     0.000    -0.907 

ddG: W31T     9.455    18.581    -0.946    -7.944     0.008     2.571    -0.006    -0.209    -0.043    -0.005     1.609     0.000     0.303    -0.065    -3.377    -0.102     0.000    -0.921 

ddG: W31V     7.131    20.103    -0.306   -12.412     0.016     3.348    -0.004    -0.280     0.042     0.030     1.595     0.000     0.260    -0.002    -4.650    -0.385     0.000    -0.222 

ddG: W31W    -0.334     3.412    -0.011    -3.755     0.009     2.087    -0.007    -1.152     0.174     0.008     1.202     0.000    -0.093     0.127    -2.005    -0.328     0.000     0.000 

ddG: W31Y     1.575    12.143    -0.559    -9.400     0.012     2.870    -0.009    -1.669     0.117    -0.013     1.601     0.000     0.167     0.811    -3.102    -0.442     0.009    -0.961 

