ddG: description total fa_atr fa_rep fa_sol fa_intra_rep fa_elec pro_close hbond_sr_bb hbond_lr_bb hbond_bb_sc hbond_sc dslf_fa13 rama omega fa_dun p_aa_pp yhh_planarity ref 
ddG: I70A     2.459     2.008    -0.389     2.977    -0.011    -0.633     0.000    -0.988     0.186    -0.009    -0.376     0.000    -0.630    -0.222     1.255    -0.417    -0.005    -0.288 

ddG: I70C     3.150     1.080    -0.427     4.194    -0.011    -0.569    -0.002    -0.994     0.181    -0.024    -0.311     0.000    -0.520    -0.192     1.434    -0.107    -0.007    -0.574 

ddG: I70D     5.667     1.908    -0.230     5.819    -0.008    -0.381    -0.001     0.195     0.005     0.102    -0.386     0.000    -0.472    -0.196     1.859     0.004     0.002    -2.553 

ddG: I70E     3.386    -1.559    -0.141     8.612    -0.014    -2.283     0.005     0.202    -0.005     0.275    -1.621     0.000    -0.422    -0.218     3.485    -0.151     0.095    -2.874 

ddG: I70F     1.400    -2.701    -0.232     2.255     0.033    -0.220    -0.001     0.329     0.042    -0.010    -0.379     0.000    -0.332    -0.123     3.158     0.072    -0.008    -0.483 

ddG: I70G     5.608     7.491    -0.337    -0.284    -0.010    -0.475    -0.002     0.203     0.021     0.023    -0.367     0.000    -0.191    -0.218     0.193     0.400    -0.006    -0.833 

ddG: I70H     2.321    -0.797    -0.529     2.288    -0.011    -0.099     0.002     0.023     0.006    -0.057     0.001     0.000    -0.126     0.118     2.069     0.003     0.003    -0.571 

ddG: I70H     2.736    -1.586    -0.333     3.663    -0.006    -0.420     0.000     0.299     0.047    -0.003    -0.374     0.000    -0.363    -0.062     2.422     0.020     0.002    -0.571 

ddG: I70I    -0.263    -6.926     0.050     7.797    -0.004    -2.869     0.007     0.236     0.035     0.008    -1.553     0.000    -0.277    -0.272     3.482     0.023     0.000     0.000 

ddG: I70K     2.786    -4.582    -0.144    10.631    -0.016    -2.893     0.011     0.260    -0.088     0.176    -1.564     0.000    -0.483    -0.071     2.839    -0.058     0.115    -1.348 

ddG: I70L     0.504     0.931    -0.320     0.088    -0.003     0.053     0.001    -0.003    -0.023     0.018     0.028     0.000    -0.100     0.197     0.097    -0.185     0.001    -0.276 

ddG: I70M     2.078     1.209    -0.450     1.205    -0.014    -0.130     0.000    -0.008    -0.001    -0.016    -0.003     0.000    -0.137     0.005     1.421    -0.191     0.000    -0.811 

ddG: I70N     2.151    -1.902    -0.331     7.266    -0.015    -2.436     0.005     0.133     0.004    -0.045    -1.566     0.000    -0.297    -0.130     3.548     0.064    -0.009    -2.137 

ddG: I70P     7.746     1.947     3.590     0.975    -0.034     0.785     0.393    -0.914     0.005     0.759     0.090     0.000     0.049     0.136     1.293    -0.055    -0.008    -1.266 

ddG: I70Q     1.379     0.262    -0.419     3.380    -0.012    -0.787    -0.001    -0.112    -0.023     0.110    -1.016     0.000    -0.259     0.122     2.287    -0.127     0.394    -2.421 

ddG: I70R     3.237    -4.824    -0.876     9.975    -0.004    -0.847    -0.004    -0.715     0.457    -0.020    -0.348     0.000    -1.020    -0.044     2.877    -0.179    -0.009    -1.182 

ddG: I70S     4.064    -1.609    -0.470     8.376    -0.019    -3.118     0.005     0.176     0.011    -0.038    -1.577     0.000    -0.521    -0.328     3.884     0.088    -0.005    -0.789 

ddG: I70T     2.530     2.808    -0.394     1.161    -0.008    -0.289     0.001     0.010     0.087     0.037    -0.016     0.000    -0.371    -0.157     0.071     0.396     0.000    -0.804 

ddG: I70V     0.613    -1.654     0.106     3.746     0.002    -0.782     0.001    -0.990     0.195     0.013    -0.358     0.000    -0.408    -0.174     1.288    -0.269     0.002    -0.105 

ddG: I70W    -0.502    -6.022    -0.587     3.172     0.013     0.161     0.001     0.222     0.272     0.098     0.006     0.000    -0.622     0.093     2.267     0.303     0.002     0.118 

ddG: I70Y     0.161    -6.323    -0.198     6.430     0.024    -2.290     0.007     0.216     0.027     0.052    -1.556     0.000    -0.291    -0.142     4.996     0.052    -0.001    -0.844 

