ddG: description total fa_atr fa_rep fa_sol fa_intra_rep fa_elec pro_close hbond_sr_bb hbond_lr_bb hbond_bb_sc hbond_sc dslf_fa13 rama omega fa_dun p_aa_pp yhh_planarity ref 
ddG: G24A     4.052    -1.334    -1.667    -0.053     0.005     2.920     0.006     0.526    -0.116     2.115     2.218     0.000     0.464    -0.002    -1.941     0.352     0.013     0.545 

ddG: G24C     3.520    -2.597    -0.281     0.924     0.017     3.362    -0.003    -0.109    -0.119     0.993     2.300     0.000     0.132     0.151    -1.335    -0.182     0.008     0.258 

ddG: G24D     8.740    -2.497    -0.397     4.024     0.019     4.111     0.004     0.841    -0.016     1.738    -0.039     0.000    -0.116     0.133     2.449     0.198     0.006    -1.720 

ddG: G24E     4.611    -4.442    -1.221     4.171     0.028     1.742     0.011     0.116    -0.077     1.480     1.585     0.000     0.843    -0.103     1.968     0.549     0.002    -2.041 

ddG: G24F     5.747    -9.961    -0.309     3.895     0.045     5.433     0.012     0.445    -0.055     2.262     2.943     0.000     0.582     0.367    -0.973     0.713    -0.004     0.349 

ddG: G24G     3.471    -0.569    -1.358    -0.012     0.033     3.422     0.000    -0.049     0.160     2.002     2.769     0.000     0.200    -0.137    -2.499    -0.506     0.016     0.000 

ddG: G24H     3.459   -11.124     1.996     7.176     0.000     0.495    -0.005     0.176     0.021     0.031    -0.023     0.000     1.166    -0.027     2.588     0.716     0.013     0.261 

ddG: G24H     3.563   -11.291    -0.267     6.773     0.021     3.178     0.006     0.035     0.075    -0.212     2.516     0.000     0.059     0.287     1.560     0.544     0.017     0.261 

ddG: G24I     6.696    -3.051     1.754    -3.397     0.028     4.771     0.000     0.375     0.198     1.183     0.605     0.000     0.858    -0.110     1.683     0.958     0.009     0.833 

ddG: G24K     6.676    -3.954    -2.064     2.915     0.009     4.136     0.008     0.561    -0.154     2.670     2.309     0.000     1.004    -0.187    -0.797     0.726     0.012    -0.516 

ddG: G24L     6.422    -0.347    -1.454    -6.817     0.043     8.467     0.005    -0.024     0.165     2.321     2.886     0.000     0.929     0.058    -1.317     0.940     0.011     0.556 

ddG: G24M     5.788    -1.752    -2.440    -3.553     0.002     6.122     0.005     0.289     0.004     1.365     3.382     0.000    -0.078    -0.352     2.311     0.445     0.019     0.022 

ddG: G24N     3.438    -6.774    -1.294     5.311     0.017     3.640     0.005     0.298     0.046     2.133     0.928     0.000    -0.019     0.302     0.164    -0.023     0.008    -1.304 

ddG: G24P     8.394    -1.118     0.782    -2.686    -0.003     3.249     1.161     1.146    -0.136     2.011    -0.597     0.000    -0.042     0.873     3.510     0.674     0.004    -0.434 

ddG: G24Q     4.644    -2.158     0.087    -1.089     0.007     3.042    -0.001     0.482    -0.003     1.114    -0.533     0.000     0.355    -0.323     4.610     0.625     0.016    -1.589 

ddG: G24R     6.640    -5.477    -2.406     4.117     0.035     2.638     0.006     0.089     0.014     1.567     2.053     0.000     0.463     0.067     3.261     0.543     0.018    -0.349 

ddG: G24S     2.919    -0.226    -1.438    -1.290     0.013     2.434     0.008     0.180    -0.074     1.124     2.804     0.000     0.534    -0.476    -0.936     0.217     0.002     0.043 

ddG: G24T     2.904    -2.467     0.103     0.457     0.002     1.548     0.000     0.374     0.061     1.861    -0.525     0.000    -0.086     0.370     1.132     0.039     0.006     0.029 

ddG: G24V     5.403    -6.457     1.218     2.737     0.040     2.290     0.009     0.315     0.197     2.572     2.225     0.000     0.691    -0.396    -0.832     0.063     0.002     0.728 

ddG: G24W     5.112   -14.404     0.505     5.467     0.076     5.375     0.004    -0.076     0.191     3.134     2.884     0.000     1.145    -0.295     0.508    -0.353    -0.001     0.950 

ddG: G24Y     3.156    -4.133    -0.307    -2.491     0.022     3.743    -0.001     0.732    -0.076     2.993    -1.467     0.000     0.382     0.204     3.088     0.449     0.029    -0.011 

