ddG: description total fa_atr fa_rep fa_sol fa_intra_rep fa_elec pro_close hbond_sr_bb hbond_lr_bb hbond_bb_sc hbond_sc dslf_fa13 rama omega fa_dun p_aa_pp yhh_planarity ref 
ddG: G74A     2.462    -2.094     7.121    -0.208    -0.009    -2.489    -0.013    -0.473     0.174    -1.008    -2.945     0.000    -0.385     0.678     4.028    -0.468     0.008     0.545 

ddG: G74C     8.032    -2.771     4.011     1.666     0.006     0.770    -0.012    -0.289     0.131     0.002    -0.071     0.000    -1.092     1.439     5.003    -1.029     0.009     0.258 

ddG: G74D    16.040    -7.223     5.289    11.063     0.014     0.946    -0.011    -0.315     0.169     0.015    -0.554     0.000    -0.928     2.483     7.621    -0.813     0.003    -1.720 

ddG: G74E    20.394   -12.297     8.372    11.987     0.047     2.864    -0.029    -0.750     0.379     0.904     0.776     0.000    -0.785     1.664    10.935    -1.640     0.010    -2.041 

ddG: G74F    17.855   -15.034    12.125     1.937     0.034     2.493    -0.008    -0.125     0.303     2.783     0.687     0.000    -0.283     2.608    11.214    -1.217    -0.012     0.349 

ddG: G74G    -1.346    -0.488     0.859    -0.419     0.006    -0.422    -0.005    -0.452     0.076    -1.100     0.464     0.000     0.191    -0.315     0.189     0.080    -0.009     0.000 

ddG: G74H     5.861   -20.520     9.661     9.210     0.003     0.120     0.004    -0.507     0.344    -0.653     0.397     0.000     0.003     1.058     6.633    -0.143    -0.010     0.261 

ddG: G74H    16.545   -10.903    10.871     4.666    -0.004     0.613     0.007    -0.037     0.269     0.395    -0.219     0.000    -0.050     2.399     9.230    -0.938    -0.016     0.261 

ddG: G74I    21.693    -7.482    10.197     0.839     0.042     1.580    -0.023    -0.306     0.602     0.053     0.310     0.000    -1.175     4.593    13.072    -1.440    -0.001     0.833 

ddG: G74K    23.567   -13.507    11.865    12.743     0.028     0.765    -0.022    -0.268     0.491    -0.054    -0.443     0.000    -0.126     5.482     8.421    -1.287    -0.005    -0.516 

ddG: G74L    28.374    -7.448    15.539     0.978     0.095     2.689    -0.038    -0.715     0.598    -0.206     0.876     0.000    -0.735     6.481    11.594    -1.945     0.056     0.556 

ddG: G74M    17.604   -11.393    12.627     6.729     0.028    -0.052    -0.022    -0.258     0.268    -0.240    -0.450     0.000    -0.198     3.824     7.782    -1.060    -0.004     0.022 

ddG: G74N    11.339    -8.539     5.742     7.697     0.025    -0.005    -0.015    -0.732     0.190    -0.999    -0.450     0.000    -0.755     1.846     9.586    -0.957     0.010    -1.304 

ddG: G74P    12.579    -7.174     9.907     1.208    -0.014     1.017     0.541     0.060     2.074     2.927    -2.923     0.000    -0.374     2.562     4.479    -1.267    -0.012    -0.434 

ddG: G74Q    15.424   -10.450     8.064     7.990     0.014     1.149    -0.008    -0.431     0.422     0.100     0.181     0.000    -1.186     2.902     9.772    -1.511     0.005    -1.589 

ddG: G74R    22.311   -17.230    10.139    16.122     0.045     0.893    -0.025    -0.231     0.782    -0.073    -0.549     0.000    -0.156     4.981     9.272    -1.303    -0.006    -0.349 

ddG: G74S     5.355    -3.506     5.921     2.216     0.008     0.478    -0.004    -0.696     0.490    -0.455    -1.010     0.000    -0.379     0.875     1.952    -0.578     0.001     0.043 

ddG: G74T    12.463    -5.543    10.445     5.128     0.014    -2.288    -0.023    -0.456     0.594    -1.138    -2.918     0.000    -1.005     1.388     8.845    -0.613     0.003     0.029 

ddG: G74V    10.575    -5.506    12.325     1.156     0.014    -1.413    -0.023    -0.443     0.793    -0.900    -0.955     0.000    -1.156     1.083     5.902    -1.032     0.000     0.728 

ddG: G74W    21.650   -26.251    20.965    11.516     0.066     0.720    -0.042    -0.276    -0.679    -0.400    -0.158     0.000    -0.106     6.486    10.155    -1.290    -0.007     0.950 

ddG: G74Y    23.278   -20.126    11.963    11.515     0.054     1.717    -0.021     0.298    -0.469     3.499     0.219     0.000    -0.091     1.274    14.540    -1.128     0.044    -0.011 

