ddG: description total fa_atr fa_rep fa_sol fa_intra_rep fa_elec pro_close hbond_sr_bb hbond_lr_bb hbond_bb_sc hbond_sc dslf_fa13 rama omega fa_dun p_aa_pp yhh_planarity ref 
ddG: A55A     0.994    -0.392     0.043     0.376    -0.004     0.913    -0.008    -0.017    -0.070    -0.041     1.473    -0.094    -0.068     0.301    -1.228    -0.186    -0.004     0.000 

ddG: A55C     4.011    -2.316     0.880     3.243     0.011     0.209     0.009    -0.348     0.104    -0.385     0.635     0.027    -0.086     0.241     1.926     0.156    -0.010    -0.287 

ddG: A55D     9.855    -5.932     1.386    11.764     0.004     0.621     0.017     0.001     0.003    -0.366     0.056     0.124     0.213     0.119     3.896     0.230    -0.016    -2.265 

ddG: A55E    12.909    -6.197     4.184    11.352     0.005     0.090    -0.031     0.280    -0.045     0.119     0.131    -0.027     0.621     0.026     4.367     0.524     0.096    -2.586 

ddG: A55F    11.677   -13.460    11.575     1.051     0.029     1.721     0.006     0.009    -0.058     0.441     1.988     0.883     0.422     1.500     5.482     0.302    -0.019    -0.196 

ddG: A55G     3.097     1.323    -0.469     1.046     0.002     0.723    -0.018    -0.006    -0.055     0.200     0.628    -0.050     0.291     0.130    -0.649     0.547    -0.003    -0.545 

ddG: A55H    10.605   -12.754     7.131     7.003     0.023     0.320     0.029    -0.088    -0.006     0.282     0.209     0.590     0.468     1.444     5.863     0.406    -0.034    -0.284 

ddG: A55H    10.937   -12.453     6.198     7.399     0.023     1.039     0.029     0.338     0.044    -0.476     2.088     0.643     0.172     1.782     4.315     0.105    -0.025    -0.284 

ddG: A55I     5.534    -4.448     4.292     1.175     0.024     0.109    -0.062     0.357    -0.073     0.073     0.277     0.057     0.569     0.361     1.640     0.859     0.037     0.288 

ddG: A55K    12.465    -5.704     3.449     9.042     0.036    -0.056    -0.021     0.914    -0.024    -0.653     0.526     0.017     0.393    -0.100     5.180     0.424     0.103    -1.061 

ddG: A55L     8.758    -2.043     6.255    -0.427    -0.031     1.234    -0.072     0.679    -0.109    -0.135     1.835    -0.098     0.754    -0.812     1.457     0.369    -0.108     0.011 

ddG: A55M     9.356    -4.181     3.726     3.414     0.007     1.279    -0.021     0.612    -0.044    -0.028     2.080     0.035     0.562     0.183     1.930     0.218     0.109    -0.523 

ddG: A55N     6.157    -7.689     2.123     8.244     0.012     0.515     0.017    -0.679     0.065     0.219     0.690     0.096     0.196     0.448     3.625     0.144    -0.021    -1.849 

ddG: A55P    16.753    -0.292     7.088    -1.626    -0.002     1.239     0.032     3.357     0.019     0.379     0.804     0.476     0.290     2.328     3.898    -0.321     0.062    -0.979 

ddG: A55Q     8.175   -10.051     3.109     9.389     0.033     0.443     0.018    -0.068     0.102     0.050     1.316     0.311    -0.323     0.666     5.887    -0.561    -0.013    -2.134 

ddG: A55R    11.874    -8.479     4.108    11.951     0.021    -0.017    -0.031     0.728    -0.041    -0.762     1.458    -0.012     0.573     0.201     2.680     0.319     0.074    -0.894 

ddG: A55S     3.703    -2.021    -0.044     3.815     0.006     0.242    -0.001    -0.152    -0.235     0.032    -0.045    -0.084     0.117    -0.248     2.403     0.415     0.006    -0.502 

ddG: A55T     5.433    -1.866     1.643     2.555    -0.008     0.981    -0.038     0.192    -0.197     0.495     1.833    -0.004     0.680    -0.176    -0.384     0.211     0.031    -0.516 

ddG: A55V     3.392    -2.403     2.625    -0.756    -0.010     0.514    -0.048     0.296    -0.081     0.142     1.368    -0.083     0.286     0.188     0.477     0.670     0.023     0.183 

ddG: A55W    17.678   -18.376    18.165     5.183     0.010     1.526     0.037     0.868     0.410     0.190     1.930     0.920    -0.046     1.760     4.474     0.178     0.044     0.405 

ddG: A55Y    10.598    -3.628     2.127    -1.412     0.008     3.653     0.002     1.313    -0.024    -0.532     2.542    -0.185     0.747     3.890     1.903     0.679     0.069    -0.556 

