ddG: description total fa_atr fa_rep fa_sol fa_intra_rep fa_elec pro_close hbond_sr_bb hbond_lr_bb hbond_bb_sc hbond_sc dslf_fa13 rama omega fa_dun p_aa_pp yhh_planarity ref 
ddG: E39A    -0.323     3.011    -1.073    -3.412    -0.005     1.574     0.003     0.001    -0.123     0.113     1.022     0.000     0.283    -0.495    -3.815     0.007     0.000     2.586 

ddG: E39C    -0.495     5.414    -0.462    -5.386    -0.003     2.353     0.002    -0.076    -0.222     0.232     1.022     0.000    -0.062    -0.394    -4.785    -0.426     0.000     2.300 

ddG: E39D     1.320     7.907    -0.775    -7.531     0.004     3.994    -0.004    -0.252    -0.173    -0.657     2.573     0.000     0.357    -0.205    -4.193    -0.048     0.000     0.322 

ddG: E39E     0.304     6.930    -0.068    -7.783     0.004     2.898    -0.004    -0.237    -0.022     0.002     1.555     0.000     0.276     0.272    -3.495    -0.026     0.000     0.000 

ddG: E39F    -1.416     2.755    -1.114    -7.436     0.034     3.914    -0.001    -0.189    -0.120     0.102     2.584     0.000     0.256    -0.226    -4.207    -0.159     0.000     2.391 

ddG: E39G     0.049     8.965    -1.193    -8.767    -0.003     4.010    -0.003    -0.184    -0.135     0.009     2.558     0.000     0.569    -0.218    -6.838    -0.762     0.000     2.041 

ddG: E39H    -0.840    -0.468    -0.971    -1.596     0.006     1.745     0.004    -0.018    -0.097     0.132     1.020     0.000    -0.122    -0.494    -2.051    -0.233     0.000     2.303 

ddG: E39H    -0.313     5.635    -0.763    -7.974     0.016     4.076    -0.001     0.018    -0.089     0.159     2.204     0.000    -0.068    -0.381    -5.195    -0.254     0.000     2.303 

ddG: E39I    -0.591     0.442    -0.596    -2.905     0.014     1.980     0.001    -0.003    -0.129     0.117     1.024     0.000     0.291     0.007    -3.731     0.024     0.000     2.874 

ddG: E39K    -0.692     1.709    -0.909    -2.400    -0.002     1.838     0.002    -0.007    -0.127     0.079     1.019     0.000     0.108    -0.528    -3.140     0.139     0.000     1.526 

ddG: E39L    -1.413     0.782    -1.027    -2.572     0.001     1.603     0.002    -0.010    -0.082     0.122     1.018     0.000     0.096    -0.460    -3.657     0.173     0.000     2.598 

ddG: E39M     0.621     6.947    -0.234    -9.348     0.010     4.487    -0.006     0.023    -0.190     0.252     2.202     0.000     0.104    -0.388    -5.355     0.053     0.000     2.063 

ddG: E39N     0.054    -1.197    -0.618     0.989     0.008     1.726     0.001     0.003    -0.153     0.058     1.002     0.000     0.168    -0.207    -2.219    -0.244     0.000     0.737 

ddG: E39P    22.432     5.188     5.961    -8.568     0.040     3.110     4.342    -0.365     1.129     0.057     2.488     0.000     0.606     1.059     6.696    -0.918     0.000     1.608 

ddG: E39Q    -0.312     4.938    -1.162    -6.795     0.002     4.004    -0.003    -0.183    -0.143     0.037     2.578     0.000     0.396    -0.268    -4.246     0.080     0.000     0.453 

ddG: E39R    -0.036     7.217    -0.825    -8.389     0.021     4.273    -0.002    -0.269    -0.195    -0.444     2.573     0.000     0.247    -0.242    -5.710     0.016     0.000     1.692 

ddG: E39S     0.367     9.084    -1.074    -8.941     0.009     4.016    -0.005    -0.242    -0.173     0.105     2.581     0.000     0.322    -0.239    -6.931    -0.229     0.000     2.085 

ddG: E39T    -0.531     7.850    -0.846    -7.393     0.021     3.966    -0.003     0.026    -0.102     0.135     2.203     0.000    -0.117    -0.411    -7.278    -0.651     0.000     2.070 

ddG: E39V    -1.542     8.393    -0.600   -11.321     0.013     4.803    -0.003    -0.253    -0.231     0.184     2.571     0.000     0.246    -0.116    -7.489    -0.509     0.000     2.769 

ddG: E39W    -0.642     1.829    -0.819    -5.205     0.038     3.779     0.001    -1.188     0.060     0.135     2.201     0.000    -0.077    -0.416    -3.739    -0.233     0.000     2.992 

ddG: E39Y    -2.148     5.522    -0.983   -10.102     0.036     4.585     0.000    -0.254    -0.145     0.099     2.580     0.000     0.448    -0.179    -5.532    -0.255     0.000     2.031 

