ddG: description total fa_atr fa_rep fa_sol fa_intra_rep fa_elec pro_close hbond_sr_bb hbond_lr_bb hbond_bb_sc hbond_sc dslf_fa13 rama omega fa_dun p_aa_pp yhh_planarity ref 
ddG: M51A     4.528     9.014    -0.677    -2.811    -0.001     0.188    -0.001    -0.264     0.026     0.044    -0.063     0.000    -0.024    -0.031    -1.384    -0.012     0.000     0.523 

ddG: M51C     5.713     9.292    -0.138    -2.091     0.005     0.457    -0.002     0.040     0.075     0.105    -0.366     0.000    -0.081    -0.103    -2.031     0.314     0.000     0.237 

ddG: M51D    10.060    -0.486    -0.174    13.040    -0.004    -2.709     0.006     0.151     0.057     0.231    -1.468     0.000    -0.213    -0.120     3.402     0.090     0.000    -1.742 

ddG: M51E     6.247    -1.494    -0.181    11.168     0.000    -2.015     0.004    -0.013     0.051     0.097    -1.533     0.000    -0.192    -0.101     2.635    -0.117     0.000    -2.063 

ddG: M51F     8.513    -4.647     7.150     0.154     0.037     0.037    -0.001    -0.313     0.227     0.245    -0.171     0.000     0.008     0.668     5.037    -0.245     0.000     0.328 

ddG: M51G     7.092    15.244    -0.801    -5.891    -0.001     0.786    -0.001    -0.301     0.026    -0.004    -0.048     0.000     0.356     0.045    -2.689     0.394     0.000    -0.022 

ddG: M51H     6.363    -7.463     2.100     9.311    -0.004    -2.224     0.012     0.307     0.050     0.182    -1.504     0.000    -0.150    -0.022     5.456     0.074     0.000     0.240 

ddG: M51H     7.026    -3.444     1.936     4.393    -0.002     0.012     0.008     0.145     0.020     0.134     0.043     0.000     0.040     0.180     3.240     0.082     0.000     0.240 

ddG: M51I     6.932     5.970     3.512    -5.332     0.028     0.872     0.001     0.642    -0.023    -0.036     0.090     0.000     0.477     0.487    -1.287     0.720     0.000     0.811 

ddG: M51K    10.346    -2.024    -0.091     9.671     0.017     0.115    -0.001     0.120     0.012    -0.005     0.024     0.000    -0.083     0.087     3.155    -0.114     0.000    -0.537 

ddG: M51L     3.416     3.597     1.220    -3.569     0.023     0.402    -0.001     0.299     0.025     0.160    -0.309     0.000    -0.143    -0.028     1.204     0.001     0.000     0.535 

ddG: M51M    -0.667    -0.610     0.130     1.157     0.005     0.247     0.001    -1.011     0.212     0.039    -0.353     0.000    -0.284    -0.061     0.193    -0.330     0.000     0.000 

ddG: M51N     7.584     2.513    -0.240     3.925     0.000     0.043     0.003    -0.047     0.035    -0.003     0.030     0.000     0.135     0.072     2.263     0.180     0.000    -1.326 

ddG: M51P    18.570     6.705     8.575    -3.475    -0.001     0.188     0.251     2.614     0.033     0.542     0.152     0.000     0.744     1.423     0.304     0.973     0.000    -0.455 

ddG: M51Q     3.716    -0.945    -0.044     4.832     0.001    -0.172    -0.001    -0.105    -0.003    -0.015     0.073     0.000    -0.075     0.051     1.745    -0.018     0.000    -1.610 

ddG: M51R    16.648    -8.205     3.985    17.246     0.017    -0.916    -0.001     0.558    -0.006     0.082    -1.490     0.000    -0.064     0.590     5.063     0.159     0.000    -0.371 

ddG: M51S     5.691    10.614    -0.464    -1.500     0.005     0.775     0.000    -1.264     0.231     0.061    -0.412     0.000    -0.211    -0.021    -1.961    -0.182     0.000     0.022 

ddG: M51T     6.249     8.979     0.130    -1.706     0.005     0.250    -0.002    -0.032     0.033     0.031     0.028     0.000     0.108     0.167    -1.937     0.189     0.000     0.007 

ddG: M51V     7.263     6.046     3.327    -2.998     0.015     0.338    -0.002    -0.875     0.047     0.068     0.147     0.000     0.426     0.389    -0.809     0.438     0.000     0.706 

ddG: M51W    24.008    -6.230    16.541     3.282     0.016     0.475    -0.006    -0.009     0.284     0.443     0.213     0.000     0.327     3.900     3.317     0.526    -0.001     0.928 

ddG: M51Y    15.966    -5.411     7.568     6.011     0.030    -2.034     0.007     1.188     0.033     0.196    -1.405     0.000    -0.051     1.042     8.742     0.033     0.050    -0.033 

