ddG: description total fa_atr fa_rep fa_sol fa_intra_rep fa_elec pro_close hbond_sr_bb hbond_lr_bb hbond_bb_sc hbond_sc dslf_fa13 rama omega fa_dun p_aa_pp yhh_planarity ref 
ddG: S13A    -1.562     0.052     0.097    -1.050     0.004     0.798     0.007    -0.904     0.056     0.078    -0.351     0.000    -0.401    -0.181    -0.357     0.089     0.000     0.502 

ddG: S13C    -0.436    -5.254     0.703     4.531    -0.003    -1.705    -0.010     0.243    -0.090    -0.033    -1.500     0.000    -0.588     0.189     2.896    -0.028     0.000     0.215 

ddG: S13D     0.457    -7.087     0.682     9.986     0.006    -3.137     0.015     0.072    -0.446    -0.611    -1.672     0.000    -0.494    -0.318     5.066     0.158     0.000    -1.763 

ddG: S13E    -1.204    -8.439     0.974     8.756     0.009    -2.419    -0.003     0.280     0.027    -0.018    -3.140     0.000    -0.569    -0.058     5.425     0.055     0.000    -2.085 

ddG: S13F     0.716   -11.006     3.548     1.959     0.035     0.586    -0.011    -0.070     0.084     0.236     0.012     0.000     0.067     3.251     2.033    -0.314     0.000     0.306 

ddG: S13G     0.420    -0.835    -0.189     2.115    -0.006    -1.706     0.013     0.166    -0.004     0.053    -1.522     0.000     0.152    -0.093     1.659     0.661     0.000    -0.043 

ddG: S13H    -1.550   -13.794     1.598     9.297     0.002    -2.632    -0.015     0.139     0.068    -0.554    -1.541     0.000    -0.378     2.575     3.858    -0.390     0.000     0.218 

ddG: S13H    -0.849    -9.750     1.451     4.368     0.005    -0.420    -0.017    -0.039     0.041    -0.613     0.023     0.000    -0.160     2.775     1.661    -0.394     0.000     0.218 

ddG: S13I     6.875    -0.724     4.084    -2.829     0.018     2.521     0.006     0.459    -0.475     0.104     1.203     0.000    -0.510     1.199     0.859     0.172    -0.001     0.789 

ddG: S13K    -0.106    -4.864     0.998     2.450     0.015     0.775    -0.004    -0.050    -0.032     0.149     0.038     0.000    -0.229     0.481     0.760    -0.033     0.000    -0.559 

ddG: S13L    -1.683    -6.100     1.955     1.345     0.016     0.799    -0.018    -0.976     0.339     0.014    -0.344     0.000    -0.457     1.024     0.720    -0.512     0.000     0.513 

ddG: S13M    -1.750    -1.701     0.713    -2.460     0.012     1.328    -0.016    -0.068     0.023    -0.038     0.018     0.000     0.054     0.282     0.065     0.061     0.000    -0.022 

ddG: S13N    -1.472    -5.610     0.798     4.830     0.003    -2.131     0.014     0.287    -0.237    -0.728    -1.448     0.000    -0.089     0.124     3.801     0.262     0.000    -1.348 

ddG: S13P     9.076    -0.216     6.804    -4.705     0.005     1.284     1.267    -0.304    -0.337     0.028     0.242     0.000     1.302     0.637     2.445     1.102     0.000    -0.477 

ddG: S13Q    -1.990    -4.761     0.589     1.515     0.010     1.000    -0.011    -1.228     0.142    -0.044     0.047     0.000    -0.266     0.312     2.524    -0.188     0.000    -1.632 

ddG: S13R     0.092    -7.998     0.581     6.619     0.017    -0.545    -0.021     0.010    -0.066    -0.014     0.035     0.000    -0.241     0.405     1.428     0.276     0.000    -0.392 

ddG: S13S    -0.732    -4.083     0.137     4.944    -0.003    -2.231     0.005     0.180     0.035     0.049    -1.559     0.000    -0.216    -0.211     2.225    -0.005     0.000     0.000 

ddG: S13T     2.056     0.470     2.425    -0.740     0.020     0.677    -0.010     0.021    -0.293    -0.849     0.666     0.000    -0.341     0.159    -0.087    -0.050     0.000    -0.015 

ddG: S13V     2.499    -2.798     3.576    -0.751     0.027     1.938    -0.017    -1.059     0.038     0.102     1.100     0.000    -0.417     0.679    -0.233    -0.371    -0.001     0.685 

ddG: S13W     0.699   -10.920     2.935     1.982     0.035     1.117    -0.019    -0.047    -0.022     0.052     0.035     0.000     0.168     2.203     2.577    -0.306     0.000     0.907 

ddG: S13Y     0.595   -11.478     3.689     3.050     0.035     0.593    -0.011     0.026    -0.006     0.229     0.041     0.000    -0.158     2.702     2.307    -0.378     0.009    -0.054 

