ddG: description total fa_atr fa_rep fa_sol fa_intra_rep fa_elec pro_close hbond_sr_bb hbond_lr_bb hbond_bb_sc hbond_sc dslf_fa13 rama omega fa_dun p_aa_pp yhh_planarity ref 
ddG: E20A    -0.547     4.939     0.373    -7.014    -0.011     1.012    -0.001     0.029    -0.336     0.653     1.089     0.000     0.564     0.090    -4.796     0.276     0.000     2.586 

ddG: E20C     1.705     6.369    -0.528    -8.260    -0.001     2.056     0.001     0.046    -0.028     0.021     0.934     0.000     0.221    -0.073    -1.541     0.188     0.001     2.300 

ddG: E20D     5.137    -0.682     1.349     2.495    -0.013     0.650    -0.002    -0.425    -0.259     0.530     1.635     0.000     0.675     0.082    -1.652     0.434    -0.001     0.322 

ddG: E20E    -0.027    -0.015     0.010     0.004     0.000    -0.036    -0.003     0.004    -0.013    -0.003     0.003     0.000    -0.005     0.002     0.021     0.005     0.000     0.000 

ddG: E20F    -0.320    -7.417     1.037    -1.934     0.480     0.913     0.005    -0.329    -0.173     0.523     1.289     0.000     0.543    -0.096     2.298     0.147     0.002     2.391 

ddG: E20G     1.925     7.000    -0.650    -5.838    -0.006    -0.232     0.006     0.280    -0.010     0.069    -1.100     0.000     0.109    -0.248    -0.042     0.543     0.001     2.041 

ddG: E20H     0.136    -1.374     0.391    -5.242     0.039     3.491     0.000    -1.786    -0.034     0.466     2.912     0.000     0.672     0.182    -1.867    -0.015    -0.001     2.303 

ddG: E20H     1.154     1.376     0.572    -7.926     0.040     3.874     0.001    -0.591    -0.211     0.481     2.883     0.000     0.810     0.162    -2.935     0.314    -0.001     2.303 

ddG: E20I     9.608     0.256     7.257    -3.427     0.018     1.174     0.001     0.166    -0.336     0.859     0.764     0.000     1.049     1.918    -3.119     0.162    -0.008     2.874 

ddG: E20K     2.847     2.020     0.725    -4.237    -0.001     4.341     0.000    -1.098     0.001     0.567     2.559     0.000     0.367     0.057    -3.926    -0.053    -0.001     1.526 

ddG: E20L     2.114    -3.705     2.046    -2.495    -0.004     1.248     0.001     0.149    -0.264     0.575     1.480     0.000     0.436    -0.074    -0.027     0.150    -0.001     2.598 

ddG: E20M     2.819    -3.751    -0.382    -1.554    -0.004     1.540     0.004     0.332     0.004    -0.009     0.703     0.000    -0.201    -0.255     4.249     0.079     0.000     2.063 

ddG: E20N     3.561     2.782     0.522    -5.227     0.000     2.797    -0.003    -0.581    -0.440     0.472     1.890     0.000     1.000     0.160    -1.220     0.670     0.002     0.737 

ddG: E20P    11.882     0.914     8.497    -5.926     0.003     1.548     0.263     0.612     0.387     0.168     0.659     0.000     1.120     2.483    -0.790     0.341    -0.006     1.608 

ddG: E20Q    -1.479    -4.272    -0.023     1.027     0.002     0.520    -0.003     0.459    -0.067    -1.391    -0.318     0.000    -0.142     0.027     2.172     0.075     0.002     0.453 

ddG: E20R     3.559    -1.740     0.804    -0.007     0.004     2.920    -0.002     0.289    -0.155     0.584     1.199     0.000     0.392    -0.105    -2.585     0.269    -0.001     1.692 

ddG: E20S     1.787     4.793     0.362    -4.708    -0.011     0.670    -0.002    -0.053    -0.327     0.590     1.564     0.000     0.729     0.017    -4.490     0.569     0.000     2.085 

ddG: E20T     3.473     3.412     0.969    -3.392     0.000     0.638     0.001     0.121    -0.208     0.131     1.044     0.000     0.109     0.021    -1.594     0.153    -0.002     2.070 

ddG: E20V     3.359     1.173     3.652    -4.127     0.011    -0.063     0.008     0.320    -0.138     0.201    -0.545     0.000     0.065     0.189    -0.202     0.053    -0.006     2.769 

ddG: E20W    -2.542    -5.546     1.071    -5.821     0.089     3.555     0.002    -0.598    -0.238     0.495     2.758     0.000     0.817     0.215    -2.623     0.288     0.001     2.992 

ddG: E20Y    -0.237    -7.936     1.433    -0.790     0.310     0.661     0.000    -0.358    -0.235     0.558     1.261     0.000     0.537    -0.030     2.161     0.147     0.014     2.031 

