ddG: description total fa_atr fa_rep fa_sol fa_intra_rep fa_elec pro_close hbond_sr_bb hbond_lr_bb hbond_bb_sc hbond_sc dslf_fa13 rama omega fa_dun p_aa_pp yhh_planarity ref 
ddG: A122A    -1.447    -0.504     0.886    -0.411     0.006    -0.526    -0.004    -0.452     0.069    -1.095     0.448     0.000     0.198    -0.329     0.188     0.076     0.005     0.000 

ddG: A122C     0.329    -3.827     1.393     4.610     0.001    -0.299    -0.007    -0.736    -0.046    -1.172    -0.787     0.000    -0.448     0.279     2.111    -0.465     0.011    -0.287 

ddG: A122D     1.249    -4.334     1.224     5.278     0.013     0.158     0.006    -0.537     0.323    -0.898     0.528     0.000     0.166    -0.196     1.898    -0.129     0.015    -2.265 

ddG: A122E     1.345    -4.157     0.357     6.260     0.000    -0.293     0.010    -0.002    -0.011     0.006     0.088     0.000    -0.029    -0.088     1.908    -0.117     0.000    -2.586 

ddG: A122F    -4.075   -11.677     1.583     2.661     0.026    -0.317     0.016    -0.598     0.204    -1.194     0.425     0.000    -0.400     0.271     5.169    -0.070     0.020    -0.196 

ddG: A122G    -0.289     1.737     0.566    -0.915     0.005    -0.264     0.027    -0.491     0.031    -1.091     0.421     0.000     0.446    -0.345     0.045     0.066     0.019    -0.545 

ddG: A122H    -1.837   -10.172     2.679     7.836    -0.031    -2.414     0.016     0.005    -0.047    -1.011    -2.567     0.000    -0.257     0.138     4.192     0.082     0.000    -0.284 

ddG: A122H    -1.576    -9.184     0.906     5.900    -0.004    -0.110     0.022    -0.055    -0.049    -0.607     0.072     0.000    -0.121     0.001     1.986    -0.056     0.006    -0.284 

ddG: A122I     3.753    -3.972     1.365     1.765     0.023    -0.355     0.399     0.389     0.100    -0.255    -0.184     0.000    -0.065     0.178     4.054     0.004     0.016     0.288 

ddG: A122K    -2.098    -4.591     1.075     3.282     0.012    -0.812     0.006    -0.456     0.083    -1.099     0.475     0.000     0.033    -0.318     1.404    -0.136     0.004    -1.061 

ddG: A122L    -2.419    -5.732     4.309     3.152     0.006    -2.127     0.054    -0.462     0.084    -1.494    -3.381     0.000    -0.273     0.477     3.338    -0.392     0.012     0.011 

ddG: A122M    -1.056    -3.050     0.278     1.378     0.004     0.072     0.023     0.027     0.013    -0.004     0.013     0.000    -0.139    -0.034     1.025    -0.140     0.001    -0.523 

ddG: A122N     2.462    -3.255    -0.945     4.169    -0.002    -0.144     0.014    -0.081     0.103    -0.265    -0.163     0.000    -0.237    -0.032     5.102     0.031     0.015    -1.849 

ddG: A122P     4.939    -5.475     7.932     3.222     0.002    -0.358     0.308     1.329     0.191    -0.796    -0.119     0.000    -0.057    -0.203     0.999    -1.072     0.017    -0.979 

ddG: A122Q    -1.698    -4.320     2.103     4.300    -0.017    -2.349     0.000     0.058     0.040    -0.401    -2.640     0.000    -0.298     0.005     4.051    -0.108     0.013    -2.134 

ddG: A122R     1.695    -4.606     0.122     4.806     0.018     0.251     0.026    -0.024    -0.008    -0.066     0.016     0.000    -0.070     0.022     2.201    -0.099     0.001    -0.894 

ddG: A122S     1.302    -0.322     0.017     1.580     0.000     0.239     0.005    -0.026    -0.005     0.002    -0.002     0.000    -0.049    -0.040     0.717    -0.325     0.014    -0.502 

ddG: A122T     0.296    -2.734     0.090     3.749     0.002    -0.366    -0.004    -0.444     0.199    -1.261     0.305     0.000    -0.332    -0.416     2.359    -0.356     0.020    -0.516 

ddG: A122V    -0.485    -4.789     0.476     1.883     0.021    -0.217     0.006    -0.039     0.118    -0.056     0.048     0.000    -0.093    -0.032     2.213    -0.209     0.001     0.183 

ddG: A122W    -2.182    -9.068     0.532     3.849     0.022    -0.652     0.025    -0.475     0.222    -1.778     0.325     0.000    -0.189    -0.200     4.989    -0.209     0.019     0.405 

ddG: A122Y    -1.504    -8.485     2.348     3.328     0.039    -0.038     0.026    -0.497     0.312     0.159     0.583     0.000    -0.001    -0.500     2.505    -0.773     0.046    -0.556 

