ddG: description total fa_atr fa_rep fa_sol fa_intra_rep fa_elec pro_close hbond_sr_bb hbond_lr_bb hbond_bb_sc hbond_sc dslf_fa13 rama omega fa_dun p_aa_pp yhh_planarity ref 
ddG: N6A    -1.038     2.507    -0.321    -4.432     0.020     0.562    -0.007    -0.047    -0.235     0.083     0.042    -0.102    -0.299    -0.514     0.039    -0.164    -0.016     1.849 

ddG: N6C    -0.955     2.334     0.351    -3.290     0.001    -0.337    -0.008    -0.348    -0.060     0.161    -0.438    -0.121     0.066    -0.146    -0.858     0.199    -0.026     1.563 

ddG: N6D     3.307     1.807    -0.719     0.171     0.018     2.071     0.031    -0.212    -0.211     0.074     0.197    -0.135    -0.017    -0.559     1.190     0.049    -0.030    -0.415 

ddG: N6E     0.036    -2.462    -0.242     2.090     0.028    -0.080    -0.011    -0.096    -0.233     0.109     0.053    -0.102    -0.230    -0.474     2.529    -0.090    -0.015    -0.737 

ddG: N6F    -3.170    -5.300    -0.096    -2.956     0.057    -0.029    -0.032     0.001    -0.158    -0.011     0.095    -0.069     0.312     0.044     3.791    -0.466    -0.006     1.654 

ddG: N6G     2.897     8.260    -0.677    -7.358     0.022     2.636     0.033    -0.687     0.082    -0.043     2.295    -0.082    -0.015     0.130    -2.867    -0.123    -0.015     1.304 

ddG: N6H    -0.802    -3.303     1.061    -1.221     0.027     0.711     0.116    -0.647     0.099    -0.529     0.814    -0.129     0.021    -0.031     1.178    -0.487    -0.048     1.566 

ddG: N6H    -0.294    -3.911     1.318    -0.786     0.026     0.447     0.120    -0.090    -0.025    -0.522    -0.275    -0.010     0.227    -0.423     2.282    -0.210    -0.027     1.566 

ddG: N6I    -3.276    -1.498     1.027    -5.141     0.045    -0.349    -0.065    -0.379    -0.071     0.053    -0.545    -0.131    -0.042     0.175     1.605    -0.075    -0.021     2.137 

ddG: N6K     0.211    -0.391     0.331    -1.335     0.032    -0.125    -0.048    -0.249    -0.026     0.131    -0.541    -0.053     0.013     0.228     1.569    -0.084    -0.029     0.789 

ddG: N6L    -3.209    -1.695    -0.137    -4.221     0.012     1.780    -0.022    -0.516    -0.006    -0.055     1.567    -0.026    -0.550    -0.028    -0.502    -0.659    -0.012     1.861 

ddG: N6M    -1.827    -0.092     0.191    -3.051     0.020     0.239    -0.017    -0.266    -0.069    -0.025     0.973    -0.129     0.023     0.241    -0.911    -0.253    -0.026     1.326 

ddG: N6N    -1.399    -0.727    -0.515     0.381     0.004    -0.588    -0.021     0.366    -0.147    -0.481    -0.480    -0.140    -0.024    -0.696     1.585     0.117    -0.034     0.000 

ddG: N6P     6.757     1.818     3.874    -7.633     0.051     0.219     0.129     1.349    -0.256     0.622    -0.361    -0.123     1.884     2.703     2.306    -0.642    -0.054     0.871 

ddG: N6Q    -1.062    -2.508     0.338    -0.983     0.031     0.000    -0.038    -0.263    -0.203     0.616    -0.386    -0.110     0.611    -0.265     2.887    -0.473    -0.031    -0.284 

ddG: N6R     0.798     1.329    -0.100    -2.256     0.039     0.968     0.012    -0.296    -0.054     0.188    -0.349    -0.121     0.200    -0.086     0.561    -0.164    -0.029     0.955 

ddG: N6S     1.891     5.777    -0.738    -7.083     0.034     2.436     0.036    -0.943    -0.198     0.498     0.326    -0.129     0.277    -0.807     1.266    -0.173    -0.035     1.348 

ddG: N6T     0.047     4.244    -0.152    -5.254     0.036     1.516     0.030    -0.405    -0.070     0.019     0.188    -0.124     0.175    -0.198    -1.444     0.188    -0.035     1.333 

ddG: N6V    -2.791     0.100     0.152    -5.303     0.042     0.957    -0.024    -0.821    -0.056     0.397     1.058    -0.109     0.341     0.041    -0.794    -0.768    -0.037     2.032 

ddG: N6W    -2.842    -7.413     1.439     0.235     0.054     0.231     0.126     0.035    -0.022    -0.641     0.760    -0.042     0.099    -0.155     0.677    -0.441    -0.039     2.255 

ddG: N6Y    -2.175    -1.049     1.882    -6.085     0.051     2.301     0.230    -0.242    -0.102    -0.195     1.647    -0.134     0.640    -0.218    -1.638    -0.529    -0.028     1.294 

