ddG: description total fa_atr fa_rep fa_sol fa_intra_rep fa_elec pro_close hbond_sr_bb hbond_lr_bb hbond_bb_sc hbond_sc dslf_fa13 rama omega fa_dun p_aa_pp yhh_planarity ref 
ddG: E17A     0.068     5.031    -0.270    -5.997     0.005     1.723     0.046    -0.118    -0.029    -0.018     0.142    -0.121     0.325    -0.094    -3.265     0.171    -0.050     2.586 

ddG: E17C    -1.157     4.454    -0.817    -4.770    -0.007     1.463     0.072     0.057    -0.008    -0.644     0.616    -0.074    -0.146    -0.054    -3.206    -0.366    -0.027     2.300 

ddG: E17D    -0.540     0.526    -1.085     0.430     0.003     1.158     0.001     0.674    -0.129    -0.557     0.179    -0.124    -0.212    -0.724    -0.657    -0.293    -0.052     0.322 

ddG: E17E    -0.283     0.300    -0.200     0.291    -0.004    -0.547    -0.011     0.634     0.042    -0.566    -0.011     0.005    -0.014    -0.103    -0.010    -0.058    -0.030     0.000 

ddG: E17F    -2.242     0.636     0.041    -5.456     0.025     1.638     0.046    -0.224    -0.038    -0.098     0.095    -0.120    -0.018    -0.159    -0.581    -0.372    -0.048     2.391 

ddG: E17G     0.954     6.305    -0.137    -5.953    -0.005     1.084     0.121     0.248     0.035    -0.963     0.074    -0.029     0.904    -0.167    -3.269     0.702    -0.039     2.041 

ddG: E17H    -0.923     0.596    -0.731    -3.180    -0.004     1.501     0.024     0.595     0.021    -0.559     0.617    -0.073    -0.153    -0.394    -1.184    -0.270    -0.032     2.303 

ddG: E17H    -1.853     2.829    -0.519    -4.402     0.004     0.926     0.092    -0.032     0.002    -0.660     0.111    -0.108    -0.085    -0.019    -1.821    -0.445    -0.030     2.303 

ddG: E17I    -2.588     3.667    -0.744    -5.494     0.008     1.237     0.026     0.086     0.011    -0.536     0.154    -0.106    -0.076    -0.029    -3.341    -0.299    -0.028     2.874 

ddG: E17K    -0.586     3.796    -0.210    -5.045     0.012     1.959     0.066    -0.733     0.124    -0.009     0.278    -0.112    -0.015    -0.001    -2.000    -0.180    -0.042     1.526 

ddG: E17L    -0.718     3.468    -0.184    -5.313     0.014     1.650     0.032    -0.041    -0.025     0.009     0.148    -0.119     0.156    -0.093    -3.004     0.018    -0.032     2.598 

ddG: E17M    -0.648     3.377    -0.576    -4.699     0.002     1.608     0.114     0.104    -0.033    -0.664     0.613    -0.065     0.029     0.137    -2.316    -0.310    -0.033     2.063 

ddG: E17N    -1.729     2.415    -0.341    -3.535     0.013     1.588     0.041    -0.739     0.124    -0.055     0.237    -0.116    -0.187    -0.065    -1.412    -0.404    -0.031     0.737 

ddG: E17P     3.708     3.907     0.869    -6.223     0.011     2.618     0.759     0.463    -0.002     0.502     0.259    -0.116     0.763     0.200    -2.704     0.842    -0.047     1.608 

ddG: E17Q    -0.049     2.396    -0.503    -3.733    -0.003     1.673     0.042     0.607     0.014    -0.602     0.697    -0.069     0.012    -0.111    -0.988     0.087    -0.019     0.453 

ddG: E17R    -0.510     3.979    -0.325    -4.419     0.010     1.095     0.053     0.382     0.004    -0.805     0.076    -0.113     0.122    -0.125    -1.810    -0.290    -0.039     1.692 

ddG: E17S    -0.385     4.612    -0.339    -4.761     0.006     1.650     0.046    -0.741     0.118    -0.067     0.231    -0.111     0.090    -0.017    -2.962    -0.184    -0.043     2.085 

ddG: E17T     0.068     4.334    -0.322    -5.195     0.003     2.018     0.025    -0.087    -0.031     0.009     0.144    -0.121     0.418    -0.077    -3.106     0.024    -0.040     2.070 

ddG: E17V    -2.068     4.262    -0.858    -5.625     0.002     1.559     0.015     0.167     0.002    -0.498     0.147    -0.110    -0.049    -0.111    -3.524    -0.170    -0.045     2.769 

ddG: E17W    -2.484    -0.623    -0.373    -4.008     0.042     1.398     0.053    -0.074    -0.009    -0.587     0.097    -0.106     0.049    -0.128    -1.010    -0.159    -0.039     2.992 

ddG: E17Y    -2.339     0.507     0.081    -5.079     0.024     1.660     0.035    -0.158    -0.039    -0.042     0.096    -0.118     0.030    -0.192    -0.906    -0.220    -0.047     2.031 

