ddG: description total fa_atr fa_rep fa_sol fa_intra_rep fa_elec pro_close hbond_sr_bb hbond_lr_bb hbond_bb_sc hbond_sc dslf_fa13 rama omega fa_dun p_aa_pp yhh_planarity ref 
ddG: A4A     0.017    -0.365     0.136     0.255     0.000    -0.003    -0.001     0.015    -0.023     0.011    -0.017     0.000    -0.005     0.006     0.006     0.012    -0.009     0.000 

ddG: A4C     0.772    -0.204    -0.022     0.550     0.000     0.232    -0.007    -0.009    -0.011     0.015     0.028     0.000     0.112    -0.116     0.290     0.206    -0.006    -0.287 

ddG: A4D    -1.116    -5.261     0.162     3.566     0.003    -0.264    -0.004     0.003    -0.046    -0.165     0.019     0.001     0.544     0.124     1.871     0.601    -0.006    -2.265 

ddG: A4E    -0.188    -1.485     0.108     2.063     0.004    -0.815    -0.002     0.015     0.052     0.002    -0.654     0.000     0.101     0.043     2.769     0.204    -0.007    -2.586 

ddG: A4F     0.357    -5.342     0.633     2.753     0.029     0.154     0.001    -0.024     0.029    -0.015    -0.136    -0.001     0.068    -0.202     2.332     0.282    -0.009    -0.196 

ddG: A4G     1.048     0.815     0.070    -0.189    -0.001     0.089    -0.002    -0.002    -0.160     0.033    -0.059     0.001     0.361     0.053     0.105     0.498    -0.017    -0.545 

ddG: A4H     0.335    -4.904     0.608     3.458     0.002    -0.127    -0.002     0.006     0.073    -0.008    -0.872    -0.002     0.012    -0.065     2.256     0.199    -0.015    -0.284 

ddG: A4H     0.333    -4.885     0.598     3.447     0.002    -0.132    -0.002     0.010     0.060    -0.015    -0.855    -0.003     0.005    -0.048     2.270     0.180    -0.017    -0.284 

ddG: A4I     0.388    -2.347     0.358     1.666     0.018     0.072    -0.006    -0.030     0.307     0.070     0.049     0.001    -0.066    -0.137     0.197    -0.026    -0.026     0.288 

ddG: A4K     0.313    -0.505    -0.067     0.572     0.002     0.198    -0.004    -0.004    -0.039     0.011     0.028     0.002     0.198    -0.096     0.914     0.166    -0.004    -1.061 

ddG: A4L    -0.306    -1.121     0.074     0.681     0.007    -0.079     0.000     0.009     0.020    -0.003    -0.054     0.001     0.092    -0.082     0.088     0.060    -0.012     0.011 

ddG: A4M     0.805    -1.206    -0.024     0.782     0.003     0.208    -0.005     0.006     0.008    -0.015    -0.018    -0.001     0.069    -0.083     1.439     0.166     0.000    -0.523 

ddG: A4N    -1.529    -5.644     0.235     2.957     0.003    -0.207    -0.004     0.013    -0.012    -0.139    -0.004     0.001     0.638     0.080     1.689     0.728    -0.015    -1.849 

ddG: A4P    -2.395    -2.122     0.418     0.345     0.002     0.075     0.002    -0.012    -0.138     0.054     0.014     0.002     0.099    -0.094     0.336    -0.392    -0.007    -0.979 

ddG: A4Q    -1.690    -6.001     0.204     2.994     0.005    -0.096     0.000     0.011    -0.017    -0.140    -0.008     0.002     0.578     0.119     2.126     0.676    -0.010    -2.134 

ddG: A4R     0.890    -1.032     0.114     1.063     0.008     0.027    -0.002     0.002     0.014    -0.008    -0.070     0.000     0.085    -0.083     1.523     0.156    -0.012    -0.894 

ddG: A4S     0.137    -1.024     0.222     1.868     0.000    -0.653     0.000     0.025     0.057    -0.012    -0.885    -0.002     0.012     0.085     0.848     0.109    -0.011    -0.502 

ddG: A4T    -2.243    -6.013     0.296     3.951     0.004    -0.553     0.002     0.010    -0.166    -0.093    -0.978     0.004     0.615     0.181     0.532     0.495    -0.015    -0.516 

ddG: A4V    -0.020    -1.875     0.320     1.229     0.013    -0.154    -0.005     0.000     0.276     0.040     0.025     0.000    -0.054    -0.072    -0.001     0.074    -0.020     0.183 

ddG: A4W     1.163    -1.882     0.114     1.053     0.025    -0.018     0.000     0.006     0.040    -0.001    -0.051     0.000     0.071    -0.080     1.337     0.157    -0.013     0.405 

ddG: A4Y     0.108    -5.283     0.486     3.060     0.029     0.213    -0.005    -0.002     0.089    -0.006    -0.042    -0.001    -0.018    -0.170     2.153     0.181    -0.021    -0.556 

