ddG: description total fa_atr fa_rep fa_sol fa_intra_rep fa_elec pro_close hbond_sr_bb hbond_lr_bb hbond_bb_sc hbond_sc dslf_fa13 rama omega fa_dun p_aa_pp yhh_planarity ref 
ddG: L3A     3.444     4.735    -0.131    -0.904    -0.007     0.054     0.000    -0.007    -0.016     0.021     0.043     0.003    -0.181    -0.082    -0.109     0.039    -0.003    -0.011 

ddG: L3C     3.463     3.949    -0.211     0.056    -0.007    -0.032     0.004    -0.005    -0.001    -0.028     0.097     0.000    -0.046    -0.069     0.101    -0.050     0.003    -0.298 

ddG: L3D     6.293     2.416    -0.198     4.368    -0.004     0.054     0.002     0.009     0.012     0.088     0.099     0.001    -0.079    -0.096     1.690     0.217    -0.012    -2.276 

ddG: L3E     5.997     1.479    -0.123     3.682     0.000     0.492     0.002     0.005    -0.006     0.031     0.120     0.001     0.223    -0.133     2.552     0.270     0.000    -2.598 

ddG: L3F    -2.516    -6.588     1.096     1.099     0.021    -0.133    -0.012    -0.010    -0.038     0.020    -0.086     0.004     0.129     0.256     1.768     0.113     0.052    -0.207 

ddG: L3G     2.580     2.502     0.020     0.809    -0.007    -0.158     0.002    -0.004    -0.046    -0.229     0.069     0.000     0.775    -0.099     0.046    -0.520    -0.024    -0.556 

ddG: L3H     1.440    -2.230    -0.102     3.051    -0.005    -0.311     0.001    -0.045    -0.067    -0.464     0.027     0.003     0.066    -0.134     1.854     0.070     0.022    -0.295 

ddG: L3H     1.483    -2.203    -0.114     3.077    -0.005    -0.296     0.000    -0.031    -0.075    -0.469     0.065     0.003     0.029    -0.142     1.874     0.046     0.018    -0.295 

ddG: L3I    -1.863    -4.144     0.351     1.700     0.013    -0.253    -0.008    -0.011     0.011    -0.147     0.057     0.002     0.126     0.003     0.159    -0.003     0.007     0.276 

ddG: L3K     4.718     0.959     0.029     3.680     0.000    -0.240    -0.004    -0.019    -0.028     0.114     0.076     0.000     0.091    -0.215     1.252     0.086     0.010    -1.072 

ddG: L3L    -0.023     0.004    -0.053     0.041     0.000    -0.003     0.002     0.013    -0.004    -0.060     0.083     0.000    -0.052    -0.012     0.055    -0.032    -0.005     0.000 

ddG: L3M     1.895    -0.218     0.142     0.910    -0.006     0.162    -0.003     0.025     0.010    -0.107     0.113     0.000    -0.119    -0.064     1.603    -0.029     0.009    -0.535 

ddG: L3N     3.268     0.934     0.146     2.664    -0.003     0.003     0.004    -0.004    -0.014    -0.457    -0.010     0.001     0.244     0.059     1.443     0.147    -0.028    -1.861 

ddG: L3P     1.399     2.463     0.257    -0.009    -0.005     0.025     0.112     0.000    -0.021     0.027     0.145     0.001    -0.065    -0.100     0.054    -0.496     0.002    -0.990 

ddG: L3Q     2.139     0.850    -0.330     2.199    -0.001    -0.122     0.000    -0.017     0.005    -0.047     0.082     0.002     0.028    -0.109     1.659     0.079     0.007    -2.145 

ddG: L3R     5.973    -2.049    -0.171     6.141     0.013    -0.464     0.014    -0.002    -0.023    -0.022     0.090     0.001     0.047    -0.064     3.189     0.178     0.002    -0.905 

ddG: L3S     3.706     3.832    -0.145     1.307    -0.001    -0.436     0.003    -0.001    -0.009    -0.029     0.139     0.000    -0.136    -0.136     0.006    -0.169    -0.007    -0.513 

ddG: L3T     3.228     3.185    -0.315     1.600    -0.001    -0.165     0.002    -0.031    -0.014    -0.035     0.161     0.001    -0.108    -0.175    -0.054    -0.299     0.003    -0.527 

ddG: L3V    -0.599    -2.755     0.121     1.954     0.007    -0.043     0.045    -0.026    -0.068    -0.165     0.087     0.002     0.270    -0.129    -0.047    -0.008    -0.017     0.172 

ddG: L3W    -1.961    -7.653     0.531     3.913     0.018    -0.268    -0.003    -0.056    -0.051    -0.350     0.046     0.002     0.034    -0.340     1.787    -0.012     0.048     0.394 

ddG: L3Y     0.681    -4.036     0.298     2.842     0.022    -0.139     0.010    -0.002     0.000    -0.019     0.016     0.002     0.370     0.012     1.800     0.040     0.035    -0.567 

