ddG: description total fa_atr fa_rep fa_sol fa_intra_rep fa_elec pro_close hbond_sr_bb hbond_lr_bb hbond_bb_sc hbond_sc dslf_fa13 rama omega fa_dun p_aa_pp yhh_planarity ref 
ddG: G37A    14.942    -2.272    10.613    -1.735     0.000    -0.983    -0.001     0.597     0.979     1.596    -0.923     0.000     2.117     0.861     0.579     2.989    -0.022     0.545 

ddG: G37C    14.870    -4.223     7.723     1.321     0.045    -0.999     0.000     0.587     1.484     1.755    -0.857     0.000     1.757     0.814     3.045     2.201    -0.043     0.258 

ddG: G37D    23.073   -10.069     8.444    12.061     0.084     0.757     0.002     0.090     2.021     0.406    -0.017     0.000     1.880     0.932     6.975     1.286    -0.059    -1.720 

ddG: G37E    24.725   -13.385     9.720    12.658     0.097    -2.083     0.004     0.543     2.449     0.835    -0.819     0.000     1.335     1.524    12.262     1.688    -0.060    -2.041 

ddG: G37F    23.622   -17.050    20.650     1.131     0.171     1.489     0.003    -0.033     4.014     0.875     0.054     0.000     1.731     1.078     8.221     1.002    -0.065     0.349 

ddG: G37G    -0.410     0.165     0.177    -0.815     0.004    -0.157     0.003     0.076    -0.062     0.004     0.004     0.000    -0.013     0.001     0.202     0.000     0.000     0.000 

ddG: G37H    23.724   -16.314    18.484     6.994     0.085     1.022     0.004     0.027     2.776     0.197     0.031     0.000     1.239     1.036     5.782     2.164    -0.065     0.261 

ddG: G37H    22.837   -15.052    18.198     5.581     0.085    -0.646     0.005     0.584     2.753     1.615    -0.746     0.000     1.276     1.071     5.984     1.927    -0.061     0.261 

ddG: G37I    35.160    -7.716    20.848    -0.225     0.162     0.384     0.006     0.523     3.671     2.264    -0.709     0.000     2.180     4.543     7.029     1.445    -0.077     0.833 

ddG: G37K    39.909    -9.286    20.451    10.574     0.070     1.571     0.004     0.020     3.061     0.201     0.141     0.000     1.203     1.976     7.833     2.693    -0.087    -0.516 

ddG: G37L    23.908    -7.551    13.340    -2.297     0.124     0.292     0.003     0.608     2.850     1.635     0.096     0.000     2.084     1.602     7.883     2.782    -0.099     0.556 

ddG: G37M    22.338    -9.269    12.736     1.040     0.100    -0.227     0.001     0.413     2.438     1.853    -0.703     0.000     1.676     3.137     6.793     2.384    -0.055     0.022 

ddG: G37N    18.040   -10.179     8.059     7.401     0.078    -0.053     0.001     0.568     2.116     1.846    -0.856     0.000     1.226     0.818     5.924     2.455    -0.059    -1.304 

ddG: G37P   127.720    -7.188    88.858    -1.799     0.014     0.031     6.779     0.784     4.239     1.722    -1.866     0.000     3.450    19.267    10.955     2.921    -0.015    -0.434 

ddG: G37Q    21.071   -12.118    10.424     6.963     0.081    -1.307     0.008     0.539     2.342     0.881    -0.767     0.000     2.051     1.275     9.921     2.404    -0.037    -1.589 

ddG: G37R    36.061   -15.622    18.905    16.781     0.070     1.211    -0.002    -0.061     2.977    -0.919    -0.326     0.000     1.273     1.825     7.693     2.513     0.092    -0.349 

ddG: G37S    12.435    -2.853     6.004     1.600     0.015    -1.358     0.003     0.665     1.360     1.712    -0.879     0.000     1.490     0.850     3.060     0.749    -0.027     0.043 

ddG: G37T    19.255    -5.821     9.296     3.309     0.048    -0.272     0.000     0.097     2.213     0.350     0.025     0.000     2.311     1.050     3.871     2.795    -0.048     0.029 

ddG: G37V    30.622    -5.344    14.097    -1.442     0.129     0.839     0.001     0.714     4.159     1.789    -0.693     0.000     2.805     1.624     8.491     2.779    -0.054     0.728 

ddG: G37W    33.286   -27.824    27.382    10.242     0.218    -0.281    -0.003     0.370     4.766     1.946    -2.330     0.000     0.932     2.399    12.349     2.241    -0.072     0.950 

ddG: G37Y    25.909   -19.101    21.701     5.462     0.139     1.512     0.001    -0.134     3.671     1.035     0.068     0.000     1.754     1.432     7.124     1.323    -0.067    -0.011 

