ddG: description total fa_atr fa_rep fa_sol fa_intra_rep fa_elec pro_close hbond_sr_bb hbond_lr_bb hbond_bb_sc hbond_sc dslf_fa13 rama omega fa_dun p_aa_pp yhh_planarity ref 
ddG: E29A    -0.609     1.847    -0.221    -3.225    -0.010     0.946    -0.001    -0.324    -0.053    -0.038     0.370     0.000     0.298     0.258    -3.063     0.020     0.000     2.586 

ddG: E29C     0.236     0.911    -0.008    -1.546    -0.005     0.588    -0.001    -0.045     0.000     0.020    -0.004     0.000     0.219     0.052    -2.520     0.275     0.000     2.300 

ddG: E29D    -0.613    -5.754    -0.205     6.227    -0.011    -2.254     0.005    -0.062    -0.049    -0.038    -1.187     0.000     0.047    -0.006     2.052     0.299     0.000     0.322 

ddG: E29E    -1.004    -2.697    -0.140     2.658    -0.001    -0.424     0.001    -1.211     0.168    -0.033     0.021     0.000    -0.127     0.022     1.093    -0.335     0.000     0.000 

ddG: E29F     0.149    -6.039    -0.160     5.047     0.019    -1.789     0.007    -0.082    -0.007    -0.007    -1.176     0.000     0.146    -0.022     1.841    -0.021     0.000     2.391 

ddG: E29G    -1.052    -1.669    -0.084     1.424    -0.014    -1.446     0.006    -0.144    -0.017    -0.012    -1.263     0.000     0.415     0.043    -0.812     0.481     0.000     2.041 

ddG: E29H     0.334    -5.757    -0.192     4.982    -0.009    -1.724     0.002    -0.066    -0.030    -0.017    -1.185     0.000     0.105    -0.046     1.785     0.184     0.000     2.303 

ddG: E29H     0.642     1.167    -0.216    -2.793    -0.004     1.170     0.002    -0.323    -0.041    -0.034     0.373     0.000     0.399     0.231    -1.741     0.150     0.000     2.303 

ddG: E29I     0.116    -1.845    -0.299     0.370     0.017     0.246    -0.002    -0.239    -0.055    -0.061     0.382     0.000     0.325     0.134    -1.730    -0.001     0.000     2.874 

ddG: E29K    -2.172    -5.944    -0.184     5.650    -0.011    -1.819     0.007    -1.373     0.097    -0.070    -1.173     0.000    -0.110     0.153     1.283    -0.205     0.000     1.526 

ddG: E29L    -2.440    -2.979    -0.061     2.501    -0.005    -1.115     0.007    -1.427     0.125    -0.040    -1.168     0.000     0.115     0.141    -0.807    -0.327     0.000     2.598 

ddG: E29M     0.100     1.224    -0.186    -2.548    -0.006     0.929    -0.002    -0.316    -0.056    -0.045     0.375     0.000     0.362     0.216    -1.981     0.071     0.000     2.063 

ddG: E29N    -2.097    -2.206    -0.669     0.861    -0.007     0.527     0.000    -1.554    -0.066    -0.047     0.591     0.000     0.610     0.464    -1.651     0.312     0.000     0.737 

ddG: E29P    -2.673    -0.766     1.209    -2.351    -0.009     0.759     0.052    -1.547    -0.002    -0.075     0.384     0.000     0.738     0.497    -2.585    -0.584     0.000     1.608 

ddG: E29Q    -1.953    -5.973    -0.223     5.631    -0.012    -1.899     0.004    -1.324     0.135    -0.044    -1.161     0.000    -0.037     0.020     2.772    -0.297     0.000     0.453 

ddG: E29R    -1.365    -6.055    -0.202     6.046    -0.006    -1.854     0.004    -1.360     0.106    -0.051    -1.173     0.000    -0.096     0.124     1.726    -0.268     0.000     1.692 

ddG: E29S    -1.567    -5.182    -0.218     5.055    -0.013    -1.943     0.007    -1.269     0.149    -0.065    -1.171     0.000    -0.073     0.038     1.172    -0.137     0.000     2.085 

ddG: E29T     0.038    -1.140    -0.306     0.252     0.004     0.135     0.001    -0.252    -0.055    -0.059     0.382     0.000     0.348     0.167    -1.809     0.300     0.000     2.070 

ddG: E29V     0.078    -1.467    -0.285     0.035     0.011     0.227    -0.003    -0.238    -0.071    -0.068     0.378     0.000     0.348     0.157    -1.809     0.093     0.000     2.769 

ddG: E29W    -1.000    -2.860    -0.175     1.070     0.019    -1.202     0.005    -0.151    -0.037    -0.003    -1.187     0.000     0.134     0.053     0.208     0.133     0.000     2.992 

ddG: E29Y     0.082     0.880    -0.181    -2.730     0.023     1.031     0.000    -0.324    -0.042    -0.034     0.377     0.000     0.470     0.258    -1.652    -0.023     0.000     2.031 

