ddG: description total fa_atr fa_rep fa_sol fa_intra_rep fa_elec pro_close hbond_sr_bb hbond_lr_bb hbond_bb_sc hbond_sc dslf_fa13 rama omega fa_dun p_aa_pp yhh_planarity ref 
ddG: G101A    -3.128    -1.770    -0.103     0.924     0.005    -1.073     0.003     0.211     0.149    -0.069    -0.013     0.000    -0.596    -0.332    -0.466    -0.543     0.000     0.545 

ddG: G101C    -3.679    -4.632    -0.413     3.217     0.007    -1.631     0.000    -0.005     0.022    -0.140     0.373     0.000    -0.490    -0.214     0.724    -0.755     0.000     0.258 

ddG: G101D    -1.542    -6.629    -0.271     6.925     0.023    -0.641     0.001    -0.010    -0.095    -0.074     0.311     0.000    -0.410    -0.169     2.316    -1.101     0.001    -1.720 

ddG: G101E    -3.167    -5.947    -0.406     4.895     0.006    -1.701    -0.001     0.005     0.059    -0.137     0.369     0.000    -0.440    -0.221     3.008    -0.615     0.000    -2.041 

ddG: G101F    -6.558    -8.554    -0.382     2.743     0.031    -0.858    -0.002    -0.048     0.108    -0.141     0.457     0.000    -0.479    -0.110     1.076    -0.749     0.000     0.349 

ddG: G101G    -0.715    -6.146    -0.193     6.402    -0.010    -2.520     0.003    -0.025    -0.020    -0.028    -1.181     0.000    -0.061    -0.105     3.168     0.002     0.000     0.000 

ddG: G101H    -5.101   -13.642    -0.404    10.617     0.006    -3.527     0.003     0.186     0.154    -0.111    -1.082     0.000    -0.696    -0.430     4.225    -0.662     0.000     0.261 

ddG: G101H    -5.469   -10.708    -0.214     7.811     0.008    -2.966     0.003     0.127     0.146    -0.086    -1.150     0.000    -0.634    -0.362     3.008    -0.713     0.000     0.261 

ddG: G101I    -1.831    -6.348    -0.404     3.688     0.030    -1.307    -0.003    -0.037     0.244    -0.120     0.399     0.000    -0.555    -0.239     2.747    -0.759     0.000     0.833 

ddG: G101K    -4.124    -2.967    -0.315     1.335     0.007    -0.886     0.000    -0.059     0.064    -0.123     0.370     0.000    -0.422    -0.139     0.216    -0.690     0.000    -0.516 

ddG: G101L    -5.620    -4.722    -0.368     1.230     0.010    -0.779     0.001    -0.063     0.025    -0.114     0.434     0.000    -0.360    -0.136    -0.542    -0.793     0.000     0.556 

ddG: G101M    -4.149   -12.860    -0.248    10.142     0.002    -3.666     0.003     0.183     0.093    -0.064    -1.071     0.000    -0.642    -0.412     5.055    -0.687     0.000     0.022 

ddG: G101N    -3.033    -7.037    -0.456     5.435     0.025    -0.811    -0.002    -0.005    -0.071    -0.091     0.480     0.000    -0.389    -0.145     2.227    -0.888     0.001    -1.304 

ddG: G101P    -5.186    -9.735     0.699     7.035    -0.005    -3.733     0.146     0.191     0.140    -0.082    -1.089     0.000    -0.472    -0.433     3.440    -0.854     0.000    -0.434 

ddG: G101Q    -4.548   -14.006    -0.134    12.541     0.008    -3.704     0.009     0.160     0.014    -0.424    -1.157     0.000    -0.576    -0.402     5.394    -0.684     0.000    -1.589 

ddG: G101R     0.297    -5.788    -0.084     4.739     0.007    -0.473    -0.002    -0.219     0.000    -0.076     0.489     0.000    -0.299     0.113     2.805    -0.566     0.000    -0.349 

ddG: G101S    -2.985    -4.023    -0.375     3.335     0.021    -2.051     0.002    -0.001     0.089    -0.150     0.372     0.000    -0.328    -0.214     0.791    -0.497     0.000     0.043 

ddG: G101T    -3.068    -5.602    -0.050     4.791     0.014    -2.053     0.003    -0.016     0.165    -0.121     0.197     0.000    -0.389    -0.089     0.712    -0.660     0.000     0.029 

ddG: G101V    -2.672    -6.392     0.513     3.855     0.020    -1.438     0.003    -0.059     0.173    -0.121     0.406     0.000    -0.453     0.072     0.808    -0.789     0.000     0.728 

ddG: G101W    -3.713    -9.225    -0.091     4.445     0.028    -0.696    -0.004    -0.038     0.118    -0.064     0.409     0.000    -0.431    -0.166     1.736    -0.685     0.000     0.950 

ddG: G101Y    -6.163   -11.705    -0.339     6.497     0.030    -1.896    -0.001    -0.026     0.124    -0.145     0.401     0.000    -0.573    -0.168     2.275    -0.654     0.028    -0.011 

