ddG: description total fa_atr fa_rep fa_sol fa_intra_rep fa_elec pro_close hbond_sr_bb hbond_lr_bb hbond_bb_sc hbond_sc dslf_fa13 rama omega fa_dun p_aa_pp yhh_planarity ref 
ddG: L38A     1.191     1.592    -0.837    -0.207    -0.016     0.186     0.007     0.400    -0.132     1.017    -0.512     0.000    -0.319     0.347    -0.287    -0.032    -0.005    -0.011 

ddG: L38C     0.735     1.348    -1.431     0.209    -0.017    -1.339     0.001     0.178    -0.074    -0.195    -0.189     0.000    -0.138    -0.339     2.556     0.460     0.005    -0.298 

ddG: L38D     0.325     1.211    -1.510     1.419    -0.016    -1.734     0.000     0.147    -0.107    -0.284    -0.189     0.000    -0.288    -0.319     4.089     0.177     0.005    -2.276 

ddG: L38E     0.031     1.069     0.734     2.001    -0.029    -3.523     0.000     0.708    -0.228     0.641    -3.289     0.000    -0.419     0.049     4.831     0.100    -0.016    -2.598 

ddG: L38F     1.276     0.325     0.788     1.236    -0.010    -3.314     0.001     0.716    -0.211     0.676    -3.176     0.000    -0.186     0.044     4.188     0.421    -0.017    -0.207 

ddG: L38G     0.145     2.295     0.764     0.388    -0.039    -3.390     0.000     0.686    -0.221     0.622    -3.271     0.000    -0.042     0.025     2.182     0.704    -0.003    -0.556 

ddG: L38H     0.844    -0.337     0.021     0.093    -0.005    -0.212     0.001     0.004     0.011    -0.015    -0.007     0.000     0.026     0.002     1.530     0.026     0.000    -0.295 

ddG: L38H     1.045     0.413     0.800     1.372    -0.035    -3.255     0.000     0.720    -0.201     0.682    -3.173     0.000    -0.204     0.047     3.925     0.252    -0.003    -0.295 

ddG: L38I    -1.120    -0.311     1.736     2.385    -0.009    -4.070    -0.004     0.231    -0.159    -0.537    -2.785     0.000    -0.090    -0.184     2.150     0.264    -0.012     0.276 

ddG: L38K    -0.881    -0.266     1.704     0.958    -0.022    -2.401    -0.005     0.054     0.125    -0.401    -2.690     0.000    -0.270     0.114     3.159     0.132    -0.001    -1.072 

ddG: L38L     0.265     0.980    -1.467     0.455    -0.011    -1.518     0.000     0.164    -0.087    -0.224    -0.188     0.000    -0.188    -0.345     2.509     0.180     0.005     0.000 

ddG: L38M    -0.349     0.843    -0.102     0.062    -0.008    -1.216     0.002     0.203    -0.193    -0.042    -0.034     0.000     0.069    -0.415     0.863     0.151     0.003    -0.535 

ddG: L38N     0.247     1.069    -1.495     0.685    -0.016    -1.427     0.001     0.158    -0.106    -0.235    -0.186     0.000    -0.077    -0.343     3.747     0.329     0.005    -1.861 

ddG: L38P    -1.387    -1.296     0.823     0.973    -0.012    -0.597     0.030     0.000    -0.017     0.047     0.032     0.000     0.204    -0.164    -0.519     0.100    -0.001    -0.990 

ddG: L38Q     0.169     0.717    -1.440     0.690    -0.014    -1.492     0.001     0.168    -0.086    -0.232    -0.189     0.000    -0.250    -0.337     4.675     0.096     0.005    -2.145 

ddG: L38R     1.424     0.868    -0.968     2.168    -0.014    -1.251     0.010     0.613    -0.223     1.053    -0.449     0.000    -0.223    -0.102     0.800     0.062    -0.015    -0.905 

ddG: L38S    -0.952     1.127     1.610     0.694    -0.032    -3.600    -0.005     0.247    -0.155    -0.477    -2.823     0.000    -0.079    -0.307     2.854     0.507     0.002    -0.513 

ddG: L38T     0.478    -2.003    -0.053     5.560    -0.008    -2.868     0.000     0.185    -0.251    -0.308    -0.870     0.000    -0.179    -0.103     1.459     0.453    -0.011    -0.527 

ddG: L38V    -1.404     0.320     1.713     1.025    -0.011    -3.724    -0.005     0.252    -0.145    -0.532    -2.830     0.000    -0.040    -0.204     2.330     0.273     0.001     0.172 

ddG: L38W     1.723    -0.305    -1.422     1.815     0.003    -1.623     0.002     0.155    -0.095    -0.192    -0.149     0.000    -0.224    -0.343     3.477     0.228     0.004     0.394 

ddG: L38Y     1.614     0.627    -0.939     0.518     0.012    -0.783     0.006     0.653    -0.257     1.078    -0.487     0.000     0.021    -0.092     1.628     0.197    -0.001    -0.567 

