ddG: description total fa_atr fa_rep fa_sol fa_intra_rep fa_elec pro_close hbond_sr_bb hbond_lr_bb hbond_bb_sc hbond_sc dslf_fa13 rama omega fa_dun p_aa_pp yhh_planarity ref 
ddG: Y73A     8.422    18.920    -1.948    -9.696    -0.060     1.738    -0.015     1.097    -0.098    -0.135     2.851    -0.069    -0.112    -0.185    -4.132    -0.226    -0.064     0.556 

ddG: Y73C     8.189    16.573    -1.667    -7.450    -0.059     0.923    -0.012     0.983    -0.133    -0.012     1.369    -0.125     0.095    -0.442    -2.345     0.290    -0.068     0.269 

ddG: Y73D    12.881    13.219    -1.736     0.248    -0.019     1.711     0.015    -0.087    -0.043     0.631     1.492    -0.014     0.139     0.007    -1.179     0.270    -0.065    -1.709 

ddG: Y73E    12.528    10.055    -2.179     1.985    -0.073     1.661    -0.006     1.247    -0.243    -0.042     2.066    -0.041    -0.010    -0.485     0.278     0.331     0.013    -2.031 

ddG: Y73F     2.054     1.650     0.259    -4.092    -0.004     1.606    -0.001    -0.321    -0.052     0.602     1.546    -0.041     0.247    -0.263     0.413     0.198    -0.053     0.360 

ddG: Y73G    10.873    21.523    -1.443   -11.174    -0.056     1.822     0.000     0.460    -0.170     0.866     1.442    -0.048     0.406    -0.081    -2.903     0.286    -0.066     0.011 

ddG: Y73H     4.224     4.912    -0.818    -1.667    -0.037     0.795     0.004     0.557    -0.182     0.435     0.165    -0.057     0.261    -0.050    -0.603     0.305    -0.068     0.272 

ddG: Y73H     4.851     4.965    -1.146    -1.157    -0.044     1.247    -0.019     1.113    -0.150    -0.168     1.624    -0.056     0.162     0.018    -1.830     0.093    -0.075     0.272 

ddG: Y73I     8.639    10.298     0.358    -6.490     0.010     1.811     0.015    -0.258    -0.073    -0.133     1.794    -0.138     0.221     0.427    -0.687     0.709    -0.069     0.844 

ddG: Y73K    17.331     9.531     0.212     2.982    -0.038     1.629     0.006     0.093    -0.219     0.555     1.966     0.115    -0.090     0.779     0.025     0.335    -0.044    -0.505 

ddG: Y73L     8.876     9.205    -0.776    -5.930    -0.028     2.749     0.007     0.007    -0.411     0.501     1.980    -0.021    -0.161    -0.204     1.176     0.282    -0.069     0.567 

ddG: Y73M     8.479    10.741    -0.941    -5.113    -0.039     1.408    -0.017     0.903    -0.119    -0.012     1.381    -0.008     0.181    -0.600     0.614     0.118    -0.049     0.033 

ddG: Y73N     8.503    11.934    -1.937    -2.453    -0.048     1.095     0.000     0.693    -0.206    -0.008     0.481    -0.080     0.340    -0.115    -0.009     0.171    -0.062    -1.294 

ddG: Y73P     9.935    14.228     1.080    -8.527    -0.051     1.668     0.595     0.576     0.117     1.021     1.822    -0.088     0.405     0.156    -2.517    -0.072    -0.056    -0.423 

ddG: Y73Q     9.748     7.505    -1.678    -0.587    -0.028     1.770     0.006     0.577    -0.403     0.498     1.376    -0.058     0.171    -0.618     2.426     0.443    -0.073    -1.578 

ddG: Y73R    20.133     3.413     2.665     8.860    -0.032    -0.170    -0.006     0.485    -0.302     0.930     0.213     0.289     0.666     1.525     2.142    -0.177    -0.030    -0.338 

ddG: Y73S    10.141    18.327    -1.814    -7.362    -0.055     1.849     0.012     0.692    -0.179     0.460     1.931    -0.101    -0.104    -0.210    -3.163    -0.134    -0.060     0.054 

ddG: Y73T    10.757    14.709    -0.871    -4.571    -0.039     0.947     0.003     0.423    -0.236     0.230     1.335    -0.141     0.320    -0.184    -1.337     0.186    -0.056     0.040 

ddG: Y73V     8.285    12.610    -0.809    -7.060    -0.020     2.318     0.017    -0.154    -0.164    -0.164     1.766    -0.176     0.015    -0.007    -1.050     0.491    -0.067     0.739 

ddG: Y73W     9.251    -7.501     4.431     1.569    -0.008     3.021     0.025     0.007    -0.137     0.666     1.986    -0.049    -0.098    -0.167     4.231     0.125     0.190     0.961 

ddG: Y73Y     0.851     0.973     0.278    -1.007    -0.008    -0.023    -0.003     0.428    -0.148     0.454    -0.566    -0.049     0.248    -0.333     0.313     0.302    -0.007     0.000 

