ddG: description total fa_atr fa_rep fa_sol fa_intra_rep fa_elec pro_close hbond_sr_bb hbond_lr_bb hbond_bb_sc hbond_sc dslf_fa13 rama omega fa_dun p_aa_pp yhh_planarity ref 
ddG: A23A     0.319    -0.391     0.128     0.334     0.000     0.182    -0.002    -0.011    -0.066     0.010     0.036    -0.001    -0.001     0.062     0.037     0.020    -0.019     0.000 

ddG: A23C     0.925    -1.032    -0.032     1.377    -0.001     0.215    -0.003     0.084    -0.029    -0.021    -0.001     0.000     0.094    -0.054     0.200     0.421    -0.007    -0.287 

ddG: A23D     0.330    -5.410     0.265     7.316     0.003    -1.481    -0.002     0.033     0.052    -0.017    -0.628    -0.009     0.070     0.228     1.875     0.324    -0.026    -2.265 

ddG: A23E    -2.011    -5.586     0.275     6.702     0.004    -2.658    -0.003     0.057     0.005     0.024    -1.594    -0.003    -0.026     0.102     3.126     0.161    -0.013    -2.586 

ddG: A23F    -0.058    -9.147     0.613     4.920     0.032    -0.122    -0.003     0.024    -0.094     0.036    -0.005     0.004     0.172     0.186     3.147     0.405    -0.029    -0.196 

ddG: A23G     1.393     1.021     0.139    -0.113    -0.002    -0.052     0.000     0.057    -0.010    -0.010    -0.047    -0.001     0.340     0.010     0.004     0.613    -0.009    -0.545 

ddG: A23H    -1.035    -6.714     0.252     4.190     0.005    -0.303     0.005     0.077    -0.038     0.069    -1.393     0.002     0.205     0.078     2.443     0.410    -0.038    -0.284 

ddG: A23H    -1.063    -6.741     0.248     4.223     0.005    -0.307     0.005     0.075    -0.038     0.068    -1.414     0.001     0.204     0.046     2.448     0.410    -0.015    -0.284 

ddG: A23I    -0.299    -3.294     0.239     1.945     0.024    -0.075    -0.002    -0.101    -0.012    -0.011    -0.049     0.000     0.260     0.022     0.189     0.293    -0.015     0.288 

ddG: A23K     0.296    -2.151     0.114     2.618     0.008    -0.297    -0.002    -0.002    -0.068    -0.043     0.024     0.000     0.034     0.058     0.924     0.133     0.006    -1.061 

ddG: A23L    -0.549    -3.120     0.193     1.944     0.006     0.027     0.000     0.061    -0.012    -0.012    -0.052     0.001     0.104    -0.002     0.185     0.132    -0.014     0.011 

ddG: A23M     0.171    -4.297     0.159     2.917     0.003    -0.199    -0.003    -0.059    -0.005    -0.052    -0.023    -0.001     0.121     0.041     1.954     0.141    -0.002    -0.523 

ddG: A23N     0.302    -2.819     0.140     2.920     0.003    -0.058    -0.001     0.054    -0.043     0.021    -0.012     0.000     0.250     0.062     1.298     0.352    -0.014    -1.849 

ddG: A23P     8.181    -3.298     6.427     0.209    -0.005     0.130     0.324     1.811    -0.042    -0.071    -0.182    -0.003     1.177     1.755     0.261     0.636     0.030    -0.979 

ddG: A23Q    -0.749    -4.790     0.127     4.282     0.002    -0.565    -0.002     0.045    -0.004    -0.031    -0.608     0.003     0.041    -0.003     2.772     0.130    -0.015    -2.134 

ddG: A23R     2.187    -5.249     0.108     6.536     0.010    -0.284    -0.001     0.047    -0.057    -0.008     0.001    -0.002     0.027     0.014     1.741     0.203    -0.005    -0.894 

ddG: A23S     1.154    -0.772     0.214     1.650     0.000    -0.438    -0.002    -0.063    -0.026     0.068    -0.091     0.002     0.192     0.081     0.500     0.376    -0.032    -0.502 

ddG: A23T     0.166    -0.412     0.040     1.310     0.015    -0.890    -0.004    -0.130    -0.054    -0.045     0.022    -0.001     0.315     0.129    -0.005     0.395    -0.003    -0.516 

ddG: A23V     0.433    -2.046     0.421     1.373     0.019    -0.138    -0.004    -0.121    -0.021     0.016     0.000    -0.001     0.306    -0.027     0.074     0.412    -0.013     0.183 

ddG: A23W    -2.550   -10.493     0.520     4.358     0.032    -0.368    -0.005    -0.087    -0.103     0.046     0.014     0.006     0.060     0.099     2.751     0.217    -0.003     0.405 

ddG: A23Y    -1.369    -9.086     0.751     5.230     0.034    -0.648    -0.005    -0.010    -0.151     0.057    -1.201     0.003     0.242     0.239     3.229     0.372     0.130    -0.556 

