ddG: description total fa_atr fa_rep fa_sol fa_intra_rep fa_elec pro_close hbond_sr_bb hbond_lr_bb hbond_bb_sc hbond_sc dslf_fa13 rama omega fa_dun p_aa_pp yhh_planarity ref 
ddG: F11A     8.401    14.226    -0.672    -2.569    -0.034    -0.829    -0.003     0.212    -0.223     0.015     0.029     0.000     0.254    -0.473    -2.051     0.321     0.003     0.196 

ddG: F11C     8.941    11.649    -0.641    -0.889    -0.027     0.294     0.002     0.000    -0.090     0.069     0.102     0.000     0.072    -0.164    -1.461     0.118    -0.002    -0.091 

ddG: F11D    12.050     7.687     1.221     7.466    -0.040    -2.473    -0.007     0.119    -0.053    -0.414    -2.760     0.000     0.089    -0.026     2.756     0.558    -0.004    -2.069 

ddG: F11E    11.651     5.883    -0.323     7.020    -0.018     0.177    -0.007     0.015    -0.034    -0.089    -0.015     0.000     0.065     0.016     1.284     0.068    -0.002    -2.391 

ddG: F11F    -0.280     0.610    -0.222     0.952    -0.013    -1.313     0.002     0.178    -0.222     0.072     0.090     0.000     0.087    -0.409    -0.239     0.158    -0.012     0.000 

ddG: F11G    13.836    16.094    -0.254    -2.332    -0.019     0.158    -0.009     0.250    -0.062     1.563     0.044     0.000     0.799    -0.529    -1.983     0.464     0.002    -0.349 

ddG: F11H     4.654     2.828    -0.369     4.015    -0.036    -1.448     0.001     0.119    -0.201     0.031     0.089     0.000     0.119    -0.359    -0.136     0.100    -0.012    -0.088 

ddG: F11H     4.495     3.061    -0.305     3.142    -0.029    -1.265     0.002     0.156    -0.200    -0.034    -0.017     0.000     0.129    -0.393     0.239     0.096     0.002    -0.088 

ddG: F11I     5.179     7.262    -0.793     0.764    -0.022    -1.002     0.015     0.605    -0.479     1.061    -0.666     0.000    -0.370    -0.087    -1.233    -0.359    -0.001     0.483 

ddG: F11K     9.590     5.663    -0.257     7.099    -0.029    -0.919    -0.009     0.188    -0.245    -0.060     0.025     0.000    -0.100    -0.244    -0.585    -0.062    -0.011    -0.865 

ddG: F11L     5.902     7.478     0.350    -1.011    -0.022    -1.035     0.004     0.175    -0.490     0.007     0.008     0.000     0.278    -0.572     0.470     0.050     0.006     0.207 

ddG: F11M     4.073     6.810    -0.156     0.101    -0.025    -1.167    -0.003     0.200    -0.242    -0.068     0.009     0.000    -0.015    -0.386    -0.659     0.013    -0.013    -0.328 

ddG: F11N     8.769     8.569    -0.322     4.186    -0.033    -0.791     0.004     0.397    -0.102     1.085    -1.890     0.000    -0.249     0.176    -0.652     0.054    -0.009    -1.654 

ddG: F11P    13.878     8.153     4.489    -1.618    -0.014     1.652     0.575    -0.106     1.278     0.223     0.003     0.000     0.477     0.506    -0.652    -0.322     0.017    -0.783 

ddG: F11Q     8.222     6.163    -1.568     4.837    -0.036    -0.940    -0.009     0.155    -0.087    -0.309    -0.189     0.000    -0.335    -0.123     2.562     0.036     0.003    -1.938 

ddG: F11R    12.348     2.844    -0.061     9.155    -0.019     0.347    -0.002     0.180    -0.085    -0.029    -0.054     0.000     0.047    -0.065     0.599     0.191     0.001    -0.698 

ddG: F11S    10.551    11.252     1.735     1.753    -0.030    -2.627    -0.012     0.317     0.022     1.095    -4.312     0.000     0.251    -0.246     1.383     0.282    -0.004    -0.306 

ddG: F11T     6.812    10.233     1.289     1.629    -0.041    -3.471     0.007     0.289    -0.326    -0.494    -2.868     0.000     0.125    -0.307     0.715     0.367    -0.014    -0.321 

ddG: F11V     4.323     8.746    -0.435    -0.661    -0.017    -1.103     0.021     0.176    -0.321    -0.083    -0.170     0.000    -0.001    -0.372    -1.688    -0.136    -0.012     0.379 

ddG: F11W     1.744    -4.032     2.011     2.849    -0.007     0.482     0.000     0.235     0.024     0.105     0.115     0.000    -0.058     0.170    -0.322    -0.421    -0.008     0.601 

ddG: F11Y     1.369    -0.542     0.002     2.000    -0.003     0.245     0.002     0.042    -0.015     0.005     0.017     0.000     0.063    -0.067    -0.089     0.070    -0.002    -0.360 

