ddG: description total fa_atr fa_rep fa_sol fa_intra_rep fa_elec pro_close hbond_sr_bb hbond_lr_bb hbond_bb_sc hbond_sc dslf_fa13 rama omega fa_dun p_aa_pp yhh_planarity ref 
ddG: Q18A     2.097     7.567    -0.408    -6.010    -0.006     0.190     0.001    -0.029     0.025     0.761    -0.018     0.000     0.322     0.041    -2.692     0.218     0.002     2.134 

ddG: Q18C     1.905     4.786     0.098    -3.927    -0.003     1.851     0.002    -0.481    -0.021    -0.668     0.766     0.000     0.056    -0.029    -2.483     0.103     0.007     1.847 

ddG: Q18D     5.229     3.494    -0.371     1.032     0.001    -0.172     0.005     0.038     0.011     0.762    -0.007     0.000     0.514     0.101    -0.340     0.283     0.009    -0.131 

ddG: Q18E     2.802     1.255    -0.292     1.122    -0.001     0.256     0.000    -0.002     0.008     0.733    -0.025     0.000     0.191     0.105    -0.278     0.179     0.003    -0.453 

ddG: Q18F     3.358     5.351    -0.037    -6.459     0.029    -0.170     0.002    -0.414     0.248     0.704     0.076     0.000     0.222     0.135     1.283     0.471    -0.022     1.938 

ddG: Q18G     3.265     9.243    -0.361    -6.787    -0.002    -0.122     0.006     0.021    -0.011     0.768    -0.017     0.000     0.778     0.163    -2.453     0.452    -0.003     1.589 

ddG: Q18H     2.276    -2.616     1.090    -1.509     0.002     0.918     0.002     0.283    -0.153     0.884     0.764     0.000     0.020     0.254     0.228     0.313    -0.055     1.850 

ddG: Q18H     2.159    -3.348     1.051     0.516    -0.002     0.231     0.002     0.154    -0.074     0.729     0.078     0.000     0.146     0.367     0.259     0.211    -0.013     1.850 

ddG: Q18I     0.582     4.051    -0.313    -4.978     0.014     0.380     0.002    -0.021     0.052     0.784    -0.018     0.000     0.206     0.147    -2.285     0.139     0.003     2.421 

ddG: Q18K     2.918     2.125    -0.237     0.011     0.004    -0.020     0.004    -0.062     0.036     0.220    -0.010     0.000     0.099     0.134    -0.398    -0.067     0.007     1.073 

ddG: Q18L     0.920     0.673     1.255    -2.752     0.002     1.892    -0.002    -0.596     0.097    -0.602     0.756     0.000    -0.006     0.012    -2.136     0.180     0.001     2.145 

ddG: Q18M     0.836     2.487    -0.145    -3.309     0.001     0.309     0.000    -0.026     0.027     0.780    -0.016     0.000     0.117     0.080    -1.229     0.146     0.004     1.610 

ddG: Q18N     2.989     3.036    -0.184    -2.036     0.000     0.621     0.003     0.028     0.036     0.832     0.731     0.000     0.239     0.024    -0.810     0.240    -0.056     0.284 

ddG: Q18P     4.504     4.086     2.928    -5.136     0.001     1.478     1.420    -0.976     0.322    -0.747     0.824     0.000     0.373     0.342    -2.172     0.613    -0.006     1.155 

ddG: Q18Q     0.761    -1.133     0.294     1.330    -0.002     1.452     0.000    -0.556     0.024    -1.442     0.778     0.000    -0.028    -0.039    -0.150     0.230     0.003     0.000 

ddG: Q18R     3.318    -1.306     0.255     2.099     0.007     1.938     0.003    -0.498    -0.023    -0.633     0.764     0.000     0.051     0.049    -0.905     0.271     0.006     1.240 

ddG: Q18S     4.409     6.120    -0.029    -3.887    -0.002     2.237     0.002    -0.468    -0.010    -0.650     0.764     0.000     0.177    -0.057    -2.059     0.644    -0.004     1.632 

ddG: Q18T     1.223     4.369     0.177    -4.119    -0.001     1.617     0.002    -0.506    -0.004    -0.669     0.763     0.000     0.115     0.077    -2.472     0.251     0.005     1.617 

ddG: Q18V     0.882     4.708    -0.298    -5.256     0.012     0.698     0.001    -0.001     0.031     0.781    -0.017     0.000     0.116     0.097    -2.352     0.045     0.001     2.317 

ddG: Q18W     3.373     3.411    -0.086    -3.379     0.027     0.180    -0.002    -0.656     0.312     0.677     0.020     0.000     0.414     0.343    -0.545     0.127    -0.009     2.539 

ddG: Q18Y     3.569     5.572    -0.365    -6.115     0.030    -0.109     0.002     0.122    -0.054     0.780    -0.007     0.000     0.041     0.107     1.947     0.035     0.006     1.578 

