ddG: description total fa_atr fa_rep fa_sol fa_intra_rep fa_elec pro_close hbond_sr_bb hbond_lr_bb hbond_bb_sc hbond_sc dslf_fa13 rama omega fa_dun p_aa_pp yhh_planarity ref 
ddG: P105A     4.652     3.552    -0.292     1.039     0.004     0.278    -0.041     0.062     0.060     0.398    -0.360     0.000    -0.540    -0.287    -0.050    -0.151     0.000     0.979 

ddG: P105C     5.317     1.746     0.212     3.158     0.008     0.427    -0.042    -0.986     0.216     0.160    -0.369     0.000    -0.335    -0.184     0.891    -0.277     0.000     0.692 

ddG: P105D    10.247     0.459     0.587     8.622     0.016     0.289    -0.045     0.406     0.069     0.058    -0.352     0.000    -0.068    -0.099     1.749    -0.157     0.000    -1.286 

ddG: P105E     9.289    -1.719     1.889     8.186     0.066     0.079    -0.043    -0.086     0.027     0.091    -0.012     0.000     0.007    -0.032     2.501    -0.058     0.000    -1.608 

ddG: P105F    15.259   -11.871    11.188     6.073     0.052    -2.103    -0.036     1.335    -0.047     0.038    -1.199     0.000     0.347     0.883     9.678     0.140     0.000     0.783 

ddG: P105G     5.866     3.404    -0.765     4.572    -0.007    -1.788    -0.045    -0.002     0.023     0.294    -1.469     0.000    -0.162    -0.327     1.395     0.311     0.000     0.434 

ddG: P105H    14.581    -9.809     9.023    10.147     0.030    -2.301    -0.035     0.313    -0.035     0.395    -1.584     0.000     0.250     0.165     7.300     0.027     0.000     0.695 

ddG: P105H    14.577    -9.822     8.934    10.169     0.031    -2.163    -0.036     0.436    -0.040     0.391    -1.603     0.000     0.214     0.108     7.184     0.081     0.000     0.695 

ddG: P105I    10.583    -2.652     6.720     1.831     0.031     0.222    -0.045    -0.562     0.215     0.295    -0.095     0.000     0.420     0.027     2.865     0.046     0.000     1.266 

ddG: P105K    18.603    -5.151     3.525    12.980     0.020    -1.585    -0.039    -0.321     0.024     0.346    -1.569     0.000     0.367     1.403     8.669     0.018     0.000    -0.082 

ddG: P105L    16.616    -6.035    11.650     5.678     0.010    -1.240    -0.047     1.606    -0.007     0.745    -1.163     0.000    -0.149     0.342     4.158     0.079     0.000     0.990 

ddG: P105M    11.561    -7.082     5.306     7.447     0.039    -2.376    -0.042     0.353     0.045    -0.014    -1.120     0.000     0.406     0.649     7.456     0.040     0.000     0.455 

ddG: P105N     8.019     1.030     0.977     3.606     0.010     1.120    -0.043     0.071     0.021    -0.019    -0.003     0.000     0.184     0.074     1.859     0.002     0.000    -0.871 

ddG: P105P    -0.005    -0.021     0.012     0.006     0.000     0.000     0.000    -0.001    -0.003    -0.001    -0.002     0.000    -0.002     0.000     0.003     0.002     0.000     0.000 

ddG: P105Q     9.405    -8.235     3.007    12.100     0.031    -1.448    -0.040     0.281     0.002     0.112    -1.460     0.000    -0.252    -0.185     6.632     0.015     0.000    -1.155 

ddG: P105R    19.268   -13.230     4.749    21.266     0.022    -2.778    -0.040     0.144    -0.006     0.351    -1.348     0.000     0.523     1.194     8.588    -0.251     0.000     0.084 

ddG: P105S     5.176     5.610    -0.342     0.827     0.008    -0.019    -0.039     0.094     0.018     0.288    -0.372     0.000    -0.460    -0.209    -0.594    -0.112     0.000     0.477 

ddG: P105T     4.833    -3.455     1.886     8.231     0.004    -2.141    -0.044    -1.248     0.196     0.209    -1.298     0.000    -0.352    -0.024     2.575    -0.170     0.000     0.462 

ddG: P105V     6.251     2.213     3.368    -2.034     0.020     1.005    -0.043    -0.215     0.030     0.230     0.172     0.000     0.127     0.170    -0.229     0.276     0.000     1.162 

ddG: P105W    10.103    -9.975     9.241     3.351     0.112     0.227    -0.050    -0.450    -0.067     0.328    -0.097     0.000     1.760     1.676     3.244    -0.580     0.000     1.384 

ddG: P105Y    17.440    -5.630     6.953     1.754     0.326     2.662    -0.055    -0.846    -0.043     0.188     1.184     0.000     1.824     1.336     7.922    -0.566     0.008     0.423 

