ddG: description total fa_atr fa_rep fa_sol fa_intra_rep fa_elec pro_close hbond_sr_bb hbond_lr_bb hbond_bb_sc hbond_sc dslf_fa13 rama omega fa_dun p_aa_pp yhh_planarity ref 
ddG: E125A    -2.040     1.016     0.161    -1.285    -0.009    -1.398     0.008     0.228     0.033     0.067    -1.557     0.000    -0.137    -0.177    -1.543    -0.033     0.000     2.586 

ddG: E125C    -1.453    -0.311     0.148     0.199    -0.009    -1.380     0.005     0.203     0.031     0.026    -1.559     0.000     0.059    -0.182    -1.236     0.252     0.000     2.300 

ddG: E125D     0.455     0.632     0.365     1.845     0.002     0.377     0.002    -0.992     0.216     0.011    -0.356     0.000    -0.148     0.003    -1.664    -0.158     0.000     0.322 

ddG: E125E    -0.042     2.097     0.293    -1.470     0.007     0.294    -0.002     0.205     0.056     0.080    -0.379     0.000    -0.142    -0.106    -0.958    -0.018     0.000     0.000 

ddG: E125F    -3.346    -2.956     0.529    -0.735     0.021    -1.272     0.005     0.177     0.034     0.072    -1.534     0.000    -0.074    -0.173     0.148     0.021     0.000     2.391 

ddG: E125G    -0.621     7.336    -0.056    -6.676    -0.007     1.192     0.001    -1.248     0.163     0.003     0.015     0.000     0.329     0.095    -3.895     0.086     0.000     2.041 

ddG: E125H    -2.173    -2.464     0.279     0.617    -0.006    -1.360     0.006     0.128     0.033     0.069    -1.553     0.000    -0.090    -0.202    -0.137     0.205     0.000     2.303 

ddG: E125H    -1.426     1.643     0.145    -4.371    -0.002     0.890    -0.002    -0.046    -0.015     0.007     0.008     0.000     0.128     0.005    -2.339     0.221     0.000     2.303 

ddG: E125I    -3.913     0.977     0.438    -5.557     0.016     0.813     0.001    -0.128     0.012     0.017    -0.007     0.000     0.207     0.076    -3.658     0.006     0.000     2.874 

ddG: E125K    -1.534     3.188     0.137    -4.763    -0.001     1.034    -0.001    -0.077    -0.005     0.020    -0.014     0.000     0.087     0.060    -2.797     0.073     0.000     1.526 

ddG: E125L    -3.858     0.875     0.308    -5.576     0.010     0.945    -0.001     0.062     0.000     0.022    -0.005     0.000     0.077     0.034    -3.216     0.011     0.000     2.598 

ddG: E125M    -3.366     0.983     0.368    -3.432     0.003     0.652     0.001    -1.043     0.215     0.062    -0.364     0.000    -0.110    -0.004    -2.464    -0.296     0.000     2.063 

ddG: E125N    -0.552     1.047     0.225    -2.064    -0.003     0.949     0.000    -0.017     0.006    -0.012     0.009     0.000     0.314     0.047    -2.177     0.388     0.000     0.737 

ddG: E125P    13.774     2.967    11.155    -6.505     0.000     1.413     0.396     2.546     0.052    -0.121     0.465     0.000     0.230     1.021    -1.548     0.096    -0.001     1.608 

ddG: E125Q    -2.175    -4.196     0.239     2.903    -0.002    -1.762     0.007     0.167     0.032     0.050    -1.558     0.000    -0.083    -0.205     1.738     0.043     0.000     0.453 

ddG: E125R    -0.030     0.863     0.173    -2.312     0.004     1.062    -0.002     0.059    -0.006     0.017     0.004     0.000     0.006     0.024    -1.671     0.056     0.000     1.692 

ddG: E125S     0.199     4.497    -0.013    -4.245    -0.006     0.545     0.000     0.124    -0.004     0.015     0.003     0.000     0.125    -0.004    -3.266     0.343     0.000     2.085 

ddG: E125T    -1.046     3.610     0.062    -3.949     0.003     0.392    -0.001    -0.006    -0.010     0.021    -0.004     0.000     0.218     0.026    -3.727     0.249     0.000     2.070 

ddG: E125V    -2.673     2.559     0.376    -5.778     0.011     0.685    -0.003    -0.078    -0.011     0.016    -0.014     0.000     0.275     0.096    -3.655     0.080     0.000     2.769 

ddG: E125W    -2.829    -1.478     0.197    -4.435     0.023     1.017     0.002     0.053    -0.017     0.034     0.013     0.000     0.060     0.024    -1.458     0.144     0.000     2.992 

ddG: E125Y    -2.787     0.925     0.351    -5.351     0.024     0.993    -0.001     0.016    -0.007     0.036     0.018     0.000     0.142     0.022    -2.058     0.072     0.000     2.031 

