ddG: description total fa_atr fa_rep fa_sol fa_intra_rep fa_elec pro_close hbond_sr_bb hbond_lr_bb hbond_bb_sc hbond_sc dslf_fa13 rama omega fa_dun p_aa_pp yhh_planarity ref 
ddG: D40A     0.474     2.338    -0.115    -4.142    -0.005     2.251     0.001     0.088    -0.026     0.060     0.896    -0.052    -0.192    -0.036    -2.663    -0.223     0.031     2.265 

ddG: D40C     1.472     2.027    -0.512    -3.279    -0.004     3.124     0.003    -0.399     0.102    -0.095     2.421    -0.048    -0.357     0.309    -3.627    -0.184     0.015     1.978 

ddG: D40D    -0.184     0.733    -0.222    -0.346    -0.006    -0.039     0.006     0.137    -0.015    -0.075     0.002    -0.081    -0.079    -0.063    -0.139    -0.003     0.005     0.000 

ddG: D40E    -0.958    -0.140    -0.016    -0.829     0.004     0.039     0.001     0.072    -0.036     0.045    -0.110    -0.050    -0.223     0.025     0.730    -0.186     0.036    -0.322 

ddG: D40F     0.278    -0.595    -0.045    -3.009     0.022     1.754    -0.001     0.051    -0.042    -0.008     0.276    -0.092     0.076     0.027    -0.280     0.096    -0.022     2.069 

ddG: D40G     1.498     4.015    -0.802    -4.605     0.008     1.779    -0.015     0.247    -0.146    -0.060     0.837    -0.033     0.583    -0.450    -1.549    -0.047     0.016     1.720 

ddG: D40H    -0.255    -0.188    -0.644    -2.253     0.001     2.031     0.003    -0.335     0.149    -0.409     0.843    -0.047    -0.283     0.124    -0.900    -0.319    -0.008     1.981 

ddG: D40H     1.030    -0.429    -0.168    -2.378    -0.002     1.986     0.002     0.183    -0.049     0.056     0.867    -0.056    -0.051     0.016    -0.825    -0.097    -0.006     1.981 

ddG: D40I     0.519    -0.094     0.538    -2.937     0.032     1.339    -0.021     0.634    -0.200    -0.774     0.228    -0.036     0.110     0.029    -0.899     0.012     0.004     2.553 

ddG: D40K    -0.068     0.685    -0.637    -3.086     0.000     2.415    -0.002     0.078    -0.189    -0.057     0.255    -0.093    -0.209    -0.414    -0.096     0.075     0.003     1.204 

ddG: D40L    -1.167     0.583    -0.379    -3.156     0.002     1.674    -0.015     0.639     0.030    -0.515     0.892    -0.046    -0.096    -0.329    -2.560    -0.178     0.010     2.276 

ddG: D40M     0.323     0.741    -0.265    -3.236    -0.001     2.491    -0.005     0.085    -0.037    -0.132     1.774    -0.087    -0.072     0.246    -2.605    -0.327     0.013     1.742 

ddG: D40N    -1.055    -0.152    -1.256    -1.382    -0.001     1.320     0.003     0.339    -0.133    -0.580     0.766     0.027    -0.135    -0.376     0.010     0.065     0.013     0.415 

ddG: D40P     7.097     1.044     3.654    -4.598     0.023     1.253     0.494     0.821    -0.143     0.427     0.352    -0.091     0.526     1.475     0.511     0.173    -0.109     1.286 

ddG: D40Q    -0.151     0.542    -0.311    -2.094    -0.008     1.467    -0.014     0.690     0.005    -0.510     0.889    -0.039    -0.139    -0.160    -0.389    -0.222     0.011     0.131 

ddG: D40R     1.681     1.036    -0.631    -2.608     0.014     2.154    -0.036     0.697    -0.114    -0.053     0.916    -0.039     0.272    -0.693    -0.114    -0.505     0.015     1.371 

ddG: D40S     0.448     2.158    -0.760    -3.075    -0.003     1.356    -0.015     0.610    -0.118    -0.766     0.228    -0.003    -0.059    -0.478    -0.589     0.190     0.008     1.763 

ddG: D40T     1.148     1.347    -0.092    -2.135    -0.004     1.563     0.003     0.064    -0.010     0.081     0.353     0.000     0.034     0.135    -2.048     0.108     0.000     1.749 

ddG: D40V     0.925     0.782     0.807    -3.653     0.019     1.672    -0.004    -0.094    -0.018    -0.036     0.284     0.032     0.091     0.303    -1.810     0.098     0.006     2.448 

ddG: D40W     1.614    -4.086    -0.611     0.855     0.019     2.322    -0.018     0.826     0.017    -0.632     2.357    -0.054    -0.314     0.074    -1.636    -0.171    -0.004     2.670 

ddG: D40Y     0.015    -0.681    -0.137    -2.774     0.025     1.881     0.002    -0.589     0.147     0.064     0.491     0.000    -0.120     0.043    -0.052    -0.010     0.015     1.709 

