ddG: description total fa_atr fa_rep fa_sol fa_intra_rep fa_elec pro_close hbond_sr_bb hbond_lr_bb hbond_bb_sc hbond_sc dslf_fa13 rama omega fa_dun p_aa_pp yhh_planarity ref 
ddG: E53A     0.523     5.619    -0.374    -6.628    -0.013     0.903     0.002     0.194    -0.180     1.021    -0.039     0.000     0.212    -0.469    -2.480     0.165     0.004     2.586 

ddG: E53C     0.532     4.293    -0.372    -4.204    -0.018     0.685     0.000     0.186    -0.215     0.994     0.050     0.000     0.017    -0.383    -2.638    -0.154    -0.010     2.300 

ddG: E53D     3.465     1.356    -0.151     0.159    -0.009     1.241    -0.001    -0.013     0.015     1.051     0.031     0.000     0.246    -0.064    -0.916     0.196     0.000     0.322 

ddG: E53E     0.514     1.269    -0.994     0.530    -0.012    -1.013     0.009     0.653    -0.268     1.057    -0.488     0.000    -0.111    -0.096    -0.072     0.064    -0.016     0.000 

ddG: E53F    -1.920    -1.947     1.297    -3.249    -0.003    -1.632    -0.005     0.896    -0.269     1.811    -3.191     0.000    -0.191    -0.156     2.376    -0.047    -0.002     2.391 

ddG: E53G     3.147     7.911    -1.299    -6.358    -0.019     1.072     0.008     0.624    -0.302     2.059    -0.433     0.000     0.399    -0.214    -2.684     0.355    -0.016     2.041 

ddG: E53H     1.246    -0.188     1.607    -2.313    -0.040    -0.844    -0.010     0.653    -0.368     1.765    -3.675     0.000    -0.465     0.249     2.640    -0.056    -0.011     2.303 

ddG: E53H     1.828    -3.613     0.710     1.042    -0.007    -0.044    -0.010     0.146    -0.331     1.048    -1.125     0.000    -0.326     0.035     2.064    -0.059    -0.004     2.303 

ddG: E53I    -1.690     1.624     0.376    -5.516     0.004     0.693     0.002     0.212    -0.210     1.030    -0.013     0.000    -0.153    -0.433    -1.908    -0.265    -0.007     2.874 

ddG: E53K     2.398     1.083     0.260    -2.650    -0.011     1.794    -0.005     0.179     0.008     1.037     0.072     0.000    -0.034    -0.316    -0.557     0.012    -0.001     1.526 

ddG: E53L    -1.352     1.163     0.072    -5.788     0.001     2.337     0.014    -0.018     0.080     1.044     0.022     0.000    -0.008    -0.258    -2.496    -0.119     0.005     2.598 

ddG: E53M    -0.245     1.147    -0.171    -4.991    -0.005     2.282    -0.002    -0.010    -0.010     1.044     0.049     0.000     0.006    -0.074    -1.392    -0.182     0.000     2.063 

ddG: E53N     3.314     2.379    -2.374    -1.234    -0.023     1.122     0.006     0.569    -0.183     2.046    -0.688     0.000    -0.304    -0.068     1.028     0.300     0.001     0.737 

ddG: E53P     5.767     1.133     4.250    -5.901    -0.030     0.876     0.540     0.486     1.531     1.875    -3.249     0.000     0.268     1.771     0.360     0.258    -0.008     1.608 

ddG: E53Q    -2.014    -0.111     1.537    -2.330    -0.023    -0.821    -0.011     0.077     0.060    -0.186    -2.863     0.000    -0.214     0.093     2.312     0.015    -0.002     0.453 

ddG: E53R     3.397    -0.787    -0.231    -0.550     0.002     2.947    -0.002    -0.017     0.007     1.021     0.055     0.000    -0.043    -0.098    -0.510    -0.089     0.001     1.692 

ddG: E53S     2.574     4.523    -0.243    -5.199    -0.007     2.452    -0.001    -0.012     0.011     1.041    -0.002     0.000     0.101    -0.113    -2.009    -0.053     0.000     2.085 

ddG: E53T     2.167     4.230    -1.517    -4.000    -0.013     0.865     0.001     0.164    -0.187     1.060    -0.113     0.000    -0.148    -0.397     0.027     0.118     0.005     2.070 

ddG: E53V     0.076     3.010    -0.734    -4.446    -0.011     0.957     0.009     0.658    -0.282     2.092    -0.420     0.000    -0.387     0.034    -2.757    -0.401    -0.014     2.769 

ddG: E53W     1.133    -1.567     0.252    -2.821     0.018     2.251    -0.001    -0.059     0.011     1.038     0.117     0.000    -0.045    -0.013    -0.812    -0.229     0.002     2.992 

ddG: E53Y    -3.142    -2.878     2.132    -2.607     0.004    -2.277    -0.010     0.444    -0.180     0.711    -2.708     0.000    -0.025    -0.426     2.535     0.122    -0.010     2.031 

