ddG: description total fa_atr fa_rep fa_sol fa_intra_rep fa_elec pro_close hbond_sr_bb hbond_lr_bb hbond_bb_sc hbond_sc dslf_fa13 rama omega fa_dun p_aa_pp yhh_planarity ref 
ddG: V9A     2.612     5.431    -0.057    -2.222    -0.007    -0.149     0.003     0.074    -0.067    -0.008     0.007     0.000     0.052     0.021    -0.216    -0.070     0.003    -0.183 

ddG: V9C     1.999     4.258    -0.304    -1.316    -0.005    -1.623     0.004     0.651    -0.038     1.419    -0.776     0.000    -0.030     0.102     0.218    -0.068    -0.023    -0.470 

ddG: V9D     6.461    -0.294    -0.372     7.522    -0.005    -1.675     0.001     0.632     0.159     1.431    -1.435     0.000     0.033     0.185     2.563     0.163     0.001    -2.448 

ddG: V9E     4.711    -0.550     1.146     5.062     0.000    -2.328     0.004     0.502     0.164     1.439    -0.937     0.000    -0.091     0.312     3.074    -0.306    -0.010    -2.769 

ddG: V9F     5.130    -8.217     6.164     0.764     0.047    -0.156     0.000     0.064     0.039    -0.007    -0.143     0.000     0.312     0.108     6.321     0.218    -0.002    -0.379 

ddG: V9G     5.262     3.847     1.172     1.288     0.000    -2.577    -0.001     0.564    -0.242     1.417    -2.445     0.000     0.664     0.355     1.499     0.446     0.001    -0.728 

ddG: V9H     4.631    -5.314     3.052     4.309     0.043    -0.487     0.001     0.146     0.210     0.127    -0.001     0.000    -0.184     0.260     2.911     0.052    -0.026    -0.467 

ddG: V9H     5.003    -4.017     2.787     2.749     0.039    -1.613     0.003     0.649     0.258     1.615    -0.040     0.000    -0.129     0.394     3.064    -0.207    -0.082    -0.467 

ddG: V9I    -0.979    -0.357     0.604    -1.840     0.016    -1.468     0.004     0.594    -0.026     1.418    -0.785     0.000    -0.015     0.205     0.610    -0.047     0.003     0.105 

ddG: V9K     2.411    -2.028     1.533     4.227    -0.005    -4.088     0.004     0.572     0.313     1.424    -2.121     0.000     0.114     0.531     3.421    -0.258     0.016    -1.244 

ddG: V9L     1.500    -1.592     1.106    -1.182     0.144     0.188     0.002     0.032    -0.078     0.006    -0.002     0.000     0.246     0.256     1.820     0.733    -0.008    -0.172 

ddG: V9M     1.406    -0.261     0.315     0.307    -0.001    -0.601     0.002     0.008     0.234     0.009    -0.528     0.000     0.378     0.434     1.888    -0.067    -0.005    -0.706 

ddG: V9N     4.116    -7.150     1.822    10.978    -0.001    -3.043    -0.004     0.493    -0.003     1.425    -4.196     0.000     0.238     0.538     4.791     0.260    -0.002    -2.032 

ddG: V9P     8.101     2.884     1.310    -3.426    -0.001     0.053     1.653     0.699     3.493     1.159    -1.020     0.000     0.462     2.057     0.388    -0.451    -0.001    -1.162 

ddG: V9Q     2.434    -1.355     0.626     3.758    -0.005    -2.266     0.002     0.485     0.126     1.434    -1.456     0.000     0.043     0.627     2.991    -0.253    -0.004    -2.317 

ddG: V9R     4.601    -4.433     0.815     7.232     0.004    -2.408     0.006     0.630     0.157     1.438    -1.359     0.000    -0.116     0.374     3.862    -0.528     0.003    -1.077 

ddG: V9S     3.702     4.682    -0.052     0.384    -0.003    -0.767     0.002     0.088    -0.011    -0.001     0.041     0.000    -0.123    -0.018     0.213    -0.043    -0.006    -0.685 

ddG: V9T     1.995     2.887    -0.227     0.791     0.002    -1.869     0.001     0.581    -0.072     1.295    -0.717     0.000    -0.012     0.055     0.169    -0.169    -0.022    -0.699 

ddG: V9V    -0.114     1.194    -0.256    -0.750     0.001    -1.582     0.005     0.521     0.019     1.303    -0.726     0.000     0.126     0.170     0.220    -0.350    -0.009     0.000 

ddG: V9W    11.224   -12.148     8.720     6.668     0.128    -1.121    -0.003     0.588     0.331     1.559    -0.782     0.000     0.160     1.043     5.863    -0.001    -0.003     0.222 

ddG: V9Y     8.564    -6.913     6.072     4.333     0.103    -0.609     0.001     0.069     0.165     0.147    -0.184     0.000    -0.100     0.815     5.520    -0.108    -0.008    -0.739 

