ddG: description total fa_atr fa_rep fa_sol fa_intra_rep fa_elec pro_close hbond_sr_bb hbond_lr_bb hbond_bb_sc hbond_sc dslf_fa13 rama omega fa_dun p_aa_pp yhh_planarity ref 
ddG: R116A    -0.194     5.483     1.501    -5.737    -0.021    -1.864    -0.011     0.059     0.191     0.181    -2.716     0.000     0.040     0.176     1.324     0.306     0.001     0.894 

ddG: R116C     0.024     4.319    -0.576    -4.471    -0.005     0.451     0.006     0.203     0.058     0.020    -0.008     0.000     0.109     0.075    -0.642    -0.111    -0.012     0.607 

ddG: R116D     2.355     2.556    -0.536    -0.350    -0.007     0.006     0.007    -0.005     0.110     0.615    -0.034     0.000     0.280     0.023     0.820     0.258    -0.017    -1.371 

ddG: R116E     1.020     1.053     1.696    -0.019    -0.016    -1.647    -0.010     0.063     0.067     0.201    -2.798     0.000    -0.071     0.195     3.758     0.240     0.001    -1.692 

ddG: R116F    -3.855    -0.845     0.132    -5.587     0.016     0.373     0.012    -0.050     0.228     0.568    -0.036     0.000    -0.070     0.306     0.697    -0.281    -0.018     0.698 

ddG: R116G     2.171     8.122    -0.557    -6.585    -0.004     0.466     0.003    -0.007    -0.023     0.522     0.022     0.000     0.655    -0.020    -1.231     0.456     0.003     0.349 

ddG: R116H    -2.354    -0.457    -0.567    -2.410    -0.007     0.149     0.011     0.188     0.105     1.078    -0.776     0.000    -0.113     0.178    -0.079    -0.247    -0.016     0.610 

ddG: R116H    -2.977    -0.727    -0.696    -2.134    -0.011    -0.403     0.012     0.231     0.074     0.138    -0.710     0.000    -0.110     0.138     0.849    -0.224    -0.016     0.610 

ddG: R116I    -1.795     0.381     1.650    -4.691     0.011     0.224    -0.004    -0.113     0.261     0.646    -0.018     0.000    -0.297     0.259    -0.961    -0.314    -0.010     1.182 

ddG: R116K    -0.488     1.376    -0.684    -1.601    -0.007     0.771     0.006     0.164     0.085    -0.007    -0.030     0.000    -0.088     0.052    -0.096    -0.263     0.000    -0.167 

ddG: R116L    -4.470     1.259     1.406    -5.252    -0.018    -1.849    -0.010     0.011     0.318     0.204    -2.709     0.000    -0.286     0.335     1.222     0.013    -0.019     0.905 

ddG: R116M    -2.169     1.610    -0.021    -5.296    -0.001     0.500     0.000     0.002     0.076     0.580    -0.027     0.000     0.161     0.044    -0.171     0.001     0.004     0.371 

ddG: R116N    -0.670     2.360    -0.563    -2.733    -0.008     0.024     0.005    -0.011     0.079     0.563    -0.043     0.000     0.088     0.019     0.390     0.133    -0.017    -0.955 

ddG: R116P     3.115     1.655     2.324    -6.853     0.001     1.866     0.270    -0.005     1.373     0.609    -0.032     0.000     0.734     1.472    -0.078    -0.131    -0.004    -0.084 

ddG: R116Q     0.256     0.849    -0.554    -2.522     0.000     0.921     0.006     0.290    -0.002     1.107    -0.008     0.000     0.036     0.130     1.179     0.074    -0.009    -1.240 

ddG: R116R     0.134     0.033     0.036    -1.466     0.016     0.573    -0.004     0.012     0.114     0.036    -0.313     0.000     0.035     0.229     0.774     0.058     0.001     0.000 

ddG: R116S     1.446     5.438    -0.316    -4.831    -0.002     0.386     0.000     0.002     0.089     0.591    -0.015     0.000     0.145     0.048    -0.597     0.127    -0.012     0.392 

ddG: R116T     0.222     2.696    -0.120    -3.394     0.002     1.699    -0.005    -0.238     0.409     0.587    -0.029     0.000    -0.375     0.714    -1.481    -0.616    -0.005     0.378 

ddG: R116V    -1.858     1.036     0.401    -4.692     0.009     0.643    -0.014     0.028     0.112     0.580    -0.020     0.000    -0.104     0.559    -1.149    -0.330     0.007     1.077 

ddG: R116W    -1.989    -5.082     0.365    -2.794     0.025     0.587     0.000     0.150     0.153    -0.021    -0.022     0.000     0.119     0.404     2.868    -0.045     0.004     1.299 

ddG: R116Y    -3.205    -2.013     0.181    -5.167     0.025     1.654     0.006    -0.229     0.509     0.643     0.023     0.000    -0.057     0.789     0.608    -0.506    -0.008     0.338 

