ddG: description total fa_atr fa_rep fa_sol fa_intra_rep fa_elec pro_close hbond_sr_bb hbond_lr_bb hbond_bb_sc hbond_sc dslf_fa13 rama omega fa_dun p_aa_pp yhh_planarity ref 
ddG: L19A    -0.088     1.647     0.211    -1.765     0.020     0.523     0.020    -1.249     0.043     0.514     0.045     0.005     0.039     0.003     0.249    -0.392     0.011    -0.011 

ddG: L19C     0.312     1.572    -0.403    -1.694    -0.001     0.302     0.022    -0.510    -0.213     0.406    -0.625    -0.053    -0.007    -0.151     1.691     0.286    -0.010    -0.298 

ddG: L19D     0.310    -1.028     0.715     3.091     0.015    -1.372     0.011    -0.777    -0.063     0.584    -1.323    -0.026     0.099     0.195     2.465     0.013    -0.015    -2.276 

ddG: L19E     1.413    -0.655     0.232     1.994     0.022    -0.479     0.001    -0.376    -0.050     0.648    -0.409    -0.002     0.042     0.383     2.540     0.105     0.014    -2.598 

ddG: L19F     1.693    -1.163    -0.099    -2.913     0.038     1.546     0.008    -0.648    -0.012     0.039     0.159     0.059     0.387     0.460     3.651     0.389    -0.001    -0.207 

ddG: L19G     1.128     2.963     0.292    -2.192     0.020     0.262     0.016    -0.688    -0.062     0.373    -0.113    -0.001     0.187     0.202     0.108     0.321    -0.003    -0.556 

ddG: L19H     0.189    -3.284     0.528     1.116     0.023    -0.020     0.007    -0.761    -0.057     0.570    -0.450    -0.032     0.159     0.347     2.210     0.131    -0.003    -0.295 

ddG: L19H    -0.650    -2.804     0.273     0.995     0.001    -0.703    -0.013    -0.182     0.002     0.078    -0.363    -0.031     0.133     0.216     1.916     0.131    -0.004    -0.295 

ddG: L19I     1.874     1.538    -0.264    -2.944     0.018     1.788     0.027    -0.054     0.004     0.082     0.757     0.009     0.235     0.032     0.030     0.329     0.009     0.276 

ddG: L19K    -0.908    -0.184     0.506    -0.175     0.000    -0.922    -0.010    -0.277     0.005    -0.159    -0.602     0.050     0.104     0.241     1.502     0.085     0.002    -1.072 

ddG: L19L    -0.102    -0.101     0.468    -0.586     0.003     0.109     0.012    -0.709    -0.064     0.507    -0.592    -0.044     0.159     0.262     0.411     0.060     0.003     0.000 

ddG: L19M     0.593     0.260     0.448    -0.852     0.011     0.000     0.010    -0.665    -0.071     0.656    -0.509    -0.039     0.154     0.169     1.420     0.149    -0.014    -0.535 

ddG: L19N    -1.190    -0.013     0.104     0.688    -0.006    -0.340     0.006    -0.566    -0.060    -0.046     0.289    -0.025     0.016     0.557     0.230    -0.156    -0.009    -1.861 

ddG: L19P     0.082    -0.508     2.114    -1.719     0.008    -0.669     0.193     0.199     0.039     0.149     0.222     0.085     0.288     0.170     0.263     0.227     0.012    -0.990 

ddG: L19Q     0.668    -4.025     0.622     3.041     0.069    -0.245     0.011    -0.669    -0.056     0.562    -0.319    -0.002    -0.032     0.317     3.609    -0.066    -0.005    -2.145 

ddG: L19R     0.500    -1.642     0.687     2.726     0.021    -1.326     0.021    -0.813    -0.038     0.502    -0.947     0.044     0.106    -0.005     2.153    -0.068    -0.016    -0.905 

ddG: L19S    -0.882     1.771    -0.109    -0.694     0.007    -0.612     0.008    -0.554     0.000     0.003    -0.066     0.099    -0.170     0.318    -0.196    -0.196     0.024    -0.513 

ddG: L19T     0.355     0.718     0.382    -0.006     0.016    -0.248     0.016    -0.695    -0.070     0.543    -0.585    -0.041     0.135     0.151     0.389     0.194    -0.019    -0.527 

ddG: L19V     0.228     0.275     0.196    -1.110     0.010     0.036     0.009    -0.460    -0.054    -0.234     0.858     0.060     0.234     0.973    -0.876     0.154    -0.014     0.172 

ddG: L19W    -1.152    -4.006     0.324    -2.364     0.072     2.233     0.066    -1.591     0.063     0.535     0.235    -0.032     0.345     0.366     2.495    -0.262    -0.026     0.394 

ddG: L19Y     1.857    -0.734    -0.590    -1.880     0.045     1.671     0.055    -0.709    -0.256    -0.187     0.032    -0.032     0.243     0.273     4.144     0.361    -0.013    -0.567 

