ddG: description total fa_atr fa_rep fa_sol fa_intra_rep fa_elec pro_close hbond_sr_bb hbond_lr_bb hbond_bb_sc hbond_sc dslf_fa13 rama omega fa_dun p_aa_pp yhh_planarity ref 
ddG: D88A    -1.136     4.102    -1.262    -4.557    -0.020     0.025     0.009     0.650    -0.263     0.876     0.304     0.000    -0.246    -0.069    -2.806    -0.144    -0.001     2.265 

ddG: D88C    -0.866     0.561     1.790    -1.014    -0.020    -2.156    -0.009     0.246     0.201     0.984    -1.949     0.000    -0.302    -0.135    -0.333    -0.692    -0.013     1.978 

ddG: D88D     0.952     0.437    -1.480     1.677    -0.012    -1.271    -0.001     0.172    -0.119    -0.221    -0.167     0.000    -0.208    -0.298     2.264     0.174     0.004     0.000 

ddG: D88E     0.335    -1.061    -0.762     1.149     0.009    -0.045     0.018     0.479    -0.054     0.987    -0.995     0.000    -0.348     0.770     0.949    -0.434    -0.006    -0.322 

ddG: D88F    -1.939    -2.405     1.271    -0.235    -0.028    -2.739    -0.001     0.643    -0.194     0.519    -2.420     0.000    -0.472     0.258     1.878    -0.066    -0.018     2.069 

ddG: D88G     1.023     5.550    -1.124    -3.709    -0.021    -0.417     0.010     0.688    -0.337     0.846     0.198     0.000     0.248    -0.067    -2.954     0.409    -0.016     1.720 

ddG: D88H    -3.313    -1.381    -0.270    -2.060    -0.009    -0.524     0.002     0.219    -0.150    -0.118     0.752     0.000    -0.220    -0.355    -0.817    -0.353    -0.010     1.981 

ddG: D88H    -2.765    -2.519    -0.007    -1.839     0.000     0.635     0.000     0.034     0.042    -0.218     0.716     0.000    -0.310     0.075    -0.854    -0.501     0.000     1.981 

ddG: D88I    -3.453    -1.246     0.506    -2.506     0.034    -0.460     0.003     0.277    -0.262    -0.004     0.666     0.000    -0.179    -0.446    -2.177    -0.200    -0.011     2.553 

ddG: D88K    -1.690     0.168     0.042    -2.411    -0.005     0.591     0.002     0.020    -0.008    -0.160     0.720     0.000    -0.215     0.100    -1.467    -0.267    -0.006     1.204 

ddG: D88L    -1.932     0.575     0.429    -3.287    -0.004     0.642    -0.005     0.032    -0.271    -0.120     0.342     0.000    -0.240     0.259    -2.049    -0.502    -0.010     2.276 

ddG: D88M    -1.166     0.837    -1.088    -2.370    -0.010    -0.212     0.010     0.661    -0.193     0.882     0.232     0.000    -0.354     0.114    -0.922    -0.494    -0.001     1.742 

ddG: D88N    -0.771     0.012    -0.232    -0.367    -0.009    -0.286     0.006     0.201    -0.176    -0.269     0.714     0.000    -0.007    -0.156    -0.615    -0.006     0.002     0.415 

ddG: D88P     7.515    -0.237     5.895    -2.605     0.009    -0.367     1.567     1.261     0.751    -0.257     0.724     0.000     0.500     1.809    -2.805    -0.006    -0.009     1.286 

ddG: D88Q    -2.401    -1.092     0.815     0.397    -0.013    -3.253     0.014     0.768    -0.119     0.570    -3.650     0.000    -0.433     0.552     3.072    -0.143    -0.017     0.131 

ddG: D88R    -0.793     0.286     0.616    -0.011    -0.025    -2.388     0.003     0.766    -0.248     0.489    -2.452     0.000    -0.520     0.125     1.430    -0.216    -0.017     1.371 

ddG: D88S    -1.002     3.426    -1.627    -2.921    -0.017    -1.047     0.002     0.197    -0.104    -0.473     0.528     0.000    -0.415    -0.250     0.080    -0.150     0.004     1.763 

ddG: D88T     1.312     0.728     0.439    -1.193     0.011     0.204     0.000     0.221    -0.004     0.677     0.712     0.000     0.073    -0.332    -1.726    -0.234    -0.011     1.749 

ddG: D88V    -3.430    -1.279     2.416    -1.319     0.004    -2.607    -0.002     0.281    -0.214    -0.211    -2.020     0.000    -0.386    -0.395    -0.045    -0.103     0.001     2.448 

ddG: D88W    -2.174    -4.790    -0.494    -0.614     0.011     0.039     0.015     0.598    -0.136     0.922     0.309     0.000    -0.207     0.468    -0.475    -0.489    -0.001     2.670 

ddG: D88Y    -2.859    -1.921     1.233    -1.240    -0.020    -2.680    -0.001     0.657    -0.187     0.516    -2.452     0.000    -0.527     0.202     2.058    -0.189    -0.018     1.709 

