ddG: description total fa_atr fa_rep fa_sol fa_intra_rep fa_elec pro_close hbond_sr_bb hbond_lr_bb hbond_bb_sc hbond_sc dslf_fa13 rama omega fa_dun p_aa_pp yhh_planarity ref 
ddG: L80A     7.104    11.823    -0.803    -5.918    -0.008     2.312    -0.006    -0.161    -0.208     0.012     1.569     0.000     0.223     0.131    -2.121     0.271     0.000    -0.011 

ddG: L80C     5.892     5.579    -0.722     1.087    -0.010     0.225     0.005     0.019    -0.071     0.015     0.060     0.000     0.037     0.038    -0.082     0.011     0.000    -0.298 

ddG: L80D     9.938     5.382    -0.825     5.029    -0.004     1.459     0.000    -0.189    -0.169     0.015     1.575     0.000     0.118     0.150    -0.206    -0.119     0.000    -2.276 

ddG: L80E    10.405     0.659    -0.432     8.087    -0.004     1.342    -0.011    -0.092    -0.177    -0.037     1.572     0.000     0.048    -0.028     2.060     0.015     0.000    -2.598 

ddG: L80F     2.415    -9.560     4.447     3.997     0.020    -0.728    -0.030     0.230    -0.408     0.090    -0.044     0.000    -0.025    -0.089     4.829    -0.106    -0.002    -0.207 

ddG: L80G     9.238    14.882    -0.795    -6.311    -0.008     2.194    -0.006    -0.172    -0.044     0.001     1.454     0.000     0.344     0.135    -2.344     0.466     0.000    -0.556 

ddG: L80H     2.327    -2.803     0.477     2.481     0.001     1.934    -0.016     0.130    -0.167     0.062     1.144     0.000     0.011     0.029    -0.412    -0.246    -0.002    -0.295 

ddG: L80H     1.655    -8.886     0.363     8.859    -0.009    -0.652    -0.014     0.098    -0.184     0.039    -0.049     0.000    -0.046    -0.074     2.763    -0.259    -0.001    -0.295 

ddG: L80I     7.929    -1.505     3.041     2.764     0.025    -0.150     0.013     0.012     0.043     0.202    -0.032     0.000     0.001     0.478     2.504     0.256     0.000     0.276 

ddG: L80K    10.022    -1.981     0.499    10.379    -0.004     0.903    -0.010     0.043    -0.244     0.059    -0.062     0.000    -0.026    -0.143     1.712    -0.033    -0.001    -1.072 

ddG: L80L     0.477    -2.866    -0.103     2.861    -0.001    -0.582     0.004     0.051     0.021    -0.010     0.004     0.000    -0.080    -0.083     1.234     0.028     0.000     0.000 

ddG: L80M     3.653     1.150     0.026    -0.668     0.000     1.713    -0.010    -0.047    -0.031    -0.055     1.553     0.000     0.058    -0.060     0.548     0.010     0.000    -0.535 

ddG: L80N     5.337    -2.301    -0.813     8.500    -0.009    -0.763     0.006     0.082    -0.068     0.010     0.048     0.000    -0.222    -0.089     2.825    -0.009     0.000    -1.861 

ddG: L80P    13.749     0.876     3.966     1.677    -0.004     0.766     0.995    -0.661     1.985     0.024     0.115     0.000     0.193     0.575     3.971     0.258     0.002    -0.990 

ddG: L80Q     5.509     2.821    -0.032     1.061    -0.003     2.512    -0.012    -0.147    -0.312    -0.005     1.563     0.000     0.211     0.067    -0.026    -0.042     0.000    -2.145 

ddG: L80R    14.327    -1.122     1.430    10.530     0.007     2.401    -0.024    -0.083    -0.156    -0.218     1.466     0.000     0.211     0.312     0.434     0.045     0.000    -0.905 

ddG: L80S     8.713     4.315    -0.836     4.328    -0.011    -0.343     0.000     0.077    -0.191     0.019     0.037     0.000    -0.117    -0.142     2.125    -0.035     0.000    -0.513 

ddG: L80T     6.613     1.665     0.027     5.449    -0.007    -1.308     0.004     0.163    -0.188     0.039     0.042     0.000    -0.192     0.101     1.410    -0.066     0.000    -0.527 

ddG: L80V     6.752     0.048     1.351     2.918     0.008    -0.367     0.002     0.159     0.091     0.033    -0.149     0.000     0.063     0.466     1.656     0.303     0.001     0.172 

ddG: L80W     2.797   -12.425     4.939     6.080     0.025    -0.184    -0.031     0.063     0.057    -0.190    -0.049     0.000     0.013     0.457     3.602     0.051    -0.003     0.394 

ddG: L80Y     4.172    -3.787     3.304    -0.493     0.022     1.896    -0.041    -0.075    -0.333     0.012     1.528     0.000     0.189     0.256     2.486    -0.226     0.000    -0.567 

