ddG: description total fa_atr fa_rep fa_sol fa_intra_rep fa_elec pro_close hbond_sr_bb hbond_lr_bb hbond_bb_sc hbond_sc dslf_fa13 rama omega fa_dun p_aa_pp yhh_planarity ref 
ddG: G30A    -4.148    -2.729     0.427    -0.629    -0.009    -1.211    -0.003     0.480    -0.063     1.446    -0.915     0.000    -0.271    -0.020    -0.539    -0.669     0.012     0.545 

ddG: G30C    -1.731    -4.503     1.358     1.883    -0.008    -0.992    -0.002     0.484    -0.044     1.443    -0.908     0.000    -0.186     0.015    -0.284    -0.254     0.008     0.258 

ddG: G30D     5.339    -8.904     1.832    11.685    -0.005    -1.051    -0.003     0.601     0.046     1.446    -0.904     0.000    -0.283     0.063     3.050    -0.485    -0.029    -1.720 

ddG: G30E    12.351   -11.806     9.558    11.964    -0.002    -1.100     0.010     0.478    -0.202     1.716    -0.885     0.000    -0.257     0.274     5.287    -0.647     0.004    -2.041 

ddG: G30F    12.052   -13.848    14.404    -0.517     0.402    -1.721     0.000     0.244     0.334     1.351    -0.778     0.000     0.606     2.515     8.987    -0.254    -0.022     0.349 

ddG: G30G    -0.680     1.279    -0.659    -0.805     0.000    -1.461    -0.002     0.469     0.020     1.547    -0.837     0.000     0.039     0.035    -0.067    -0.246     0.008     0.000 

ddG: G30H     7.492   -15.208    10.060     7.872    -0.011     0.359    -0.007    -0.097     0.337    -0.093     0.049     0.000    -0.043     0.274     3.893    -0.082    -0.073     0.261 

ddG: G30H     6.650   -13.697    10.126     5.628    -0.003    -1.496    -0.004     0.581     0.258     1.349    -0.725     0.000    -0.066     0.289     4.554    -0.343    -0.062     0.261 

ddG: G30I     6.562    -8.475    12.617    -0.798     0.023    -0.723     0.010     0.520    -0.270     1.789    -0.877     0.000     0.059     0.209     2.180    -0.537     0.002     0.833 

ddG: G30K    18.919   -10.295     9.768    11.320     0.172    -0.445    -0.002    -0.249     0.094     0.042    -0.040     0.000     0.251     0.710     8.194    -0.146     0.061    -0.516 

ddG: G30L     9.827    -9.195    12.748     0.271     0.009     0.724     0.002    -0.109    -0.168     0.098    -0.125     0.000    -0.141     0.233     5.344    -0.429     0.008     0.556 

ddG: G30M     1.993   -11.003     8.569     1.675    -0.005     0.808     0.003    -0.098    -0.055     0.114    -0.095     0.000    -0.275    -0.002     2.618    -0.284     0.001     0.022 

ddG: G30N     1.288   -10.441     3.111     7.624    -0.004    -0.061    -0.002     0.048    -0.068     0.000    -0.114     0.000    -0.147    -0.065     2.799    -0.098     0.012    -1.304 

ddG: G30P    10.687    -7.605     7.131     0.068     0.014     1.394     0.274     1.762    -0.190    -0.045    -0.092     0.000     0.652     2.753     5.191    -0.189     0.004    -0.434 

ddG: G30Q     8.726    -9.601     7.548     5.577     0.006    -0.903     0.000     0.394    -0.023     1.480    -0.089     0.000     0.258     0.098     6.101    -0.494    -0.037    -1.589 

ddG: G30R    22.876   -15.544    13.376    15.659     0.020     0.110     0.004     0.275     0.809     2.636    -0.792     0.000    -0.399     1.842     5.803    -0.581     0.008    -0.349 

ddG: G30S    -1.423    -3.834     0.329     3.035    -0.007    -1.410    -0.003     0.513    -0.066     1.455    -0.910     0.000    -0.213    -0.033    -0.021    -0.313     0.013     0.043 

ddG: G30T     4.453    -4.782     6.977     2.570    -0.001    -2.102     0.016     0.426    -0.197     1.630    -0.926     0.000    -0.058     0.391     0.780    -0.307     0.009     0.029 

ddG: G30V     4.776    -6.504    11.330    -0.421     0.009    -0.713     0.016     0.362    -0.364     1.722    -0.884     0.000     0.101     0.174    -0.324    -0.449    -0.007     0.728 

ddG: G30W    22.000   -19.642    24.113     3.323     0.134    -1.000    -0.015     0.458     1.089     2.539    -0.421     0.000     0.068     1.707     9.125    -0.354    -0.073     0.950 

ddG: G30Y    17.625   -13.461    18.060     2.413     0.323    -1.615    -0.001     0.010     0.264     1.448    -0.751     0.000     0.543     2.295     8.602    -0.436    -0.057    -0.011 

