ddG: description total fa_atr fa_rep fa_sol fa_intra_rep fa_elec pro_close hbond_sr_bb hbond_lr_bb hbond_bb_sc hbond_sc dslf_fa13 rama omega fa_dun p_aa_pp yhh_planarity ref 
ddG: S76A    -0.821     1.160    -0.083    -1.066    -0.013    -0.328    -0.014     0.538     0.227    -0.477     0.634     0.053     0.002    -0.145    -2.006     0.186     0.010     0.502 

ddG: S76C    -0.960     0.076     0.785    -0.061    -0.013    -0.941    -0.014     0.367     0.230    -0.662     0.014     0.049     0.129     0.206    -1.593     0.254     0.000     0.215 

ddG: S76D     0.582    -0.682     0.657     1.211     0.000    -0.590    -0.002    -0.192     0.188    -0.474     0.038     0.105     0.359     0.188     0.919     0.614     0.007    -1.763 

ddG: S76E     0.021    -1.326     0.771     1.156     0.004    -0.652    -0.002    -0.158     0.197     0.033     0.039     0.032     0.126     0.186     1.235     0.473    -0.009    -2.085 

ddG: S76F    -2.584    -4.357     0.617     0.118     0.024    -0.254     0.000    -0.109     0.153     0.063     0.109     0.002    -0.010     0.288     0.527    -0.054    -0.006     0.306 

ddG: S76G    -0.127     1.972     0.429    -1.742    -0.005    -0.368    -0.003    -0.185     0.178    -0.021     0.038     0.009     0.557     0.208    -1.663     0.517    -0.005    -0.043 

ddG: S76H    -1.844    -2.421     0.376     0.220    -0.004    -0.294     0.002    -0.759     0.339     0.044     0.168     0.098    -0.212     0.150     0.260    -0.027    -0.002     0.218 

ddG: S76H    -1.701    -1.573    -0.285     0.197    -0.011    -0.141     0.001     0.087     0.180    -0.630     1.515     0.018    -0.223     0.389    -1.347    -0.097     0.001     0.218 

ddG: S76I    -0.658    -2.766     0.339     0.016     0.021     0.730     0.002     0.095    -0.007     0.066     0.603     0.058    -0.199    -0.157    -0.486     0.237     0.000     0.789 

ddG: S76K    -0.560    -0.670     0.309    -0.010    -0.003     0.338     0.002    -0.022     0.070     0.024     0.563     0.053    -0.085     0.204    -0.945     0.154     0.018    -0.559 

ddG: S76L    -1.213    -2.260     0.299    -0.060     0.035    -0.393    -0.003     0.071     0.259    -0.506     0.558     0.160     0.084     0.149    -0.860     0.741    -0.001     0.513 

ddG: S76M    -0.175    -1.658     0.619    -0.383    -0.001     0.299     0.001    -0.047     0.332     0.089     0.637     0.137     0.017     0.142    -0.549     0.185     0.027    -0.022 

ddG: S76N    -0.353    -1.377     0.323     0.807    -0.001     0.292     0.005    -0.657     0.251     0.117     0.771     0.050    -0.079     0.254    -0.006     0.217     0.027    -1.348 

ddG: S76P     9.987    -2.521     3.857    -0.752     0.042     0.778     0.474    -0.416     1.455    -0.628     1.685     0.224     0.150     1.733     4.889    -0.520     0.016    -0.477 

ddG: S76Q    -0.766    -1.429     0.352     0.677    -0.005    -0.637    -0.012     0.504     0.286    -0.483     0.635     0.077    -0.098    -0.107     0.777     0.319     0.011    -1.632 

ddG: S76R    -0.349    -1.751     0.145     2.133     0.006    -0.615     0.007     0.087     0.173    -0.583     0.561     0.147    -0.219     0.111    -0.339     0.157     0.024    -0.392 

ddG: S76S     0.280     1.161     0.139     0.175    -0.012    -0.191    -0.018     0.581     0.181    -0.777     1.485     0.018     0.029     0.537    -2.767    -0.240    -0.019     0.000 

ddG: S76T    -1.325    -0.357     0.703    -0.497     0.004    -0.870     0.000    -0.181     0.270     0.031     0.037     0.112    -0.044     0.134    -0.955     0.312    -0.008    -0.015 

ddG: S76V    -0.515    -0.862     0.878    -0.814     0.004     0.527    -0.001    -0.029     0.130    -0.071     1.522     0.034    -0.187     0.530    -2.711    -0.132    -0.016     0.685 

ddG: S76W    -0.674    -3.915    -0.087     0.828     0.025     0.048     0.000    -0.052     0.012    -0.016     0.006     0.084    -0.079    -0.198     1.572     0.180     0.012     0.907 

ddG: S76Y    -2.913    -6.078     0.295     1.368     0.027    -0.284     0.001    -0.022     0.002    -0.013    -0.592    -0.009    -0.129    -0.112     2.701    -0.018     0.004    -0.054 

