ddG: description total fa_atr fa_rep fa_sol fa_intra_rep fa_elec pro_close hbond_sr_bb hbond_lr_bb hbond_bb_sc hbond_sc dslf_fa13 rama omega fa_dun p_aa_pp yhh_planarity ref 
ddG: K108A     1.159     0.037    -0.160     0.391    -0.008    -0.483    -0.004     0.151    -0.006    -0.016     0.011     0.000    -0.043    -0.049     0.124     0.151     0.000     1.061 

ddG: K108C    -0.166    -1.678     0.152     2.720    -0.002    -0.564    -0.005    -0.938     0.208     0.013    -0.359     0.000    -0.376    -0.153     0.448    -0.405     0.000     0.774 

ddG: K108D     2.795    -7.709     0.343    11.115    -0.006    -2.782    -0.011     0.238     0.021     0.001    -1.543     0.000     0.201    -0.354     4.339     0.145     0.000    -1.204 

ddG: K108E     0.693    -3.898     0.065     5.915    -0.004    -2.007    -0.001     0.211     0.021     0.053    -1.559     0.000    -0.120    -0.230     3.650     0.124     0.000    -1.526 

ddG: K108F     0.671    -2.530     0.959    -0.121     0.022     0.128    -0.013    -0.037    -0.008    -0.003    -0.038     0.000     0.025    -0.095     1.710    -0.193     0.000     0.865 

ddG: K108G     0.935    -1.515    -0.288     4.304    -0.011    -2.803    -0.002     0.321     0.025     0.030    -1.460     0.000    -0.136    -0.096     2.186    -0.135     0.000     0.516 

ddG: K108H     1.977    -6.850     0.509     5.463     0.004    -0.904    -0.015     0.349     0.052     0.047    -0.340     0.000    -0.134    -0.169     3.074     0.115     0.000     0.777 

ddG: K108H     1.306    -5.965     0.209     3.940    -0.002    -0.627    -0.021     0.083    -0.012    -0.005     0.001     0.000     0.059    -0.003     2.750     0.121     0.000     0.777 

ddG: K108I     3.040    -5.184     2.434     1.653     0.019    -0.339    -0.001     0.424     0.003    -0.019     0.275     0.000     0.694     1.372     0.408    -0.046     0.000     1.348 

ddG: K108K    -0.276    -6.942     0.047     7.813    -0.004    -2.895     0.003     0.240     0.026     0.028    -1.550     0.000    -0.277    -0.277     3.490     0.022     0.000     0.000 

ddG: K108L    -1.350    -7.813     0.183     6.954    -0.001    -2.835    -0.010     0.292     0.033    -0.058    -1.559     0.000     0.203    -0.109     2.400    -0.102     0.000     1.072 

ddG: K108M    -0.630    -7.065     0.118     7.006    -0.006    -2.801     0.000     0.271     0.027     0.034    -1.566     0.000    -0.348    -0.203     3.319     0.048     0.000     0.537 

ddG: K108N     0.618     0.103     0.354     0.627    -0.004    -0.400    -0.019     0.033    -0.020    -0.414    -0.048     0.000     0.272    -0.110     0.937     0.095     0.000    -0.789 

ddG: K108P     2.962     0.416     3.468    -2.108    -0.001    -0.512     0.193     0.708    -0.075    -0.131     0.115     0.000     1.849     0.580    -0.839    -0.784     0.000     0.082 

ddG: K108Q    -1.253    -7.096    -0.002     7.526    -0.005    -2.897    -0.002     0.256     0.021     0.002    -1.550     0.000    -0.256    -0.209     4.005     0.025     0.000    -1.073 

ddG: K108R     2.230    -2.430     0.098     3.884     0.009    -0.580    -0.011     0.003    -0.005     0.007     0.016     0.000    -0.020    -0.005     0.940     0.158     0.000     0.167 

ddG: K108S     1.020     1.976    -0.134     0.369    -0.004    -0.606    -0.008     0.086    -0.006     0.030     0.026     0.000    -0.036     0.001    -1.015    -0.217     0.000     0.559 

ddG: K108T     0.737    -2.283    -0.121     3.985    -0.002    -1.159    -0.006     0.147    -0.002    -0.002     0.022     0.000    -0.106    -0.064     0.074    -0.289     0.000     0.544 

ddG: K108V     2.128    -3.279     1.301     1.255     0.014    -0.524     0.115     0.758     0.009    -0.145     0.107     0.000     0.735     0.269     0.184     0.086     0.000     1.244 

ddG: K108W    -0.532   -11.048     1.007     8.144     0.024    -2.080     0.000     0.159     0.031     0.018    -1.541     0.000    -0.176    -0.266     3.834    -0.105     0.000     1.466 

ddG: K108Y     0.144    -9.617     0.864     8.137     0.017    -2.735    -0.010     0.219     0.016     0.035    -1.635     0.000    -0.301    -0.338     5.081    -0.095     0.000     0.505 

