ddG: description total fa_atr fa_rep fa_sol fa_intra_rep fa_elec pro_close hbond_sr_bb hbond_lr_bb hbond_bb_sc hbond_sc dslf_fa13 rama omega fa_dun p_aa_pp yhh_planarity ref 
ddG: H99A     0.875    11.754    -0.367    -7.693    -0.004    -0.045     0.002     0.155     0.061    -0.027    -0.172     0.000     0.270    -0.205    -3.528     0.390     0.000     0.284 

ddG: H99C    -1.163     6.168    -0.314    -1.323    -0.007    -2.507     0.008     0.324     0.112     0.007    -1.656     0.000    -0.387    -0.393    -1.036    -0.157     0.000    -0.003 

ddG: H99D     3.264     4.525    -0.335     1.850     0.013     0.353     0.004     0.191     0.153    -0.063    -0.180     0.000    -0.277    -0.395    -0.387    -0.205     0.000    -1.981 

ddG: H99E     1.761     4.675    -0.413    -0.023     0.002    -0.265     0.001     0.200     0.083    -0.045    -0.123     0.000    -0.201    -0.161     0.333     0.002     0.000    -2.303 

ddG: H99F    -3.011    -5.838     0.618     4.204     0.028    -3.053     0.006     0.364     0.138    -0.028    -1.716     0.000    -0.338    -0.467     3.125    -0.143     0.000     0.088 

ddG: H99G     1.742    13.311    -0.510    -8.539    -0.005    -0.062    -0.001     0.151     0.100    -0.039    -0.138     0.000     0.628    -0.131    -3.576     0.815     0.000    -0.261 

ddG: H99H    -0.742    -4.101     0.121     4.971    -0.003    -2.243     0.005     0.182     0.026     0.047    -1.572     0.000    -0.225    -0.207     2.245     0.015     0.000     0.000 

ddG: H99H    -0.042     2.060     0.269    -1.440     0.006     0.299     0.000     0.217     0.045     0.081    -0.393     0.000    -0.182    -0.114    -0.907     0.016     0.000     0.000 

ddG: H99I     2.403     1.159     0.406     1.740     0.013    -2.108     0.006    -0.519     0.067     1.124    -0.133     0.000    -0.154    -0.385     1.133    -0.518     0.000     0.571 

ddG: H99K     1.548     0.432    -0.200     4.295    -0.002    -2.640     0.005     0.289     0.112     0.024    -0.183     0.000    -0.283    -0.495     1.019    -0.049     0.000    -0.777 

ddG: H99L    -0.915     3.528     0.150    -2.265     0.005    -0.715     0.001     0.218     0.101    -0.050    -0.151     0.000    -0.219    -0.128    -1.516    -0.170     0.000     0.295 

ddG: H99M    -1.700     4.646    -0.461    -2.838    -0.001    -0.305     0.003    -1.038     0.239    -0.060    -0.087     0.000    -0.297    -0.108    -0.792    -0.360     0.000    -0.240 

ddG: H99N     0.642     0.407    -0.424     4.446    -0.004    -2.522     0.008     0.260     0.183     0.031    -1.461     0.000    -0.290    -0.441     2.116    -0.102     0.000    -1.566 

ddG: H99P     0.848     2.702     0.442     0.405    -0.005    -2.716     0.533     0.303     0.662     0.046    -1.744     0.000     0.235    -0.376     0.962     0.094     0.000    -0.695 

ddG: H99Q    -0.293     0.011    -0.281     3.947    -0.002    -2.791     0.005     0.412     0.087    -0.025    -1.683     0.000    -0.338    -0.411     2.614     0.014     0.000    -1.850 

ddG: H99R     1.500     0.999    -0.022     3.636     0.006    -3.616     0.011     0.241     0.090     0.054    -0.728     0.000    -0.275    -0.400     2.148    -0.035     0.000    -0.610 

ddG: H99S     1.272     8.443    -0.436    -3.288    -0.004    -1.244     0.002     0.209     0.076    -0.053    -0.179     0.000    -0.015    -0.298    -1.929     0.206     0.000    -0.218 

ddG: H99T     1.629     9.635    -0.572    -5.171     0.006     0.802     0.000    -0.003     0.048     0.049     0.817     0.000     0.033    -0.047    -3.669    -0.067     0.000    -0.232 

ddG: H99V     1.075     6.061    -0.148    -3.682     0.011    -0.307     0.003     0.015     0.013     0.029     1.394     0.000    -0.201    -0.253    -1.899    -0.428     0.000     0.467 

ddG: H99W    -1.895    -1.642     0.509     0.846     0.037    -0.460     0.003     0.456     0.222     0.017    -0.493     0.000    -0.286    -0.420    -1.391     0.017     0.000     0.689 

ddG: H99Y    -1.878    -2.163     0.340     0.603     0.028    -0.936     0.000     0.176     0.057    -0.064    -0.141     0.000    -0.222    -0.243     0.998    -0.044     0.006    -0.272 

