ddG: description total fa_atr fa_rep fa_sol fa_intra_rep fa_elec pro_close hbond_sr_bb hbond_lr_bb hbond_bb_sc hbond_sc dslf_fa13 rama omega fa_dun p_aa_pp yhh_planarity ref 
ddG: H48A     1.821     9.347    -0.910    -5.355     0.000     0.941     0.007     0.139     0.019    -0.093     0.391     0.046    -0.327     0.073    -2.411    -0.391     0.062     0.284 

ddG: H48C     2.212     8.211    -0.752    -4.164     0.002     0.307     0.008    -0.711     0.211    -0.052     0.027     0.093    -0.069     0.174    -0.972    -0.148     0.050    -0.003 

ddG: H48D     7.345     5.967    -1.141     2.282    -0.001     1.574     0.011     0.222     0.043    -0.147     0.385     0.043    -0.271     0.002     0.377    -0.111     0.094    -1.981 

ddG: H48E     3.866     4.365    -0.762     1.820     0.010     0.751     0.008    -0.539     0.211    -0.101     0.026     0.012    -0.408     0.214     0.887    -0.383     0.059    -2.303 

ddG: H48F    -3.166    -2.373     0.918    -2.297     0.024     0.048     0.001     0.082    -0.010     0.145     0.044    -0.002     0.024    -0.048     0.404    -0.184    -0.031     0.088 

ddG: H48G     3.542    11.724    -0.921    -5.841     0.000     1.035     0.011    -0.546     0.166    -0.073     0.511     0.039    -0.117     0.109    -2.285    -0.085     0.075    -0.261 

ddG: H48H     0.242    -0.128     0.097     0.092     0.008    -0.051    -0.002     0.032    -0.013     0.007    -0.001     0.001     0.043     0.158     0.013    -0.018     0.003     0.000 

ddG: H48H    -0.564     0.743    -0.744     0.029     0.000    -0.054    -0.001     0.247     0.032    -0.718     1.400     0.003    -0.177     0.323    -1.403    -0.246    -0.001     0.000 

ddG: H48I     3.948     4.420     2.295    -5.113     0.043     1.087     0.012    -0.607     0.037     0.033     0.255     0.020     0.231     0.804     0.116    -0.196    -0.063     0.571 

ddG: H48K     3.165     3.759    -0.984     1.596     0.012    -1.170     0.009     0.080     0.017    -0.208     0.361     0.013    -0.306     0.412     0.727    -0.392     0.017    -0.777 

ddG: H48L    -1.736     2.970    -0.733    -3.754     0.005     0.840     0.009     0.014     0.026    -0.056     0.564     0.046    -0.228     0.371    -1.837    -0.246    -0.021     0.295 

ddG: H48M    -0.230     4.435    -0.415    -3.327     0.005     0.331     0.008    -0.116     0.023    -0.087    -0.071     0.007     0.018     0.216    -0.822    -0.199     0.004    -0.240 

ddG: H48N     2.400     5.090    -0.738    -1.138     0.000     0.517     0.011    -0.650     0.159    -0.041     0.029     0.005     0.077     0.129     0.673    -0.201     0.045    -1.566 

ddG: H48P    17.563     8.825     9.145    -7.575     0.002     1.740     0.795     1.807     0.240     0.096     0.101     1.112     0.176     2.805     0.266    -1.321     0.045    -0.695 

ddG: H48Q     1.671     3.091    -0.541    -0.573     0.014     0.527     0.005    -0.019     0.065    -0.039     0.471     0.126    -0.148     0.240     0.527    -0.226     0.001    -1.850 

ddG: H48R    -0.065    -1.787    -0.697     6.879     0.027    -1.803     0.012    -0.593     0.186    -0.037    -1.454     0.137    -0.296     0.441     0.023    -0.532     0.040    -0.610 

ddG: H48S     3.163     8.808    -0.844    -3.485     0.000     0.738     0.007    -0.589     0.174    -0.047     0.518     0.041    -0.301     0.149    -1.697    -0.178     0.087    -0.218 

ddG: H48T     2.798     7.305    -0.402    -2.296     0.006     0.201     0.008     0.043     0.026    -0.096     0.401     0.034    -0.056     0.120    -2.296    -0.007     0.041    -0.232 

ddG: H48V     5.115     8.625     2.879    -5.488     0.017     1.094     0.000    -0.964     0.209     0.099     0.646     0.147     0.112     0.986    -3.344    -0.376     0.005     0.467 

ddG: H48W    -6.303    -8.950    -0.724     2.597     0.034    -0.028     0.007     0.355    -0.110    -0.824     0.286     0.075    -0.311     0.124     0.741    -0.320     0.056     0.689 

ddG: H48Y    -2.858    -4.934     1.352     1.179     0.027    -0.322    -0.002     0.280     0.011     0.215    -0.401     0.112     0.017    -0.047     0.096    -0.199     0.029    -0.272 

