ddG: description total fa_atr fa_rep fa_sol fa_intra_rep fa_elec pro_close hbond_sr_bb hbond_lr_bb hbond_bb_sc hbond_sc dslf_fa13 rama omega fa_dun p_aa_pp yhh_planarity ref 
ddG: E92A     0.674     7.055     0.479    -8.177    -0.006     1.537     0.016    -1.203     0.241     1.478     1.599     0.011    -0.088     1.000    -5.321    -0.535     0.002     2.586 

ddG: E92C     0.778     4.876     0.776    -6.110     0.002     0.749     0.019    -1.239     0.226     1.689     0.170     0.028     0.154     0.905    -3.888     0.110     0.011     2.300 

ddG: E92D     2.888     1.356     0.960     0.806    -0.001     0.818     0.016    -0.571     0.063     1.438    -0.618     0.040     0.329     0.668    -2.883     0.111     0.033     0.322 

ddG: E92E     1.355     0.771     0.568    -0.535     0.005     0.699     0.011    -0.562     0.133     0.432     1.440     0.091     0.062     0.886    -2.408    -0.250     0.012     0.000 

ddG: E92F    -0.765    -5.633     0.670    -2.761     0.059     1.386     0.013    -0.540    -0.055     1.537    -0.029     0.110     0.251     0.568     1.078     0.208    -0.018     2.391 

ddG: E92G     2.996    10.731    -0.249    -8.871    -0.013     1.184     0.015    -0.279     0.127     0.930     2.002     0.075     0.248     0.967    -6.061     0.132     0.018     2.041 

ddG: E92H    -0.465    -3.322    -0.159    -1.244     0.007     1.229     0.017    -0.963     0.110     0.966     0.520     0.063    -0.119     0.466    -0.282    -0.061     0.004     2.303 

ddG: E92H     0.676    -2.365     1.410    -1.853    -0.013     1.189     0.013    -0.485     0.106     1.626    -0.555     0.085     0.203     0.887    -1.957     0.061     0.023     2.303 

ddG: E92I     5.043     0.924     5.634    -4.941     0.022     1.055     0.002    -0.677     0.281     1.871     0.069    -0.021     0.289     0.708    -3.022    -0.072     0.045     2.874 

ddG: E92K     0.078     0.475     0.724    -2.057     0.003     1.016     0.018    -1.180     0.239     1.670     0.680     0.071    -0.108     0.700    -3.485    -0.244     0.030     1.526 

ddG: E92L     1.699     1.237     0.316    -5.213     0.020     1.584    -0.004    -0.990     0.146     1.355     1.453     0.055     0.493     0.735    -1.086    -0.992    -0.008     2.598 

ddG: E92M    -0.917     1.222     0.602    -4.479    -0.014     0.920     0.014    -0.376     0.132     1.057     0.473     0.094     0.075     0.693    -3.193    -0.220     0.019     2.063 

ddG: E92N    -0.311     1.747     0.492    -2.153    -0.004     0.733     0.015    -0.403     0.088     0.978    -0.570     0.057     0.414     0.730    -3.324     0.128     0.022     0.737 

ddG: E92P     3.170     7.254     4.288   -10.878    -0.066     1.281     0.369    -1.470     0.325     1.819     0.144     0.045     0.661     1.169    -3.178    -0.203     0.001     1.608 

ddG: E92Q    -1.832    -0.526     0.694    -2.028     0.006     0.760     0.018    -1.158     0.250     0.514     0.694     0.044    -0.013     0.647    -1.954    -0.261     0.029     0.453 

ddG: E92R     0.165    -0.505     0.156    -0.185     0.007     0.546     0.013    -1.036     0.307     1.059     0.598     0.159    -0.182     0.797    -2.958    -0.320     0.017     1.692 

ddG: E92S     1.339     6.179    -0.166    -5.411     0.002     1.371     0.035    -1.000     0.176     1.497    -0.839     0.042    -0.251     0.321    -2.737     0.017     0.018     2.085 

ddG: E92T     3.470     3.523     0.931    -2.801     0.002     1.123     0.022    -1.032     0.238     1.638     0.684     0.070     0.012     1.045    -4.031    -0.031     0.006     2.070 

ddG: E92V     4.696     2.807     4.939    -5.656     0.008     0.908     0.002    -0.507     0.311     1.247     0.065    -0.029     0.272     0.779    -3.283     0.032     0.031     2.769 

ddG: E92W    -1.356    -7.551     0.657    -0.660     0.036     1.253    -0.006    -0.333    -0.050     1.522     0.555     0.083     0.530     0.209    -0.162    -0.428    -0.001     2.992 

ddG: E92Y    -0.934    -4.802     0.331    -1.767     0.059     1.329     0.013    -0.323     0.149     0.909     2.009     0.161    -0.007     1.106    -1.999    -0.154     0.021     2.031 

