ddG: description total fa_atr fa_rep fa_sol fa_intra_rep fa_elec pro_close hbond_sr_bb hbond_lr_bb hbond_bb_sc hbond_sc dslf_fa13 rama omega fa_dun p_aa_pp yhh_planarity ref 
ddG: I13A     6.641     7.400    -0.436     0.138    -0.024     0.442     0.000     0.020     0.087    -0.125     0.072     0.000     0.345    -0.220    -1.298     0.540    -0.013    -0.288 

ddG: I13C     6.180     4.755    -0.117     2.428    -0.020     1.511     0.002    -0.454     0.055    -1.432     0.806     0.000     0.078    -0.260    -1.086     0.476     0.014    -0.574 

ddG: I13D    11.031     1.448    -0.433    11.170    -0.018     0.596     0.004    -0.527     0.080    -1.439     0.780     0.000     0.521    -0.161     0.722     0.842    -0.002    -2.553 

ddG: I13E    11.161    -2.663     0.275    12.707    -0.017     1.758    -0.002    -0.692     0.154    -1.420     0.796     0.000     0.148    -0.237     2.559     0.673    -0.004    -2.874 

ddG: I13F     9.823    -5.109     6.986     1.020     0.024     0.862    -0.004     0.197     0.000     0.068     0.837     0.000     0.183     0.366     4.400     0.402     0.073    -0.483 

ddG: I13G     9.434    10.855    -0.908     0.252    -0.024    -0.175     0.002    -0.044     0.063     0.032     0.015     0.000     0.821    -0.129    -1.338     0.826     0.019    -0.833 

ddG: I13H     7.572    -3.818     2.196     6.028    -0.004    -0.312     0.003     0.212    -0.195     0.002     0.049     0.000     0.287     0.346     2.777     0.484     0.089    -0.571 

ddG: I13H     8.441    -5.286     2.684     7.084    -0.004     1.673    -0.002    -0.244    -0.221    -1.425     0.831     0.000     0.165     0.197     2.581     0.889     0.090    -0.571 

ddG: I13I     0.075     0.273     0.142    -0.919     0.005     0.303     0.002     0.094    -0.075     0.000    -0.001     0.000    -0.013    -0.021     0.261     0.021     0.001     0.000 

ddG: I13K    16.262    -1.722     2.926    11.982    -0.007     0.522    -0.004     0.153    -0.164    -0.035     0.000     0.000     0.350    -0.345     3.592     0.227     0.137    -1.348 

ddG: I13L     3.135     1.908     1.390    -0.673    -0.007    -0.053     0.004     0.057    -0.137    -0.075    -0.020     0.000     0.160     0.337     0.343     0.192    -0.014    -0.276 

ddG: I13M     6.347     1.744     1.929     1.634    -0.012     0.151     0.000    -0.498     0.242     0.101     0.099     0.000     0.004     0.552     1.007     0.202     0.003    -0.811 

ddG: I13N     6.158     1.825    -0.566     5.659    -0.013    -0.047     0.005     0.060     0.077    -0.003     0.005     0.000     0.364    -0.184     0.580     0.512     0.023    -2.137 

ddG: I13P    15.194     6.034     4.380    -1.068    -0.016     1.200     0.606    -0.081     3.173     0.267     0.113     0.000     1.109     0.383     0.409    -0.065     0.017    -1.266 

ddG: I13Q     5.356    -2.029     0.461     7.206    -0.013     0.320     0.007    -0.123     0.085    -0.123     0.086     0.000     0.210    -0.110     1.569     0.211     0.022    -2.421 

ddG: I13R    20.726    -7.273     5.236    15.688     0.001    -0.044     0.008    -0.047     0.402     1.079    -1.506     0.000     0.510     0.747     6.494     0.578     0.036    -1.182 

ddG: I13S     7.729     7.047    -0.703     2.597    -0.022    -0.396     0.000     0.011    -0.041    -0.011     0.016     0.000     0.214    -0.078    -0.716     0.583     0.016    -0.789 

ddG: I13T     5.900     4.970    -0.281     2.277    -0.013     0.286     0.000     0.023    -0.023    -0.003    -0.002     0.000     0.185     0.037    -1.012     0.249     0.010    -0.804 

ddG: I13V     2.144     1.956     0.290     0.454    -0.007     1.469     0.001    -0.475    -0.021    -1.436     0.785     0.000    -0.083     0.041    -0.901     0.163     0.014    -0.105 

ddG: I13W    15.632   -13.817     8.726     6.749     0.170     1.888    -0.001    -0.046     0.599    -1.076     1.047     0.000     0.634     0.312     9.372     0.876     0.082     0.118 

ddG: I13Y    12.089   -11.350     8.301     9.417     0.036    -0.395    -0.006     0.565    -0.396    -0.041    -1.352     0.000     0.559     1.541     5.101     0.675     0.278    -0.844 

