ddG: description total fa_atr fa_rep fa_sol fa_intra_rep fa_elec pro_close hbond_sr_bb hbond_lr_bb hbond_bb_sc hbond_sc dslf_fa13 rama omega fa_dun p_aa_pp yhh_planarity ref 
ddG: F22A    10.106    14.439    -0.903    -4.122    -0.022     1.796     0.030    -0.656     0.156     0.019     0.308    -0.034     0.046    -0.006    -1.416     0.266     0.008     0.196 

ddG: F22C     9.704    11.322    -0.920    -0.913    -0.024     0.219    -0.020     0.132    -0.111     0.413    -0.495     0.055     0.555    -0.485     0.208    -0.121    -0.019    -0.091 

ddG: F22D    12.714    10.736    -1.896     3.861    -0.013     1.423     0.033     0.240    -0.142    -0.688     0.086     0.035     0.078    -0.418     1.371     0.097    -0.021    -2.069 

ddG: F22E    11.487     4.713    -0.722     6.724     0.003     0.421    -0.023     0.173    -0.140     0.407    -0.034     0.090     0.536    -0.274     2.173    -0.175     0.007    -2.391 

ddG: F22F    -0.696     0.303     0.113    -0.400    -0.003    -0.429    -0.001    -0.108    -0.006    -0.070    -0.598    -0.041     0.105     0.011     0.404     0.053    -0.027     0.000 

ddG: F22G    11.275    14.638    -0.939    -2.545    -0.024     0.236    -0.017     0.174    -0.097     0.411    -0.493     0.058     0.587    -0.466    -0.131     0.230     0.003    -0.349 

ddG: F22H     4.499     2.235    -0.454     3.780    -0.027    -0.583    -0.019     0.742     0.007    -0.660    -0.042    -0.006    -0.052     0.158    -0.447    -0.053     0.009    -0.088 

ddG: F22H     2.963     2.758    -0.731     3.003    -0.028    -0.972    -0.005     0.115     0.020    -0.492    -0.522    -0.034    -0.090     0.157    -0.081    -0.048     0.004    -0.088 

ddG: F22I     4.466     4.487    -1.345    -0.068     0.025     0.573    -0.026     0.318    -0.578    -0.322    -0.156     0.002     0.366    -0.632     1.085     0.259    -0.006     0.483 

ddG: F22K    10.919     4.308    -1.092     7.043    -0.018     0.635    -0.040     0.662    -0.061    -0.110     0.010     0.009     0.313    -0.597     0.875    -0.166     0.015    -0.865 

ddG: F22L     6.007     5.674     0.464    -1.832     0.020     0.509    -0.013     0.185    -0.175     0.557     0.053     0.090     0.440    -0.081    -0.074    -0.038     0.020     0.207 

ddG: F22M     6.029     5.136    -0.644    -0.151     0.000     0.677    -0.024     0.080    -0.176     0.430     0.024    -0.001     0.419    -0.503     1.346    -0.245    -0.009    -0.328 

ddG: F22N     8.607     7.498    -1.561     2.281    -0.010     0.265    -0.020     0.355    -0.301     0.402    -0.538    -0.047     0.127    -0.725     2.759    -0.207    -0.017    -1.654 

ddG: F22P    15.086    10.038     3.031    -2.448    -0.022    -0.014     0.740     1.968    -0.096    -0.045    -0.279    -0.043     1.040    -0.494     1.720     0.786    -0.012    -0.783 

ddG: F22Q     7.598     4.406    -0.690     3.116     0.008     0.887    -0.024     0.111    -0.105     0.453     0.029     0.084     0.389    -0.412     1.552    -0.275     0.005    -1.938 

ddG: F22R    13.790     3.480    -0.265     7.661    -0.009     2.316     0.021    -0.543     0.141     0.209     0.919    -0.003    -0.101     0.103     0.636    -0.110     0.032    -0.698 

ddG: F22S     9.395    10.529    -1.303     1.379    -0.019    -0.617    -0.038     0.770    -0.060    -0.067    -0.026     0.020     0.198    -0.647    -0.339    -0.062    -0.016    -0.306 

ddG: F22T     7.773     8.508    -0.768     1.213     0.004    -0.125    -0.021     0.067    -0.134     0.399    -0.035     0.011     0.290    -0.448    -0.474    -0.406     0.012    -0.321 

ddG: F22V     6.872     7.215    -0.898    -0.860     0.015     0.809    -0.022     0.272    -0.647     0.127    -0.683    -0.031     0.563    -0.546     0.890     0.300    -0.013     0.379 

ddG: F22W     5.414    -3.712     4.094     2.321     0.007    -0.504     0.031    -0.320    -0.066     0.595    -1.477     0.079     0.598     0.680     2.518     0.025    -0.055     0.601 

ddG: F22Y     1.627    -0.156     0.766     1.044     0.017    -0.631    -0.001    -0.157    -0.016     0.079    -0.523     0.033     0.096     0.780     0.609     0.058    -0.012    -0.360 

