ddG: description total fa_atr fa_rep fa_sol fa_intra_rep fa_elec pro_close hbond_sr_bb hbond_lr_bb hbond_bb_sc hbond_sc dslf_fa13 rama omega fa_dun p_aa_pp yhh_planarity ref 
ddG: E114A    -0.841     3.510     0.105    -4.379    -0.006     0.262    -0.008    -0.189     0.010     0.075    -0.528     0.047     0.161    -0.269    -2.332     0.131    -0.017     2.586 

ddG: E114C    -0.441     2.257     0.133    -3.316    -0.002     0.049    -0.007    -0.186     0.003     0.076    -0.543     0.037     0.277    -0.226    -1.532     0.276    -0.037     2.300 

ddG: E114D     0.496     2.591     0.094    -2.119     0.006     0.344    -0.002    -0.088    -0.047     0.159     0.066    -0.010     0.085    -0.332    -0.681     0.122    -0.014     0.322 

ddG: E114E    -0.996    -0.362    -0.146     0.521     0.003    -0.766    -0.020     0.364     0.089    -0.490     0.000     0.086    -0.002    -0.330     0.053     0.013    -0.011     0.000 

ddG: E114F     0.923     1.420    -0.820    -3.788     0.030     1.088     0.006     0.206    -0.167    -0.046    -0.063    -0.023     0.081    -0.590     0.870     0.361    -0.033     2.391 

ddG: E114G    -0.400     4.245    -0.682    -4.764     0.012     0.896     0.003    -0.010    -0.168    -0.567     0.502    -0.055     0.271    -0.557    -2.058     0.521    -0.029     2.041 

ddG: E114H     0.605     0.024    -0.398    -2.479     0.021     0.661    -0.004    -0.066    -0.152    -0.398     0.578     0.029     0.170    -0.260     0.392     0.207    -0.024     2.303 

ddG: E114H     1.455     2.290    -0.038    -3.545     0.003     0.769    -0.008    -0.051    -0.046    -0.037     0.938    -0.048     0.148     0.162    -1.324    -0.029    -0.035     2.303 

ddG: E114I    -1.089     1.086     0.349    -3.716     0.019     0.415    -0.002    -0.808     0.101     0.194    -0.327    -0.037     0.179    -0.279    -1.426     0.323    -0.036     2.874 

ddG: E114K    -0.998     0.063     0.096    -1.682     0.013     0.761    -0.002    -0.723     0.082     0.124     0.103    -0.003    -0.134    -0.223    -0.969    -0.004    -0.026     1.526 

ddG: E114L     0.119     1.001    -0.467    -2.909     0.026     1.485    -0.003     0.010    -0.191    -0.370     1.093    -0.021     0.022    -0.469    -1.907     0.220     0.000     2.598 

ddG: E114M     0.017     1.881    -0.721    -3.296     0.026     1.449     0.007    -0.401    -0.009    -0.470     1.147    -0.012    -0.210    -0.236    -1.180    -0.004    -0.017     2.063 

ddG: E114N    -0.537     1.325    -0.355    -2.603     0.020     0.702    -0.003    -0.101    -0.195    -0.357     0.573    -0.064     0.129    -0.400    -0.124     0.218    -0.040     0.737 

ddG: E114P     3.518     1.508     3.101    -4.142     0.008    -0.003     0.411     0.033    -0.147     0.183    -0.354    -0.052     0.827     0.801    -0.602     0.371    -0.033     1.608 

ddG: E114Q    -1.129     1.192    -0.106    -2.935     0.001     0.387     0.003    -0.719     0.195     0.058    -0.410     0.049    -0.044    -0.226     1.083    -0.065    -0.042     0.453 

ddG: E114R    -0.147    -0.950    -0.445    -0.323     0.026     1.238    -0.005     0.028    -0.193    -0.372     0.236    -0.023    -0.018    -0.514    -0.681     0.153     0.003     1.692 

ddG: E114S    -1.435     2.910    -0.216    -2.433     0.000    -0.578    -0.019     0.446     0.032    -0.433     0.062     0.001    -0.032    -0.497    -2.674    -0.072    -0.016     2.085 

ddG: E114T    -0.408     3.091     0.224    -3.290     0.001    -0.150    -0.004    -0.158    -0.045     0.164    -0.456    -0.042     0.227    -0.305    -2.003     0.298    -0.031     2.070 

ddG: E114V    -0.195     2.240    -0.063    -4.034     0.010     0.633     0.004     0.056    -0.034     0.024    -0.016    -0.008     0.161    -0.402    -1.974     0.466    -0.027     2.769 

ddG: E114W     0.506     0.926    -0.133    -3.068     0.025     0.446     0.004     0.045    -0.027     0.003    -0.013    -0.006     0.015    -0.317    -0.550     0.170    -0.006     2.992 

ddG: E114Y     0.339     0.942     0.421    -3.391     0.025     0.263    -0.004    -0.193    -0.065     0.166    -0.466    -0.038     0.365     0.028    -0.049     0.327    -0.023     2.031 

