ddG: description total fa_atr fa_rep fa_sol fa_intra_rep fa_elec pro_close hbond_sr_bb hbond_lr_bb hbond_bb_sc hbond_sc dslf_fa13 rama omega fa_dun p_aa_pp yhh_planarity ref 
ddG: K10A     0.148     2.141    -0.188    -2.038    -0.003    -0.065    -0.005     0.099    -0.003     0.008    -0.021    -0.001     0.038    -0.108    -0.872     0.105    -0.001     1.061 

ddG: K10C     1.186     1.315    -0.033    -0.812    -0.003     0.184    -0.010     0.056    -0.020     0.066    -0.060    -0.004     0.155     0.005    -0.676     0.250    -0.002     0.774 

ddG: K10D     1.631    -0.111     0.056     1.926     0.000    -0.149    -0.001     0.046     0.004     0.054     0.016    -0.006    -0.086    -0.057     1.293    -0.134    -0.015    -1.204 

ddG: K10E     1.499     0.077     0.216     0.517     0.002     0.336     0.000    -0.040    -0.061     0.105    -0.027    -0.009     0.115    -0.048     1.731     0.160    -0.051    -1.526 

ddG: K10F     1.573    -2.681     0.480     0.237     0.039    -0.065     0.001     0.077    -0.005     0.051     0.018    -0.004     0.007    -0.093     2.445     0.216    -0.017     0.865 

ddG: K10G     1.553     3.654    -0.212    -2.120    -0.004     0.153    -0.001     0.063    -0.024     0.015     0.021     0.003     0.182    -0.193    -0.820     0.325    -0.006     0.516 

ddG: K10H     1.317    -1.937     0.225     0.679     0.002    -0.261     0.002    -0.037    -0.011     0.062     0.011    -0.007    -0.013    -0.045     1.897    -0.013    -0.016     0.777 

ddG: K10H     1.302    -1.947     0.225     0.682     0.002    -0.271    -0.002    -0.035    -0.012     0.055     0.019    -0.007    -0.013    -0.034     1.896    -0.017    -0.016     0.777 

ddG: K10I     4.985     0.830     1.197    -1.885     0.036    -0.315     0.000     0.512     0.184     0.049    -0.005     0.001     0.389     0.180     1.944     0.533    -0.013     1.348 

ddG: K10K     0.036    -0.336     0.111     0.274     0.000    -0.024     0.000     0.006    -0.010     0.056     0.016     0.000    -0.008    -0.046     0.007     0.004    -0.015     0.000 

ddG: K10L    -0.331    -0.602     0.355    -0.483     0.004    -0.005     0.001     0.056     0.017     0.073     0.018    -0.006    -0.038    -0.061    -0.729     0.016    -0.018     1.072 

ddG: K10M     0.335     0.414     0.097    -0.815     0.001    -0.005     0.001    -0.004    -0.007     0.066     0.007    -0.008     0.040    -0.074     0.004     0.094    -0.013     0.537 

ddG: K10N     0.710     0.104    -0.046     0.513     0.000     0.204    -0.001     0.024    -0.001     0.039     0.065    -0.002    -0.131    -0.029     1.005    -0.237    -0.008    -0.789 

ddG: K10P    11.908    -1.162     7.664    -0.359    -0.001    -0.287     1.218     0.974     0.620    -0.003     0.044    -0.110     0.987     1.976     0.445    -0.167    -0.013     0.082 

ddG: K10Q    -0.493    -0.138     0.138     0.054     0.002    -0.370    -0.002    -0.030    -0.018     0.040    -0.508    -0.016    -0.036     0.002     1.417     0.052    -0.008    -1.073 

ddG: K10R     1.197    -0.905     0.136     1.084     0.006    -0.024    -0.001     0.040    -0.001     0.063    -0.023    -0.003    -0.024    -0.038     0.578     0.152    -0.011     0.167 

ddG: K10S     1.335     1.955    -0.192    -0.810    -0.002    -0.040     0.001     0.038     0.005     0.009     0.003    -0.002     0.000    -0.103    -0.073    -0.009    -0.005     0.559 

ddG: K10T     0.532    -0.060     0.171     1.525     0.002    -1.065     0.001     0.002     0.021     0.068     0.002    -0.009     0.039    -0.010    -0.723     0.038    -0.014     0.544 

ddG: K10V     2.992    -0.354     0.611    -0.484     0.023     0.203     0.001     0.412    -0.030     0.098    -0.013    -0.011     0.278    -0.099     0.508     0.631    -0.027     1.244 

ddG: K10W     0.513    -4.717     0.556     1.276     0.027     0.004    -0.002     0.032     0.033     0.068     0.008    -0.003     0.030    -0.040     1.538     0.253    -0.016     1.466 

ddG: K10Y     1.277    -2.642     0.521     0.359     0.039    -0.107     0.006     0.055    -0.001     0.112    -0.082    -0.001     0.104    -0.104     2.387     0.140    -0.016     0.505 

