ddG: description total fa_atr fa_rep fa_sol fa_intra_rep fa_elec pro_close hbond_sr_bb hbond_lr_bb hbond_bb_sc hbond_sc dslf_fa13 rama omega fa_dun p_aa_pp yhh_planarity ref 
ddG: T10A    -0.389     4.027    -0.118    -4.152    -0.010     0.750     0.000     0.360     0.167     0.085    -0.340     0.000    -0.545     0.049    -1.144    -0.034     0.000     0.516 

ddG: T10C    -0.187     3.678    -0.354    -4.365    -0.014     0.962     0.000     0.071     0.198     0.047    -0.030     0.000    -0.284     0.346    -0.906     0.233     0.000     0.229 

ddG: T10D     2.943     0.827    -0.020     1.488    -0.006     0.888     0.000     0.346     0.234     0.093    -0.442     0.000    -0.425     0.138     1.433     0.138     0.000    -1.749 

ddG: T10E    -0.182    -5.388    -0.216     6.461    -0.008    -1.564     0.008     0.385     0.182     0.031    -1.603     0.000    -0.618    -0.045     4.405    -0.141     0.000    -2.070 

ddG: T10F    -2.809    -8.173    -1.104     3.612     0.010     0.174     0.005     0.232     0.284     0.203    -0.599     0.000    -0.527     0.537     2.126     0.090     0.000     0.321 

ddG: T10G    -0.494     2.300     0.047    -1.117    -0.019    -1.277     0.007     0.112     0.053     0.097    -1.562     0.000     0.025    -0.141     0.911     0.096     0.000    -0.029 

ddG: T10H    -0.928    -1.770    -0.942    -0.561     0.042     1.257     0.006     0.456    -0.004     0.168    -0.776     0.000    -0.033    -0.436     1.252     0.180     0.000     0.232 

ddG: T10H    -0.468    -4.692    -1.043     2.321     0.041     0.638     0.003     0.535    -0.007     0.138    -0.781     0.000    -0.112    -0.509     2.561     0.207     0.000     0.232 

ddG: T10I     1.029    -5.707     0.058     4.291     0.004    -1.696    -0.001     0.347     1.238     0.046    -1.692     0.000    -0.659     0.635     2.922     0.439     0.000     0.804 

ddG: T10K    -2.842    -3.107     0.054     3.242    -0.012    -2.298     0.004     0.040     0.124     0.104    -1.608     0.000    -0.450    -0.151     2.042    -0.283     0.000    -0.544 

ddG: T10L    -1.913    -1.973    -0.356    -0.714     0.004     0.346     0.002     0.150     0.225     0.042    -0.005     0.000    -0.457     0.339    -0.016    -0.028     0.000     0.527 

ddG: T10M    -0.649     0.226    -0.326    -3.049    -0.010     0.849    -0.003     0.037     0.277     0.051    -0.038     0.000    -0.139     0.479     0.945     0.060     0.000    -0.007 

ddG: T10N    -1.060    -5.933    -0.867     6.067    -0.014    -1.913     0.012     0.240    -0.005     0.125    -2.192     0.000     0.038     0.078     3.737     0.901     0.000    -1.333 

ddG: T10P    -2.071     2.579     0.327    -5.560    -0.014     1.164     0.041     0.480     0.630     0.058    -0.123     0.000    -0.413     0.312    -1.187     0.098     0.001    -0.462 

ddG: T10Q    -2.329    -6.292    -0.105     5.842    -0.009    -2.323     0.005     0.199     0.008     0.047    -2.232     0.000    -0.190    -0.174     4.552    -0.038     0.000    -1.617 

ddG: T10R    -3.204    -3.620    -0.466     3.090     0.000    -2.541    -0.002     0.028     0.180     0.044    -1.817     0.000    -0.382     0.367     2.239     0.054     0.001    -0.378 

ddG: T10S    -0.256    -2.182    -0.384     3.249    -0.008    -2.562     0.012     0.373     0.088     0.057    -1.587     0.000    -0.440    -0.043     3.178    -0.022     0.000     0.015 

ddG: T10T    -0.705    -4.058     0.167     4.955    -0.003    -2.245     0.008     0.165     0.044     0.037    -1.565     0.000    -0.202    -0.204     2.204    -0.009     0.000     0.000 

ddG: T10V     0.017    -5.142     1.221     3.692     0.012    -1.911     0.001     0.191     0.426     0.075    -1.643     0.000    -0.681     0.778     1.924     0.376     0.000     0.699 

ddG: T10W    -6.036   -14.322    -0.465     7.614     0.019    -1.832     0.009     0.421     0.245     0.191    -1.306     0.000    -0.537     0.180     2.835    -0.009     0.000     0.921 

ddG: T10Y    -3.059    -3.438    -0.874    -1.261     0.018     1.133     0.001     0.289     0.455     0.252    -0.286     0.000    -0.566     1.044    -0.124     0.094     0.243    -0.040 

