ddG: description total fa_atr fa_rep fa_sol fa_intra_rep fa_elec pro_close hbond_sr_bb hbond_lr_bb hbond_bb_sc hbond_sc dslf_fa13 rama omega fa_dun p_aa_pp yhh_planarity ref 
ddG: Q97A     0.791     3.261    -1.131    -0.881    -0.015    -0.897    -0.003     0.621    -0.261     1.010    -0.480     0.000    -0.104    -0.084    -2.354    -0.023    -0.002     2.134 

ddG: Q97C     0.827     0.547     0.114     0.897    -0.003    -0.376    -0.009    -0.026    -0.013    -0.137    -0.029     0.000     0.120     0.103    -2.427     0.220    -0.001     1.847 

ddG: Q97D     0.653    -0.346     1.705     2.876    -0.017    -2.317    -0.012     0.062     0.056    -0.374    -2.897     0.000    -0.110     0.152     1.695     0.314    -0.003    -0.131 

ddG: Q97E     1.425     0.134    -1.373     3.044    -0.011    -1.593     0.002     0.158    -0.116    -0.333    -0.215     0.000    -0.281    -0.279     2.598     0.139     0.003    -0.453 

ddG: Q97F    -0.241    -2.457     0.116     0.445     0.039    -1.379     0.014     0.319    -0.132    -0.132    -0.058     0.000     0.137    -0.395     1.023     0.293    -0.012     1.938 

ddG: Q97G     1.445     2.808     1.897    -0.032    -0.018    -2.758    -0.025     0.055    -0.060    -0.371    -3.103     0.000     0.254     0.060     0.468     0.684    -0.002     1.589 

ddG: Q97H     1.632    -0.471    -1.010     1.150    -0.010    -0.969     0.010     0.734    -0.253     1.002    -0.486     0.000    -0.021    -0.114     0.011     0.225    -0.016     1.850 

ddG: Q97H     1.918    -1.348    -0.843     2.679    -0.010    -1.248     0.009     0.746    -0.269     0.943    -0.498     0.000    -0.023    -0.064    -0.218     0.230    -0.017     1.850 

ddG: Q97I    -1.054     0.364     0.095     0.012     0.018    -1.482     0.008     0.088    -0.211    -0.167    -0.087     0.000     0.219    -0.317    -2.081     0.076    -0.012     2.421 

ddG: Q97K     0.506     1.483    -1.027     0.510    -0.011    -0.870     0.004     0.634    -0.263     1.001    -0.465     0.000    -0.163    -0.095    -1.413     0.108    -0.001     1.073 

ddG: Q97L    -1.661     0.101     1.723     0.662    -0.016    -3.728    -0.003     0.319    -0.146    -0.565    -2.778     0.000    -0.068    -0.273     0.770     0.210    -0.013     2.145 

ddG: Q97M     0.159     0.942     0.934     1.134    -0.027    -3.492     0.001     0.636    -0.226     0.537    -3.245     0.000    -0.215     0.115     1.265     0.207    -0.018     1.610 

ddG: Q97N    -0.517     0.450    -0.064     1.069    -0.001    -1.500    -0.004     0.268    -0.202    -0.144    -0.097     0.000     0.287    -0.418    -0.865     0.418     0.002     0.284 

ddG: Q97P    14.117     1.278     7.079    -1.098    -0.011    -1.217     1.015     2.137    -0.262     0.994    -0.533     0.000     1.267     1.896    -0.778     1.207    -0.013     1.155 

ddG: Q97Q     1.091     0.367    -0.666     0.643    -0.005     0.102     0.008     0.433    -0.120     0.972    -0.570     0.000    -0.213     0.318    -0.122    -0.050    -0.006     0.000 

ddG: Q97R     1.136     0.724    -0.918     1.583    -0.002    -1.287     0.005     0.692    -0.262     0.928    -0.531     0.000    -0.168    -0.069    -0.856     0.072    -0.016     1.240 

ddG: Q97S     1.479     1.927     0.841     2.110    -0.033    -3.586    -0.012     0.593    -0.243     0.546    -3.203     0.000    -0.131     0.127     0.408     0.507    -0.004     1.632 

ddG: Q97T    -0.015     1.327    -0.020     1.741     0.001    -2.129    -0.014     0.187    -0.207    -0.155    -0.051     0.000     0.190    -0.346    -2.460     0.318    -0.012     1.617 

ddG: Q97V     0.153     1.184     1.052     1.063    -0.012    -3.607     0.013     0.614    -0.223     0.510    -3.254     0.000    -0.094     0.167     0.215     0.225    -0.017     2.317 

ddG: Q97W    -0.766    -4.866     0.181     2.400     0.020    -1.164     0.015     0.291    -0.219    -0.124    -0.056     0.000     0.131    -0.411     0.243     0.253     0.002     2.539 

ddG: Q97Y     0.148    -3.314     0.176     0.681     0.043    -0.111     0.011     0.176    -0.003    -0.108    -0.063     0.000     0.024    -0.002     0.860     0.200     0.000     1.578 

