ddG: description total fa_atr fa_rep fa_sol fa_intra_rep fa_elec pro_close hbond_sr_bb hbond_lr_bb hbond_bb_sc hbond_sc dslf_fa13 rama omega fa_dun p_aa_pp yhh_planarity ref 
ddG: K2A    -0.171     4.918    -0.251    -5.056    -0.002     0.812    -0.001    -0.003    -0.032     0.022     0.030     0.000    -0.199    -0.033    -1.285    -0.150     0.000     1.061 

ddG: K2C     0.233     3.437    -0.073    -2.876     0.004     0.367     0.000     0.280     0.032     0.081    -0.379     0.000    -0.234    -0.203    -0.818    -0.158     0.000     0.774 

ddG: K2D     1.768     1.959    -0.014     0.246     0.006     0.431     0.003     0.268     0.014     0.091    -0.340     0.000    -0.301    -0.224     0.799     0.033     0.000    -1.204 

ddG: K2E     1.026    -2.052    -0.043     3.782    -0.001    -0.874     0.005     0.184     0.001     0.069    -1.501     0.000    -0.196    -0.203     3.441    -0.061     0.000    -1.526 

ddG: K2F    -1.428    -2.262     0.777    -1.480     0.024     0.673     0.000    -1.322     0.106    -0.017     0.037     0.000    -0.024     0.517     1.191    -0.513     0.000     0.865 

ddG: K2G     1.495     6.183    -0.025    -4.643     0.003     0.446     0.002     0.277    -0.021     0.090    -0.336     0.000    -0.130    -0.206    -1.007     0.348     0.000     0.516 

ddG: K2H    -0.972    -0.181    -0.158    -2.236     0.004     0.976     0.000    -1.280     0.129    -0.029     0.007     0.000    -0.016     0.068     1.391    -0.423     0.000     0.777 

ddG: K2H    -0.950    -0.180    -0.183    -2.240     0.004     1.019     0.000    -1.278     0.139    -0.019     0.012     0.000    -0.021     0.066     1.379    -0.424     0.000     0.777 

ddG: K2I    -0.055    -3.986     0.533     3.526     0.014    -1.309     0.004    -0.916     0.076    -0.029    -1.649     0.000    -0.247     0.247     2.568    -0.235    -0.001     1.348 

ddG: K2K    -0.266    -6.930     0.062     7.797    -0.004    -2.872     0.006     0.238     0.031     0.008    -1.553     0.000    -0.278    -0.276     3.480     0.025     0.000     0.000 

ddG: K2L     0.928     1.623    -0.102    -3.286     0.010     0.971     0.003    -0.011    -0.006     0.003     0.043     0.000    -0.107     0.002     0.778    -0.064     0.000     1.072 

ddG: K2M    -1.539     1.092     0.027    -2.170     0.005     0.673     0.000    -0.997     0.147     0.033    -0.354     0.000    -0.400    -0.076     0.360    -0.416     0.000     0.537 

ddG: K2N     0.943     1.033     0.169    -0.872     0.000     0.561     0.000    -0.009    -0.001     0.031    -0.020     0.000     0.172     0.009     0.571     0.086     0.000    -0.789 

ddG: K2P     3.204    -2.755     3.425     3.351    -0.003    -2.691     0.506     0.243    -0.042     0.039    -1.524     0.000    -0.285    -0.153     3.530    -0.520     0.000     0.082 

ddG: K2Q     0.062    -0.234     0.069    -0.113     0.006     0.462     0.000     0.277     0.066    -0.244    -0.376     0.000    -0.208    -0.203     1.514     0.119     0.000    -1.073 

ddG: K2R     0.332    -1.403    -0.093     1.003     0.006     0.041    -0.001     0.003    -0.003    -0.022    -0.036     0.000     0.015    -0.001     0.549     0.108     0.000     0.167 

ddG: K2S    -0.429     1.381    -0.085    -0.054    -0.003    -0.134     0.000    -1.232     0.047    -0.003    -0.772     0.000    -0.363     0.038     0.678    -0.485    -0.001     0.559 

ddG: K2T    -1.684     2.461     0.175    -0.802     0.008    -0.460    -0.002    -1.004     0.195     0.036    -1.601     0.000    -0.445    -0.176    -0.195    -0.416    -0.001     0.544 

ddG: K2V     1.911     3.910     0.075    -4.532     0.016     1.095     0.000    -0.002    -0.150     0.015     0.877     0.000     0.147     0.052    -1.168     0.332     0.000     1.244 

ddG: K2W    -3.448    -4.445     0.290    -1.454     0.028     0.983     0.001    -1.346     0.068    -0.012     0.058     0.000     0.237     0.235     1.117    -0.673     0.000     1.466 

ddG: K2Y    -1.254    -6.881     0.575     4.450     0.038    -1.316     0.006    -1.113     0.184     0.018    -1.540     0.000    -0.258    -0.088     4.607    -0.442     0.001     0.505 

