ddG: description total fa_atr fa_rep fa_sol fa_intra_rep fa_elec pro_close hbond_sr_bb hbond_lr_bb hbond_bb_sc hbond_sc dslf_fa13 rama omega fa_dun p_aa_pp yhh_planarity ref 
ddG: T42A     3.657     3.213     0.325    -3.579    -0.012     1.349    -0.003    -1.044     0.042     1.683     1.046     0.000     0.267    -0.186    -0.827     0.876    -0.008     0.516 

ddG: T42C     3.962     1.515     0.728    -1.729    -0.007     1.511    -0.003    -0.900     0.034     1.693     1.127     0.000     0.082    -0.158    -0.574     0.425    -0.010     0.229 

ddG: T42D     6.593     0.683     0.701     1.222    -0.008     0.901    -0.003    -1.061     0.063     1.270     1.057     0.000     0.302    -0.138     2.501     0.857    -0.005    -1.749 

ddG: T42E     7.997     0.179     0.824     1.302    -0.013     2.492    -0.003    -1.043    -0.130     1.771     1.908     0.000     0.146    -0.312     2.045     0.914    -0.013    -2.070 

ddG: T42F     6.482    -4.934     3.298    -0.744     0.013     2.243    -0.001    -1.426    -0.188     1.823     2.110     0.000     0.092     0.173     2.858     0.850    -0.005     0.321 

ddG: T42G     3.926     5.510    -0.168    -4.414    -0.015     1.752    -0.002    -0.209     0.059     0.837     1.152     0.000     0.079    -0.123    -0.689     0.202    -0.017    -0.029 

ddG: T42H     5.852    -3.976     2.344     0.324    -0.019     3.335    -0.001    -1.760    -0.127     0.387     2.694     0.000    -0.132     0.023     1.580     0.952    -0.006     0.232 

ddG: T42H     6.177    -4.371     2.557     0.664    -0.019     3.494    -0.001    -1.744    -0.111     0.274     2.753     0.000    -0.129     0.042     1.601     0.964    -0.031     0.232 

ddG: T42I     3.843    -3.372     2.241     0.377     0.011     2.914    -0.004    -2.016     0.166     0.298     1.901     0.000     0.097     0.434    -0.658     0.659    -0.009     0.804 

ddG: T42K     3.738    -3.073     1.222     3.121    -0.003    -0.686    -0.002    -0.776     0.050     1.573     0.422     0.000     0.126     0.042     1.699     0.598    -0.030    -0.544 

ddG: T42L     3.616     0.147     1.119    -2.516    -0.009     1.334     0.001    -0.944    -0.114     1.751     1.906     0.000     0.103    -0.200    -0.019     0.535    -0.005     0.527 

ddG: T42M     4.094    -3.255     1.232     0.687    -0.003     3.127    -0.001    -1.251     0.031     0.143     1.948     0.000     0.067    -0.135     0.453     1.090    -0.030    -0.007 

ddG: T42N     4.866     0.163     0.399    -0.177    -0.009     0.810    -0.002    -0.731     0.040     1.128     1.056     0.000     0.213    -0.158     2.890     0.585    -0.007    -1.333 

ddG: T42P     4.062    -1.155     3.466    -2.860    -0.008     1.239     0.117     0.019     0.225     0.386     0.947     0.000     0.295     0.193     2.194    -0.524    -0.009    -0.462 

ddG: T42Q     4.736    -3.071     0.628     2.090    -0.005     1.860    -0.003    -0.859     0.031     1.687     1.157     0.000     0.093    -0.058     2.212     0.605    -0.011    -1.617 

ddG: T42R     4.473    -3.814     0.653     4.084     0.000    -0.157    -0.003    -0.487     0.082     1.556     0.412     0.000     0.169     0.078     1.618     0.692    -0.034    -0.378 

ddG: T42S     1.957     2.569    -0.226    -0.898    -0.008     0.032     0.003    -0.054     0.012    -0.209     0.024     0.000     0.235     0.074     0.140     0.264    -0.017     0.015 

ddG: T42T     1.447    -0.807     0.104     1.636     0.000     1.554     0.002    -0.598     0.050    -1.417     0.782     0.000     0.069     0.045    -0.109     0.132     0.004     0.000 

ddG: T42V     2.637    -0.395     1.949    -2.686     0.011     1.413     0.000    -1.213     0.050     1.727     1.099     0.000     0.062     0.026    -0.491     0.393    -0.006     0.699 

ddG: T42W     5.377    -4.991     1.168     1.060     0.018     1.059     0.001    -1.078    -0.015     1.564     1.113     0.000     0.174    -0.048     3.838     0.612    -0.019     0.921 

ddG: T42Y     4.150    -4.429     2.458    -0.504     0.009     1.122     0.000    -1.372    -0.122     1.845     1.589     0.000     0.002     0.083     2.519     0.490     0.499    -0.040 

