ddG: description total fa_atr fa_rep fa_sol fa_intra_rep fa_elec pro_close hbond_sr_bb hbond_lr_bb hbond_bb_sc hbond_sc dslf_fa13 rama omega fa_dun p_aa_pp yhh_planarity ref 
ddG: D90A    -0.445     3.670    -0.488    -5.721     0.003    -0.806     0.000     0.540    -0.028     1.551     0.325     0.000     0.187     0.058    -1.932    -0.096     0.026     2.265 

ddG: D90C    -0.497     3.075    -0.180    -5.509     0.006    -0.819     0.003     0.639    -0.070     1.371     0.437     0.000     0.225     0.020    -1.548    -0.124    -0.001     1.978 

ddG: D90D    -0.876     1.573    -0.486    -1.723     0.003    -1.429     0.000     0.563    -0.050     1.549    -0.840     0.000     0.022     0.034     0.117    -0.231     0.022     0.000 

ddG: D90E     1.168    -0.182    -0.028    -0.776     0.005     0.725    -0.002    -0.031    -0.020     0.101     1.099     0.000    -0.091    -0.004     0.588     0.064     0.042    -0.322 

ddG: D90F    -0.761    -2.892     0.058    -2.511     0.024     1.047    -0.002    -0.031    -0.041     0.142     1.133     0.000    -0.037     0.281    -0.073     0.032     0.040     2.069 

ddG: D90G     1.174     3.888     0.209    -5.445     0.004     0.870     0.002     0.058    -0.103     0.031     1.136     0.000     0.374     0.004    -1.998     0.401     0.024     1.720 

ddG: D90H    -1.484    -1.981     0.025    -2.352     0.003     0.307     0.001     0.047    -0.082     0.115    -0.109     0.000    -0.116     0.100     0.594    -0.070     0.053     1.981 

ddG: D90H    -1.376    -0.574    -0.623    -2.637     0.003    -1.190     0.002     0.501    -0.029     1.547    -0.896     0.000     0.018     0.232     0.645    -0.410     0.055     1.981 

ddG: D90I     0.633     1.875    -0.464    -5.750     0.031    -0.018     0.004     0.625    -0.061     1.329     1.184     0.000     0.169    -0.023    -0.789     0.009    -0.038     2.553 

ddG: D90K    -0.207     1.260     0.054    -3.748     0.009     0.699     0.001     0.048    -0.068     0.093     1.128     0.000     0.083    -0.024    -1.095     0.123     0.025     1.204 

ddG: D90L    -0.108     0.458    -0.228    -3.293     0.008     1.163    -0.001    -0.007    -0.019     0.100     1.115     0.000     0.071    -0.022    -1.846     0.094     0.025     2.276 

ddG: D90M    -0.898     2.195    -0.340    -5.433     0.008    -0.752     0.002     0.624    -0.098     1.540     0.329     0.000     0.057     0.027    -0.736    -0.093     0.030     1.742 

ddG: D90N    -0.309     0.510     0.284    -2.965     0.005     0.773     0.002     0.068    -0.117     0.090     1.102     0.000    -0.160     0.021    -0.254    -0.129     0.045     0.415 

ddG: D90P     1.383     0.424     0.682    -6.099     0.008     0.220     0.131     0.615    -0.187     2.724     0.898     0.000     0.326     0.294    -0.018     0.133    -0.053     1.286 

ddG: D90Q    -1.652     0.916    -0.363    -3.342     0.010    -0.940     0.000     0.525    -0.035     1.362     0.290     0.000     0.036     0.111    -0.076    -0.326     0.049     0.131 

ddG: D90R     0.378     2.096    -0.378    -3.955     0.014    -0.672     0.000     0.535    -0.038     1.522     0.340     0.000     0.151     0.066    -0.475    -0.231     0.032     1.371 

ddG: D90S    -0.400     1.345     0.474    -2.640     0.008    -0.040     0.002     0.078    -0.064     0.059     0.110     0.000     0.192    -0.040    -1.642     0.015    -0.019     1.763 

ddG: D90T    -1.765     1.968     0.185    -3.663     0.012    -1.325     0.003     0.665    -0.096     1.468    -0.700     0.000     0.119     0.047    -1.740    -0.435    -0.022     1.749 

ddG: D90V    -0.822     2.399    -0.256    -5.664     0.024    -0.827     0.003     0.636    -0.079     1.404     0.387     0.000     0.295    -0.007    -1.482    -0.101    -0.001     2.448 

ddG: D90W    -0.009    -4.795    -0.142    -0.964     0.033     1.008     0.000    -0.086     0.011     0.111     1.089     0.000     0.184     0.475     0.551    -0.203     0.048     2.670 

ddG: D90Y    -1.056    -3.203    -0.027    -1.817     0.025     1.012    -0.002    -0.034    -0.020     0.158     1.110     0.000    -0.106     0.295    -0.119    -0.081     0.044     1.709 

