ddG: description total fa_atr fa_rep fa_sol fa_intra_rep fa_elec pro_close hbond_sr_bb hbond_lr_bb hbond_bb_sc hbond_sc dslf_fa13 rama omega fa_dun p_aa_pp yhh_planarity ref 
ddG: D83A    -2.082     0.311     0.662    -3.428    -0.001     1.214    -0.008    -0.633     0.264    -0.712     0.543     0.000    -0.123    -0.469    -2.034     0.051     0.016     2.265 

ddG: D83C    -1.689     0.570     2.781    -2.062    -0.017    -1.186    -0.019    -0.550     0.022    -1.099    -2.695     0.000    -0.215    -0.286     0.869     0.210     0.008     1.978 

ddG: D83D     0.037     0.033    -0.021     0.017     0.000     0.017     0.001     0.004    -0.001    -0.004    -0.004     0.000    -0.002    -0.006     0.004    -0.001     0.000     0.000 

ddG: D83E    -1.344     0.485    -0.215    -1.320    -0.004    -0.099     0.008     0.049    -0.004     0.224     0.002     0.000    -0.253    -0.559     0.550     0.115     0.000    -0.322 

ddG: D83F    -2.767    -3.732    -0.520    -1.889     0.020    -0.384    -0.005    -0.421     0.123    -1.233     0.297     0.000     0.012    -0.172     2.483     0.564     0.020     2.069 

ddG: D83G    -1.124     2.257     1.194    -3.730     0.002     0.833    -0.012    -0.683    -0.020    -0.842     0.107     0.000     0.078    -0.417    -1.777     0.154     0.011     1.720 

ddG: D83H    -1.365    -1.660    -0.223    -1.175    -0.009    -0.343    -0.010     0.026    -0.018     0.202     0.065     0.000    -0.062    -0.326    -0.057     0.244     0.001     1.981 

ddG: D83H    -1.799    -2.892     0.774    -1.694     0.002     0.686    -0.019    -0.627     0.246    -0.805     0.546     0.000     0.039    -0.247     0.013     0.183     0.016     1.981 

ddG: D83I    -1.187    -2.006     1.028    -1.229     0.019     0.849    -0.008    -0.668     0.250    -0.929     0.510     0.000     0.150    -0.370    -1.813     0.459     0.016     2.553 

ddG: D83K    -2.076     0.230    -0.690    -2.008    -0.007    -0.387    -0.001    -0.456     0.160    -1.056     0.280     0.000    -0.300    -0.807     1.441     0.300     0.021     1.204 

ddG: D83L    -2.282    -0.179    -0.595    -2.287     0.000    -0.391     0.003    -0.473     0.149    -1.179     0.298     0.000    -0.153    -0.853     0.724     0.358     0.020     2.276 

ddG: D83M    -0.141     0.253    -0.042    -2.541     0.001     0.936    -0.001     0.019     0.019     0.070    -0.338     0.000    -0.054    -0.167    -0.399     0.349     0.012     1.742 

ddG: D83N    -1.875    -0.246    -0.182    -0.913    -0.005    -0.229     0.000     0.031    -0.003     0.215    -0.009     0.000    -0.038    -0.533    -0.699     0.305     0.014     0.415 

ddG: D83P    -2.252    -1.839     4.830    -2.688    -0.018    -1.882     0.187    -0.275     0.335    -1.120    -2.338     0.000    -0.043    -0.112     1.214     0.196     0.014     1.286 

ddG: D83Q    -2.083    -0.758     0.846    -2.594     0.007     1.082    -0.002    -0.643     0.256    -0.882     0.485     0.000    -0.057    -0.456     0.394     0.093     0.016     0.131 

ddG: D83R    -0.596     0.232    -0.327    -0.680    -0.008     0.039     0.005    -0.005    -0.001     0.291     0.077     0.000    -0.189    -0.543    -1.068     0.208     0.001     1.371 

ddG: D83S    -3.146     0.937     0.622    -2.554    -0.005    -0.581    -0.002    -0.468     0.066    -0.788     0.520     0.000    -0.036    -0.894    -1.810     0.078     0.005     1.763 

ddG: D83T    -1.565    -0.453     1.698    -0.985    -0.020    -1.163    -0.007    -0.115     0.200    -0.141    -2.786     0.000    -0.360     0.037     0.371     0.402     0.009     1.749 

ddG: D83V    -1.411     0.304    -0.126    -2.422     0.005    -0.106     0.002    -0.030     0.002     0.235     0.074     0.000     0.011    -0.568    -1.727     0.488     0.001     2.448 

ddG: D83W    -3.588    -5.792     1.087     0.556     0.022    -0.335     0.043    -0.468     0.047    -1.065     0.489     0.000     0.081    -0.787    -0.443     0.301     0.004     2.670 

ddG: D83Y    -3.644    -4.051     0.731    -1.452     0.021    -0.028    -0.005    -0.429     0.026    -0.899     0.507     0.000     0.232    -0.502     0.055     0.419     0.021     1.709 

