ddG: description total fa_atr fa_rep fa_sol fa_intra_rep fa_elec pro_close hbond_sr_bb hbond_lr_bb hbond_bb_sc hbond_sc dslf_fa13 rama omega fa_dun p_aa_pp yhh_planarity ref 
ddG: I75A     5.642     9.194    -1.061    -2.917    -0.018     0.316     0.002    -0.298    -0.104     0.070     0.717     0.000     0.340    -0.128    -0.413     0.284    -0.054    -0.288 

ddG: I75C     2.995     5.931    -0.865    -0.435    -0.015    -0.294     0.000    -0.260    -0.083     0.000    -0.018     0.000    -0.008    -0.210    -0.277     0.104    -0.002    -0.574 

ddG: I75D     9.572     1.618    -0.319     8.670    -0.006     1.332    -0.003    -0.354     0.029    -0.005    -0.013     0.000     0.040    -0.255     1.500    -0.108     0.000    -2.553 

ddG: I75E     9.773    -1.389    -0.251     9.908    -0.013     0.649     0.002    -0.002    -0.027     0.010    -0.002     0.000     0.326     0.042     3.054     0.333     0.007    -2.874 

ddG: I75F     8.064    -5.233     5.151    -0.028     0.128     0.869     0.001    -0.112     0.428     1.193     0.904     0.000     0.378     0.201     4.486     0.240    -0.060    -0.483 

ddG: I75G     6.937    10.322    -0.870    -2.271    -0.019     0.383    -0.003    -0.349    -0.057    -0.025    -0.015     0.000     0.622    -0.131    -0.661     0.843     0.002    -0.833 

ddG: I75H     5.330    -3.724     2.649     4.510     0.021    -0.319     0.001    -0.187     0.181    -0.446    -1.291     0.000     0.372     0.194     3.899     0.043    -0.001    -0.571 

ddG: I75H     5.203    -2.806     2.551     3.647     0.020    -0.483     0.007    -0.091     0.200    -0.411    -1.285     0.000     0.439     0.211     3.703     0.065     0.006    -0.571 

ddG: I75I     0.722    -1.122     0.299     1.314    -0.002     1.418    -0.001    -0.558     0.024    -1.442     0.780     0.000    -0.031    -0.037    -0.147     0.226     0.001     0.000 

ddG: I75K     9.574    -0.151     1.369     4.938     0.140     0.614    -0.001    -0.718    -0.112    -1.443     0.773     0.000     0.270    -0.210     5.131     0.356    -0.033    -1.348 

ddG: I75L     3.115    -0.101     0.873     0.599    -0.005     1.528     0.005    -0.481     0.014    -1.417     0.775     0.000     0.260     0.402     0.506     0.418     0.015    -0.276 

ddG: I75M     7.097     0.120     2.324    -0.367    -0.008     0.841     0.004     0.254     0.105    -0.081     0.818     0.000     0.153     0.286     3.168     0.344    -0.054    -0.811 

ddG: I75N     4.444     1.928    -0.856     4.339    -0.016    -0.209    -0.001    -0.375    -0.067     0.001    -0.016     0.000     0.099    -0.186     1.909     0.029     0.001    -2.137 

ddG: I75P     2.767     4.952    -0.481    -0.626    -0.014     1.061     0.054    -0.826    -0.104    -1.429     0.762     0.000     0.452    -0.139     0.162     0.200     0.011    -1.266 

ddG: I75Q     5.697    -2.208     0.270     6.382    -0.016     0.421     0.000    -0.041    -0.018    -0.002    -0.003     0.000     0.167    -0.002     2.927     0.235     0.006    -2.421 

ddG: I75R     7.286    -4.018     0.633     8.502     0.050    -0.535    -0.003    -0.072    -0.104    -0.016    -0.014     0.000     0.313    -0.341     3.805     0.267    -0.001    -1.182 

ddG: I75S     5.636     7.559    -0.885     0.480    -0.017    -0.329    -0.002    -0.356    -0.049     0.003    -0.016     0.000     0.238    -0.205    -0.351     0.354     0.002    -0.789 

ddG: I75T     4.497     3.530    -0.356     2.741    -0.013     1.321    -0.002    -0.912     0.015    -1.560     0.819     0.000     0.185    -0.225    -0.669     0.440    -0.014    -0.804 

ddG: I75V     0.531     3.211    -0.869    -0.583    -0.002     0.183    -0.002    -0.346    -0.030     0.001    -0.019     0.000    -0.022    -0.248    -0.550    -0.089     0.001    -0.105 

ddG: I75W     8.157    -9.614     2.676     8.346     0.078     0.681     0.003     0.106     0.105    -0.001     0.166     0.000     0.298    -0.071     4.514     0.756    -0.004     0.118 

ddG: I75Y     9.431    -7.855     5.688     3.918     0.152     0.533    -0.002    -0.041     0.424     1.016     0.323     0.000     0.412     0.188     5.054     0.443     0.021    -0.844 

