ddG: description total fa_atr fa_rep fa_sol fa_intra_rep fa_elec pro_close hbond_sr_bb hbond_lr_bb hbond_bb_sc hbond_sc dslf_fa13 rama omega fa_dun p_aa_pp yhh_planarity ref 
ddG: E58A    -1.618     0.592     0.994    -3.505     0.001     0.608    -0.002    -0.283     0.070    -1.817     1.560     0.000     0.145    -0.297    -2.237     0.011    -0.041     2.586 

ddG: E58C     0.747     0.386    -0.136    -2.466    -0.007     0.907    -0.005    -0.320     0.119    -1.765     1.471     0.000     0.104    -0.256     0.066     0.376    -0.028     2.300 

ddG: E58D     2.352     0.373    -0.395    -0.152    -0.004     1.367    -0.004    -0.332     0.222    -1.331     1.369     0.000     0.032    -0.152     0.846     0.219    -0.027     0.322 

ddG: E58E    -0.469    -2.130     1.172     1.000     0.012     0.541    -0.007    -0.635     0.249    -1.120     0.455     0.000     0.104     0.135    -0.187    -0.057     0.001     0.000 

ddG: E58F     0.928    -3.520     0.862    -4.726     0.042     3.161    -0.002    -0.102     0.128     0.109     1.070     0.000    -0.007     0.895     0.460     0.198    -0.030     2.391 

ddG: E58G     1.280     3.148     0.084    -4.035    -0.009     1.191     0.001     0.115    -0.010    -0.752     1.138     0.000     0.385     0.004    -2.367     0.375    -0.029     2.041 

ddG: E58H     1.468    -2.984     0.410    -0.417     0.000     1.671     0.003     0.159    -0.065    -0.307     1.253     0.000     0.003     0.312    -1.013     0.170    -0.029     2.303 

ddG: E58H     1.389    -4.004     0.002     0.827    -0.003     1.047    -0.006    -0.342     0.099    -1.580     1.578     0.000    -0.067     0.065     1.198     0.299    -0.028     2.303 

ddG: E58I    -1.707    -1.181     2.906    -3.615     0.010     0.156    -0.012    -0.491     0.344    -1.537    -1.269     0.000     0.117     0.457    -0.708     0.257    -0.013     2.874 

ddG: E58K     1.596     0.256     1.087    -2.379     0.011     1.609    -0.002    -0.300     0.083    -1.145     1.594     0.000     0.230    -0.246    -0.772     0.088    -0.043     1.526 

ddG: E58L    -4.070    -0.472     2.050    -3.671    -0.027    -1.157    -0.005     0.038     0.099    -0.496    -1.897     0.000    -0.405     0.141    -1.403     0.413     0.124     2.598 

ddG: E58M    -0.827    -1.245     2.915    -1.918    -0.017    -1.020    -0.011    -0.323     0.107    -1.557    -1.050     0.000     0.124    -0.091     0.991     0.234    -0.029     2.063 

ddG: E58N    -0.058    -1.667    -0.217    -0.467    -0.003     0.614    -0.004    -0.334     0.181    -2.154     1.325     0.000     0.180    -0.139     1.525     0.390    -0.027     0.737 

ddG: E58P    -0.326    -0.090     1.783    -4.710     0.014     2.056     0.167    -0.280     0.330     0.654     1.674     0.000     0.363    -0.342    -2.801    -0.708    -0.043     1.608 

ddG: E58Q    -0.006    -1.884     1.040    -1.715     0.002     2.568    -0.008    -0.618     0.245    -0.910     0.604     0.000     0.164     0.297    -0.140    -0.074    -0.031     0.453 

ddG: E58R     2.028    -0.188     0.763    -1.551     0.010     1.788    -0.006    -0.302     0.061    -1.030     1.645     0.000     0.220    -0.216    -0.948     0.127    -0.037     1.692 

ddG: E58S     0.603    -1.428     0.208     1.217    -0.010     1.241     0.001     0.100    -0.074    -0.336     1.299     0.000    -0.039    -0.032    -3.620     0.019    -0.028     2.085 

ddG: E58T     0.463     1.929     0.108    -4.018     0.008     1.788     0.001     0.070     0.022    -0.130     1.061     0.000     0.204     0.007    -2.970     0.317    -0.006     2.070 

ddG: E58V    -0.730    -0.257     1.248    -4.478     0.025     2.396    -0.006    -0.553     0.239    -1.185     1.542     0.000     0.261     0.337    -3.200     0.138    -0.006     2.769 

ddG: E58W    -0.754   -10.005     4.174     1.526     0.022    -1.119    -0.011     0.186    -0.121    -1.887    -0.994     0.000    -0.075     0.347     4.115     0.125    -0.028     2.992 

ddG: E58Y     0.987    -5.957     3.809     0.247     0.018    -1.276    -0.010     0.046    -0.130    -1.846    -1.096     0.000     0.062     0.288     4.522     0.308    -0.029     2.031 

